083,a06-114-00-00 If
083,a06-114-00-01 we
083,a06-114-00-02 joined
083,a06-114-00-03 the
083,a06-114-00-04 Common
083,a06-114-00-05 Market
083,a06-114-00-07 our
083,a06-114-01-00 food
083,a06-114-01-02 would
083,a06-114-01-04 be
083,a06-114-02-01 by
083,a06-114-02-03 system
083,a06-114-02-04 of
083,a06-114-02-05 tariffs
083,a06-114-02-07 That
083,a06-114-03-00 will
083,a06-114-03-01 mean
083,a06-114-03-03 rise
083,a06-114-03-04 in
083,a06-114-03-05 the
083,a06-114-03-06 cost
083,a06-114-03-07 of
083,a06-114-03-08 living
083,a06-114-04-01 or
083,a06-114-04-02 no
083,a06-114-04-04 YOU
083,a06-114-04-05 are
083,a06-114-05-01 more
083,a06-114-05-02 as
083,a06-114-05-03 the
083,a06-114-05-04 summer
083,a06-114-05-05 holiday
083,a06-114-06-00 season
083,a06-114-06-01 moves
083,a06-114-06-02 into
083,a06-114-06-03 top
083,a06-114-06-04 gear
083,a06-114-07-00 On
083,a06-114-07-01 the
083,a06-114-07-02 eve
083,a06-114-07-03 of
083,a06-114-07-04 August
083,a06-114-07-05 Bank
083,a06-114-07-06 Holiday
083,a06-114-08-00 the
083,a06-114-08-02 spree
083,a06-114-08-03 is
083,a06-114-08-04 at
083,a06-114-08-06 new
083,a06-114-09-01 peak
