016,a01-091-00-00 The
016,a01-091-00-01 result
016,a01-091-00-02 of
016,a01-091-00-03 the
016,a01-091-00-04 vote
016,a01-091-00-05 was
016,a01-091-00-06 not
016,a01-091-00-07 in
016,a01-091-01-00 doubt
016,a01-091-01-02 For
016,a01-091-01-03 the
016,a01-091-01-04 Tories
016,a01-091-01-05 were
016,a01-091-01-06 massed
016,a01-091-02-00 in
016,a01-091-02-01 answer
016,a01-091-02-02 to
016,a01-091-02-03 their
016,a01-091-02-04 whips
016,a01-091-02-05 to
016,a01-091-02-06 defeat
016,a01-091-03-00 censure
016,a01-091-03-01 motion
016,a01-091-03-02 on
016,a01-091-03-03 the
016,a01-091-03-05 for
016,a01-091-04-02 the
016,a01-091-04-03 Health
016,a01-091-04-04 Service
016,a01-091-04-06 and
016,a01-091-05-00 placing
016,a01-091-05-01 heavy
016,a01-091-05-02 burdens
016,a01-091-05-03 on
016,a01-091-05-04 those
016,a01-091-05-05 least
016,a01-091-06-00 able
016,a01-091-06-01 to
016,a01-091-06-02 bear
016,a01-091-06-03 them
016,a01-091-06-06 Brown
016,a01-091-07-01 that
016,a01-091-07-02 the
016,a01-091-07-03 policy
016,a01-091-07-04 under
016,a01-091-07-05 censure
016,a01-091-08-00 was
016,a01-091-08-03 It
016,a01-091-08-04 had
016,a01-091-08-06 many
016,a01-091-09-00 people
016,a01-091-09-01 far
016,a01-091-09-02 beyond
016,a01-091-09-03 the
016,a01-091-09-04 ranks
016,a01-091-09-05 of
016,a01-091-09-06 Labour
016,a01-102-00-01 After
016,a01-102-00-04 of
016,a01-102-00-05 helping
016,a01-102-00-06 others
016,a01-102-00-07 and
016,a01-102-01-00 healing
016,a01-102-01-01 the
016,a01-102-01-02 sick
016,a01-102-01-04 my
016,a01-102-02-00 opinion
016,a01-102-02-01 is
016,a01-102-02-02 that
016,a01-102-02-03 anybody
016,a01-102-03-00 the
016,a01-102-03-02 charges
016,a01-102-03-03 is
016,a01-102-03-05 wicked
016,a01-102-04-00 old
016,a01-102-04-05 Brown
016,a01-102-04-06 went
016,a01-102-04-07 on
016,a01-102-04-10 We
016,a01-102-05-00 are
016,a01-102-05-01 dealing
016,a01-102-05-02 with
016,a01-102-05-04 noble
016,a01-102-05-05 edifice
016,a01-102-05-06 which
016,a01-102-06-00 needs
016,a01-102-06-01 an
016,a01-102-06-04 to
016,a01-102-07-00 improve
016,a01-102-07-01 it
016,a01-102-07-03 but
016,a01-102-07-04 it
016,a01-102-07-05 has
016,a01-102-07-06 got
016,a01-102-08-03 We
016,a01-102-08-04 have
016,a01-102-09-00 from
016,a01-102-09-01 the
016,a01-102-09-02 real
016,a01-102-09-04 to
016,a01-102-09-06 about
016,a01-102-10-00 with
016,a01-102-10-01 bills
016,a01-102-10-02 of
016,a01-102-10-03 cost
016,a01-077-00-00 And
016,a01-077-00-02 since
016,a01-077-00-03 this
016,a01-077-00-04 is
016,a01-077-00-06 year
016,a01-077-00-07 in
016,a01-077-00-08 West
016,a01-077-01-00 Germany
016,a01-077-01-04 is
016,a01-077-01-05 in
016,a01-077-01-07 tough
016,a01-077-02-00 spot
016,a01-077-02-02 Joyce
016,a01-077-02-04 cables
016,a01-077-03-00 Kennedy
016,a01-077-03-01 at
016,a01-077-03-02 his
016,a01-077-03-04 Press
016,a01-077-04-00 ference
016,a01-077-04-02 he
016,a01-077-04-03 did
016,a01-077-04-04 not
016,a01-077-04-05 know
016,a01-077-05-00 whether
016,a01-077-05-01 America
016,a01-077-05-02 was
016,a01-077-05-03 lagging
016,a01-077-05-04 behind
016,a01-077-06-00 Russia
016,a01-077-06-01 in
016,a01-077-06-02 missile
016,a01-077-06-03 power
016,a01-077-06-05 He
016,a01-077-06-06 said
016,a01-077-06-07 he
016,a01-077-07-00 was
016,a01-077-07-01 waiting
016,a01-077-07-02 for
016,a01-077-07-03 his
016,a01-077-07-04 senior
016,a01-077-08-00 aides
016,a01-077-08-01 to
016,a01-077-08-02 come
016,a01-077-08-03 up
016,a01-077-08-04 with
016,a01-077-08-05 the
016,a01-077-08-06 answer
016,a01-077-08-07 on
