184,d04-005-00-01 to
184,d04-005-00-02 the
184,d04-005-00-03 legend
184,d04-005-00-05 Solomon
184,d04-005-00-06 had
184,d04-005-00-07 asked
184,d04-005-00-08 the
184,d04-005-01-00 Prince
184,d04-005-01-01 of
184,d04-005-01-02 the
184,d04-005-01-03 Demons
184,d04-005-01-08 to
184,d04-005-01-09 bring
184,d04-005-01-10 him
184,d04-005-02-00 the
184,d04-005-02-01 Shamir
184,d04-005-02-02 and
184,d04-005-02-04 told
184,d04-005-02-05 him
184,d04-005-02-06 that
184,d04-005-02-07 the
184,d04-005-03-00 Shamir
184,d04-005-03-01 had
184,d04-005-03-02 not
184,d04-005-03-03 been
184,d04-005-03-04 placed
184,d04-005-03-05 under
184,d04-005-03-06 his
184,d04-005-03-07 charge
184,d04-005-03-09 as
184,d04-005-04-00 there
184,d04-005-04-01 is
184,d04-005-04-02 no
184,d04-005-04-03 Shamir
184,d04-005-04-04 in
184,d04-005-04-05 Gehenna
184,d04-005-04-07 Hell
184,d04-005-04-10 An
184,d04-005-04-11 eagle
184,d04-005-05-00 brought
184,d04-005-05-01 the
184,d04-005-05-02 Shamir
184,d04-005-05-03 to
184,d04-005-05-04 Solomon
184,d04-005-05-05 from
184,d04-005-05-06 Eden
184,d04-005-06-00 the
184,d04-005-06-03 the
184,d04-005-06-04 only
184,d04-005-06-05 place
184,d04-005-06-06 where
184,d04-005-06-07 the
184,d04-005-06-08 Shamir
184,d04-005-07-00 could
184,d04-005-07-01 be
184,d04-005-07-02 found
184,d04-008-00-00 The
184,d04-008-00-01 Talmud
184,d04-008-00-03 that
184,d04-008-00-04 the
184,d04-008-00-05 Shamir
184,d04-008-00-06 lives
184,d04-008-00-07 in
184,d04-008-01-03 and
184,d04-008-01-04 only
184,d04-008-01-05 some
184,d04-008-01-06 rare
184,d04-008-01-07 birds
184,d04-008-01-08 know
184,d04-008-02-00 the
184,d04-008-02-02 of
184,d04-008-02-03 it
184,d04-008-02-05 These
184,d04-008-02-06 birds
184,d04-008-02-07 are
184,d04-008-02-09 the
184,d04-008-03-00 and
184,d04-008-03-01 the
184,d04-008-03-04 We
184,d04-008-03-05 are
184,d04-008-03-06 also
184,d04-008-03-07 told
184,d04-008-03-08 that
184,d04-008-03-09 the
184,d04-008-03-10 Shamir
184,d04-008-04-00 is
184,d04-008-04-01 the
184,d04-008-04-02 stylus
184,d04-008-04-03 used
184,d04-008-04-04 by
184,d04-008-04-05 Moses
184,d04-008-04-07 and
184,d04-008-04-08 this
184,d04-008-04-09 stylus
184,d04-008-04-10 is
184,d04-008-05-00 as
184,d04-008-05-02 very
184,d04-008-05-05 and
184,d04-008-05-06 very
184,d04-008-05-07 adamant
