239,g04-003-00-02 said
239,g04-003-00-03 he
239,g04-003-00-04 would
239,g04-003-00-05 go
239,g04-003-00-06 for
239,g04-003-01-01 walk
239,g04-003-01-02 over
239,g04-003-01-03 the
239,g04-003-01-04 fields
239,g04-003-01-05 while
239,g04-003-01-06 we
239,g04-003-02-00 to
239,g04-003-02-01 our
239,g04-003-02-04 To
239,g04-003-02-05 my
239,g04-003-03-00 when
239,g04-003-03-01 we
239,g04-003-03-02 met
239,g04-003-03-03 at
239,g04-003-03-04 tea
239,g04-003-03-05 at
239,g04-003-03-06 the
239,g04-003-03-07 rectory
239,g04-003-04-00 after
239,g04-003-04-01 the
239,g04-003-04-04 the
239,g04-003-05-00 said
239,g04-003-05-01 he
239,g04-003-05-02 had
239,g04-003-05-03 been
239,g04-003-05-04 stopped
239,g04-003-05-05 by
239,g04-003-06-01 farmer
239,g04-003-06-02 in
239,g04-003-06-04 field
239,g04-003-06-06 He
239,g04-003-06-07 seemed
239,g04-003-07-00 rather
239,g04-003-07-03 but
239,g04-003-07-04 we
239,g04-003-07-05 took
239,g04-003-07-06 the
239,g04-003-08-00 episode
239,g04-003-08-01 without
239,g04-003-08-03 smile
239,g04-003-08-04 till
239,e04-083-00-00 The
239,e04-083-00-01 edges
239,e04-083-00-02 of
239,e04-083-00-03 the
239,e04-083-00-05 should
239,e04-083-00-06 be
239,e04-083-00-08 to
239,e04-083-01-01 to
239,e04-083-01-02 the
239,e04-083-01-03 sides
239,e04-083-01-04 and
239,e04-083-01-05 bottom
239,e04-083-01-06 of
239,e04-083-01-07 the
239,e04-083-01-08 boat
239,e04-083-02-01 forget
239,e04-083-02-02 to
239,e04-083-02-03 cut
239,e04-083-02-04 out
239,e04-083-02-05 on
239,e04-083-02-06 each
239,e04-083-02-07 side
239,e04-083-02-08 of
239,e04-083-02-09 each
239,e04-083-02-10 mould
239,e04-083-03-00 to
239,e04-083-03-01 allow
239,e04-083-03-02 for
239,e04-083-03-03 the
239,e04-083-03-04 chines
239,e04-083-03-05 to
239,e04-083-03-06 rest
239,e04-083-03-07 in
239,e04-083-03-08 these
239,e04-083-04-00 notches
239,e04-083-04-02 as
239,e04-083-04-03 they
239,e04-083-04-04 are
239,e04-083-04-05 not
239,e04-083-04-07 to
239,e04-083-04-08 the
239,e04-083-05-00 moulds
239,e04-083-05-02 which
239,e04-083-05-03 will
239,e04-083-05-04 only
239,e04-083-05-05 be
239,e04-083-05-06 used
239,e04-083-05-07 whilst
239,e04-083-06-00 the
239,e04-083-06-01 hull
239,e04-083-06-02 is
239,e04-083-06-03 under
239,h04-000-00-02 average
239,h04-000-00-03 net
239,h04-000-00-04 family
239,h04-000-00-05 income
239,h04-000-01-00 was
239,h04-000-01-02 higher
239,h04-000-01-03 in
239,h04-000-01-05 with
239,h04-000-02-00 several
239,h04-000-02-02 than
239,h04-000-02-03 in
239,h04-000-02-04 those
239,h04-000-02-05 with
239,h04-000-02-06 only
239,h04-000-03-00 many
239,h04-000-03-01 of
239,h04-000-03-02 which
239,h04-000-03-03 were
239,h04-000-04-00 of
239,h04-000-04-01 younger
239,h04-000-04-02 parents
239,h04-000-04-03 with
239,h04-000-04-04 lower
239,h04-000-05-00 and
239,h04-000-05-01 of
239,h04-000-05-02 course
239,h04-000-05-03 with
239,h04-000-05-04 lower
239,h04-000-05-05 tax
239,h04-000-05-06 reliefs
239,h04-000-05-07 and
239,h04-000-06-00 no
239,h04-000-06-01 family
239,h04-000-06-04 The
239,h04-000-06-05 rise
239,h04-000-06-06 in
239,h04-000-06-07 net
239,h04-000-06-08 family
239,h04-000-07-00 incomes
239,h04-000-07-01 between
239,h04-000-07-03 and
239,h04-000-07-05 was
239,h04-000-08-00 est
239,h04-000-08-01 for
239,h04-000-08-03 couples
239,h04-000-08-06 older
239,h04-000-09-00 couples
239,h04-000-09-03 because
239,h04-000-09-04 of
239,h04-000-09-05 the
239,k04-017-00-01 Are
239,k04-017-00-02 you
239,k04-017-00-06 Olimpia
239,k04-017-00-09 she
239,k04-017-01-00 asked
239,k04-017-01-01 idly
239,k04-017-01-03 tapping
239,k04-017-01-04 the
239,k04-017-01-06 cheek
239,k04-017-01-07 lightly
239,k04-017-01-08 with
239,k04-017-02-00 her
239,k04-017-02-01 fan
239,k04-017-02-03 in
239,k04-017-02-04 passing
239,k04-017-02-06 but
239,k04-017-02-07 she
239,k04-017-02-08 did
239,k04-017-02-09 not
239,k04-017-02-10 wait
239,k04-017-02-11 for
239,k04-017-03-00 the
239,k04-017-03-01 answer
239,k04-017-03-04 by
239,k04-017-03-05 vague
239,k04-017-03-08 she
239,k04-017-04-00 was
239,k04-017-04-02 whether
239,k04-017-04-03 Olimpia
239,k04-017-04-04 had
239,k04-017-04-05 been
239,k04-017-05-01 her
239,k04-017-05-02 talk
239,k04-017-05-03 with
239,k04-017-05-04 Orsini
239,k04-017-05-06 Surely
239,k04-017-05-07 she
239,k04-017-06-00 could
239,k04-017-06-01 not
239,k04-017-06-02 have
239,k04-017-06-05 they
239,k04-017-07-00 said
239,k04-017-07-06 her
239,k04-017-08-00 on
239,k04-017-08-01 that
239,k04-017-08-02 point
239,k04-017-08-04 for
239,k04-017-08-05 she
239,k04-017-08-06 was
239,k04-017-08-07 certain
239,k04-017-08-08 no
239,k04-017-08-09 one
239,k04-017-09-00 had
239,k04-017-09-01 been
239,k04-017-09-03 near
239,k04-017-09-04 them
