629,p03-163-00-01 But
629,p03-163-00-03 want
629,p03-163-00-04 it
629,p03-163-00-07 she
629,p03-163-00-11 It
629,p03-163-00-13 my
629,p03-163-00-14 ring
629,p03-163-01-01 You
629,p03-163-01-02 just
629,p03-163-01-03 gave
629,p03-163-01-04 it
629,p03-163-01-05 back
629,p03-163-01-06 to
629,p03-163-01-07 me
629,p03-163-02-03 was
629,p03-163-02-04 joking
629,p03-163-02-06 You
629,p03-163-02-07 know
629,p03-163-02-09 was
629,p03-163-03-00 joking
629,p03-163-03-02 Nigel
629,p03-163-03-06 You
629,p03-163-03-08 joke
629,p03-163-04-00 about
629,p03-163-04-01 serious
629,p03-163-04-02 things
629,p03-163-04-03 like
629,p03-163-05-02 be
629,p03-163-05-03 such
629,p03-163-05-05 baby
629,p03-163-05-08 They
629,p03-163-05-09 were
629,p03-163-05-10 going
629,p03-163-06-00 to
629,p03-163-06-01 have
629,p03-163-06-02 an
629,p03-163-06-03 open
629,p03-163-06-04 quarrel
629,p03-163-07-00 any
629,p03-163-07-01 minute
629,p03-163-07-03 and
629,p03-163-07-04 she
629,p03-163-07-05 knew
629,p03-163-07-06 it
