223,e02-074-00-00 But
223,e02-074-00-01 why
223,e02-074-00-03 in
223,e02-074-00-06 Well
223,e02-074-00-08 there
223,e02-074-01-00 are
223,e02-074-01-01 many
223,e02-074-01-02 reasons
223,e02-074-01-04 Wood
223,e02-074-01-05 is
223,e02-074-01-06 in
223,e02-074-01-07 good
223,e02-074-01-08 and
223,e02-074-02-00 common
223,e02-074-02-01 supply
223,e02-074-02-03 it
223,e02-074-02-04 lends
223,e02-074-02-05 itself
223,e02-074-02-06 to
223,e02-074-02-07 making
223,e02-074-03-01 useful
223,e02-074-03-03 items
223,e02-074-04-04 garden
223,e02-074-04-05 items
223,e02-074-04-07 toys
223,e02-074-05-00 it
223,e02-074-05-01 enables
223,e02-074-05-02 results
223,e02-074-05-03 to
223,e02-074-05-04 be
223,e02-074-05-06 fairly
223,e02-074-06-00 quickly
223,e02-074-06-02 it
223,e02-074-06-03 is
223,e02-074-06-04 less
223,e02-074-06-06 than
223,e02-074-06-07 most
223,e02-074-07-00 other
223,e02-074-07-03 it
223,e02-074-07-04 is
223,e02-074-08-00 to
223,e02-074-08-01 work
223,e02-074-08-02 with
223,e02-074-08-04 and
223,e02-074-08-07 it
223,e02-074-08-08 does
223,e02-074-09-00 create
223,e02-074-09-02 certain
223,e02-074-09-03 amount
223,e02-074-09-04 of
223,e02-074-09-05 mess
223,e02-074-09-07 it
223,e02-074-09-08 is
223,e02-074-10-00 all
223,e02-074-10-01 clean
223,e02-074-10-02 and
223,e02-074-10-03 easily
223,e02-074-10-04 cleared
223,e02-074-10-05 away
