565,n02-062-00-00 You
565,n02-062-00-01 made
565,n02-062-00-02 some
565,n02-062-00-03 sort
565,n02-062-00-04 of
565,n02-062-00-06 protest
565,n02-062-00-07 to
565,n02-062-01-02 give
565,n02-062-01-03 you
565,n02-062-01-04 credit
565,n02-062-01-05 for
565,n02-062-01-06 that
565,n02-062-01-08 But
565,n02-062-01-09 you
565,n02-062-01-11 press
565,n02-062-02-00 the
565,n02-062-02-01 matter
565,n02-062-02-02 because
565,n02-062-02-04 very
565,n02-062-02-07 you
565,n02-062-02-08 were
565,n02-062-03-03 company
565,n02-062-03-04 in
565,n02-062-04-00 idyllic
565,n02-062-04-05 How
565,n02-062-04-06 dare
565,n02-062-04-07 you
565,n02-062-04-08 say
565,n02-062-05-00 such
565,n02-062-05-02 thing
565,n02-062-05-05 she
565,n02-062-05-06 blazed
565,n02-062-05-09 For
565,n02-062-06-00 sake
565,n02-062-06-01 show
565,n02-062-06-03 glimmer
565,n02-062-06-04 of
565,n02-062-06-05 reason
565,n02-062-06-08 was
565,n02-062-06-09 his
565,n02-062-07-00 equally
