045,a03-020-00-00 Prince
045,a03-020-00-02 former
045,a03-020-00-04 of
045,a03-020-01-03 Quinim
045,a03-020-01-06 who
045,a03-020-02-00 claims
045,a03-020-02-01 to
045,a03-020-02-02 be
045,a03-020-02-03 his
045,a03-020-02-05 in
045,a03-020-03-00 Laos
045,a03-020-03-04 all
045,a03-020-04-00 of
045,a03-020-04-01 the
045,a03-020-04-03 forces
045,a03-020-05-01 the
045,a03-020-05-03 of
045,a03-020-05-04 Xieng
045,a03-020-06-00 Khouang
045,a03-020-06-01 and
045,a03-020-06-03 that
045,a03-020-07-00 Prince
045,a03-020-07-03 leader
045,a03-020-08-00 of
045,a03-020-08-01 the
045,a03-020-08-03 Neo
045,a03-020-08-04 Lao
045,a03-020-09-00 Haksat
045,a03-020-09-01 Party
045,a03-020-09-03 also
045,a03-020-09-04 to
045,a03-020-09-05 the
045,a03-020-10-00 in
045,a03-020-10-01 the
045,a03-020-10-02 same
045,a03-020-10-03 terms
