520,m02-048-00-00 Then
520,m02-048-00-01 he
520,m02-048-00-02 would
520,m02-048-00-03 go
520,m02-048-00-04 back
520,m02-048-00-05 to
520,m02-048-00-06 Plato
520,m02-048-00-07 for
520,m02-048-00-09 final
520,m02-048-00-10 spell
520,m02-048-00-11 of
520,m02-048-01-00 real
520,m02-048-01-01 days
520,m02-048-01-02 and
520,m02-048-01-03 would
520,m02-048-01-04 return
520,m02-048-01-05 to
520,m02-048-01-06 New
520,m02-048-01-07 York
520,m02-048-01-08 in
520,m02-048-01-09 late
520,m02-048-02-00 January
520,m02-048-02-01 or
520,m02-048-02-02 early
520,m02-048-02-06 might
520,m02-048-02-07 be
520,m02-048-03-00 little
520,m02-048-03-01 sorry
520,m02-048-03-02 if
520,m02-048-03-03 we
520,m02-048-03-04 were
520,m02-048-03-05 not
520,m02-048-03-06 back
520,m02-048-03-07 for
520,m02-048-04-00 as
520,m02-048-04-03 but
520,m02-048-04-04 he
520,m02-048-04-06 himself
520,m02-048-04-07 by
520,m02-048-05-01 that
520,m02-048-05-02 he
520,m02-048-05-03 and
520,m02-048-05-05 would
520,m02-048-05-06 have
520,m02-048-06-00 plenty
520,m02-048-06-01 of
520,m02-048-06-02 time
520,m02-048-06-04 in
520,m02-048-06-05 the
520,m02-048-06-06 future
520,m02-048-06-08 And
520,m02-048-07-00 Heaven
520,m02-048-07-01 alone
520,m02-048-07-02 knew
520,m02-048-07-03 when
520,m02-048-07-05 if
520,m02-048-07-06 ever
520,m02-048-07-08 he
520,m02-048-07-09 would
520,m02-048-07-10 be
520,m02-048-08-00 back
520,m02-048-08-01 on
520,m02-048-08-02 Moon
520,m02-048-08-03 again
520,m02-048-08-05 and
520,m02-048-08-06 able
520,m02-048-08-07 to
520,m02-048-08-08 do
520,m02-048-09-01 at
520,m02-048-09-02 first
520,m02-048-09-03 hand
520,m02-048-09-04 into
520,m02-048-09-05 matters
520,m02-048-09-06 on
520,m02-048-09-07 which
520,m02-048-10-00 the
520,m02-048-10-01 future
520,m02-048-10-02 of
