290,f07-046b-00-00 Among
290,f07-046b-00-01 the
290,f07-046b-00-02 natives
290,f07-046b-00-03 of
290,f07-046b-00-06 lizards
290,f07-046b-01-00 roasted
290,f07-046b-01-01 on
290,f07-046b-01-02 the
290,f07-046b-01-03 point
290,f07-046b-01-04 of
290,f07-046b-01-06 spear
290,f07-046b-01-07 are
290,f07-046b-02-02 while
290,f07-046b-02-04 peoples
290,f07-046b-02-05 have
290,f07-046b-03-00 high
290,f07-046b-03-01 opinion
290,f07-046b-03-02 of
290,f07-046b-03-03 the
290,f07-046b-03-04 octopus
290,f07-046b-03-05 as
290,f07-046b-03-06 an
290,f07-046b-03-07 article
290,f07-046b-03-08 of
290,f07-046b-03-09 diet
290,f07-046b-04-00 So
290,f07-046b-04-01 have
290,f07-046b-04-02 the
290,f07-046b-04-04 and
290,f07-046b-04-05 the
290,f07-046b-04-06 Chinese
290,f07-046b-04-08 The
290,f07-046b-05-02 apart
290,f07-046b-05-03 from
290,f07-046b-05-04 eating
290,f07-046b-05-05 it
290,f07-046b-05-06 fresh
290,f07-046b-05-08 squash
290,f07-046b-06-00 it
290,f07-046b-06-02 press
290,f07-046b-06-03 it
290,f07-046b-06-04 and
290,f07-046b-06-05 dry
290,f07-046b-06-06 it
290,f07-046b-06-08 in
290,f07-046b-06-09 which
290,f07-046b-06-10 form
290,f07-046b-06-12 dusted
290,f07-046b-07-00 over
290,f07-046b-07-01 with
290,f07-046b-07-02 flour
290,f07-046b-07-04 you
290,f07-046b-07-05 will
290,f07-046b-07-06 find
290,f07-046b-07-08 stack
290,f07-046b-07-09 of
290,f07-046b-07-10 it
290,f07-046b-08-00 in
290,f07-046b-08-01 almost
290,f07-046b-08-02 any
290,f07-046b-08-04 shop
