220,e02-018-00-01 glance
220,e02-018-00-02 at
220,e02-018-00-03 the
220,e02-018-00-04 gauge
220,e02-018-00-05 marks
220,e02-018-00-06 at
220,e02-018-00-07 the
220,e02-018-00-08 bottom
220,e02-018-01-00 end
220,e02-018-01-01 reveals
220,e02-018-01-02 when
220,e02-018-01-03 the
220,e02-018-01-05 amount
220,e02-018-02-00 has
220,e02-018-02-01 been
220,e02-018-02-02 removed
220,e02-018-02-04 and
220,e02-018-02-05 if
220,e02-018-02-06 care
220,e02-018-02-07 is
220,e02-018-02-08 taken
220,e02-018-03-00 to
220,e02-018-03-01 stop
220,e02-018-03-02 the
220,e02-018-03-03 plane
220,e02-018-03-04 short
220,e02-018-03-05 of
220,e02-018-03-06 the
220,e02-018-03-07 squared
220,e02-018-04-00 pencil
220,e02-018-04-01 line
220,e02-018-04-02 at
220,e02-018-04-03 the
220,e02-018-04-04 top
220,e02-018-04-06 the
220,e02-018-04-07 work
220,e02-018-04-08 will
220,e02-018-04-09 be
220,e02-018-05-02 The
220,e02-018-05-04 can
220,e02-018-05-05 be
220,e02-018-05-06 used
220,e02-018-06-00 to
220,e02-018-06-01 test
220,e02-018-06-02 the
220,e02-018-06-04 of
220,e02-018-06-05 the
220,e02-018-06-06 sides
