529,m02-083-00-00 Peron
529,m02-083-00-01 entered
529,m02-083-00-04 large
529,m02-083-00-05 man
529,m02-083-00-07 who
529,m02-083-00-08 had
529,m02-083-00-09 once
529,m02-083-00-10 been
529,m02-083-01-01 but
529,m02-083-01-02 was
529,m02-083-01-03 now
529,m02-083-02-00 from
529,m02-083-02-03 In
529,m02-083-02-04 the
529,m02-083-02-07 he
529,m02-083-03-00 wore
529,m02-083-03-02 and
529,m02-083-03-03 kept
529,m02-083-03-04 on
529,m02-083-03-05 indoors
529,m02-083-03-08 fifty
529,m02-083-03-09 gallon
529,m02-083-03-10 hat
529,m02-083-03-12 Harry
529,m02-083-03-13 was
529,m02-083-04-01 for
529,m02-083-04-05 for
529,m02-083-04-06 this
529,m02-083-04-07 was
529,m02-083-05-00 the
529,m02-083-05-01 Senator
529,m02-083-05-02 who
529,m02-083-05-03 had
529,m02-083-05-04 annoyed
529,m02-083-05-05 the
529,m02-083-05-06 United
529,m02-083-05-07 States
529,m02-083-06-00 by
529,m02-083-06-02 how
529,m02-083-06-03 he
529,m02-083-06-04 had
529,m02-083-06-05 once
529,m02-083-06-06 won
529,m02-083-06-08 trick
529,m02-083-06-09 from
529,m02-083-07-01 by
529,m02-083-07-03 to
529,m02-083-07-04 loose
529,m02-083-07-05 off
529,m02-083-07-06 one
529,m02-083-07-07 of
529,m02-083-07-08 his
529,m02-083-08-00 rockets
529,m02-083-08-02 an
529,m02-083-08-04 which
529,m02-083-08-05 would
529,m02-083-08-07 help
529,m02-083-09-00 bluff
529,m02-083-09-01 to
529,m02-083-09-02 succeed
529,m02-083-09-03 the
529,m02-083-09-04 next
529,m02-083-09-05 time
529,m02-083-09-07 and
529,m02-083-09-09 lately
529,m02-083-09-11 by
529,m02-083-10-00 saying
529,m02-083-10-01 that
529,m02-083-10-02 if
529,m02-083-10-03 Mo
529,m02-083-10-05 had
529,m02-083-10-06 to
529,m02-083-10-07 come
529,m02-083-10-08 to
529,m02-083-10-09 the
529,m02-083-10-10 aid
529,m02-083-11-00 of
529,m02-083-11-01 the
529,m02-083-11-04 in
529,m02-083-11-05 the
529,m02-083-11-06 Panama
529,m02-083-11-07 region
