287,f07-013-00-00 The
287,f07-013-00-01 truth
287,f07-013-00-02 is
287,f07-013-00-03 that
287,f07-013-00-04 good
287,f07-013-00-05 food
287,f07-013-00-06 offers
287,f07-013-01-01 of
287,f07-013-01-03 almost
287,f07-013-02-01 in
287,f07-013-02-02 its
287,f07-013-02-03 variety
287,f07-013-02-04 and
287,f07-013-02-05 its
287,f07-013-03-00 tation
287,f07-013-03-01 affords
287,f07-013-03-02 an
287,f07-013-03-04 of
287,f07-013-04-00 showing
287,f07-013-04-02 guest
287,f07-013-04-04 of
287,f07-013-05-00 It
287,f07-013-05-01 is
287,f07-013-05-03 far
287,f07-013-05-04 enough
287,f07-013-05-05 cry
287,f07-013-05-06 from
287,f07-013-05-07 the
287,f07-013-06-01 of
287,f07-013-06-03 simpler
287,f07-013-06-04 world
287,f07-013-06-05 to
287,f07-013-06-06 the
287,f07-013-07-01 of
287,f07-013-07-02 later
287,f07-013-07-03 days
287,f07-013-07-05 when
287,f07-013-07-06 the
287,f07-013-07-07 table
287,f07-013-08-00 groaned
287,f07-013-08-01 under
287,f07-013-08-02 its
287,f07-013-08-03 load
287,f07-013-08-04 of
287,f07-013-09-00 dishes
287,f07-013-09-02 and
287,f07-013-09-03 for
287,f07-013-09-04 all
287,f07-013-09-05 the
287,f07-013-09-07 of
287,f07-013-09-08 the
287,f07-013-10-00 arts
287,f07-013-10-01 around
287,f07-013-10-02 them
287,f07-013-10-03 the
287,f07-013-10-04 diners
287,f07-013-10-05 were
287,f07-013-10-06 little
287,f07-016-00-00 There
287,f07-016-00-01 was
287,f07-016-00-02 always
287,f07-016-00-03 the
287,f07-016-00-04 spice
287,f07-016-00-05 of
287,f07-016-00-06 an
287,f07-016-00-07 orgy
287,f07-016-01-00 in
287,f07-016-01-01 those
287,f07-016-01-02 Roman
287,f07-016-01-03 feasts
287,f07-016-01-05 for
287,f07-016-01-08 with
287,f07-016-02-00 all
287,f07-016-02-01 their
287,f07-016-02-03 and
287,f07-016-03-00 tongues
287,f07-016-03-03 surfeit
287,f07-016-03-05 too
287,f07-016-03-07 in
287,f07-016-03-08 the
287,f07-016-04-01 fashion
287,f07-016-04-02 of
287,f07-016-04-03 eating
287,f07-016-04-04 brought
287,f07-016-05-00 out
287,f07-016-05-01 of
287,f07-016-05-02 Italy
287,f07-016-05-03 into
287,f07-016-05-04 France
287,f07-016-05-06 we
287,f07-016-05-07 are
287,f07-016-05-08 told
287,f07-016-06-00 by
287,f07-016-06-02 de
287,f07-016-06-03 Medici
287,f07-016-06-05 The
287,f07-016-06-06 peasant
287,f07-016-06-07 in
287,f07-016-07-00 those
287,f07-016-07-01 days
287,f07-016-07-03 as
287,f07-016-07-04 ever
287,f07-016-07-06 ate
287,f07-016-07-09 but
287,f07-016-08-01 enough
287,f07-016-08-02 in
287,f07-016-08-03 his
287,f07-016-08-04 own
287,f07-016-08-05 fashion
287,f07-016-09-00 save
287,f07-016-09-01 at
287,f07-016-09-02 feast
287,f07-016-09-03 times
287,f07-016-09-05 when
287,f07-016-09-06 he
287,f07-016-09-08 too
287,f07-016-09-10 let
287,f07-016-10-00 himself
287,f07-016-10-01 go
287,f07-016-10-03 and
287,f07-016-10-04 it
287,f07-016-10-05 was
287,f07-016-10-06 from
287,f07-016-10-07 his
287,f07-016-10-08 simpler
287,f07-019b-00-01 and
287,f07-019b-00-04 sated
287,f07-019b-00-05 by
287,f07-019b-00-06 the
287,f07-019b-01-02 of
287,f07-019b-01-03 dishes
287,f07-019b-01-04 from
287,f07-019b-01-05 those
287,f07-019b-02-00 mammoth
287,f07-019b-02-02 of
287,f07-019b-02-03 the
287,f07-019b-02-05 century
287,f07-019b-03-00 that
287,f07-019b-03-01 amazing
287,f07-019b-03-02 epoch
287,f07-019b-03-03 of
287,f07-019b-03-05 and
287,f07-019b-04-02 sought
287,f07-019b-04-04 at
287,f07-019b-04-05 last
287,f07-019b-04-06 from
287,f07-019b-05-00 the
287,f07-019b-05-01 dishes
287,f07-019b-05-02 of
287,f07-019b-05-03 the
287,f07-019b-05-04 country
287,f07-019b-05-06 and
287,f07-019b-05-08 instead
287,f07-019b-06-00 of
287,f07-019b-06-01 gorging
287,f07-019b-06-02 the
287,f07-019b-06-03 eye
287,f07-019b-06-04 with
287,f07-019b-07-00 began
287,f07-019b-07-01 to
287,f07-019b-07-03 the
287,f07-019b-07-04 value
287,f07-019b-07-05 of
287,f07-019b-08-02 and
287,f07-019b-09-02 though
287,f07-019b-09-04 their
287,f07-019b-10-01 meals
287,f07-019b-10-02 would
287,f07-019b-10-03 seem
287,f07-019b-10-04 quite
287,f07-021b-00-00 Does
287,f07-021b-00-01 one
287,f07-021b-00-03 however
287,f07-021b-00-05 know
287,f07-021b-00-06 who
287,f07-021b-00-07 first
287,f07-021b-00-08 thought
287,f07-021b-01-00 of
287,f07-021b-01-01 boiling
287,f07-021b-01-02 water
287,f07-021b-01-03 and
287,f07-021b-01-04 food
287,f07-021b-01-06 The
287,f07-021b-01-07 ancient
287,f07-021b-02-00 Britons
287,f07-021b-02-03 believe
287,f07-021b-02-05 used
287,f07-021b-02-06 to
287,f07-021b-02-07 make
287,f07-021b-02-08 water
287,f07-021b-02-09 hot
287,f07-021b-03-00 by
287,f07-021b-03-04 poker
287,f07-021b-03-05 into
287,f07-021b-03-06 it
287,f07-021b-04-00 because
287,f07-021b-04-01 their
287,f07-021b-04-02 pots
287,f07-021b-04-03 would
287,f07-021b-04-04 not
287,f07-021b-04-05 stand
287,f07-021b-04-06 fire
287,f07-021b-05-00 but
287,f07-021b-05-01 Jacob
287,f07-021b-05-02 must
287,f07-021b-05-03 have
287,f07-021b-05-04 had
287,f07-021b-05-05 one
287,f07-021b-05-06 that
287,f07-021b-06-00 would
287,f07-021b-06-02 because
287,f07-021b-06-03 Esau
287,f07-021b-06-04 sold
287,f07-021b-06-05 his
287,f07-021b-07-00 to
287,f07-021b-07-01 him
287,f07-021b-07-02 for
287,f07-021b-07-04 mess
287,f07-021b-07-05 of
287,f07-021b-07-06 pottage
287,f07-021b-07-08 and
287,f07-021b-07-09 then
287,f07-021b-08-00 we
287,f07-021b-08-01 hear
287,f07-021b-08-02 of
287,f07-021b-08-03 the
287,f07-021b-08-05 of
287,f07-021b-08-06 Egypt
287,f07-021b-09-00 after
287,f07-021b-09-01 which
287,f07-021b-09-02 the
287,f07-021b-09-04 sighed
287,f07-024b-00-00 Anyhow
287,f07-024b-00-02 Homer
287,f07-024b-00-03 does
287,f07-024b-00-04 not
287,f07-024b-00-05 seem
287,f07-024b-00-06 to
287,f07-024b-00-07 have
287,f07-024b-01-00 known
287,f07-024b-01-01 any
287,f07-024b-01-02 way
287,f07-024b-01-03 of
287,f07-024b-01-04 cooking
287,f07-024b-01-05 meat
287,f07-024b-02-00 except
287,f07-024b-02-01 by
287,f07-024b-02-03 and
287,f07-024b-02-04 boiling
287,f07-024b-02-06 When
287,f07-024b-03-01 gave
287,f07-024b-03-03 royal
287,f07-024b-03-04 feast
287,f07-024b-03-05 the
287,f07-024b-04-00 dish
287,f07-024b-04-01 was
287,f07-024b-04-03 grill
287,f07-024b-04-05 which
287,f07-024b-04-06 he
287,f07-024b-04-07 cooked
287,f07-024b-04-08 himself
287,f07-024b-05-00 and
287,f07-024b-05-01 he
287,f07-024b-05-02 knew
287,f07-024b-05-03 how
287,f07-024b-05-04 to
287,f07-024b-05-05 do
287,f07-024b-05-06 it
287,f07-024b-05-08 too
287,f07-024b-05-11 When
287,f07-024b-05-12 the
287,f07-024b-06-00 languid
287,f07-024b-06-01 flames
287,f07-024b-06-02 at
287,f07-024b-06-03 length
287,f07-024b-06-04 subside
287,f07-024b-06-06 He
287,f07-024b-07-00 throws
287,f07-024b-07-02 bed
287,f07-024b-07-03 of
287,f07-024b-07-04 glowing
287,f07-024b-07-05 embers
287,f07-024b-07-06 wide
287,f07-024b-08-00 Above
287,f07-024b-08-01 the
287,f07-024b-08-02 coals
287,f07-024b-08-03 the
287,f07-024b-08-04 smoking
287,f07-024b-09-00 turns
287,f07-024b-09-02 And
287,f07-024b-09-04 sacred
287,f07-024b-09-05 salt
287,f07-024b-10-00 from
287,f07-024b-10-01 lifted
287,f07-024b-10-02 urns
