019,a01-117-00-00 In
019,a01-117-00-01 fact
019,a01-117-00-03 the
019,a01-117-00-04 Tories
019,a01-117-00-05 made
019,a01-117-00-06 it
019,a01-117-00-07 worse
019,a01-117-00-08 now
019,a01-117-00-09 for
019,a01-117-00-10 the
019,a01-117-00-11 sick
019,a01-117-00-12 and
019,a01-117-01-00 needy
019,a01-117-01-01 than
019,a01-117-01-02 Labour
019,a01-117-01-03 had
019,a01-117-01-04 to
019,a01-117-01-05 make
019,a01-117-01-06 it
019,a01-117-01-07 in
019,a01-117-01-10 And
019,a01-117-02-00 as
019,a01-117-02-03 of
019,a01-117-02-04 social
019,a01-117-02-05 service
019,a01-117-03-00 health
019,a01-117-03-01 had
019,a01-117-03-02 fallen
019,a01-117-03-03 from
019,a01-117-03-05 to
019,a01-117-03-07 per
019,a01-117-04-00 Then
019,a01-117-04-02 Brown
019,a01-117-04-03 swung
019,a01-117-04-04 his
019,a01-117-04-05 attack
019,a01-117-04-07 to
019,a01-117-04-08 the
019,a01-117-05-04 He
019,a01-117-05-06 that
019,a01-117-05-07 instead
019,a01-117-06-00 of
019,a01-117-06-01 taking
019,a01-117-06-02 it
019,a01-117-06-03 out
019,a01-117-06-04 of
019,a01-117-06-05 the
019,a01-117-06-08 Powell
019,a01-117-06-09 should
019,a01-117-07-00 take
019,a01-117-07-02 action
019,a01-117-07-03 against
019,a01-117-07-04 the
019,a01-117-07-05 drug
019,a01-117-07-06 making
019,a01-117-08-02 whose
019,a01-117-08-03 profits
019,a01-117-08-04 had
019,a01-117-08-05 risen
019,a01-117-08-06 by
019,a01-117-08-07 up
019,a01-117-08-08 to
019,a01-117-09-00 per
019,a01-117-09-02 in
019,a01-117-09-03 the
019,a01-117-09-04 last
019,a01-117-09-05 eight
019,a01-117-09-06 years
019,a01-122-00-02 Powell
019,a01-122-00-03 finds
019,a01-122-00-04 it
019,a01-122-00-05 easier
019,a01-122-00-06 to
019,a01-122-00-07 take
019,a01-122-00-08 it
019,a01-122-00-09 out
019,a01-122-00-10 of
019,a01-122-00-11 mothers
019,a01-122-01-01 and
019,a01-122-01-02 sick
019,a01-122-01-03 people
019,a01-122-01-04 than
019,a01-122-01-05 to
019,a01-122-01-06 take
019,a01-122-01-07 on
019,a01-122-01-08 this
019,a01-122-01-09 vast
019,a01-122-02-04 Brown
019,a01-122-02-06 icily
019,a01-122-02-09 Let
019,a01-122-02-10 us
019,a01-122-02-11 have
019,a01-122-03-00 full
019,a01-122-03-01 inquiry
019,a01-122-03-02 into
019,a01-122-03-03 the
019,a01-122-03-04 cost
019,a01-122-03-05 of
019,a01-122-03-06 drugs
019,a01-122-03-07 and
019,a01-122-03-08 the
019,a01-122-04-03 The
019,a01-122-04-04 health
019,a01-122-04-05 of
019,a01-122-04-07 today
019,a01-122-04-08 owed
019,a01-122-04-09 much
019,a01-122-05-00 to
019,a01-122-05-01 the
019,a01-122-05-02 welfare
019,a01-122-05-03 food
019,a01-122-05-04 scheme
019,a01-122-05-06 It
019,a01-122-05-07 was
019,a01-122-06-00 during
019,a01-122-06-01 the
019,a01-122-06-02 war
019,a01-122-06-04 Now
019,a01-122-06-05 in
019,a01-122-06-07 of
019,a01-122-06-08 Tory
019,a01-122-07-01 it
019,a01-122-07-02 seemed
019,a01-122-07-03 it
019,a01-122-07-04 could
019,a01-122-07-05 not
019,a01-122-07-06 be
019,a01-122-07-07 carried
019,a01-122-07-08 on
019,a01-128-00-00 When
019,a01-128-00-02 Brown
019,a01-128-00-03 sat
019,a01-128-00-04 down
019,a01-128-00-05 Labour
019,a01-128-00-07 cheered
019,a01-128-00-08 for
019,a01-128-01-01 full
019,a01-128-01-02 minute
019,a01-128-01-04 and
019,a01-128-01-05 even
019,a01-128-01-06 his
019,a01-128-02-00 on
019,a01-128-02-01 defence
019,a01-128-02-02 joined
019,a01-128-02-03 in
019,a01-128-02-06 Powell
019,a01-128-02-07 devoted
019,a01-128-02-08 half
019,a01-128-02-09 his
019,a01-128-02-10 speech
019,a01-128-03-00 to
019,a01-128-03-01 giving
019,a01-128-03-02 details
019,a01-128-03-03 of
019,a01-128-03-04 plans
019,a01-128-03-05 for
019,a01-128-03-07 the
019,a01-128-03-09 service
019,a01-128-04-00 on
019,a01-128-04-01 which
019,a01-128-04-02 indeed
019,a01-128-04-03 the
019,a01-128-04-05 is
019,a01-128-04-06 making
019,a01-128-05-00 His
019,a01-128-05-01 basic
019,a01-128-05-02 defence
019,a01-128-05-03 of
019,a01-128-05-04 the
019,a01-128-05-05 Health
019,a01-128-05-06 Service
019,a01-128-05-07 cuts
019,a01-128-05-08 was
019,a01-128-05-09 that
019,a01-128-06-01 even
019,a01-128-06-02 after
019,a01-128-06-03 the
019,a01-128-06-05 changes
019,a01-128-06-06 the
019,a01-128-06-07 net
019,a01-128-06-08 cost
019,a01-128-06-09 of
019,a01-128-06-10 the
019,a01-128-07-00 service
019,a01-128-07-01 to
019,a01-128-07-02 the
019,a01-128-07-04 will
019,a01-128-07-05 have
019,a01-128-07-07 over
019,a01-128-08-00 three
019,a01-128-08-01 years
019,a01-128-08-02 by
019,a01-128-08-04 per
