264,f02-040-00-00 As
264,f02-040-00-02 result
264,f02-040-00-04 the
264,f02-040-00-05 Glasgow
264,f02-040-00-07 Council
264,f02-040-00-08 came
264,f02-040-01-00 into
264,f02-040-01-01 being
264,f02-040-01-02 in
264,f02-040-01-03 April
264,f02-040-01-07 with
264,f02-040-01-09 Andrew
264,f02-040-01-10 Hood
264,f02-040-01-11 as
264,f02-040-02-01 and
264,f02-040-02-03 Andrew
264,f02-040-02-05 as
264,f02-040-02-08 The
264,f02-040-03-00 Council
264,f02-040-03-01 has
264,f02-040-03-02 active
264,f02-040-03-04 on
264,f02-040-03-06 and
264,f02-040-04-01 for
264,f02-040-04-04 and
264,f02-040-04-05 on
264,f02-040-05-00 Centres
264,f02-040-05-02 The
264,f02-040-05-03 former
264,f02-040-05-05 of
264,f02-040-05-07 from
264,f02-040-06-00 the
264,f02-040-06-01 Glasgow
264,f02-040-06-03 Further
264,f02-040-07-00 the
264,f02-040-07-05 the
264,f02-040-08-03 and
264,f02-040-09-00 of
264,f02-040-09-04 and
264,f02-040-09-05 social
264,f02-040-09-06 science
