240,k04-022-00-00 However
240,k04-022-00-04 in
240,k04-022-00-05 the
240,k04-022-00-07 look
240,k04-022-01-00 put
240,k04-022-01-02 on
240,k04-022-01-03 guard
240,k04-022-01-06 Santa
240,k04-022-01-07 Maria
240,k04-022-01-09 These
240,k04-022-01-10 spying
240,k04-022-02-00 eyes
240,k04-022-02-03 she
240,k04-022-02-04 thought
240,k04-022-02-08 Doria
240,k04-022-02-09 was
240,k04-022-03-01 on
240,k04-022-03-02 the
240,k04-022-03-03 way
240,k04-022-03-05 to
240,k04-022-03-06 point
240,k04-022-03-07 out
240,k04-022-03-09 with
240,k04-022-03-11 pride
240,k04-022-04-00 objects
240,k04-022-04-01 of
240,k04-022-04-02 beauty
240,k04-022-04-03 or
240,k04-022-04-08 on
240,k04-022-04-09 the
240,k04-022-05-00 fringe
240,k04-022-05-01 of
240,k04-022-05-02 the
240,k04-022-05-03 party
240,k04-022-05-05 caught
240,k04-022-05-07 of
240,k04-022-05-08 this
240,k04-022-06-02 which
240,k04-022-06-03 held
240,k04-022-06-04 no
240,k04-022-06-06 for
240,k04-022-06-07 her
240,k04-022-07-02 now
240,k04-022-07-03 this
240,e04-086-00-00 The
240,e04-086-00-01 chine
240,e04-086-00-02 is
240,e04-086-00-03 the
240,e04-086-00-04 long
240,e04-086-00-06 on
240,e04-086-00-07 each
240,e04-086-00-08 side
240,e04-086-00-09 which
240,e04-086-01-00 is
240,e04-086-01-01 joined
240,e04-086-01-02 to
240,e04-086-01-03 both
240,e04-086-01-05 and
240,e04-086-01-06 lies
240,e04-086-01-07 in
240,e04-086-01-08 the
240,e04-086-01-09 grooves
240,e04-086-02-00 cut
240,e04-086-02-01 in
240,e04-086-02-02 the
240,e04-086-02-03 moulds
240,e04-086-02-05 Each
240,e04-086-02-06 chine
240,e04-086-02-07 is
240,e04-086-02-08 made
240,e04-086-02-09 of
240,e04-086-02-10 oak
240,e04-086-03-00 ash
240,e04-086-03-02 spruce
240,e04-086-03-03 or
240,e04-086-03-04 any
240,e04-086-03-05 long
240,e04-086-03-06 grained
240,e04-086-03-08 wood
240,e04-086-04-00 prefer
240,e04-086-04-01 spruce
240,e04-086-04-02 when
240,e04-086-04-05 As
240,e04-086-04-06 will
240,e04-086-04-07 be
240,e04-086-04-08 seen
240,e04-086-05-00 in
240,e04-086-05-01 the
240,e04-086-05-02 plan
240,e04-086-05-04 the
240,e04-086-05-06 have
240,e04-086-05-08 frame
240,e04-086-05-11 by
240,e04-086-06-00 on
240,e04-086-06-01 each
240,e04-086-06-02 side
