617,p03-029-00-00 Now
617,p03-029-00-01 Nigel
617,p03-029-00-02 had
617,p03-029-00-03 every
617,p03-029-00-04 right
617,p03-029-00-05 to
617,p03-029-00-06 go
617,p03-029-00-07 where
617,p03-029-00-08 he
617,p03-029-01-00 liked
617,p03-029-01-01 during
617,p03-029-01-02 his
617,p03-029-01-04 periods
617,p03-029-02-00 when
617,p03-029-02-01 she
617,p03-029-02-02 was
617,p03-029-02-03 not
617,p03-029-02-04 free
617,p03-029-02-06 this
617,p03-029-02-07 much
617,p03-029-02-08 they
617,p03-029-02-09 had
617,p03-029-03-01 one
617,p03-029-03-02 to
617,p03-029-03-03 the
617,p03-029-03-04 other
617,p03-029-03-06 They
617,p03-029-03-07 rarely
617,p03-029-04-00 found
617,p03-029-04-01 they
617,p03-029-04-02 were
617,p03-029-04-03 off
617,p03-029-04-04 duty
617,p03-029-04-07 and
617,p03-029-05-00 the
617,p03-029-05-02 would
617,p03-029-05-03 have
617,p03-029-05-04 been
617,p03-029-06-00 had
617,p03-029-06-01 there
617,p03-029-06-02 not
617,p03-029-06-03 been
617,p03-029-06-04 some
617,p03-029-06-05 give
617,p03-029-06-06 and
617,p03-029-06-07 take
617,p03-029-07-00 about
617,p03-029-07-01 their
617,p03-029-07-04 So
617,p03-029-07-05 when
617,p03-029-07-06 Nigel
617,p03-029-08-00 had
617,p03-029-08-01 told
617,p03-029-08-02 her
617,p03-029-08-03 about
617,p03-029-08-04 taking
617,p03-029-09-00 evening
617,p03-029-09-01 surgery
617,p03-029-09-02 she
617,p03-029-09-03 had
617,p03-029-09-04 said
