203,d06-003-00-00 Even
203,d06-003-00-01 worse
203,d06-003-00-02 is
203,d06-003-00-03 to
203,d06-003-00-04 laugh
203,d06-003-00-07 damage
203,d06-003-00-08 may
203,d06-003-00-09 be
203,d06-003-00-10 done
203,d06-003-00-11 to
203,d06-003-00-13 child
203,d06-003-01-00 by
203,d06-003-01-02 at
203,d06-003-01-03 what
203,d06-003-01-04 are
203,d06-003-01-05 very
203,d06-003-01-06 real
203,d06-003-01-07 fears
203,d06-003-01-09 As
203,d06-003-01-10 adults
203,d06-003-01-12 we
203,d06-003-01-13 know
203,d06-003-02-00 that
203,d06-003-02-01 their
203,d06-003-02-02 fears
203,d06-003-02-03 are
203,d06-003-02-06 indeed
203,d06-003-02-07 to
203,d06-003-02-08 us
203,d06-003-02-09 they
203,d06-003-02-10 appear
203,d06-003-03-00 but
203,d06-003-03-01 to
203,d06-003-03-03 child
203,d06-003-03-04 they
203,d06-003-03-05 are
203,d06-003-03-06 very
203,d06-003-03-07 real
203,d06-003-03-09 Not
203,d06-003-03-10 that
203,d06-003-03-12 am
203,d06-003-04-00 that
203,d06-003-04-02 should
203,d06-003-04-03 be
203,d06-003-04-06 they
203,d06-003-04-07 must
203,d06-003-04-08 be
203,d06-003-04-09 made
203,d06-003-05-00 to
203,d06-003-05-01 face
203,d06-003-05-02 their
203,d06-003-05-03 fears
203,d06-003-05-05 to
203,d06-003-05-06 see
203,d06-003-05-07 through
203,d06-003-05-08 them
203,d06-003-05-09 and
203,d06-003-05-10 come
203,d06-003-05-11 out
203,d06-003-05-12 on
203,d06-003-05-13 the
203,d06-003-06-00 other
203,d06-003-06-01 side
203,d06-003-06-02 as
203,d06-003-06-03 victors
203,d06-076-00-00 Can
203,d06-076-00-01 we
203,d06-076-00-02 then
203,d06-076-00-03 frame
203,d06-076-00-04 some
203,d06-076-00-06 rules
203,d06-076-00-08 which
203,d06-076-00-09 may
203,d06-076-00-10 enable
203,d06-076-00-11 us
203,d06-076-00-12 to
203,d06-076-00-13 live
203,d06-076-00-14 life
203,d06-076-01-00 as
203,d06-076-01-01 fully
203,d06-076-01-02 as
203,d06-076-01-05 without
203,d06-076-01-06 having
203,d06-076-01-07 our
203,d06-076-01-08 energy
203,d06-076-01-09 sapped
203,d06-076-01-10 by
203,d06-076-02-06 Order
203,d06-076-02-07 makes
203,d06-076-02-08 for
203,d06-076-02-11 in
203,d06-076-03-00 We
203,d06-076-03-01 have
203,d06-076-03-03 saying
203,d06-076-03-05 My
203,d06-076-03-06 head
203,d06-076-03-07 will
203,d06-076-03-08 never
203,d06-076-03-09 save
203,d06-076-03-10 my
203,d06-076-03-11 feet
203,d06-076-03-14 Time
203,d06-076-04-00 after
203,d06-076-04-01 time
203,d06-076-04-02 we
203,d06-076-04-03 forget
203,d06-076-04-05 and
203,d06-076-04-06 have
203,d06-076-04-07 to
203,d06-076-04-08 go
203,d06-076-04-09 back
203,d06-076-05-01 or
203,d06-076-05-02 down
203,d06-076-05-03 to
203,d06-076-05-04 the
203,d06-076-05-05 shops
203,d06-111-00-01 would
203,d06-111-00-02 not
203,d06-111-00-03 want
203,d06-111-00-04 to
203,d06-111-00-05 either
203,d06-111-00-07 but
203,d06-111-00-08 if
203,d06-111-00-09 she
203,d06-111-00-10 wants
203,d06-111-00-11 to
203,d06-111-00-12 get
203,d06-111-00-13 through
203,d06-111-01-00 the
203,d06-111-01-01 day
203,d06-111-01-02 without
203,d06-111-01-06 she
203,d06-111-01-07 will
203,d06-111-01-08 be
203,d06-111-01-09 well
203,d06-111-01-10 advised
203,d06-111-01-11 to
203,d06-111-02-00 sit
203,d06-111-02-01 down
203,d06-111-02-02 quietly
203,d06-111-02-03 and
203,d06-111-02-04 make
203,d06-111-02-06 list
203,d06-111-02-07 of
203,d06-111-02-09 she
203,d06-111-02-10 has
203,d06-111-02-11 got
203,d06-111-02-12 to
203,d06-111-03-00 do
203,d06-111-03-02 note
203,d06-111-03-03 the
203,d06-111-03-04 order
203,d06-111-03-05 in
203,d06-111-03-06 which
203,d06-111-03-07 they
203,d06-111-03-08 can
203,d06-111-03-09 most
203,d06-111-03-11 be
203,d06-111-04-00 done
203,d06-111-04-02 or
203,d06-111-04-03 must
203,d06-111-04-04 be
203,d06-111-04-05 done
203,d06-111-04-06 because
203,d06-111-04-07 of
203,d06-111-04-08 other
203,d06-111-04-10 factors
203,d06-111-05-01 you
203,d06-111-05-02 must
203,d06-111-05-04 for
203,d06-111-05-05 example
203,d06-111-05-07 do
203,d06-111-05-08 your
203,d06-111-05-10 on
203,d06-111-05-11 the
203,d06-111-05-12 morning
203,d06-111-05-13 of
203,d06-111-06-00 the
203,d06-111-06-01 early
203,d06-111-06-02 closing
203,d06-111-06-03 day
203,e06-010-00-00 In
203,e06-010-00-01 this
203,e06-010-00-03 trench
203,e06-010-00-04 the
203,e06-010-00-05 herring
203,e06-010-00-06 do
203,e06-010-00-07 not
203,e06-010-00-08 touch
203,e06-010-00-09 the
203,e06-010-00-10 bottom
203,e06-010-01-00 Their
203,e06-010-01-01 descent
203,e06-010-01-02 stops
203,e06-010-01-03 at
203,e06-010-01-04 the
203,e06-010-01-05 end
203,e06-010-01-06 of
203,e06-010-01-07 the
203,e06-010-01-08 light
203,e06-010-01-11 But
203,e06-010-02-00 they
203,e06-010-02-01 migrate
203,e06-010-02-03 to
203,e06-010-02-04 the
203,e06-010-02-06 side
203,e06-010-02-08 or
203,e06-010-02-11 until
203,e06-010-03-00 in
203,e06-010-03-01 the
203,e06-010-03-03 water
203,e06-010-03-04 the
203,e06-010-03-05 mile
203,e06-010-03-06 wide
203,e06-010-03-07 layers
203,e06-010-03-09 from
203,e06-010-03-10 the
203,e06-010-04-02 Bottom
203,e06-010-04-04 comes
203,e06-010-04-05 when
203,e06-010-04-06 they
203,e06-010-04-07 cannot
203,e06-010-04-08 reach
203,e06-010-05-00 their
203,e06-010-05-01 optimum
203,e06-010-05-02 depth
203,e06-010-05-04 and
203,e06-010-05-05 this
203,e06-010-05-07 with
203,e06-010-05-08 the
203,e06-010-06-01 soil
203,e06-010-06-02 of
203,e06-010-06-03 these
203,e06-010-06-04 many
203,e06-010-06-05 roughs
203,e06-010-06-06 where
203,e06-010-06-07 the
203,e06-010-07-01 herring
203,e06-010-07-02 are
203,e06-010-07-03 always
203,e06-010-07-04 found
203,e06-046-00-01 Just
203,e06-046-00-02 how
203,e06-046-00-03 the
203,e06-046-00-04 seine
203,e06-046-00-05 ropes
203,e06-046-00-06 do
203,e06-046-00-07 this
203,e06-046-00-08 is
203,e06-046-00-09 not
203,e06-046-00-10 yet
203,e06-046-00-11 proved
203,e06-046-00-13 it
203,e06-046-00-14 may
203,e06-046-01-00 be
203,e06-046-01-01 by
203,e06-046-01-02 actual
203,e06-046-01-03 contact
203,e06-046-01-05 or
203,e06-046-01-06 by
203,e06-046-01-07 sight
203,e06-046-01-09 to
203,e06-046-01-10 the
203,e06-046-02-00 sand
203,e06-046-02-02 or
203,e06-046-02-03 even
203,e06-046-02-04 in
203,e06-046-02-05 the
203,e06-046-02-06 case
203,e06-046-02-07 of
203,e06-046-02-08 flat
203,e06-046-02-09 fish
203,e06-046-02-11 by
203,e06-046-03-00 through
203,e06-046-03-01 or
203,e06-046-03-02 along
203,e06-046-03-03 the
203,e06-046-03-04 bottom
203,e06-046-03-07 But
203,e06-046-03-08 given
203,e06-046-03-09 such
203,e06-046-03-11 bow
203,e06-046-04-00 wave
203,e06-046-04-01 of
203,e06-046-04-04 it
203,e06-046-04-05 is
203,e06-046-04-06 obvious
203,e06-046-04-07 that
203,e06-046-04-08 without
203,e06-046-05-00 to
203,e06-046-05-02 its
203,e06-046-05-03 effect
203,e06-046-05-05 very
203,e06-046-05-06 few
203,e06-046-05-07 fish
203,e06-046-05-08 would
203,e06-046-05-09 be
203,e06-046-05-10 caught
