326,g04-077-00-00 Very
326,g04-077-00-01 soon
326,g04-077-00-02 we
326,g04-077-00-03 managed
326,g04-077-00-04 to
326,g04-077-00-05 get
326,g04-077-00-07 hut
326,g04-077-00-08 in
326,g04-077-00-09 Purley
326,g04-077-00-10 where
326,g04-077-01-00 were
326,g04-077-01-01 very
326,g04-077-01-02 welcome
326,g04-077-01-03 and
326,g04-077-01-04 the
326,g04-077-01-05 ladies
326,g04-077-01-08 canteen
326,g04-077-01-10 Life
326,g04-077-01-11 was
326,g04-077-02-00 in
326,g04-077-02-01 those
326,g04-077-02-02 years
326,g04-077-02-03 more
326,g04-077-02-04 than
326,g04-077-02-05 busy
326,g04-077-02-07 We
326,g04-077-02-08 now
326,g04-077-02-09 had
326,g04-077-02-12 next
326,g04-077-03-00 to
326,g04-077-03-01 the
326,g04-077-03-02 church
326,g04-077-03-04 and
326,g04-077-03-06 was
326,g04-077-03-07 most
326,g04-077-03-09 in
326,g04-077-03-10 having
326,g04-077-03-11 for
326,g04-077-03-12 eight
326,g04-077-04-00 years
326,g04-077-04-02 most
326,g04-077-04-03 able
326,g04-077-04-04 and
326,g04-077-04-05 devoted
326,g04-077-04-07 whom
326,g04-077-04-09 had
326,g04-077-04-10 known
326,g04-077-05-00 well
326,g04-077-05-01 in
326,g04-077-05-03 where
326,g04-077-05-04 she
326,g04-077-05-05 had
326,g04-077-05-07 house
326,g04-077-05-08 next
326,g04-077-05-09 to
326,g04-077-05-10 the
326,g04-077-06-00 church
