530,m02-087-00-00 But
530,m02-087-00-02 he
530,m02-087-00-03 turned
530,m02-087-00-04 out
530,m02-087-00-05 to
530,m02-087-00-06 be
530,m02-087-00-07 as
530,m02-087-00-09 as
530,m02-087-01-01 Wise
530,m02-087-01-02 the
530,m02-087-01-03 tube
530,m02-087-01-06 to
530,m02-087-01-07 have
530,m02-087-01-08 the
530,m02-087-01-09 same
530,m02-087-02-01 and
530,m02-087-02-04 though
530,m02-087-02-05 perhaps
530,m02-087-02-06 not
530,m02-087-02-07 the
530,m02-087-02-08 same
530,m02-087-03-02 One
530,m02-087-03-04 that
530,m02-087-03-05 he
530,m02-087-03-06 was
530,m02-087-03-08 lawyer
530,m02-087-04-00 by
530,m02-087-04-03 and
530,m02-087-04-05 that
530,m02-087-04-06 the
530,m02-087-04-07 points
530,m02-087-04-08 he
530,m02-087-04-09 made
530,m02-087-05-00 so
530,m02-087-05-01 sharply
530,m02-087-05-02 in
530,m02-087-05-05 were
530,m02-087-05-06 as
530,m02-087-06-00 to
530,m02-087-06-01 him
530,m02-087-06-02 as
530,m02-087-06-03 those
530,m02-087-06-05 lawyer
530,m02-087-06-06 makes
530,m02-087-06-07 in
530,m02-087-06-09 court
530,m02-087-07-00 of
530,m02-087-07-01 law
