124,b06-004-00-01 Without
124,b06-004-00-04 German
124,b06-004-01-00 ment
124,b06-004-01-01 in
124,b06-004-01-02 the
124,b06-004-01-03 air
124,b06-004-01-04 would
124,b06-004-01-05 be
124,b06-004-01-09 When
124,b06-004-02-01 reports
124,b06-004-02-03 along
124,b06-004-02-04 with
124,b06-004-02-05 other
124,b06-004-02-06 nazi
124,b06-004-03-00 were
124,b06-004-03-02 and
124,b06-004-03-04 after
124,b06-004-03-05 the
124,b06-004-03-06 war
124,b06-004-03-07 the
124,b06-004-04-00 pattern
124,b06-004-04-01 of
124,b06-004-04-02 British
124,b06-004-04-05 became
124,b06-004-05-00 clear
124,b06-004-05-02 At
124,b06-004-05-03 nazi
124,b06-004-05-05 request
124,b06-004-05-07 Britain
124,b06-004-05-08 was
124,b06-004-06-01 the
124,b06-004-06-02 cloak
124,b06-004-06-03 for
124,b06-004-06-04 Germany
124,b06-004-06-05 to
124,b06-004-06-06 build
124,b06-004-06-07 an
124,b06-004-07-00 air
124,b06-004-07-01 force
124,b06-004-07-02 bigger
124,b06-004-07-03 than
124,b06-004-07-04 that
124,b06-004-07-05 of
124,b06-004-07-06 France
124,b06-049-00-00 When
124,b06-049-00-02 carried
124,b06-049-00-03 our
124,b06-049-00-04 point
124,b06-049-00-05 of
124,b06-049-00-06 view
124,b06-049-01-00 we
124,b06-049-01-01 were
124,b06-049-01-05 more
124,b06-049-01-06 so
124,b06-049-01-07 because
124,b06-049-02-00 the
124,b06-049-02-02 had
124,b06-049-02-03 been
124,b06-049-02-04 put
124,b06-049-02-05 clearly
124,b06-049-02-06 to
124,b06-049-02-07 the
124,b06-049-03-02 which
124,b06-049-03-03 had
124,b06-049-03-04 then
124,b06-049-03-05 chosen
124,b06-049-04-05 and
124,b06-049-05-01 policy
124,b06-049-05-03 Hopes
124,b06-049-05-04 rose
124,b06-049-05-05 as
124,b06-049-05-06 we
124,b06-049-05-07 saw
124,b06-049-06-01 of
124,b06-049-06-02 sharp
124,b06-049-06-04 based
124,b06-049-06-05 on
124,b06-049-07-00 lines
124,b06-049-07-01 of
124,b06-049-07-03 with
124,b06-049-07-04 the
124,b06-049-07-05 Tories
124,b06-049-07-07 Many
124,b06-049-07-08 members
124,b06-049-08-01 that
124,b06-049-08-02 the
124,b06-049-09-00 of
124,b06-049-09-01 the
124,b06-049-09-02 union
124,b06-049-09-03 would
124,b06-049-09-04 become
124,b06-049-09-05 easier
124,b06-049-09-06 in
124,b06-049-09-07 the
124,b06-049-09-08 context
124,c06-111-00-00 This
124,c06-111-00-01 sort
124,c06-111-00-02 of
124,c06-111-00-04 calls
124,c06-111-00-05 for
124,c06-111-00-06 some
124,c06-111-00-07 subtle
124,c06-111-01-04 It
124,c06-111-01-06 get
124,c06-111-01-07 it
124,c06-111-01-09 But
124,c06-111-02-00 The
124,c06-111-02-02 is
124,c06-111-02-03 not
124,c06-111-02-06 waste
124,c06-111-02-07 of
124,c06-111-03-00 time
124,c06-111-03-03 learned
124,c06-111-03-04 from
124,c06-111-03-05 it
124,c06-111-03-06 that
124,c06-111-03-07 in
124,c06-111-03-08 the
124,c06-111-03-10 of
124,c06-111-04-00 Studies
124,c06-111-04-02 to
124,c06-111-04-03 some
124,c06-111-05-00 the
124,c06-111-05-01 subject
124,c06-111-05-02 Social
124,c06-111-05-04 used
124,c06-111-05-05 to
124,c06-111-05-06 be
124,c06-111-05-07 called
124,c06-111-06-01 and
124,c06-111-06-02 is
124,c06-111-06-03 now
124,c06-111-06-04 known
124,c06-111-06-05 as
124,b06-075-00-00 At
124,b06-075-00-01 the
124,b06-075-00-02 same
124,b06-075-00-03 time
124,b06-075-00-04 that
124,b06-075-00-05 unity
124,b06-075-00-06 cannot
124,b06-075-00-07 be
124,b06-075-01-01 on
124,b06-075-01-03 false
124,b06-075-01-04 basis
124,b06-075-01-06 or
124,b06-075-01-07 by
124,b06-075-02-00 further
124,b06-075-02-02 within
124,b06-075-02-03 the
124,b06-075-02-06 Unity
124,b06-075-03-00 will
124,b06-075-03-01 never
124,b06-075-03-02 be
124,b06-075-03-04 on
124,b06-075-03-05 the
124,b06-075-03-06 basis
124,b06-075-03-07 of
124,b06-075-03-08 leaders
124,b06-075-04-00 being
124,b06-075-04-02 law
124,b06-075-04-03 unto
124,b06-075-04-05 and
124,b06-075-05-02 when
124,b06-075-05-03 it
124,b06-075-05-04 suits
124,b06-075-05-05 their
124,b06-075-05-06 own
124,b06-075-06-02 Unity
124,b06-075-06-03 can
124,b06-075-06-04 never
124,b06-075-06-05 be
124,b06-075-06-07 by
124,b06-075-07-00 any
124,b06-075-07-01 formula
124,b06-075-07-02 uniting
124,b06-075-07-03 those
124,b06-075-07-04 who
124,b06-075-07-05 oppose
124,b06-075-07-06 German
124,b06-075-08-00 troops
124,b06-075-08-01 being
124,b06-075-08-02 trained
124,b06-075-08-03 on
124,b06-075-08-04 British
124,b06-075-08-05 soil
124,b06-075-08-06 and
124,b06-075-08-07 Polaris
124,b06-075-09-00 and
124,b06-075-09-01 those
124,b06-075-09-02 who
124,b06-075-09-03 are
124,b06-075-09-04 for
124,b06-075-09-05 this
124,b06-075-09-06 policy
124,b06-075-09-08 which
124,b06-075-09-09 is
124,b06-075-09-10 the
124,b06-075-10-00 same
124,b06-075-10-01 as
124,b06-075-10-02 that
124,b06-075-10-03 of
124,b06-075-10-04 the
124,b06-075-10-05 Tory
