055,a03-063-01-03 the
055,a03-063-01-05 of
055,a03-063-01-08 who
055,a03-063-01-09 arrives
055,a03-063-01-10 in
055,a03-063-02-00 Bonn
055,a03-063-02-02 for
055,a03-063-02-03 talks
055,a03-063-02-04 with
055,a03-063-02-05 the
055,a03-063-02-06 Federal
055,a03-063-02-08 on
055,a03-063-03-01 space
055,a03-063-03-03 project
055,a03-063-03-05 will
055,a03-063-03-06 find
055,a03-063-03-07 the
055,a03-063-03-08 Germans
055,a03-063-04-01 in
055,a03-063-04-02 the
055,a03-063-04-04 of
055,a03-063-04-05 space
055,a03-063-04-08 but
055,a03-063-04-09 rather
055,a03-063-05-01 about
055,a03-063-05-02 British
055,a03-063-05-03 plans
055,a03-063-05-04 for
055,a03-063-05-06 it
055,a03-063-06-00 Stated
055,a03-063-06-01 more
055,a03-063-06-02 bluntly
055,a03-063-06-04 they
055,a03-063-06-05 are
055,a03-063-06-06 still
055,a03-063-06-08 that
055,a03-063-07-00 this
055,a03-063-07-01 is
055,a03-063-07-02 not
055,a03-063-07-04 an
055,a03-063-07-05 effort
055,a03-063-07-06 on
055,a03-063-07-08 part
055,a03-063-07-09 to
055,a03-063-08-00 salve
055,a03-063-08-01 Blue
055,a03-063-08-02 Streak
055,a03-063-08-04 which
055,a03-063-08-05 was
055,a03-063-08-07 last
055,a03-063-08-08 summer
055,a03-063-09-00 as
055,a03-063-09-03 project
055,a03-063-09-05 or
055,a03-063-09-06 that
055,a03-063-09-07 the
055,a03-063-09-09 space
055,a03-063-10-00 is
055,a03-063-10-01 indeed
055,a03-063-10-02 to
055,a03-063-10-03 be
055,a03-063-10-04 purely
055,a03-063-10-06 in
