166,c04-089-00-00 Now
166,c04-089-00-01 along
166,c04-089-00-02 comes
166,c04-089-00-03 his
166,c04-089-00-04 solo
166,c04-089-00-05 disc
166,c04-089-00-08 two
166,c04-089-00-09 of
166,c04-089-00-10 his
166,c04-089-00-11 own
166,c04-089-01-05 and
166,c04-089-01-07 Almost
166,c04-089-01-08 Grown
166,c04-089-01-09 Up
166,c04-089-01-12 VERDICT
166,c04-089-02-01 Lisbon
166,c04-089-02-02 has
166,c04-089-02-03 it
166,c04-089-02-04 taped
166,c04-089-02-06 And
166,c04-089-02-07 tacked
166,c04-089-02-09 And
166,c04-089-02-10 he
166,c04-089-02-11 says
166,c04-089-02-14 Just
166,c04-089-02-15 as
166,c04-089-02-16 well
166,c04-089-03-01 had
166,c04-089-03-02 only
166,c04-089-03-03 one
166,c04-089-03-04 box
166,c04-089-03-05 of
166,c04-089-03-06 tacks
166,c04-089-03-08 it
166,c04-089-03-09 might
166,c04-089-03-10 have
166,c04-089-03-11 been
166,c04-089-03-12 so
166,c04-089-04-04 More
166,c04-089-04-05 news
166,c04-089-04-06 from
166,c04-089-04-07 the
166,c04-089-05-00 Russ
166,c04-089-05-01 Conway
166,c04-089-05-03 who
166,c04-089-05-04 has
166,c04-089-05-05 tinkled
166,c04-089-05-06 his
166,c04-089-05-07 way
166,c04-089-05-08 to
166,c04-089-05-09 fame
166,c04-089-05-10 on
166,c04-089-05-11 an
166,c04-089-05-12 old
166,c04-089-06-00 comes
166,c04-089-06-01 in
166,c04-089-06-02 with
166,c04-089-06-03 another
166,c04-089-06-04 of
166,c04-089-06-05 his
166,c04-089-06-06 own
166,c04-089-06-07 works
166,c04-089-06-10 Parade
166,c04-089-06-11 of
166,c04-089-06-12 the
166,c04-089-07-00 Poppets
166,c04-098-00-00 But
166,c04-098-00-01 not
166,c04-098-00-02 one
166,c04-098-00-03 of
166,c04-098-00-04 his
166,c04-098-00-06 best
166,c04-098-00-09 Russ
166,c04-098-01-00 Conway
166,c04-098-01-01 is
166,c04-098-01-03 pianist
166,c04-098-01-04 who
166,c04-098-01-05 calls
166,c04-098-01-06 himself
166,c04-098-01-07 CRAZY
166,c04-098-01-08 OTTO
166,c04-098-01-10 But
166,c04-098-02-00 nothing
166,c04-098-02-01 crazy
166,c04-098-02-02 about
166,c04-098-02-03 his
166,c04-098-02-06 He
166,c04-098-02-07 pounds
166,c04-098-02-08 merrily
166,c04-098-02-09 away
166,c04-098-03-00 at
166,c04-098-03-02 piece
166,c04-098-03-03 called
166,c04-098-03-08 Polydor
166,c04-098-03-12 find
166,c04-098-03-13 it
166,c04-098-03-14 cute
166,c04-098-04-01 pianist
166,c04-098-04-02 Floyd
166,c04-098-04-03 Cramer
166,c04-098-04-05 who
166,c04-098-04-06 played
166,c04-098-04-07 for
166,c04-098-04-08 Elvis
166,c04-098-04-09 on
166,c04-098-04-11 It
166,c04-098-05-00 Now
166,c04-098-05-01 or
166,c04-098-05-02 Never
166,c04-098-05-05 looks
166,c04-098-05-06 like
166,c04-098-05-07 having
166,c04-098-05-09 success
166,c04-098-05-10 on
166,c04-098-05-11 his
166,c04-098-05-12 own
166,c04-098-05-13 with
166,c04-098-06-01 On
166,c04-098-06-02 the
166,c04-098-06-03 Rebound
166,c04-098-06-06 RCA
