277,f04-039-00-00 This
277,f04-039-00-01 man
277,f04-039-00-02 agreed
277,f04-039-00-03 that
277,f04-039-00-04 his
277,f04-039-00-06 had
277,f04-039-01-00 been
277,f04-039-01-01 broken
277,f04-039-01-02 off
277,f04-039-01-03 after
277,f04-039-01-04 one
277,f04-039-02-00 tiff
277,f04-039-02-02 but
277,f04-039-02-03 denied
277,f04-039-02-04 that
277,f04-039-02-05 he
277,f04-039-02-06 owed
277,f04-039-02-07 Miss
277,f04-039-02-08 Camp
277,f04-039-02-09 any
277,f04-039-03-00 money
277,f04-039-03-02 All
277,f04-039-03-03 the
277,f04-039-03-04 while
277,f04-039-03-05 the
277,f04-039-03-06 police
277,f04-039-03-07 were
277,f04-039-03-08 casting
277,f04-039-03-09 about
277,f04-039-04-00 for
277,f04-039-04-02 man
277,f04-039-04-03 who
277,f04-039-04-04 had
277,f04-039-04-05 been
277,f04-039-04-06 seen
277,f04-039-04-07 leaving
277,f04-039-04-08 the
277,f04-039-04-09 train
277,f04-039-05-00 at
277,f04-039-05-06 this
277,f04-039-06-00 as
277,f04-039-06-02 man
277,f04-039-06-03 of
277,f04-039-06-04 about
277,f04-039-06-05 thirty
277,f04-039-06-07 of
277,f04-039-06-08 medium
277,f04-039-06-09 height
277,f04-039-06-11 with
277,f04-039-07-01 dark
277,f04-039-07-04 and
277,f04-039-07-05 wearing
277,f04-039-08-00 and
277,f04-043-00-00 The
277,f04-043-00-01 porter
277,f04-043-00-02 at
277,f04-043-00-03 the
277,f04-043-00-04 station
277,f04-043-00-05 bore
277,f04-043-00-06 out
277,f04-043-00-07 this
277,f04-043-01-02 but
277,f04-043-01-03 the
277,f04-043-01-04 man
277,f04-043-01-05 was
277,f04-043-01-06 not
277,f04-043-01-07 traced
277,f04-043-02-00 Perhaps
277,f04-043-02-01 the
277,f04-043-02-02 news
277,f04-043-02-03 of
277,f04-043-02-04 their
277,f04-043-02-05 search
277,f04-043-02-06 got
277,f04-043-02-07 around
277,f04-043-03-00 for
277,f04-043-03-02 man
277,f04-043-03-03 did
277,f04-043-03-05 present
277,f04-043-03-06 himself
277,f04-043-04-00 at
277,f04-043-04-05 to
277,f04-043-04-06 have
277,f04-043-05-01 the
277,f04-043-05-02 murder
277,f04-043-05-04 but
277,f04-043-05-05 he
277,f04-043-05-06 was
277,f04-043-06-02 and
277,f04-043-06-04 despite
277,f04-043-06-05 his
277,f04-043-06-06 claim
277,f04-043-06-07 to
277,f04-043-06-08 infamy
277,f04-043-07-00 had
277,f04-043-07-01 been
277,f04-043-07-02 nowhere
277,f04-043-07-03 near
277,f04-043-07-04 the
277,f04-043-07-06 that
277,f04-043-07-07 evening
