250,f01-058-00-00 Thus
250,f01-058-00-02 how
250,f01-058-00-03 to
250,f01-058-00-04 learn
250,f01-058-00-05 means
250,f01-058-01-00 your
250,f01-058-01-01 own
250,f01-058-01-04 your
250,f01-058-01-05 own
250,f01-058-02-00 and
250,f01-058-02-01 your
250,f01-058-02-02 own
250,f01-058-02-03 teacher
250,f01-058-02-05 You
250,f01-058-02-06 will
250,f01-058-02-07 then
250,f01-058-02-08 be
250,f01-058-03-02 learner
250,f01-058-03-03 and
250,f01-058-03-04 the
250,f01-058-03-05 world
250,f01-058-04-00 will
250,f01-058-04-01 be
250,f01-058-04-02 at
250,f01-058-04-03 your
250,f01-058-04-04 feet
250,f01-058-04-07 the
250,f01-058-04-08 word
250,f01-058-05-01 mind
250,f01-058-05-03 has
250,f01-058-05-04 given
250,f01-058-05-05 rise
250,f01-058-05-06 to
250,f01-058-05-07 endless
250,f01-058-06-01 among
250,f01-058-06-03 and
250,f01-058-07-00 logists
250,f01-058-07-02 many
250,f01-058-07-03 of
250,f01-058-07-04 whom
250,f01-058-07-05 would
250,f01-058-07-06 like
250,f01-058-07-07 to
250,f01-058-08-00 abolish
250,f01-058-08-01 it
250,f01-058-08-02 from
250,f01-058-08-03 the
250,f01-058-08-06 most
250,f01-058-09-00 of
250,f01-058-09-01 us
250,f01-058-09-03 go
250,f01-058-09-04 on
250,f01-058-09-05 using
250,f01-058-09-06 it
250,f01-053-00-00 The
250,f01-053-00-01 job
250,f01-053-00-02 of
250,f01-053-00-03 the
250,f01-053-00-04 teacher
250,f01-053-00-05 is
250,f01-053-00-06 to
250,f01-053-00-07 set
250,f01-053-00-08 the
250,f01-053-01-01 to
250,f01-053-01-02 work
250,f01-053-01-03 on
250,f01-053-01-04 the
250,f01-053-01-06 store
250,f01-053-02-00 so
250,f01-053-02-01 as
250,f01-053-02-02 to
250,f01-053-02-03 make
250,f01-053-02-04 it
250,f01-053-02-05 grow
250,f01-053-02-07 He
250,f01-053-02-08 does
250,f01-053-02-09 not
250,f01-053-03-00 simply
250,f01-053-03-01 pack
250,f01-053-03-02 new
250,f01-053-03-03 things
250,f01-053-03-04 into
250,f01-053-03-05 the
250,f01-053-03-06 store
250,f01-053-04-00 The
250,f01-053-04-02 learner
250,f01-053-04-03 has
250,f01-053-04-04 to
250,f01-053-04-05 find
250,f01-053-04-06 out
250,f01-053-05-00 how
250,f01-053-05-01 to
250,f01-053-05-02 do
250,f01-053-05-03 this
250,f01-053-05-04 for
250,f01-053-05-05 himself
250,f01-053-05-07 with
250,f01-053-05-08 the
250,f01-053-05-09 help
250,f01-053-06-00 of
250,f01-053-06-01 books
250,f01-053-06-03 He
250,f01-053-06-04 uses
250,f01-053-06-05 his
250,f01-053-06-07 to
250,f01-053-07-00 ask
250,f01-053-07-02 and
250,f01-053-07-03 uses
250,f01-053-07-04 the
250,f01-053-07-05 books
250,f01-053-07-06 to
250,f01-053-08-00 find
250,f01-053-08-01 the
250,f01-053-08-02 answers
