094,b01-136-00-00 Unless
094,b01-136-00-01 they
094,b01-136-00-02 do
094,b01-136-00-03 at
094,b01-136-00-04 least
094,b01-136-00-05 that
094,b01-136-00-09 will
094,b01-136-01-00 be
094,b01-136-01-01 able
094,b01-136-01-02 to
094,b01-136-01-03 return
094,b01-136-01-04 home
094,b01-136-01-07 triumph
094,b01-136-02-00 His
094,b01-136-02-01 smile
094,b01-136-02-02 will
094,b01-136-02-03 be
094,b01-136-02-04 blander
094,b01-136-02-05 than
094,b01-136-02-06 ever
094,b01-136-02-08 WE
094,b01-136-02-09 are
094,b01-136-02-10 in
094,b01-136-03-00 for
094,b01-136-03-01 it
094,b01-136-03-02 again
094,b01-136-03-04 another
094,b01-136-03-05 Royal
094,b01-136-03-06 Wedding
094,b01-136-03-08 Between
094,b01-136-04-00 now
094,b01-136-04-01 and
094,b01-136-04-02 June
094,b01-136-04-04 when
094,b01-136-04-05 the
094,b01-136-04-06 Duke
094,b01-136-04-07 of
094,b01-136-04-08 Kent
094,b01-136-04-09 will
094,b01-136-05-00 marry
094,b01-136-05-01 Miss
094,b01-136-05-02 Worsley
094,b01-136-05-04 hardly
094,b01-136-05-06 day
094,b01-136-05-07 will
094,b01-136-05-08 pass
094,b01-136-06-00 without
094,b01-136-06-02 story
094,b01-136-06-03 or
094,b01-136-06-05 picture
094,b01-136-06-06 or
094,b01-136-06-08 both
094,b01-136-07-00 about
094,b01-136-07-01 the
094,b01-136-07-02 nuptial
094,b01-132-00-00 The
094,b01-132-00-01 shock
094,b01-132-00-02 of
094,b01-132-00-04 from
094,b01-132-00-05 the
094,b01-132-01-01 now
094,b01-132-01-02 seems
094,b01-132-01-03 to
094,b01-132-01-04 be
094,b01-132-01-05 the
094,b01-132-01-06 only
094,b01-132-02-00 way
094,b01-132-02-01 left
094,b01-132-02-02 to
094,b01-132-02-03 try
094,b01-132-02-04 to
094,b01-132-02-05 bring
094,b01-132-02-06 home
094,b01-132-02-07 to
094,b01-132-02-08 the
094,b01-132-02-09 people
094,b01-132-02-10 of
094,b01-132-03-00 South
094,b01-132-03-01 Africa
094,b01-132-03-02 that
094,b01-132-03-05 is
094,b01-132-03-06 leading
094,b01-132-03-07 them
094,b01-132-04-00 to
094,b01-132-04-03 It
094,b01-132-04-04 may
094,b01-132-04-05 be
094,b01-132-04-06 that
094,b01-132-04-07 the
094,b01-132-05-00 Prime
094,b01-132-05-02 will
094,b01-132-05-03 decide
094,b01-132-05-04 against
094,b01-132-05-05 this
094,b01-132-05-06 final
094,b01-132-06-00 step
094,b01-132-06-02 If
094,b01-132-06-03 that
094,b01-132-06-04 is
094,b01-132-06-05 their
094,b01-132-06-07 they
094,b01-132-06-08 should
094,b01-132-06-09 also
094,b01-132-07-00 go
094,b01-132-07-02 on
094,b01-132-07-03 record
094,b01-132-07-04 that
094,b01-132-07-05 they
094,b01-132-07-06 regard
094,b01-132-08-01 as
094,b01-132-08-02 evil
094,b01-132-08-03 and
094,b01-127-00-00 The
094,b01-127-00-01 views
094,b01-127-00-02 of
094,b01-127-00-03 the
094,b01-127-00-06 who
094,b01-127-00-07 has
094,b01-127-01-01 an
094,b01-127-01-03 witness
094,b01-127-01-04 to
094,b01-127-01-05 what
094,b01-127-02-01 really
094,b01-127-02-02 means
094,b01-127-02-04 must
094,b01-127-02-05 carry
094,b01-127-02-06 weight
094,b01-127-02-08 But
094,b01-127-03-00 what
094,b01-127-03-02 in
094,b01-127-03-03 fact
094,b01-127-03-05 can
094,b01-127-03-06 the
094,b01-127-03-07 other
094,b01-127-04-00 do
094,b01-127-04-01 to
094,b01-127-04-02 bring
094,b01-127-04-03 support
094,b01-127-04-04 and
094,b01-127-04-05 comfort
094,b01-127-04-06 to
094,b01-127-04-07 this
094,b01-127-04-08 gallant
094,b01-127-05-02 THERE
094,b01-127-05-03 is
094,b01-127-05-04 no
094,b01-127-05-06 that
094,b01-127-05-07 the
094,b01-127-06-00 policy
094,b01-127-06-01 of
094,b01-127-06-03 has
094,b01-127-06-05 the
094,b01-127-07-00 actions
094,b01-127-07-01 of
094,b01-127-07-02 the
094,b01-127-07-05 On
094,b01-127-07-06 the
094,b01-127-08-01 is
094,b01-127-08-02 being
094,b01-127-08-03 applied
094,b01-127-08-04 ever
094,b01-127-08-05 more
