072,a06-039-00-01 The
072,a06-039-00-02 whole
072,a06-039-00-03 naval
072,a06-039-00-04 might
072,a06-039-00-05 of
072,a06-039-00-06 the
072,a06-039-00-07 Soviet
072,a06-039-01-00 Union
072,a06-039-01-01 can
072,a06-039-01-02 be
072,a06-039-01-03 seen
072,a06-039-01-04 here
072,a06-039-01-07 truly
072,a06-039-02-00 and
072,a06-039-02-01 proud
072,a06-039-02-02 sight
072,a06-039-02-05 said
072,a06-039-02-06 Moscow
072,a06-039-03-02 The
072,a06-039-03-03 parade
072,a06-039-03-04 was
072,a06-039-03-06 by
072,a06-039-04-00 Marshal
072,a06-039-04-01 Andrei
072,a06-039-04-02 Grechko
072,a06-039-04-05 the
072,a06-039-05-00 forces
072,a06-039-05-01 of
072,a06-039-05-02 the
072,a06-039-05-03 Warsaw
072,a06-039-05-04 Pact
072,a06-039-06-00 the
072,a06-039-06-03 Nato
072,a06-039-06-06 He
072,a06-039-06-07 said
072,a06-039-07-01 atomic
072,a06-039-07-03 now
072,a06-039-07-04 formed
072,a06-039-08-00 the
072,a06-039-08-01 basis
072,a06-039-08-02 of
072,a06-039-08-03 the
072,a06-039-08-04 Soviet
072,a06-039-08-05 Navy
072,a06-039-09-02 in
072,a06-039-09-03 the
072,a06-039-10-00 Commons
072,a06-039-10-01 of
072,a06-039-10-02 his
