172,c04-165-00-00 The
172,c04-165-00-01 film
172,c04-165-00-04 What
172,c04-165-00-06 My
172,c04-165-00-07 Line
172,c04-165-00-10 and
172,c04-165-00-12 Be
172,c04-165-00-13 My
172,c04-165-01-00 Guest
172,c04-165-01-03 because
172,c04-165-01-04 of
172,c04-165-01-05 an
172,c04-165-02-00 strike
172,c04-165-02-02 It
172,c04-165-02-03 showed
172,c04-165-02-04 Britain
172,c04-165-02-05 today
172,c04-165-02-06 through
172,c04-165-02-07 the
172,c04-165-02-08 eyes
172,c04-165-03-00 of
172,c04-165-03-01 an
172,c04-165-03-06 Eric
172,c04-165-03-09 and
172,c04-165-04-00 British
172,c04-165-04-03 Among
172,c04-165-04-04 them
172,c04-165-05-00 Dennis
172,c04-165-05-01 Brogan
172,c04-165-05-03 Shelagh
172,c04-165-05-04 Delaney
172,c04-165-05-06 and
172,c04-165-05-07 Alan
172,c04-165-06-00 The
172,c04-165-06-01 film
172,c04-165-06-02 covered
172,c04-165-06-04 wide
172,c04-165-06-05 aspect
172,c04-165-06-06 of
172,c04-165-06-07 the
172,c04-165-06-08 British
172,c04-165-07-00 scene
172,c04-165-07-02 ranging
172,c04-165-07-03 from
172,c04-165-07-04 pubs
172,c04-165-07-06 the
172,c04-165-07-07 Eton
172,c04-165-07-08 wall
172,c04-165-07-09 game
172,c04-165-08-00 to
172,c04-165-08-01 the
172,c04-165-08-03 Common
172,c04-165-08-04 Market
172,c04-170-00-00 Shelagh
172,c04-170-00-01 Delaney
172,c04-170-00-02 and
172,c04-170-00-03 Alan
172,c04-170-01-02 It
172,c04-170-01-03 was
172,c04-170-01-04 left
172,c04-170-01-05 to
172,c04-170-02-00 to
172,c04-170-02-01 make
172,c04-170-02-02 the
172,c04-170-02-06 He
172,c04-170-02-07 said
172,c04-170-03-00 that
172,c04-170-03-01 in
172,c04-170-03-02 the
172,c04-170-03-03 race
172,c04-170-03-04 of
172,c04-170-03-05 the
172,c04-170-03-06 modern
172,c04-170-03-07 nations
172,c04-170-04-00 Britain
172,c04-170-04-01 was
172,c04-170-04-03 behind
