103,b03-098-00-00 The
103,b03-098-00-01 press
103,b03-098-00-02 and
103,b03-098-00-03 the
103,b03-098-00-06 are
103,b03-098-01-00 asked
103,b03-098-01-01 to
103,b03-098-01-02 help
103,b03-098-01-04 To
103,b03-098-01-05 begin
103,b03-098-01-06 with
103,b03-098-01-08 both
103,b03-098-02-00 ratures
103,b03-098-02-01 will
103,b03-098-02-02 be
103,b03-098-02-03 put
103,b03-098-02-04 in
103,b03-098-02-05 the
103,b03-098-02-06 ring
103,b03-098-03-00 SIR
103,b03-098-03-01 GRAHAM
103,b03-098-03-02 SUTTON
103,b03-098-03-04 however
103,b03-098-03-06 made
103,b03-098-03-07 no
103,b03-098-03-08 bones
103,b03-098-04-00 about
103,b03-098-04-01 it
103,b03-098-04-04 The
103,b03-098-04-05 purpose
103,b03-098-04-06 is
103,b03-098-04-07 to
103,b03-098-04-08 give
103,b03-098-05-01 the
103,b03-098-05-02 knock
103,b03-098-05-03 out
103,b03-098-05-05 The
103,b03-098-05-06 backers
103,b03-098-05-07 of
103,b03-098-06-01 would
103,b03-098-06-02 have
103,b03-098-06-03 got
103,b03-098-06-04 off
103,b03-098-06-05 to
103,b03-098-06-07 better
103,b03-098-07-00 start
103,b03-098-07-01 if
103,b03-098-07-02 they
103,b03-098-07-03 had
103,b03-098-07-04 taken
103,b03-098-07-05 more
103,b03-098-07-06 pains
103,b03-098-07-07 to
103,b03-098-08-00 explain
103,b03-098-08-01 the
103,b03-098-08-03 to
103,b03-098-08-04 the
103,b03-098-08-05 general
103,b03-098-09-00 public
103,b03-098-09-01 of
103,b03-098-09-02 the
103,b03-098-09-03 change
