161,c04-039-00-00 VERDICT
161,c04-039-00-02 The
161,c04-039-00-04 bunk
161,c04-039-00-06 needed
161,c04-039-01-00 DONALD
161,c04-039-01-01 HOUSTON
161,c04-039-01-02 had
161,c04-039-01-04 big
161,c04-039-01-05 success
161,c04-039-01-06 on
161,c04-039-02-01 Drama
161,c04-039-02-04 last
161,c04-039-02-05 night
161,c04-039-02-06 as
161,c04-039-02-08 smooth
161,c04-039-03-01 jewel
161,c04-039-03-02 thief
161,c04-039-03-03 in
161,c04-039-03-05 play
161,c04-039-03-06 by
161,c04-039-03-07 Jacques
161,c04-039-04-00 Gillies
161,c04-039-04-03 The
161,c04-039-04-04 Takers
161,c04-039-05-00 by
161,c04-039-05-01 Quentin
161,c04-039-05-04 here
161,c04-039-05-06 held
161,c04-039-06-00 by
161,c04-039-07-01 as
161,c04-039-07-02 the
161,c04-039-07-03 master
161,c04-039-07-04 mind
161,c04-039-07-05 behind
161,c04-039-08-00 gang
161,c04-039-08-01 of
161,c04-039-08-02 crooks
161,c04-044-00-00 This
161,c04-044-00-01 plot
161,c04-044-00-02 to
161,c04-044-00-03 rob
161,c04-044-00-05 French
161,c04-044-00-07 of
161,c04-044-01-00 worth
161,c04-044-01-01 of
161,c04-044-01-03 struck
161,c04-044-01-04 me
161,c04-044-01-05 as
161,c04-044-01-08 The
161,c04-044-01-09 play
161,c04-044-02-00 had
161,c04-044-02-01 style
161,c04-044-02-03 moved
161,c04-044-02-04 at
161,c04-044-02-06 quick
161,c04-044-02-07 pace
161,c04-044-02-08 and
161,c04-044-02-10 did
161,c04-044-03-00 well
161,c04-044-03-02 But
161,c04-044-03-03 it
161,c04-044-03-04 was
161,c04-044-03-07 evening
161,c04-044-04-00 Earlier
161,c04-044-04-02 on
161,c04-044-04-03 the
161,c04-044-04-05 show
161,c04-044-04-07 found
161,c04-044-04-08 Stanley
161,c04-044-05-01 act
161,c04-044-05-02 too
161,c04-044-05-03 long
161,c04-044-05-04 and
161,c04-044-05-05 not
161,c04-044-06-02 It
161,c04-044-06-03 was
161,c04-044-06-04 also
161,c04-044-06-06 mistake
161,c04-044-06-07 to
161,c04-044-07-01 Gene
161,c04-044-07-02 Detroy
161,c04-044-07-03 and
161,c04-044-07-04 his
161,c04-044-08-00 so
161,c04-044-08-01 soon
161,c04-044-08-02 after
161,c04-044-08-03 their
