071,a06-036-00-00 The
071,a06-036-00-01 small
071,a06-036-00-02 rocket
071,a06-036-00-03 craft
071,a06-036-00-05 for
071,a06-036-00-07 big
071,a06-036-01-00 ships
071,a06-036-01-02 are
071,a06-036-01-06 even
071,a06-036-02-00 to
071,a06-036-02-01 the
071,a06-036-02-03 for
071,a06-036-02-05 their
071,a06-036-03-00 rockets
071,a06-036-03-03 on
071,a06-036-03-04 the
071,a06-036-03-05 river
071,a06-036-03-06 banks
071,a06-036-03-07 at
071,a06-036-04-01 were
071,a06-036-04-03 now
071,a06-036-04-04 told
071,a06-036-04-05 that
071,a06-036-04-06 in
071,a06-036-05-01 years
071,a06-036-05-02 they
071,a06-036-05-03 will
071,a06-036-05-04 have
071,a06-036-05-05 free
071,a06-036-05-06 food
071,a06-036-05-08 housing
071,a06-036-05-10 light
071,a06-036-06-00 heat
071,a06-036-06-03 and
071,a06-036-06-04 medical
071,a06-036-06-07 all
071,a06-036-07-00 for
071,a06-036-07-02 working
071,a06-036-07-03 week
071,a06-036-07-04 of
071,a06-036-07-06 to
071,a06-036-07-08 hours
