247,e07-083-00-00 Every
247,e07-083-00-01 garden
247,e07-083-00-02 boy
247,e07-083-00-03 will
247,e07-083-00-04 agree
247,e07-083-00-05 that
247,e07-083-00-06 having
247,e07-083-00-07 to
247,e07-083-01-00 wash
247,e07-083-01-01 clay
247,e07-083-01-02 pots
247,e07-083-01-03 is
247,e07-083-01-06 factor
247,e07-083-01-07 in
247,e07-083-02-00 favour
247,e07-083-02-01 of
247,e07-083-02-02 their
247,e07-083-02-05 in
247,e07-083-02-06 fact
247,e07-083-02-07 one
247,e07-083-03-00 young
247,e07-083-03-01 man
247,e07-083-03-02 was
247,e07-083-03-03 so
247,e07-083-03-05 about
247,e07-083-03-06 this
247,e07-083-04-01 few
247,e07-083-04-02 years
247,e07-083-04-03 ago
247,e07-083-04-04 that
247,e07-083-04-05 he
247,e07-083-04-06 made
247,e07-083-04-07 the
247,e07-083-05-00 for
247,e07-083-05-01 having
247,e07-083-05-02 smashed
247,e07-083-05-04 large
247,e07-083-05-05 number
247,e07-083-05-07 to
247,e07-083-06-00 relieve
247,e07-083-06-01 his
247,e07-083-06-04 On
247,e07-083-06-05 the
247,e07-083-07-02 it
247,e07-083-07-03 is
247,e07-083-07-06 chore
247,e07-083-08-00 which
247,e07-083-08-01 nobody
247,e07-083-08-02 tackles
247,e07-083-08-03 with
247,e07-083-08-04 any
247,e07-083-09-00 whereas
247,e07-083-09-01 on
247,e07-083-09-02 larger
247,e07-083-09-04 the
247,e07-083-09-05 pots
247,e07-083-10-00 can
247,e07-083-10-01 be
247,e07-083-10-03 or
247,e07-083-10-04 washed
247,e07-083-10-05 by
247,e07-083-10-06 machine
247,e07-086-00-00 It
247,e07-086-00-01 is
247,e07-086-00-02 not
247,e07-086-00-03 easy
247,e07-086-00-04 to
247,e07-086-00-05 make
247,e07-086-00-06 an
247,e07-086-01-01 between
247,e07-086-01-02 clay
247,e07-086-01-03 pots
247,e07-086-01-04 and
247,e07-086-01-05 the
247,e07-086-01-06 various
247,e07-086-02-02 the
247,e07-086-02-03 former
247,e07-086-02-04 may
247,e07-086-02-05 last
247,e07-086-03-00 with
247,e07-086-03-01 luck
247,e07-086-03-03 while
247,e07-086-03-04 the
247,e07-086-03-05 latter
247,e07-086-03-06 are
247,e07-086-03-07 often
247,e07-086-04-01 used
247,e07-086-04-02 only
247,e07-086-04-03 once
247,e07-086-04-05 Clay
247,e07-086-04-06 pots
247,e07-086-04-07 are
247,e07-086-05-01 and
247,e07-086-05-04 in
247,e07-086-05-05 which
247,e07-086-06-00 to
247,e07-086-06-01 grow
247,e07-086-06-02 plants
247,e07-086-06-04 In
247,e07-086-06-05 their
247,e07-086-06-06 proper
247,e07-086-06-07 setting
247,e07-086-06-08 they
247,e07-086-07-00 are
247,e07-086-07-01 not
247,e07-086-07-03 and
247,e07-086-07-05 in
247,e07-086-07-06 spite
247,e07-086-07-07 of
247,e07-086-08-00 their
247,e07-086-08-03 most
247,e07-086-08-05 have
247,e07-086-09-03 for
247,e07-086-09-04 them
247,e07-076-00-00 The
247,e07-076-00-01 main
247,e07-076-00-03 of
247,e07-076-00-04 the
247,e07-076-00-05 clay
247,e07-076-00-06 pot
247,e07-076-00-07 is
247,e07-076-00-08 its
247,e07-076-01-00 brittle
247,e07-076-01-01 nature
247,e07-076-01-03 even
247,e07-076-01-04 with
247,e07-076-01-06 careful
247,e07-076-02-02 the
247,e07-076-02-03 annual
247,e07-076-02-04 losses
247,e07-076-02-05 are
247,e07-076-02-06 often
247,e07-076-02-07 around
247,e07-076-03-01 per
247,e07-076-03-04 and
247,e07-076-03-05 where
247,e07-076-03-06 the
247,e07-076-03-08 and
247,e07-076-04-00 storage
247,e07-076-04-02 are
247,e07-076-04-03 not
247,e07-076-04-04 too
247,e07-076-04-05 good
247,e07-076-04-07 these
247,e07-076-05-00 losses
247,e07-076-05-01 will
247,e07-076-05-02 be
247,e07-076-05-03 even
247,e07-076-05-04 greater
247,e07-076-05-06 This
247,e07-076-05-07 does
247,e07-076-05-08 not
247,e07-076-06-01 apply
247,e07-076-06-02 to
247,e07-076-06-03 the
247,e07-076-06-04 larger
247,e07-076-06-05 sizes
247,e07-076-06-07 as
247,e07-076-07-00 they
247,e07-076-07-01 are
247,e07-076-07-02 not
247,e07-076-07-03 quite
247,e07-076-07-04 so
247,e07-076-07-05 fragile
247,e07-076-07-06 as
247,e07-076-07-07 the
247,e07-076-08-00 smaller
247,e07-076-08-01 ones
247,e07-076-08-02 and
247,e07-076-08-03 are
247,e07-076-08-04 not
247,e07-076-08-06 thrown
247,e07-076-09-00 about
247,e07-076-09-01 in
247,e07-076-09-02 quite
247,e07-076-09-03 the
247,e07-076-09-04 same
247,e07-076-09-05 way
247,e07-090-00-01 pots
247,e07-090-00-02 are
247,e07-090-00-03 better
247,e07-090-00-06 do
247,e07-090-01-00 not
247,e07-090-01-01 get
247,e07-090-01-02 dirty
247,e07-090-01-03 so
247,e07-090-01-04 readily
247,e07-090-01-05 and
247,e07-090-01-06 are
247,e07-090-01-07 easier
247,e07-090-01-08 to
247,e07-090-02-00 wash
247,e07-090-02-02 The
247,e07-090-02-03 deep
247,e07-090-02-04 rims
247,e07-090-02-05 make
247,e07-090-02-06 for
247,e07-090-02-07 neater
247,e07-090-02-08 and
247,e07-090-03-00 safer
247,e07-090-03-03 though
247,e07-090-03-04 they
247,e07-090-03-05 are
247,e07-090-03-06 still
247,e07-090-04-01 and
247,e07-090-04-02 still
247,e07-090-04-03 get
247,e07-090-04-04 broken
247,e07-090-04-06 On
247,e07-090-04-07 the
247,e07-090-05-00 other
247,e07-090-05-01 hand
247,e07-090-05-03 there
247,e07-090-05-04 is
247,e07-090-05-05 really
247,e07-090-05-06 no
247,e07-090-06-00 for
247,e07-090-06-01 the
247,e07-090-06-02 larger
247,e07-090-06-03 sizes
247,e07-090-06-05 so
247,e07-090-06-06 they
247,e07-090-06-07 have
247,e07-090-06-08 the
247,e07-090-07-00 decided
247,e07-090-07-02 of
247,e07-090-07-03 being
247,e07-090-07-04 the
247,e07-090-07-05 only
247,e07-090-08-03 in
247,e07-090-09-00 for
247,e07-090-09-01 fairly
247,e07-090-09-02 large
247,e07-090-09-03 plants
247,e07-079-00-00 The
247,e07-079-00-01 storage
247,e07-079-00-02 problem
247,e07-079-00-03 puts
247,e07-079-00-04 clay
247,e07-079-00-05 pots
247,e07-079-00-06 at
247,e07-079-01-03 They
247,e07-079-01-04 are
247,e07-079-01-05 fairly
247,e07-079-01-06 heavy
247,e07-079-02-00 and
247,e07-079-02-02 things
247,e07-079-02-03 to
247,e07-079-02-05 and
247,e07-079-03-00 they
247,e07-079-03-01 must
247,e07-079-03-02 have
247,e07-079-03-03 some
247,e07-079-03-05 from
247,e07-079-03-06 severe
247,e07-079-04-00 weather
247,e07-079-04-02 which
247,e07-079-04-03 can
247,e07-079-04-04 be
247,e07-079-04-05 quite
247,e07-079-04-08 in
247,e07-079-05-01 small
247,e07-079-05-02 garden
247,e07-079-05-04 While
247,e07-079-05-06 that
247,e07-079-06-00 broken
247,e07-079-06-01 pots
247,e07-079-06-02 have
247,e07-079-06-03 on
247,e07-079-07-00 artists
247,e07-079-07-01 with
247,e07-079-07-03 studies
247,e07-079-07-05 there
247,e07-079-07-06 is
247,e07-079-07-07 no
247,e07-079-08-00 doubt
247,e07-079-08-01 that
247,e07-079-08-03 pile
247,e07-079-08-04 of
247,e07-079-08-05 badly
247,e07-079-08-06 stacked
247,e07-079-09-01 pots
247,e07-079-09-02 is
247,e07-079-09-03 an
247,e07-079-09-05 sight
247,e07-079-10-00 from
247,e07-079-10-01 any
247,e07-079-10-02 point
247,e07-079-10-03 of
247,e07-079-10-04 view
