001,a01-000x-00-01 MOVE
001,a01-000x-00-02 to
001,a01-000x-00-03 stop
001,a01-000x-00-06 from
001,a01-000x-01-00 any
001,a01-000x-01-01 more
001,a01-000x-01-02 Labour
001,a01-000x-01-03 life
001,a01-000x-01-04 Peers
001,a01-000x-01-05 is
001,a01-000x-01-06 to
001,a01-000x-01-07 be
001,a01-000x-01-08 made
001,a01-000x-01-09 at
001,a01-000x-02-00 meeting
001,a01-000x-02-01 of
001,a01-000x-02-02 Labour
001,a01-000x-02-07 Michael
001,a01-000x-03-00 Foot
001,a01-000x-03-01 has
001,a01-000x-03-02 put
001,a01-000x-03-03 down
001,a01-000x-03-06 on
001,a01-000x-03-07 the
001,a01-000x-03-08 subject
001,a01-000x-04-00 and
001,a01-000x-04-01 he
001,a01-000x-04-02 is
001,a01-000x-04-03 to
001,a01-000x-04-04 be
001,a01-000x-04-05 backed
001,a01-000x-04-06 by
001,a01-000x-04-08 Will
001,a01-000x-05-01 for
001,a01-072x-00-00 These
001,a01-072x-00-01 support
001,a01-072x-00-02 costs
001,a01-072x-00-03 are
001,a01-072x-00-05 big
001,a01-072x-00-06 drain
001,a01-072x-00-07 on
001,a01-072x-01-00 dollar
001,a01-072x-01-05 answer
001,a01-072x-01-06 is
001,a01-072x-01-07 the
001,a01-072x-02-01 cash
001,a01-072x-02-02 offer
001,a01-072x-02-03 of
001,a01-072x-03-02 of
001,a01-072x-03-03 it
001,a01-072x-03-04 is
001,a01-072x-03-06 painful
001,a01-072x-03-07 blow
001,a01-072x-03-08 to
001,a01-072x-03-09 the
001,a01-072x-04-00 West
001,a01-072x-04-01 German
001,a01-072x-04-04 It
001,a01-072x-04-05 will
001,a01-072x-04-06 now
001,a01-072x-04-07 have
001,a01-072x-04-08 to
001,a01-072x-04-09 pay
001,a01-072x-05-00 more
001,a01-072x-05-02 and
001,a01-072x-05-05 to
001,a01-072x-05-06 do
001,a01-072x-05-07 so
001,a01-072x-05-09 or
001,a01-072x-06-00 run
001,a01-072x-06-01 the
001,a01-072x-06-02 obvious
001,a01-072x-06-03 risks
001,a01-072x-06-04 in
001,a01-072x-06-06 the
001,a01-072x-06-07 new
