122,b05-088-00-00 Their
122,b05-088-00-01 demands
122,b05-088-00-02 are
122,b05-088-00-04 couched
122,b05-088-00-05 in
122,b05-088-01-05 but
122,b05-088-01-06 in
122,b05-088-01-07 spite
122,b05-088-01-08 of
122,b05-088-01-09 all
122,b05-088-02-00 their
122,b05-088-02-01 bluster
122,b05-088-02-03 they
122,b05-088-02-04 let
122,b05-088-02-05 many
122,b05-088-02-07 big
122,b05-088-02-08 fish
122,b05-088-02-09 through
122,b05-088-02-10 the
122,b05-088-03-00 net
122,b05-088-03-01 while
122,b05-088-03-02 they
122,b05-088-03-03 are
122,b05-088-03-05 the
122,b05-088-03-06 minnows
122,b05-088-03-09 have
122,b05-088-03-10 just
122,b05-088-04-00 heard
122,b05-088-04-02 good
122,b05-088-04-03 example
122,b05-088-04-04 of
122,b05-088-04-05 their
122,b05-088-05-01 young
122,b05-088-05-02 chap
122,b05-088-05-04 know
122,b05-088-05-05 got
122,b05-088-05-06 his
122,b05-088-05-07 first
122,b05-088-05-08 job
122,b05-088-05-09 last
122,b05-088-05-10 week
122,b05-088-05-12 He
122,b05-088-06-00 is
122,b05-088-06-01 paid
122,b05-088-06-02 monthly
122,b05-088-06-03 in
122,b05-088-06-04 arrears
122,b05-088-06-05 and
122,b05-088-06-06 will
122,b05-088-06-07 not
122,b05-088-06-08 get
122,b05-088-07-01 bean
122,b05-088-07-02 for
122,b05-088-07-03 the
122,b05-088-07-04 next
122,b05-088-07-06 days
