119,b05-074-00-00 They
119,b05-074-00-01 really
119,b05-074-00-03 that
119,b05-074-00-04 the
119,b05-074-00-05 Treaty
119,b05-074-00-06 of
119,b05-074-01-00 was
119,b05-074-01-01 an
119,b05-074-01-05 When
119,b05-074-01-06 they
119,b05-074-01-07 burst
119,b05-074-01-08 into
119,b05-074-02-02 Poland
119,b05-074-02-04 Holland
119,b05-074-02-06 Belgium
119,b05-074-02-07 and
119,b05-074-02-08 France
119,b05-074-03-00 they
119,b05-074-03-01 really
119,b05-074-03-03 Hitler
119,b05-074-03-04 when
119,b05-074-03-05 he
119,b05-074-03-07 at
119,b05-074-04-00 them
119,b05-074-04-01 that
119,b05-074-04-02 they
119,b05-074-04-03 were
119,b05-074-04-04 being
119,b05-074-04-09 They
119,b05-074-04-10 really
119,b05-074-05-01 in
119,b05-074-05-02 the
119,b05-074-05-03 moral
119,b05-074-05-05 of
119,b05-074-05-07 The
119,b05-074-05-08 New
119,b05-074-06-00 Order
119,b05-074-06-02 which
119,b05-074-06-03 Himmler
119,b05-074-06-04 on
119,b05-074-06-05 October
119,b05-074-07-00 thus
119,b05-074-07-03 Whether
119,b05-074-07-04 nations
119,b05-074-07-05 live
119,b05-074-07-06 in
119,b05-074-07-08 or
119,b05-074-07-09 starve
119,b05-074-08-00 to
119,b05-074-08-01 death
119,b05-074-08-02 like
119,b05-074-08-03 cattle
119,b05-074-08-05 me
119,b05-074-08-06 only
119,b05-074-08-07 in
119,b05-074-08-08 so
119,b05-074-08-09 far
119,b05-074-08-10 as
119,b05-074-08-11 we
119,b05-074-09-00 need
119,b05-074-09-01 them
119,b05-074-09-02 as
119,b05-074-09-03 slaves
119,b05-074-09-04 to
119,b05-074-09-06 our
119,b05-074-09-07 Kultur
119,b05-074-10-00 it
119,b05-074-10-01 is
119,b05-074-10-02 of
119,b05-074-10-03 no
119,b05-074-10-05 to
119,b05-074-10-06 me
119,g05-094-00-00 The
119,g05-094-00-01 Nazi
119,g05-094-00-03 concept
119,g05-094-00-04 turned
119,g05-094-00-05 out
119,g05-094-00-06 to
119,g05-094-00-07 be
119,g05-094-00-08 nothing
119,g05-094-01-00 more
119,g05-094-01-01 than
119,g05-094-01-03 fantasy
119,g05-094-01-05 Thanks
119,g05-094-01-06 to
119,g05-094-01-07 the
119,g05-094-01-08 good
119,g05-094-02-00 sense
119,g05-094-02-01 of
119,g05-094-02-02 the
119,g05-094-02-03 front
119,g05-094-02-04 line
119,g05-094-02-07 the
119,g05-094-03-00 meeting
119,g05-094-03-01 of
119,g05-094-03-02 East
119,g05-094-03-03 and
119,g05-094-03-04 West
119,g05-094-03-05 was
119,g05-094-03-06 marked
119,g05-094-03-07 by
119,g05-094-04-00 the
119,g05-094-04-01 use
119,g05-094-04-02 of
119,g05-094-04-03 no
119,g05-094-04-04 weapon
119,g05-094-04-05 more
119,g05-094-04-06 lethal
119,g05-094-04-07 than
119,g05-094-05-00 vodka
119,g05-094-05-02 And
119,g05-094-05-03 the
119,g05-094-05-04 effect
119,g05-094-05-05 on
119,g05-094-05-06 the
119,g05-094-05-07 German
119,g05-094-05-08 people
119,g05-094-06-00 of
119,g05-094-06-01 the
119,g05-094-06-02 first
119,g05-094-06-03 ten
119,g05-094-06-04 years
119,g05-094-06-05 of
119,g05-094-06-06 the
119,g05-094-07-01 of
119,g05-094-07-02 Nazi
119,g05-094-07-03 rule
119,g05-094-07-05 so
119,g05-094-07-06 far
119,g05-094-07-07 from
119,g05-094-08-01 spirit
119,g05-094-08-02 of
119,g05-094-08-03 warlike
119,g05-094-08-04 frenzy
119,g05-094-08-06 had
119,g05-094-09-02 dull
119,g05-094-09-04 apathy
