098,b02-102-00-00 To
098,b02-102-00-02 Western
098,b02-102-00-03 allies
098,b02-102-00-04 the
098,b02-102-00-06 has
098,b02-102-00-07 been
098,b02-102-01-02 down
098,b02-102-01-03 and
098,b02-102-01-04 almost
098,b02-102-01-06 their
098,b02-102-02-00 efforts
098,b02-102-02-01 to
098,b02-102-02-02 work
098,b02-102-02-03 out
098,b02-102-02-05 ways
098,b02-102-02-06 of
098,b02-102-02-07 dealing
098,b02-102-02-08 with
098,b02-102-03-00 the
098,b02-102-03-01 Berlin
098,b02-102-03-02 crisis
098,b02-102-03-04 It
098,b02-102-03-05 need
098,b02-102-03-06 not
098,b02-102-03-07 have
098,b02-102-03-08 been
098,b02-102-03-09 such
098,b02-102-03-11 burden
098,b02-102-04-00 if
098,b02-102-04-01 Western
098,b02-102-04-03 had
098,b02-102-04-04 not
098,b02-102-04-05 been
098,b02-102-05-00 that
098,b02-102-05-01 they
098,b02-102-05-02 must
098,b02-102-05-03 do
098,b02-102-05-04 nothing
098,b02-102-05-05 to
098,b02-102-05-06 harm
098,b02-102-05-07 even
098,b02-102-05-09 Dr
098,b02-102-06-01 chances
098,b02-102-06-02 of
098,b02-102-06-03 being
098,b02-102-06-05 as
