005,a01-011-00-01 from
005,a01-011-00-03 Kenneth
005,a01-011-00-05 United
005,a01-011-01-00 Party
005,a01-011-01-03 members
005,a01-011-01-05 and
005,a01-011-01-07 Harry
005,a01-011-01-09 African
005,a01-011-02-05 will
005,a01-011-02-06 meet
005,a01-011-02-07 in
005,a01-011-02-08 London
005,a01-011-02-09 today
005,a01-011-03-00 to
005,a01-011-03-01 discuss
005,a01-011-03-03 common
005,a01-011-03-04 course
005,a01-011-03-05 of
005,a01-011-03-06 action
005,a01-011-03-08 Sir
005,a01-011-03-09 Roy
005,a01-011-03-10 is
005,a01-011-04-01 opposed
005,a01-011-04-02 to
005,a01-011-04-04 getting
005,a01-011-04-05 an
005,a01-011-04-06 elected
005,a01-011-05-00 in
005,a01-011-05-04 but
005,a01-011-05-05 the
005,a01-011-06-01 Iain
005,a01-011-06-02 Macleod
005,a01-011-06-04 is
005,a01-011-06-06 on
005,a01-011-06-08 policy
005,a01-011-06-09 of
005,a01-011-06-10 change
005,a01-030-00-02 is
005,a01-030-00-04 member
005,a01-030-00-05 of
005,a01-030-00-06 the
005,a01-030-01-01 Macleod
005,a01-030-01-02 was
005,a01-030-01-03 not
005,a01-030-01-04 at
005,a01-030-01-05 the
005,a01-030-01-07 meeting
005,a01-030-01-09 But
005,a01-030-01-10 he
005,a01-030-01-11 told
005,a01-030-02-05 have
005,a01-030-02-06 no
005,a01-030-02-08 of
005,a01-030-02-09 secret
005,a01-030-03-00 He
005,a01-030-03-01 said
005,a01-030-03-02 Britain
005,a01-030-03-03 had
005,a01-030-03-04 an
005,a01-030-03-06 to
005,a01-030-03-07 consult
005,a01-030-03-08 the
005,a01-030-03-09 Federal
005,a01-030-04-02 But
005,a01-030-04-03 the
005,a01-030-04-04 final
005,a01-030-04-07 with
005,a01-030-04-08 the
005,a01-030-04-09 British
005,a01-030-05-03 James
005,a01-030-06-00 said
005,a01-030-06-01 Sir
005,a01-030-06-02 Roy
005,a01-030-06-03 had
005,a01-030-06-04 no
005,a01-030-06-05 right
005,a01-030-06-06 to
005,a01-030-06-07 delay
005,a01-030-06-09 in
005,a01-030-06-10 the
005,a01-030-06-11 talks
005,a01-030-06-12 by
005,a01-030-07-01 to
005,a01-030-07-02 sit
005,a01-030-07-03 round
005,a01-030-07-04 the
005,a01-030-07-06 table
