142,c02-030-00-00 When
142,c02-030-00-01 the
142,c02-030-00-02 final
142,c02-030-00-03 miracle
142,c02-030-00-04 does
142,c02-030-00-05 occur
142,c02-030-00-07 it
142,c02-030-00-08 is
142,c02-030-00-10 as
142,c02-030-01-01 joke
142,c02-030-01-03 no
142,c02-030-01-04 one
142,c02-030-01-05 has
142,c02-030-01-06 learned
142,c02-030-01-09 Wicki
142,c02-030-02-01 returns
142,c02-030-02-02 to
142,c02-030-02-03 the
142,c02-030-02-04 city
142,c02-030-02-05 for
142,c02-030-02-07 final
142,c02-030-02-10 In
142,c02-030-03-01 silence
142,c02-030-03-02 he
142,c02-030-03-03 shows
142,c02-030-03-04 the
142,c02-030-03-05 faces
142,c02-030-03-06 of
142,c02-030-03-07 people
142,c02-030-04-00 walking
142,c02-030-04-01 in
142,c02-030-04-02 the
142,c02-030-04-03 streets
142,c02-030-04-05 smug
142,c02-030-04-07 content
142,c02-030-05-00 and
142,c02-030-05-04 Wicki
142,c02-030-05-05 has
142,c02-030-06-01 in
142,c02-030-06-02 his
142,c02-030-06-03 second
142,c02-030-06-04 film
142,c02-030-06-05 in
142,c02-030-07-01 his
142,c02-030-07-04 of
142,c02-030-07-05 the
142,c02-030-08-00 last
142,c02-030-08-01 days
142,c02-030-08-02 of
142,c02-030-08-04 sick
142,c02-030-08-05 society
