003,a01-003x-00-00 Though
003,a01-003x-00-01 they
003,a01-003x-00-02 may
003,a01-003x-00-03 gather
003,a01-003x-00-04 some
003,a01-003x-00-06 support
003,a01-003x-01-00 large
003,a01-003x-01-02 of
003,a01-003x-01-03 Labour
003,a01-003x-01-05 are
003,a01-003x-01-06 likely
003,a01-003x-01-07 to
003,a01-003x-01-08 turn
003,a01-003x-02-00 down
003,a01-003x-02-01 the
003,a01-003x-02-07 line
003,a01-003x-03-00 will
003,a01-003x-03-01 be
003,a01-003x-03-02 that
003,a01-003x-03-03 as
003,a01-003x-03-04 Labour
003,a01-003x-03-06 opposed
003,a01-003x-03-07 the
003,a01-003x-04-00 ment
003,a01-003x-04-01 Bill
003,a01-003x-04-02 which
003,a01-003x-04-03 brought
003,a01-003x-04-04 life
003,a01-003x-04-05 peers
003,a01-003x-04-06 into
003,a01-003x-04-09 they
003,a01-003x-05-00 should
003,a01-003x-05-01 not
003,a01-003x-05-02 now
003,a01-003x-05-03 put
003,a01-003x-05-04 forward
003,a01-003x-05-07 He
003,a01-003x-06-00 that
003,a01-003x-06-01 the
003,a01-003x-06-02 House
003,a01-003x-06-03 of
003,a01-003x-06-04 Lords
003,a01-003x-06-05 should
003,a01-003x-06-06 be
003,a01-003x-06-08 and
003,a01-003x-07-00 that
003,a01-003x-07-01 Labour
003,a01-003x-07-02 should
003,a01-003x-07-03 not
003,a01-003x-07-04 take
003,a01-003x-07-05 any
003,a01-003x-07-06 steps
003,a01-003x-07-07 which
003,a01-003x-07-08 would
003,a01-003x-08-00 appear
003,a01-003x-08-01 to
003,a01-003x-08-03 prop
003,a01-003x-08-04 up
003,a01-003x-08-06 an
003,a01-007x-00-00 Since
003,a01-007x-00-04 Labour
003,a01-007x-00-05 life
003,a01-007x-00-06 Peers
003,a01-007x-00-07 and
003,a01-007x-01-01 have
003,a01-007x-01-02 been
003,a01-007x-01-03 created
003,a01-007x-01-05 Most
003,a01-007x-01-06 Labour
003,a01-007x-02-00 would
003,a01-007x-02-01 still
003,a01-007x-02-02 favour
003,a01-007x-02-03 the
003,a01-007x-02-05 of
003,a01-007x-02-06 the
003,a01-007x-02-07 House
003,a01-007x-03-00 of
003,a01-007x-03-01 Lords
003,a01-007x-03-03 but
003,a01-007x-03-04 while
003,a01-007x-03-05 it
003,a01-007x-03-06 remains
003,a01-007x-03-07 Labour
003,a01-007x-03-08 has
003,a01-007x-03-09 to
003,a01-007x-04-00 have
003,a01-007x-04-01 an
003,a01-007x-04-03 number
003,a01-007x-04-04 of
003,a01-007x-04-05 members
003,a01-007x-04-07 THE
003,a01-007x-05-00 two
003,a01-007x-05-01 rival
003,a01-007x-05-02 African
003,a01-007x-05-04 Parties
003,a01-007x-05-05 of
003,a01-007x-06-01 have
003,a01-007x-06-02 agreed
003,a01-007x-06-03 to
003,a01-007x-06-04 get
003,a01-007x-06-06 to
003,a01-007x-06-07 face
003,a01-007x-06-08 the
003,a01-007x-07-01 from
003,a01-007x-07-02 Sir
003,a01-007x-07-03 Roy
003,a01-007x-07-06 the
003,a01-007x-07-07 Federal
003,a01-007x-07-08 Premier
