580,n03-120-00-00 With
580,n03-120-00-01 four
580,n03-120-00-02 doing
580,n03-120-00-03 the
580,n03-120-00-04 job
580,n03-120-00-05 and
580,n03-120-00-06 the
580,n03-120-00-07 waves
580,n03-120-01-00 pushing
580,n03-120-01-01 at
580,n03-120-01-02 the
580,n03-120-01-03 stern
580,n03-120-01-05 the
580,n03-120-01-06 yawl
580,n03-120-01-07 was
580,n03-120-01-08 soon
580,n03-120-02-00 dragged
580,n03-120-02-01 out
580,n03-120-02-02 but
580,n03-120-02-03 before
580,n03-120-02-04 it
580,n03-120-02-05 was
580,n03-120-02-06 turned
580,n03-120-03-00 over
580,n03-120-03-01 Bueno
580,n03-120-03-02 Buck
580,n03-120-03-03 reached
580,n03-120-03-04 into
580,n03-120-03-05 the
580,n03-120-03-06 foot
580,n03-120-04-00 of
580,n03-120-04-01 water
580,n03-120-04-03 tossed
580,n03-120-04-04 out
580,n03-120-04-06 string
580,n03-120-04-07 of
580,n03-120-04-08 silvery
580,n03-120-05-00 lake
580,n03-120-05-01 trout
580,n03-120-05-02 and
580,n03-120-05-03 said
580,n03-120-05-06 Bill
580,n03-120-05-08 he
580,n03-120-05-10 better
580,n03-120-06-00 man
580,n03-120-06-01 at
580,n03-120-06-02 catch
580,n03-120-06-04 than
580,n03-120-06-05 Injun
580,n03-120-06-07 Judge
580,n03-120-07-00 You
580,n03-120-07-01 look
580,n03-120-07-03 Little
580,n03-120-07-04 one
580,n03-120-07-05 more
580,n03-120-07-06 as
580,n03-120-07-07 fifteen
580,n03-120-08-00 inches
580,n03-120-08-02 Maybe
580,n03-120-08-03 big
580,n03-120-08-04 one
580,n03-120-08-05 four
580,n03-120-08-06 feet
580,n03-120-09-00 huh
