523,m02-059-00-01 she
523,m02-059-00-02 took
523,m02-059-00-03 Harry
523,m02-059-00-04 around
523,m02-059-00-05 with
523,m02-059-00-06 her
523,m02-059-00-08 but
523,m02-059-01-00 never
523,m02-059-01-01 her
523,m02-059-01-02 husband
523,m02-059-01-05 fact
523,m02-059-01-06 he
523,m02-059-01-08 as
523,m02-059-01-13 guess
523,m02-059-02-00 Sally
523,m02-059-02-01 made
523,m02-059-02-03 mistake
523,m02-059-02-04 about
523,m02-059-02-05 me
523,m02-059-02-08 he
523,m02-059-02-09 said
523,m02-059-02-10 one
523,m02-059-03-00 evening
523,m02-059-03-02 when
523,m02-059-03-03 he
523,m02-059-03-04 had
523,m02-059-03-05 been
523,m02-059-03-06 left
523,m02-059-03-07 to
523,m02-059-03-08 cook
523,m02-059-03-09 his
523,m02-059-03-10 own
523,m02-059-03-11 meal
523,m02-059-04-00 All
523,m02-059-04-03 were
523,m02-059-04-05 now
523,m02-059-04-07 but
523,m02-059-04-08 Tom
523,m02-059-05-00 was
523,m02-059-05-02 Static
523,m02-059-05-03 Mib
523,m02-059-05-05 the
523,m02-059-06-00 to
523,m02-059-06-02 on
523,m02-059-06-03 the
523,m02-059-06-04 lower
