040,a03-006-00-00 Today
040,a03-006-00-02 for
040,a03-006-00-03 example
040,a03-006-00-05 the
040,a03-006-00-06 Foreign
040,a03-006-00-08 of
040,a03-006-01-00 nesia
040,a03-006-01-01 arrived
040,a03-006-01-02 in
040,a03-006-01-04 as
040,a03-006-01-05 the
040,a03-006-01-06 guest
040,a03-006-01-07 of
040,a03-006-01-08 the
040,a03-006-02-00 Foreign
040,a03-006-02-03 In
040,a03-006-02-04 fact
040,a03-006-02-05 such
040,a03-006-02-08 has
040,a03-006-03-00 been
040,a03-006-03-04 in
040,a03-006-03-05 the
040,a03-006-03-06 past
040,a03-006-03-07 year
040,a03-006-04-00 or
040,a03-006-04-01 so
040,a03-006-04-02 and
040,a03-006-04-03 though
040,a03-006-04-04 so
040,a03-006-04-05 far
040,a03-006-04-07 apart
040,a03-006-04-08 from
040,a03-006-04-09 joint
040,a03-006-04-10 action
040,a03-006-05-00 in
040,a03-006-05-01 the
040,a03-006-05-02 United
040,a03-006-05-03 Nations
040,a03-006-05-05 these
040,a03-006-05-07 have
040,a03-006-05-08 not
040,a03-006-06-00 been
040,a03-006-06-01 seen
040,a03-006-06-02 on
040,a03-006-06-03 any
040,a03-006-06-04 wider
040,a03-006-06-05 basis
040,a03-006-06-08 Tito
040,a03-006-07-00 is
040,a03-006-07-01 known
040,a03-006-07-02 for
040,a03-006-07-03 some
040,a03-006-07-04 time
040,a03-006-07-05 to
040,a03-006-07-06 have
040,a03-006-08-01 of
040,a03-006-08-03 leaders
