112,b04-147-00-00 AN
112,b04-147-00-02 in
112,b04-147-00-04 is
112,b04-147-00-06 by
112,b04-147-00-07 the
112,b04-147-01-00 Board
112,b04-147-01-02 The
112,b04-147-01-03 board
112,b04-147-01-04 is
112,b04-147-01-05 laying
112,b04-147-01-07 cable
112,b04-147-01-08 along
112,b04-147-02-00 mile
112,b04-147-02-01 route
112,b04-147-02-02 in
112,b04-147-02-03 Surrey
112,b04-147-02-06 warden
112,b04-147-02-09 Jack
112,b04-147-02-10 Finlay
112,b04-147-03-00 has
112,b04-147-03-01 been
112,b04-147-03-03 to
112,b04-147-03-04 smooth
112,b04-147-03-05 out
112,b04-147-03-07 for
112,b04-147-04-01 when
112,b04-147-04-03 are
112,b04-147-04-04 dug
112,b04-147-04-05 outside
112,b04-147-04-06 their
112,b04-147-05-00 front
112,b04-147-05-01 gates
112,b04-147-05-05 By
112,b04-147-05-06 showing
112,b04-147-05-07 concern
112,b04-147-06-00 for
112,b04-147-06-01 the
112,b04-147-06-02 people
112,b04-147-06-03 the
112,b04-147-06-04 board
112,b04-147-06-05 will
112,b04-147-06-06 earn
112,b04-147-06-07 their
112,b04-147-06-08 good
112,b04-147-06-09 will
112,b04-147-07-00 Happy
112,b04-147-07-04 Finlay
112,b04-134-00-00 For
112,b04-134-00-02 today
112,b04-134-00-03 means
112,b04-134-00-04 still
112,b04-134-00-05 greater
112,b04-134-01-04 RUSSELL
112,b04-134-02-00 the
112,b04-134-02-03 bearer
112,b04-134-02-04 of
112,b04-134-02-05 the
112,b04-134-03-01 crusade
112,b04-134-03-03 has
112,b04-134-03-04 devoted
112,b04-134-04-01 march
112,b04-134-04-02 with
112,b04-134-04-03 him
112,b04-134-04-05 and
112,b04-134-04-06 sit
112,b04-134-04-07 with
112,b04-134-04-08 him
112,b04-134-05-00 too
112,b04-134-05-02 It
112,b04-134-05-03 is
112,b04-134-05-04 said
112,b04-134-05-05 by
112,b04-134-05-06 some
112,b04-134-05-07 that
112,b04-134-05-08 he
112,b04-134-05-09 is
112,b04-134-05-11 saint
112,b04-134-05-13 by
112,b04-134-06-00 others
112,b04-134-06-01 that
112,b04-134-06-02 he
112,b04-134-06-03 is
112,b04-134-06-05 prophet
112,b04-134-06-07 He
112,b04-134-06-08 is
112,b04-134-06-10 in
112,b04-134-06-11 fact
112,b04-134-07-01 with
112,b04-134-07-03 highly
112,b04-134-07-05 sense
112,b04-134-07-06 of
112,b04-134-08-00 who
112,b04-134-08-01 has
112,b04-134-08-02 been
112,b04-134-08-04 wrong
112,b04-134-08-05 on
112,b04-134-08-06 the
112,b04-134-08-07 great
112,b04-134-09-00 issues
112,b04-134-09-01 of
112,b04-134-09-02 our
112,b04-134-09-03 time
112,b04-154-00-00 GOOD
112,b04-154-00-01 for
112,b04-154-00-02 Sir
112,b04-154-00-03 Roy
112,b04-154-00-06 The
112,b04-154-00-07 tough
112,b04-154-01-01 Premier
112,b04-154-01-02 of
112,b04-154-01-03 the
112,b04-154-02-00 shakes
112,b04-154-02-01 the
112,b04-154-02-02 life
112,b04-154-02-03 out
112,b04-154-02-04 of
112,b04-154-02-05 his
112,b04-154-02-06 critics
112,b04-154-02-08 He
112,b04-154-02-09 calls
112,b04-154-02-10 them
112,b04-154-03-04 He
112,b04-154-03-06 to
112,b04-154-04-00 against
112,b04-154-04-01 African
112,b04-154-04-03 and
112,b04-154-04-04 woolly
112,b04-154-04-05 minded
112,b04-154-05-01 in
112,b04-154-05-02 the
112,b04-154-05-03 West
112,b04-154-05-05 Some
112,b04-154-05-06 may
112,b04-154-05-07 ask
112,b04-154-05-09 Is
112,b04-154-06-02 in
112,b04-154-06-03 being
112,b04-154-06-04 so
112,b04-154-06-05 harsh
112,b04-154-06-06 to
112,b04-154-06-07 those
112,b04-154-06-08 who
112,b04-154-07-01 with
112,b04-154-07-02 him
112,b04-154-07-04 The
112,b04-154-07-05 facts
112,b04-154-07-06 answer
112,b04-154-07-07 that
112,b04-140-00-00 BEFORE
112,b04-140-00-01 the
112,b04-140-00-02 war
112,b04-140-00-03 he
112,b04-140-00-04 urged
112,b04-140-00-05 the
112,b04-140-00-06 British
112,b04-140-00-07 people
112,b04-140-01-00 to
112,b04-140-01-01 welcome
112,b04-140-01-03 troops
112,b04-140-01-04 as
112,b04-140-02-00 After
112,b04-140-02-01 the
112,b04-140-02-02 war
112,b04-140-02-03 he
112,b04-140-02-07 war
112,b04-140-02-08 against
112,b04-140-03-00 Russia
112,b04-140-03-02 Now
112,b04-140-03-03 he
112,b04-140-03-04 wants
112,b04-140-03-05 Britain
112,b04-140-03-06 to
112,b04-140-03-08 her
112,b04-140-04-03 the
112,b04-140-04-04 years
112,b04-140-04-05 Lord
112,b04-140-04-06 Russell
112,b04-140-05-00 and
112,b04-140-05-01 his
112,b04-140-05-03 have
112,b04-140-05-04 been
112,b04-140-05-05 able
112,b04-140-05-06 to
112,b04-140-05-07 pursue
112,b04-140-05-08 their
112,b04-140-06-02 in
112,b04-140-06-03 freedom
112,b04-140-06-05 They
112,b04-140-06-06 should
112,b04-140-07-00 ask
112,b04-140-07-02 this
112,b04-140-07-05 How
112,b04-140-07-06 long
112,b04-140-07-07 would
112,b04-140-08-00 that
112,b04-140-08-01 freedom
112,b04-140-08-02 last
112,b04-140-08-03 if
112,b04-140-08-04 their
112,b04-140-08-06 were
112,b04-140-08-07 adopted
