616,p03-027-00-00 She
616,p03-027-00-03 what
616,p03-027-00-04 they
616,p03-027-00-05 had
616,p03-027-00-06 been
616,p03-027-00-07 talking
616,p03-027-00-08 about
616,p03-027-00-09 or
616,p03-027-01-00 which
616,p03-027-01-02 lark
616,p03-027-01-04 she
616,p03-027-01-05 would
616,p03-027-01-06 have
616,p03-027-01-07 to
616,p03-027-01-08 stop
616,p03-027-01-10 only
616,p03-027-01-11 that
616,p03-027-01-13 tiny
616,p03-027-02-00 word
616,p03-027-02-01 shouted
616,p03-027-02-02 into
616,p03-027-02-03 her
616,p03-027-02-04 very
616,p03-027-02-05 soul
616,p03-027-02-07 horn
616,p03-027-02-08 of
616,p03-027-02-09 warning
616,p03-027-02-11 and
616,p03-027-03-00 with
616,p03-027-03-01 it
616,p03-027-03-02 was
616,p03-027-03-03 coupled
616,p03-027-03-07 of
616,p03-027-04-00 which
616,p03-027-04-01 now
616,p03-027-04-02 took
616,p03-027-04-03 on
616,p03-027-04-04 an
616,p03-027-04-05 ominous
616,p03-027-04-08 Nigel
616,p03-027-04-09 had
616,p03-027-04-10 been
616,p03-027-05-00 seen
616,p03-027-05-01 in
616,p03-027-05-03 on
616,p03-027-05-04 an
616,p03-027-05-06 he
616,p03-027-05-07 had
616,p03-027-05-08 sworn
616,p03-027-05-09 he
616,p03-027-05-10 had
616,p03-027-06-00 been
616,p03-027-06-02 in
616,p03-027-06-03 for
616,p03-027-06-04 Luke
616,p03-027-06-05 Parsons
616,p03-027-06-06 at
616,p03-027-06-07 his
616,p03-027-06-08 surgery
616,p03-027-06-09 in
616,p03-027-07-00 Little
