564,n02-054-00-01 As
564,n02-054-00-02 your
564,n02-054-00-04 it
564,n02-054-00-06 not
564,n02-054-00-07 my
564,n02-054-01-00 to
564,n02-054-01-02 all
564,n02-054-01-03 the
564,n02-054-01-04 whys
564,n02-054-01-05 and
564,n02-054-02-01 of
564,n02-054-02-02 your
564,n02-054-02-03 actions
564,n02-054-02-06 he
564,n02-054-02-07 said
564,n02-054-03-00 stiffly
564,n02-054-03-03 Still
564,n02-054-03-04 less
564,n02-054-03-05 to
564,n02-054-03-07 you
564,n02-054-04-01 Oh
564,n02-054-04-03 drop
564,n02-054-04-04 that
564,n02-054-04-07 Piers
564,n02-054-05-00 Be
564,n02-054-05-04 she
564,n02-054-05-07 with
564,n02-054-06-04 Very
564,n02-054-06-05 well
564,n02-054-06-08 He
564,n02-054-07-00 brought
564,n02-054-07-01 the
564,n02-054-07-02 jeep
564,n02-054-07-03 to
564,n02-054-07-06 in
564,n02-054-07-08 rough
564,n02-054-08-00 path
564,n02-054-08-01 fringed
564,n02-054-08-02 and
564,n02-054-08-03 shaded
564,n02-054-08-04 by
564,n02-054-08-05 citrus
564,n02-054-08-06 trees
564,n02-054-09-01 If
564,n02-054-09-02 you
564,n02-054-09-03 want
564,n02-054-09-04 my
564,n02-054-09-05 true
564,n02-054-09-06 opinion
564,n02-054-09-09 give
564,n02-054-09-10 it
