516,m01-125-00-00 So
516,m01-125-00-01 they
516,m01-125-00-03 to
516,m01-125-00-04 see
516,m01-125-00-05 if
516,m01-125-00-06 the
516,m01-125-00-07 coast
516,m01-125-01-00 was
516,m01-125-01-01 clear
516,m01-125-01-03 The
516,m01-125-01-04 street
516,m01-125-01-05 was
516,m01-125-01-06 quiet
516,m01-125-01-07 and
516,m01-125-02-02 and
516,m01-125-02-03 there
516,m01-125-02-04 were
516,m01-125-02-05 neither
516,m01-125-02-06 sight
516,m01-125-03-00 nor
516,m01-125-03-01 sound
516,m01-125-03-02 of
516,m01-125-03-03 flying
516,m01-125-03-04 saucers
516,m01-125-03-06 So
516,m01-125-03-07 they
516,m01-125-04-01 forth
516,m01-125-04-02 and
516,m01-125-04-03 made
516,m01-125-04-04 their
516,m01-125-04-05 way
516,m01-125-04-06 on
516,m01-125-05-00 foot
516,m01-125-05-01 to
516,m01-125-05-03 house
516,m01-125-05-05 Dan
516,m01-125-05-06 came
516,m01-125-06-00 to
516,m01-125-06-01 the
516,m01-125-06-02 door
516,m01-125-06-03 at
516,m01-125-06-04 their
516,m01-125-06-05 ring
516,m01-125-06-06 but
516,m01-125-07-00 to
516,m01-125-07-01 offer
516,m01-125-07-02 any
516,m01-125-07-05 He
516,m01-125-07-06 was
516,m01-125-07-07 deeply
516,m01-125-08-02 and
516,m01-125-08-03 it
516,m01-125-08-04 seemed
516,m01-125-08-05 that
516,m01-125-08-06 the
516,m01-125-09-00 ringing
516,m01-125-09-01 of
516,m01-125-09-04 was
516,m01-125-09-05 to
516,m01-125-09-06 him
516,m01-125-10-01 new
516,m01-125-10-02 and
516,m01-125-10-03 strange
