331,g05-087-00-00 Less
331,g05-087-00-01 than
331,g05-087-00-02 no
331,g05-087-00-04 from
331,g05-087-00-05 the
331,g05-087-00-06 Russian
331,g05-087-00-07 side
331,g05-087-00-08 led
331,g05-087-01-00 one
331,g05-087-01-01 to
331,g05-087-01-02 fear
331,g05-087-01-03 that
331,g05-087-01-04 the
331,g05-087-01-05 event
331,g05-087-01-06 might
331,g05-087-01-07 well
331,g05-087-01-08 have
331,g05-087-01-09 the
331,g05-087-02-00 outcome
331,g05-087-02-01 that
331,g05-087-02-02 the
331,g05-087-02-03 Nazis
331,g05-087-02-05 hoped
331,g05-087-02-06 might
331,g05-087-03-00 lead
331,g05-087-03-01 to
331,g05-087-03-04 Then
331,g05-087-03-05 there
331,g05-087-03-06 had
331,g05-087-03-07 been
331,g05-087-03-08 much
331,g05-087-03-09 talk
331,g05-087-03-10 of
331,g05-087-04-00 the
331,g05-087-04-01 setting
331,g05-087-04-02 up
331,g05-087-04-03 among
331,g05-087-04-04 the
331,g05-087-04-05 German
331,g05-087-04-07 of
331,g05-087-05-00 general
331,g05-087-05-01 system
331,g05-087-05-02 of
331,g05-087-05-07 to
331,g05-087-05-08 be
331,g05-087-05-09 named
