187,d04-032-00-00 The
187,d04-032-00-02 daily
187,d04-032-00-03 life
187,d04-032-00-04 writes
187,d04-032-00-05 the
187,d04-032-01-00 which
187,d04-032-01-01 is
187,d04-032-01-02 written
187,d04-032-01-03 on
187,d04-032-01-04 two
187,d04-032-01-05 plates
187,d04-032-01-07 the
187,d04-032-01-08 hard
187,d04-032-01-09 facts
187,d04-032-02-00 of
187,d04-032-02-01 life
187,d04-032-02-03 and
187,d04-032-02-04 all
187,d04-032-02-05 facts
187,d04-032-02-06 are
187,d04-032-02-08 one
187,d04-032-02-11 We
187,d04-032-02-12 have
187,d04-032-02-13 all
187,d04-032-03-00 come
187,d04-032-03-01 across
187,d04-032-03-02 human
187,d04-032-03-03 Shamirs
187,d04-032-03-04 and
187,d04-032-03-05 they
187,d04-032-03-06 leave
187,d04-032-04-01 deep
187,d04-032-04-03 on
187,d04-032-04-04 our
187,d04-032-04-06 and
187,d04-032-04-07 senses
187,d04-032-05-00 They
187,d04-032-05-01 make
187,d04-032-05-02 us
187,d04-032-05-03 the
187,d04-032-05-04 Altar
187,d04-032-05-05 for
187,d04-032-05-06 God
187,d04-032-05-07 to
187,d04-032-05-08 emit
187,d04-032-06-00 the
187,d04-032-06-01 Light
187,d04-032-06-02 which
187,d04-032-06-03 can
187,d04-032-06-04 be
187,d04-032-06-05 read
187,d04-032-06-06 in
187,d04-032-06-07 every
187,d04-032-07-02 The
187,d04-032-07-03 Shamir
187,d04-032-07-04 is
187,d04-032-07-05 the
187,d04-032-07-07 seventh
187,d04-032-07-09 and
187,d04-032-08-00 most
187,d04-032-08-04 that
187,d04-032-08-05 was
187,d04-032-08-06 created
187,d04-032-08-07 on
187,d04-032-09-00 the
187,d04-032-09-01 eve
187,d04-032-09-02 of
187,d04-032-09-03 the
187,d04-032-09-04 Sabbath
187,d04-032-09-06 to
187,d04-032-09-07 bring
187,d04-032-09-08 the
187,d04-032-10-00 Sabbath
187,d04-032-10-02 real
187,d04-032-10-03 peace
187,d04-032-10-04 to
187,d04-032-10-05 the
187,d04-032-10-06 whole
187,d04-032-10-07 world
187,d04-037-00-00 Then
187,d04-037-00-01 the
187,d04-037-00-02 whole
187,d04-037-00-03 earth
187,d04-037-00-04 will
187,d04-037-00-05 be
187,d04-037-00-06 His
187,d04-037-00-07 Altar
187,d04-037-00-10 And
187,d04-037-00-11 it
187,d04-037-01-00 shall
187,d04-037-01-01 come
187,d04-037-01-02 to
187,d04-037-01-03 pass
187,d04-037-01-05 if
187,d04-037-01-07 shall
187,d04-037-02-01 unto
187,d04-037-02-02 my
187,d04-037-02-05 which
187,d04-037-02-07 command
187,d04-037-03-00 you
187,d04-037-03-01 this
187,d04-037-03-02 day
187,d04-037-03-04 to
187,d04-037-03-05 love
187,d04-037-03-06 the
187,d04-037-03-07 Lord
187,d04-037-03-08 your
187,d04-037-03-09 God
187,d04-037-03-11 and
187,d04-037-03-12 to
187,d04-037-04-00 serve
187,d04-037-04-01 Him
187,d04-037-04-02 with
187,d04-037-04-03 all
187,d04-037-04-04 your
187,d04-037-04-05 heart
187,d04-037-04-06 and
187,d04-037-04-07 with
187,d04-037-04-08 all
187,d04-037-05-00 your
187,d04-037-05-01 soul
187,d04-037-05-04 This
187,d04-037-05-05 may
187,d04-037-05-06 seem
187,d04-037-05-07 very
187,d04-037-05-08 good
187,d04-037-05-10 but
187,d04-037-05-11 there
187,d04-037-06-00 is
