211,e01-022-00-00 Lucky
211,e01-022-00-01 indeed
211,e01-022-00-02 are
211,e01-022-00-03 the
211,e01-022-00-05 that
211,e01-022-01-00 possess
211,e01-022-01-03 of
211,e01-022-01-04 lace
211,e01-022-01-07 lace
211,e01-022-02-00 bridal
211,e01-022-02-01 veil
211,e01-022-02-02 handed
211,e01-022-02-03 down
211,e01-022-02-04 from
211,e01-022-02-05 mother
211,e01-022-03-00 to
211,e01-022-04-00 robe
211,e01-022-04-01 that
211,e01-022-04-02 each
211,e01-022-04-04 wears
211,e01-022-04-05 in
211,e01-022-04-06 turn
211,e01-022-05-00 these
211,e01-022-05-01 are
211,e01-022-05-02 proud
211,e01-022-05-05 linked
211,e01-022-05-06 to
211,e01-022-05-07 the
211,e01-022-06-02 of
211,e01-022-06-03 the
211,e01-022-06-04 past
211,e01-025-00-00 But
211,e01-025-00-02 is
211,e01-025-00-03 by
211,e01-025-00-04 no
211,e01-025-00-05 means
211,e01-025-00-07 lost
211,e01-025-01-00 art
211,e01-025-01-02 It
211,e01-025-01-05 decline
211,e01-025-01-06 and
211,e01-025-01-07 fell
211,e01-025-01-08 into
211,e01-025-02-01 low
211,e01-025-02-03 in
211,e01-025-02-04 the
211,e01-025-02-05 fussy
211,e01-025-03-01 of
211,e01-025-03-02 the
211,e01-025-03-04 age
211,e01-025-04-00 but
211,e01-025-04-01 it
211,e01-025-04-02 would
211,e01-025-04-03 take
211,e01-025-04-04 more
211,e01-025-04-05 than
211,e01-025-05-00 lapse
211,e01-025-05-01 in
211,e01-025-05-02 good
211,e01-025-05-03 taste
211,e01-025-05-04 to
211,e01-025-05-05 destroy
211,e01-025-05-06 this
211,e01-025-05-07 lovely
211,e01-025-06-00 viable
211,e01-025-06-01 craft
211,e01-025-06-03 It
211,e01-025-06-04 has
211,e01-025-06-06 in
211,e01-025-06-07 fact
211,e01-025-06-09 readily
211,e01-025-07-00 adapted
211,e01-025-07-01 itself
211,e01-025-07-02 to
211,e01-025-07-03 modern
211,e01-025-07-04 tastes
211,e01-025-07-05 and
211,e01-025-07-06 the
211,e01-025-08-01 in
211,e01-025-08-02 the
211,e01-025-08-04 pages
211,e01-025-08-05 will
211,e01-025-08-06 show
211,e01-025-09-00 how
211,e01-025-09-02 it
211,e01-025-09-03 is
211,e01-025-09-04 in
211,e01-025-09-06 with
