583,n04-048-00-00 So
583,n04-048-00-01 he
583,n04-048-00-02 put
583,n04-048-00-03 up
583,n04-048-00-04 for
583,n04-048-00-05 the
583,n04-048-00-06 night
583,n04-048-00-07 at
583,n04-048-00-08 The
583,n04-048-00-10 Head
583,n04-048-00-12 that
583,n04-048-01-00 famous
583,n04-048-01-04 second
583,n04-048-01-05 only
583,n04-048-01-06 in
583,n04-048-02-01 to
583,n04-048-02-02 The
583,n04-048-02-03 George
583,n04-048-02-07 by
583,n04-048-02-08 German
583,n04-048-03-00 bombs
583,n04-048-03-01 during
583,n04-048-03-02 the
583,n04-048-03-03 last
583,n04-048-03-04 war
583,n04-048-03-06 Having
583,n04-048-03-08 his
583,n04-048-04-00 baggage
583,n04-048-04-01 and
583,n04-048-04-03 his
583,n04-048-04-05 he
583,n04-048-05-00 went
583,n04-048-05-01 in
583,n04-048-05-02 search
583,n04-048-05-03 of
583,n04-048-05-05 drink
583,n04-048-05-07 The
583,n04-048-05-08 lower
583,n04-048-05-09 bar
583,n04-048-05-10 was
583,n04-048-06-00 empty
583,n04-048-06-02 save
583,n04-048-06-03 for
583,n04-048-06-04 the
583,n04-048-06-05 lady
583,n04-048-06-06 known
583,n04-048-06-07 by
583,n04-048-06-08 all
583,n04-048-06-09 habitue
583,n04-048-07-01 as
583,n04-048-07-03 Seaweed
583,n04-048-07-06 and
583,n04-048-08-00 man
583,n04-048-08-01 who
583,n04-048-08-02 was
583,n04-048-08-03 staring
583,n04-048-08-04 moodily
583,n04-048-08-05 into
583,n04-048-08-07 gin
583,n04-048-09-00 and
583,n04-048-09-01 tonic
583,n04-052-00-01 memory
583,n04-052-00-02 was
583,n04-052-00-05 her
583,n04-052-00-06 manner
583,n04-052-01-00 must
583,n04-052-01-01 have
583,n04-052-01-02 been
583,n04-052-01-03 worth
583,n04-052-01-05 great
583,n04-052-01-06 deal
583,n04-052-01-07 to
583,n04-052-01-08 the
583,n04-052-02-00 of
583,n04-052-02-01 the
583,n04-052-02-02 hotel
583,n04-052-02-04 She
583,n04-052-02-05 greeted
583,n04-052-02-06 John
583,n04-052-02-08 however
583,n04-052-02-10 with
583,n04-052-02-11 less
583,n04-052-03-00 than
583,n04-052-03-01 her
583,n04-052-03-02 usual
583,n04-052-03-04 and
583,n04-052-03-05 flashed
583,n04-052-03-07 warning
583,n04-052-04-00 glance
583,n04-052-04-01 at
583,n04-052-04-02 him
583,n04-052-04-05 the
583,n04-052-04-06 other
583,n04-052-05-00 of
583,n04-052-05-01 the
583,n04-052-05-02 bar
583,n04-052-05-03 was
583,n04-052-05-04 not
583,n04-052-05-06 grata
583,n04-052-05-08 If
583,n04-052-05-09 her
583,n04-052-06-00 memory
583,n04-052-06-01 was
583,n04-052-06-02 good
583,n04-052-06-04 so
583,n04-052-06-05 was
583,n04-052-06-06 this
583,n04-052-07-01 You
583,n04-052-07-04 Winter
583,n04-052-07-07 he
583,n04-052-07-08 said
583,n04-052-07-11 Have
583,n04-052-08-00 gin
583,n04-052-08-03 He
583,n04-052-08-04 turned
583,n04-052-08-05 to
583,n04-052-08-06 Seaweed
583,n04-060-00-01 Make
583,n04-060-00-02 it
583,n04-060-00-04 large
583,n04-060-00-05 one
583,n04-060-00-07 darling
583,n04-060-00-10 know
583,n04-060-00-11 the
583,n04-060-00-12 naval
583,n04-060-01-00 habits
583,n04-060-01-03 Drink
583,n04-060-01-04 gin
583,n04-060-01-05 and
583,n04-060-01-06 call
583,n04-060-01-07 each
583,n04-060-01-08 other
583,n04-060-01-09 wallahs
583,n04-060-02-00 what
583,n04-060-02-04 as
583,n04-060-02-05 the
583,n04-060-02-06 Guards
583,n04-060-02-07 officer
583,n04-060-02-08 said
583,n04-060-02-09 on
583,n04-060-02-10 his
583,n04-060-02-11 return
583,n04-060-03-00 from
583,n04-060-03-02 visit
583,n04-060-03-03 to
583,n04-060-03-04 the
583,n04-060-03-05 Royal
583,n04-060-03-06 Navy
583,n04-060-03-10 what
583,n04-060-04-02 in
583,n04-060-04-03 the
583,n04-060-04-04 war
583,n04-060-04-06 what
583,n04-060-04-08 Crawled
583,n04-060-05-00 inside
583,n04-060-05-03 casing
583,n04-060-05-04 to
583,n04-060-05-05 defuse
583,n04-060-05-07 Jerry
583,n04-060-06-00 bomb
583,n04-060-06-02 Should
583,n04-060-06-03 have
583,n04-060-06-04 been
583,n04-068-00-00 What
583,n04-068-00-01 are
583,n04-068-00-02 you
583,n04-068-00-03 waiting
583,n04-068-00-04 for
583,n04-068-00-06 darling
583,n04-068-00-08 The
583,n04-068-00-09 officer
583,n04-068-00-10 is
583,n04-068-01-01 thirsty
583,n04-068-01-04 John
583,n04-068-01-05 fought
583,n04-068-01-06 back
583,n04-068-01-07 his
583,n04-068-02-01 desire
583,n04-068-02-02 to
583,n04-068-02-03 snub
583,n04-068-02-04 the
583,n04-068-02-05 man
583,n04-068-02-07 If
583,n04-068-02-08 he
583,n04-068-02-09 did
583,n04-068-02-10 he
583,n04-068-03-00 would
583,n04-068-03-01 have
583,n04-068-03-02 to
583,n04-068-03-03 leave
583,n04-068-03-04 the
583,n04-068-03-05 bar
583,n04-068-03-06 and
583,n04-068-03-07 either
583,n04-068-03-08 sit
583,n04-068-03-09 in
583,n04-068-04-00 the
583,n04-068-04-01 lounge
583,n04-068-04-02 or
583,n04-068-04-03 return
583,n04-068-04-04 to
583,n04-068-04-05 his
583,n04-068-04-06 bedroom
583,n04-068-05-00 Seaweed
583,n04-068-05-01 sensed
583,n04-068-05-02 his
583,n04-068-05-04 and
583,n04-068-06-00 came
583,n04-068-06-01 to
583,n04-068-06-02 the
583,n04-068-06-03 rescue
583,n04-068-06-06 You
583,n04-068-07-03 she
583,n04-068-07-04 said
583,n04-068-07-05 with
583,n04-068-07-06 mock
583,n04-075-00-01 It
583,n04-075-00-04 rule
583,n04-075-00-05 on
583,n04-075-00-06 these
583,n04-075-00-09 No
583,n04-075-00-11 with
583,n04-075-01-02 that
583,n04-075-01-04 right
583,n04-075-01-06 John
583,n04-075-01-09 it
583,n04-075-01-13 My
583,n04-075-02-00 fault
583,n04-075-02-04 said
583,n04-075-02-05 the
583,n04-075-02-09 It
583,n04-075-02-11 my
583,n04-075-03-00 nature
583,n04-075-03-03 assumed
583,n04-075-03-04 that
583,n04-075-03-05 you
583,n04-075-03-06 both
583,n04-075-03-07 knew
583,n04-075-03-08 who
583,n04-075-04-00 was
583,n04-075-04-04 Ian
583,n04-075-04-05 Bawley
583,n04-075-04-07 Does
583,n04-075-04-08 that
583,n04-075-04-09 mean
583,n04-075-05-00 to
583,n04-075-05-01 you
583,n04-075-05-04 It
583,n04-075-05-05 did
583,n04-075-05-07 Ian
583,n04-075-05-09 name
583,n04-075-05-10 was
583,n04-075-06-00 printed
583,n04-075-06-01 at
583,n04-075-06-02 the
583,n04-075-06-03 head
583,n04-075-06-04 of
583,n04-075-06-05 most
583,n04-075-06-06 naval
583,n04-075-07-00 in
583,n04-075-07-01 the
583,n04-075-07-02 Daily
583,n04-075-07-03 Courier
