603,p02-115-00-00 Doc
603,p02-115-00-01 gave
603,p02-115-00-02 her
603,p02-115-00-03 hand
603,p02-115-00-05 shake
603,p02-115-00-08 Wake
603,p02-115-00-09 up
603,p02-115-01-00 Gay
603,p02-115-01-02 and
603,p02-115-01-04 even
603,p02-115-02-01 away
603,p02-115-02-02 on
603,p02-115-02-04 chap
603,p02-115-02-05 like
603,p02-115-02-06 that
603,p02-115-02-08 You
603,p02-115-03-00 fine
603,p02-115-03-01 girl
603,p02-115-03-05 and
603,p02-115-03-06 pretty
603,p02-115-03-08 and
603,p02-115-03-10 had
603,p02-115-04-00 thought
603,p02-115-04-01 you
603,p02-115-04-02 were
603,p02-115-04-04 too
603,p02-115-05-00 make
603,p02-115-05-02 fool
603,p02-115-05-03 of
603,p02-115-05-05 over
603,p02-115-05-06 someone
603,p02-115-06-00 who
603,p02-115-06-02 care
603,p02-115-06-03 two
603,p02-115-06-04 jots
603,p02-115-06-05 for
603,p02-115-06-06 your
603,p02-115-07-00 If
603,p02-115-07-01 he
603,p02-115-07-02 behaves
603,p02-115-07-03 like
603,p02-115-07-04 this
603,p02-115-07-05 now
603,p02-115-07-06 what
603,p02-115-07-07 is
603,p02-115-07-08 your
603,p02-115-08-00 married
603,p02-115-08-01 life
603,p02-115-08-02 going
603,p02-115-08-03 to
603,p02-115-08-04 be
603,p02-115-08-05 like
