085,a06-124-00-00 The
085,a06-124-00-01 big
085,a06-124-00-03 squeeze
085,a06-124-00-05 means
085,a06-124-00-06 that
085,a06-124-00-07 it
085,a06-124-00-08 is
085,a06-124-00-09 going
085,a06-124-00-10 to
085,a06-124-00-11 be
085,a06-124-00-12 more
085,a06-124-01-01 to
085,a06-124-01-02 arrange
085,a06-124-01-04 loan
085,a06-124-01-05 or
085,a06-124-01-08 And
085,a06-124-01-09 banks
085,a06-124-01-10 will
085,a06-124-01-11 be
085,a06-124-02-01 in
085,a06-124-02-06 This
085,a06-124-02-07 is
085,a06-124-02-09 in
085,a06-124-03-00 the
085,a06-124-03-01 Central
085,a06-124-03-03 weekly
085,a06-124-03-04 return
085,a06-124-03-07 which
085,a06-124-03-08 shows
085,a06-124-03-09 that
085,a06-124-03-10 more
085,a06-124-04-00 than
085,a06-124-04-02 of
085,a06-124-04-03 the
085,a06-124-04-05 money
085,a06-124-04-06 is
085,a06-124-04-07 now
085,a06-124-04-08 frozen
085,a06-124-04-09 in
085,a06-124-04-10 the
085,a06-124-05-00 form
085,a06-124-05-01 of
085,a06-124-05-02 special
085,a06-124-05-04 with
085,a06-124-05-05 the
085,a06-124-05-06 Bank
085,a06-124-05-07 of
085,a06-124-05-08 England
085,a06-141-00-00 BRITAIN
085,a06-141-00-02 One
085,a06-141-00-03 cannot
085,a06-141-00-04 but
085,a06-141-00-05 wonder
085,a06-141-00-06 at
085,a06-141-00-07 British
085,a06-141-00-08 bases
085,a06-141-00-09 being
085,a06-141-01-00 put
085,a06-141-01-01 at
085,a06-141-01-02 the
085,a06-141-01-04 of
085,a06-141-01-05 those
085,a06-141-01-06 very
085,a06-141-01-08 who
085,a06-141-01-09 razed
085,a06-141-02-01 and
085,a06-141-02-03 bombed
085,a06-141-02-04 London
085,a06-141-02-05 and
085,a06-141-02-06 other
085,a06-141-02-07 British
085,a06-141-03-00 cities
085,a06-141-03-02 FRANCE
085,a06-141-03-04 One
085,a06-141-03-05 can
085,a06-141-03-06 hardly
085,a06-141-03-08 the
085,a06-141-03-09 French
085,a06-141-03-10 are
085,a06-141-04-00 not
085,a06-141-04-01 alarmed
085,a06-141-04-04 Next
085,a06-141-04-05 door
085,a06-141-04-07 in
085,a06-141-04-08 West
085,a06-141-04-09 Germany
085,a06-141-04-11 before
085,a06-141-05-00 eyes
085,a06-141-05-01 there
085,a06-141-05-02 has
085,a06-141-05-03 sprung
085,a06-141-05-04 up
085,a06-141-05-06 regular
085,a06-141-05-07 army
085,a06-141-05-08 led
085,a06-141-05-09 by
085,a06-141-05-10 former
085,a06-141-05-11 Nazi
085,a06-141-06-01 and
085,e07-000-00-00 WE
085,e07-000-00-01 have
085,e07-000-00-02 not
085,e07-000-00-03 yet
085,e07-000-00-04 reached
085,e07-000-00-05 the
085,e07-000-00-06 stage
085,e07-000-00-07 in
085,e07-000-00-08 Britain
085,e07-000-01-00 when
085,e07-000-01-02 planes
085,e07-000-01-03 are
085,e07-000-01-04 engaged
085,e07-000-01-05 in
085,e07-000-01-08 tons
085,e07-000-02-00 of
085,e07-000-02-01 DDT
085,e07-000-02-02 and
085,e07-000-02-03 fuel
085,e07-000-02-04 oil
085,e07-000-02-05 over
085,e07-000-02-07 million
085,e07-000-02-08 acres
085,e07-000-02-09 or
085,e07-000-02-10 when
085,e07-000-03-01 million
085,e07-000-03-02 acres
085,e07-000-03-03 are
085,e07-000-03-04 sprayed
085,e07-000-03-05 with
085,e07-000-03-08 An
085,e07-000-04-00 witness
085,e07-000-04-02 one
085,e07-000-04-03 sprayed
085,e07-000-04-04 area
085,e07-000-04-05 as
085,e07-000-04-07 rank
085,e07-000-04-08 with
085,e07-000-05-00 the
085,e07-000-05-01 stench
085,e07-000-05-02 of
085,e07-000-05-03 small
085,e07-000-05-04 game
085,e07-000-05-05 and
085,e07-000-05-06 birds
085,e07-000-05-07 dead
085,e07-000-05-08 from
085,e07-000-06-00 cide
085,a06-147-00-00 With
085,a06-147-00-01 fire
085,a06-147-00-02 and
085,a06-147-00-03 sword
085,a06-147-00-04 France
085,a06-147-00-05 denies
085,a06-147-00-06 Algeria
085,a06-147-00-07 the
085,a06-147-00-08 right
085,a06-147-00-09 to
085,a06-147-01-01 and
085,a06-147-01-03 on
085,a06-147-01-05 right
085,a06-147-01-06 to
085,a06-147-02-00 WEST
085,a06-147-02-01 GERMANY
085,a06-147-02-03 Russia
085,a06-147-02-04 would
085,a06-147-02-05 like
085,a06-147-02-06 to
085,a06-147-02-07 see
085,a06-147-02-09 clear
085,a06-147-03-01 that
085,a06-147-03-02 West
085,a06-147-03-03 Germany
085,a06-147-03-04 would
085,a06-147-03-05 not
085,a06-147-03-06 survive
085,a06-147-03-07 even
085,a06-147-03-09 few
085,a06-147-03-10 hours
085,a06-147-04-00 of
085,a06-147-04-02 third
085,a06-147-04-03 world
085,a06-147-04-04 war
085,a06-147-04-06 The
085,a06-147-04-07 best
085,a06-147-04-08 way
085,a06-147-04-09 to
085,a06-147-04-10 rule
085,a06-147-04-11 out
085,a06-147-04-12 such
085,a06-147-04-14 tragic
085,a06-147-05-01 would
085,a06-147-05-02 be
085,a06-147-05-03 to
085,a06-147-05-04 sign
085,a06-147-05-06 peace
085,a06-147-05-07 treaty
085,a06-147-05-08 to
085,a06-147-05-09 remove
085,a06-147-05-10 the
085,a06-147-06-00 growth
085,a06-147-06-01 of
085,a06-147-06-02 West
085,a06-147-06-05 status
085,a06-157-00-00 This
085,a06-157-00-01 figure
085,a06-157-00-02 has
085,a06-157-00-03 been
085,a06-157-00-05 only
085,a06-157-00-06 on
085,a06-157-00-07 the
085,a06-157-00-08 eve
085,a06-157-00-09 of
085,a06-157-00-10 the
085,a06-157-01-00 East
085,a06-157-01-01 German
085,a06-157-01-03 on
085,a06-157-01-04 July
085,a06-157-01-09 And
085,a06-157-02-00 fear
085,a06-157-02-01 it
085,a06-157-02-02 may
085,a06-157-02-03 be
085,a06-157-02-04 too
085,a06-157-02-05 much
085,a06-157-02-06 for
085,a06-157-02-07 the
085,a06-157-02-09 refugee
085,a06-157-02-10 camps
085,a06-157-03-00 They
085,a06-157-03-01 will
085,a06-157-03-03 and
085,a06-157-03-04 private
085,a06-157-03-05 houses
085,a06-157-03-06 will
085,a06-157-03-07 have
085,a06-157-03-08 to
085,a06-157-03-09 be
085,a06-157-03-10 used
085,a06-134-00-00 The
085,a06-134-00-01 Notes
085,a06-134-00-02 to
085,a06-134-00-03 the
085,a06-134-00-04 Big
085,a06-134-00-05 Three
085,a06-134-00-06 and
085,a06-134-00-09 to
085,a06-134-01-00 West
085,a06-134-01-01 Germany
085,a06-134-01-02 were
085,a06-134-01-04 in
085,a06-134-01-05 Moscow
085,a06-134-01-08 They
085,a06-134-02-00 tell
085,a06-134-02-02 The
085,a06-134-02-05 It
085,a06-134-02-06 is
085,a06-134-02-07 false
085,a06-134-02-08 to
085,a06-134-02-09 say
085,a06-134-02-10 the
085,a06-134-02-11 absence
085,a06-134-02-12 of
085,a06-134-02-14 peace
085,a06-134-03-00 treaty
085,a06-134-03-01 with
085,a06-134-03-02 Germany
085,a06-134-03-03 causes
085,a06-134-03-04 no
085,a06-134-03-05 real
085,a06-134-03-06 danger
085,a06-134-03-08 West
085,a06-134-03-09 Germany
085,a06-134-04-00 with
085,a06-134-04-01 its
085,a06-134-04-03 and
085,a06-134-04-06 is
085,a06-134-05-00 hotbed
085,a06-134-05-01 of
085,a06-134-05-02 war
085,a06-134-05-03 danger
085,a06-134-05-04 in
085,a06-134-05-05 Europe
085,a06-134-05-07 Even
085,a06-134-05-08 now
085,a06-134-05-10 aided
085,a06-134-05-11 by
085,a06-134-06-00 the
085,a06-134-06-03 Britain
085,a06-134-06-04 and
085,a06-134-06-05 France
085,a06-134-06-07 it
085,a06-134-06-08 has
085,a06-134-06-09 more
085,a06-134-06-10 than
085,a06-134-06-11 enough
085,a06-134-07-00 forces
085,a06-134-07-01 and
085,a06-134-07-02 arms
085,a06-134-07-03 to
085,a06-134-07-04 touch
085,a06-134-07-05 off
085,a06-134-07-07 world
085,a06-134-07-08 war
