129,b06-027-00-00 Last
129,b06-027-00-01 month
129,b06-027-00-02 West
129,b06-027-00-03 Germany
129,b06-027-00-04 was
129,b06-027-01-01 to
129,b06-027-01-02 be
129,b06-027-01-03 halfway
129,b06-027-01-04 toward
129,b06-027-02-00 this
129,b06-027-02-01 target
129,b06-027-02-03 Her
129,b06-027-02-05 as
129,b06-027-03-01 Nato
129,b06-027-03-02 ally
129,b06-027-03-04 grows
129,b06-027-04-00 and
129,b06-027-04-03 Now
129,b06-027-04-04 this
129,b06-027-04-05 target
129,b06-027-04-06 which
129,b06-027-05-00 Herr
129,b06-027-05-01 Strauss
129,b06-027-05-02 and
129,b06-027-05-03 his
129,b06-027-05-04 fellows
129,b06-027-06-00 have
129,b06-027-06-01 their
129,b06-027-06-02 eyes
129,b06-027-06-03 on
129,b06-027-06-04 is
129,b06-027-06-05 control
129,b06-027-06-06 of
129,b06-027-06-07 the
129,b06-027-07-01 to
129,b06-027-07-02 these
129,b06-027-07-03 weapons
129,b06-027-07-05 General
129,b06-027-08-02 the
129,b06-027-08-03 man
129,b06-027-08-04 who
129,b06-027-08-05 caused
129,b06-027-09-01 great
129,b06-027-09-03 last
129,b06-027-09-04 autumn
129,c06-103-00-00 THE
129,c06-103-00-03 Carlton
129,c06-103-01-00 is
129,c06-103-01-01 also
129,c06-103-01-03 comedy
129,c06-103-01-04 of
129,c06-103-01-05 manners
129,c06-103-02-00 but
129,c06-103-02-02 toting
129,c06-103-02-03 an
129,c06-103-03-01 have
129,c06-103-03-02 to
129,c06-103-03-03 keep
129,c06-103-03-05 sharp
129,c06-103-04-01 that
129,c06-103-04-02 the
129,c06-103-04-03 jokes
129,c06-103-04-04 about
129,c06-103-05-00 sex
129,c06-103-05-02 what
129,c06-103-05-03 else
129,c06-103-05-04 would
129,c06-103-05-05 they
129,c06-103-05-06 joke
129,c06-103-06-00 about
129,c06-103-06-01 with
129,c06-103-06-02 an
129,c06-103-06-06 are
129,c06-103-06-07 of
129,c06-103-06-08 the
129,c06-103-06-09 witty
129,c06-103-07-00 verbal
129,c06-103-07-01 variety
129,c06-103-07-02 and
129,c06-103-07-03 not
129,c06-103-07-04 the
129,c06-103-07-05 visual
129,c06-103-08-02 This
129,c06-103-08-03 has
129,c06-103-08-04 only
129,c06-103-08-05 one
129,c06-103-08-06 gag
129,c06-103-09-00 that
129,c06-103-09-01 of
129,c06-103-09-02 the
129,c06-103-09-03 entry
129,c06-103-09-04 of
129,c06-138-00-00 The
129,c06-138-00-01 plain
129,c06-138-00-03 sober
129,c06-138-00-04 manner
129,c06-138-00-05 of
129,c06-138-00-06 its
129,c06-138-01-00 style
129,c06-138-01-01 all
129,c06-138-01-02 the
129,c06-138-01-03 more
129,c06-138-02-00 points
129,c06-138-02-01 up
129,c06-138-02-02 not
129,c06-138-02-03 only
129,c06-138-02-04 the
129,c06-138-02-05 horror
129,c06-138-03-00 of
129,c06-138-03-01 the
129,c06-138-03-02 case
129,c06-138-03-03 itself
129,c06-138-03-05 which
129,c06-138-04-01 on
129,c06-138-04-02 to
129,c06-138-04-03 the
129,c06-138-05-00 four
129,c06-138-05-01 years
129,c06-138-05-02 later
129,c06-138-05-03 of
129,c06-138-06-00 born
129,c06-138-06-01 Bronx
129,c06-138-06-03 named
129,c06-138-07-00 Bruno
129,c06-138-07-01 Richard
129,c06-138-07-04 but
129,c06-138-08-00 to
129,c06-138-08-01 the
129,c06-138-09-00 and
129,c06-138-09-02 of
129,c06-138-09-03 that
129,c06-138-10-00 era
129,c06-014-00-00 At
129,c06-014-00-01 last
129,c06-014-00-02 Brendan
129,c06-014-00-04 to
129,c06-014-00-05 the
129,c06-014-01-00 relief
129,c06-014-01-02 turns
129,c06-014-01-03 his
129,c06-014-01-05 to
129,c06-014-02-00 the
129,c06-014-02-01 writing
129,c06-014-02-02 scene
129,c06-014-02-04 He
129,c06-014-02-06 to
129,c06-014-03-00 place
129,c06-014-03-01 himself
129,c06-014-03-02 in
129,c06-014-03-03 the
129,c06-014-04-03 myself
129,c06-014-04-06 he
129,c06-014-04-07 says
129,c06-014-04-11 cut
129,c06-014-05-00 above
129,c06-014-05-01 Evelyn
129,c06-014-05-02 Waugh
129,c06-014-05-06 cut
129,c06-014-06-00 above
129,c06-014-06-01 Nancy
129,c06-014-06-02 Mitford
129,c06-014-07-00 cut
129,c06-014-07-01 above
129,c06-014-07-02 Frank
129,c06-014-07-03 Haxell
129,c06-014-08-01 But
129,c06-014-08-04 he
129,c06-014-08-08 the
129,c06-014-08-10 is
129,c06-014-09-00 Shelagh
129,c06-014-09-01 Delaney
129,c06-014-09-03 Just
129,c06-014-09-04 because
129,c06-014-09-06 Taste
