195,d04-096-00-01 gives
195,d04-096-00-02 us
195,d04-096-00-04 Freedom
195,d04-096-00-05 to
195,d04-096-00-06 worship
195,d04-096-00-07 God
195,d04-096-00-12 Salt
195,d04-096-00-13 Water
195,d04-096-00-14 and
195,d04-096-01-00 the
195,d04-096-01-02 at
195,d04-096-01-03 the
195,d04-096-01-06 the
195,d04-096-01-08 of
195,d04-096-01-09 the
195,d04-096-01-10 Torah
195,d04-096-02-01 MELACH
195,d04-096-02-02 BRITH
195,d04-096-02-04 in
195,d04-096-02-05 Hebrew
195,d04-096-02-07 Salt
195,d04-096-02-08 is
195,d04-096-02-09 the
195,d04-096-02-11 of
195,d04-096-02-13 God
195,d04-096-03-06 Salt
195,d04-096-03-08 and
195,d04-096-03-09 we
195,d04-096-03-10 should
195,d04-096-03-11 have
195,d04-096-03-12 this
195,d04-096-03-13 salt
195,d04-096-03-14 in
195,d04-096-04-01 and
195,d04-096-04-02 have
195,d04-096-04-03 peace
195,d04-096-04-04 with
195,d04-096-04-07 And
195,d04-096-04-08 the
195,d04-096-04-09 sweet
195,d04-096-05-00 Mortar
195,d04-096-05-02 the
195,d04-096-05-04 in
195,d04-096-05-05 Hebrew
195,d04-096-05-07 that
195,d04-096-05-08 binds
195,d04-096-05-09 all
195,d04-096-05-10 the
195,d04-096-06-00 facts
195,d04-096-06-03 and
195,d04-096-06-05 them
195,d04-096-06-08 the
195,d04-096-06-09 Oral
195,d04-101-00-00 We
195,d04-101-00-01 dip
195,d04-101-00-02 into
195,d04-101-00-03 both
195,d04-101-00-05 at
195,d04-101-00-06 the
195,d04-101-00-07 Seder
195,d04-101-00-09 And
195,d04-101-00-10 we
195,d04-101-00-11 want
195,d04-101-00-12 to
195,d04-101-01-00 more
195,d04-101-01-01 of
195,d04-101-01-02 the
195,d04-101-01-03 Torah
195,d04-101-01-04 and
195,d04-101-01-05 the
195,d04-101-01-06 Oral
195,d04-101-01-09 our
195,d04-101-02-00 Living
195,d04-101-02-01 the
195,d04-101-02-02 life
195,d04-101-02-03 of
195,d04-101-02-04 the
195,d04-101-02-05 Torah
195,d04-101-02-11 makes
195,d04-101-02-12 us
195,d04-101-03-00 meek
195,d04-101-03-03 But
195,d04-101-03-04 the
195,d04-101-03-05 meek
195,d04-101-03-06 shall
195,d04-101-03-07 inherit
195,d04-101-03-08 the
195,d04-101-03-09 earth
195,d04-101-03-11 and
195,d04-101-03-12 shall
195,d04-101-04-00 delight
195,d04-101-04-02 in
195,d04-101-04-03 the
195,d04-101-04-05 of
195,d04-101-04-06 Peace
195,d04-101-04-09 Psalm
195,d04-101-05-03 That
195,d04-101-05-04 gives
195,d04-101-05-05 us
195,d04-101-05-06 freedom
195,d04-101-05-07 from
195,d04-101-05-08 want
