106,b03-114-00-00 In
106,b03-114-00-01 any
106,b03-114-00-02 case
106,b03-114-00-05 need
106,b03-114-00-06 not
106,b03-114-00-07 lose
106,b03-114-00-08 heart
106,b03-114-01-00 Once
106,b03-114-01-01 before
106,b03-114-01-03 and
106,b03-114-01-04 that
106,b03-114-01-05 not
106,b03-114-01-06 so
106,b03-114-01-07 long
106,b03-114-01-08 ago
106,b03-114-01-10 the
106,b03-114-02-01 ganged
106,b03-114-02-02 up
106,b03-114-02-03 to
106,b03-114-02-04 alter
106,b03-114-02-05 the
106,b03-114-02-06 habits
106,b03-114-03-00 of
106,b03-114-03-01 the
106,b03-114-03-02 people
106,b03-114-03-04 That
106,b03-114-03-05 effort
106,b03-114-03-06 was
106,b03-114-03-07 to
106,b03-114-03-08 enforce
106,b03-114-04-00 the
106,b03-114-04-02 of
106,b03-114-04-03 the
106,b03-114-04-05 hour
106,b03-114-05-00 clock
106,b03-114-05-02 Then
106,b03-114-05-04 also
106,b03-114-05-06 the
106,b03-114-05-08 were
106,b03-114-06-00 roped
106,b03-114-06-01 in
106,b03-114-06-03 The
106,b03-114-06-04 only
106,b03-114-06-05 result
106,b03-114-06-06 was
106,b03-114-07-00 that
106,b03-114-07-01 the
106,b03-114-08-00 became
106,b03-114-08-01 very
