146,c02-059-01-00 Prizes
146,c02-059-01-01 being
146,c02-059-01-02 what
146,c02-059-01-03 they
146,c02-059-01-04 are
146,c02-059-01-06 Berlin
146,c02-059-01-07 is
146,c02-059-02-01 in
146,c02-059-02-02 giving
146,c02-059-02-06 and
146,c02-059-02-07 silver
146,c02-059-03-00 bears
146,c02-059-03-01 are
146,c02-059-03-02 awarded
146,c02-059-03-03 in
146,c02-059-03-04 every
146,c02-059-03-07 Both
146,c02-059-03-08 the
146,c02-059-04-01 and
146,c02-059-04-02 Wicki
146,c02-059-04-03 films
146,c02-059-04-04 took
146,c02-059-04-05 high
146,c02-059-04-06 honours
146,c02-059-05-00 and
146,c02-059-05-01 the
146,c02-059-05-03 at
146,c02-059-05-04 the
146,c02-059-05-05 awards
146,c02-059-05-06 was
146,c02-059-06-01 when
146,c02-059-06-02 one
146,c02-059-06-03 Miss
146,c02-059-06-04 Anna
146,c02-059-06-05 Kerima
146,c02-059-06-06 was
146,c02-059-07-00 as
146,c02-059-07-01 best
146,c02-059-07-02 actress
146,c02-059-07-03 for
146,c02-059-07-04 her
146,c02-059-07-05 work
146,c02-059-07-06 in
146,c02-059-07-07 the
146,c02-059-07-08 Godard
146,c02-059-08-00 film
146,c02-059-08-02 Gifted
146,c02-059-08-03 with
146,c02-059-08-04 an
146,c02-059-08-06 face
146,c02-059-08-09 little
146,c02-059-09-00 acting
146,c02-059-09-01 ability
146,c02-059-09-03 she
146,c02-059-09-04 would
146,c02-059-09-05 seem
146,c02-059-09-06 to
146,c02-059-09-07 be
146,c02-059-09-08 well
146,c02-059-10-00 worth
146,c02-059-10-02 in
146,c02-059-10-03 the
146,c02-059-10-04 months
146,c02-059-10-05 to
146,c02-059-10-06 come
