261,f02-030-00-00 The
261,f02-030-00-02 scheme
261,f02-030-00-03 was
261,f02-030-00-04 planned
261,f02-030-00-05 to
261,f02-030-00-06 provide
261,f02-030-00-07 short
261,f02-030-01-00 fresher
261,f02-030-01-01 courses
261,f02-030-01-02 at
261,f02-030-01-03 the
261,f02-030-01-04 ages
261,f02-030-01-05 of
261,f02-030-01-07 and
261,f02-030-01-08 sixty
261,f02-030-02-00 the
261,f02-030-02-01 first
261,f02-030-02-02 of
261,f02-030-02-03 these
261,f02-030-02-04 is
261,f02-030-02-05 due
261,f02-030-02-06 in
261,f02-030-02-11 each
261,f02-030-03-03 is
261,f02-030-03-05 to
261,f02-030-03-06 seek
261,f02-030-03-07 help
261,f02-030-03-08 and
261,f02-030-03-09 advice
261,f02-030-03-10 in
261,f02-030-04-00 working
261,f02-030-04-01 out
261,f02-030-04-02 his
261,f02-030-04-03 ideas
261,f02-030-04-05 either
261,f02-030-04-06 through
261,f02-030-04-07 the
261,f02-030-05-02 or
261,f02-030-05-03 by
261,f02-030-05-04 an
261,f02-030-05-06 to
261,f02-030-06-00 members
261,f02-030-06-01 of
261,f02-030-06-02 the
261,f02-030-06-03 panel
261,f02-030-06-05 for
261,f02-030-06-06 the
261,f02-030-06-07 scheme
