638,r02-006-00-00 At
638,r02-006-00-01 one
638,r02-006-00-02 point
638,r02-006-00-03 the
638,r02-006-00-04 astute
638,r02-006-00-05 Miss
638,r02-006-01-00 had
638,r02-006-01-01 claimed
638,r02-006-01-02 tax
638,r02-006-01-03 relief
638,r02-006-01-04 on
638,r02-006-01-05 the
638,r02-006-02-00 chase
638,r02-006-02-01 of
638,r02-006-02-02 several
638,r02-006-02-03 mink
638,r02-006-02-04 coats
638,r02-006-02-05 which
638,r02-006-03-00 it
638,r02-006-03-01 seemed
638,r02-006-03-03 were
638,r02-006-03-05 to
638,r02-006-04-00 ther
638,r02-006-04-01 her
638,r02-006-04-02 career
638,r02-006-04-06 it
638,r02-006-05-00 was
638,r02-006-05-03 she
638,r02-006-05-05 claimed
638,r02-006-06-00 that
638,r02-006-06-01 the
638,r02-006-06-02 warm
638,r02-006-06-03 coats
638,r02-006-06-04 were
638,r02-006-06-05 heating
638,r02-006-07-01 and
638,r02-006-08-00 to
638,r02-006-08-03 tax
638,r02-006-09-00 as
638,r02-006-09-01 plant
638,r02-006-09-02 and
638,r02-006-09-05 The
