058,a04-003-00-00 It
058,a04-003-00-01 arose
058,a04-003-00-02 during
058,a04-003-00-03 talks
058,a04-003-01-02 report
058,a04-003-01-03 to
058,a04-003-01-04 the
058,a04-003-01-05 British
058,a04-003-02-00 Prime
058,a04-003-02-02 of
058,a04-003-02-03 the
058,a04-003-02-04 outcome
058,a04-003-02-05 of
058,a04-003-02-06 his
058,a04-003-02-07 recent
058,a04-003-03-00 visit
058,a04-003-03-01 to
058,a04-003-03-02 Paris
058,a04-003-03-04 There
058,a04-003-03-05 General
058,a04-003-03-06 de
058,a04-003-03-07 Gaulle
058,a04-003-03-08 had
058,a04-003-03-09 made
058,a04-003-04-00 clear
058,a04-003-04-01 that
058,a04-003-04-02 he
058,a04-003-04-03 would
058,a04-003-04-04 accept
058,a04-003-04-05 Britain
058,a04-003-04-06 into
058,a04-003-04-07 the
058,a04-003-05-00 Common
058,a04-003-05-01 Market
058,a04-003-05-02 only
058,a04-003-05-03 if
058,a04-003-05-04 there
058,a04-003-05-05 were
058,a04-003-05-06 no
058,a04-003-06-00 laid
058,a04-003-06-01 down
058,a04-003-06-02 to
058,a04-003-06-03 meet
058,a04-003-06-04 the
058,a04-003-07-00 and
058,a04-003-07-01 other
058,a04-010-00-00 An
058,a04-010-00-01 attempt
058,a04-010-00-02 to
058,a04-010-00-03 get
058,a04-010-00-04 more
058,a04-010-00-06 about
058,a04-010-00-07 the
058,a04-010-01-01 House
058,a04-010-01-02 meeting
058,a04-010-01-03 will
058,a04-010-01-04 be
058,a04-010-01-05 made
058,a04-010-01-06 in
058,a04-010-01-07 the
058,a04-010-02-00 House
058,a04-010-02-01 of
058,a04-010-02-02 Commons
058,a04-010-02-03 this
058,a04-010-02-06 Labour
058,a04-010-02-08 already
058,a04-010-03-00 have
058,a04-010-03-01 many
058,a04-010-03-03 to
058,a04-010-03-04 the
058,a04-010-03-05 Prime
058,a04-010-03-07 asking
058,a04-010-04-00 for
058,a04-010-04-05 Kennedy
058,a04-010-04-06 flew
058,a04-010-04-07 from
058,a04-010-04-08 London
058,a04-010-05-00 Airport
058,a04-010-05-01 last
058,a04-010-05-02 night
058,a04-010-05-03 to
058,a04-010-05-04 arrive
058,a04-010-05-05 in
058,a04-010-05-07 this
058,a04-010-06-00 morning
058,a04-010-06-02 He
058,a04-010-06-03 is
058,a04-010-06-04 to
058,a04-010-06-05 make
058,a04-010-07-01 and
058,a04-010-07-03 report
058,a04-010-07-04 on
058,a04-010-07-05 his
058,a04-010-08-00 talks
058,a04-010-08-01 with
058,a04-010-08-04 this
058,a04-010-08-05 evening
058,a04-000-00-01 KENNEDY
058,a04-000-00-02 renewed
058,a04-000-00-03 his
058,a04-000-01-00 on
058,a04-000-01-02 Harold
058,a04-000-01-04 to
058,a04-000-01-05 join
058,a04-000-01-06 the
058,a04-000-02-00 Common
058,a04-000-02-01 Market
058,a04-000-02-02 during
058,a04-000-02-03 their
058,a04-000-02-04 talks
058,a04-000-02-05 at
058,a04-000-03-00 House
058,a04-000-03-06 Much
058,a04-000-03-07 of
058,a04-000-03-08 their
058,a04-000-04-00 three
058,a04-000-04-01 hours
058,a04-000-04-04 minutes
058,a04-000-04-05 of
058,a04-000-04-07 is
058,a04-000-05-00 to
058,a04-000-05-01 have
058,a04-000-05-02 been
058,a04-000-05-03 devoted
058,a04-000-05-04 to
058,a04-000-05-05 this
058,a04-000-05-06 main
058,a04-000-05-07 point
058,a04-000-06-00 of
058,a04-000-06-02 policy
058,a04-006-00-01 Kennedy
058,a04-006-00-02 told
058,a04-006-00-05 that
058,a04-006-00-06 he
058,a04-006-00-07 still
058,a04-006-01-00 wanted
058,a04-006-01-01 him
058,a04-006-01-02 to
058,a04-006-01-03 apply
058,a04-006-01-04 for
058,a04-006-01-06 of
058,a04-006-01-07 the
058,a04-006-01-08 Common
058,a04-006-02-00 Market
058,a04-006-02-02 even
058,a04-006-02-03 if
058,a04-006-02-04 it
058,a04-006-02-05 meant
058,a04-006-02-06 an
058,a04-006-03-00 There
058,a04-006-03-01 were
058,a04-006-03-02 also
058,a04-006-03-03 brief
058,a04-006-03-05 on
058,a04-006-03-06 Laos
058,a04-006-03-08 Berlin
058,a04-006-04-00 and
058,a04-006-04-01 other
058,a04-006-04-02 foreign
058,a04-006-04-05 after
058,a04-006-04-07 Kennedy
058,a04-006-04-08 had
058,a04-006-05-03 of
058,a04-006-05-04 his
058,a04-006-05-06 with
058,a04-006-06-02 With
058,a04-006-06-03 the
058,a04-006-06-05 of
058,a04-006-06-07 minutes
058,a04-006-06-08 when
058,a04-006-07-00 Lord
058,a04-006-07-01 Home
058,a04-006-07-03 Foreign
058,a04-006-07-06 and
058,a04-006-08-00 Bundy
058,a04-006-08-02 the
058,a04-006-08-04 special
058,a04-006-08-06 for
058,a04-006-09-01 affairs
058,a04-006-09-03 were
058,a04-006-09-04 brought
058,a04-006-09-05 in
058,a04-006-09-07 the
058,a04-006-09-08 two
058,a04-006-10-00 men
058,a04-006-10-01 talked
058,a04-006-10-02 alone
