648,r02-081-01-00 Before
648,r02-081-01-01 he
648,r02-081-01-02 could
648,r02-081-01-03 open
648,r02-081-01-04 his
648,r02-081-01-05 mouth
648,r02-081-01-07 the
648,r02-081-02-01 out
648,r02-081-02-03 hand
648,r02-081-02-06 Watch
648,r02-081-02-07 your
648,r02-081-02-08 step
648,r02-081-02-09 there
648,r02-081-02-11 sir
648,r02-081-02-13 Your
648,r02-081-03-00 is
648,r02-081-03-01 hanging
648,r02-081-03-02 open
648,r02-081-03-04 You
648,r02-081-03-06 have
648,r02-081-03-07 someone
648,r02-081-03-08 shoving
648,r02-081-03-09 their
648,r02-081-03-10 hot
648,r02-081-04-00 little
648,r02-081-04-01 hands
648,r02-081-04-02 inside
648,r02-081-04-04 Here
648,r02-081-04-08 do
648,r02-081-04-09 it
648,r02-081-04-12 The
648,r02-081-04-14 pressed
648,r02-081-04-15 the
648,r02-081-05-00 catch
648,r02-081-05-01 home
648,r02-081-05-02 with
648,r02-081-05-04 click
648,r02-081-05-06 Cecil
648,r02-081-05-09 laden
648,r02-081-05-10 with
648,r02-081-06-00 both
648,r02-081-06-02 and
648,r02-081-06-06 away
648,r02-081-07-00 into
648,r02-081-07-01 the
