563,n02-040-00-00 With
563,n02-040-00-01 an
563,n02-040-00-02 air
563,n02-040-00-03 of
563,n02-040-00-05 he
563,n02-040-00-06 sent
563,n02-040-00-07 Judy
563,n02-040-00-09 his
563,n02-040-01-00 Boxer
563,n02-040-01-02 to
563,n02-040-01-03 the
563,n02-040-01-04 back
563,n02-040-01-06 and
563,n02-040-01-07 made
563,n02-040-01-08 room
563,n02-040-01-09 for
563,n02-040-01-10 her
563,n02-040-02-00 beside
563,n02-040-02-01 him
563,n02-040-02-04 Is
563,n02-040-02-05 that
563,n02-040-02-06 all
563,n02-040-02-07 you
563,n02-040-02-08 want
563,n02-040-02-09 to
563,n02-040-02-10 do
563,n02-040-03-00 he
563,n02-040-03-01 asked
563,n02-040-03-03 letting
563,n02-040-03-04 in
563,n02-040-03-05 the
563,n02-040-03-06 clutch
563,n02-040-03-09 No
563,n02-040-03-12 want
563,n02-040-04-00 to
563,n02-040-04-01 make
563,n02-040-04-02 you
563,n02-040-04-04 just
563,n02-040-04-05 what
563,n02-040-05-00 about
563,n02-040-05-01 this
563,n02-040-05-02 Balicou
563,n02-040-05-03 trip
563,n02-040-05-06 she
563,n02-040-06-00 coldly
563,n02-040-06-06 little
563,n02-040-06-07 tired
563,n02-040-06-08 of
563,n02-040-06-09 being
563,n02-040-06-10 treated
563,n02-040-07-00 like
563,n02-040-07-01 an
563,n02-045-00-01 And
563,n02-045-00-05 sick
563,n02-045-00-06 of
563,n02-045-00-07 being
563,n02-045-00-09 called
563,n02-045-01-00 to
563,n02-045-01-01 account
563,n02-045-01-02 for
563,n02-045-01-03 my
563,n02-045-01-04 manners
563,n02-045-01-07 he
563,n02-045-02-01 What
563,n02-045-02-02 have
563,n02-045-02-04 done
563,n02-045-02-05 wrong
563,n02-045-02-06 now
563,n02-045-02-09 cover
563,n02-045-02-10 up
563,n02-045-02-11 for
563,n02-045-03-00 you
563,n02-045-03-01 the
563,n02-045-03-02 best
563,n02-045-03-03 way
563,n02-045-03-05 can
563,n02-045-03-06 by
563,n02-045-03-07 getting
563,n02-045-03-08 hold
563,n02-045-03-09 of
563,n02-045-03-10 Jack
563,n02-045-04-00 to
563,n02-045-04-01 make
563,n02-045-04-02 the
563,n02-045-04-06 run
563,n02-045-04-07 the
563,n02-045-04-08 damned
563,n02-045-05-00 party
563,n02-045-05-01 to
563,n02-045-05-02 the
563,n02-045-05-03 best
563,n02-045-05-04 of
563,n02-045-05-05 my
563,n02-045-05-06 ability
563,n02-045-05-08 saying
563,n02-045-05-09 the
563,n02-045-06-00 sugary
563,n02-045-06-01 things
563,n02-045-06-02 you
563,n02-045-06-03 ought
563,n02-045-06-04 to
563,n02-045-06-05 have
563,n02-045-06-06 been
563,n02-045-06-07 there
563,n02-045-07-00 to
563,n02-045-07-01 say
563,n02-045-07-03 and
563,n02-045-07-04 all
563,n02-045-07-05 you
563,n02-045-07-06 can
563,n02-045-07-07 do
563,n02-045-07-08 is
563,n02-045-07-09 to
563,n02-045-07-10 find
563,n02-045-08-00 fault
