152,c03-081c-00-02 the
152,c03-081c-00-04 has
152,c03-081c-01-00 error
152,c03-081c-01-01 in
152,c03-081c-01-03 Irene
152,c03-081c-01-04 to
152,c03-081c-01-05 speak
152,c03-081c-01-06 for
152,c03-081c-01-07 herself
152,c03-081c-02-00 we
152,c03-081c-02-01 would
152,c03-081c-02-02 be
152,c03-081c-02-04 clearer
152,c03-081c-02-05 in
152,c03-081c-02-06 our
152,c03-081c-02-07 minds
152,c03-081c-03-00 about
152,c03-081c-03-01 her
152,c03-081c-03-02 if
152,c03-081c-03-03 she
152,c03-081c-03-06 flawed
152,c03-081c-03-07 but
152,c03-081c-04-00 enigma
152,c03-081c-04-02 seen
152,c03-081c-04-03 but
152,c03-081c-04-04 not
152,c03-081c-04-05 heard
152,c03-081c-04-07 However
152,c03-081c-04-09 Miss
152,c03-081c-04-10 Pinkie
152,c03-081c-05-01 makes
152,c03-081c-05-02 her
152,c03-081c-05-03 few
152,c03-081c-05-04 brief
152,c03-081c-05-05 scenes
152,c03-081c-05-08 and
152,c03-081c-06-02 Landen
152,c03-081c-06-04 in
152,c03-081c-06-05 the
152,c03-081c-06-06 longest
152,c03-081c-06-07 and
152,c03-081c-06-08 most
152,c03-081c-07-01 role
152,c03-081c-07-03 that
152,c03-081c-07-04 of
152,c03-081c-07-05 the
152,c03-081c-07-08 gives
152,c03-081c-08-00 of
152,c03-081c-08-01 rare
152,c03-081c-08-03 and
152,c03-081c-08-05 power
152,c03-003c-00-00 This
152,c03-003c-00-01 is
152,c03-003c-00-02 not
152,c03-003c-00-04 filmed
152,c03-003c-00-05 play
152,c03-003c-00-07 It
152,c03-003c-00-08 has
152,c03-003c-00-09 been
152,c03-003c-01-00 ceived
152,c03-003c-01-02 in
152,c03-003c-01-03 terms
152,c03-003c-01-04 of
152,c03-003c-01-05 the
152,c03-003c-01-06 cinema
152,c03-003c-01-08 and
152,c03-003c-02-00 again
152,c03-003c-02-01 and
152,c03-003c-02-02 again
152,c03-003c-02-03 it
152,c03-003c-02-04 is
152,c03-003c-02-05 the
152,c03-003c-02-06 visual
152,c03-003c-02-08 of
152,c03-003c-03-00 the
152,c03-003c-03-01 story
152,c03-003c-03-03 and
152,c03-003c-03-04 the
152,c03-003c-03-06 of
152,c03-003c-03-07 the
152,c03-003c-03-08 central
152,c03-003c-04-01 to
152,c03-003c-04-02 their
152,c03-003c-04-05 which
152,c03-003c-04-06 bring
152,c03-003c-04-07 the
152,c03-003c-05-00 film
152,c03-003c-05-01 so
152,c03-003c-05-02 vividly
152,c03-003c-05-03 to
152,c03-003c-05-04 life
152,c03-003c-05-06 In
152,c03-003c-05-07 Fanny
152,c03-003c-05-09 which
152,c03-003c-05-10 also
152,c03-003c-06-00 has
152,c03-003c-06-01 its
152,c03-003c-06-05 the
152,c03-003c-07-00 Joshua
152,c03-003c-07-01 Logan
152,c03-003c-07-04 but
152,c03-003c-07-05 failed
152,c03-003c-07-06 to
152,c03-003c-08-00 create
152,c03-003c-08-01 the
152,c03-003c-08-03 of
152,c03-003c-08-05 city
152,c03-016c-00-00 But
152,c03-016c-00-01 there
152,c03-016c-00-02 is
152,c03-016c-00-03 heart
152,c03-016c-00-04 in
152,c03-016c-00-05 the
152,c03-016c-00-06 telling
152,c03-016c-00-08 and
152,c03-016c-00-09 an
152,c03-016c-01-00 intense
152,c03-016c-01-01 realism
152,c03-016c-01-02 in
152,c03-016c-01-03 the
152,c03-016c-01-07 young
152,c03-016c-02-00 girl
152,c03-016c-02-01 lives
152,c03-016c-02-02 in
152,c03-016c-02-04 single
152,c03-016c-02-05 dingy
152,c03-016c-02-06 room
152,c03-016c-02-07 with
152,c03-016c-02-08 her
152,c03-016c-03-03 mother
152,c03-016c-03-05 In
152,c03-016c-03-06 such
152,c03-016c-04-01 she
152,c03-016c-04-02 learns
152,c03-016c-04-03 sex
152,c03-016c-04-04 is
152,c03-016c-04-06 sordid
152,c03-016c-05-00 and
152,c03-016c-05-01 when
152,c03-016c-05-02 she
152,c03-016c-05-04 it
152,c03-016c-05-05 for
152,c03-016c-05-06 the
152,c03-016c-05-07 first
152,c03-016c-05-08 time
152,c03-016c-06-00 herself
152,c03-016c-06-01 it
152,c03-016c-06-02 is
152,c03-016c-06-07 but
152,c03-016c-06-08 half
152,c03-016c-07-00 shyly
152,c03-016c-07-01 and
152,c03-016c-07-02 half
152,c03-016c-07-05 As
152,c03-016c-07-06 is
152,c03-016c-07-07 the
152,c03-016c-07-08 case
152,c03-016c-07-09 in
152,c03-016c-08-00 Fanny
152,c03-016c-08-01 her
152,c03-016c-08-02 first
152,c03-016c-08-03 lover
152,c03-016c-08-04 is
152,c03-016c-08-06 sailor
152,c03-016c-08-07 who
152,c03-016c-08-08 leaves
152,c03-016c-09-00 her
152,c03-016c-09-01 to
152,c03-016c-09-02 bear
152,c03-016c-09-03 his
152,c03-016c-09-04 child
152,c03-016c-09-05 and
152,c03-016c-09-06 sails
152,c03-016c-09-07 away
152,c03-021c-00-00 In
152,c03-021c-00-01 Fanny
152,c03-021c-00-02 the
152,c03-021c-00-04 girl
152,c03-021c-00-05 is
152,c03-021c-00-07 by
152,c03-021c-00-08 an
152,c03-021c-01-00 old
152,c03-021c-01-01 man
152,c03-021c-01-03 Here
152,c03-021c-01-04 it
152,c03-021c-01-05 is
152,c03-021c-01-07 young
152,c03-021c-02-00 from
152,c03-021c-02-01 women
152,c03-021c-02-02 but
152,c03-021c-02-03 yet
152,c03-021c-02-04 moved
152,c03-021c-02-05 by
152,c03-021c-02-07 strong
152,c03-021c-03-01 to
152,c03-021c-03-02 the
152,c03-021c-03-03 unborn
152,c03-021c-03-04 child
152,c03-021c-03-05 as
152,c03-021c-03-06 much
152,c03-021c-03-07 as
152,c03-021c-03-08 to
152,c03-021c-03-09 the
152,c03-021c-04-01 mother
152,c03-021c-04-03 who
152,c03-021c-04-04 acts
152,c03-021c-04-05 as
152,c03-021c-04-08 and
152,c03-021c-05-01 to
152,c03-021c-05-02 her
152,c03-021c-05-03 in
152,c03-021c-05-04 her
152,c03-021c-05-05 hour
152,c03-021c-05-06 of
152,c03-021c-05-07 need
152,c03-021c-05-09 He
152,c03-021c-06-00 shares
152,c03-021c-06-01 her
152,c03-021c-06-02 room
152,c03-021c-06-03 and
152,c03-021c-06-04 gives
152,c03-021c-06-05 her
152,c03-021c-06-06 his
152,c03-021c-06-07 forlorn
152,c03-021c-06-08 gift
152,c03-021c-07-00 of
152,c03-021c-07-02 and
152,c03-021c-07-06 you
152,c03-021c-07-07 need
152,c03-021c-07-08 someone
152,c03-021c-08-00 to
152,c03-021c-08-01 love
152,c03-021c-08-02 you
152,c03-021c-08-03 while
152,c03-021c-08-04 you
152,c03-021c-08-05 are
152,c03-021c-08-06 looking
152,c03-021c-08-07 for
152,c03-021c-09-00 someone
152,c03-021c-09-01 to
152,c03-021c-09-02 love
152,c03-094c-00-01 William
152,c03-094c-00-02 Lucas
152,c03-094c-00-04 Morris
152,c03-094c-00-06 is
152,c03-094c-00-07 always
152,c03-094c-01-00 pushing
152,c03-094c-01-02 Miss
152,c03-094c-01-03 Sheila
152,c03-094c-01-04 Allen
152,c03-094c-01-05 his
152,c03-094c-01-06 wife
152,c03-094c-01-08 always
152,c03-094c-01-09 palely
152,c03-094c-02-03 James
152,c03-094c-02-04 Maxwell
152,c03-094c-02-06 the
152,c03-094c-02-07 editor
152,c03-094c-02-09 always
152,c03-094c-03-01 abashed
152,c03-094c-03-02 by
152,c03-094c-03-03 the
152,c03-094c-03-04 events
152,c03-094c-03-06 and
152,c03-094c-03-08 Aubrey
152,c03-094c-04-02 the
152,c03-094c-04-05 always
152,c03-094c-05-02 they
152,c03-094c-05-03 were
152,c03-094c-05-04 not
152,c03-094c-05-05 asked
152,c03-094c-05-06 to
152,c03-094c-05-08 from
152,c03-094c-06-00 their
152,c03-094c-06-01 set
152,c03-094c-06-02 moods
152,c03-094c-06-03 but
152,c03-094c-06-04 played
152,c03-094c-06-05 with
152,c03-094c-06-06 proper
152,c03-094c-07-00 ciency
152,c03-094c-07-01 and
152,c03-094c-07-03 in
152,c03-094c-07-04 the
152,c03-094c-07-05 case
152,c03-094c-07-06 of
152,c03-094c-07-10 with
152,c03-094c-08-00 lavish
152,c03-094c-08-01 and
152,c03-094c-08-03 gaudy
152,c03-094c-08-04 colour
152,c03-000c-00-00 The
152,c03-000c-00-01 film
152,c03-000c-00-02 version
152,c03-000c-00-03 of
152,c03-000c-00-04 Miss
152,c03-000c-00-05 Shelagh
152,c03-000c-00-07 play
152,c03-000c-01-01 Taste
152,c03-000c-01-02 of
152,c03-000c-01-03 Honey
152,c03-000c-01-04 opens
152,c03-000c-01-05 at
152,c03-000c-01-06 the
152,c03-000c-01-08 Square
152,c03-000c-02-00 Theatre
152,c03-000c-02-03 It
152,c03-000c-02-04 has
152,c03-000c-02-05 been
152,c03-000c-02-07 and
152,c03-000c-03-01 by
152,c03-000c-03-03 Tony
152,c03-000c-03-06 who
152,c03-000c-03-07 is
152,c03-000c-03-08 also
152,c03-000c-04-00 author
152,c03-000c-04-01 with
152,c03-000c-04-02 Miss
152,c03-000c-04-03 Delaney
152,c03-000c-04-04 of
152,c03-000c-04-05 the
152,c03-000c-04-06 script
152,c03-000c-04-08 and
152,c03-000c-05-00 the
152,c03-000c-05-01 great
152,c03-000c-05-03 to
152,c03-000c-05-04 be
152,c03-000c-05-05 derived
152,c03-000c-05-06 from
152,c03-000c-05-07 this
152,c03-000c-06-00 unity
152,c03-000c-06-01 of
152,c03-000c-06-03 and
152,c03-000c-06-04 control
152,c03-000c-06-05 are
152,c03-087c-00-00 It
152,c03-087c-00-01 went
152,c03-087c-00-03 perhaps
152,c03-087c-00-05 some
152,c03-087c-00-07 beyond
152,c03-087c-00-08 most
152,c03-087c-01-00 of
152,c03-087c-01-01 its
152,c03-087c-01-02 subject
152,c03-087c-01-03 by
152,c03-087c-01-05 to
152,c03-087c-02-02 which
152,c03-087c-02-03 left
152,c03-087c-02-04 its
152,c03-087c-02-05 central
152,c03-087c-03-00 and
152,c03-087c-03-01 the
152,c03-087c-03-02 world
152,c03-087c-03-03 around
152,c03-087c-03-04 him
152,c03-087c-03-05 in
152,c03-087c-04-00 mable
152,c03-087c-04-03 We
152,c03-087c-04-04 could
152,c03-087c-04-06 perhaps
152,c03-087c-04-08 say
152,c03-087c-04-09 whether
152,c03-087c-05-00 or
152,c03-087c-05-01 not
152,c03-087c-05-02 the
152,c03-087c-05-03 attempt
152,c03-087c-05-05 if
152,c03-087c-05-06 we
152,c03-087c-05-07 had
152,c03-087c-06-00 little
152,c03-087c-06-01 more
152,c03-087c-06-02 faith
152,c03-087c-06-03 in
152,c03-087c-06-04 the
152,c03-087c-06-05 way
152,c03-087c-06-06 in
152,c03-087c-06-07 which
152,c03-087c-07-00 Ferris
152,c03-087c-07-02 his
152,c03-096c-00-00 Only
152,c03-096c-00-03 actions
152,c03-096c-00-07 arose
152,c03-096c-01-00 from
152,c03-096c-01-02 motives
152,c03-096c-01-04 The
152,c03-096c-01-05 rest
152,c03-096c-01-07 one
152,c03-096c-01-08 feels
152,c03-096c-01-10 were
152,c03-096c-02-00 driven
152,c03-096c-02-01 to
152,c03-096c-02-03 action
152,c03-096c-02-04 by
152,c03-096c-02-05 the
152,c03-096c-02-06 author
152,c03-096c-02-07 in
152,c03-096c-02-08 spite
152,c03-096c-03-00 of
152,c03-096c-03-01 the
152,c03-096c-03-03 with
152,c03-096c-03-04 which
152,c03-096c-03-05 he
152,c03-096c-03-06 had
152,c03-096c-04-00 endowed
152,c03-096c-04-01 them
152,c03-096c-04-03 One
152,c03-096c-04-04 hopes
152,c03-096c-04-05 that
152,c03-096c-04-06 he
152,c03-096c-04-07 is
152,c03-096c-04-08 not
152,c03-096c-05-00 asking
152,c03-096c-05-01 us
152,c03-096c-05-02 to
152,c03-096c-05-03 believe
152,c03-096c-05-04 that
152,c03-096c-05-06 because
152,c03-096c-05-07 of
152,c03-096c-05-08 their
152,c03-096c-05-09 odd
152,c03-096c-06-00 accents
152,c03-096c-06-02 they
152,c03-096c-06-03 act
152,c03-096c-06-04 oddly
152,c03-096c-06-05 like
152,c03-096c-06-06 the
152,c03-096c-06-07 queer
152,c03-096c-07-00 of
152,c03-084c-00-01 Bryan
152,c03-084c-00-04 is
152,c03-084c-00-05 quietly
152,c03-084c-01-00 giving
152,c03-084c-01-01 full
152,c03-084c-01-02 value
152,c03-084c-01-03 to
152,c03-084c-01-04 the
152,c03-084c-01-05 formal
152,c03-084c-01-07 of
152,c03-084c-02-00 writing
152,c03-084c-02-01 without
152,c03-084c-02-03 them
152,c03-084c-02-05 Last
152,c03-084c-03-00 play
152,c03-084c-03-01 in
152,c03-084c-03-02 the
152,c03-084c-03-04 Play
152,c03-084c-03-05 of
152,c03-084c-03-06 the
152,c03-084c-03-07 Week
152,c03-084c-03-09 series
152,c03-084c-03-10 on
152,c03-084c-04-00 dent
152,c03-084c-04-03 Then
152,c03-084c-04-04 We
152,c03-084c-04-05 Fall
152,c03-084c-04-07 by
152,c03-084c-04-09 Paul
152,c03-084c-04-10 Ferris
152,c03-084c-05-00 was
152,c03-084c-05-03 on
152,c03-084c-05-04 the
152,c03-084c-05-05 not
152,c03-084c-05-07 theme
152,c03-084c-05-08 of
152,c03-084c-06-00 the
152,c03-084c-06-02 power
152,c03-084c-06-03 of
152,c03-007c-00-00 In
152,c03-007c-00-02 Taste
152,c03-007c-00-03 of
152,c03-007c-00-04 Honey
152,c03-007c-00-07 has
152,c03-007c-00-08 taken
152,c03-007c-01-01 town
152,c03-007c-01-02 in
152,c03-007c-01-03 the
152,c03-007c-01-05 North
152,c03-007c-01-06 of
152,c03-007c-01-07 England
152,c03-007c-02-00 and
152,c03-007c-02-01 has
152,c03-007c-02-02 made
152,c03-007c-02-03 it
152,c03-007c-02-04 live
152,c03-007c-02-06 The
152,c03-007c-02-07 shabby
152,c03-007c-02-08 streets
152,c03-007c-03-00 and
152,c03-007c-03-01 wet
152,c03-007c-03-04 the
152,c03-007c-03-05 school
152,c03-007c-04-00 the
152,c03-007c-04-01 public
152,c03-007c-04-03 and
152,c03-007c-04-04 the
152,c03-007c-04-05 rubbish
152,c03-007c-04-06 strewn
152,c03-007c-05-00 canals
152,c03-007c-05-02 even
152,c03-007c-05-03 the
152,c03-007c-05-04 worn
152,c03-007c-05-06 in
152,c03-007c-05-07 the
152,c03-007c-06-03 sacred
152,c03-007c-06-04 to
152,c03-007c-06-05 the
152,c03-007c-06-06 memory
152,c03-007c-06-07 of
152,c03-007c-07-01 are
152,c03-007c-07-02 seen
152,c03-007c-07-03 as
152,c03-007c-07-04 an
152,c03-007c-07-06 part
152,c03-007c-07-07 of
152,c03-007c-07-08 the
152,c03-007c-08-00 story
