121,b05-083-00-00 In
121,b05-083-00-01 no
121,b05-083-00-02 other
121,b05-083-00-04 country
121,b05-083-00-06 not
121,b05-083-00-07 even
121,b05-083-01-00 Poland
121,b05-083-01-02 had
121,b05-083-01-03 the
121,b05-083-01-04 Germans
121,b05-083-01-05 begun
121,b05-083-01-06 with
121,b05-083-01-07 such
121,b05-083-02-00 drastic
121,b05-083-02-01 step
121,b05-083-02-03 There
121,b05-083-02-04 is
121,b05-083-02-05 no
121,b05-083-02-06 doubt
121,b05-083-02-07 that
121,b05-083-02-08 the
121,b05-083-03-00 of
121,b05-083-03-02 would
121,b05-083-03-03 have
121,b05-083-03-04 been
121,b05-083-03-05 as
121,b05-083-03-06 good
121,b05-083-03-07 as
121,b05-083-03-08 their
121,b05-083-04-00 evil
121,b05-083-04-01 word
121,b05-083-04-03 THE
121,b05-083-04-04 Inland
121,b05-083-04-05 Revenue
121,b05-083-04-06 people
121,b05-083-04-07 have
121,b05-083-05-01 task
121,b05-083-05-03 But
121,b05-083-05-04 they
121,b05-083-05-05 do
121,b05-083-05-06 not
121,b05-083-05-07 make
121,b05-083-06-01 less
121,b05-083-06-03 by
121,b05-083-06-04 their
121,b05-083-07-00 to
121,b05-083-07-01 their
121,b05-083-07-04 who
121,b05-083-08-00 pay
121,b05-083-08-01 their
121,b05-098-00-00 It
121,b05-098-00-01 was
121,b05-098-00-02 called
121,b05-098-00-04 Abou
121,b05-098-00-05 Ben
121,b05-098-00-06 Adhem
121,b05-098-00-07 and
121,b05-098-00-08 the
121,b05-098-01-00 Angel
121,b05-098-01-05 know
121,b05-098-01-06 why
121,b05-098-01-08 was
121,b05-098-01-09 so
121,b05-098-02-01 with
121,b05-098-02-02 this
121,b05-098-02-03 poem
121,b05-098-02-04 but
121,b05-098-02-06 on
121,b05-098-03-02 it
121,b05-098-03-03 might
121,b05-098-03-04 be
121,b05-098-03-05 that
121,b05-098-03-07 took
121,b05-098-04-00 guilty
121,b05-098-04-02 in
121,b05-098-04-03 the
121,b05-098-05-00 ness
121,b05-098-05-03 may
121,b05-098-05-04 well
121,b05-098-05-05 have
121,b05-098-05-06 felt
121,b05-098-05-07 that
121,b05-098-05-09 was
121,b05-098-06-01 under
121,b05-098-06-03 strict
121,b05-098-07-01 and
121,b05-098-07-05 might
121,b05-098-08-00 come
121,b05-098-08-01 through
121,b05-098-08-02 the
121,b05-098-08-03 sugary
121,b05-098-09-00 of
121,b05-098-09-02 Abou
121,b05-098-09-03 Ben
121,b05-098-09-04 Adhem
