272,f04-016-00-01 had
272,f04-016-00-02 left
272,f04-016-00-04 in
272,f04-016-00-05 the
272,f04-016-00-06 late
272,f04-016-01-00 and
272,f04-016-01-01 arrived
272,f04-016-01-02 at
272,f04-016-01-04 around
272,f04-016-01-08 where
272,f04-016-02-00 she
272,f04-016-02-01 had
272,f04-016-02-02 tea
272,f04-016-02-03 with
272,f04-016-02-04 her
272,f04-016-02-05 other
272,f04-016-02-06 sister
272,f04-016-02-08 and
272,f04-016-02-09 then
272,f04-016-03-00 went
272,f04-016-03-01 to
272,f04-016-03-02 catch
272,f04-016-03-03 the
272,f04-016-03-06 Her
272,f04-016-03-07 sister
272,f04-016-03-08 saw
272,f04-016-03-09 her
272,f04-016-04-00 to
272,f04-016-04-01 the
272,f04-016-04-02 station
272,f04-016-04-04 helping
272,f04-016-04-05 her
272,f04-016-04-06 with
272,f04-016-04-07 some
272,f04-016-04-08 of
272,f04-016-05-00 her
272,f04-016-05-03 This
272,f04-016-05-04 sister
272,f04-016-05-05 was
272,f04-016-05-06 able
272,f04-016-05-07 to
272,f04-016-06-00 that
272,f04-016-06-01 she
272,f04-016-06-02 had
272,f04-016-06-03 carried
272,f04-016-06-05 green
272,f04-016-06-06 purse
272,f04-016-06-07 and
272,f04-016-07-00 had
272,f04-016-07-01 bought
272,f04-016-07-03 railway
272,f04-016-07-04 ticket
272,f04-011-00-00 The
272,f04-011-00-01 body
272,f04-011-00-02 was
272,f04-011-00-05 and
272,f04-011-00-06 it
272,f04-011-00-07 was
272,f04-011-01-01 that
272,f04-011-01-02 no
272,f04-011-01-03 sexual
272,f04-011-01-04 assault
272,f04-011-01-05 had
272,f04-011-01-06 taken
272,f04-011-01-07 place
272,f04-011-02-00 It
272,f04-011-02-01 seemed
272,f04-011-02-03 that
272,f04-011-02-04 the
272,f04-011-02-05 motive
272,f04-011-02-06 had
272,f04-011-02-07 been
272,f04-011-03-00 robbery
272,f04-011-03-02 and
272,f04-011-03-03 this
272,f04-011-03-04 was
272,f04-011-03-05 further
272,f04-011-03-07 when
272,f04-011-04-00 check
272,f04-011-04-01 was
272,f04-011-04-02 made
272,f04-011-04-03 with
272,f04-011-04-04 the
272,f04-011-04-07 in
272,f04-011-05-02 Miss
272,f04-011-05-03 Camp
272,f04-011-05-04 had
272,f04-011-05-05 been
272,f04-011-05-06 the
272,f04-011-05-08 at
272,f04-011-05-09 the
272,f04-011-06-00 Good
272,f04-011-06-01 Intent
272,f04-011-06-05 in
272,f04-011-06-08 Her
272,f04-011-06-09 day
272,f04-011-07-00 off
272,f04-011-07-01 was
272,f04-011-07-04 and
272,f04-011-07-05 before
272,f04-011-07-06 coming
272,f04-011-07-07 up
272,f04-011-07-08 to
272,f04-011-07-09 London
272,f04-011-08-00 in
272,f04-011-08-01 the
272,f04-011-08-02 evening
272,f04-011-08-03 she
272,f04-011-08-04 had
272,f04-011-08-05 called
272,f04-011-08-06 on
272,f04-011-08-07 her
272,f04-011-08-08 two
272,f04-011-08-09 sisters
272,f04-011-09-00 one
272,f04-011-09-01 of
272,f04-011-09-02 whom
272,f04-011-09-03 lived
272,f04-011-09-04 at
272,f04-011-09-06 and
272,f04-011-09-07 the
272,f04-011-10-00 other
272,f04-011-10-01 at
272,f04-011-10-04 where
272,f04-011-10-05 she
272,f04-011-10-06 kept
272,f04-011-10-08 shop
272,f04-004-00-00 When
272,f04-004-00-01 he
272,f04-004-00-02 learned
272,f04-004-00-03 what
272,f04-004-00-04 was
272,f04-004-00-05 causing
272,f04-004-00-06 the
272,f04-004-00-08 he
272,f04-004-01-00 became
272,f04-004-01-01 greatly
272,f04-004-01-02 alarmed
272,f04-004-01-04 and
272,f04-004-01-05 after
272,f04-004-01-06 the
272,f04-004-01-07 body
272,f04-004-01-08 had
272,f04-004-01-09 been
272,f04-004-02-00 taken
272,f04-004-02-01 to
272,f04-004-02-02 St
272,f04-004-02-05 it
272,f04-004-02-06 was
272,f04-004-02-07 his
272,f04-004-03-01 duty
272,f04-004-03-03 to
272,f04-004-04-00 Camp
272,f04-004-04-02 aged
272,f04-004-04-05 the
272,f04-004-04-06 girl
272,f04-004-04-07 who
272,f04-004-04-08 was
272,f04-004-04-09 to
272,f04-004-04-10 have
272,f04-004-05-00 been
272,f04-004-05-01 his
272,f04-004-05-02 bride
272,f04-004-05-04 There
272,f04-004-05-05 was
272,f04-004-05-06 little
272,f04-004-05-07 doubt
272,f04-004-05-08 of
272,f04-004-05-09 how
272,f04-004-06-00 she
272,f04-004-06-01 had
272,f04-004-06-02 met
272,f04-004-06-03 her
272,f04-004-06-04 death
272,f04-004-06-06 and
272,f04-004-06-07 even
272,f04-004-06-08 less
272,f04-004-06-09 that
272,f04-004-06-10 it
272,f04-004-07-00 had
272,f04-004-07-01 been
272,f04-004-07-02 murder
