177,d01-049-00-00 The
177,d01-049-00-01 one
177,d01-049-00-02 real
177,d01-049-00-04 of
177,d01-049-00-05 the
177,d01-049-01-00 case
177,d01-049-01-01 is
177,d01-049-01-02 that
177,d01-049-01-04 in
177,d01-049-01-05 common
177,d01-049-01-06 with
177,d01-049-01-07 all
177,d01-049-01-08 his
177,d01-049-02-00 he
177,d01-049-02-01 has
177,d01-049-02-02 not
177,d01-049-02-04 until
177,d01-049-02-05 now
177,d01-049-02-07 been
177,d01-049-02-08 able
177,d01-049-02-09 to
177,d01-049-02-10 exhibit
177,d01-049-02-11 exactly
177,d01-049-03-00 how
177,d01-049-03-01 this
177,d01-049-03-03 was
177,d01-049-03-05 nor
177,d01-049-03-06 has
177,d01-049-03-07 he
177,d01-049-04-00 been
177,d01-049-04-01 able
177,d01-049-04-02 to
177,d01-049-04-03 explain
177,d01-049-04-04 the
177,d01-049-04-05 textual
177,d01-049-04-07 by
177,d01-049-05-00 showing
177,d01-049-05-01 that
177,d01-049-05-02 such
177,d01-049-05-03 changes
177,d01-049-05-04 are
177,d01-049-05-05 part
177,d01-049-05-06 of
177,d01-049-06-00 simple
177,d01-049-06-01 and
177,d01-049-06-03 plan
177,d01-049-06-05 To
177,d01-049-06-07 how
177,d01-049-07-00 this
177,d01-049-07-01 is
177,d01-049-07-03 it
177,d01-049-07-04 is
177,d01-049-07-06 to
177,d01-049-07-07 examine
177,d01-049-07-08 the
177,d01-049-08-00 text
177,d01-049-08-01 of
177,d01-049-08-02 the
177,d01-049-08-03 Gospel
177,d01-052-00-00 THE
177,d01-052-00-01 Fourth
177,d01-052-00-02 Gospel
177,d01-052-00-03 was
177,d01-052-00-04 almost
177,d01-052-01-00 written
177,d01-052-01-01 in
177,d01-052-01-02 Greek
177,d01-052-01-05 modern
177,d01-052-01-06 text
177,d01-052-01-07 of
177,d01-052-01-08 the
177,d01-052-02-00 Gospel
177,d01-052-02-02 the
177,d01-052-02-03 work
177,d01-052-02-04 of
177,d01-052-02-06 of
177,d01-052-03-01 who
177,d01-052-03-02 have
177,d01-052-03-04 the
177,d01-052-03-05 many
177,d01-052-04-00 scripts
177,d01-052-04-01 of
177,d01-052-04-02 John
177,d01-052-04-03 and
177,d01-052-04-04 worked
177,d01-052-04-05 out
177,d01-052-04-06 the
177,d01-052-04-07 version
177,d01-052-05-00 which
177,d01-052-05-01 is
177,d01-052-05-02 most
177,d01-052-05-03 likely
177,d01-052-05-04 to
177,d01-052-05-05 have
177,d01-052-05-06 been
177,d01-052-05-07 the
177,d01-052-06-00 wording
177,d01-052-06-02 It
177,d01-052-06-03 is
177,d01-052-06-04 not
177,d01-052-06-06 to
177,d01-052-06-08 any
177,d01-052-06-09 one
177,d01-052-07-00 text
177,d01-052-07-01 with
