115,b05-017-00-00 Nobody
115,b05-017-00-02 going
115,b05-017-00-03 to
115,b05-017-00-04 shove
115,b05-017-00-06 Uncle
115,b05-017-00-07 Sam
115,b05-017-00-08 around
115,b05-017-00-11 He
115,b05-017-00-12 then
115,b05-017-01-00 took
115,b05-017-01-01 out
115,b05-017-01-03 piece
115,b05-017-01-04 of
115,b05-017-01-05 paper
115,b05-017-01-07 wrote
115,b05-017-01-08 his
115,b05-017-01-09 address
115,b05-017-01-10 on
115,b05-017-01-11 it
115,b05-017-01-12 and
115,b05-017-01-13 added
115,b05-017-02-01 Anybody
115,b05-017-02-02 mucking
115,b05-017-02-03 the
115,b05-017-02-04 Yanks
115,b05-017-02-05 about
115,b05-017-02-06 had
115,b05-017-02-07 better
115,b05-017-02-08 call
115,b05-017-02-09 on
115,b05-017-02-10 me
115,b05-017-03-00 first
115,b05-017-03-04 stand
115,b05-017-03-05 for
115,b05-017-03-06 it
115,b05-017-03-09 Exit
115,b05-017-03-11 puzzled
115,b05-017-04-00 The
115,b05-017-04-01 other
115,b05-017-04-04 in
115,b05-017-04-05 the
115,b05-017-04-07 from
115,b05-017-05-00 to
115,b05-017-05-01 Paris
