582,n04-015-00-02 wife
582,n04-015-00-03 needed
582,n04-015-00-04 to
582,n04-015-00-05 be
582,n04-015-00-06 spared
582,n04-015-00-07 as
582,n04-015-00-08 much
582,n04-015-01-00 as
582,n04-015-01-03 Anyway
582,n04-015-01-04 the
582,n04-015-01-06 affair
582,n04-015-01-07 was
582,n04-015-01-08 far
582,n04-015-02-00 too
582,n04-015-02-01 fresh
582,n04-015-02-02 in
582,n04-015-02-03 both
582,n04-015-02-04 their
582,n04-015-02-05 minds
582,n04-015-02-06 to
582,n04-015-02-07 be
582,n04-015-03-00 subject
582,n04-015-03-01 for
582,n04-015-03-05 It
582,n04-015-03-08 command
582,n04-015-03-11 he
582,n04-015-03-12 said
582,n04-015-04-00 We
582,n04-015-04-01 can
582,n04-015-04-02 do
582,n04-015-04-03 with
582,n04-015-04-04 the
582,n04-015-04-05 extra
582,n04-015-04-06 money
582,n04-015-04-08 It
582,n04-015-04-10 just
582,n04-015-04-11 about
582,n04-015-05-00 pay
582,n04-015-05-02 school
582,n04-015-05-03 fees
582,n04-015-05-07 What
582,n04-015-05-08 shall
582,n04-015-05-09 we
582,n04-015-05-10 do
582,n04-015-06-00 about
582,n04-015-06-01 this
582,n04-015-06-02 house
582,n04-015-06-05 and
582,n04-015-06-07 school
582,n04-015-06-10 and
582,n04-015-06-11 oh
582,n04-015-07-00 how
582,n04-015-07-02 hate
582,n04-015-07-03 the
582,n04-015-07-04 Navy
582,n04-022-00-00 If
582,n04-022-00-03 known
582,n04-022-00-04 what
582,n04-022-00-05 it
582,n04-022-00-06 would
582,n04-022-00-07 be
582,n04-022-00-08 like
582,n04-022-00-11 sooner
582,n04-022-01-00 have
582,n04-022-01-01 married
582,n04-022-01-03 parson
582,n04-022-01-06 He
582,n04-022-01-07 kissed
582,n04-022-01-08 her
582,n04-022-01-11 Parsons
582,n04-022-02-00 work
582,n04-022-02-01 on
582,n04-022-02-02 Sundays
582,n04-022-02-05 he
582,n04-022-02-06 said
582,n04-022-02-09 They
582,n04-022-02-11 worse
582,n04-022-02-12 off
582,n04-022-02-13 than
582,n04-022-03-02 You
582,n04-022-03-03 ought
582,n04-022-03-04 to
582,n04-022-03-05 have
582,n04-022-03-06 married
582,n04-022-03-07 that
582,n04-022-03-08 fat
582,n04-022-04-01 chap
582,n04-022-04-02 and
582,n04-022-04-03 shared
582,n04-022-04-04 him
582,n04-022-04-05 with
582,n04-022-04-06 his
582,n04-022-04-07 three
582,n04-022-05-02 Anyway
582,n04-022-05-03 it
582,n04-022-05-04 might
582,n04-022-05-05 be
582,n04-022-05-06 much
582,n04-022-05-07 worse
582,n04-022-06-01 is
582,n04-022-06-04 boat
582,n04-022-06-06 She
582,n04-022-06-07 spends
582,n04-022-06-08 longer
582,n04-022-07-00 in
582,n04-022-07-01 harbour
582,n04-022-07-02 than
582,n04-022-07-03 any
582,n04-022-07-04 other
582,n04-031-00-02 shore
582,n04-031-00-03 job
582,n04-031-00-05 Cheer
582,n04-031-00-06 up
582,n04-031-00-09 She
582,n04-031-00-10 wiped
582,n04-031-01-00 her
582,n04-031-01-01 eyes
582,n04-031-01-02 and
582,n04-031-01-03 reached
582,n04-031-01-04 for
582,n04-031-01-05 her
582,n04-031-01-06 address
582,n04-031-01-07 book
582,n04-031-02-00 write
582,n04-031-02-01 to
582,n04-031-02-02 those
582,n04-031-02-03 agents
582,n04-031-02-04 and
582,n04-031-02-05 try
582,n04-031-02-06 to
582,n04-031-02-07 get
582,n04-031-02-09 flat
582,n04-031-02-10 in
582,n04-031-03-03 she
582,n04-031-03-04 said
582,n04-031-03-07 But
582,n04-031-03-10 know
582,n04-031-03-11 what
582,n04-031-04-00 Jill
582,n04-031-04-01 will
582,n04-031-04-02 say
582,n04-031-04-03 about
582,n04-031-04-04 leaving
582,n04-031-04-05 her
582,n04-031-04-06 school
582,n04-031-04-08 It
582,n04-031-05-01 that
582,n04-031-05-02 Jacky
582,n04-031-05-04 off
582,n04-031-05-05 to
582,n04-031-05-07 school
582,n04-031-06-00 And
582,n04-031-06-01 all
582,n04-031-06-02 the
582,n04-031-06-03 trouble
582,n04-031-06-04 you
582,n04-031-06-06 taken
582,n04-031-06-07 with
582,n04-031-06-08 the
582,n04-031-07-00 garden
582,n04-039-00-00 That
582,n04-039-00-01 little
582,n04-039-00-02 beast
582,n04-039-00-04 Robbie
582,n04-039-00-05 Munyard
582,n04-039-00-08 Having
582,n04-039-01-00 said
582,n04-039-01-01 her
582,n04-039-01-02 say
582,n04-039-01-03 Peggy
582,n04-039-01-06 her
582,n04-039-02-00 burden
582,n04-039-02-01 and
582,n04-039-02-03 to
582,n04-039-02-04 break
582,n04-039-02-05 up
582,n04-039-02-06 yet
582,n04-039-03-00 another
582,n04-039-03-01 home
582,n04-039-03-03 In
582,n04-039-03-04 the
582,n04-039-03-05 ten
582,n04-039-03-06 years
582,n04-039-03-07 of
582,n04-039-03-08 married
582,n04-039-03-09 life
582,n04-039-04-00 this
582,n04-039-04-01 had
582,n04-039-04-02 already
582,n04-039-04-04 half
582,n04-039-04-06 dozen
582,n04-039-04-07 times
582,n04-039-05-00 Such
582,n04-039-05-01 is
582,n04-039-05-02 the
582,n04-039-05-03 life
582,n04-039-05-04 of
582,n04-039-05-06 naval
582,n04-039-05-08 wife
582,n04-044-00-01 father
582,n04-044-00-02 had
582,n04-044-00-03 been
582,n04-044-00-05 naval
582,n04-044-00-06 officer
582,n04-044-00-07 of
582,n04-044-00-08 the
582,n04-044-00-09 old
582,n04-044-01-00 school
582,n04-044-01-02 some
582,n04-044-01-03 of
582,n04-044-01-04 his
582,n04-044-01-05 rigid
582,n04-044-01-06 ideas
582,n04-044-01-07 had
582,n04-044-01-08 been
582,n04-044-01-09 passed
582,n04-044-02-00 on
582,n04-044-02-01 to
582,n04-044-02-02 the
582,n04-044-02-03 second
582,n04-044-02-06 One
582,n04-044-02-07 of
582,n04-044-02-08 these
582,n04-044-02-09 was
582,n04-044-02-10 that
582,n04-044-03-00 an
582,n04-044-03-01 officer
582,n04-044-03-02 should
582,n04-044-03-03 join
582,n04-044-03-05 ship
582,n04-044-03-07 on
582,n04-044-03-08 taking
582,n04-044-03-09 up
582,n04-044-04-00 new
582,n04-044-04-03 at
582,n04-044-04-04 nine
582,n04-044-04-08 dressed
582,n04-044-05-00 in
582,n04-044-05-01 the
582,n04-044-05-02 modern
582,n04-044-05-04 of
582,n04-044-05-06 and
582,n04-044-05-07 sword
582,n04-044-06-00 It
582,n04-044-06-01 would
582,n04-044-06-02 have
582,n04-044-06-03 been
582,n04-044-06-05 to
582,n04-044-06-06 all
582,n04-044-07-00 if
582,n04-044-07-01 John
582,n04-044-07-02 had
582,n04-044-07-03 stepped
582,n04-044-07-04 into
582,n04-044-07-05 Fort
582,n04-044-07-07 clad
582,n04-044-07-08 in
582,n04-044-08-01 on
582,n04-044-08-02 the
582,n04-044-08-04 night
582,n04-044-08-06 but
582,n04-044-08-07 ways
582,n04-044-09-01 by
582,n04-044-09-03 parents
582,n04-044-09-04 have
582,n04-044-09-06 habit
582,n04-044-09-07 of
