627,p03-151-00-02 it
627,p03-151-00-05 he
627,p03-151-00-06 rose
627,p03-151-00-07 and
627,p03-151-00-09 himself
627,p03-151-01-00 down
627,p03-151-01-03 Ask
627,p03-151-01-04 any
627,p03-151-01-07 Anyhow
627,p03-151-02-00 that
627,p03-151-02-02 problem
627,p03-151-02-04 looming
627,p03-151-02-05 at
627,p03-151-03-00 the
627,p03-151-03-01 moment
627,p03-151-03-03 thank
627,p03-151-03-04 God
627,p03-151-03-07 Problem
627,p03-151-04-00 looming
627,p03-151-04-04 Are
627,p03-151-04-05 we
627,p03-151-05-00 or
627,p03-151-05-02 burial
627,p03-151-05-05 she
627,p03-151-05-06 asked
627,p03-151-05-08 hardly
627,p03-151-06-00 he
627,p03-151-06-01 could
627,p03-151-06-02 be
627,p03-151-06-03 serious
627,p03-151-06-06 Surely
627,p03-151-07-00 me
627,p03-151-07-02 going
627,p03-151-07-03 to
627,p03-151-07-04 be
627,p03-151-07-05 all
627,p03-151-07-06 that
627,p03-151-07-07 bad
