608,p02-139-00-01 So
608,p02-139-00-02 glad
608,p02-139-00-03 that
608,p02-139-00-04 you
608,p02-139-00-05 are
608,p02-139-00-06 having
608,p02-139-00-07 such
608,p02-139-00-09 lovely
608,p02-139-00-10 time
608,p02-139-00-12 dearie
608,p02-139-01-00 it
608,p02-139-01-01 ran
608,p02-139-01-04 Your
608,p02-139-01-05 cards
608,p02-139-01-06 are
608,p02-139-01-07 lovely
608,p02-139-01-10 rang
608,p02-139-01-11 up
608,p02-139-01-12 Miss
608,p02-139-01-13 Harland
608,p02-139-02-00 and
608,p02-139-02-01 have
608,p02-139-02-02 been
608,p02-139-02-03 over
608,p02-139-02-04 to
608,p02-139-02-05 sit
608,p02-139-02-06 with
608,p02-139-02-07 her
608,p02-139-02-08 father
608,p02-139-02-09 and
608,p02-139-02-10 do
608,p02-139-02-11 what
608,p02-139-03-01 can
608,p02-139-03-02 for
608,p02-139-03-03 him
608,p02-139-03-04 so
608,p02-139-03-05 that
608,p02-139-03-06 she
608,p02-139-03-07 can
608,p02-139-03-08 get
608,p02-139-03-09 out
608,p02-139-03-10 to
608,p02-139-03-11 do
608,p02-139-03-12 her
608,p02-139-04-00 He
608,p02-139-04-02 getting
608,p02-139-04-03 on
608,p02-139-04-04 well
608,p02-139-04-05 but
608,p02-139-04-06 is
608,p02-139-04-07 pretty
608,p02-139-04-09 still
608,p02-139-04-10 with
608,p02-139-04-11 his
608,p02-139-05-00 broken
608,p02-139-05-01 arm
