202,d06-000-00-00 In
202,d06-000-00-01 the
202,d06-000-00-02 first
202,d06-000-00-03 place
202,d06-000-00-04 it
202,d06-000-00-05 is
202,d06-000-00-06 not
202,d06-000-00-08 great
202,d06-000-00-09 deal
202,d06-000-01-00 of
202,d06-000-01-01 use
202,d06-000-01-02 telling
202,d06-000-01-03 even
202,d06-000-01-06 as
202,d06-000-01-08 have
202,d06-000-02-00 already
202,d06-000-02-03 not
202,d06-000-02-04 to
202,d06-000-02-05 be
202,d06-000-02-06 silly
202,d06-000-02-07 or
202,d06-000-03-00 to
202,d06-000-03-01 pull
202,d06-000-03-05 Far
202,d06-000-03-06 better
202,d06-000-04-00 to
202,d06-000-04-01 help
202,d06-000-04-02 them
202,d06-000-04-03 to
202,d06-000-04-04 face
202,d06-000-04-06 it
202,d06-000-04-07 is
202,d06-000-04-08 that
202,d06-000-05-00 is
202,d06-000-05-02 them
202,d06-000-05-04 to
202,d06-000-05-05 find
202,d06-000-05-06 the
202,d06-000-06-00 cause
202,d06-000-06-01 and
202,d06-000-06-02 then
202,d06-000-06-03 deal
202,d06-000-06-04 with
202,d06-000-06-05 it
202,d06-000-06-07 show
202,d06-000-06-08 it
202,d06-000-07-00 up
202,d06-000-07-01 either
202,d06-000-07-02 for
202,d06-000-07-03 the
202,d06-000-07-04 sham
202,d06-000-07-05 it
202,d06-000-07-06 is
202,d06-000-07-08 and
202,d06-000-07-09 many
202,d06-000-08-00 fears
202,d06-000-08-01 are
202,d06-000-08-02 based
202,d06-000-08-03 upon
202,d06-000-09-02 notions
202,d06-000-09-04 or
202,d06-000-09-05 to
202,d06-091-00-00 There
202,d06-091-00-01 may
202,d06-091-00-02 be
202,d06-091-00-03 some
202,d06-091-00-04 who
202,d06-091-00-05 will
202,d06-091-00-06 argue
202,d06-091-00-07 that
202,d06-091-01-00 routine
202,d06-091-01-02 the
202,d06-091-01-03 soul
202,d06-091-01-05 It
202,d06-091-01-06 is
202,d06-091-01-07 so
202,d06-091-01-08 easy
202,d06-091-02-00 they
202,d06-091-02-01 say
202,d06-091-02-03 to
202,d06-091-02-04 get
202,d06-091-02-05 into
202,d06-091-02-07 rut
202,d06-091-02-09 Save
202,d06-091-02-10 us
202,d06-091-03-00 from
202,d06-091-03-01 the
202,d06-091-03-02 school
202,d06-091-03-04 and
202,d06-091-03-05 even
202,d06-091-04-00 worse
202,d06-091-04-01 the
202,d06-091-04-02 school
202,d06-091-04-03 system
202,d06-091-04-04 whereby
202,d06-091-04-05 for
202,d06-091-05-00 meals
202,d06-091-05-02 knows
202,d06-091-06-00 exactly
202,d06-091-06-01 what
202,d06-091-06-03 on
202,d06-091-06-04 any
202,d06-091-06-05 given
202,d06-091-06-06 day
202,d06-091-06-07 of
202,d06-091-06-08 the
202,d06-091-07-00 week
202,d06-091-07-02 they
202,d06-091-07-03 are
202,d06-091-07-04 going
202,d06-091-07-05 to
202,d06-091-07-06 have
202,d06-091-07-08 If
202,d06-091-07-10 such
202,d06-091-08-01 critic
202,d06-091-08-02 may
202,d06-091-08-03 say
202,d06-091-08-05 you
202,d06-091-08-06 are
202,d06-091-08-07 calling
202,d06-091-09-00 us
202,d06-091-09-01 to
202,d06-091-09-04 do
202,d06-091-09-05 not
202,d06-091-09-07 us
202,d06-091-09-08 before
202,d06-091-10-00 we
202,d06-091-10-01 start
202,d06-091-10-02 by
202,d06-091-10-03 putting
202,d06-091-10-04 us
202,d06-091-10-05 into
202,e06-006-00-00 The
202,e06-006-00-01 effect
202,e06-006-00-02 of
202,e06-006-00-03 bottom
202,e06-006-00-05 due
202,e06-006-00-06 to
202,e06-006-01-00 the
202,e06-006-01-01 light
202,e06-006-01-03 is
202,e06-006-01-05 mixed
202,e06-006-02-00 with
202,e06-006-02-01 that
202,e06-006-02-02 of
202,e06-006-02-03 the
202,e06-006-02-05 of
202,e06-006-02-06 ground
202,e06-006-03-00 for
202,e06-006-03-03 Both
202,e06-006-03-04 result
202,e06-006-03-05 in
202,e06-006-04-00 so
202,e06-006-04-01 there
202,e06-006-04-02 is
202,e06-006-04-03 no
202,e06-006-04-04 need
202,e06-006-04-05 to
202,e06-006-04-06 try
202,e06-006-04-07 to
202,e06-006-05-00 them
202,e06-006-05-02 thank
202,e06-006-05-03 Heaven
202,e06-006-05-06 good
202,e06-006-05-07 picture
202,e06-006-05-08 of
202,e06-006-06-00 this
202,e06-006-06-01 is
202,e06-006-06-02 seen
202,e06-006-06-03 on
202,e06-006-06-04 the
202,e06-006-06-06 miles
202,e06-006-06-07 of
202,e06-006-07-00 grounds
202,e06-006-07-01 from
202,e06-006-07-02 the
202,e06-006-07-03 Viking
202,e06-006-07-04 in
202,e06-006-07-05 the
202,e06-006-07-06 north
202,e06-006-07-07 down
202,e06-006-08-00 to
202,e06-006-08-01 the
202,e06-006-08-03 and
202,e06-006-08-04 the
202,e06-006-08-05 Reef
202,e06-006-08-06 along
202,e06-006-09-00 the
202,e06-006-09-01 western
202,e06-006-09-02 edge
202,e06-006-09-03 of
202,e06-006-09-04 the
202,e06-006-10-00 Deep
202,e06-037-00-00 The
202,e06-037-00-01 East
202,e06-037-00-02 Anglian
202,e06-037-00-05 see
202,e06-037-01-00 has
202,e06-037-01-01 always
202,e06-037-01-03 from
202,e06-037-01-04 that
202,e06-037-01-05 of
202,e06-037-01-06 the
202,e06-037-02-00 summer
202,e06-037-02-03 There
202,e06-037-02-04 is
202,e06-037-02-05 the
202,e06-037-02-07 swim
202,e06-037-03-00 at
202,e06-037-03-01 slack
202,e06-037-03-02 waters
202,e06-037-03-04 even
202,e06-037-03-05 in
202,e06-037-04-02 and
202,e06-037-04-03 the
202,e06-037-04-04 high
202,e06-037-05-00 when
202,e06-037-05-01 fish
202,e06-037-05-02 are
202,e06-037-05-03 caught
202,e06-037-05-04 only
202,e06-037-05-05 in
202,e06-037-05-06 the
202,e06-037-05-07 top
202,e06-037-06-00 few
202,e06-037-06-01 yards
202,e06-037-06-02 of
202,e06-037-06-03 netting
202,e06-037-06-05 These
202,e06-037-06-06 and
202,e06-037-06-07 other
202,e06-037-07-03 are
202,e06-037-08-00 to
202,e06-037-08-01 this
202,e06-037-08-02 fishery
202,e06-037-08-04 which
202,e06-037-08-06 seems
202,e06-037-09-00 to
202,e06-037-09-01 be
202,e06-037-09-02 dying
202,e06-037-09-03 out
202,e06-037-09-05 but
202,e06-037-09-07 full
202,e06-037-09-09 of
202,e06-037-10-00 them
202,e06-037-10-01 is
202,e06-037-10-02 beyond
202,e06-037-10-03 the
202,e06-037-10-04 present
202,e06-037-10-05 scope
202,e06-041-00-00 The
202,e06-041-00-02 Theory
202,e06-041-00-04 This
202,e06-041-00-05 assumes
202,e06-041-01-00 that
202,e06-041-01-01 all
202,e06-041-01-02 fishing
202,e06-041-01-03 gear
202,e06-041-01-05 when
202,e06-041-01-06 moving
202,e06-041-02-00 sends
202,e06-041-02-01 before
202,e06-041-02-02 it
202,e06-041-02-04 kind
202,e06-041-02-05 of
202,e06-041-02-06 scaring
202,e06-041-02-07 effect
202,e06-041-03-01 through
202,e06-041-03-02 waves
202,e06-041-03-03 or
202,e06-041-03-05 in
202,e06-041-04-00 the
202,e06-041-04-01 water
202,e06-041-04-02 or
202,e06-041-04-03 along
202,e06-041-04-04 the
202,e06-041-04-05 ground
202,e06-041-05-01 films
202,e06-041-05-02 suggest
202,e06-041-05-03 that
202,e06-041-05-04 the
202,e06-041-06-01 of
202,e06-041-06-03 trawl
202,e06-041-06-04 does
202,e06-041-06-05 this
202,e06-041-06-07 Films
202,e06-041-07-00 have
202,e06-041-07-01 also
202,e06-041-07-02 shown
202,e06-041-07-03 plaice
202,e06-041-07-04 moving
202,e06-041-07-05 before
202,e06-041-08-01 seine
202,e06-041-08-02 net
202,e06-041-08-03 in
202,e06-041-08-04 just
202,e06-041-08-05 the
202,e06-041-08-06 same
202,e06-041-08-07 way
202,e06-041-08-08 after
202,e06-041-09-00 being
202,e06-041-09-02 inwards
202,e06-041-09-03 by
202,e06-041-09-04 the
202,e06-041-09-05 ropes
