526,m02-072-00-00 Lester
526,m02-072-00-01 was
526,m02-072-00-02 not
526,m02-072-00-03 home
526,m02-072-00-04 yet
526,m02-072-00-05 from
526,m02-072-00-06 his
526,m02-072-01-00 duties
526,m02-072-01-01 and
526,m02-072-01-02 his
526,m02-072-01-03 wife
526,m02-072-01-05 in
526,m02-072-01-06 the
526,m02-072-01-07 manner
526,m02-072-01-08 of
526,m02-072-02-00 wives
526,m02-072-02-03 about
526,m02-072-02-04 him
526,m02-072-02-05 in
526,m02-072-02-06 his
526,m02-072-02-07 absence
526,m02-072-02-10 Lester
526,m02-072-02-11 was
526,m02-072-03-00 country
526,m02-072-03-01 lawyer
526,m02-072-03-03 and
526,m02-072-03-04 we
526,m02-072-03-05 were
526,m02-072-03-06 very
526,m02-072-03-07 small
526,m02-072-03-11 we
526,m02-072-04-00 Sally
526,m02-072-04-03 here
526,m02-072-04-04 she
526,m02-072-04-05 had
526,m02-072-04-06 dropped
526,m02-072-04-07 her
526,m02-072-04-08 voice
526,m02-072-04-09 in
526,m02-072-04-10 homage
526,m02-072-04-11 to
526,m02-072-04-12 the
526,m02-072-05-01 system
526,m02-072-05-03 that
526,m02-072-05-04 was
526,m02-072-05-08 when
526,m02-072-05-09 he
526,m02-072-05-10 thought
526,m02-072-06-00 we
526,m02-072-06-01 might
526,m02-072-06-02 get
526,m02-072-06-03 GO
526,m02-072-06-05 bit
526,m02-072-06-06 better
526,m02-072-06-07 if
526,m02-072-06-08 he
526,m02-072-06-09 entered
