140,c02-022-00-00 Soon
140,c02-022-00-03 springs
140,c02-022-00-04 up
140,c02-022-00-05 on
140,c02-022-00-06 the
140,c02-022-00-07 sight
140,c02-022-00-08 of
140,c02-022-01-00 the
140,c02-022-01-01 missing
140,c02-022-01-04 The
140,c02-022-01-05 Church
140,c02-022-01-06 rebukes
140,c02-022-01-07 the
140,c02-022-02-00 poor
140,c02-022-02-01 monk
140,c02-022-02-02 for
140,c02-022-02-03 his
140,c02-022-02-04 miracle
140,c02-022-02-06 and
140,c02-022-02-07 as
140,c02-022-03-02 the
140,c02-022-03-03 night
140,c02-022-03-04 club
140,c02-022-03-05 is
140,c02-022-04-00 given
140,c02-022-04-02 gala
140,c02-022-04-03 society
140,c02-022-04-05 on
140,c02-022-04-06 the
140,c02-022-05-00 island
140,c02-022-05-02 Father
140,c02-022-05-04 goes
140,c02-022-05-05 to
140,c02-022-05-06 the
140,c02-022-05-07 island
140,c02-022-06-00 prays
140,c02-022-06-02 and
140,c02-022-06-03 in
140,c02-022-06-05 second
140,c02-022-06-06 miracle
140,c02-022-06-07 the
140,c02-022-07-00 night
140,c02-022-07-01 club
140,c02-022-07-02 is
140,c02-022-07-04 in
140,c02-022-07-05 its
140,c02-022-08-00 setting
140,c02-012-00-00 Every
140,c02-012-00-02 detail
140,c02-012-00-04 all
140,c02-012-00-06 local
140,c02-012-01-01 must
140,c02-012-01-02 be
140,c02-012-01-05 He
140,c02-012-01-06 does
140,c02-012-01-07 not
140,c02-012-02-00 want
140,c02-012-02-01 the
140,c02-012-02-03 of
140,c02-012-02-05 police
140,c02-012-03-00 but
140,c02-012-03-01 rather
140,c02-012-03-02 he
140,c02-012-03-03 wants
140,c02-012-03-04 to
140,c02-012-03-05 show
140,c02-012-03-06 the
140,c02-012-03-07 eternal
140,c02-012-03-08 in
140,c02-012-04-00 every
140,c02-012-04-01 instant
140,c02-012-04-04 The
140,c02-012-04-06 horror
140,c02-012-04-07 of
140,c02-012-05-00 chias
140,c02-012-05-02 is
140,c02-012-05-03 due
140,c02-012-05-04 as
140,c02-012-05-05 much
140,c02-012-05-06 to
140,c02-012-05-07 Wicki
140,c02-012-05-08 the
140,c02-012-06-00 grapher
140,c02-012-06-01 as
140,c02-012-06-02 to
140,c02-012-06-03 Wicki
140,c02-012-06-04 the
140,c02-012-06-07 His
140,c02-012-06-08 earlier
140,c02-012-07-00 film
140,c02-012-07-03 Die
140,c02-012-07-07 was
140,c02-012-07-08 equally
140,c02-012-08-00 but
140,c02-012-08-01 here
140,c02-012-08-02 the
140,c02-012-08-04 moves
140,c02-012-08-05 out
140,c02-012-08-06 of
140,c02-012-08-07 the
140,c02-012-08-08 world
140,c02-012-09-00 of
140,c02-012-09-01 reality
140,c02-012-09-02 into
140,c02-012-09-03 an
140,c02-012-09-04 icy
140,c02-012-09-06 vacuum
