301,g01-083-00-01 sum
301,g01-083-00-02 of
301,g01-083-00-04 was
301,g01-083-00-09 figure
301,g01-083-01-00 to
301,g01-083-01-02 eyes
301,g01-083-01-04 It
301,g01-083-01-05 was
301,g01-083-01-07 that
301,g01-083-02-00 was
301,g01-083-02-02 fairer
301,g01-083-02-03 target
301,g01-083-02-05 and
301,g01-083-02-06 the
301,g01-083-02-08 agreed
301,g01-083-02-09 to
301,g01-083-02-10 find
301,g01-083-03-01 of
301,g01-083-03-02 this
301,g01-083-03-03 sum
301,g01-083-03-05 the
301,g01-083-03-06 clergy
301,g01-083-04-00 the
301,g01-083-04-03 The
301,g01-083-04-04 method
301,g01-083-04-05 of
301,g01-083-04-07 to
301,g01-083-04-08 which
301,g01-083-04-09 the
301,g01-083-05-00 Commons
301,g01-083-05-01 agreed
301,g01-083-05-02 was
301,g01-083-05-03 that
301,g01-083-05-04 of
301,g01-083-05-05 the
301,g01-083-05-06 first
301,g01-083-05-09 The
301,g01-083-06-01 of
301,g01-083-06-02 this
301,g01-083-06-03 method
301,g01-083-06-04 had
301,g01-083-06-05 been
301,g01-083-06-06 to
301,g01-083-06-08 certain
301,g01-083-06-09 degree
301,g01-083-07-01 by
301,g01-083-07-02 the
301,g01-083-07-03 sliding
301,g01-083-07-04 scale
301,g01-083-07-05 of
301,g01-083-07-06 the
301,g01-083-07-07 second
301,g01-083-08-00 but
301,g01-083-08-01 this
301,g01-083-08-02 lesson
301,g01-083-08-03 was
301,g01-083-08-04 ignored
301,g01-083-08-06 and
301,g01-083-08-07 the
301,g01-083-08-09 trebled
301,g01-083-08-10 in
301,g01-083-09-00 weight
301,g01-083-09-01 by
301,g01-083-09-04 tax
301,g01-083-09-05 at
301,g01-083-09-06 treble
301,g01-083-09-07 the
301,g01-083-09-08 rate
301,g01-083-09-10 every
301,g01-083-09-11 adult
301,g01-083-10-00 had
301,g01-083-10-01 to
301,g01-083-10-02 pay
301,g01-083-10-03 three
301,g01-083-10-04 groats
301,g01-083-10-06 but
301,g01-083-10-07 this
301,g01-083-10-08 time
301,g01-083-10-09 an
301,g01-083-10-10 adult
301,g01-083-10-11 was
301,h01-004-00-00 The
301,h01-004-00-02 about
301,h01-004-00-04 were
301,h01-004-00-05 the
301,h01-004-00-06 same
301,h01-004-00-07 as
301,h01-004-00-08 in
301,h01-004-01-00 except
301,h01-004-01-01 that
301,h01-004-01-02 they
301,h01-004-01-04 to
301,h01-004-01-05 all
301,h01-004-01-06 women
301,h01-004-01-07 who
301,h01-004-01-08 were
301,h01-004-01-09 or
301,h01-004-01-10 had
301,h01-004-02-00 been
301,h01-004-02-01 married
301,h01-004-02-03 It
301,h01-004-02-04 was
301,h01-004-02-05 not
301,h01-004-02-07 as
301,h01-004-02-09 within
301,h01-004-03-00 the
301,h01-004-03-01 limits
301,h01-004-03-02 of
301,h01-004-03-03 the
301,h01-004-03-04 census
301,h01-004-03-05 to
301,h01-004-03-06 include
301,h01-004-03-08 about
301,h01-004-04-00 the
301,h01-004-04-01 date
301,h01-004-04-02 of
301,h01-004-04-03 birth
301,h01-004-04-04 of
301,h01-004-04-05 each
301,h01-004-04-06 child
301,h01-004-04-08 as
301,h01-004-04-09 had
301,h01-004-04-10 been
301,h01-004-04-11 done
301,h01-004-05-00 in
301,h01-004-05-01 the
301,h01-004-05-03 enquiry
301,h01-004-05-04 for
301,h01-004-05-05 the
301,h01-004-05-06 Royal
