133,b06-064-00-01 units
133,b06-064-00-02 have
133,b06-064-00-03 stood
133,b06-064-00-04 firm
133,b06-064-01-00 In
133,b06-064-01-01 unions
133,b06-064-01-02 where
133,b06-064-01-03 the
133,b06-064-01-04 central
133,b06-064-01-05 issues
133,b06-064-02-00 were
133,b06-064-02-03 clear
133,b06-064-02-04 policy
133,b06-064-02-05 details
133,b06-064-03-00 as
133,b06-064-03-01 on
133,b06-064-03-02 bases
133,b06-064-03-04 were
133,b06-064-03-06 carried
133,b06-064-04-00 This
133,b06-064-04-02 and
133,b06-064-04-03 the
133,b06-064-04-04 numbers
133,b06-064-04-05 of
133,b06-064-04-06 active
133,b06-064-05-00 workers
133,b06-064-05-01 who
133,b06-064-05-02 are
133,b06-064-05-04 to
133,b06-064-06-00 how
133,b06-064-06-01 and
133,b06-064-06-02 why
133,b06-064-06-03 the
133,b06-064-06-04 trick
133,b06-064-06-05 was
133,b06-064-06-06 done
133,b06-064-07-02 strong
133,b06-064-07-05 basis
133,b06-064-08-00 for
133,b06-064-08-03 against
133,b06-064-08-04 weak
133,b06-064-08-05 and
133,b06-064-09-03 and
133,b06-064-09-04 for
133,b06-064-10-00 peace
133,b06-064-10-01 policy
133,c06-116-00-00 Susan
133,c06-116-00-01 Hayward
133,c06-116-00-02 plays
133,c06-116-00-03 the
133,c06-116-00-04 wife
133,c06-116-00-05 sharply
133,c06-116-01-00 and
133,c06-116-01-01 sweetly
133,c06-116-01-03 Mason
133,c06-116-01-04 is
133,c06-116-01-05 always
133,c06-116-01-06 good
133,c06-116-01-07 for
133,c06-116-02-01 glower
133,c06-116-02-03 And
133,c06-116-02-04 Miss
133,c06-116-02-05 Newmar
133,c06-116-02-06 is
133,c06-116-03-00 stunner
133,c06-116-03-01 in
133,c06-116-03-02 every
133,c06-116-03-03 sense
133,c06-116-03-04 of
133,c06-116-03-05 the
133,c06-116-03-06 word
133,c06-116-04-01 to
133,c06-116-04-02 the
133,c06-116-04-03 script
133,c06-116-04-04 she
133,c06-116-04-05 was
133,c06-116-04-06 once
133,c06-116-05-00 captain
133,c06-116-05-01 of
133,c06-116-05-02 the
133,c06-116-05-03 junior
133,c06-116-05-04 hockey
133,c06-116-05-05 team
133,c06-116-05-06 at
133,c06-116-06-00 her
133,c06-116-06-01 school
133,c06-116-06-03 So
133,c06-116-06-04 help
133,c06-116-06-05 me
133,c06-116-06-06 so
133,c06-116-06-07 was
133,c06-116-07-00 IL
133,c06-116-07-01 GRIDO
133,c06-116-07-03 The
133,c06-116-07-04 Cry
133,c06-116-07-07 Paris
133,c06-116-07-08 Pullman
133,c06-116-08-00 is
133,c06-116-08-01 an
133,c06-116-08-02 earlier
133,c06-116-08-03 essay
133,c06-116-08-04 in
133,c06-116-09-01 by
133,c06-116-09-02 the
133,c06-116-09-04 man
133,b06-100-00-00 The
133,b06-100-00-02 Duke
133,b06-100-00-03 of
133,b06-100-01-00 opening
133,b06-100-01-02 few
133,b06-100-01-04 college
133,b06-100-02-00 will
133,b06-100-02-01 not
133,b06-100-02-02 keep
133,b06-100-02-03 us
133,b06-100-02-04 abreast
133,b06-100-02-05 of
133,b06-100-02-06 the
133,b06-100-03-03 Out
133,b06-100-03-04 of
133,b06-100-03-05 the
133,b06-100-04-00 young
133,b06-100-04-01 people
133,b06-100-04-02 aged
133,b06-100-05-00 work
133,b06-100-05-01 in
133,b06-100-05-06 per
133,b06-100-05-07 cent
133,b06-100-06-00 went
133,b06-100-06-01 into
133,b06-100-06-03 work
133,b06-100-06-05 The
133,b06-100-07-00 centage
133,b06-100-07-01 is
133,b06-100-07-03 to
133,b06-100-07-04 swell
133,b06-100-07-05 to
133,b06-100-08-00 next
133,b06-100-08-01 year
133,b06-100-08-03 The
133,b06-100-08-04 Duke
133,b06-100-09-01 from
133,b06-100-09-04 stated
133,c06-043-00-00 And
133,c06-043-00-01 he
133,c06-043-00-03 an
133,c06-043-01-00 seizure
133,c06-043-01-01 and
133,c06-043-01-02 was
133,c06-043-01-03 gravely
133,c06-043-01-04 ill
133,c06-043-01-05 in
133,c06-043-02-01 with
133,c06-043-02-04 and
133,c06-043-02-05 heart
133,c06-043-03-02 His
133,c06-043-03-03 return
133,c06-043-03-04 to
133,c06-043-03-05 Dublin
133,c06-043-03-06 was
133,c06-043-04-01 by
133,c06-043-04-02 the
133,c06-043-04-04 that
133,c06-043-05-00 he
133,c06-043-05-01 was
133,c06-043-05-03 off
133,c06-043-05-04 the
133,c06-043-05-05 gargle
133,c06-043-05-08 retired
133,c06-043-06-03 Since
133,c06-043-06-04 then
133,c06-043-06-05 he
133,c06-043-06-06 has
133,c06-043-06-07 been
133,c06-043-07-00 heard
133,c06-043-07-01 of
133,c06-043-07-02 often
133,c06-043-07-03 in
133,c06-043-07-04 the
133,c06-043-08-00 three
133,c06-043-08-01 times
133,c06-043-08-02 up
133,c06-043-08-03 before
133,c06-043-08-04 the
133,c06-043-08-05 beaks
133,c06-043-08-06 for
133,c06-043-09-00 drunk
133,c06-043-09-01 and
133,c06-043-09-03 conduct
133,c06-080-00-00 The
133,c06-080-00-02 of
133,c06-080-00-03 our
133,c06-080-01-01 friend
133,c06-080-01-02 is
133,c06-080-01-03 not
133,c06-080-01-04 the
133,c06-080-01-05 only
133,c06-080-02-00 good
133,c06-080-02-01 thing
133,c06-080-02-04 the
133,c06-080-02-05 one
133,c06-080-03-00 touch
133,c06-080-03-02 in
133,c06-080-03-03 the
133,c06-080-03-04 film
133,c06-080-03-06 which
133,c06-080-03-07 is
133,c06-080-04-01 glossy
133,c06-080-04-02 comedy
133,c06-080-05-00 styled
133,c06-080-05-03 set
133,c06-080-05-05 Most
133,c06-080-05-06 of
133,c06-080-05-07 it
133,c06-080-05-08 has
133,c06-080-06-00 been
133,c06-080-06-01 shot
133,c06-080-06-02 in
133,c06-080-06-03 and
133,c06-080-06-04 around
133,c06-080-06-05 the
133,c06-080-07-01 of
133,c06-080-07-02 the
133,c06-080-07-03 Hotel
133,c06-080-07-06 renamed
133,c06-080-08-00 the
133,c06-080-08-01 Dolce
133,c06-080-08-02 Vista
133,c06-080-08-03 for
133,c06-080-08-04 the
133,c06-080-08-05 picture
133,c06-080-08-07 in
133,c06-080-09-02 and
133,c06-080-09-03 if
133,c06-080-09-04 there
133,c06-080-09-07 better
133,c06-080-09-08 view
