559,n02-000-00-01 had
559,n02-000-00-03 like
559,n02-000-00-05 curtain
559,n02-000-00-06 by
559,n02-000-00-07 the
559,n02-000-01-00 time
559,n02-000-01-01 they
559,n02-000-01-02 docked
559,n02-000-01-03 at
559,n02-000-01-06 And
559,n02-000-01-07 though
559,n02-000-01-08 Guy
559,n02-000-02-00 made
559,n02-000-02-01 nervous
559,n02-000-02-02 by
559,n02-000-02-04 silence
559,n02-000-02-06 drove
559,n02-000-02-07 at
559,n02-000-03-00 speed
559,n02-000-03-01 to
559,n02-000-03-02 the
559,n02-000-03-03 Villa
559,n02-000-03-05 it
559,n02-000-03-06 was
559,n02-000-03-07 quickly
559,n02-000-03-08 evident
559,n02-000-03-09 that
559,n02-000-04-00 the
559,n02-000-04-01 party
559,n02-000-04-02 was
559,n02-000-04-03 over
559,n02-000-04-05 Piers
559,n02-000-04-06 came
559,n02-000-04-08 out
559,n02-000-04-09 to
559,n02-000-05-00 meet
559,n02-000-05-01 the
559,n02-000-05-02 Deanes
559,n02-000-05-04 and
559,n02-000-05-05 as
559,n02-000-05-06 soon
559,n02-000-05-07 as
559,n02-000-05-08 Guy
559,n02-000-05-09 had
559,n02-000-06-00 driven
559,n02-000-06-01 away
559,n02-000-06-03 invited
559,n02-000-06-04 them
559,n02-000-06-06 to
559,n02-000-06-07 come
559,n02-000-06-08 to
559,n02-000-07-00 his
559,n02-000-07-01 flat
559,n02-000-07-02 for
559,n02-000-07-04 drink
559,n02-016-00-01 Oh
559,n02-016-00-03 she
559,n02-016-00-04 was
559,n02-016-00-05 due
559,n02-016-00-08 And
559,n02-016-00-09 then
559,n02-016-00-10 he
559,n02-016-00-11 added
559,n02-016-00-12 in
559,n02-016-00-13 the
559,n02-016-00-14 same
559,n02-016-01-00 casual
559,n02-016-01-01 tone
559,n02-016-01-04 She
559,n02-016-01-06 not
559,n02-016-01-08 to
559,n02-016-01-09 her
559,n02-016-01-10 family
559,n02-016-01-12 She
559,n02-016-02-00 going
559,n02-016-02-01 to
559,n02-016-02-02 live
559,n02-016-02-03 with
559,n02-016-02-04 friends
559,n02-016-02-05 of
559,n02-016-02-06 the
559,n02-016-02-07 bank
559,n02-016-02-08 manager
559,n02-016-02-10 just
559,n02-016-03-00 this
559,n02-016-03-01 side
559,n02-016-03-02 of
559,n02-016-03-07 Deane
559,n02-016-03-08 made
559,n02-016-04-00 comment
559,n02-016-04-02 but
559,n02-016-04-03 Beryl
559,n02-016-04-04 said
559,n02-016-04-05 nothing
559,n02-016-04-07 She
559,n02-016-04-08 was
559,n02-016-04-09 trying
559,n02-016-05-00 to
559,n02-016-05-01 sort
559,n02-016-05-02 things
559,n02-016-05-03 out
559,n02-016-05-04 in
559,n02-016-05-05 her
559,n02-016-05-06 mind
559,n02-016-05-08 That
559,n02-016-05-09 beneath
559,n02-016-05-10 his
559,n02-016-06-01 smooth
559,n02-016-06-03 Piers
559,n02-016-06-04 was
559,n02-016-07-00 with
559,n02-016-07-01 anger
559,n02-016-07-02 against
559,n02-016-07-03 her
559,n02-016-07-04 she
559,n02-016-07-05 had
559,n02-016-07-06 no
559,n02-016-07-07 doubt
