336,g06-042e-00-00 Nor
336,g06-042e-00-01 is
336,g06-042e-00-02 this
336,g06-042e-00-03 to
336,g06-042e-00-04 be
336,g06-042e-00-06 at
336,g06-042e-00-08 for
336,g06-042e-00-09 even
336,g06-042e-00-10 today
336,g06-042e-00-12 in
336,g06-042e-00-13 the
336,g06-042e-01-02 no
336,g06-042e-01-03 cure
336,g06-042e-01-04 has
336,g06-042e-01-05 been
336,g06-042e-01-06 found
336,g06-042e-01-07 for
336,g06-042e-01-08 the
336,g06-042e-02-02 As
336,g06-042e-02-03 early
336,g06-042e-02-04 as
336,g06-042e-02-07 when
336,g06-042e-03-00 himself
336,g06-042e-03-01 to
336,g06-042e-03-02 be
336,g06-042e-03-03 on
336,g06-042e-03-04 the
336,g06-042e-03-05 point
336,g06-042e-03-06 of
336,g06-042e-03-07 death
336,g06-042e-03-09 the
336,g06-042e-03-10 new
336,g06-042e-03-11 German
336,g06-042e-04-01 method
336,g06-042e-04-02 known
336,g06-042e-04-03 as
336,g06-042e-04-05 had
336,g06-042e-04-06 been
336,g06-042e-05-00 brought
336,g06-042e-05-01 to
336,g06-042e-05-02 his
336,g06-042e-05-03 notice
336,g06-047e-00-00 This
336,g06-047e-00-02 man
336,g06-047e-00-03 of
336,g06-047e-00-06 whom
336,g06-047e-00-07 Sir
336,g06-047e-00-08 Francis
336,g06-047e-00-09 Burdett
336,g06-047e-01-01 to
336,g06-047e-01-04 year
336,g06-047e-01-05 or
336,g06-047e-01-06 two
336,g06-047e-01-07 later
336,g06-047e-01-08 as
336,g06-047e-01-10 more
336,g06-047e-01-11 like
336,g06-047e-01-13 God
336,g06-047e-02-00 upon
336,g06-047e-02-01 earth
336,g06-047e-02-02 than
336,g06-047e-02-04 human
336,g06-047e-02-05 being
336,g06-047e-02-08 had
336,g06-047e-02-09 an
336,g06-047e-02-11 number
336,g06-047e-03-00 of
336,g06-047e-03-02 among
336,g06-047e-03-04 medical
336,g06-047e-03-05 men
336,g06-047e-03-06 in
336,g06-047e-03-07 the
336,g06-047e-03-08 cities
336,g06-047e-03-09 of
336,g06-047e-04-00 Europe
336,g06-047e-04-02 One
336,g06-047e-04-03 of
336,g06-047e-04-04 these
336,g06-047e-04-05 was
336,g06-047e-04-06 the
336,g06-047e-04-09 Dr
336,g06-047e-04-11 Mauro
336,g06-047e-05-00 whom
336,g06-047e-05-03 in
336,g06-047e-05-04 May
336,g06-026e-00-02 life
336,g06-026e-00-03 truly
336,g06-026e-00-06 It
336,g06-026e-00-07 so
336,g06-026e-00-08 happens
336,g06-026e-00-09 that
336,g06-026e-00-11 have
336,g06-026e-00-12 an
336,g06-026e-00-13 Italian
336,g06-026e-01-00 who
336,g06-026e-01-01 is
336,g06-026e-01-02 perhaps
336,g06-026e-01-03 the
336,g06-026e-01-04 best
336,g06-026e-01-05 Valet
336,g06-026e-01-06 de
336,g06-026e-01-07 Chambre
336,g06-026e-01-08 that
336,g06-026e-01-09 ever
336,g06-026e-01-10 was
336,g06-026e-02-00 But
336,g06-026e-02-01 he
336,g06-026e-02-02 has
336,g06-026e-02-03 not
336,g06-026e-02-04 one
336,g06-026e-02-05 word
336,g06-026e-02-06 of
336,g06-026e-02-07 English
336,g06-026e-02-10 While
336,g06-026e-02-11 he
336,g06-026e-02-12 was
336,g06-026e-03-00 writing
336,g06-026e-03-01 this
336,g06-026e-03-02 letter
336,g06-026e-03-03 he
336,g06-026e-03-04 heard
336,g06-026e-03-05 of
336,g06-026e-03-06 the
336,g06-026e-03-07 fall
336,g06-026e-03-08 of
336,g06-026e-03-09 the
336,g06-026e-03-10 Whigs
336,g06-026e-03-12 and
336,g06-026e-04-00 the
336,g06-026e-04-03 of
336,g06-026e-04-04 the
336,g06-026e-04-06 by
336,g06-026e-04-07 the
336,g06-026e-05-00 Duke
336,g06-026e-05-01 of
336,g06-031e-00-01 What
336,g06-031e-00-04 event
336,g06-031e-00-07 he
336,g06-031e-00-08 wrote
336,g06-031e-00-12 tremble
336,g06-031e-00-14 What
336,g06-031e-01-00 tuation
336,g06-031e-01-04 am
336,g06-031e-01-07 but
336,g06-031e-01-09 really
336,g06-031e-01-10 tremble
336,g06-031e-02-00 for
336,g06-031e-02-01 my
336,g06-031e-02-02 country
336,g06-031e-02-05 may
336,g06-031e-02-06 be
336,g06-031e-02-11 cannot
336,g06-031e-03-00 but
336,g06-031e-03-01 fear
336,g06-031e-03-02 that
336,g06-031e-03-03 the
336,g06-031e-03-05 of
336,g06-031e-03-06 the
336,g06-031e-03-07 People
336,g06-031e-03-08 will
336,g06-031e-03-09 be
336,g06-031e-03-10 so
336,g06-031e-04-00 great
336,g06-031e-04-01 at
336,g06-031e-04-02 the
336,g06-031e-04-03 return
336,g06-031e-04-04 of
336,g06-031e-04-07 that
336,g06-031e-04-08 the
336,g06-031e-04-09 Commons
336,g06-031e-05-00 House
336,g06-031e-05-01 upon
336,g06-031e-05-05 which
336,g06-031e-05-06 must
336,g06-031e-05-07 be
336,g06-031e-05-08 had
336,g06-031e-05-10 will
336,g06-031e-05-11 be
336,g06-031e-06-00 mass
336,g06-031e-06-01 of
336,g06-031e-06-05 then
336,g06-031e-06-06 God
336,g06-031e-06-07 knows
336,g06-031e-06-08 what
336,g06-031e-06-09 may
336,g06-031e-06-10 happen
336,g06-018e-00-00 When
336,g06-018e-00-01 the
336,g06-018e-00-02 sailing
336,g06-018e-00-03 season
336,g06-018e-00-04 was
336,g06-018e-00-05 past
336,g06-018e-00-07 he
336,g06-018e-00-08 sent
336,g06-018e-00-09 Pearl
336,g06-018e-00-10 back
336,g06-018e-00-11 to
336,g06-018e-01-00 England
336,g06-018e-01-02 and
336,g06-018e-01-04 to
336,g06-018e-01-05 Rome
336,g06-018e-01-06 for
336,g06-018e-01-07 the
336,g06-018e-01-08 winter
336,g06-018e-01-10 In
336,g06-018e-01-11 late
336,g06-018e-02-02 he
336,g06-018e-02-03 was
336,g06-018e-02-06 as
336,g06-018e-02-07 usual
336,g06-018e-02-10 but
336,g06-018e-02-11 hoped
336,g06-018e-02-13 he
336,g06-018e-03-00 told
336,g06-018e-03-01 Arthur
336,g06-018e-03-04 to
336,g06-018e-03-05 find
336,g06-018e-03-06 this
336,g06-018e-03-07 place
336,g06-018e-03-08 agree
336,g06-018e-03-09 with
336,g06-018e-03-10 me
336,g06-018e-03-11 better
336,g06-018e-03-12 than
336,g06-018e-04-00 Naples
336,g06-018e-04-02 The
336,g06-018e-04-03 journey
336,g06-018e-04-04 has
336,g06-018e-04-05 been
336,g06-018e-04-06 against
336,g06-018e-04-07 me
336,g06-018e-04-09 as
336,g06-018e-04-10 there
336,g06-018e-04-11 has
336,g06-018e-05-00 been
336,g06-018e-05-01 much
336,g06-018e-05-02 rain
336,g06-018e-05-03 and
336,g06-018e-05-04 damp
336,g06-018e-05-06 but
336,g06-018e-05-07 the
336,g06-018e-05-09 is
336,g06-018e-06-00 high
336,g06-018e-06-03 have
336,g06-018e-06-04 not
336,g06-018e-06-05 yet
336,g06-018e-06-06 thought
336,g06-018e-06-07 of
336,g06-018e-06-09 fire
336,g06-037e-00-00 God
336,g06-037e-00-01 grant
336,g06-037e-00-03 however
336,g06-037e-00-05 that
336,g06-037e-00-07 may
336,g06-037e-00-08 be
336,g06-037e-00-10 false
336,g06-037e-00-11 prophet
336,g06-037e-00-13 that
336,g06-037e-01-00 all
336,g06-037e-01-01 may
336,g06-037e-01-02 go
336,g06-037e-01-03 well
336,g06-037e-01-05 Sir
336,g06-037e-01-07 Peel
336,g06-037e-01-08 was
336,g06-037e-01-09 here
336,g06-037e-01-14 but
336,g06-037e-02-00 an
336,g06-037e-02-01 express
336,g06-037e-02-02 took
336,g06-037e-02-03 him
336,g06-037e-02-04 off
336,g06-037e-03-00 While
336,g06-037e-03-01 he
336,g06-037e-03-02 was
336,g06-037e-03-03 in
336,g06-037e-03-04 Naples
336,g06-037e-03-05 there
336,g06-037e-03-06 had
336,g06-037e-03-07 opened
336,g06-037e-03-09 new
336,g06-037e-03-10 chapter
336,g06-037e-03-11 in
336,g06-037e-04-00 the
336,g06-037e-04-01 history
336,g06-037e-04-02 of
336,g06-037e-04-05 search
336,g06-037e-04-06 for
336,g06-037e-04-07 an
336,g06-037e-05-02 of
336,g06-037e-05-03 his
336,g06-037e-05-04 painful
336,g06-037e-05-05 malady
336,g06-037e-05-07 None
336,g06-037e-05-08 of
336,g06-037e-05-09 the
336,g06-037e-06-03 to
336,g06-037e-06-04 which
336,g06-037e-06-05 he
336,g06-037e-06-06 had
336,g06-037e-06-07 been
336,g06-037e-07-01 ever
336,g06-037e-07-02 since
336,g06-037e-07-03 the
336,g06-037e-07-05 had
336,g06-037e-07-06 first
336,g06-037e-07-07 shown
336,g06-037e-08-00 selves
336,g06-037e-08-02 years
336,g06-037e-08-03 before
336,g06-037e-08-04 had
336,g06-037e-08-05 had
336,g06-037e-08-06 the
336,g06-037e-08-08 effect
336,g06-050e-00-01 first
336,g06-050e-00-02 action
336,g06-050e-00-03 was
336,g06-050e-00-04 to
336,g06-050e-00-05 write
336,g06-050e-00-06 to
336,g06-050e-00-07 his
336,g06-050e-00-08 revered
336,g06-050e-00-09 master
336,g06-050e-00-10 at
336,g06-050e-01-02 near
336,g06-050e-01-03 Leipzig
336,g06-050e-01-05 asking
336,g06-050e-01-06 for
336,g06-050e-01-07 advice
336,g06-050e-01-09 In
336,g06-050e-01-10 doing
336,g06-050e-01-11 so
336,g06-050e-01-12 he
336,g06-050e-02-01 his
336,g06-050e-02-03 patient
336,g06-050e-02-04 and
336,g06-050e-02-05 his
336,g06-050e-02-08 He
336,g06-050e-03-00 told
336,g06-050e-03-02 that
336,g06-050e-03-03 he
336,g06-050e-03-04 found
336,g06-050e-03-07 strong
336,g06-050e-04-00 man
336,g06-050e-04-01 with
336,g06-050e-04-03 gentle
336,g06-050e-04-04 and
336,g06-050e-05-00 and
336,g06-050e-05-01 sedate
336,g06-050e-05-03 not
336,g06-050e-05-04 easily
336,g06-050e-05-07 patient
336,g06-050e-05-08 and
336,g06-050e-06-01 but
336,g06-050e-06-02 he
336,g06-050e-06-03 appears
336,g06-050e-06-04 to
336,g06-050e-06-05 despair
336,g06-050e-06-06 of
336,g06-050e-06-07 ever
336,g06-050e-06-08 being
336,g06-050e-06-09 cured
336,g06-011e-00-00 By
336,g06-011e-00-01 the
336,g06-011e-00-02 end
336,g06-011e-00-03 of
336,g06-011e-00-04 the
336,g06-011e-00-05 month
336,g06-011e-00-06 he
336,g06-011e-00-07 still
336,g06-011e-00-09 in
336,g06-011e-00-10 Naples
336,g06-011e-01-00 He
336,g06-011e-01-01 told
336,g06-011e-01-03 that
336,g06-011e-01-04 he
336,g06-011e-01-05 enjoyed
336,g06-011e-01-06 it
336,g06-011e-01-07 as
336,g06-011e-01-08 much
336,g06-011e-01-09 as
336,g06-011e-01-10 his
336,g06-011e-02-00 health
336,g06-011e-02-02 him
336,g06-011e-02-03 to
336,g06-011e-02-04 enjoy
336,g06-011e-02-08 The
336,g06-011e-02-09 Pearl
336,g06-011e-02-12 he
336,g06-011e-03-00 wrote
336,g06-011e-03-03 is
336,g06-011e-03-04 arrived
336,g06-011e-03-06 which
336,g06-011e-03-07 is
336,g06-011e-03-09 great
336,g06-011e-04-00 seems
336,g06-011e-04-01 to
336,g06-011e-04-02 be
336,g06-011e-04-03 tired
336,g06-011e-04-05 he
336,g06-011e-04-06 is
336,g06-011e-04-07 going
336,g06-011e-04-08 out
336,g06-011e-04-09 fast
336,g06-011e-04-12 What
336,g06-011e-04-14 gay
336,g06-011e-05-00 lively
336,g06-011e-05-01 people
336,g06-011e-05-03 and
336,g06-011e-05-04 what
336,g06-011e-05-06 busy
336,g06-011e-05-07 town
336,g06-011e-05-09 At
336,g06-011e-05-10 Rome
336,g06-011e-05-12 every
336,g06-011e-06-00 other
336,g06-011e-06-01 man
336,g06-011e-06-02 was
336,g06-011e-06-04 priest
336,g06-011e-06-06 here
336,g06-011e-06-07 the
336,g06-011e-06-08 priest
336,g06-011e-06-09 is
336,g06-011e-06-11 by
336,g06-011e-07-00 the
336,g06-011e-07-01 soldier
336,g06-011e-07-05 change
336,g06-011e-07-06 in
336,g06-011e-07-07 my
336,g06-011e-07-08 eye
336,g06-011e-08-00 as
336,g06-011e-08-01 the
336,g06-011e-08-02 troops
336,g06-011e-08-03 are
336,g06-011e-08-04 very
336,g06-011e-08-05 fine
336,g06-045e-00-00 In
336,g06-045e-00-01 April
336,g06-045e-00-02 of
336,g06-045e-00-03 that
336,g06-045e-00-04 year
336,g06-045e-00-05 his
336,g06-045e-00-06 first
336,g06-045e-00-10 the
336,g06-045e-01-01 Lord
336,g06-045e-01-04 had
336,g06-045e-01-05 written
336,g06-045e-01-06 to
336,g06-045e-01-07 advise
336,g06-045e-02-00 to
336,g06-045e-02-01 give
336,g06-045e-02-02 the
336,g06-045e-02-03 system
336,g06-045e-02-05 trial
336,g06-045e-02-07 adding
336,g06-045e-02-08 that
336,g06-045e-02-09 it
336,g06-045e-02-10 was
336,g06-045e-02-11 being
336,g06-045e-03-01 with
336,g06-045e-03-03 success
336,g06-045e-03-04 in
336,g06-045e-03-05 France
336,g06-045e-03-06 and
336,g06-045e-03-07 Italy
336,g06-045e-04-00 and
336,g06-045e-04-01 that
336,g06-045e-04-02 he
336,g06-045e-04-03 himself
336,g06-045e-04-04 was
336,g06-045e-04-05 being
336,g06-045e-04-06 treated
336,g06-045e-04-07 under
336,g06-045e-04-09 doctor
336,g06-045e-05-00 who
336,g06-045e-05-01 had
336,g06-045e-05-02 studied
336,g06-045e-05-03 under
336,g06-045e-05-04 its
336,g06-045e-05-05 founder
336,g06-045e-05-07 the
336,g06-045e-05-08 aged
336,g06-045e-05-10 Samuel
