185,d04-012-00-00 The
185,d04-012-00-01 word
185,d04-012-00-02 Shamir
185,d04-012-00-03 was
185,d04-012-00-04 used
185,d04-012-00-05 as
185,d04-012-01-01 name
185,d04-012-01-07 The
185,d04-012-01-08 Hebrew
185,d04-012-02-00 word
185,d04-012-02-02 SHAMIR
185,d04-012-02-04 means
185,d04-012-02-05 guarded
185,d04-012-02-06 or
185,d04-012-03-00 ved
185,d04-012-03-04 the
185,d04-012-03-05 real
185,d04-012-03-06 man
185,d04-012-03-08 who
185,d04-012-04-00 regards
185,d04-012-04-01 himself
185,d04-012-04-02 as
185,d04-012-04-05 as
185,d04-012-04-06 the
185,d04-012-05-00 prayer
185,d04-012-05-01 says
185,d04-012-05-04 What
185,d04-012-05-05 am
185,d04-012-05-09 worm
185,d04-012-05-12 he
185,d04-012-06-00 is
185,d04-012-06-01 the
185,d04-012-06-02 Shamir
185,d04-012-06-03 and
185,d04-012-06-04 such
185,d04-012-06-06 man
185,d04-012-06-07 fulfils
185,d04-012-07-00 the
185,d04-012-07-01 Shmah
185,d04-012-07-03 loves
185,d04-012-07-04 the
185,d04-012-07-05 Lord
185,d04-012-07-06 God
185,d04-012-07-07 with
185,d04-012-08-00 all
185,d04-012-08-01 his
185,d04-012-08-02 heart
185,d04-012-08-04 and
185,d04-012-08-05 with
185,d04-012-08-06 all
185,d04-012-08-07 his
185,d04-012-08-08 soul
185,d04-012-08-09 and
185,d04-012-09-00 with
185,d04-012-09-01 all
185,d04-012-09-02 his
185,d04-012-09-03 might
185,d04-012-09-04 and
185,d04-012-09-05 studies
185,d04-012-09-06 the
185,d04-012-10-00 word
185,d04-012-10-01 of
185,d04-012-10-02 God
185,d04-016-00-00 This
185,d04-016-00-01 man
185,d04-016-00-02 is
185,d04-016-00-03 the
185,d04-016-00-04 worm
185,d04-016-00-06 the
185,d04-016-00-08 that
185,d04-016-01-00 cuts
185,d04-016-01-01 and
185,d04-016-01-05 Such
185,d04-016-02-01 man
185,d04-016-02-02 is
185,d04-016-02-03 the
185,d04-016-02-04 Shamir
185,d04-016-02-05 that
185,d04-016-02-06 guards
185,d04-016-03-00 self
185,d04-016-03-01 against
185,d04-016-03-02 all
185,d04-016-03-03 the
185,d04-016-04-00 Such
185,d04-016-04-02 Shamir
185,d04-016-04-04 the
185,d04-016-04-05 real
185,d04-016-04-06 acid
185,d04-016-05-00 to
185,d04-016-05-01 mould
185,d04-016-05-02 our
185,d04-016-05-05 to
185,d04-016-05-06 melt
185,d04-016-05-07 our
185,d04-016-06-00 heart
185,d04-016-06-01 of
185,d04-016-06-02 stone
185,d04-016-06-04 This
185,d04-016-06-05 Shamir
185,d04-016-06-06 helps
185,d04-016-07-00 us
185,d04-016-07-01 earthly
185,d04-016-07-03 to
185,d04-016-07-04 build
185,d04-016-07-05 an
185,d04-016-07-06 Altar
185,d04-016-08-00 for
185,d04-016-08-01 God
185,d04-016-08-02 to
185,d04-016-08-03 come
185,d04-016-08-04 nearer
185,d04-016-08-05 to
185,d04-016-08-06 God
