029,a02-053-00-00 It
029,a02-053-00-01 has
029,a02-053-00-02 been
029,a02-053-00-03 left
029,a02-053-00-05 however
029,a02-053-00-07 to
029,a02-053-00-09 Goka
029,a02-053-00-12 Finance
029,a02-053-01-02 to
029,a02-053-01-03 do
029,a02-053-01-04 the
029,a02-053-01-05 honours
029,a02-053-01-06 as
029,a02-053-01-07 host
029,a02-053-01-09 in
029,a02-053-01-10 which
029,a02-053-02-00 he
029,a02-053-02-01 held
029,a02-053-02-04 tonight
029,a02-053-02-05 in
029,a02-053-03-00 Hotel
029,a02-053-03-02 POLICE
029,a02-053-03-04 on
029,a02-053-03-05 direct
029,a02-053-03-06 orders
029,a02-053-03-07 from
029,a02-053-03-08 the
029,a02-053-03-09 Cabinet
029,a02-053-03-11 are
029,a02-053-04-00 openly
029,a02-053-04-02 members
029,a02-053-04-03 of
029,a02-053-04-04 Earl
029,a02-053-05-02 of
029,a02-053-05-05 the
029,a02-053-05-07 claimed
029,a02-053-06-02 It
029,a02-053-06-03 said
029,a02-053-06-05 was
029,a02-053-06-06 being
029,a02-053-06-07 put
029,a02-053-06-08 on
029,a02-053-07-00 members
029,a02-053-07-01 and
029,a02-053-07-03 all
029,a02-053-07-04 over
029,a02-053-07-05 the
029,a02-053-07-06 country
