539,m03-033-00-03 my
539,m03-033-00-04 lord
539,m03-033-00-11 His
539,m03-033-01-00 may
539,m03-033-01-01 have
539,m03-033-01-02 thought
539,m03-033-01-04 had
539,m03-033-01-05 become
539,m03-033-02-00 through
539,m03-033-02-01 fear
539,m03-033-02-06 Mr
539,m03-033-03-00 to
539,m03-033-03-01 other
539,m03-033-03-02 day
539,m03-033-03-04 my
539,m03-033-03-05 lord
539,m03-033-03-08 being
539,m03-033-03-09 of
539,m03-033-03-10 whom
539,m03-033-04-00 the
539,m03-033-04-01 forest
539,m03-033-04-02 Indians
539,m03-033-04-03 are
539,m03-033-04-04 said
539,m03-033-04-05 to
539,m03-033-04-06 be
539,m03-033-05-00 afraid
539,m03-033-05-02 with
539,m03-033-05-04 hoof
539,m03-033-05-05 shaped
539,m03-033-05-06 like
539,m03-033-05-07 the
539,m03-033-05-08 heel
539,m03-033-06-00 of
539,m03-033-06-02 bottle
539,m03-033-06-04 If
539,m03-033-06-05 your
539,m03-033-06-07 will
539,m03-033-06-08 excuse
539,m03-033-06-09 me
539,m03-033-07-01 moment
