009,a01-026-00-01 IAIN
009,a01-026-00-02 MACLEOD
009,a01-026-00-04 the
009,a01-026-00-08 denied
009,a01-026-01-00 in
009,a01-026-01-01 the
009,a01-026-01-02 Commons
009,a01-026-01-03 last
009,a01-026-01-04 night
009,a01-026-01-05 that
009,a01-026-01-06 there
009,a01-026-01-07 have
009,a01-026-01-08 been
009,a01-026-02-00 secret
009,a01-026-02-02 on
009,a01-026-02-05 future
009,a01-026-03-00 The
009,a01-026-03-04 in
009,a01-026-03-05 London
009,a01-026-03-06 has
009,a01-026-04-00 been
009,a01-026-04-02 by
009,a01-026-04-03 the
009,a01-026-04-04 two
009,a01-026-04-05 main
009,a01-026-04-07 parties
009,a01-026-05-00 the
009,a01-026-05-01 United
009,a01-026-05-02 Federal
009,a01-026-05-03 Party
009,a01-026-05-04 and
009,a01-026-05-05 the
009,a01-026-05-07 Party
009,a01-026-06-00 But
009,a01-026-06-02 of
009,a01-026-06-03 Sir
009,a01-026-06-04 Roy
009,a01-026-06-07 Prime
009,a01-026-07-01 of
009,a01-026-07-02 the
009,a01-026-07-03 Central
009,a01-026-07-04 African
009,a01-026-07-07 went
009,a01-026-08-00 to
009,a01-026-08-02 at
009,a01-026-08-03 the
009,a01-026-08-05 for
009,a01-026-08-06 talks
009,a01-026-08-07 with
009,a01-020-00-01 Macleod
009,a01-020-00-02 went
009,a01-020-00-03 on
009,a01-020-00-04 with
009,a01-020-00-05 the
009,a01-020-00-07 at
009,a01-020-01-01 House
009,a01-020-01-02 despite
009,a01-020-01-03 the
009,a01-020-01-04 crisis
009,a01-020-01-05 which
009,a01-020-01-06 had
009,a01-020-02-00 blown
009,a01-020-02-01 up
009,a01-020-02-03 He
009,a01-020-02-04 has
009,a01-020-02-05 now
009,a01-020-02-07 his
009,a01-020-02-08 full
009,a01-020-02-09 plans
009,a01-020-03-00 to
009,a01-020-03-01 the
009,a01-020-03-03 and
009,a01-020-03-07 These
009,a01-020-04-00 plans
009,a01-020-04-01 do
009,a01-020-04-02 not
009,a01-020-04-03 give
009,a01-020-04-04 the
009,a01-020-04-06 the
009,a01-020-04-07 overall
009,a01-020-05-01 they
009,a01-020-05-02 are
009,a01-020-05-03 seeking
009,a01-020-05-05 African
009,a01-020-06-00 are
009,a01-020-06-02 them
009,a01-020-06-03 today
009,a01-020-06-05 The
009,a01-020-07-00 will
009,a01-020-07-01 meet
009,a01-020-07-02 to
009,a01-020-07-03 discuss
009,a01-020-07-04 the
009,a01-020-07-06 of
009,a01-020-08-01 House
009,a01-020-08-02 of
009,a01-020-08-03 Chiefs
