281,f04-068-00-00 For
281,f04-068-00-01 all
281,f04-068-00-02 that
281,f04-068-00-04 as
281,f04-068-00-05 far
281,f04-068-00-06 as
281,f04-068-00-07 England
281,f04-068-00-08 is
281,f04-068-01-00 there
281,f04-068-01-01 have
281,f04-068-01-02 been
281,f04-068-01-03 only
281,f04-068-01-04 two
281,f04-068-01-06 on
281,f04-068-02-00 which
281,f04-068-02-02 body
281,f04-068-02-03 has
281,f04-068-02-04 been
281,f04-068-02-05 found
281,f04-068-02-06 in
281,f04-068-02-08 tunnel
281,f04-068-03-00 in
281,f04-068-03-03 to
281,f04-068-03-04 murder
281,f04-068-04-00 The
281,f04-068-04-01 first
281,f04-068-04-02 was
281,f04-068-04-03 that
281,f04-068-04-04 of
281,f04-068-04-05 Mr
281,f04-068-04-06 Gold
281,f04-068-04-08 in
281,f04-068-04-09 the
281,f04-068-04-10 famous
281,f04-068-05-00 Lefroy
281,f04-068-05-01 case
281,f04-068-05-03 and
281,f04-068-05-04 by
281,f04-068-05-05 an
281,f04-068-05-06 odd
281,f04-068-05-07 chance
281,f04-068-05-08 the
281,f04-068-05-09 second
281,f04-068-05-10 tragedy
281,f04-068-06-01 on
281,f04-068-06-02 the
281,f04-068-06-03 same
281,f04-068-06-04 line
281,f04-068-06-07 this
281,f04-068-06-08 time
281,f04-068-06-09 the
281,f04-068-07-00 victim
281,f04-068-07-01 was
281,f04-068-07-03 woman
281,f04-071-00-00 Though
281,f04-071-00-01 in
281,f04-071-00-02 the
281,f04-071-00-03 minds
281,f04-071-00-04 of
281,f04-071-00-05 most
281,f04-071-00-06 people
281,f04-071-00-07 there
281,f04-071-00-08 was
281,f04-071-01-00 no
281,f04-071-01-01 doubt
281,f04-071-01-02 that
281,f04-071-01-03 the
281,f04-071-01-04 woman
281,f04-071-01-05 had
281,f04-071-01-06 been
281,f04-071-01-07 the
281,f04-071-01-08 victim
281,f04-071-02-00 of
281,f04-071-02-01 foul
281,f04-071-02-02 play
281,f04-071-02-04 the
281,f04-071-02-05 verdict
281,f04-071-02-06 brought
281,f04-071-02-07 in
281,f04-071-02-08 was
281,f04-071-02-09 that
281,f04-071-02-10 there
281,f04-071-03-00 was
281,f04-071-03-01 not
281,f04-071-03-04 to
281,f04-071-03-05 show
281,f04-071-03-06 whether
281,f04-071-04-00 she
281,f04-071-04-01 had
281,f04-071-04-02 fallen
281,f04-071-04-03 or
281,f04-071-04-04 been
281,f04-071-04-05 thrown
281,f04-071-04-06 from
281,f04-071-04-08 train
281,f04-071-05-00 The
281,f04-071-05-02 Tunnel
281,f04-071-05-04 on
281,f04-071-05-05 the
281,f04-071-06-01 line
281,f04-071-06-03 is
281,f04-071-06-05 one
281,f04-071-06-06 mile
281,f04-071-06-07 long
281,f04-071-07-00 and
281,f04-071-07-01 some
281,f04-071-07-02 time
281,f04-071-07-03 before
281,f04-071-07-05 on
281,f04-071-08-05 Sunday
281,f04-071-08-08 Peacock
281,f04-071-08-10 of
281,f04-071-09-00 the
281,f04-071-09-01 London
281,f04-071-09-04 and
281,f04-071-09-05 South
281,f04-071-09-06 Coast
281,f04-071-09-07 Railway
