555,n01-020-00-00 For
555,n01-020-00-01 some
555,n01-020-00-02 reason
555,n01-020-00-03 the
555,n01-020-00-05 had
555,n01-020-01-00 to
555,n01-020-01-01 switch
555,n01-020-01-02 on
555,n01-020-01-03 the
555,n01-020-01-04 lights
555,n01-020-01-06 there
555,n01-020-01-07 was
555,n01-020-01-08 no
555,n01-020-01-09 colour
555,n01-020-02-02 were
555,n01-020-02-04 solely
555,n01-020-02-05 by
555,n01-020-03-01 of
555,n01-020-03-02 silvery
555,n01-020-03-05 Even
555,n01-020-03-06 the
555,n01-020-04-00 capped
555,n01-020-04-01 summit
555,n01-020-04-02 of
555,n01-020-04-03 Mont
555,n01-020-04-04 Blanc
555,n01-020-04-06 seven
555,n01-020-04-07 miles
555,n01-020-05-00 below
555,n01-020-05-02 was
555,n01-020-05-03 not
555,n01-020-05-05 among
555,n01-020-05-06 the
555,n01-020-05-07 host
555,n01-020-06-00 of
555,n01-020-06-01 lower
555,n01-020-06-02 peaks
555,n01-020-06-04 The
555,n01-020-06-05 screen
555,n01-020-06-06 of
555,n01-020-06-07 the
555,n01-020-07-00 radar
555,n01-020-07-01 glowed
555,n01-020-07-04 minute
555,n01-020-07-05 spots
555,n01-020-08-01 across
555,n01-020-08-02 its
555,n01-020-08-03 surface
555,n01-020-08-05 but
555,n01-020-08-06 there
555,n01-020-08-07 was
555,n01-020-09-00 no
555,n01-020-09-02 image
555,n01-031-00-00 In
555,n01-031-00-01 the
555,n01-031-00-03 clarity
555,n01-031-00-04 he
555,n01-031-00-05 was
555,n01-031-00-06 even
555,n01-031-00-07 able
555,n01-031-00-08 to
555,n01-031-01-00 make
555,n01-031-01-02 direct
555,n01-031-01-04 between
555,n01-031-01-05 the
555,n01-031-01-06 radar
555,n01-031-02-00 image
555,n01-031-02-01 and
555,n01-031-02-02 the
555,n01-031-02-03 ground
555,n01-031-02-04 itself
555,n01-031-02-06 Ahead
555,n01-031-02-07 lay
555,n01-031-02-08 the
555,n01-031-03-00 Plain
555,n01-031-03-01 of
555,n01-031-03-04 to
555,n01-031-03-05 the
555,n01-031-03-06 right
555,n01-031-03-08 Turin
555,n01-031-03-10 to
555,n01-031-03-11 the
555,n01-031-04-00 left
555,n01-031-04-02 Milan
555,n01-031-04-04 The
555,n01-031-04-06 angle
555,n01-031-04-07 of
555,n01-031-04-08 the
555,n01-031-05-00 scanner
555,n01-031-05-01 could
555,n01-031-05-02 be
555,n01-031-05-04 to
555,n01-031-05-05 cover
555,n01-031-05-06 any
555,n01-031-06-01 area
555,n01-031-06-02 within
555,n01-031-06-03 its
555,n01-031-06-04 range
555,n01-031-07-00 turned
555,n01-031-07-01 the
555,n01-031-07-02 scale
555,n01-031-07-03 slowly
555,n01-031-07-04 to
555,n01-031-07-05 cover
555,n01-031-07-06 the
555,n01-031-08-00 ground
555,n01-031-08-02 ahead
555,n01-045-00-00 Now
555,n01-045-00-02 as
555,n01-045-00-04 reduced
555,n01-045-00-05 the
555,n01-045-00-06 thrust
555,n01-045-00-08 the
555,n01-045-01-00 pitch
555,n01-045-01-01 changed
555,n01-045-01-02 as
555,n01-045-01-03 the
555,n01-045-01-04 nose
555,n01-045-01-05 of
555,n01-045-01-06 the
555,n01-045-02-00 dipped
555,n01-045-02-03 The
555,n01-045-02-04 needle
555,n01-045-02-05 of
555,n01-045-02-06 the
555,n01-045-02-07 speed
555,n01-045-03-01 swung
555,n01-045-03-02 gently
555,n01-045-03-03 through
555,n01-045-04-00 before
555,n01-045-04-01 coming
555,n01-045-04-02 to
555,n01-045-04-03 rest
555,n01-045-04-04 at
555,n01-045-04-08 We
555,n01-045-04-11 bit
555,n01-045-05-00 ahead
555,n01-045-05-01 of
555,n01-045-05-02 time
555,n01-045-05-05 said
555,n01-045-05-09 We
555,n01-045-05-11 run
555,n01-045-06-00 in
555,n01-045-06-01 on
555,n01-045-06-02 minimum
555,n01-045-06-03 engine
555,n01-045-06-04 power
555,n01-045-07-00 smiled
555,n01-045-07-03 talked
555,n01-045-07-04 of
555,n01-045-07-05 running
555,n01-045-07-06 in
555,n01-045-07-07 when
555,n01-045-08-00 they
555,n01-045-08-01 were
555,n01-045-08-02 still
555,n01-045-08-03 more
555,n01-045-08-04 than
555,n01-045-08-05 four
555,n01-045-08-06 hundred
555,n01-045-09-00 miles
555,n01-045-09-01 from
555,n01-045-09-02 their
