312,g03-032-00-00 Soon
312,g03-032-00-01 they
312,g03-032-00-02 were
312,g03-032-00-03 good
312,g03-032-00-04 enough
312,g03-032-00-05 to
312,g03-032-00-06 sing
312,g03-032-00-07 at
312,g03-032-01-00 One
312,g03-032-01-01 of
312,g03-032-01-02 the
312,g03-032-01-03 helpful
312,g03-032-01-05 was
312,g03-032-01-06 that
312,g03-032-02-00 they
312,g03-032-02-01 were
312,g03-032-02-02 able
312,g03-032-02-03 to
312,g03-032-02-04 obtain
312,g03-032-02-05 some
312,g03-032-03-02 with
312,g03-032-03-03 which
312,g03-032-03-04 they
312,g03-032-03-05 wore
312,g03-032-03-07 white
312,g03-032-03-08 tie
312,g03-032-04-00 and
312,g03-032-04-01 Red
312,g03-032-04-02 Flag
312,g03-032-04-03 badge
312,g03-032-04-05 thus
312,g03-032-04-08 much
312,g03-032-05-00 better
312,g03-032-05-03 Later
312,g03-032-05-05 on
312,g03-032-05-06 many
312,g03-032-05-08 sunny
312,g03-032-05-09 Sunday
312,g03-032-06-00 evening
312,g03-032-06-02 when
312,g03-032-06-03 George
312,g03-032-06-04 went
312,g03-032-06-05 to
312,g03-032-06-06 speak
312,g03-032-06-07 at
312,g03-032-06-08 Malin
312,g03-032-06-09 Bridge
312,g03-032-07-00 they
312,g03-032-07-01 would
312,g03-032-07-02 be
312,g03-032-07-03 there
312,g03-032-07-04 to
312,g03-032-07-05 begin
312,g03-032-07-06 the
312,g03-032-07-07 meeting
