070,a06-025-00-00 The
070,a06-025-00-01 other
070,a06-025-00-02 TUC
070,a06-025-00-03 demands
070,a06-025-00-05 Five
070,a06-025-00-06 leading
070,a06-025-01-01 must
070,a06-025-01-02 not
070,a06-025-01-03 hold
070,a06-025-01-04 office
070,a06-025-01-05 for
070,a06-025-01-06 five
070,a06-025-02-00 years
070,a06-025-02-03 set
070,a06-025-02-04 up
070,a06-025-02-05 to
070,a06-025-02-06 strip
070,a06-025-03-01 John
070,a06-025-03-02 Byrne
070,a06-025-03-03 of
070,a06-025-03-04 his
070,a06-025-03-05 powers
070,a06-025-03-06 must
070,a06-025-04-00 disband
070,a06-025-04-01 in
070,a06-025-04-02 ten
070,a06-025-04-03 days
070,a06-025-04-05 These
070,a06-025-04-06 the
070,a06-025-04-07 ETU
070,a06-025-05-02 as
070,a06-025-05-04 wholly
070,a06-025-06-00 and
070,a06-025-06-07 But
070,a06-025-06-08 it
070,a06-025-07-00 agreed
070,a06-025-07-01 to
070,a06-025-07-04 of
070,a06-025-07-05 the
