297,g01-025-00-00 In
297,g01-025-00-01 this
297,g01-025-00-02 cruel
297,g01-025-00-03 process
297,g01-025-00-04 which
297,g01-025-00-05 was
297,g01-025-01-01 out
297,g01-025-01-02 nations
297,g01-025-01-03 on
297,g01-025-01-04 the
297,g01-025-01-05 anvils
297,g01-025-01-06 of
297,g01-025-02-00 war
297,g01-025-02-02 there
297,g01-025-02-03 was
297,g01-025-02-07 of
297,g01-025-03-00 those
297,g01-025-03-01 in
297,g01-025-03-03 to
297,g01-025-03-04 find
297,g01-025-03-05 some
297,g01-025-03-06 simple
297,g01-025-04-00 way
297,g01-025-04-01 out
297,g01-025-04-02 of
297,g01-025-04-03 the
297,g01-025-05-01 which
297,g01-025-05-02 always
297,g01-025-05-05 and
297,g01-025-05-06 in
297,g01-025-05-07 the
297,g01-025-06-00 story
297,g01-025-06-01 of
297,g01-025-06-02 the
297,g01-025-06-04 and
297,g01-025-07-00 to
297,g01-025-07-01 which
297,g01-025-07-02 the
297,g01-025-07-05 is
297,g01-025-08-00 the
297,g01-025-08-01 story
297,g01-025-08-02 of
297,g01-025-08-03 the
297,g01-025-08-04 prelude
297,g01-025-08-05 to
297,g01-025-08-06 the
297,g01-025-09-01 Revolt
297,g01-025-09-02 of
297,g01-027-00-00 In
297,g01-027-00-02 this
297,g01-027-00-03 story
297,g01-027-00-05 modern
297,g01-027-01-01 of
297,g01-027-01-03 duties
297,g01-027-01-04 must
297,g01-027-01-05 be
297,g01-027-02-00 set
297,g01-027-02-01 aside
297,g01-027-02-04 modern
297,g01-027-02-06 needs
297,g01-027-03-01 not
297,g01-027-03-02 merely
297,g01-027-03-03 for
297,g01-027-03-04 defence
297,g01-027-03-05 and
297,g01-027-04-00 offence
297,g01-027-04-01 but
297,g01-027-04-02 for
297,g01-027-04-04 very
297,g01-027-04-05 wide
297,g01-027-04-06 range
297,g01-027-04-07 of
297,g01-027-05-00 social
297,g01-027-06-00 needed
297,g01-027-06-02 in
297,g01-027-06-03 order
297,g01-027-06-04 to
297,g01-027-07-00 the
297,g01-027-07-01 private
297,g01-027-07-02 wealth
297,g01-027-07-03 of
297,g01-027-07-04 the
297,g01-027-08-01 the
297,g01-027-08-02 royal
297,g01-027-08-03 income
297,g01-027-08-04 from
297,g01-027-08-05 the
297,g01-027-08-07 of
297,g01-027-09-00 crown
297,g01-027-09-01 lands
297,g01-027-09-03 the
297,g01-027-09-04 fees
297,g01-027-09-05 of
