669,r03-115-00-00 Much
669,r03-115-00-01 more
669,r03-115-00-03 than
669,r03-115-00-04 that
669,r03-115-00-05 poky
669,r03-115-00-06 little
669,r03-115-00-07 cottage
669,r03-115-01-00 which
669,r03-115-01-03 bit
669,r03-115-01-05 really
669,r03-115-01-07 the
669,r03-115-02-01 room
669,r03-115-02-02 was
669,r03-115-02-03 too
669,r03-115-02-04 small
669,r03-115-02-05 when
669,r03-115-02-06 divided
669,r03-115-03-00 and
669,r03-115-03-01 too
669,r03-115-03-02 big
669,r03-115-03-03 when
669,r03-115-03-04 not
