158,e04-000-00-00 HERE
158,e04-000-00-01 is
158,e04-000-00-03 project
158,e04-000-00-04 that
158,e04-000-00-05 will
158,e04-000-00-06 be
158,e04-000-00-08 by
158,e04-000-00-09 the
158,e04-000-01-00 family
158,e04-000-01-01 man
158,e04-000-01-02 or
158,e04-000-01-05 Unlike
158,e04-000-01-06 many
158,e04-000-02-03 this
158,e04-000-02-04 chair
158,e04-000-02-05 is
158,e04-000-02-06 solidly
158,e04-000-02-07 built
158,e04-000-02-08 and
158,e04-000-03-00 capable
158,e04-000-03-01 of
158,e04-000-03-03 the
158,e04-000-03-04 heavy
158,e04-000-03-06 of
158,e04-000-03-07 the
158,e04-000-04-00 most
158,e04-000-04-04 Almost
158,e04-000-04-05 any
158,e04-000-05-00 timber
158,e04-000-05-01 can
158,e04-000-05-02 be
158,e04-000-05-03 used
158,e04-000-05-04 but
158,e04-000-05-05 Parana
158,e04-000-05-06 pine
158,e04-000-05-07 is
158,e04-000-06-02 being
158,e04-000-06-03 cheap
158,e04-000-06-05 easy
158,e04-000-06-06 to
158,e04-000-06-07 work
158,e04-000-06-09 and
158,e04-000-07-00 taking
158,e04-000-07-02 good
158,e04-000-07-03 finish
158,c04-008-00-00 In
158,c04-008-00-01 his
158,c04-008-00-02 first
158,c04-008-00-04 picture
158,c04-008-00-07 Let
158,c04-008-00-09 Make
158,c04-008-00-10 Love
158,c04-008-00-13 he
158,c04-008-01-00 was
158,c04-008-01-01 swamped
158,c04-008-01-02 by
158,c04-008-01-03 the
158,c04-008-01-05 of
158,c04-008-01-06 Marilyn
158,c04-008-01-07 Monroe
158,c04-008-02-00 and
158,c04-008-02-01 Yves
158,c04-008-02-02 Montand
158,c04-008-02-04 Against
158,c04-008-02-05 this
158,c04-008-02-06 couple
158,c04-008-02-07 Frankie
158,c04-008-02-09 in
158,c04-008-03-02 role
158,c04-008-03-05 stand
158,c04-008-03-07 chance
158,c04-008-03-09 Now
158,c04-008-03-10 comes
158,c04-008-04-01 The
158,c04-008-04-02 Right
158,c04-008-04-06 Rialto
158,c04-008-04-13 and
158,c04-008-04-14 it
158,c04-008-04-17 glum
158,c04-008-05-02 He
158,c04-008-05-03 plays
158,c04-008-05-04 an
158,c04-008-05-06 actor
158,c04-008-06-00 selfish
158,c04-008-06-04 brash
158,c04-008-06-09 heel
158,c04-008-07-00 who
158,c04-008-07-01 would
158,c04-008-07-02 tread
158,c04-008-07-03 on
158,c04-008-07-05 neck
158,c04-008-07-06 to
158,c04-008-07-07 get
158,c04-008-07-09 break
158,c04-008-07-10 in
158,c04-008-08-00 the
158,c04-008-08-02 ratrace
158,c04-013-00-00 He
158,c04-013-00-02 the
158,c04-013-00-03 five
158,c04-013-00-04 pals
158,c04-013-00-05 with
158,c04-013-00-06 whom
158,c04-013-00-07 he
158,c04-013-00-08 lives
158,c04-013-01-00 cheats
158,c04-013-01-04 Juliet
158,c04-013-01-05 Prowse
158,c04-013-01-07 and
158,c04-013-01-09 uses
158,c04-013-02-04 Martha
158,c04-013-02-05 Hyer
158,c04-013-02-07 to
158,c04-013-02-08 get
158,c04-013-02-09 ahead
158,c04-013-03-00 Frankie
158,c04-013-03-01 Vaughan
158,c04-013-03-02 is
158,c04-013-03-03 too
158,c04-013-03-04 nice
158,c04-013-03-06 chap
158,c04-013-03-07 to
158,c04-013-03-08 ring
158,c04-013-03-09 quite
158,c04-013-04-00 true
158,c04-013-04-01 as
158,c04-013-04-06 Yank
158,c04-013-04-08 His
158,c04-013-05-00 best
158,c04-013-05-01 moments
158,c04-013-05-02 are
158,c04-013-05-03 when
158,c04-013-05-04 he
158,c04-013-05-05 swings
158,c04-013-05-07 into
158,c04-013-05-08 the
158,c04-013-06-00 title
158,c04-013-06-01 song
