304,g02-062-00-00 At
304,g02-062-00-01 one
304,g02-062-00-02 and
304,g02-062-00-03 the
304,g02-062-00-04 same
304,g02-062-00-05 time
304,g02-062-00-09 occur
304,g02-062-00-10 the
304,g02-062-00-11 beat
304,g02-062-01-00 of
304,g02-062-01-01 the
304,g02-062-01-02 apex
304,g02-062-01-04 the
304,g02-062-01-06 of
304,g02-062-01-07 the
304,g02-062-01-08 heart
304,g02-062-01-09 walls
304,g02-062-01-11 and
304,g02-062-02-00 the
304,g02-062-02-03 of
304,g02-062-02-04 their
304,g02-062-02-06 blood
304,g02-062-02-07 by
304,g02-062-02-08 the
304,g02-062-03-01 of
304,g02-062-03-02 the
304,g02-062-03-05 Going
304,g02-062-03-06 on
304,g02-062-03-07 in
304,g02-062-03-08 Chapter
304,g02-062-03-09 Three
304,g02-062-04-00 to
304,g02-062-04-01 the
304,g02-062-04-03 of
304,g02-062-04-04 the
304,g02-062-04-08 gauged
304,g02-062-04-09 from
304,g02-062-05-00 the
304,g02-062-05-02 of
304,g02-062-05-03 living
304,g02-062-05-04 animals
304,g02-062-05-06 Harvey
304,g02-062-05-07 noted
304,g02-062-05-08 that
304,g02-062-06-01 of
304,g02-062-06-02 the
304,g02-062-06-03 heart
304,g02-062-06-04 and
304,g02-062-06-05 the
304,g02-062-06-06 apex
304,g02-062-06-07 beat
304,g02-062-06-08 occur
304,g02-062-06-09 in
304,g02-062-07-00 systole
304,g02-062-07-03 with
304,g02-062-07-05 of
304,g02-062-07-06 the
304,g02-062-08-00 and
304,g02-062-08-01 of
304,g02-062-08-02 the
304,g02-062-08-04 vein
304,g02-062-08-06 and
304,g02-062-08-08 of
304,g02-062-08-09 the
304,g02-062-09-01 content
