330,g04-104-00-00 In
330,g04-104-00-01 those
330,g04-104-00-02 early
330,g04-104-00-03 years
330,g04-104-00-06 life
330,g04-104-00-07 was
330,g04-104-00-08 very
330,g04-104-00-09 full
330,g04-104-01-00 both
330,g04-104-01-01 in
330,g04-104-01-02 the
330,g04-104-01-03 parish
330,g04-104-01-04 and
330,g04-104-01-05 in
330,g04-104-01-06 the
330,g04-104-01-07 wider
330,g04-104-01-08 war
330,g04-104-02-00 The
330,g04-104-02-01 Bishop
330,g04-104-02-03 knowing
330,g04-104-02-04 that
330,g04-104-02-06 spent
330,g04-104-02-07 my
330,g04-104-02-09 in
330,g04-104-03-00 Bavaria
330,g04-104-03-02 asked
330,g04-104-03-03 me
330,g04-104-03-04 if
330,g04-104-03-06 would
330,g04-104-03-07 do
330,g04-104-03-09 for
330,g04-104-03-10 two
330,g04-104-03-11 wards
330,g04-104-04-00 at
330,g04-104-04-01 the
330,g04-104-04-02 Royal
330,g04-104-04-03 Herbert
330,g04-104-04-06 full
330,g04-104-04-07 of
330,g04-104-04-08 war
330,g04-104-05-01 was
330,g04-104-05-02 very
330,g04-104-05-03 glad
330,g04-104-05-04 to
330,g04-104-05-05 help
330,g04-104-05-06 in
330,g04-104-05-07 this
330,g04-104-05-08 way
330,g04-104-05-10 and
330,g04-104-05-11 visited
330,g04-104-05-12 them
330,g04-104-06-03 at
330,g04-104-06-04 once
330,g04-104-06-07 contact
330,g04-104-06-08 with
330,g04-104-07-00 the
330,g04-104-07-02 wounded
330,g04-104-07-03 who
330,g04-104-07-04 were
330,g04-104-07-06 to
330,g04-104-07-07 find
330,g04-104-08-00 someone
330,g04-104-08-01 who
330,g04-104-08-02 knew
330,g04-104-08-03 their
330,g04-104-08-04 native
330,h04-007-00-01 with
330,h04-007-00-04 the
330,h04-007-00-06 index
330,h04-007-00-07 for
330,h04-007-01-00 showed
330,h04-007-01-02 of
330,h04-007-01-04 to
330,h04-007-01-06 per
330,h04-007-01-07 cent
330,h04-007-01-08 for
330,h04-007-01-09 couples
330,h04-007-01-10 without
330,h04-007-02-01 and
330,h04-007-02-02 those
330,h04-007-02-03 with
330,h04-007-02-04 one
330,h04-007-02-05 child
330,h04-007-02-07 and
330,h04-007-02-08 much
330,h04-007-02-09 smaller
330,h04-007-03-00 changes
330,h04-007-03-01 for
330,h04-007-03-02 couples
330,h04-007-03-03 with
330,h04-007-03-04 several
330,h04-007-03-07 The
330,h04-007-04-00 index
330,h04-007-04-02 which
330,h04-007-04-03 has
330,h04-007-04-04 risen
330,h04-007-04-05 only
330,h04-007-04-06 slowly
330,h04-007-04-07 since
330,h04-007-04-10 was
330,h04-007-05-00 almost
330,h04-007-05-02 in
330,h04-007-05-04 for
330,h04-007-05-05 couples
330,h04-007-05-06 with
330,h04-007-05-07 two
330,h04-007-05-08 or
330,h04-007-05-09 more
330,h04-007-06-02 but
330,h04-007-06-03 rose
330,h04-007-06-04 by
330,h04-007-06-06 per
330,h04-007-06-07 cent
330,h04-007-06-08 in
330,h04-007-06-09 the
330,h04-007-06-10 older
330,h04-007-07-01 and
330,h04-007-07-02 by
330,h04-007-07-04 per
330,h04-007-07-05 cent
330,h04-007-07-06 for
330,h04-007-07-07 younger
330,h04-007-08-00 couples
330,h04-007-08-01 and
330,h04-007-08-02 couples
330,h04-007-08-03 with
330,h04-007-08-04 one
330,h04-007-08-05 child
330,g04-108-00-01 could
330,g04-108-00-02 at
330,g04-108-00-03 once
330,g04-108-00-04 notice
330,g04-108-00-05 the
330,g04-108-00-06 great
330,g04-108-01-00 between
330,g04-108-01-01 the
330,g04-108-01-03 and
330,g04-108-01-04 the
330,g04-108-01-06 who
330,g04-108-01-07 openly
330,g04-108-02-00 scorned
330,g04-108-02-01 these
330,g04-108-02-02 more
330,g04-108-02-03 simple
330,g04-108-02-04 country
330,g04-108-02-05 folk
330,h04-021-00-00 As
330,h04-021-00-01 in
330,h04-021-00-04 younger
330,h04-021-00-05 couples
330,h04-021-00-06 paid
330,h04-021-00-07 some
330,h04-021-00-10 per
330,h04-021-00-11 cent
330,h04-021-01-00 more
330,h04-021-01-01 per
330,h04-021-01-02 calorie
330,h04-021-01-03 than
330,h04-021-01-04 the
330,h04-021-01-06 average
330,h04-021-01-08 and
330,h04-021-02-00 with
330,h04-021-02-01 four
330,h04-021-02-02 or
330,h04-021-02-03 more
330,h04-021-02-06 per
330,h04-021-02-07 cent
330,h04-021-02-08 less
330,h04-021-02-10 The
330,h04-021-02-11 only
330,h04-021-03-01 change
330,h04-021-03-02 was
330,h04-021-03-03 in
330,h04-021-03-05 with
330,h04-021-03-06 three
330,h04-021-04-00 for
330,h04-021-04-01 whom
330,h04-021-04-02 the
330,h04-021-04-03 index
330,h04-021-04-05 from
330,h04-021-04-07 to
330,h04-021-04-10 Table
330,h04-021-05-00 also
330,h04-021-05-01 shows
330,h04-021-05-02 the
330,h04-021-05-04 values
330,h04-021-05-05 of
330,h04-021-05-06 an
330,h04-021-05-07 index
330,h04-021-05-08 which
330,h04-021-06-01 the
330,h04-021-06-02 prices
330,h04-021-06-03 paid
330,h04-021-06-04 by
330,h04-021-06-06 types
330,h04-021-06-07 of
330,h04-021-07-00 for
330,h04-021-07-01 the
330,h04-021-07-04 the
330,h04-021-07-05 average
330,h04-021-08-00 diet
330,h04-021-08-01 in
