170,c04-144-00-00 Say
170,c04-144-00-01 Granada
170,c04-144-00-04 the
170,c04-144-00-08 We
170,c04-144-00-09 decided
170,c04-144-00-10 to
170,c04-144-00-11 make
170,c04-144-01-00 the
170,c04-144-01-01 switch
170,c04-144-01-02 because
170,c04-144-01-03 of
170,c04-144-01-04 the
170,c04-144-01-06 of
170,c04-144-01-07 African
170,c04-144-02-00 affairs
170,c04-144-02-02 The
170,c04-144-02-03 Wesker
170,c04-144-02-05 will
170,c04-144-02-06 be
170,c04-144-02-07 seen
170,c04-144-02-08 at
170,c04-144-02-10 later
170,c04-144-03-00 date
170,c04-144-03-03 ACTOR
170,c04-144-03-04 Tom
170,c04-144-03-06 was
170,c04-144-03-07 an
170,c04-144-04-00 success
170,c04-144-04-01 last
170,c04-144-04-02 night
170,c04-144-04-03 in
170,c04-144-04-06 Private
170,c04-144-04-07 Potter
170,c04-144-04-10 his
170,c04-144-05-00 first
170,c04-144-05-01 big
170,c04-144-05-03 part
170,c04-144-05-05 The
170,c04-144-05-06 play
170,c04-144-05-07 was
170,c04-144-06-00 essay
170,c04-144-06-01 on
170,c04-144-06-03 which
170,c04-144-06-04 stated
170,c04-144-06-05 that
170,c04-144-07-00 man
170,c04-144-07-01 could
170,c04-144-07-02 only
170,c04-144-07-03 be
170,c04-144-07-05 as
170,c04-144-07-07 machine
170,c04-150-00-00 Potter
170,c04-150-00-02 during
170,c04-150-00-03 an
170,c04-150-00-04 action
170,c04-150-00-06 and
170,c04-150-00-07 was
170,c04-150-00-10 He
170,c04-150-01-00 claimed
170,c04-150-01-01 he
170,c04-150-01-02 had
170,c04-150-01-03 seen
170,c04-150-01-05 vision
170,c04-150-01-06 of
170,c04-150-01-07 God
170,c04-150-01-09 only
170,c04-150-01-10 the
170,c04-150-01-11 padre
170,c04-150-01-12 and
170,c04-150-01-13 his
170,c04-150-02-02 him
170,c04-150-02-05 played
170,c04-150-02-06 the
170,c04-150-02-07 part
170,c04-150-02-08 with
170,c04-150-02-10 gawky
170,c04-150-03-03 The
170,c04-150-03-04 cameras
170,c04-150-03-05 played
170,c04-150-03-07 on
170,c04-150-03-08 his
170,c04-150-04-00 craggy
170,c04-150-04-01 face
170,c04-150-04-03 and
170,c04-150-04-06 baffled
170,c04-150-04-07 eyes
170,c04-150-04-09 They
170,c04-150-05-00 him
170,c04-150-05-01 of
170,c04-150-05-02 his
170,c04-150-05-03 ugly
170,c04-150-05-06 to
170,c04-150-05-07 leave
170,c04-150-05-08 him
170,c04-150-05-09 for
170,c04-150-06-00 what
170,c04-150-06-01 he
170,c04-150-06-02 was
170,c04-150-06-04 Potter
170,c04-150-06-08 boy
170,c04-150-06-09 who
170,c04-150-06-10 had
170,c04-150-07-00 vision
