519,m01-160-00-00 After
519,m01-160-00-02 long
519,m01-160-00-03 wait
519,m01-160-00-05 bus
519,m01-160-00-07 and
519,m01-160-00-08 they
519,m01-160-01-01 the
519,m01-160-01-02 beaming
519,m01-160-01-03 Dan
519,m01-160-01-04 aboard
519,m01-160-01-06 taking
519,m01-160-02-00 seats
519,m01-160-02-01 some
519,m01-160-02-02 rows
519,m01-160-02-03 behind
519,m01-160-02-04 him
519,m01-160-02-06 Steve
519,m01-160-02-07 was
519,m01-160-03-01 to
519,m01-160-03-02 find
519,m01-160-03-03 the
519,m01-160-03-08 happy
519,m01-160-04-00 faces
519,m01-160-04-01 very
519,m01-160-04-04 and
519,m01-160-04-05 looking
519,m01-160-04-06 at
519,m01-160-05-00 Heather
519,m01-160-05-01 he
519,m01-160-05-02 found
519,m01-160-05-04 welcome
519,m01-160-05-05 relief
519,m01-160-05-06 in
519,m01-160-05-07 her
519,m01-160-06-01 long
519,m01-160-06-02 doleful
519,m01-160-06-03 one
