056,a03-066-00-02 main
056,a03-066-00-03 purpose
056,a03-066-00-04 will
056,a03-066-00-05 be
056,a03-066-00-06 to
056,a03-066-01-00 remove
056,a03-066-01-01 these
056,a03-066-01-02 doubts
056,a03-066-01-04 and
056,a03-066-01-05 to
056,a03-066-01-07 the
056,a03-066-02-00 Federal
056,a03-066-02-02 that
056,a03-066-02-03 the
056,a03-066-02-05 burden
056,a03-066-03-01 is
056,a03-066-03-02 really
056,a03-066-03-03 worth
056,a03-066-03-04 while
056,a03-066-03-06 at
056,a03-066-03-08 time
056,a03-066-03-09 when
056,a03-066-04-00 any
056,a03-066-04-02 in
056,a03-066-05-00 would
056,a03-066-05-01 almost
056,a03-066-05-03 involve
056,a03-066-06-00 rise
056,a03-066-06-01 in
056,a03-066-06-05 no
056,a03-066-06-06 one
056,a03-066-06-07 is
056,a03-066-07-00 to
056,a03-066-07-02 in
056,a03-066-07-03 an
056,a03-066-07-05 year
