167,c04-105-00-00 NEW
167,c04-105-00-01 boy
167,c04-105-00-02 on
167,c04-105-00-03 the
167,c04-105-00-04 vocal
167,c04-105-00-05 front
167,c04-105-00-06 is
167,c04-105-01-00 Rolly
167,c04-105-01-01 Daniels
167,c04-105-01-03 who
167,c04-105-01-04 comes
167,c04-105-01-06 miles
167,c04-105-02-00 from
167,c04-105-02-01 India
167,c04-105-02-02 to
167,c04-105-02-03 seek
167,c04-105-02-04 disc
167,c04-105-02-05 fame
167,c04-105-02-08 Hal
167,c04-105-03-00 Monty
167,c04-105-03-01 saw
167,c04-105-03-02 him
167,c04-105-03-03 in
167,c04-105-03-04 Bombay
167,c04-105-03-06 became
167,c04-105-03-07 his
167,c04-105-03-08 manager
167,c04-105-04-00 And
167,c04-105-04-01 such
167,c04-105-04-02 is
167,c04-105-04-04 faith
167,c04-105-04-05 that
167,c04-105-04-06 he
167,c04-105-04-07 brings
167,c04-105-04-08 him
167,c04-105-04-09 to
167,c04-105-05-00 Europe
167,c04-105-05-02 Now
167,c04-105-05-03 Rolly
167,c04-105-05-04 gets
167,c04-105-05-05 his
167,c04-105-05-06 big
167,c04-105-05-07 break
167,c04-105-06-00 record
167,c04-105-06-02 the
167,c04-105-06-03 modern
167,c04-105-06-05 lamp
167,c04-105-06-06 of
167,c04-105-07-00 show
