329,g04-101-00-00 Their
329,g04-101-00-01 homes
329,g04-101-00-03 for
329,g04-101-00-04 since
329,g04-101-00-05 those
329,g04-101-00-06 years
329,g04-101-00-07 they
329,g04-101-00-08 have
329,g04-101-01-00 lived
329,g04-101-01-01 on
329,g04-101-01-02 in
329,g04-101-01-03 Purley
329,g04-101-01-05 have
329,g04-101-01-06 always
329,g04-101-01-07 been
329,g04-101-02-00 havens
329,g04-101-02-01 of
329,g04-101-02-02 rest
329,g04-101-02-04 and
329,g04-101-02-05 the
329,g04-101-02-06 welcome
329,g04-101-02-07 has
329,g04-101-02-08 never
329,g04-101-03-00 failed
329,g04-101-03-02 Their
329,g04-101-03-03 three
329,g04-101-03-04 boys
329,g04-101-03-06 now
329,g04-101-03-08 men
329,g04-101-04-00 were
329,g04-101-04-01 in
329,g04-101-04-02 our
329,g04-101-04-04 Church
329,g04-101-04-05 from
329,g04-101-04-06 the
329,g04-101-05-00 outset
329,g04-101-05-02 and
329,g04-101-05-03 when
329,g04-101-05-04 we
329,g04-101-05-06 see
329,g04-101-05-07 one
329,g04-101-06-00 another
329,g04-101-06-01 we
329,g04-101-06-02 do
329,g04-101-06-03 not
329,g04-101-06-04 forget
329,g04-098-00-00 From
329,g04-098-00-01 then
329,g04-098-00-02 till
329,g04-098-00-03 now
329,g04-098-00-04 the
329,g04-098-00-06 ripened
329,g04-098-00-07 into
329,g04-098-00-09 very
329,g04-098-01-00 deep
329,g04-098-01-02 which
329,g04-098-01-04 have
329,g04-098-01-05 taken
329,g04-098-01-06 with
329,g04-098-01-07 me
329,g04-098-01-08 through
329,g04-098-02-00 all
329,g04-098-02-01 the
329,g04-098-02-02 many
329,g04-098-02-04 of
329,g04-098-02-06 long
329,g04-098-02-10 and
329,g04-098-03-02 have
329,g04-098-03-03 been
329,g04-098-03-04 from
329,g04-098-03-05 the
329,g04-098-03-06 first
329,g04-098-04-00 years
329,g04-098-04-01 of
329,g04-098-04-02 war
329,g04-098-04-04 when
329,g04-098-04-05 most
329,g04-098-04-06 lives
329,g04-098-04-07 were
329,g04-098-04-08 upset
329,g04-098-04-09 and
329,g04-098-05-00 some
329,g04-098-05-01 tempers
329,g04-098-05-02 were
329,g04-098-05-03 easily
329,g04-098-05-04 frayed
329,g04-098-05-06 the
329,g04-098-05-07 most
329,g04-098-06-00 loyal
329,g04-098-06-01 and
329,g04-098-06-02 devoted
329,g04-098-06-03 friends
