229,e02-117-00-00 Many
229,e02-117-00-01 men
229,e02-117-00-02 with
229,e02-117-00-03 only
229,e02-117-00-04 limited
229,e02-117-01-00 have
229,e02-117-01-01 to
229,e02-117-01-02 do
229,e02-117-01-03 their
229,e02-117-01-05 on
229,e02-117-01-06 the
229,e02-117-01-07 kitchen
229,e02-117-01-08 table
229,e02-117-02-01 this
229,e02-117-02-02 is
229,e02-117-02-03 sound
229,e02-117-02-05 some
229,e02-117-02-07 good
229,e02-117-03-00 work
229,e02-117-03-01 can
229,e02-117-03-02 be
229,e02-117-03-03 done
229,e02-117-03-04 on
229,e02-117-03-05 it
229,e02-117-03-07 but
229,e02-117-03-08 the
229,e02-117-03-09 usual
229,e02-117-04-00 are
229,e02-117-04-01 those
229,e02-117-04-02 of
229,e02-117-04-03 the
229,e02-117-04-04 vice
229,e02-117-04-06 the
229,e02-117-04-07 bench
229,e02-117-04-08 stop
229,e02-117-04-10 and
229,e02-117-04-11 storage
229,e02-117-05-00 place
229,e02-117-05-01 for
229,e02-117-05-02 tools
229,e02-117-05-04 The
229,e02-117-05-06 bench
229,e02-117-05-07 top
229,e02-117-05-08 and
229,e02-117-06-00 tool
229,e02-117-06-02 shown
229,e02-117-06-03 here
229,e02-117-06-04 has
229,e02-117-06-05 been
229,e02-117-07-01 and
229,e02-117-07-02 made
229,e02-117-07-03 for
229,e02-117-08-00 readers
229,e02-117-08-01 who
229,e02-117-08-02 have
229,e02-117-08-03 this
