514,m01-110-00-00 There
514,m01-110-00-01 can
514,m01-110-00-02 be
514,m01-110-00-03 little
514,m01-110-00-04 doubt
514,m01-110-00-05 that
514,m01-110-00-06 if
514,m01-110-00-07 the
514,m01-110-01-00 Thetans
514,m01-110-01-02 our
514,m01-110-01-03 mental
514,m01-110-02-00 they
514,m01-110-02-01 will
514,m01-110-02-03 give
514,m01-110-02-04 us
514,m01-110-02-05 their
514,m01-110-03-02 If
514,m01-110-03-03 we
514,m01-110-03-04 can
514,m01-110-03-05 avoid
514,m01-110-03-06 undue
514,m01-110-04-02 it
514,m01-110-04-03 may
514,m01-110-04-04 be
514,m01-110-04-05 that
514,m01-110-04-06 we
514,m01-110-04-07 can
514,m01-110-05-00 move
514,m01-110-05-01 about
514,m01-110-05-02 pretty
514,m01-110-05-03 freely
514,m01-110-05-04 without
514,m01-110-06-02 If
514,m01-110-06-03 we
514,m01-110-06-04 can
514,m01-110-06-06 well
514,m01-110-06-08 then
514,m01-110-06-09 we
514,m01-110-07-00 may
514,m01-110-07-01 be
514,m01-110-07-02 able
514,m01-110-07-03 to
514,m01-110-07-04 promote
514,m01-110-07-05 our
514,m01-110-07-06 own
514,m01-110-08-02 What
514,m01-110-08-03 those
514,m01-110-09-00 are
514,m01-110-09-02 beyond
514,m01-110-10-03 clue
514,m01-110-10-05 but
514,m01-110-10-07 who
514,m01-110-10-08 knows
514,m01-110-11-00 we
514,m01-110-11-01 may
514,m01-110-11-02 form
514,m01-110-11-03 the
514,m01-110-11-04 nucleus
514,m01-110-11-05 around
514,m01-131-00-00 When
514,m01-131-00-01 he
514,m01-131-00-02 finally
514,m01-131-00-04 to
514,m01-131-00-05 them
514,m01-131-00-06 to
514,m01-131-00-07 enter
514,m01-131-00-09 the
514,m01-131-00-10 action
514,m01-131-01-00 gave
514,m01-131-01-01 the
514,m01-131-01-03 of
514,m01-131-01-04 having
514,m01-131-01-05 been
514,m01-131-01-06 thought
514,m01-131-01-07 out
514,m01-131-01-08 and
514,m01-131-02-00 decided
514,m01-131-02-01 upon
514,m01-131-02-03 Inside
514,m01-131-02-04 they
514,m01-131-02-05 sat
514,m01-131-02-06 down
514,m01-131-02-09 while
514,m01-131-03-00 Dan
514,m01-131-03-01 paced
514,m01-131-03-02 the
514,m01-131-03-03 floor
514,m01-131-03-05 He
514,m01-131-03-06 seemed
514,m01-131-03-08 unaware
514,m01-131-04-00 of
514,m01-131-04-01 their
514,m01-131-04-04 They
514,m01-131-04-05 just
514,m01-131-04-06 stared
514,m01-131-04-07 at
514,m01-131-04-08 him
514,m01-131-04-10 turning
514,m01-131-05-00 their
514,m01-131-05-01 heads
514,m01-131-05-02 like
514,m01-131-05-03 tennis
514,m01-131-05-05 as
514,m01-131-05-06 he
514,m01-131-05-07 walked
514,m01-131-05-08 up
514,m01-131-05-09 and
514,m01-131-06-00 down
514,m01-131-06-02 up
514,m01-131-06-03 and
514,m01-131-06-04 down
