091,b01-073-00-00 The
091,b01-073-00-01 first
091,b01-073-00-03 of
091,b01-073-00-04 the
091,b01-073-01-01 was
091,b01-073-01-02 to
091,b01-073-01-04 the
091,b01-073-01-05 United
091,b01-073-02-00 Nations
091,b01-073-02-01 for
091,b01-073-02-04 and
091,b01-073-02-08 and
091,b01-073-03-00 to
091,b01-073-03-01 say
091,b01-073-03-02 that
091,b01-073-03-03 its
091,b01-073-03-05 troops
091,b01-073-03-06 in
091,b01-073-03-07 the
091,b01-073-03-08 Congo
091,b01-073-04-00 would
091,b01-073-04-01 be
091,b01-073-04-02 taken
091,b01-073-04-03 home
091,b01-073-04-05 The
091,b01-073-04-07 can
091,b01-073-04-08 be
091,b01-073-05-02 The
091,b01-073-05-04 concern
091,b01-073-05-05 for
091,b01-073-05-06 its
091,b01-073-06-00 men
091,b01-073-06-01 is
091,b01-073-06-02 natural
091,b01-073-06-04 But
091,b01-073-06-05 this
091,b01-073-06-06 could
091,b01-073-06-07 hardly
091,b01-073-06-08 be
091,b01-073-07-03 exit
091,b01-073-07-05 IF
091,b01-073-07-06 the
091,b01-073-07-07 UN
091,b01-073-07-08 is
091,b01-073-08-00 blamed
091,b01-073-08-01 for
091,b01-073-08-02 being
091,b01-073-08-03 weak
091,b01-073-08-05 it
091,b01-073-08-06 would
091,b01-073-08-07 be
091,b01-073-09-00 more
091,b01-073-09-01 logical
091,b01-073-09-02 to
091,b01-073-09-03 send
091,b01-073-09-04 in
091,b01-073-09-05 more
091,b01-073-09-06 men
091,b01-073-10-00 not
091,b01-073-10-01 weaken
091,b01-073-10-02 it
091,b01-073-10-03 further
091,b01-073-10-04 by
091,b01-079-00-00 It
091,b01-079-00-01 is
091,b01-079-00-02 unjust
091,b01-079-00-03 to
091,b01-079-00-04 pass
091,b01-079-00-05 the
091,b01-079-00-06 buck
091,b01-079-00-07 to
091,b01-079-01-01 and
091,b01-079-01-02 the
091,b01-079-01-06 The
091,b01-079-02-01 rightly
091,b01-079-02-02 belongs
091,b01-079-02-03 to
091,b01-079-02-04 the
091,b01-079-02-05 nations
091,b01-079-03-00 which
091,b01-079-03-01 have
091,b01-079-03-03 the
091,b01-079-03-04 task
091,b01-079-03-05 of
091,b01-079-04-00 serving
091,b01-079-04-01 peace
091,b01-079-04-02 in
091,b01-079-04-03 the
091,b01-079-04-04 Congo
091,b01-079-04-06 That
091,b01-079-04-07 is
091,b01-079-04-08 not
091,b01-079-05-01 duty
091,b01-079-05-03 and
091,b01-079-05-04 the
091,b01-079-05-06 have
091,b01-079-05-07 every
091,b01-079-06-00 right
091,b01-079-06-01 to
091,b01-079-06-02 blame
091,b01-079-06-03 the
091,b01-079-06-05 unless
091,b01-079-06-06 they
091,b01-079-06-07 see
091,b01-079-07-00 it
091,b01-079-07-01 through
091,b01-079-07-03 When
091,b01-079-07-04 the
091,b01-079-07-05 United
091,b01-079-07-06 Nations
091,b01-079-08-02 to
091,b01-079-08-03 use
091,b01-079-08-04 force
091,b01-079-08-05 if
091,b01-079-08-07 to
091,b01-079-09-00 prevent
091,b01-079-09-01 civil
091,b01-079-09-02 war
091,b01-079-09-04 it
091,b01-079-09-05 was
091,b01-079-09-06 clear
091,b01-079-09-07 that
091,b01-079-09-08 new
091,b01-079-09-09 dangers
091,b01-079-10-00 would
091,b01-079-10-01 arise
091,b01-079-10-02 unless
091,b01-079-10-03 it
091,b01-079-10-04 gave
091,b01-079-10-05 him
091,b01-079-10-06 the
