600,p02-101-00-00 His
600,p02-101-00-02 was
600,p02-101-00-03 not
600,p02-101-00-04 only
600,p02-101-00-05 boorish
600,p02-101-00-06 and
600,p02-101-00-07 in
600,p02-101-00-08 the
600,p02-101-00-09 worst
600,p02-101-00-10 of
600,p02-101-01-00 taste
600,p02-101-01-01 but
600,p02-101-01-02 it
600,p02-101-01-03 was
600,p02-101-01-04 unkind
600,p02-101-01-05 beyond
600,p02-101-01-06 words
600,p02-101-01-08 She
600,p02-101-01-09 fumbled
600,p02-101-02-00 with
600,p02-101-02-01 the
600,p02-101-02-03 packet
600,p02-101-02-04 which
600,p02-101-02-05 lay
600,p02-101-02-06 on
600,p02-101-02-07 the
600,p02-101-02-08 table
600,p02-101-03-00 not
600,p02-101-03-01 wanting
600,p02-101-03-02 to
600,p02-101-03-03 smoke
600,p02-101-03-04 but
600,p02-101-03-05 needing
600,p02-101-03-06 some
600,p02-101-03-07 action
600,p02-101-04-00 to
600,p02-101-04-01 help
600,p02-101-04-02 her
600,p02-101-04-03 control
600,p02-101-04-04 her
600,p02-101-04-08 Come
600,p02-101-04-09 and
600,p02-101-05-00 dance
600,p02-101-05-04 cheery
600,p02-101-05-05 voice
600,p02-101-05-06 came
600,p02-101-05-07 as
600,p02-101-06-01 and
600,p02-101-06-02 Gay
600,p02-101-06-03 got
600,p02-101-06-04 up
600,p02-101-06-05 quickly
600,p02-101-07-00 ging
600,p02-101-07-02 smile
