024,a02-012-00-00 The
024,a02-012-00-01 team
024,a02-012-00-02 is
024,a02-012-00-04 of
024,a02-012-01-01 in
024,a02-012-01-02 several
024,a02-012-01-03 fields
024,a02-012-01-05 Sir
024,a02-012-02-00 son
024,a02-012-02-01 Dixon
024,a02-012-02-02 has
024,a02-012-02-04 wide
024,a02-012-02-06 as
024,a02-012-03-01 skilful
024,a02-012-03-04 since
024,a02-012-04-00 his
024,a02-012-04-01 days
024,a02-012-04-02 as
024,a02-012-04-04 chief
024,a02-012-04-05 UN
024,a02-012-05-00 gate
024,a02-012-05-02 Second
024,a02-012-05-03 in
024,a02-012-05-04 command
024,a02-012-05-05 is
024,a02-012-06-00 Eric
024,a02-012-06-01 Roll
024,a02-012-06-04 Deputy
024,a02-012-07-00 tary
024,a02-012-07-01 at
024,a02-012-07-02 the
024,a02-012-07-04 of
024,a02-012-08-00 Food
024,a02-012-08-02 and
024,a02-012-08-05 The
024,a02-012-08-06 Foreign
024,a02-012-08-07 Office
024,a02-012-09-00 is
024,a02-012-09-02 by
024,a02-012-09-03 Sir
024,a02-012-09-05 Barclay
