320,g04-036-00-00 IN
320,g04-036-00-03 Burge
320,g04-036-00-05 Bishop
320,g04-036-00-06 of
320,g04-036-00-09 asked
320,g04-036-00-10 me
320,g04-036-00-11 to
320,g04-036-00-12 go
320,g04-036-00-13 as
320,g04-036-01-00 Vicar
320,g04-036-01-01 of
320,g04-036-01-07 Purley
320,g04-036-01-10 new
320,g04-036-01-11 church
320,g04-036-01-12 built
320,g04-036-02-00 by
320,g04-036-02-01 the
320,g04-036-02-05 George
320,g04-036-02-07 Prynne
320,g04-036-03-00 who
320,g04-036-03-01 was
320,g04-036-03-02 to
320,g04-036-03-03 become
320,g04-036-03-05 very
320,g04-036-03-07 friend
320,g04-036-03-09 and
320,g04-036-03-11 was
320,g04-036-04-00 later
320,g04-036-04-01 on
320,g04-036-04-02 joint
320,g04-036-04-04 of
320,g04-036-04-05 his
320,g04-036-04-06 estate
320,g04-036-04-07 with
320,g04-036-04-08 his
320,g04-036-05-01 cousin
320,g04-036-05-03 As
320,g04-036-05-04 Bishop
320,g04-036-05-05 Talbot
320,g04-036-05-06 had
320,g04-036-05-07 told
320,g04-036-05-08 me
320,g04-036-05-09 that
320,g04-036-06-00 ought
320,g04-036-06-01 not
320,g04-036-06-02 to
320,g04-036-06-03 spend
320,g04-036-06-04 many
320,g04-036-06-05 years
320,g04-036-06-06 in
320,g04-036-06-09 we
320,g04-036-06-10 held
320,g04-036-07-00 great
320,g04-036-07-01 family
320,g04-039-00-00 My
320,g04-039-00-01 eldest
320,g04-039-00-02 brother
320,g04-039-00-03 was
320,g04-039-00-04 then
320,g04-039-00-05 living
320,g04-039-00-06 in
320,g04-039-00-08 with
320,g04-039-01-00 his
320,g04-039-01-01 family
320,g04-039-01-03 and
320,g04-039-01-04 found
320,g04-039-01-06 very
320,g04-039-01-08 house
320,g04-039-01-09 nearby
320,g04-039-02-00 where
320,g04-039-02-01 my
320,g04-039-02-02 mother
320,g04-039-02-03 settled
320,g04-039-02-05 and
320,g04-039-02-07 died
320,g04-039-02-08 in
320,g04-039-03-00 at
320,g04-039-03-01 the
320,g04-039-03-02 age
320,g04-039-03-03 of
320,g04-039-03-07 Burge
320,g04-039-03-08 was
320,g04-039-03-09 not
320,g04-039-03-10 able
320,g04-039-03-11 to
320,g04-039-03-12 be
320,g04-039-03-13 present
320,g04-039-04-00 at
320,g04-039-04-01 the
320,g04-039-04-03 and
320,g04-039-04-05 Service
320,g04-039-04-06 in
320,g04-039-05-00 This
320,g04-039-05-01 was
320,g04-039-05-02 taken
320,g04-039-05-03 by
320,g04-039-05-04 the
320,g04-039-05-06 Bishop
320,g04-039-05-07 of
320,g04-039-06-01 John
320,g04-039-06-02 Leake
320,g04-039-06-04 who
320,g04-039-06-05 lived
320,g04-039-06-06 at
320,g04-039-06-09 and
320,g04-039-06-10 was
320,g04-039-07-01 close
320,g04-039-07-02 friend
320,g04-039-07-03 of
320,g04-039-07-04 ours
