234,e04-038-00-00 Avoid
234,e04-038-00-01 using
234,e04-038-00-03 paint
234,e04-038-00-04 as
234,e04-038-00-05 this
234,e04-038-00-06 could
234,e04-038-00-07 prove
234,e04-038-01-00 if
234,e04-038-01-01 junior
234,e04-038-01-02 decides
234,e04-038-01-03 to
234,e04-038-01-04 bite
234,e04-038-01-05 the
234,e04-038-01-06 chair
234,e04-038-01-08 Finally
234,e04-038-01-10 it
234,e04-038-01-11 is
234,e04-038-01-12 as
234,e04-038-01-13 well
234,e04-038-02-00 to
234,e04-038-02-01 cover
234,e04-038-02-02 the
234,e04-038-02-04 with
234,e04-038-02-05 rubber
234,e04-038-02-06 or
234,e04-038-02-07 any
234,e04-038-02-08 such
234,e04-038-03-01 that
234,e04-038-03-02 might
234,e04-038-03-03 be
234,e04-038-03-05 as
234,e04-038-03-07 the
234,e04-038-04-00 paint
234,e04-038-04-01 would
234,e04-038-04-02 soon
234,e04-038-04-03 be
234,e04-038-04-05 off
234,e04-038-05-04 your
234,e04-038-05-05 own
234,e04-038-05-06 boat
234,e04-038-05-07 is
234,e04-038-05-09 most
234,e04-038-06-01 and
234,e04-038-06-03 project
234,e04-034-00-00 Punch
234,e04-034-00-01 in
234,e04-034-00-02 all
234,e04-034-00-03 nail
234,e04-034-00-04 and
234,e04-034-00-05 panel
234,e04-034-00-06 pin
234,e04-034-00-07 heads
234,e04-034-00-08 and
234,e04-034-00-09 fill
234,e04-034-00-10 the
234,e04-034-00-11 holes
234,e04-034-01-00 with
234,e04-034-01-01 plastic
234,e04-034-01-02 wood
234,e04-034-01-04 Then
234,e04-034-01-07 the
234,e04-034-01-08 whole
234,e04-034-02-01 and
234,e04-034-02-02 round
234,e04-034-02-03 off
234,e04-034-02-04 any
234,e04-034-02-05 sharp
234,e04-034-02-06 edges
234,e04-034-02-08 such
234,e04-034-02-09 as
234,e04-034-02-10 the
234,e04-034-03-00 edge
234,e04-034-03-01 of
234,e04-034-03-02 the
234,e04-034-03-03 seat
234,e04-034-03-05 feeding
234,e04-034-03-06 tray
234,e04-034-03-08 etc
234,e04-034-03-11 Fill
234,e04-034-03-12 the
234,e04-034-03-13 grain
234,e04-034-03-14 with
234,e04-034-04-01 in
234,e04-034-04-02 the
234,e04-034-04-03 usual
234,e04-034-04-04 way
234,e04-034-04-05 and
234,e04-034-04-06 paint
234,e04-034-04-07 the
234,e04-034-04-08 frame
234,e04-034-04-09 in
234,e04-034-05-02 pastel
234,e04-034-05-03 shade
234,e04-034-05-05 using
234,e04-034-05-08 colour
234,e04-034-06-00 for
234,e04-034-06-01 the
234,e04-034-06-02 seat
234,e04-034-06-03 and
234,e04-034-06-04 the
234,e04-034-06-05 back
234,e04-034-06-06 which
234,e04-034-06-07 can
234,e04-034-06-08 be
234,e04-034-06-10 with
234,e04-034-07-02 nursery
