010,a01-020x-00-01 Macleod
010,a01-020x-00-02 went
010,a01-020x-00-03 on
010,a01-020x-00-04 with
010,a01-020x-00-05 the
010,a01-020x-00-07 at
010,a01-020x-01-01 House
010,a01-020x-01-02 despite
010,a01-020x-01-03 the
010,a01-020x-01-04 crisis
010,a01-020x-01-05 which
010,a01-020x-01-06 had
010,a01-020x-02-00 blown
010,a01-020x-02-01 up
010,a01-020x-02-03 He
010,a01-020x-02-04 has
010,a01-020x-02-05 now
010,a01-020x-02-07 his
010,a01-020x-02-08 full
010,a01-020x-02-09 plans
010,a01-020x-03-00 to
010,a01-020x-03-01 the
010,a01-020x-03-03 and
010,a01-020x-03-07 These
010,a01-020x-04-00 plans
010,a01-020x-04-01 do
010,a01-020x-04-02 not
010,a01-020x-04-03 give
010,a01-020x-04-04 the
010,a01-020x-04-06 the
010,a01-020x-04-07 overall
010,a01-020x-05-00 rity
010,a01-020x-05-01 they
010,a01-020x-05-02 are
010,a01-020x-05-03 seeking
010,a01-020x-05-05 African
010,a01-020x-05-07 are
010,a01-020x-06-01 them
010,a01-020x-06-02 today
010,a01-020x-06-04 The
010,a01-020x-06-06 will
010,a01-020x-06-07 meet
010,a01-020x-07-00 to
010,a01-020x-07-01 discuss
010,a01-020x-07-02 the
010,a01-020x-07-04 of
010,a01-020x-07-07 House
010,a01-020x-08-00 of
010,a01-020x-08-01 Chiefs
010,a01-030x-00-02 is
010,a01-030x-00-04 member
010,a01-030x-00-05 of
010,a01-030x-00-06 the
010,a01-030x-01-00 ration
010,a01-030x-01-03 Macleod
010,a01-030x-01-04 was
010,a01-030x-01-05 not
010,a01-030x-01-06 at
010,a01-030x-01-07 the
010,a01-030x-02-00 meeting
010,a01-030x-02-02 But
010,a01-030x-02-03 he
010,a01-030x-02-04 told
010,a01-030x-03-00 have
010,a01-030x-03-01 no
010,a01-030x-03-03 of
010,a01-030x-03-04 secret
010,a01-030x-03-08 He
010,a01-030x-04-00 said
010,a01-030x-04-01 Britain
010,a01-030x-04-02 had
010,a01-030x-04-03 an
010,a01-030x-04-05 to
010,a01-030x-04-06 consult
010,a01-030x-05-00 the
010,a01-030x-05-01 Federal
010,a01-030x-05-05 James
010,a01-030x-06-04 said
010,a01-030x-06-05 Sir
010,a01-030x-06-06 Roy
010,a01-030x-06-07 had
010,a01-030x-07-00 no
010,a01-030x-07-01 right
010,a01-030x-07-02 to
010,a01-030x-07-03 delay
010,a01-030x-07-05 in
010,a01-030x-07-06 the
010,a01-030x-07-07 talks
010,a01-030x-07-08 by
010,a01-030x-08-01 to
010,a01-030x-08-02 sit
010,a01-030x-08-03 round
010,a01-030x-08-04 the
010,a01-030x-08-06 table
