255,f01-135-00-00 It
255,f01-135-00-01 is
255,f01-135-00-02 the
255,f01-135-00-04 to
255,f01-135-00-05 get
255,f01-135-00-06 things
255,f01-135-01-00 the
255,f01-135-01-01 wrong
255,f01-135-01-02 way
255,f01-135-01-03 round
255,f01-135-01-05 As
255,f01-135-02-02 am
255,f01-135-03-01 this
255,f01-135-04-00 in
255,f01-135-04-01 friends
255,f01-135-04-02 and
255,f01-135-05-00 They
255,f01-135-05-01 think
255,f01-135-05-02 there
255,f01-135-05-03 is
255,f01-135-06-02 queer
255,f01-135-06-04 about
255,f01-135-07-00 and
255,f01-135-07-01 this
255,f01-135-07-02 feeling
255,f01-135-07-03 of
255,f01-135-08-00 usually
255,f01-135-08-01 boils
255,f01-135-08-02 down
255,f01-135-08-03 to
255,f01-135-08-05 quite
255,f01-135-09-01 belief
255,f01-135-09-02 that
255,f01-135-09-03 the
255,f01-135-10-01 first
255,f01-135-10-02 looks
255,f01-135-10-03 into
