157,c04-004-00-01 have
157,c04-004-00-03 hunch
157,c04-004-00-04 that
157,c04-004-00-05 he
157,c04-004-00-06 will
157,c04-004-00-07 feel
157,c04-004-00-08 more
157,c04-004-00-09 at
157,c04-004-00-10 home
157,c04-004-00-11 in
157,c04-004-00-12 the
157,c04-004-01-00 old
157,c04-004-01-03 West
157,c04-004-01-04 End
157,c04-004-01-05 than
157,c04-004-01-06 he
157,c04-004-01-07 will
157,c04-004-01-08 ever
157,c04-004-01-09 feel
157,c04-004-01-10 in
157,c04-004-02-02 His
157,c04-004-02-04 bosses
157,c04-004-02-07 Fox
157,c04-004-02-09 have
157,c04-004-03-01 given
157,c04-004-03-02 Frankie
157,c04-004-03-03 the
157,c04-004-03-04 full
157,c04-004-04-02 But
157,c04-004-04-03 they
157,c04-004-04-05 done
157,c04-004-04-07 thing
157,c04-004-04-08 for
157,c04-004-04-09 his
157,c04-004-04-10 film
157,c04-004-05-00 career
157,c04-004-05-01 that
157,c04-004-05-02 Anna
157,c04-004-05-03 Neagle
157,c04-004-05-04 and
157,c04-004-05-05 Herbert
157,c04-004-05-06 Wilcox
157,c04-004-05-07 were
157,c04-004-05-08 not
157,c04-004-06-00 doing
157,c04-004-06-01 better
157,c04-004-06-02 here
157,c04-004-06-04 before
157,c04-004-06-05 the
157,c04-004-07-00 carrot
157,c04-004-07-01 was
157,c04-004-07-02 dangled
157,c04-004-07-03 before
157,c04-004-07-04 his
157,c04-004-07-05 nose
157,c04-000-00-00 NEXT
157,c04-000-00-01 month
157,c04-000-00-02 that
157,c04-000-00-07 Frankie
157,c04-000-01-00 Vaughan
157,c04-000-01-01 will
157,c04-000-01-02 burst
157,c04-000-01-03 on
157,c04-000-01-04 to
157,c04-000-01-05 the
157,c04-000-01-06 London
157,c04-000-01-08 stage
157,c04-000-02-00 in
157,c04-000-02-02 new
157,c04-000-02-03 show
157,c04-000-02-05 To
157,c04-000-02-07 his
157,c04-000-02-09 ditty
157,c04-000-03-01 He
157,c04-000-03-03 have
157,c04-000-03-04 the
157,c04-000-03-07 they
157,c04-000-03-09 give
157,c04-000-03-10 him
157,c04-000-03-11 the
157,c04-000-03-12 girls
157,c04-000-04-00 and
157,c04-000-04-01 leave
157,c04-000-04-02 the
157,c04-000-04-03 rest
157,c04-000-04-04 to
157,c04-000-04-05 him
