164,c04-075-00-00 Thus
164,c04-075-00-03 David
164,c04-075-00-05 chances
164,c04-075-00-06 of
164,c04-075-00-07 being
164,c04-075-00-09 starred
164,c04-075-01-00 disc
164,c04-075-01-01 solo
164,c04-075-01-02 pianist
164,c04-075-01-03 were
164,c04-075-01-04 greatly
164,c04-075-01-06 when
164,c04-075-01-07 he
164,c04-075-01-08 dug
164,c04-075-01-09 out
164,c04-075-02-01 PACKET
164,c04-075-02-02 OF
164,c04-075-02-06 Why
164,c04-075-02-07 not
164,c04-075-02-10 thought
164,c04-075-03-01 Lisbon
164,c04-075-03-03 who
164,c04-075-03-04 is
164,c04-075-03-07 and
164,c04-075-03-08 lives
164,c04-075-03-09 in
164,c04-075-03-12 Essex
164,c04-075-04-01 press
164,c04-075-04-04 into
164,c04-075-04-05 the
164,c04-075-04-06 nose
164,c04-075-04-07 of
164,c04-075-04-08 the
164,c04-075-04-09 hammers
164,c04-075-04-10 that
164,c04-075-04-11 strike
164,c04-075-05-00 the
164,c04-075-05-01 piano
164,c04-075-05-02 strings
164,c04-075-05-05 He
164,c04-075-05-06 did
164,c04-075-05-08 on
164,c04-075-05-09 his
164,c04-075-05-10 piano
164,c04-075-05-11 at
164,c04-075-05-12 home
164,c04-075-05-14 There
164,c04-075-06-00 enough
164,c04-075-06-01 tacks
164,c04-075-06-02 and
164,c04-075-06-03 he
164,c04-075-06-04 got
164,c04-075-06-05 only
164,c04-075-06-06 the
164,c04-075-06-07 middle
164,c04-075-06-08 hammers
164,c04-075-06-09 done
164,c04-122-00-01 Let
164,c04-122-00-03 have
164,c04-122-00-04 another
164,c04-122-00-05 song
164,c04-122-00-06 with
164,c04-122-00-08 month
164,c04-122-00-09 in
164,c04-122-00-10 it
164,c04-122-00-13 said
164,c04-122-00-14 Tolch
164,c04-122-01-00 Charles
164,c04-122-01-01 obliged
164,c04-122-01-02 with
164,c04-122-01-04 April
164,c04-122-01-08 This
164,c04-122-01-09 week
164,c04-122-01-10 it
164,c04-122-01-11 appears
164,c04-122-02-00 tuneful
164,c04-122-02-01 melody
164,c04-122-02-02 sung
164,c04-122-02-04 by
164,c04-122-02-05 Robert
164,c04-122-02-06 Earl
164,c04-122-02-08 Philips
164,c04-122-03-00 Russell
164,c04-122-03-01 Turner
164,c04-122-03-06 his
164,c04-122-03-07 last
164,c04-122-03-09 for
164,c04-122-03-10 the
164,c04-122-03-12 tonight
164,c04-122-04-00 with
164,c04-122-04-01 Robert
164,c04-122-04-04 Mystery
164,c04-122-04-05 and
164,c04-122-04-06 Magic
164,c04-122-04-12 After
164,c04-122-04-13 six
164,c04-122-04-14 years
164,c04-122-05-00 with
164,c04-122-05-01 the
164,c04-122-05-04 during
164,c04-122-05-05 which
164,c04-122-05-06 he
164,c04-122-05-07 started
164,c04-122-05-09 Juke
164,c04-122-05-10 Box
164,c04-122-05-11 Jury
164,c04-122-05-13 and
164,c04-122-06-03 Special
164,c04-122-06-06 Turner
164,c04-122-06-07 is
164,c04-122-06-08 aiming
164,c04-122-06-09 to
164,c04-122-06-10 go
164,c04-122-06-11 into
164,c04-122-07-02 film
164,c04-122-07-03 and
164,c04-122-07-04 stage
164,c04-122-07-06 work
