183,d03-117-00-01 natural
183,d03-117-00-03 from
183,d03-117-00-04 gardens
183,d03-117-00-05 and
183,d03-117-01-01 to
183,d03-117-01-02 the
183,d03-117-01-03 vital
183,d03-117-01-05 of
183,d03-117-01-06 water
183,d03-117-02-00 supply
183,d03-117-02-02 The
183,d03-117-02-03 pools
183,d03-117-02-04 are
183,d03-117-02-06 natural
183,d03-117-02-07 springs
183,d03-117-03-01 to
183,d03-117-03-02 become
183,d03-117-03-04 or
183,d03-117-03-06 in
183,d03-117-04-00 the
183,d03-117-04-01 rock
183,d03-117-04-03 King
183,d03-117-04-04 Mesha
183,d03-117-04-05 of
183,d03-117-04-06 Moab
183,d03-117-04-07 boasts
183,d03-117-04-08 of
183,d03-117-04-09 their
183,d03-117-05-01 in
183,d03-117-05-02 lines
183,d03-117-05-06 of
183,d03-117-05-07 the
183,d03-117-05-08 Moabite
183,d03-117-05-09 Stone
183,d03-117-06-00 which
183,d03-117-06-01 read
183,d03-117-06-03 And
183,d03-117-06-05 built
183,d03-117-06-07 and
183,d03-117-06-08 made
183,d03-117-07-00 in
183,d03-117-07-01 it
183,d03-117-07-02 the
183,d03-117-07-05 and
183,d03-117-07-07 made
183,d03-117-07-08 both
183,d03-117-07-09 the
183,d03-117-08-01 for
183,d03-117-08-02 water
183,d03-117-08-03 inside
183,d03-117-08-04 the
183,d03-117-08-05 town
