127,b06-015-00-02 war
127,b06-015-00-04 the
127,b06-015-00-05 West
127,b06-015-00-06 German
127,b06-015-01-00 view
127,b06-015-01-03 the
127,b06-015-01-04 pretext
127,b06-015-01-05 for
127,b06-015-01-06 huge
127,b06-015-02-00 German
127,b06-015-02-01 armed
127,b06-015-02-02 forces
127,b06-015-02-04 within
127,b06-015-02-05 Nato
127,b06-015-03-00 of
127,b06-015-03-01 course
127,b06-015-03-03 and
127,b06-015-03-04 for
127,b06-015-03-05 those
127,b06-015-03-06 to
127,b06-015-03-07 have
127,b06-015-04-00 bases
127,b06-015-04-01 all
127,b06-015-04-02 over
127,b06-015-04-03 Western
127,b06-015-04-04 Europe
127,b06-015-05-00 In
127,b06-015-05-01 the
127,b06-015-05-02 past
127,b06-015-05-03 year
127,b06-015-05-04 West
127,b06-015-05-05 Germany
127,b06-015-06-00 has
127,b06-015-06-01 secured
127,b06-015-06-03 for
127,b06-015-07-03 in
127,b06-015-07-04 France
127,b06-015-07-06 Holland
127,b06-015-07-07 and
127,b06-015-08-00 Belgium
127,b06-015-08-02 After
127,b06-015-08-03 much
127,b06-015-09-00 the
127,b06-015-09-01 British
127,b06-015-09-03 has
127,b06-015-10-00 agreed
127,b06-015-10-01 to
127,b06-015-10-02 give
127,b06-015-10-03 similar
127,b06-053-00-00 For
127,b06-053-00-01 we
127,b06-053-00-02 have
127,b06-053-00-03 always
127,b06-053-00-04 felt
127,b06-053-00-06 even
127,b06-053-01-00 if
127,b06-053-01-01 we
127,b06-053-01-02 have
127,b06-053-01-03 then
127,b06-053-01-04 by
127,b06-053-01-05 our
127,b06-053-02-00 ignored
127,b06-053-02-01 it
127,b06-053-02-03 the
127,b06-053-03-00 between
127,b06-053-03-01 support
127,b06-053-03-02 for
127,b06-053-03-03 the
127,b06-053-03-04 war
127,b06-053-04-02 with
127,b06-053-05-01 on
127,b06-053-05-04 and
127,b06-053-05-05 our
127,b06-053-06-00 basic
127,b06-053-06-01 effort
127,b06-053-06-02 to
127,b06-053-06-03 improve
127,b06-053-06-04 living
127,b06-053-07-02 Instead
127,b06-053-07-04 we
127,b06-053-07-05 saw
127,b06-053-07-06 the
127,b06-053-08-01 using
127,b06-053-08-02 the
127,b06-053-09-00 of
127,b06-053-10-01 during
127,b06-053-10-02 their
127,b06-053-10-03 years
127,c06-106-00-00 The
127,c06-106-00-01 girl
127,c06-106-00-02 is
127,c06-106-00-06 see
127,c06-106-01-00 ture
127,c06-106-01-01 of
127,c06-106-01-02 Julie
127,c06-106-01-03 Newmar
127,c06-106-01-04 for
127,c06-106-02-03 She
127,c06-106-02-04 also
127,c06-106-02-05 has
127,c06-106-02-06 quite
127,c06-106-03-00 mission
127,c06-106-03-01 in
127,c06-106-03-02 mind
127,c06-106-03-04 She
127,c06-106-03-07 younger
127,c06-106-04-04 and
127,c06-106-04-05 more
127,c06-106-05-02 than
127,c06-106-05-03 the
127,c06-106-05-04 wife
127,c06-106-05-06 as
127,c06-106-05-07 she
127,c06-106-06-00 soon
127,c06-106-06-01 tells
127,c06-106-06-02 her
127,c06-106-06-05 wants
127,c06-106-06-06 to
127,c06-106-06-07 have
127,c06-106-06-08 the
127,c06-106-07-00 perfect
127,c06-106-07-01 baby
127,c06-106-07-03 And
127,c06-106-07-04 she
127,c06-106-07-05 has
127,c06-106-07-06 chosen
127,c06-106-08-00 the
127,c06-106-08-01 husband
127,c06-106-08-03 James
127,c06-106-08-04 Mason
127,c06-106-08-07 who
127,c06-106-09-00 is
127,c06-106-09-01 an
127,c06-106-09-03 friend
127,c06-106-09-04 of
127,c06-106-09-05 her
127,c06-106-10-00 Nobel
127,c06-106-10-02 father
127,c06-106-10-03 to
127,c06-106-10-04 be
