216,e01-107-00-00 Each
216,e01-107-00-01 size
216,e01-107-00-02 of
216,e01-107-00-03 hook
216,e01-107-00-04 is
216,e01-107-00-05 made
216,e01-107-00-06 for
216,e01-107-00-07 use
216,e01-107-00-08 with
216,e01-107-00-10 certain
216,e01-107-01-00 size
216,e01-107-01-01 of
216,e01-107-01-02 thread
216,e01-107-01-04 To
216,e01-107-01-05 ensure
216,e01-107-01-06 the
216,e01-107-01-07 correct
216,e01-107-01-08 results
216,e01-107-02-00 it
216,e01-107-02-01 is
216,e01-107-02-03 that
216,e01-107-02-04 you
216,e01-107-02-05 use
216,e01-107-02-06 the
216,e01-107-02-07 size
216,e01-107-02-08 of
216,e01-107-02-09 hook
216,e01-107-03-01 in
216,e01-107-03-02 the
216,e01-107-03-05 These
216,e01-107-03-06 are
216,e01-107-03-07 the
216,e01-107-04-00 correct
216,e01-107-04-01 numbers
216,e01-107-04-02 to
216,e01-107-04-03 use
216,e01-107-04-04 with
216,e01-107-05-01 are
216,e01-107-05-02 given
216,e01-107-05-03 for
216,e01-107-05-05 small
216,e01-107-06-00 piece
216,e01-107-06-01 for
216,e01-107-06-02 each
216,e01-107-06-03 stitch
216,e01-107-06-04 that
216,e01-107-06-05 you
216,e01-107-06-06 learn
216,e01-107-06-08 When
216,e01-107-07-00 you
216,e01-107-07-01 have
216,e01-107-07-02 become
216,e01-107-07-04 in
216,e01-107-07-05 these
216,e01-107-08-04 can
216,e01-107-08-05 be
216,e01-107-08-06 made
216,e01-107-09-00 from
216,e01-107-09-01 the
216,e01-107-09-04 in
216,e01-107-09-05 this
216,e01-107-09-06 book
216,e01-113-00-02 Grasp
216,e01-113-00-03 thread
216,e01-113-00-04 near
216,e01-113-00-05 end
216,e01-113-00-06 between
216,e01-113-00-07 thumb
216,e01-113-01-00 and
216,e01-113-01-05 Make
216,e01-113-01-07 loop
216,e01-113-01-08 by
216,e01-113-02-00 lapping
216,e01-113-02-01 long
216,e01-113-02-02 thread
216,e01-113-02-03 over
216,e01-113-02-04 short
216,e01-113-02-05 thread
216,e01-113-03-02 Hold
216,e01-113-03-03 loop
216,e01-113-03-04 in
216,e01-113-03-05 place
216,e01-113-03-06 between
216,e01-113-03-07 thumb
216,e01-113-04-00 and
216,e01-113-04-09 Take
216,e01-113-04-10 hold
216,e01-113-05-00 of
216,e01-113-05-01 broad
216,e01-113-05-02 bar
216,e01-113-05-03 of
216,e01-113-05-04 hook
216,e01-113-05-05 as
216,e01-113-05-06 you
216,e01-113-05-07 would
216,e01-113-06-00 pencil
216,e01-113-06-02 Bring
216,e01-113-06-03 middle
216,e01-113-06-04 finger
216,e01-113-06-05 forward
216,e01-113-06-06 to
216,e01-113-07-00 rest
216,e01-113-07-01 near
216,e01-113-07-02 tip
216,e01-113-07-03 of
216,e01-113-07-04 hook
