655,r02-146-00-01 But
655,r02-146-00-04 NOT
655,r02-146-00-08 He
655,r02-146-00-09 rushed
655,r02-146-00-10 down
655,r02-146-01-00 the
655,r02-146-01-01 stairs
655,r02-146-01-02 and
655,r02-146-01-05 the
655,r02-146-01-06 case
655,r02-146-01-08 ran
655,r02-146-01-09 back
655,r02-146-02-01 with
655,r02-146-02-02 it
655,r02-146-02-05 And
655,r02-146-02-08 NOT
655,r02-146-02-09 been
655,r02-146-03-04 Naughty
655,r02-146-03-07 she
655,r02-146-03-08 called
655,r02-146-04-00 after
655,r02-146-04-01 him
655,r02-146-04-04 Mother
655,r02-146-04-05 knows
655,r02-146-04-06 her
655,r02-146-04-07 boy
655,r02-146-05-00 Arnold
655,r02-146-05-01 Olner
