286,f07-000b-00-00 SOME
286,f07-000b-00-01 years
286,f07-000b-00-02 ago
286,f07-000b-01-00 told
286,f07-000b-01-01 us
286,f07-000b-01-02 that
286,f07-000b-01-03 there
286,f07-000b-01-04 was
286,f07-000b-01-05 nothing
286,f07-000b-01-06 an
286,f07-000b-02-00 would
286,f07-000b-02-01 not
286,f07-000b-02-02 do
286,f07-000b-02-04 nothing
286,f07-000b-02-05 an
286,f07-000b-02-07 would
286,f07-000b-02-08 not
286,f07-000b-03-00 say
286,f07-000b-03-02 nothing
286,f07-000b-03-03 an
286,f07-000b-03-04 Italian
286,f07-000b-03-05 would
286,f07-000b-03-06 not
286,f07-000b-03-07 sing
286,f07-000b-03-09 no
286,f07-000b-04-00 music
286,f07-000b-04-01 to
286,f07-000b-04-02 which
286,f07-000b-04-03 the
286,f07-000b-04-05 would
286,f07-000b-04-06 not
286,f07-000b-04-07 dance
286,f07-000b-05-00 nothing
286,f07-000b-05-01 the
286,f07-000b-05-02 German
286,f07-000b-05-03 would
286,f07-000b-05-04 not
286,f07-000b-05-05 covet
286,f07-000b-05-07 and
286,f07-000b-06-00 nothing
286,f07-000b-06-01 the
286,f07-000b-06-02 Chinese
286,f07-000b-06-03 would
286,f07-000b-06-04 not
286,f07-000b-06-05 eat
286,f07-002-00-00 It
286,f07-002-00-01 is
286,f07-002-00-02 not
286,f07-002-00-03 our
286,f07-002-00-04 purpose
286,f07-002-00-05 to
286,f07-002-00-06 discuss
286,f07-002-00-07 this
286,f07-002-00-08 dictum
286,f07-002-01-00 Suffice
286,f07-002-01-01 to
286,f07-002-01-02 say
286,f07-002-01-03 that
286,f07-002-01-04 few
286,f07-002-01-05 of
286,f07-002-01-06 us
286,f07-002-01-07 stop
286,f07-002-01-08 to
286,f07-002-01-09 marvel
286,f07-002-01-10 at
286,f07-002-02-00 the
286,f07-002-02-02 of
286,f07-002-02-04 which
286,f07-002-02-05 allows
286,f07-002-02-07 dish
286,f07-002-03-02 from
286,f07-002-03-03 the
286,f07-002-03-06 How
286,f07-002-04-00 many
286,f07-002-04-02 ago
286,f07-002-04-04 in
286,f07-002-04-05 some
286,f07-002-04-06 cave
286,f07-002-04-07 or
286,f07-002-04-08 hilly
286,f07-002-05-00 hide
286,f07-002-05-02 did
286,f07-002-05-03 our
286,f07-002-05-05 home
286,f07-002-05-06 from
286,f07-002-05-07 the
286,f07-002-05-08 chase
286,f07-002-06-00 hold
286,f07-002-06-01 forth
286,f07-002-06-02 from
286,f07-002-06-04 spear
286,f07-002-06-05 the
286,f07-002-06-06 welcome
286,f07-002-06-07 gobbet
286,f07-002-06-08 of
286,f07-002-07-00 meat
286,f07-002-07-01 or
286,f07-002-07-02 fish
286,f07-002-07-03 burnt
286,f07-002-07-04 and
286,f07-002-07-05 roasted
286,f07-002-07-06 in
286,f07-002-07-07 the
286,f07-002-08-00 homely
286,f07-002-08-01 and
286,f07-002-08-03 flame
286,f07-006-00-00 How
286,f07-006-00-01 many
286,f07-006-00-03 later
286,f07-006-00-04 did
286,f07-006-00-05 the
286,f07-006-00-07 in
286,f07-006-01-00 the
286,f07-006-01-01 Roman
286,f07-006-01-02 wars
286,f07-006-01-03 thus
286,f07-006-01-04 impale
286,f07-006-01-05 on
286,f07-006-01-06 pike
286,f07-006-01-07 or
286,f07-006-01-08 lance
286,f07-006-01-09 his
286,f07-006-02-00 evening
286,f07-006-02-01 meal
286,f07-006-02-03 Later
286,f07-006-02-04 came
286,f07-006-02-05 the
286,f07-006-02-06 thrifty
286,f07-006-02-07 peasant
286,f07-006-03-00 later
286,f07-006-03-01 still
286,f07-006-03-02 the
286,f07-006-03-03 young
286,f07-006-03-05 buck
286,f07-006-04-00 in
286,f07-006-04-01 Paris
286,f07-006-04-03 and
286,f07-006-04-04 even
286,f07-006-04-05 later
286,f07-006-04-06 our
286,f07-006-04-08 young
286,f07-006-05-00 ladies
286,f07-006-05-01 toying
286,f07-006-05-02 with
286,f07-006-05-03 these
286,f07-006-05-05 morsels
286,f07-006-05-06 in
286,f07-006-05-07 the
286,f07-006-06-00 gleam
286,f07-006-06-01 and
286,f07-006-06-02 glitter
286,f07-006-06-03 of
286,f07-006-06-04 our
286,f07-009-00-00 And
286,f07-009-00-02 if
286,f07-009-00-03 certain
286,f07-009-00-04 dishes
286,f07-009-00-05 and
286,f07-009-00-06 modes
286,f07-009-00-07 of
286,f07-009-00-08 food
286,f07-009-00-09 have
286,f07-009-01-01 down
286,f07-009-01-02 the
286,f07-009-01-03 ages
286,f07-009-01-05 the
286,f07-009-01-06 motive
286,f07-009-01-07 that
286,f07-009-02-00 them
286,f07-009-02-01 has
286,f07-009-02-02 always
286,f07-009-02-03 been
286,f07-009-02-04 the
286,f07-009-02-05 same
286,f07-009-02-07 Apart
286,f07-009-02-08 from
286,f07-009-02-09 the
286,f07-009-02-10 need
286,f07-009-03-00 for
286,f07-009-03-03 the
286,f07-009-03-05 of
286,f07-009-03-07 has
286,f07-009-04-00 always
286,f07-009-04-01 been
286,f07-009-04-02 strong
286,f07-009-04-03 in
286,f07-009-04-04 mankind
286,f07-009-04-06 The
286,f07-009-04-07 sharing
286,f07-009-04-08 of
286,f07-009-05-01 meal
286,f07-009-05-02 in
286,f07-009-05-03 those
286,f07-009-05-06 days
286,f07-009-05-07 was
286,f07-009-05-08 an
286,f07-009-06-01 into
286,f07-009-06-02 an
286,f07-009-06-04 far
286,f07-009-06-05 more
286,f07-009-07-01 than
286,f07-009-07-02 the
286,f07-009-07-03 casual
286,f07-009-07-05 of
286,f07-009-07-06 the
286,f07-009-07-07 present
286,f07-009-08-00 day
286,f07-009-08-02 the
286,f07-009-08-03 desire
286,f07-009-08-04 to
286,f07-009-08-05 share
286,f07-009-08-07 more
286,f07-009-09-00 than
286,f07-009-09-01 mere
286,f07-009-09-03 has
286,f07-009-09-04 always
286,f07-009-09-05 been
286,f07-009-09-06 there
