324,g04-060-00-00 The
324,g04-060-00-01 Church
324,g04-060-00-02 Army
324,g04-060-00-03 Captain
324,g04-060-00-04 had
324,g04-060-00-05 done
324,g04-060-00-06 very
324,g04-060-00-07 good
324,g04-060-00-08 work
324,g04-060-00-09 in
324,g04-060-00-10 the
324,g04-060-01-01 Road
324,g04-060-01-04 but
324,g04-060-01-06 needed
324,g04-060-01-07 more
324,g04-060-01-08 help
324,g04-060-01-09 in
324,g04-060-01-10 the
324,g04-060-02-00 church
324,g04-060-02-01 for
324,g04-060-02-02 the
324,g04-060-02-03 full
324,g04-060-02-04 rota
324,g04-060-02-05 of
324,g04-060-02-07 on
324,g04-060-02-08 Sundays
324,g04-060-02-09 and
324,g04-060-03-00 Most
324,g04-060-03-03 was
324,g04-060-03-04 able
324,g04-060-03-05 to
324,g04-060-03-06 engage
324,g04-060-03-07 the
324,g04-060-03-11 Evitt
324,g04-060-03-12 in
324,g04-060-04-01 soon
324,g04-060-04-02 after
324,g04-060-04-04 had
324,g04-060-04-05 come
324,g04-060-04-07 and
324,g04-060-04-08 he
324,g04-060-04-10 the
324,g04-060-04-11 Mission
324,g04-060-05-01 and
324,g04-060-05-02 got
324,g04-060-05-03 to
324,g04-060-05-04 know
324,g04-060-05-06 and
324,g04-060-05-07 be
324,g04-060-05-08 known
324,g04-060-05-09 by
324,g04-060-05-11 many
324,g04-060-05-12 of
324,g04-060-06-00 the
324,g04-060-06-01 people
324,g04-060-06-02 of
324,g04-060-06-03 the
324,g04-060-06-04 parish
324,g04-063-00-01 great
324,g04-063-00-02 blow
324,g04-063-00-04 all
324,g04-063-00-05 our
324,g04-063-00-06 efforts
324,g04-063-00-07 in
324,g04-063-00-08 the
324,g04-063-01-00 year
324,g04-063-01-04 when
324,g04-063-01-05 war
324,g04-063-01-06 broke
324,g04-063-01-07 out
324,g04-063-01-09 Very
324,g04-063-01-10 soon
324,g04-063-01-12 for
324,g04-063-02-00 the
324,g04-063-02-01 Forces
324,g04-063-02-02 were
324,g04-063-02-04 needed
324,g04-063-02-06 and
324,g04-063-02-08 felt
324,g04-063-02-09 clearly
324,g04-063-03-00 that
324,g04-063-03-01 one
324,g04-063-03-02 of
324,g04-063-03-03 us
324,g04-063-03-04 must
324,g04-063-03-07 The
324,g04-063-03-08 Bishop
324,g04-063-03-11 Burge
324,g04-063-03-13 did
324,g04-063-04-00 not
324,g04-063-04-01 wish
324,g04-063-04-02 me
324,g04-063-04-03 to
324,g04-063-04-04 go
324,g04-063-04-05 then
324,g04-063-04-07 as
324,g04-063-04-09 had
324,g04-063-04-10 barely
324,g04-063-04-11 been
324,g04-063-04-12 in
324,g04-063-04-13 the
324,g04-063-04-14 parish
324,g04-063-05-00 for
324,g04-063-05-02 year
324,g04-063-05-05 Evitt
324,g04-063-05-07 however
324,g04-063-05-09 was
324,g04-063-05-10 much
324,g04-063-05-11 less
324,g04-063-06-00 than
324,g04-063-06-01 his
324,g04-063-06-02 Vicar
324,g04-063-06-04 and
324,g04-063-06-05 he
324,g04-063-06-06 was
324,g04-063-06-08 at
324,g04-063-06-09 once
324,g04-063-06-10 and
324,g04-063-07-00 was
324,g04-063-07-01 very
324,g04-063-07-02 soon
324,g04-063-07-03 in
324,g04-063-07-04 France
324,g04-063-07-05 where
324,g04-063-07-06 he
324,g04-063-07-07 did
324,g04-063-08-00 work
324,g04-063-08-01 until
324,g04-063-08-02 his
324,g04-063-08-03 health
324,g04-063-08-04 broke
324,g04-063-08-05 down
324,g04-063-08-06 and
324,g04-063-08-07 he
324,g04-063-08-08 had
324,g04-063-08-10 bad
324,g04-063-09-00 attack
324,g04-063-09-01 of
324,g04-063-09-02 enteric
324,g04-063-09-03 fever
