256,f01-147-00-00 He
256,f01-147-00-01 may
256,f01-147-00-02 never
256,f01-147-00-03 have
256,f01-147-00-04 had
256,f01-147-00-05 the
256,f01-147-00-06 disease
256,f01-147-00-07 himself
256,f01-147-00-08 but
256,f01-147-00-09 he
256,f01-147-01-00 can
256,f01-147-01-03 it
256,f01-147-01-06 the
256,f01-147-01-08 has
256,f01-147-02-00 to
256,f01-147-02-01 be
256,f01-147-02-03 to
256,f01-147-02-04 observe
256,f01-147-02-05 and
256,f01-147-02-06 make
256,f01-147-02-08 about
256,f01-147-03-00 all
256,f01-147-03-01 kinds
256,f01-147-03-02 of
256,f01-147-03-04 in
256,f01-147-03-05 other
256,f01-147-03-06 people
256,f01-147-03-08 whether
256,f01-147-03-09 or
256,f01-147-03-10 not
256,f01-147-03-11 they
256,f01-147-04-01 with
256,f01-147-04-03 in
256,f01-147-04-04 his
256,f01-147-04-05 own
256,f01-147-04-08 We
256,f01-147-04-09 know
256,f01-147-05-00 very
256,f01-147-05-01 little
256,f01-147-05-02 about
256,f01-147-05-03 the
256,f01-147-05-05 of
256,f01-147-05-07 which
256,f01-147-06-00 provide
256,f01-147-06-01 our
256,f01-147-06-02 schemas
256,f01-147-06-04 nor
256,f01-147-06-05 do
256,f01-147-06-06 we
256,f01-147-06-07 need
256,f01-147-06-08 to
256,f01-147-06-09 know
256,f01-147-06-10 as
256,f01-147-06-11 far
256,f01-147-06-12 as
256,f01-147-07-01 is
256,f01-147-07-04 these
256,f01-147-07-06 are
256,f01-147-07-07 the
256,f01-147-07-08 concern
256,f01-147-07-09 of
256,f01-147-08-00 the
256,f01-143-00-00 And
256,f01-143-00-01 so
256,f01-143-00-02 they
256,f01-143-00-03 prefer
256,f01-143-00-05 methods
256,f01-143-00-07 Since
256,f01-143-00-08 they
256,f01-143-00-09 cannot
256,f01-143-01-01 look
256,f01-143-01-02 into
256,f01-143-01-03 the
256,f01-143-01-04 mental
256,f01-143-01-06 of
256,f01-143-01-07 another
256,f01-143-02-00 person
256,f01-143-02-01 they
256,f01-143-02-02 observe
256,f01-143-02-03 his
256,f01-143-02-04 visible
256,f01-143-02-06 and
256,f01-143-02-07 then
256,f01-143-02-08 try
256,f01-143-03-00 to
256,f01-143-03-01 give
256,f01-143-03-04 of
256,f01-143-03-05 what
256,f01-143-03-06 lies
256,f01-143-03-07 behind
256,f01-143-04-00 this
256,f01-143-04-03 This
256,f01-143-04-04 is
256,f01-143-04-05 no
256,f01-143-04-06 more
256,f01-143-04-07 queer
256,f01-143-04-08 than
256,f01-143-04-09 the
256,f01-143-04-10 method
256,f01-143-05-00 of
256,f01-143-05-01 the
256,f01-143-05-02 doctor
256,f01-143-05-03 who
256,f01-143-05-05 signs
256,f01-143-05-07 and
256,f01-143-05-08 records
256,f01-143-06-00 and
256,f01-143-06-02 the
256,f01-143-06-03 inner
256,f01-143-06-04 states
256,f01-143-06-06 for
256,f01-143-06-07 them
