095,b02-035-00-00 On
095,b02-035-00-01 this
095,b02-035-00-02 reading
095,b02-035-00-03 what
095,b02-035-00-06 calls
095,b02-035-01-02 and
095,b02-035-01-03 what
095,b02-035-01-04 we
095,b02-035-01-05 should
095,b02-035-01-06 call
095,b02-035-02-01 and
095,b02-035-02-05 is
095,b02-035-03-01 means
095,b02-035-03-02 not
095,b02-035-03-03 to
095,b02-035-03-05 but
095,b02-035-03-06 to
095,b02-035-03-07 safety
095,b02-035-04-00 The
095,b02-035-04-02 pompous
095,b02-035-04-03 little
095,b02-035-05-00 on
095,b02-035-05-03 does
095,b02-035-05-04 not
095,b02-035-05-05 say
095,b02-035-05-06 much
095,b02-035-06-00 but
095,b02-035-06-01 it
095,b02-035-06-02 says
095,b02-035-06-03 what
095,b02-035-06-04 is
095,b02-035-06-07 that
095,b02-035-07-00 the
095,b02-035-07-04 is
095,b02-035-08-00 open
095,b02-035-08-01 to
095,b02-035-08-04 This
095,b02-035-08-05 is
095,b02-035-08-06 news
095,b02-035-08-08 however
095,b02-035-09-00 much
095,b02-035-09-01 the
095,b02-035-09-03 tries
095,b02-035-09-04 to
095,b02-035-10-00 it
095,b02-035-10-01 by
095,b02-035-10-02 saying
095,b02-035-10-03 that
095,b02-035-10-04 the
095,b02-035-10-06 would
095,b02-035-10-07 be
095,b02-013-00-00 What
095,b02-013-00-01 seems
095,b02-013-00-02 certain
095,b02-013-00-03 is
095,b02-013-00-04 that
095,b02-013-00-05 those
095,b02-013-00-06 who
095,b02-013-01-01 putting
095,b02-013-01-02 off
095,b02-013-01-03 any
095,b02-013-01-05 until
095,b02-013-02-00 Mr
095,b02-013-02-02 gives
095,b02-013-02-04 of
095,b02-013-02-06 change
095,b02-013-03-00 of
095,b02-013-03-01 heart
095,b02-013-03-04 that
095,b02-013-03-05 may
095,b02-013-03-06 mean
095,b02-013-03-08 would
095,b02-013-04-00 have
095,b02-013-04-01 us
095,b02-013-04-02 run
095,b02-013-04-03 risks
095,b02-013-04-04 greater
095,b02-013-04-05 than
095,b02-013-04-06 the
095,b02-013-04-07 West
095,b02-013-05-00 ought
095,b02-013-05-01 to
095,b02-013-05-02 run
095,b02-013-05-04 and
095,b02-013-05-05 greater
095,b02-013-05-06 than
095,b02-013-06-01 most
095,b02-013-06-04 seem
095,b02-013-07-01 to
095,b02-013-07-02 face
095,b02-013-07-04 The
095,b02-013-07-05 real
095,b02-013-07-07 is
095,b02-013-08-00 what
095,b02-013-08-01 we
095,b02-013-08-02 should
095,b02-013-08-03 put
095,b02-013-08-04 to
095,b02-013-08-05 the
095,b02-013-08-06 Soviet
095,b02-013-09-01 as
095,b02-013-09-03 basis
095,b02-013-09-04 for
095,b02-013-09-05 talks
095,b02-013-09-07 and
