644,r02-065-00-00 They
644,r02-065-00-01 closed
644,r02-065-00-02 on
644,r02-065-00-04 single
644,r02-065-00-05 bundle
644,r02-065-00-06 and
644,r02-065-00-09 with
644,r02-065-01-00 nervous
644,r02-065-01-03 he
644,r02-065-01-04 pulled
644,r02-065-01-05 it
644,r02-065-01-06 out
644,r02-065-01-08 His
644,r02-065-01-09 eye
644,r02-065-02-00 rested
644,r02-065-02-01 on
644,r02-065-02-03 wad
644,r02-065-02-04 of
644,r02-065-02-05 stiff
644,r02-065-02-06 white
644,r02-065-02-07 paper
644,r02-065-02-08 printed
644,r02-065-02-09 on
644,r02-065-02-10 one
644,r02-065-03-00 side
644,r02-065-03-03 Old
644,r02-065-03-05 fivers
644,r02-065-03-08 he
644,r02-065-03-10 again
644,r02-065-03-12 and
644,r02-065-04-00 tried
644,r02-065-04-01 to
644,r02-065-04-02 recall
644,r02-065-04-03 if
644,r02-065-04-04 they
644,r02-065-04-05 were
644,r02-065-04-06 still
644,r02-065-04-07 legal
644,r02-065-04-08 tender
644,r02-065-04-10 Surely
644,r02-065-04-11 the
644,r02-065-05-01 and
644,r02-065-05-03 of
644,r02-065-05-04 the
644,r02-065-05-05 Bank
644,r02-065-05-06 of
644,r02-065-05-07 England
644,r02-065-05-08 would
644,r02-065-05-09 never
644,r02-065-06-00 break
644,r02-065-06-01 their
644,r02-065-06-02 promise
644,r02-065-06-03 to
644,r02-065-06-04 pay
644,r02-065-06-05 on
644,r02-065-06-06 rude
644,r02-065-06-07 demand
644,r02-065-06-09 let
644,r02-065-07-00 alone
644,r02-065-07-01 on
644,r02-065-07-02 polite
644,r02-065-07-03 request
