249,e07-112-00-00 They
249,e07-112-00-01 are
249,e07-112-00-03 more
249,e07-112-00-05 to
249,e07-112-01-00 manage
249,e07-112-01-02 however
249,e07-112-01-04 until
249,e07-112-01-06 little
249,e07-112-02-00 has
249,e07-112-02-01 been
249,e07-112-02-02 gained
249,e07-112-02-03 with
249,e07-112-02-04 them
249,e07-112-02-06 Plastic
249,e07-112-02-07 pots
249,e07-112-03-00 are
249,e07-112-03-01 usually
249,e07-112-03-02 more
249,e07-112-03-04 than
249,e07-112-03-05 clay
249,e07-112-03-06 ones
249,e07-112-04-00 but
249,e07-112-04-01 they
249,e07-112-04-02 are
249,e07-112-04-03 almost
249,e07-112-04-05 and
249,e07-112-05-00 will
249,e07-112-05-01 last
249,e07-112-05-03 long
249,e07-112-05-04 time
249,e07-112-05-05 with
249,e07-112-05-06 normal
249,e07-112-05-07 care
