269,f03-182-00-00 But
269,f03-182-00-01 that
269,f03-182-00-05 way
269,f03-182-00-06 to
269,f03-182-00-07 begin
269,f03-182-00-09 Why
269,f03-182-00-10 tell
269,f03-182-00-11 them
269,f03-182-00-12 you
269,f03-182-01-00 are
269,f03-182-01-02 novice
269,f03-182-01-04 It
269,f03-182-01-06 their
269,f03-182-01-08 you
269,f03-182-01-09 want
269,f03-182-01-11 not
269,f03-182-01-12 their
269,f03-182-02-02 And
269,f03-182-02-03 you
269,f03-182-02-04 want
269,f03-182-02-05 to
269,f03-182-02-06 get
269,f03-182-02-07 it
269,f03-182-02-08 from
269,f03-182-02-09 the
269,f03-182-02-10 word
269,f03-182-03-00 GO
269,f03-182-03-02 Try
269,f03-182-03-04 like
269,f03-182-03-05 this
269,f03-182-03-07 It
269,f03-182-03-08 is
269,f03-182-03-09 said
269,f03-182-03-10 that
269,f03-182-04-00 vision
269,f03-182-04-01 keeps
269,f03-182-04-02 people
269,f03-182-04-03 at
269,f03-182-04-04 home
269,f03-182-04-06 But
269,f03-182-04-07 you
269,f03-182-04-09 at
269,f03-182-04-10 any
269,f03-182-05-00 rate
269,f03-182-05-02 have
269,f03-182-05-03 proved
269,f03-182-05-04 that
269,f03-182-05-05 wrong
269,f03-182-05-07 And
269,f03-182-05-08 they
269,f03-182-05-09 say
269,f03-182-05-11 too
269,f03-182-06-00 that
269,f03-182-06-02 makes
269,f03-182-06-03 its
269,f03-182-06-04 appeal
269,f03-182-06-05 to
269,f03-182-06-06 those
269,f03-182-06-07 of
269,f03-182-06-08 lesser
