595,p02-017-00-00 Gay
595,p02-017-00-02 sitting
595,p02-017-00-04 Gavin
595,p02-017-00-05 on
595,p02-017-00-06 the
595,p02-017-00-07 terrace
595,p02-017-00-08 could
595,p02-017-01-00 hardly
595,p02-017-01-01 believe
595,p02-017-01-02 that
595,p02-017-01-03 she
595,p02-017-01-04 was
595,p02-017-01-05 the
595,p02-017-01-06 same
595,p02-017-01-07 girl
595,p02-017-02-02 shy
595,p02-017-02-04 who
595,p02-017-02-05 had
595,p02-017-02-06 sat
595,p02-017-02-07 at
595,p02-017-02-08 the
595,p02-017-02-09 little
595,p02-017-03-00 table
595,p02-017-03-01 for
595,p02-017-03-02 the
595,p02-017-03-03 first
595,p02-017-03-04 time
595,p02-017-03-06 few
595,p02-017-03-07 days
595,p02-017-03-08 ago
595,p02-017-04-00 Gavin
595,p02-017-04-01 raised
595,p02-017-04-02 his
595,p02-017-04-03 glass
595,p02-017-04-04 to
595,p02-017-04-05 her
595,p02-017-04-06 and
595,p02-017-04-07 smiled
595,p02-017-05-00 and
595,p02-017-05-02 heart
595,p02-017-05-03 turned
595,p02-017-05-04 over
595,p02-017-05-09 like
595,p02-017-06-00 to
595,p02-017-06-01 do
595,p02-017-06-02 that
595,p02-017-06-05 Gavin
595,p02-017-06-06 drained
595,p02-017-06-07 his
595,p02-017-06-08 glass
595,p02-017-07-00 and
595,p02-017-07-02 it
