163,c04-061-00-00 Carole
163,c04-061-00-01 Shelley
163,c04-061-00-02 as
163,c04-061-00-03 the
163,c04-061-00-05 and
163,c04-061-00-06 Larry
163,c04-061-00-07 Noble
163,c04-061-01-00 as
163,c04-061-01-01 Smiler
163,c04-061-01-02 Perkins
163,c04-061-01-03 were
163,c04-061-01-04 the
163,c04-061-01-05 most
163,c04-061-01-08 They
163,c04-061-02-00 alone
163,c04-061-02-01 used
163,c04-061-02-03 sharp
163,c04-061-02-04 edge
163,c04-061-02-05 to
163,c04-061-02-06 their
163,c04-061-02-07 humour
163,c04-061-02-08 and
163,c04-061-02-09 cut
163,c04-061-03-00 through
163,c04-061-03-01 the
163,c04-061-03-04 corn
163,c04-061-03-05 around
163,c04-061-03-06 them
163,c04-061-03-08 Perhaps
163,c04-061-04-00 it
163,c04-061-04-01 was
163,c04-061-04-05 hope
163,c04-061-04-06 not
163,c04-061-04-08 If
163,c04-061-04-09 ever
163,c04-061-04-11 bag
163,c04-061-04-12 of
163,c04-061-05-00 humour
163,c04-061-05-01 needed
163,c04-061-05-04 shaking
163,c04-061-05-05 up
163,c04-061-05-06 the
163,c04-061-06-00 farce
163,c04-061-06-01 is
163,c04-061-06-02 it
163,c04-061-06-03 when
163,c04-061-06-04 it
163,c04-061-06-05 comes
163,c04-061-06-06 to
163,c04-066-00-00 HOW
163,c04-066-00-01 do
163,c04-066-00-02 you
163,c04-066-00-03 get
163,c04-066-00-04 on
163,c04-066-00-05 records
163,c04-066-00-07 Well
163,c04-066-00-09 you
163,c04-066-00-11 got
163,c04-066-01-00 to
163,c04-066-01-01 have
163,c04-066-01-05 Sing
163,c04-066-01-07 flat
163,c04-066-02-00 All
163,c04-066-02-01 the
163,c04-066-02-02 good
163,c04-066-02-03 singers
163,c04-066-02-04 sing
163,c04-066-02-05 in
163,c04-066-02-06 tune
163,c04-066-02-08 Twang
163,c04-066-02-10 guitar
163,c04-066-03-01 off
163,c04-066-03-02 key
163,c04-066-03-06 fed
163,c04-066-03-07 up
163,c04-066-03-08 with
163,c04-066-03-09 the
163,c04-066-04-00 right
163,c04-066-04-01 way
163,c04-066-04-03 so
163,c04-066-04-04 the
163,c04-066-04-06 charts
163,c04-066-04-07 say
163,c04-066-04-09 Play
163,c04-066-05-00 an
163,c04-066-05-01 OLD
163,c04-066-05-03 instead
163,c04-066-05-04 of
163,c04-066-05-06 new
163,c04-066-05-07 one
163,c04-066-05-09 You
163,c04-066-05-10 got
163,c04-066-05-11 to
163,c04-066-06-00 get
163,c04-066-06-01 it
163,c04-066-06-02 into
163,c04-066-06-03 your
163,c04-066-06-04 head
163,c04-066-06-06 son
163,c04-066-06-08 people
163,c04-066-07-01 like
163,c04-066-07-02 things
163,c04-066-07-03 as
163,c04-066-07-04 they
163,c04-066-07-05 should
163,c04-066-07-06 be
163,c04-066-07-08 not
163,c04-066-07-09 on
163,c04-066-08-00 record
163,c04-066-08-02 anyway
