557,n01-052-00-00 They
557,n01-052-00-01 were
557,n01-052-00-02 nearing
557,n01-052-00-03 Modena
557,n01-052-00-06 focused
557,n01-052-00-07 the
557,n01-052-00-08 radar
557,n01-052-00-09 scanner
557,n01-052-01-00 on
557,n01-052-01-01 the
557,n01-052-01-02 bridge
557,n01-052-01-03 over
557,n01-052-01-04 the
557,n01-052-01-05 Po
557,n01-052-01-07 barely
557,n01-052-01-08 forty
557,n01-052-01-09 miles
557,n01-052-01-10 to
557,n01-052-01-11 port
557,n01-052-02-00 He
557,n01-052-02-01 was
557,n01-052-02-02 able
557,n01-052-02-03 to
557,n01-052-02-04 trace
557,n01-052-02-05 the
557,n01-052-02-06 course
557,n01-052-02-07 of
557,n01-052-02-08 the
557,n01-052-02-09 river
557,n01-052-02-11 he
557,n01-052-03-00 thought
557,n01-052-03-01 he
557,n01-052-03-02 could
557,n01-052-03-04 the
557,n01-052-03-05 route
557,n01-052-03-06 of
557,n01-052-04-00 along
557,n01-052-04-01 which
557,n01-052-04-02 he
557,n01-052-04-03 had
557,n01-052-04-04 motored
557,n01-052-04-05 so
557,n01-052-04-07 little
557,n01-052-05-00 more
557,n01-052-05-01 than
557,n01-052-05-03 hours
557,n01-052-05-04 earlier
557,n01-052-05-06 Since
557,n01-052-05-07 then
557,n01-052-06-00 he
557,n01-052-06-01 had
557,n01-052-06-02 flown
557,n01-052-06-03 to
557,n01-052-06-04 England
557,n01-052-06-07 the
557,n01-052-06-08 vital
557,n01-052-07-01 in
557,n01-052-07-02 Bruce
557,n01-052-07-04 office
557,n01-052-07-06 been
557,n01-052-07-07 whisked
557,n01-052-08-00 by
557,n01-052-08-01 special
557,n01-052-08-03 from
557,n01-052-08-04 the
557,n01-052-08-05 Horse
557,n01-052-08-06 Guards
557,n01-052-09-00 Parade
557,n01-052-09-01 to
557,n01-052-09-03 Down
557,n01-052-09-05 slept
557,n01-052-09-06 for
557,n01-052-09-07 six
557,n01-052-09-08 blessed
557,n01-052-10-01 hours
557,n01-052-10-02 and
557,n01-052-10-03 had
557,n01-052-10-04 now
557,n01-052-11-00 of
557,n01-052-11-01 the
557,n01-052-11-02 journey
557,n01-052-11-03 back
557,n01-052-11-04 to
557,n01-052-11-05 the
557,n01-052-11-06 place
557,n01-052-11-07 where
557,n01-052-11-08 every
557,n01-052-12-01 pointed
557,n01-052-12-02 to
557,n01-052-12-03 Eve
557,n01-052-12-04 being
557,n01-052-12-05 held
