293,f07-088b-00-02 study
293,f07-088b-00-03 also
293,f07-088b-00-04 opens
293,f07-088b-00-05 up
293,f07-088b-00-06 in
293,f07-088b-00-07 the
293,f07-088b-00-08 dietary
293,f07-088b-01-01 by
293,f07-088b-01-02 men
293,f07-088b-01-03 of
293,f07-088b-01-04 genius
293,f07-088b-01-05 as
293,f07-088b-01-06 well
293,f07-088b-01-07 as
293,f07-088b-01-08 the
293,f07-088b-01-09 foods
293,f07-088b-01-10 for
293,f07-088b-02-00 which
293,f07-088b-02-01 they
293,f07-088b-02-02 have
293,f07-088b-02-03 had
293,f07-088b-02-04 an
293,f07-088b-02-07 Shelley
293,f07-088b-02-09 for
293,f07-088b-02-10 example
293,f07-088b-03-00 had
293,f07-088b-03-02 great
293,f07-088b-03-04 for
293,f07-088b-03-05 animal
293,f07-088b-03-06 food
293,f07-088b-03-09 that
293,f07-088b-04-00 it
293,f07-088b-04-03 the
293,f07-088b-05-01 and
293,f07-088b-05-02 supper
293,f07-088b-05-04 of
293,f07-088b-05-06 piece
293,f07-088b-05-07 of
293,f07-088b-05-08 coarse
293,f07-088b-05-09 bread
293,f07-088b-06-00 and
293,f07-088b-06-02 bowl
293,f07-088b-06-03 of
293,f07-088b-06-04 milk
293,f07-092b-00-00 Dante
293,f07-092b-00-01 Gabriel
293,f07-092b-00-03 had
293,f07-092b-00-04 simple
293,f07-092b-00-05 tastes
293,f07-092b-00-06 in
293,f07-092b-00-07 food
293,f07-092b-00-09 At
293,f07-092b-00-10 one
293,f07-092b-01-00 dinner
293,f07-092b-01-01 he
293,f07-092b-01-02 is
293,f07-092b-01-03 said
293,f07-092b-01-04 to
293,f07-092b-01-05 have
293,f07-092b-01-06 been
293,f07-092b-01-07 blind
293,f07-092b-01-08 to
293,f07-092b-01-09 the
293,f07-092b-01-10 charms
293,f07-092b-01-11 of
293,f07-092b-02-00 turbot
293,f07-092b-02-01 and
293,f07-092b-02-02 to
293,f07-092b-02-03 have
293,f07-092b-02-04 been
293,f07-092b-02-05 much
293,f07-092b-02-06 more
293,f07-092b-02-08 in
293,f07-092b-02-09 the
293,f07-092b-03-00 dish
293,f07-092b-03-01 in
293,f07-092b-03-02 which
293,f07-092b-03-03 it
293,f07-092b-03-04 was
293,f07-092b-03-05 served
293,f07-092b-03-07 He
293,f07-092b-03-08 turned
293,f07-092b-03-10 it
293,f07-092b-03-11 over
293,f07-092b-04-00 on
293,f07-092b-04-01 the
293,f07-092b-04-02 table
293,f07-092b-04-03 cloth
293,f07-092b-04-04 to
293,f07-092b-04-05 examine
293,f07-092b-04-06 the
293,f07-092b-04-07 marks
293,f07-092b-04-08 on
293,f07-092b-04-09 the
293,f07-092b-04-10 back
293,f07-092b-05-00 without
293,f07-092b-05-01 going
293,f07-092b-05-02 through
293,f07-092b-05-03 the
293,f07-092b-05-05 of
293,f07-092b-05-06 having
293,f07-092b-05-07 his
293,f07-092b-05-08 turbot
293,f07-092b-06-00 removed
293,f07-092b-06-01 first
293,f07-096-00-00 Wagner
293,f07-096-00-01 was
293,f07-096-00-03 highly
293,f07-096-00-05 feeder
293,f07-096-00-07 He
293,f07-096-00-08 ate
293,f07-096-00-09 very
293,f07-096-00-10 fast
293,f07-096-01-00 placing
293,f07-096-01-01 his
293,f07-096-01-02 food
293,f07-096-01-03 in
293,f07-096-01-04 his
293,f07-096-01-05 mouth
293,f07-096-01-06 and
293,f07-096-01-07 gulping
293,f07-096-01-08 it
293,f07-096-01-09 down
293,f07-096-01-10 as
293,f07-096-02-00 he
293,f07-096-02-01 talked
293,f07-096-02-03 Brigham
293,f07-096-02-04 Young
293,f07-096-02-05 would
293,f07-096-02-06 make
293,f07-096-02-08 dinner
293,f07-096-02-09 on
293,f07-096-02-10 tripe
293,f07-096-03-00 which
293,f07-096-03-01 he
293,f07-096-03-02 washed
293,f07-096-03-03 down
293,f07-096-03-04 with
293,f07-096-03-05 beer
293,f07-096-03-08 writer
293,f07-096-03-09 who
293,f07-096-03-10 had
293,f07-096-03-11 dinner
293,f07-096-04-00 with
293,f07-096-04-01 Dickens
293,f07-096-04-02 says
293,f07-096-04-03 the
293,f07-096-04-04 menu
293,f07-096-04-05 was
293,f07-096-04-07 oysters
293,f07-096-04-10 brown
293,f07-096-05-00 sole
293,f07-096-05-03 baked
293,f07-096-05-04 leg
293,f07-096-05-05 of
293,f07-096-05-06 mutton
293,f07-096-05-07 with
293,f07-096-05-08 oyster
293,f07-096-05-10 veal
293,f07-096-05-12 and
293,f07-096-06-00 gin
293,f07-096-06-01 punch
293,f07-101b-00-00 The
293,f07-101b-00-01 same
293,f07-101b-00-02 man
293,f07-101b-00-03 went
293,f07-101b-00-04 to
293,f07-101b-00-05 see
293,f07-101b-00-06 Carlyle
293,f07-101b-00-08 and
293,f07-101b-00-10 after
293,f07-101b-01-00 that
293,f07-101b-01-01 he
293,f07-101b-01-02 had
293,f07-101b-01-03 dined
293,f07-101b-01-04 with
293,f07-101b-01-06 told
293,f07-101b-01-07 the
293,f07-101b-01-08 sage
293,f07-101b-02-00 very
293,f07-101b-02-01 funny
293,f07-101b-02-02 story
293,f07-101b-02-03 which
293,f07-101b-02-04 made
293,f07-101b-02-05 Carlyle
293,f07-101b-02-07 laugh
293,f07-101b-03-00 but
293,f07-101b-03-01 all
293,f07-101b-03-02 the
293,f07-101b-03-03 Chelsea
293,f07-101b-03-05 did
293,f07-101b-03-06 in
293,f07-101b-03-07 return
293,f07-101b-03-08 was
293,f07-101b-03-09 to
293,f07-101b-04-00 ask
293,f07-101b-04-01 if
293,f07-101b-04-02 his
293,f07-101b-04-03 guest
293,f07-101b-04-04 would
293,f07-101b-04-05 have
293,f07-101b-04-07 cup
293,f07-101b-04-08 of
293,f07-101b-04-09 tea
293,g07-000b-00-00 When
293,g07-000b-00-01 he
293,g07-000b-00-02 saw
293,g07-000b-00-04 printed
293,g07-000b-00-05 letter
293,g07-000b-00-07 Lord
293,g07-000b-00-08 Sidney
293,g07-000b-00-09 wrote
293,g07-000b-01-00 to
293,g07-000b-01-01 Douglas
293,g07-000b-01-03 saying
293,g07-000b-01-04 that
293,g07-000b-01-05 it
293,g07-000b-01-06 was
293,g07-000b-02-02 He
293,g07-000b-02-03 had
293,g07-000b-02-04 no
293,g07-000b-02-05 sooner
293,g07-000b-02-06 heard
293,g07-000b-02-07 from
293,g07-000b-02-08 Count
293,g07-000b-02-09 Gamba
293,g07-000b-03-00 and
293,g07-000b-03-02 that
293,g07-000b-03-03 Byron
293,g07-000b-03-04 would
293,g07-000b-03-05 have
293,g07-000b-03-06 wished
293,g07-000b-03-07 his
293,g07-000b-04-00 body
293,g07-000b-04-01 to
293,g07-000b-04-02 return
293,g07-000b-04-03 to
293,g07-000b-04-04 England
293,g07-000b-04-05 than
293,g07-000b-04-06 that
293,g07-000b-04-07 course
293,g07-000b-04-08 was
293,g07-000b-05-02 carried
293,g07-000b-05-03 into
293,g07-000b-05-04 effect
293,g07-000b-05-07 not
293,g07-000b-05-08 in
293,g07-000b-05-09 spite
293,g07-000b-05-10 of
293,g07-000b-05-11 himself
293,g07-000b-06-00 and
293,g07-000b-06-01 Sir
293,g07-000b-06-03 Stoven
293,g07-000b-06-05 but
293,g07-000b-06-06 with
293,g07-000b-06-07 their
293,g07-000b-06-08 perfect
293,g07-000b-07-02 while
293,g07-000b-07-04 General
293,g07-000b-07-05 Adam
293,g07-000b-07-06 was
293,g07-000b-07-07 at
293,g07-000b-07-08 Corfu
293,g07-000b-07-09 the
293,g07-000b-07-10 whole
293,g07-000b-08-00 time
293,g07-000b-08-01 and
293,g07-000b-08-03 never
293,g07-000b-08-05 in
293,g07-000b-08-06 the
293,g07-000b-09-00 degree
293,g07-000b-09-01 about
293,g07-000b-09-02 the
293,g07-000b-09-03 matter
