025,a02-017-00-00 Other
025,a02-017-00-01 leading
025,a02-017-00-02 members
025,a02-017-00-03 are
025,a02-017-00-05 Sir
025,a02-017-00-06 Henry
025,a02-017-00-07 Lintott
025,a02-017-00-08 from
025,a02-017-01-00 the
025,a02-017-01-03 Office
025,a02-017-01-05 Sir
025,a02-017-01-06 William
025,a02-017-02-03 Office
025,a02-017-02-09 Bell
025,a02-017-03-04 and
025,a02-017-03-08 Andrew
025,a02-017-03-10 Board
025,a02-017-03-11 of
025,a02-017-03-12 Trade
025,a02-017-04-00 They
025,a02-017-04-01 will
025,a02-017-04-04 Heath
025,a02-017-04-05 next
025,a02-017-04-06 month
025,a02-017-04-07 when
025,a02-017-05-00 he
025,a02-017-05-01 goes
025,a02-017-05-02 to
025,a02-017-05-06 of
025,a02-017-05-07 the
025,a02-017-05-08 Common
025,a02-017-06-00 Market
025,a02-017-06-03 or
025,a02-017-06-05 the
025,a02-017-06-06 Six
025,a02-017-06-07 decide
025,a02-017-07-01 should
025,a02-017-07-02 be
025,a02-017-07-03 held
025,a02-020-00-00 Some
025,a02-020-00-01 of
025,a02-020-00-02 the
025,a02-020-00-04 were
025,a02-020-00-07 at
025,a02-020-01-00 meeting
025,a02-020-01-01 in
025,a02-020-01-02 Paris
025,a02-020-01-03 between
025,a02-020-01-05 Couve
025,a02-020-01-06 de
025,a02-020-01-09 French
025,a02-020-02-00 Foreign
025,a02-020-02-03 and
025,a02-020-02-05 Heath
025,a02-020-02-08 Selwyn
025,a02-020-02-09 Lloyd
025,a02-020-03-01 man
025,a02-020-03-02 with
025,a02-020-03-04 enough
025,a02-020-03-05 back
025,a02-020-03-06 home
025,a02-020-03-08 seems
025,a02-020-04-00 fated
025,a02-020-04-01 to
025,a02-020-04-02 fly
025,a02-020-04-03 into
025,a02-020-04-04 trouble
025,a02-020-04-05 abroad
025,a02-020-04-07 Last
025,a02-020-04-08 year
025,a02-020-04-09 it
025,a02-020-04-10 was
025,a02-020-05-00 the
025,a02-020-05-01 riots
025,a02-020-05-02 in
025,a02-020-05-05 which
025,a02-020-05-07 the
025,a02-020-05-08 NATO
025,a02-020-06-00 Council
025,a02-020-06-01 meeting
025,a02-032-00-00 But
025,a02-032-00-01 in
025,a02-032-00-02 his
025,a02-032-00-03 absence
025,a02-032-00-04 his
025,a02-032-00-05 chief
025,a02-032-00-07 have
025,a02-032-01-00 not
025,a02-032-01-01 let
025,a02-032-01-02 him
025,a02-032-01-03 down
025,a02-032-01-05 The
025,a02-032-01-06 strong
025,a02-032-01-07 arm
025,a02-032-01-08 of
025,a02-032-01-10 has
025,a02-032-02-00 been
025,a02-032-02-01 raised
025,a02-032-02-02 against
025,a02-032-02-03 the
025,a02-032-02-05 and
025,a02-032-02-06 is
025,a02-032-02-07 now
025,a02-032-03-00 to
025,a02-032-03-01 tell
025,a02-032-03-05 Times
025,a02-032-03-07 motto
025,a02-032-03-10 The
025,a02-032-03-11 welfare
025,a02-032-04-00 of
025,a02-032-04-01 the
025,a02-032-04-02 people
025,a02-032-04-03 is
025,a02-032-04-04 the
025,a02-032-04-05 supreme
025,a02-032-04-06 law
025,a02-032-04-09 reports
025,a02-032-04-12 The
025,a02-032-05-01 has
025,a02-032-05-02 been
025,a02-032-05-03 urged
025,a02-032-05-04 to
025,a02-032-05-05 take
025,a02-032-06-00 tion
025,a02-032-06-01 to
025,a02-032-06-02 deal
025,a02-032-06-04 with
025,a02-032-06-05 the
025,a02-024-00-00 Now
025,a02-024-00-01 we
025,a02-024-00-02 have
025,a02-024-00-03 the
025,a02-024-00-04 strikes
025,a02-024-00-05 and
025,a02-024-00-07 in
025,a02-024-01-00 Ghana
025,a02-024-01-02 with
025,a02-024-01-03 the
025,a02-024-01-04 meeting
025,a02-024-01-05 of
025,a02-024-01-06 the
025,a02-024-02-03 Council
025,a02-024-02-05 the
025,a02-024-03-00 first
025,a02-024-03-01 to
025,a02-024-03-02 be
025,a02-024-03-03 held
025,a02-024-03-04 in
025,a02-024-03-05 Africa
025,a02-024-03-07 Only
025,a02-024-03-09 few
025,a02-024-03-10 hours
025,a02-024-04-00 ter
025,a02-024-04-01 Mr
025,a02-024-04-02 Lloyd
025,a02-024-04-03 and
025,a02-024-04-04 his
025,a02-024-04-07 landed
025,a02-024-05-00 at
025,a02-024-05-01 Accra
025,a02-024-05-02 this
025,a02-024-05-03 morning
025,a02-024-05-06 of
025,a02-024-05-07 shop
025,a02-024-06-01 outside
025,a02-024-06-02 the
025,a02-024-07-00 Stores
025,a02-024-07-02 the
025,a02-024-07-03 largest
025,a02-024-07-04 in
025,a02-024-07-05 town
025,a02-027-00-00 The
025,a02-027-00-01 stores
025,a02-027-00-02 had
025,a02-027-00-03 been
025,a02-027-00-04 hit
025,a02-027-00-05 by
025,a02-027-00-06 the
025,a02-027-00-07 same
025,a02-027-00-08 strike
025,a02-027-00-09 wave
025,a02-027-01-00 that
025,a02-027-01-01 has
025,a02-027-01-03 the
025,a02-027-01-04 port
025,a02-027-01-05 of
025,a02-027-01-07 for
025,a02-027-01-08 the
025,a02-027-01-09 past
025,a02-027-02-00 week
025,a02-027-02-02 Root
025,a02-027-02-03 of
025,a02-027-02-04 the
025,a02-027-02-07 The
025,a02-027-02-09 Budget
025,a02-027-03-03 savings
025,a02-027-03-04 scheme
025,a02-027-03-05 which
025,a02-027-03-06 the
025,a02-027-04-00 Ghana
025,a02-027-04-03 in
025,a02-027-04-04 July
025,a02-027-04-07 strong
025,a02-027-05-00 man
025,a02-027-05-01 is
025,a02-027-05-02 not
025,a02-027-05-03 here
025,a02-027-05-04 to
025,a02-027-05-05 face
025,a02-027-05-06 the
025,a02-027-05-07 storm
025,a02-027-05-10 Nkrumah
025,a02-027-06-00 having
025,a02-027-06-01 made
025,a02-027-06-02 his
025,a02-027-06-04 to
025,a02-027-06-05 the
025,a02-027-07-00 in
025,a02-027-07-03 has
025,a02-027-07-04 resumed
025,a02-027-07-05 his
025,a02-027-07-06 holiday
025,a02-027-07-07 on
025,a02-027-07-08 the
025,a02-027-07-09 Black
025,a02-027-08-00 Sea
025,a02-027-08-01 and
025,a02-027-08-02 no
025,a02-027-08-03 one
025,a02-027-08-04 here
025,a02-027-08-06 to
025,a02-027-08-07 know
025,a02-027-08-08 when
025,a02-027-08-09 he
025,a02-027-09-00 will
025,a02-027-09-01 return
