590,p01-155-00-02 was
590,p01-155-00-03 on
590,p01-155-00-04 dry
590,p01-155-00-05 land
590,p01-155-00-06 in
590,p01-155-00-08 church
590,p01-155-01-02 but
590,p01-155-01-03 this
590,p01-155-01-04 was
590,p01-155-01-06 to
590,p01-155-01-07 him
590,p01-155-01-08 now
590,p01-155-01-10 He
590,p01-155-02-00 saw
590,p01-155-02-01 himself
590,p01-155-02-02 as
590,p01-155-02-04 sulky
590,p01-155-02-06 ugly
590,p01-155-03-00 boy
590,p01-155-03-02 then
590,p01-155-03-04 young
590,p01-155-03-05 youth
590,p01-155-03-07 He
590,p01-155-03-08 saw
590,p01-155-03-09 himself
590,p01-155-04-00 baptism
590,p01-155-04-02 to
590,p01-155-04-03 the
590,p01-155-04-04 sect
590,p01-155-04-05 his
590,p01-155-04-06 parents
590,p01-155-04-08 to
590,p01-155-05-00 Walking
590,p01-155-05-01 out
590,p01-155-05-02 of
590,p01-155-05-03 the
590,p01-155-05-04 chapel
590,p01-155-05-05 later
590,p01-155-05-06 on
590,p01-155-06-00 on
590,p01-155-06-02 his
590,p01-155-06-03 leaping
590,p01-155-06-04 mind
590,p01-155-06-05 flashed
590,p01-155-06-07 of
590,p01-155-07-00 canery
590,p01-155-07-01 and
590,p01-155-07-04 the
590,p01-155-07-05 growth
590,p01-155-07-06 of
590,p01-155-07-07 the
590,p01-155-08-00 dly
590,p01-155-08-02 and
590,p01-155-08-04 in
590,p01-155-09-00 ment
590,p01-155-09-01 and
590,p01-155-09-02 Satanic
