023,a02-008-00-00 Seven
023,a02-008-00-03 have
023,a02-008-00-04 told
023,a02-008-00-06 Sandys
023,a02-008-01-04 that
023,a02-008-01-05 they
023,a02-008-01-06 wish
023,a02-008-01-07 to
023,a02-008-01-08 be
023,a02-008-01-09 kept
023,a02-008-02-00 in
023,a02-008-02-01 touch
023,a02-008-02-02 in
023,a02-008-02-03 London
023,a02-008-02-05 Three
023,a02-008-02-06 of
023,a02-008-02-07 them
023,a02-008-02-09 Canada
023,a02-008-03-00 New
023,a02-008-03-01 Zealand
023,a02-008-03-03 will
023,a02-008-03-04 have
023,a02-008-03-05 strong
023,a02-008-03-07 at
023,a02-008-03-08 an
023,a02-008-03-09 opening
023,a02-008-04-00 meeting
023,a02-008-04-01 in
023,a02-008-04-02 London
023,a02-008-04-03 on
023,a02-008-04-04 Monday
023,a02-008-04-06 Once
023,a02-008-04-07 the
023,a02-008-04-08 Common
023,a02-008-05-01 Council
023,a02-008-05-02 of
023,a02-008-05-04 draws
023,a02-008-05-05 up
023,a02-008-05-06 the
023,a02-008-06-00 for
023,a02-008-06-02 in
023,a02-008-06-05 time
023,a02-008-06-07 these
023,a02-008-07-01 can
023,a02-008-07-02 arrange
023,a02-008-07-03 for
023,a02-008-07-05 to
023,a02-008-07-06 advise
023,a02-008-07-07 the
023,a02-008-07-08 British
023,a02-008-08-01 team
