578,n03-106-00-01 Willie
578,n03-106-00-04 the
578,n03-106-00-05 judge
578,n03-106-00-06 said
578,n03-106-00-07 huskily
578,n03-106-01-01 that
578,n03-106-01-02 was
578,n03-106-01-03 as
578,n03-106-01-04 pretty
578,n03-106-01-06 piece
578,n03-106-01-07 of
578,n03-106-02-00 hip
578,n03-106-02-01 as
578,n03-106-02-03 ever
578,n03-106-02-04 saw
578,n03-106-02-06 That
578,n03-106-02-07 boy
578,n03-106-02-08 of
578,n03-106-03-00 mine
578,n03-106-03-01 seems
578,n03-106-03-02 to
578,n03-106-03-03 know
578,n03-106-03-04 how
578,n03-106-03-05 to
578,n03-106-03-06 do
578,n03-106-04-02 when
578,n03-106-04-03 he
578,n03-106-04-04 wants
578,n03-106-04-05 to
578,n03-106-05-05 Willie
578,n03-106-05-08 Just
578,n03-106-06-00 play
578,n03-106-06-01 in
578,n03-106-06-02 damn
578,n03-106-06-03 fine
578,n03-106-06-04 luck
578,n03-106-06-05 this
578,n03-106-06-06 time
578,n03-106-07-00 He
578,n03-106-07-01 plenty
578,n03-106-07-02 smart
578,n03-106-07-03 though
578,n03-106-07-06 As
578,n03-106-07-07 they
578,n03-106-08-00 reached
578,n03-106-08-01 the
578,n03-106-08-02 pier
578,n03-106-08-04 the
578,n03-106-08-05 judge
578,n03-106-08-06 on
578,n03-106-08-07 legs
578,n03-106-09-00 that
578,n03-106-09-01 were
578,n03-106-09-03 little
578,n03-106-09-06 they
578,n03-106-10-00 found
578,n03-106-10-01 Bueno
578,n03-106-10-02 Buck
578,n03-106-10-04 now
578,n03-106-10-05 on
578,n03-106-10-06 the
578,n03-106-11-00 pier
578,n03-106-11-02 leading
578,n03-106-11-03 the
578,n03-106-11-04 yawl
578,n03-106-11-05 toward
