318,g03-064-00-00 Alf
318,g03-064-00-01 Barton
318,g03-064-00-03 who
318,g03-064-00-04 in
318,g03-064-00-06 was
318,g03-064-01-00 with
318,g03-064-01-02 book
318,g03-064-01-03 on
318,g03-064-01-04 the
318,g03-064-01-05 life
318,g03-064-01-06 of
318,g03-064-01-07 Marx
318,g03-064-02-00 and
318,g03-064-02-02 gold
318,g03-064-02-03 purse
318,g03-064-02-04 in
318,g03-064-02-06 of
318,g03-064-02-07 his
318,g03-064-03-00 work
318,g03-064-03-01 for
318,g03-064-03-02 the
318,g03-064-03-05 was
318,g03-064-03-06 later
318,g03-064-04-00 known
318,g03-064-04-01 to
318,g03-064-04-02 say
318,g03-064-04-03 that
318,g03-064-04-04 it
318,g03-064-04-05 was
318,g03-064-04-06 not
318,g03-064-05-00 cessary
318,g03-064-05-01 to
318,g03-064-05-03 Marxism
318,g03-064-05-04 in
318,g03-064-05-05 order
318,g03-064-05-06 to
318,g03-064-06-03 though
318,g03-064-06-04 at
318,g03-064-06-05 this
318,g03-064-06-06 time
318,g03-064-07-00 he
318,g03-064-07-01 was
318,g03-064-07-03 keen
318,g03-064-07-04 member
318,g03-064-07-05 of
318,g03-064-07-06 the
