300,g01-067-00-00 But
300,g01-067-00-01 this
300,g01-067-00-02 time
300,g01-067-00-03 there
300,g01-067-00-04 was
300,g01-067-00-06 very
300,g01-067-01-00 attempt
300,g01-067-01-01 to
300,g01-067-01-02 apply
300,g01-067-01-04 sliding
300,g01-067-01-05 scale
300,g01-067-01-06 to
300,g01-067-01-07 the
300,g01-067-02-03 The
300,g01-067-02-05 of
300,g01-067-02-06 an
300,g01-067-03-00 adult
300,g01-067-03-01 was
300,g01-067-03-02 altered
300,g01-067-03-03 to
300,g01-067-03-04 read
300,g01-067-03-06 over
300,g01-067-03-07 sixteen
300,g01-067-04-00 and
300,g01-067-04-02 where
300,g01-067-04-03 the
300,g01-067-04-04 poorest
300,g01-067-04-05 were
300,g01-067-04-06 to
300,g01-067-04-07 pay
300,g01-067-04-09 groat
300,g01-067-05-00 the
300,g01-067-05-01 Duke
300,g01-067-05-02 of
300,g01-067-05-04 and
300,g01-067-05-05 the
300,g01-067-06-00 of
300,g01-067-06-02 and
300,g01-067-06-03 York
300,g01-067-06-04 were
300,g01-067-06-05 to
300,g01-067-06-06 pay
300,g01-067-06-07 ten
300,g01-067-06-08 marks
300,g01-067-07-00 and
300,g01-067-07-01 between
300,g01-067-07-02 these
300,g01-067-07-03 two
300,g01-067-08-00 scale
300,g01-067-08-01 of
300,g01-067-08-03 was
300,g01-067-08-04 fixed
300,g01-067-08-05 for
300,g01-067-08-06 the
300,g01-067-09-01 classes
300,g01-067-09-02 of
300,g01-067-09-03 laymen
300,g01-067-09-04 and
300,g01-067-09-05 clerics
300,g01-070-00-00 Again
300,g01-070-00-01 the
300,g01-070-00-03 was
300,g01-070-00-05 and
300,g01-070-01-00 the
300,g01-070-01-01 results
300,g01-070-01-05 tax
300,g01-070-02-00 to
300,g01-070-02-01 yield
300,g01-070-02-03 in
300,g01-070-02-04 fact
300,g01-070-02-05 raised
300,g01-070-02-06 only
300,g01-070-03-00 In
300,g01-070-03-01 the
300,g01-070-03-03 year
300,g01-070-03-07 the
300,g01-070-03-08 last
300,g01-070-03-09 and
300,g01-070-04-00 most
300,g01-070-04-02 third
300,g01-070-04-04 was
300,g01-070-04-05 agreed
300,g01-070-05-00 by
300,g01-070-05-03 which
300,g01-070-05-04 met
300,g01-070-05-05 at
300,g01-070-06-00 There
300,g01-070-06-01 were
300,g01-070-06-02 dark
300,g01-070-06-03 reasons
300,g01-070-06-04 for
300,g01-070-06-06 meeting
300,g01-070-06-07 so
300,g01-070-07-00 far
300,g01-070-07-01 away
300,g01-070-07-02 from
300,g01-070-07-03 the
300,g01-070-07-04 capital
300,g01-070-07-05 in
300,g01-070-07-07 town
300,g01-070-07-08 with
300,g01-070-08-00 poor
300,g01-070-08-02 and
300,g01-070-08-03 not
300,g01-070-08-04 over
300,g01-070-09-00 with
300,g01-070-09-02 and
300,g01-074-00-00 London
300,g01-074-00-01 was
300,g01-074-00-02 again
300,g01-074-00-03 in
300,g01-074-00-04 turmoil
300,g01-074-00-06 but
300,g01-074-00-07 this
300,g01-074-00-08 time
300,g01-074-01-00 over
300,g01-074-01-03 of
300,g01-074-01-04 trade
300,g01-074-01-05 rivalry
300,g01-074-01-08 rich
300,g01-074-02-00 chant
300,g01-074-02-01 from
300,g01-074-02-02 Genoa
300,g01-074-02-03 had
300,g01-074-02-04 been
300,g01-074-02-07 and
300,g01-074-03-00 John
300,g01-074-03-01 de
300,g01-074-03-02 Kyrkby
300,g01-074-03-07 was
300,g01-074-03-08 one
300,g01-074-03-09 of
300,g01-074-04-00 those
300,g01-074-04-01 charged
300,g01-074-04-02 with
300,g01-074-04-03 the
300,g01-074-04-04 crime
300,g01-074-04-06 It
300,g01-074-04-07 is
300,g01-074-04-08 clear
300,g01-074-05-00 from
300,g01-074-05-01 the
300,g01-074-05-03 that
300,g01-074-05-04 this
300,g01-074-05-05 was
300,g01-074-05-07 sordid
300,g01-074-06-00 quarrel
300,g01-074-06-01 between
300,g01-074-06-03 and
300,g01-074-07-00 The
300,g01-074-07-01 city
300,g01-074-07-03 were
300,g01-074-07-04 jealous
300,g01-074-07-05 of
300,g01-074-07-06 foreign
300,g01-074-08-01 who
300,g01-074-08-02 could
300,g01-074-08-03 tempt
300,g01-074-08-04 court
300,g01-074-08-05 and
300,g01-074-09-01 with
300,g01-074-09-02 rarer
300,g01-074-09-04 than
300,g01-074-09-05 those
