076,a06-064-00-00 Most
076,a06-064-00-01 MPs
076,a06-064-00-02 agreed
076,a06-064-00-03 that
076,a06-064-00-06 attack
076,a06-064-00-07 had
076,a06-064-00-09 if
076,a06-064-01-02 rallied
076,a06-064-01-03 support
076,a06-064-01-04 to
076,a06-064-01-05 the
076,a06-064-01-06 Prime
076,a06-064-02-00 This
076,a06-064-02-03 was
076,a06-064-03-00 He
076,a06-064-03-02 his
076,a06-064-03-03 reply
076,a06-064-03-04 to
076,a06-064-03-05 the
076,a06-064-04-00 that
076,a06-064-04-02 Fell
076,a06-064-04-03 had
076,a06-064-04-07 his
076,a06-064-05-00 support
076,a06-064-05-03 There
076,a06-064-05-04 were
076,a06-064-05-05 no
076,a06-064-05-06 other
076,a06-064-05-07 attacks
076,a06-064-06-00 of
076,a06-064-06-01 such
076,a06-064-06-04 But
076,a06-064-06-05 there
076,a06-064-06-06 was
076,a06-064-06-07 ample
076,a06-064-07-01 of
076,a06-064-07-03 and
076,a06-064-07-04 Labour
076,a06-064-08-02 which
076,a06-064-08-03 will
076,a06-064-08-04 be
076,a06-064-08-05 aired
076,a06-064-08-06 in
076,a06-064-08-07 the
076,a06-064-09-00 debate
076,a06-064-09-02 and
076,a06-064-09-03 on
