307,g02-073-00-01 And
307,g02-073-00-02 while
307,g02-073-00-03 the
307,g02-073-00-04 heart
307,g02-073-00-05 is
307,g02-073-00-06 slowly
307,g02-073-00-07 dying
307,g02-073-01-00 one
307,g02-073-01-01 can
307,g02-073-01-03 see
307,g02-073-01-04 it
307,g02-073-01-06 so
307,g02-073-01-07 to
307,g02-073-01-08 speak
307,g02-073-02-01 rouse
307,g02-073-02-02 itself
307,g02-073-02-03 and
307,g02-073-02-05 in
307,g02-073-02-06 reply
307,g02-073-02-07 to
307,g02-073-02-08 two
307,g02-073-02-09 or
307,g02-073-03-00 three
307,g02-073-03-02 beats
307,g02-073-03-04 produce
307,g02-073-03-06 single
307,g02-073-04-01 one
307,g02-073-04-02 slowly
307,g02-073-04-03 and
307,g02-073-05-01 and
307,g02-073-05-02 with
307,g02-073-05-03 an
307,g02-073-05-04 effort
