267,f03-169-00-00 Each
267,f03-169-00-01 time
267,f03-169-00-02 you
267,f03-169-00-04 you
267,f03-169-00-05 will
267,f03-169-00-07 put
267,f03-169-01-00 things
267,f03-169-01-01 in
267,f03-169-01-04 way
267,f03-169-01-06 All
267,f03-169-01-07 the
267,f03-169-01-08 better
267,f03-169-01-11 it
267,f03-169-01-12 will
267,f03-169-02-00 sound
267,f03-169-02-01 much
267,f03-169-02-02 more
267,f03-169-02-04 on
267,f03-169-02-05 the
267,f03-169-03-00 itself
267,f03-169-03-03 your
267,f03-169-03-04 four
267,f03-169-03-05 names
267,f03-169-03-07 have
267,f03-169-03-08 the
267,f03-169-03-09 list
267,f03-169-04-00 with
267,f03-169-04-01 you
267,f03-169-04-02 if
267,f03-169-04-03 you
267,f03-169-04-04 like
267,f03-169-04-06 and
267,f03-169-04-07 you
267,f03-169-04-08 simply
267,f03-169-05-00 be
267,f03-169-05-03 Of
267,f03-169-05-04 course
267,f03-169-05-06 in
267,f03-169-05-07 any
267,f03-169-05-08 speech
267,f03-169-05-10 good
267,f03-169-06-00 start
267,f03-169-06-01 and
267,f03-169-06-03 good
267,f03-169-06-04 finish
267,f03-169-06-05 are
267,f03-169-06-06 half
267,f03-169-06-07 the
267,f03-169-06-08 battle
