635,r06-027-00-00 There
635,r06-027-00-01 they
635,r06-027-00-02 were
635,r06-027-00-04 in
635,r06-027-00-05 fact
635,r06-027-00-07 below
635,r06-027-00-08 us
635,r06-027-00-10 eight
635,r06-027-00-11 of
635,r06-027-00-12 them
635,r06-027-01-00 Four
635,r06-027-01-01 of
635,r06-027-01-02 them
635,r06-027-01-03 were
635,r06-027-01-05 on
635,r06-027-01-06 the
635,r06-027-01-07 window
635,r06-027-01-08 sills
635,r06-027-01-10 two
635,r06-027-02-01 on
635,r06-027-02-03 nearby
635,r06-027-02-04 roof
635,r06-027-02-05 top
635,r06-027-02-07 the
635,r06-027-02-08 other
635,r06-027-02-09 pair
635,r06-027-03-00 We
635,r06-027-03-01 had
635,r06-027-03-03 morning
635,r06-027-03-04 at
635,r06-027-03-07 He
635,r06-027-03-08 talked
635,r06-027-03-09 about
635,r06-027-03-10 people
635,r06-027-04-00 Marc
635,r06-027-04-01 Chagall
635,r06-027-04-02 used
635,r06-027-04-03 to
635,r06-027-04-04 live
635,r06-027-04-05 here
635,r06-027-04-06 and
635,r06-027-04-07 an
635,r06-027-04-09 named
635,r06-027-05-02 He
635,r06-027-05-03 was
635,r06-027-05-04 here
635,r06-027-05-06 near
635,r06-027-05-07 the
635,r06-027-05-08 railway
635,r06-027-05-09 station
635,r06-027-05-11 three
635,r06-027-05-12 or
635,r06-027-06-00 four
635,r06-027-06-01 years
635,r06-027-06-03 During
635,r06-027-06-04 this
635,r06-027-06-05 period
635,r06-027-06-06 he
635,r06-027-06-07 wrote
635,r06-027-06-09 book
635,r06-027-07-00 The
635,r06-027-07-01 Lover
635,r06-027-07-02 of
635,r06-027-07-03 Lady
635,r06-003-00-00 One
635,r06-003-00-01 called
635,r06-003-00-02 La
635,r06-003-00-04 is
635,r06-003-00-07 and
635,r06-003-00-08 at
635,r06-003-00-09 the
635,r06-003-00-10 time
635,r06-003-01-00 of
635,r06-003-01-01 our
635,r06-003-01-02 arrival
635,r06-003-01-03 it
635,r06-003-01-04 was
635,r06-003-01-06 huge
635,r06-003-01-08 verbal
635,r06-003-02-01 at
635,r06-003-02-02 General
635,r06-003-02-03 de
635,r06-003-02-04 Gaulle
635,r06-003-02-06 One
635,r06-003-02-07 side
635,r06-003-02-08 of
635,r06-003-02-09 this
635,r06-003-02-10 square
635,r06-003-03-00 is
635,r06-003-03-02 smart
635,r06-003-03-03 but
635,r06-003-03-04 modest
635,r06-003-03-05 bar
635,r06-003-03-06 called
635,r06-003-03-08 Bar
635,r06-003-03-10 For
635,r06-003-03-11 one
635,r06-003-04-00 day
635,r06-003-04-02 with
635,r06-003-04-03 the
635,r06-003-04-04 help
635,r06-003-04-05 of
635,r06-003-04-06 the
635,r06-003-04-10 we
635,r06-003-04-11 had
635,r06-003-04-12 been
635,r06-003-05-00 hunting
635,r06-003-05-01 for
635,r06-003-05-03 rooms
635,r06-003-05-05 and
635,r06-003-05-06 had
635,r06-003-05-07 given
635,r06-003-05-08 up
635,r06-003-05-10 when
635,r06-003-05-11 an
635,r06-003-06-00 elderly
635,r06-003-06-01 lady
635,r06-003-06-03 the
635,r06-003-06-04 owner
635,r06-003-06-05 of
635,r06-003-06-08 called
635,r06-003-06-09 the
635,r06-003-06-11 Nest
635,r06-003-07-00 had
635,r06-003-07-01 firmly
635,r06-003-07-02 closed
635,r06-003-07-03 the
635,r06-003-07-04 door
635,r06-003-07-05 in
635,r06-003-07-06 our
635,r06-003-07-07 noses
635,p06-248-00-00 The
635,p06-248-00-01 thought
635,p06-248-00-02 of
635,p06-248-00-04 haunted
635,p06-248-00-05 her
635,p06-248-00-07 the
635,p06-248-00-08 sense
635,p06-248-00-09 of
635,p06-248-01-00 loss
635,p06-248-01-03 Her
635,p06-248-01-05 comment
635,p06-248-01-06 roused
635,p06-248-01-07 her
635,p06-248-01-08 as
635,p06-248-02-00 he
635,p06-248-02-01 said
635,p06-248-02-05 was
635,p06-248-02-06 not
635,p06-248-02-07 talking
635,p06-248-02-08 of
635,p06-248-02-12 But
635,p06-248-03-00 presume
635,p06-248-03-01 we
635,p06-248-03-02 shall
635,p06-248-03-03 be
635,p06-248-03-04 allowed
635,p06-248-03-05 to
635,p06-248-03-06 have
635,p06-248-03-07 one
635,p06-248-03-08 or
635,p06-248-03-09 two
635,p06-248-04-00 of
635,p06-248-04-01 our
635,p06-248-04-02 friends
635,p06-248-04-03 at
635,p06-248-04-04 the
635,r06-022-00-00 This
635,r06-022-00-01 was
635,r06-022-00-02 strange
635,r06-022-00-04 even
635,r06-022-00-05 magic
635,r06-022-00-07 because
635,r06-022-00-08 the
635,r06-022-01-00 name
635,r06-022-01-01 was
635,r06-022-01-02 Pierre
635,r06-022-01-04 which
635,r06-022-01-06 in
635,r06-022-01-08 Italian
635,r06-022-01-09 means
635,r06-022-02-04 Pierre
635,r06-022-02-07 When
635,r06-022-02-08 we
635,r06-022-02-09 woke
635,r06-022-02-10 up
635,r06-022-02-12 it
635,r06-022-03-00 was
635,r06-022-03-01 raining
635,r06-022-03-03 an
635,r06-022-03-04 even
635,r06-022-03-07 rain
635,r06-022-03-08 than
635,r06-022-03-09 London
635,r06-022-03-11 and
635,r06-022-03-12 we
635,r06-022-04-00 looked
635,r06-022-04-01 out
635,r06-022-04-02 of
635,r06-022-04-03 the
635,r06-022-04-04 windows
635,r06-022-04-05 at
635,r06-022-04-06 the
635,r06-022-04-07 weeping
635,r06-022-04-08 trees
635,r06-022-04-09 and
635,r06-022-04-10 the
635,r06-022-05-00 curling
635,r06-022-05-01 white
635,r06-022-05-02 breath
635,r06-022-05-03 of
635,r06-022-05-04 the
635,r06-022-05-07 The
635,r06-022-05-08 land
635,r06-022-05-09 looked
635,r06-022-06-00 like
635,r06-022-06-02 beaten
635,r06-022-06-03 woman
635,r06-022-06-04 and
635,r06-022-06-05 the
635,r06-022-06-07 cried
635,r06-022-06-08 her
635,r06-022-07-00 shame
635,r06-000-00-00 Vence
635,r06-000-00-01 is
635,r06-000-00-03 sober
635,r06-000-00-04 spot
635,r06-000-00-06 half
635,r06-000-00-07 way
635,r06-000-00-08 between
635,r06-000-00-09 small
635,r06-000-01-00 town
635,r06-000-01-01 and
635,r06-000-01-02 village
635,r06-000-01-04 pigeon
635,r06-000-01-05 grey
635,r06-000-01-07 sly
635,r06-000-01-08 with
635,r06-000-01-09 arches
635,r06-000-01-11 and
635,r06-000-02-00 linked
635,r06-000-02-01 by
635,r06-000-02-04 plot
635,r06-000-02-05 of
635,r06-000-02-08 In
635,r06-000-02-09 the
635,r06-000-02-10 main
635,r06-000-03-01 square
635,r06-000-03-02 you
635,r06-000-03-03 can
635,r06-000-03-04 sit
635,r06-000-03-05 in
635,r06-000-03-06 the
635,r06-000-03-07 autumn
635,r06-000-04-02 still
635,r06-000-04-03 burning
635,r06-000-04-04 like
635,r06-000-04-07 iron
635,r06-000-05-00 sip
635,r06-000-05-01 pastis
635,r06-000-05-02 and
635,r06-000-05-03 read
635,r06-000-05-04 the
635,r06-000-05-05 local
635,r06-011-00-00 We
635,r06-011-00-01 went
635,r06-011-00-02 in
635,r06-011-00-04 There
635,r06-011-00-05 were
635,r06-011-00-07 few
635,r06-011-00-08 people
635,r06-011-00-09 in
635,r06-011-00-10 the
635,r06-011-00-11 bar
635,r06-011-01-00 elderly
635,r06-011-01-06 who
635,r06-011-01-08 you
635,r06-011-01-09 felt
635,r06-011-01-11 had
635,r06-011-01-12 made
635,r06-011-01-14 hard
635,r06-011-02-00 bargain
635,r06-011-02-01 for
635,r06-011-02-02 giving
635,r06-011-02-03 up
635,r06-011-02-07 have
635,r06-011-02-09 rooms
635,r06-011-02-12 said
635,r06-011-03-00 Pierre
635,r06-011-03-03 and
635,r06-011-03-04 all
635,r06-011-03-05 mod
635,r06-011-03-06 cons
635,r06-011-03-09 The
635,r06-011-03-10 price
635,r06-011-03-11 was
635,r06-011-03-13 francs
635,r06-011-04-00 month
635,r06-011-04-03 Yes
635,r06-011-04-06 we
635,r06-011-04-07 said
635,r06-011-04-10 even
635,r06-011-04-11 before
635,r06-011-04-12 viewing
635,r06-011-05-00 We
635,r06-011-05-01 were
635,r06-011-05-02 shown
635,r06-011-05-03 around
635,r06-011-05-04 by
635,r06-011-05-05 Pierre
635,r06-018-00-00 The
635,r06-018-00-01 flat
635,r06-018-00-02 was
635,r06-018-00-03 on
635,r06-018-00-04 the
635,r06-018-00-05 third
635,r06-018-00-06 floor
635,r06-018-00-08 two
635,r06-018-00-09 rooms
635,r06-018-00-11 soft
635,r06-018-01-01 view
635,r06-018-01-03 good
635,r06-018-01-06 and
635,r06-018-01-07 colour
635,r06-018-01-09 running
635,r06-018-02-00 hot
635,r06-018-02-01 water
635,r06-018-02-02 from
635,r06-018-02-03 Butagas
635,r06-018-02-05 for
635,r06-018-03-00 basin
635,r06-018-03-01 and
635,r06-018-03-02 bidet
635,r06-018-03-04 own
635,r06-018-03-05 private
635,r06-018-03-07 modern
635,r06-018-03-10 The
635,r06-018-04-00 first
635,r06-018-04-03 was
635,r06-018-04-04 like
635,r06-018-04-06 long
635,r06-018-05-00 We
635,r06-018-05-01 were
635,r06-018-05-02 woken
635,r06-018-05-03 up
635,r06-018-05-04 twice
635,r06-018-05-05 about
635,r06-018-05-06 dawn
635,r06-018-05-07 by
635,r06-018-05-09 soft
635,r06-018-06-01 of
635,p06-242-00-00 Philip
635,p06-242-00-04 It
635,p06-242-00-05 was
635,p06-242-00-06 never
635,p06-242-00-07 our
635,p06-242-01-00 to
635,p06-242-01-01 have
635,p06-242-01-02 one
635,p06-242-01-03 of
635,p06-242-01-04 those
635,p06-242-01-06 affairs
635,p06-242-01-09 he
635,p06-242-02-01 and
635,p06-242-02-02 in
635,p06-242-02-03 that
635,p06-242-02-04 second
635,p06-242-02-06 he
635,p06-242-02-07 became
635,p06-242-02-08 the
635,p06-242-02-09 man
635,p06-242-02-10 of
635,p06-242-03-00 success
635,p06-242-03-04 Sandra
635,p06-242-03-05 watched
635,p06-242-03-06 her
635,p06-242-04-00 face
635,p06-242-04-01 pale
635,p06-242-04-03 Philip
635,p06-242-04-05 she
635,p06-242-04-06 knew
635,p06-242-04-08 got
635,p06-242-04-09 on
635,p06-242-04-10 his
635,p06-242-04-11 nerves
635,p06-242-04-13 but
635,p06-242-05-01 had
635,p06-242-05-02 gone
635,p06-242-05-03 over
635,p06-242-05-04 her
635,p06-242-05-05 head
635,p06-242-05-07 It
635,p06-242-05-09 really
635,p06-242-06-00 matter
635,p06-242-06-01 what
635,p06-242-06-02 was
635,p06-242-06-03 being
635,p06-242-06-04 said
635,p06-242-06-05 because
635,p06-242-06-06 she
635,p06-242-06-07 was
635,p06-242-07-00 no
635,p06-242-07-01 longer
635,p06-242-07-03 part
635,p06-242-07-04 of
635,p06-242-07-05 it
635,r06-007-00-01 It
635,r06-007-00-02 is
635,r06-007-00-04 pity
635,r06-007-00-07 said
635,r06-007-00-08 Mart
635,r06-007-00-11 because
635,r06-007-00-12 it
635,r06-007-00-13 would
635,r06-007-00-14 have
635,r06-007-00-15 been
635,r06-007-01-01 good
635,r06-007-01-02 address
635,r06-007-01-05 Now
635,r06-007-01-07 after
635,r06-007-01-10 radar
635,r06-007-01-11 look
635,r06-007-02-00 she
635,r06-007-02-01 decided
635,r06-007-02-02 Pierre
635,r06-007-02-03 would
635,r06-007-02-04 solve
635,r06-007-02-05 our
635,r06-007-02-08 This
635,r06-007-03-00 was
635,r06-007-03-01 true
635,r06-007-03-03 Pierre
635,r06-007-03-04 was
635,r06-007-03-06 true
635,r06-007-03-09 thin
635,r06-007-03-10 and
635,r06-007-04-00 yellow
635,r06-007-04-01 as
635,r06-007-04-02 lemon
635,r06-007-04-03 peel
635,r06-007-04-06 with
635,r06-007-04-07 some
635,r06-007-04-08 gnawing
635,r06-007-04-09 rat
635,r06-007-05-00 of
635,r06-007-05-01 an
635,r06-007-05-02 illness
635,r06-007-05-04 man
635,r06-007-05-05 of
635,r06-007-05-06 all
635,r06-007-05-07 trades
635,r06-007-05-09 married
635,r06-007-05-10 to
635,r06-007-06-00 lady
635,r06-007-06-01 who
635,r06-007-06-02 loved
635,r06-007-06-03 small
635,r06-007-06-04 talk
635,r06-007-06-05 and
635,r06-007-06-06 the
635,r06-007-07-01 of
635,r06-007-07-02 money
635,r06-143-00-00 In
635,r06-143-00-01 the
635,r06-143-00-02 train
635,r06-143-00-03 going
635,r06-143-00-04 back
635,r06-143-00-05 to
635,r06-143-00-06 London
635,r06-143-00-08 sat
635,r06-143-01-00 beside
635,r06-143-01-04 She
635,r06-143-01-05 had
635,r06-143-01-06 the
635,r06-143-01-07 stories
635,r06-143-01-08 open
635,r06-143-02-00 in
635,r06-143-02-01 front
635,r06-143-02-02 of
635,r06-143-02-03 her
635,r06-143-02-05 but
635,r06-143-02-06 she
635,r06-143-02-07 said
635,r06-143-02-10 Philip
635,r06-143-02-12 awfully
635,r06-143-02-13 lucky
635,r06-143-03-01 wish
635,r06-143-03-03 went
635,r06-143-03-04 to
635,r06-143-03-05 that
635,r06-143-03-06 school
635,r06-143-03-08 Did
635,r06-143-03-09 you
635,r06-143-03-10 notice
635,r06-143-04-00 that
635,r06-143-04-01 girl
635,r06-143-04-02 who
635,r06-143-04-03 said
635,r06-143-04-04 hullo
635,r06-143-04-05 to
635,r06-143-04-06 him
635,r06-143-04-07 in
635,r06-143-04-08 the
635,r06-143-04-09 garden
