082,a06-110-00-02 when
082,a06-110-01-02 said
082,a06-110-01-03 he
082,a06-110-01-04 had
082,a06-110-01-05 been
082,a06-110-02-00 told
082,a06-110-02-01 this
082,a06-110-02-03 by
082,a06-110-02-04 some
082,a06-110-02-06 people
082,a06-110-03-00 of
082,a06-110-03-05 he
082,a06-110-04-04 agree
082,a06-110-04-05 with
082,a06-110-04-06 the
082,a06-110-04-07 Prime
082,a06-110-05-01 that
082,a06-110-05-03 do
082,a06-110-05-04 not
082,a06-110-05-05 think
082,a06-110-06-00 we
082,a06-110-06-01 are
082,a06-110-06-03 bound
082,a06-110-06-04 for
082,a06-110-07-01 in
082,a06-110-07-02 Europe
082,a06-110-07-05 he
082,a06-110-07-06 went
082,a06-110-08-00 on
