268,f03-174-00-00 So
268,f03-174-00-02 see
268,f03-174-00-03 the
268,f03-174-00-04 next
268,f03-174-00-05 page
268,f03-174-00-07 Yes
268,f03-174-00-09 they
268,f03-174-00-10 are
268,f03-174-00-11 waiting
268,f03-174-00-12 for
268,f03-174-00-13 you
268,f03-174-01-00 But
268,f03-174-01-01 there
268,f03-174-01-02 is
268,f03-174-01-03 no
268,f03-174-01-04 need
268,f03-174-01-05 to
268,f03-174-01-06 be
268,f03-174-01-09 The
268,f03-174-02-00 will
268,f03-174-02-01 eat
268,f03-174-02-02 out
268,f03-174-02-03 of
268,f03-174-02-04 your
268,f03-174-02-05 hand
268,f03-174-02-07 if
268,f03-174-02-08 they
268,f03-174-02-09 like
268,f03-174-02-10 what
268,f03-174-03-00 you
268,f03-174-03-01 offer
268,f03-174-03-02 them
268,f03-174-03-05 good
268,f03-174-03-06 start
268,f03-174-03-07 will
268,f03-174-03-08 put
268,f03-174-03-09 them
268,f03-174-03-10 in
268,f03-174-04-00 good
268,f03-174-04-01 humour
268,f03-174-04-03 Ladies
268,f03-174-04-04 and
268,f03-174-04-09 afraid
268,f03-174-05-01 have
268,f03-174-05-02 not
268,f03-174-05-03 had
268,f03-174-05-04 much
268,f03-174-05-06 of
268,f03-174-05-07 public
