665,r03-084-00-02 afraid
665,r03-084-00-03 we
665,r03-084-00-05 take
665,r03-084-00-06 yours
665,r03-084-00-07 into
665,r03-084-00-08 account
665,r03-084-01-00 at
665,r03-084-01-01 all
665,r03-084-01-03 It
665,r03-084-01-06 rule
665,r03-084-01-07 of
665,r03-084-01-09 You
665,r03-084-01-10 see
665,r03-084-01-12 you
665,r03-084-02-00 might
665,r03-084-02-01 stop
665,r03-084-02-02 work
665,r03-084-02-03 to
665,r03-084-02-04 have
665,r03-084-02-06 well
665,r03-084-02-08 for
665,r03-084-02-09 all
665,r03-084-02-10 sorts
665,r03-084-02-11 of
665,r03-084-03-00 reasons
665,r03-084-03-02 or
665,r03-084-03-03 you
665,r03-084-03-04 might
665,r03-084-03-05 leave
665,r03-084-03-06 him
665,r03-084-03-10 But
665,r03-084-03-11 how
665,r03-084-04-00 utterly
665,r03-084-04-04 said
665,r03-084-04-05 Serena
665,r03-084-04-06 angrily
665,r03-084-05-01 you
665,r03-084-05-02 must
665,r03-084-05-03 be
665,r03-084-05-04 living
665,r03-084-05-05 in
665,r03-084-05-06 the
665,r03-084-05-08 century
665,r03-084-06-01 Oh
665,r03-084-06-03 but
665,r03-084-06-04 it
665,r03-084-06-07 very
665,r03-084-06-08 general
665,r03-084-06-09 rule
665,r03-084-06-12 Buttery
665,r03-084-07-00 you
665,r03-084-07-02 find
665,r03-084-07-03 that
665,r03-084-07-04 no
665,r03-084-08-00 or
665,r03-084-08-04 for
665,r03-084-08-05 that
665,r03-084-08-06 matter
665,r03-084-08-08 will
665,r03-084-09-00 allow
665,r03-084-09-01 for
665,r03-084-09-02 the
