561,n02-028-00-00 Jack
561,n02-028-00-01 and
561,n02-028-00-02 Blanche
561,n02-028-00-03 were
561,n02-028-00-04 quick
561,n02-028-00-05 to
561,n02-028-00-08 and
561,n02-028-00-09 to
561,n02-028-01-00 express
561,n02-028-01-01 their
561,n02-028-01-02 disgust
561,n02-028-01-03 at
561,n02-028-01-04 Sir
561,n02-028-02-00 of
561,n02-028-02-01 his
561,n02-028-02-02 guests
561,n02-028-02-04 But
561,n02-028-02-05 Piers
561,n02-028-02-07 aloof
561,n02-028-02-09 and
561,n02-028-02-10 when
561,n02-028-02-11 Beryl
561,n02-028-03-01 having
561,n02-028-03-03 second
561,n02-028-03-04 party
561,n02-028-03-06 the
561,n02-028-03-08 week
561,n02-028-03-10 he
561,n02-028-04-00 poured
561,n02-028-04-01 cold
561,n02-028-04-02 water
561,n02-028-04-03 on
561,n02-028-04-04 the
561,n02-028-04-05 project
561,n02-028-04-09 he
561,n02-028-05-00 had
561,n02-028-05-01 had
561,n02-028-05-04 good
561,n02-028-05-05 time
561,n02-028-05-07 and
561,n02-028-05-08 it
561,n02-028-05-09 would
561,n02-028-05-10 take
561,n02-028-05-11 them
561,n02-028-06-00 nearly
561,n02-028-06-01 to
561,n02-028-06-02 next
561,n02-028-06-03 week
561,n02-028-06-04 to
561,n02-028-06-05 settle
561,n02-028-06-06 down
561,n02-028-06-07 again
561,n02-028-07-00 Hubert
561,n02-028-07-01 would
561,n02-028-07-02 have
561,n02-028-07-03 betaken
561,n02-028-07-04 himself
561,n02-028-07-05 and
561,n02-028-07-06 his
561,n02-028-08-00 earned
561,n02-028-08-02 to
561,n02-028-08-03 his
561,n02-028-08-04 native
561,n02-028-08-05 village
561,n02-028-08-06 at
561,n02-028-08-07 the
561,n02-028-09-00 north
561,n02-028-09-01 of
561,n02-028-09-02 the
561,n02-028-09-03 island
561,n02-049-00-01 It
561,n02-049-00-03 your
561,n02-049-00-06 that
561,n02-049-00-07 riles
561,n02-049-00-08 me
561,n02-049-00-11 Beryl
561,n02-049-00-12 was
561,n02-049-01-00 scarlet
561,n02-049-01-01 with
561,n02-049-01-05 How
561,n02-049-01-08 to
561,n02-049-01-09 be
561,n02-049-02-00 at
561,n02-049-02-01 Balicou
561,n02-049-02-04 you
561,n02-049-02-05 in
561,n02-049-02-06 the
561,n02-049-02-08 degree
561,n02-049-02-10 You
561,n02-049-03-00 look
561,n02-049-03-01 as
561,n02-049-03-02 though
561,n02-049-03-03 it
561,n02-049-03-04 was
561,n02-049-03-05 only
561,n02-049-03-06 what
561,n02-049-03-07 you
561,n02-049-03-09 of
561,n02-049-03-10 me
561,n02-049-04-00 as
561,n02-049-04-01 though
561,n02-049-04-04 care
561,n02-049-04-06 hoot
561,n02-049-04-07 about
561,n02-049-04-08 letting
561,n02-049-04-09 Hubert
561,n02-049-05-00 and
561,n02-049-05-01 his
561,n02-049-05-02 pals
561,n02-049-05-03 down
