190,d04-058-00-00 And
190,d04-058-00-01 you
190,d04-058-00-02 serve
190,d04-058-00-03 Mammon
190,d04-058-00-04 and
190,d04-058-00-05 God
190,d04-058-00-07 And
190,d04-058-00-08 you
190,d04-058-00-09 cannot
190,d04-058-00-10 serve
190,d04-058-01-00 two
190,d04-058-01-01 masters
190,d04-058-01-03 and
190,d04-058-01-04 you
190,d04-058-01-05 worship
190,d04-058-02-02 under
190,d04-058-02-03 such
190,d04-058-02-05 the
190,d04-058-02-06 goods
190,d04-058-02-07 are
190,d04-058-02-08 your
190,d04-058-02-09 gods
190,d04-058-03-01 And
190,d04-058-03-02 then
190,d04-058-03-03 the
190,d04-058-03-05 wrath
190,d04-058-03-06 be
190,d04-058-03-07 kindled
190,d04-058-03-08 against
190,d04-058-03-09 you
190,d04-058-03-11 and
190,d04-058-03-12 he
190,d04-058-04-00 shut
190,d04-058-04-01 up
190,d04-058-04-02 the
190,d04-058-04-03 heavens
190,d04-058-04-05 that
190,d04-058-04-06 there
190,d04-058-04-07 is
190,d04-058-04-08 no
190,d04-058-04-09 rain
190,d04-058-04-11 and
190,d04-058-04-12 that
190,d04-058-04-13 the
190,d04-058-04-14 land
190,d04-058-05-00 yield
190,d04-058-05-01 not
190,d04-058-05-02 her
190,d04-058-05-03 fruit
190,d04-058-05-04 and
190,d04-058-05-05 lest
190,d04-058-05-07 perish
190,d04-058-05-08 quickly
190,d04-058-05-09 from
190,d04-058-05-10 off
190,d04-058-05-11 the
190,d04-058-06-00 good
190,d04-058-06-01 land
190,d04-058-06-02 which
190,d04-058-06-03 the
190,d04-058-06-04 Lord
190,d04-058-06-06 you
190,d04-062-00-00 For
190,d04-062-00-01 without
190,d04-062-00-02 the
190,d04-062-00-03 vision
190,d04-062-00-04 to
190,d04-062-00-05 serve
190,d04-062-00-06 the
190,d04-062-00-07 Lord
190,d04-062-00-08 your
190,d04-062-00-09 God
190,d04-062-00-10 with
190,d04-062-00-11 all
190,d04-062-01-00 your
190,d04-062-01-01 heart
190,d04-062-01-02 and
190,d04-062-01-03 with
190,d04-062-01-04 all
190,d04-062-01-05 your
190,d04-062-01-06 soul
190,d04-062-01-07 and
190,d04-062-01-08 with
190,d04-062-01-09 all
190,d04-062-01-10 your
190,d04-062-01-11 might
190,d04-062-02-00 the
190,d04-062-02-01 problem
190,d04-062-02-02 of
190,d04-062-02-03 life
190,d04-062-02-04 cannot
190,d04-062-02-05 be
190,d04-062-02-06 solved
190,d04-062-02-10 shall
190,d04-062-02-12 lay
190,d04-062-03-00 up
190,d04-062-03-01 these
190,d04-062-03-02 my
190,d04-062-03-03 words
190,d04-062-03-04 in
190,d04-062-03-05 your
190,d04-062-03-06 heart
190,d04-062-03-07 and
190,d04-062-03-08 in
190,d04-062-03-09 your
190,d04-062-03-10 soul
190,d04-062-03-13 The
190,d04-062-03-14 text
190,d04-062-04-00 adds
190,d04-062-04-01 and
190,d04-062-04-02 in
190,d04-062-04-03 your
190,d04-062-04-04 soul
190,d04-062-04-07 your
190,d04-062-04-08 soul
