215,e01-102-00-01 that
215,e01-102-00-02 texture
215,e01-102-00-03 plays
215,e01-102-00-04 an
215,e01-102-00-06 part
215,e01-102-00-07 in
215,e01-102-01-00 the
215,e01-102-01-01 beauty
215,e01-102-01-02 of
215,e01-102-01-03 crochet
215,e01-102-01-05 The
215,e01-102-01-06 finer
215,e01-102-01-08 threads
215,e01-102-02-00 are
215,e01-102-02-01 more
215,e01-102-02-03 for
215,e01-102-02-04 the
215,e01-102-02-06 designs
215,e01-102-02-07 used
215,e01-102-02-08 for
215,e01-102-03-02 doilies
215,e01-102-03-04 edgings
215,e01-102-03-05 and
215,e01-102-03-08 while
215,e01-102-04-00 the
215,e01-102-04-01 heavier
215,e01-102-04-02 threads
215,e01-102-04-03 are
215,e01-102-04-04 used
215,e01-102-04-05 for
215,e01-102-05-03 mats
215,e01-102-05-06 Crochet
215,e01-102-05-07 hooks
215,e01-102-06-00 are
215,e01-102-06-01 made
215,e01-102-06-02 of
215,e01-102-06-03 steel
215,e01-102-06-06 or
215,e01-102-06-07 bone
215,e01-102-06-09 Steel
215,e01-102-07-00 crochet
215,e01-102-07-01 hooks
215,e01-102-07-02 range
215,e01-102-07-03 in
215,e01-102-07-04 size
215,e01-102-07-05 from
215,e01-102-07-06 number
215,e01-102-08-00 the
215,e01-102-08-01 largest
215,e01-102-08-03 to
215,e01-102-08-04 number
215,e01-102-08-07 the
215,e01-092-00-00 Oversew
215,e01-092-00-01 crochet
215,e01-092-00-02 to
215,e01-092-00-03 the
215,e01-092-00-07 word
215,e01-092-01-00 Coats
215,e01-092-01-04 which
215,e01-092-02-00 are
215,e01-092-02-01 of
215,e01-092-02-02 the
215,e01-092-02-03 utmost
215,e01-092-02-05 to
215,e01-092-02-06 the
215,e01-092-02-07 worker
215,e01-092-03-00 It
215,e01-092-03-01 washes
215,e01-092-03-04 never
215,e01-092-03-05 loses
215,e01-092-03-06 its
215,e01-092-03-07 colour
215,e01-092-04-00 nor
215,e01-092-04-01 becomes
215,e01-092-04-03 stringy
215,e01-092-04-06 is
215,e01-092-04-07 very
215,e01-092-04-08 elastic
215,e01-092-04-09 and
215,e01-092-05-01 the
215,e01-092-05-02 beauty
215,e01-092-05-03 of
215,e01-092-05-04 the
215,e01-092-05-05 design
215,e01-092-05-07 It
215,e01-092-05-08 is
215,e01-092-05-09 easy
215,e01-092-06-00 to
215,e01-092-06-01 work
215,e01-092-06-02 with
215,e01-092-06-04 soft
215,e01-092-06-06 glossy
215,e01-092-06-07 and
215,e01-092-06-08 of
215,e01-092-06-09 uniform
215,e01-092-07-02 it
215,e01-092-07-03 is
215,e01-092-07-04 the
215,e01-092-07-05 ideal
215,e01-092-07-06 crochet
215,e01-092-07-07 thread
