574,n03-079-00-00 When
574,n03-079-00-01 the
574,n03-079-00-02 wind
574,n03-079-00-03 was
574,n03-079-00-04 on
574,n03-079-00-06 rampage
574,n03-079-00-08 as
574,n03-079-00-09 it
574,n03-079-00-10 was
574,n03-079-01-00 now
574,n03-079-01-02 it
574,n03-079-01-03 could
574,n03-079-01-04 kick
574,n03-079-01-05 up
574,n03-079-02-00 where
574,n03-079-02-01 it
574,n03-079-02-02 had
574,n03-079-02-05 blow
574,n03-079-02-06 of
574,n03-079-02-07 eight
574,n03-079-02-08 miles
574,n03-079-03-00 down
574,n03-079-03-01 the
574,n03-079-03-02 lake
574,n03-079-03-05 Big
574,n03-079-03-06 blow
574,n03-079-03-08 Judge
574,n03-079-04-00 marked
574,n03-079-04-01 Willie
574,n03-079-04-02 Kim
574,n03-079-04-03 as
574,n03-079-04-04 the
574,n03-079-04-05 wind
574,n03-079-05-00 out
574,n03-079-05-01 and
574,n03-079-05-02 sucked
574,n03-079-05-03 in
574,n03-079-05-04 his
574,n03-079-05-05 baggy
574,n03-079-05-06 black
574,n03-079-06-00 blouse
574,n03-079-06-01 and
