296,g01-012-00-00 When
296,g01-012-00-01 all
296,g01-012-00-02 seemed
296,g01-012-00-03 to
296,g01-012-00-04 be
296,g01-012-00-05 going
296,g01-012-00-06 well
296,g01-012-00-09 sortie
296,g01-012-01-00 moment
296,g01-012-01-01 had
296,g01-012-01-02 charge
296,g01-012-01-03 of
296,g01-012-01-04 the
296,g01-012-01-05 mine
296,g01-012-01-07 the
296,g01-012-01-08 mine
296,g01-012-02-00 fame
296,g01-012-02-01 and
296,g01-012-02-02 glory
296,g01-012-02-04 Gaunt
296,g01-012-02-05 was
296,g01-012-02-07 to
296,g01-012-02-08 return
296,g01-012-03-00 even
296,g01-012-03-02 failure
296,g01-012-03-04 The
296,g01-012-03-06 ribald
296,g01-012-03-10 who
296,g01-012-04-00 Hawley
296,g01-012-04-02 were
296,g01-012-04-03 also
296,g01-012-04-05 their
296,g01-012-05-01 the
296,g01-012-05-02 failure
296,g01-012-05-03 of
296,g01-012-05-06 duke
296,g01-012-06-00 citizen
296,g01-016-00-00 These
296,g01-016-00-01 dreary
296,g01-016-00-02 years
296,g01-016-00-03 of
296,g01-016-00-06 provide
296,g01-016-01-00 obvious
296,g01-016-01-01 morals
296,g01-016-01-02 for
296,g01-016-01-03 those
296,g01-016-01-04 who
296,g01-016-01-05 are
296,g01-016-01-06 judges
296,g01-016-01-07 long
296,g01-016-02-00 after
296,g01-016-02-01 the
296,g01-016-02-02 event
296,g01-016-02-04 It
296,g01-016-02-05 seems
296,g01-016-02-06 obvious
296,g01-016-02-07 that
296,g01-016-02-09 though
296,g01-016-03-00 the
296,g01-016-03-02 of
296,g01-016-03-03 yeomen
296,g01-016-03-04 could
296,g01-016-03-05 pierce
296,g01-016-03-06 the
296,g01-016-04-00 plate
296,g01-016-04-01 and
296,g01-016-04-02 mail
296,g01-016-04-03 of
296,g01-016-04-04 French
296,g01-016-04-05 knights
296,g01-016-05-00 battle
296,g01-016-05-01 was
296,g01-016-05-02 no
296,g01-016-05-04 for
296,g01-016-05-06 sound
296,g01-016-05-07 policy
296,g01-016-06-00 and
296,g01-016-06-01 that
296,g01-016-06-03 if
296,g01-016-06-04 archers
296,g01-016-06-05 had
296,g01-016-06-06 no
296,g01-016-06-07 target
296,g01-016-07-00 became
296,g01-016-07-01 mere
296,g01-016-07-03 route
296,g01-016-07-04 marches
296,g01-019-00-00 It
296,g01-019-00-01 seems
296,g01-019-00-02 obvious
296,g01-019-00-03 that
296,g01-019-00-04 if
296,g01-019-00-05 an
296,g01-019-00-07 to
296,g01-019-01-01 was
296,g01-019-01-03 to
296,g01-019-01-04 attack
296,g01-019-01-05 via
296,g01-019-01-06 Calais
296,g01-019-02-00 then
296,g01-019-02-01 the
296,g01-019-02-02 primary
296,g01-019-02-04 to
296,g01-019-02-05 the
296,g01-019-02-06 success
296,g01-019-03-00 of
296,g01-019-03-01 the
296,g01-019-03-02 French
296,g01-019-03-03 war
296,g01-019-03-04 was
296,g01-019-03-06 navy
296,g01-019-03-07 in
296,g01-019-04-00 command
296,g01-019-04-01 of
296,g01-019-04-02 the
296,g01-019-04-03 Channel
296,g01-019-04-05 It
296,g01-019-04-06 seems
296,g01-019-04-07 obvious
296,g01-019-05-00 that
296,g01-019-05-01 divided
296,g01-019-05-02 forces
296,g01-019-05-03 were
296,g01-019-05-05 the
296,g01-019-06-01 of
296,g01-019-06-03 ring
296,g01-019-06-04 of
296,g01-019-06-06 which
296,g01-019-07-00 Calais
296,g01-019-07-04 Brest
296,g01-019-07-07 and
296,g01-019-07-08 Bayonne
296,g01-019-08-00 and
296,g01-019-08-01 that
296,g01-019-08-02 there
296,g01-019-08-03 was
296,g01-019-08-04 no
296,g01-019-08-05 hope
296,g01-019-08-06 of
296,g01-019-08-07 final
296,g01-019-08-08 victory
296,g01-019-09-00 without
296,g01-019-09-03 and
