613,p03-009-00-01 If
613,p03-009-00-03 were
613,p03-009-00-05 tramp
613,p03-009-00-07 would
613,p03-009-00-08 simply
613,p03-009-00-09 blow
613,p03-009-01-00 feather
613,p03-009-01-03 she
613,p03-009-01-04 decided
613,p03-009-01-06 rather
613,p03-009-01-07 envying
613,p03-009-01-08 the
613,p03-009-02-00 man
613,p03-009-02-01 of
613,p03-009-02-02 the
613,p03-009-02-03 road
613,p03-009-02-04 his
613,p03-009-02-05 freedom
613,p03-009-02-06 of
613,p03-009-02-09 and
613,p03-009-03-00 wishing
613,p03-009-03-01 life
613,p03-009-03-02 would
613,p03-009-03-04 allow
613,p03-009-04-00 women
613,p03-009-04-01 doctors
613,p03-009-04-02 to
613,p03-009-04-03 blow
613,p03-009-04-05 feather
613,p03-009-04-06 and
613,p03-009-04-07 follow
613,p03-009-04-08 its
613,p03-009-05-00 airy
613,p03-009-05-05 If
613,p03-009-05-07 were
613,p03-009-05-08 needing
613,p03-009-06-00 job
613,p03-009-06-03 go
613,p03-009-06-04 to
613,p03-009-06-05 London
613,p03-009-06-07 of
613,p03-009-06-08 course
613,p03-009-06-11 she
613,p03-009-06-12 went
613,p03-009-06-13 on
