186,d04-021-00-00 The
186,d04-021-00-01 action
186,d04-021-00-02 of
186,d04-021-00-03 the
186,d04-021-00-04 Shamir
186,d04-021-00-05 writes
186,d04-021-00-06 books
186,d04-021-00-07 and
186,d04-021-00-08 their
186,d04-021-01-00 books
186,d04-021-01-01 are
186,d04-021-01-04 This
186,d04-021-01-05 Shamir
186,d04-021-01-06 is
186,d04-021-01-07 indeed
186,d04-021-01-09 rare
186,d04-021-02-00 diamond
186,d04-021-02-01 that
186,d04-021-02-02 incises
186,d04-021-02-03 the
186,d04-021-02-04 hardest
186,d04-021-02-05 rock
186,d04-021-02-07 the
186,d04-021-02-08 hardest
186,d04-021-03-00 facts
186,d04-021-03-02 And
186,d04-021-03-03 these
186,d04-021-03-05 existed
186,d04-021-03-06 from
186,d04-021-03-07 the
186,d04-021-04-02 It
186,d04-021-04-03 is
186,d04-021-04-05 the
186,d04-021-04-06 stone
186,d04-021-04-08 which
186,d04-021-04-09 the
186,d04-021-05-00 refused
186,d04-021-05-02 but
186,d04-021-05-03 it
186,d04-021-05-04 is
186,d04-021-05-05 to
186,d04-021-05-06 become
186,d04-021-05-07 the
186,d04-021-06-00 of
186,d04-021-06-01 the
186,d04-021-06-02 corner
186,d04-021-06-12 And
186,d04-021-06-13 the
186,d04-021-06-14 stone
186,d04-021-06-15 shall
186,d04-021-07-00 tell
186,d04-028-00-01 For
186,d04-028-00-02 the
186,d04-028-00-03 stone
186,d04-028-00-04 shall
186,d04-028-00-05 cry
186,d04-028-00-06 out
186,d04-028-00-07 of
186,d04-028-00-08 the
186,d04-028-00-09 wall
186,d04-028-00-12 like
186,d04-028-01-01 ass
186,d04-028-01-04 and
186,d04-028-01-05 the
186,d04-028-01-06 purlin
186,d04-028-01-07 of
186,d04-028-01-08 timber
186,d04-028-01-09 shall
186,d04-028-02-00 creak
186,d04-028-02-01 in
186,d04-028-02-02 answer
186,d04-028-02-05 if
186,d04-028-02-06 the
186,d04-028-02-07 roof
186,d04-028-02-08 of
186,d04-028-02-09 our
186,d04-028-02-11 is
186,d04-028-03-01 our
186,d04-028-03-02 soul
186,d04-028-03-05 see
186,d04-028-03-12 And
186,d04-028-03-13 it
186,d04-028-03-14 is
186,d04-028-04-00 through
186,d04-028-04-01 the
186,d04-028-04-02 Shamir
186,d04-028-04-05 That
186,d04-028-04-06 the
186,d04-028-04-07 earth
186,d04-028-04-08 shall
186,d04-028-04-09 be
186,d04-028-05-00 filled
186,d04-028-05-01 with
186,d04-028-05-02 the
186,d04-028-05-04 of
186,d04-028-05-05 the
186,d04-028-05-06 Glory
186,d04-028-05-07 of
186,d04-028-05-08 the
186,d04-028-06-00 Lord
186,d04-028-06-02 as
186,d04-028-06-03 the
186,d04-028-06-04 waters
186,d04-028-06-05 cover
186,d04-028-06-06 the
186,d04-028-06-07 sea
