544,m04-000-00-00 NO
544,m04-000-00-01 ONE
544,m04-000-00-02 has
544,m04-000-00-03 ever
544,m04-000-00-06 how
544,m04-000-01-01 Welsh
544,m04-000-01-02 bus
544,m04-000-01-03 could
544,m04-000-01-04 have
544,m04-000-01-05 got
544,m04-000-02-00 itself
544,m04-000-02-01 into
544,m04-000-02-02 orbit
544,m04-000-02-05 up
544,m04-000-02-06 over
544,m04-000-02-07 the
544,m04-000-02-08 pass
544,m04-000-02-10 bit
544,m04-000-03-00 too
544,m04-000-03-03 and
544,m04-000-04-00 Caught
544,m04-000-04-01 by
544,m04-000-04-03 sudden
544,m04-000-04-04 gust
544,m04-000-04-05 of
544,m04-000-04-06 wind
544,m04-000-05-01 of
544,m04-000-05-02 the
544,m04-000-05-03 two
544,m04-000-05-05 No
544,m04-000-05-06 one
544,m04-000-05-07 seems
544,m04-000-06-00 to
544,m04-000-06-01 know
544,m04-000-06-03 But
544,m04-000-06-04 the
544,m04-000-06-05 fact
544,m04-000-06-06 remains
544,m04-000-06-07 that
544,m04-000-06-08 get
544,m04-000-07-00 itself
544,m04-000-07-01 into
544,m04-000-07-02 orbit
544,m04-000-07-03 it
544,m04-000-07-04 did
544,m04-007-00-00 And
544,m04-007-00-02 fine
544,m04-007-00-03 old
544,m04-007-00-04 fuss
544,m04-007-00-05 there
544,m04-007-00-06 was
544,m04-007-00-07 about
544,m04-007-00-08 it
544,m04-007-00-10 too
544,m04-007-01-00 Here
544,m04-007-01-01 are
544,m04-007-01-02 the
544,m04-007-01-03 known
544,m04-007-01-04 facts
544,m04-007-01-06 On
544,m04-007-01-08 July
544,m04-007-02-00 the
544,m04-007-02-01 bus
544,m04-007-02-03 the
544,m04-007-02-05 from
544,m04-007-02-06 Dinas
544,m04-007-02-07 to
544,m04-007-03-00 left
544,m04-007-03-01 Dinas
544,m04-007-03-02 at
544,m04-007-03-04 as
544,m04-007-03-05 usual
544,m04-007-04-00 Aboard
544,m04-007-04-02 apart
544,m04-007-04-03 from
544,m04-007-04-04 the
544,m04-007-04-05 crew
544,m04-007-04-07 were
544,m04-007-04-09 Megan
544,m04-007-05-00 Thomas
544,m04-007-05-01 and
544,m04-007-05-02 her
544,m04-007-05-04 son
544,m04-007-06-00 pretty
544,m04-007-06-01 little
544,m04-007-06-02 Morfydd
544,m04-007-06-03 Owen
544,m04-007-06-06 Stanley
544,m04-007-06-07 Hayball
544,m04-007-07-00 and
544,m04-007-07-01 Miss
544,m04-007-07-02 Ethel
544,m04-007-07-03 Yates
544,m04-007-07-05 hikers
544,m04-007-07-06 from
544,m04-007-08-02 Price
544,m04-007-08-03 the
544,m04-007-08-06 and
544,m04-007-08-07 the
544,m04-007-09-01 Edwards
544,m04-012-00-00 Yes
544,m04-012-00-02 the
544,m04-012-00-03 bus
544,m04-012-00-04 set
544,m04-012-00-05 out
544,m04-012-00-06 from
544,m04-012-00-07 Dinas
544,m04-012-00-09 So
544,m04-012-00-10 much
544,m04-012-01-00 is
544,m04-012-01-03 Ifor
544,m04-012-01-04 Huw
544,m04-012-01-05 Evans
544,m04-012-02-00 watched
544,m04-012-02-01 it
544,m04-012-02-02 go
544,m04-012-02-03 from
544,m04-012-02-04 the
544,m04-012-02-05 windows
544,m04-012-02-06 of
544,m04-012-02-07 the
544,m04-012-03-00 Dinas
544,m04-012-03-01 Motor
544,m04-012-03-02 Omnibus
544,m04-012-03-04 Very
544,m04-012-04-00 Ifor
544,m04-012-04-01 was
544,m04-012-04-03 For
544,m04-012-04-04 there
544,m04-012-04-05 was
544,m04-012-04-06 his
544,m04-012-04-07 garage
544,m04-012-04-08 hand
544,m04-012-05-00 Dai
544,m04-012-05-01 Pugh
544,m04-012-05-03 taking
544,m04-012-05-05 tearful
544,m04-012-05-07 of
544,m04-012-06-00 Morfydd
544,m04-012-06-01 Owen
544,m04-012-06-03 Morfydd
544,m04-012-06-05 who
544,m04-012-06-06 had
544,m04-012-06-07 until
544,m04-012-07-01 been
544,m04-012-07-03 typist
544,m04-012-07-05 but
544,m04-012-07-06 was
544,m04-012-07-07 now
544,m04-012-08-01 to
544,m04-012-08-02 her
544,m04-012-08-03 home
544,m04-012-08-04 town
544,m04-012-08-05 as
544,m04-019-00-01 But
544,m04-019-00-04 only
544,m04-019-00-05 going
544,m04-019-00-06 fifteen
544,m04-019-00-07 miles
544,m04-019-00-08 away
544,m04-019-01-00 Morfydd
544,m04-019-01-01 was
544,m04-019-01-02 saying
544,m04-019-01-05 Not
544,m04-019-01-06 the
544,m04-019-01-07 end
544,m04-019-01-08 of
544,m04-019-02-00 the
544,m04-019-02-01 world
544,m04-019-02-03 is
544,m04-019-02-04 it
544,m04-019-02-08 For
544,m04-019-02-09 me
544,m04-019-02-10 it
544,m04-019-02-11 is
544,m04-019-02-14 Dai
544,m04-019-03-00 said
544,m04-019-03-03 wiping
544,m04-019-03-04 his
544,m04-019-03-05 hands
544,m04-019-03-06 on
544,m04-019-03-07 his
544,m04-019-04-02 to
544,m04-019-04-04 last
544,m04-019-04-05 embrace
544,m04-019-04-08 You
544,m04-019-05-00 will
544,m04-019-05-01 not
544,m04-019-05-02 be
544,m04-019-05-05 mere
544,m04-019-05-06 garage
544,m04-019-06-00 hand
544,m04-019-06-01 when
544,m04-019-06-02 you
544,m04-019-06-03 are
544,m04-019-06-04 lording
544,m04-019-06-05 it
544,m04-019-06-06 over
544,m04-019-07-00 the
544,m04-019-07-01 Mixed
544,m04-019-07-02 Infants
544,m04-019-07-03 of
544,m04-024-00-01 Silly
544,m04-024-00-02 boy
544,m04-024-00-05 said
544,m04-024-00-06 Morfydd
544,m04-024-00-08 Though
544,m04-024-00-09 she
544,m04-024-01-00 could
544,m04-024-01-01 not
544,m04-024-01-02 help
544,m04-024-01-04 whether
544,m04-024-01-06 now
544,m04-024-01-07 she
544,m04-024-02-00 had
544,m04-024-02-02 as
544,m04-024-02-06 poor
544,m04-024-03-00 little
544,m04-024-03-01 Dai
544,m04-024-03-02 was
544,m04-024-03-03 quite
544,m04-024-03-04 the
544,m04-024-03-05 man
544,m04-024-03-06 for
544,m04-024-03-07 her
544,m04-024-04-01 nice
544,m04-024-04-02 boy
544,m04-024-04-03 of
544,m04-024-04-04 course
544,m04-024-04-06 But
544,m04-024-04-07 perhaps
544,m04-024-04-08 in
544,m04-024-04-09 the
544,m04-024-05-00 new
544,m04-024-05-01 world
544,m04-024-05-02 she
544,m04-024-05-03 was
544,m04-024-05-05 there
544,m04-024-05-06 might
544,m04-024-06-00 be
544,m04-024-06-01 boys
544,m04-024-06-02 equally
544,m04-024-06-03 nice
544,m04-024-06-05 and
544,m04-024-06-06 with
544,m04-024-06-07 far
544,m04-024-06-08 more
544,m04-024-07-00 to
544,m04-024-07-01 offer
544,m04-024-07-03 The
544,m04-024-07-05 rang
544,m04-024-07-06 his
544,m04-024-07-07 bell
