292,f07-076a-00-00 The
292,f07-076a-00-02 kitchen
292,f07-076a-00-04 again
292,f07-076a-00-06 is
292,f07-076a-01-00 so
292,f07-076a-01-03 so
292,f07-076a-01-06 and
292,f07-076a-02-02 alone
292,f07-076a-02-03 to
292,f07-076a-02-05 gypsy
292,f07-076a-03-00 melody
292,f07-076a-03-02 The
292,f07-076a-03-03 paprika
292,f07-076a-03-04 and
292,f07-076a-03-05 caraway
292,f07-076a-03-06 perfume
292,f07-076a-04-00 the
292,f07-076a-04-01 meats
292,f07-076a-04-02 with
292,f07-076a-04-03 their
292,f07-076a-04-06 The
292,f07-076a-05-00 opulent
292,f07-076a-05-02 of
292,f07-076a-06-00 ries
292,f07-076a-06-01 recall
292,f07-076a-06-02 in
292,f07-076a-06-03 fact
292,f07-076a-06-04 the
292,f07-076a-06-05 rich
292,f07-076a-07-00 of
292,f07-076a-07-01 rich
292,f07-076a-07-03 and
292,f07-076a-08-03 The
292,f07-076a-08-04 art
292,f07-076a-08-05 and
292,f07-076a-09-00 science
292,f07-076a-09-01 of
292,f07-076a-09-02 cookery
292,f07-076a-09-04 however
292,f07-076a-09-06 is
292,f07-076a-10-01 French
292,f07-076a-10-03 and
292,f07-076a-10-06 of
292,f07-081a-00-00 The
292,f07-081a-00-01 French
292,f07-081a-00-02 have
292,f07-081a-00-03 an
292,f07-081a-00-04 inborn
292,f07-081a-01-00 of
292,f07-081a-01-01 good
292,f07-081a-01-02 food
292,f07-081a-01-03 and
292,f07-081a-01-04 the
292,f07-081a-01-05 gusto
292,f07-081a-01-06 which
292,f07-081a-01-07 they
292,f07-081a-02-00 derive
292,f07-081a-02-01 from
292,f07-081a-02-03 is
292,f07-081a-03-00 and
292,f07-081a-03-02 as
292,f07-081a-03-03 well
292,f07-081a-03-04 as
292,f07-081a-04-00 There
292,f07-081a-04-01 is
292,f07-081a-04-02 the
292,f07-081a-04-03 same
292,f07-081a-04-04 finesse
292,f07-081a-04-05 about
292,f07-081a-04-06 their
292,f07-081a-05-00 feeding
292,f07-081a-05-02 the
292,f07-081a-05-03 same
292,f07-081a-05-04 subtle
292,f07-081a-05-06 of
292,f07-081a-06-00 touch
292,f07-081a-06-02 the
292,f07-081a-06-03 same
292,f07-081a-06-05 sense
292,f07-081a-06-06 of
292,f07-081a-07-01 as
292,f07-081a-07-02 exists
292,f07-081a-07-03 among
292,f07-081a-07-04 her
292,f07-081a-08-00 writers
292,f07-081a-08-02 music
292,f07-081a-08-04 and
292,f07-081a-08-05 other
292,f07-081a-09-01 of
292,f07-081a-09-02 things
292,f07-081a-09-03 that
292,f07-081a-09-04 are
292,f07-081a-10-01 French
292,f07-084a-00-00 The
292,f07-084a-00-04 is
292,f07-084a-00-05 as
292,f07-084a-00-06 much
292,f07-084a-01-01 in
292,f07-084a-01-02 France
292,f07-084a-01-03 as
292,f07-084a-01-04 is
292,f07-084a-01-05 tea
292,f07-084a-02-00 among
292,f07-084a-02-02 and
292,f07-084a-02-03 it
292,f07-084a-02-04 is
292,f07-084a-02-06 at
292,f07-084a-03-00 least
292,f07-084a-03-01 once
292,f07-084a-03-03 week
292,f07-084a-03-04 in
292,f07-084a-03-05 every
292,f07-084a-04-04 of
292,f07-084a-04-05 course
292,f07-084a-05-00 waxed
292,f07-084a-05-02 about
292,f07-084a-06-00 baisse
292,f07-084a-06-01 and
292,f07-084a-06-02 sang
292,f07-084a-06-04 This
292,f07-084a-07-01 noble
292,f07-084a-07-02 dish
292,f07-084a-07-03 is
292,f07-084a-07-06 sort
292,f07-084a-07-07 of
292,f07-084a-07-08 soup
292,f07-084a-07-10 or
292,f07-084a-08-00 broth
292,f07-084a-08-02 or
292,f07-084a-08-03 brew
292,f07-084a-08-07 of
292,f07-084a-08-08 all
292,f07-084a-09-00 sorts
292,f07-084a-09-01 of
292,f07-084a-09-02 fishes
292,f07-084a-09-03 That
292,f07-084a-09-05 never
292,f07-084a-10-00 could
292,f07-084a-10-01 outdo
292,f07-084a-10-03 Green
292,f07-084a-10-04 herbs
292,f07-084a-10-06 red
292,f07-084a-10-07 peppers
292,f07-088a-00-02 study
292,f07-088a-00-03 also
292,f07-088a-00-04 opens
292,f07-088a-00-05 up
292,f07-088a-00-06 in
292,f07-088a-01-00 the
292,f07-088a-01-01 dietary
292,f07-088a-01-03 by
292,f07-088a-01-04 men
292,f07-088a-01-05 of
292,f07-088a-01-06 genius
292,f07-088a-02-00 as
292,f07-088a-02-01 well
292,f07-088a-02-02 as
292,f07-088a-02-03 the
292,f07-088a-02-04 foods
292,f07-088a-02-05 for
292,f07-088a-02-06 which
292,f07-088a-02-07 they
292,f07-088a-02-08 have
292,f07-088a-03-00 had
292,f07-088a-03-01 an
292,f07-088a-03-04 Shelley
292,f07-088a-03-06 for
292,f07-088a-03-07 example
292,f07-088a-04-00 had
292,f07-088a-04-02 great
292,f07-088a-04-04 for
292,f07-088a-04-05 animal
292,f07-088a-05-00 food
292,f07-088a-05-03 that
292,f07-088a-05-04 it
292,f07-088a-05-06 the
292,f07-088a-07-00 fast
292,f07-088a-07-01 and
292,f07-088a-07-02 supper
292,f07-088a-07-04 of
292,f07-088a-08-00 piece
292,f07-088a-08-01 of
292,f07-088a-08-02 coarse
292,f07-088a-08-03 bread
292,f07-088a-08-04 and
292,f07-088a-09-00 bowl
292,f07-088a-09-01 of
292,f07-088a-09-02 milk
292,f07-092a-00-00 Dante
292,f07-092a-00-01 Gabriel
292,f07-092a-00-03 had
292,f07-092a-00-04 simple
292,f07-092a-00-05 tastes
292,f07-092a-01-00 in
292,f07-092a-01-01 food
292,f07-092a-01-03 At
292,f07-092a-01-04 one
292,f07-092a-01-05 dinner
292,f07-092a-01-06 he
292,f07-092a-01-07 is
292,f07-092a-01-08 said
292,f07-092a-01-09 to
292,f07-092a-01-10 have
292,f07-092a-02-00 been
292,f07-092a-02-01 blind
292,f07-092a-02-02 to
292,f07-092a-02-03 the
292,f07-092a-02-04 charms
292,f07-092a-02-05 of
292,f07-092a-02-06 turbot
292,f07-092a-02-07 and
292,f07-092a-03-00 to
292,f07-092a-03-01 have
292,f07-092a-03-02 been
292,f07-092a-03-03 much
292,f07-092a-03-04 more
292,f07-092a-04-00 in
292,f07-092a-04-01 the
292,f07-092a-04-02 dish
292,f07-092a-04-03 in
292,f07-092a-04-04 which
292,f07-092a-04-05 it
292,f07-092a-04-06 was
292,f07-092a-04-07 served
292,f07-092a-04-09 He
292,f07-092a-05-00 turned
292,f07-092a-05-01 it
292,f07-092a-05-02 over
292,f07-092a-05-03 on
292,f07-092a-05-04 the
292,f07-092a-05-05 table
292,f07-092a-05-06 cloth
292,f07-092a-05-07 to
292,f07-092a-06-00 examine
292,f07-092a-06-01 the
292,f07-092a-06-02 marks
292,f07-092a-06-03 on
292,f07-092a-06-04 the
292,f07-092a-06-05 back
292,f07-092a-07-00 without
292,f07-092a-07-01 going
292,f07-092a-07-02 through
292,f07-092a-07-03 the
292,f07-092a-08-00 of
292,f07-092a-08-01 having
292,f07-092a-08-02 his
292,f07-092a-08-03 turbot
292,f07-092a-08-04 removed
292,f07-092a-08-05 first
