671,r06-121-00-00 At
671,r06-121-00-01 the
671,r06-121-00-02 school
671,r06-121-00-04 which
671,r06-121-00-05 is
671,r06-121-01-00 vilised
671,r06-121-01-01 and
671,r06-121-01-04 the
671,r06-121-01-05 two
671,r06-121-02-00 walked
671,r06-121-02-02 across
671,r06-121-02-03 green
671,r06-121-02-04 fields
671,r06-121-02-06 and
671,r06-121-03-03 seeing
671,r06-121-03-04 how
671,r06-121-03-05 the
671,r06-121-03-06 sun
671,r06-121-03-07 gilded
671,r06-121-04-00 their
671,r06-121-04-01 bright
671,r06-121-04-03 heads
671,r06-121-04-04 turned
671,r06-121-05-00 towards
671,r06-121-05-01 each
671,r06-121-05-02 other
671,r06-121-05-03 as
671,r06-121-05-04 they
671,r06-121-05-05 talked
671,r06-121-05-07 In
671,r06-121-06-01 left
671,r06-121-06-02 hand
671,r06-121-06-03 she
671,r06-121-06-04 carried
671,r06-121-06-05 the
671,r06-121-07-00 stories
671,r06-121-07-01 of
671,r06-121-07-02 Isaac
671,r06-121-07-03 Babel
671,r06-121-07-05 After
671,r06-121-07-06 lunch
671,r06-121-07-07 we
671,r06-121-08-00 went
671,r06-121-08-01 to
671,r06-121-08-02 the
671,r06-121-08-05 Philip
671,r06-121-08-06 allowed
671,r06-121-09-01 it
671,r06-121-09-02 to
671,r06-121-09-03 be
671,r06-121-09-04 seen
671,r06-121-09-05 that
671,r06-121-09-06 he
671,r06-121-09-07 thought
671,r06-121-09-08 going
671,r06-121-09-09 to
671,r06-121-10-00 the
671,r06-121-10-02 just
671,r06-121-10-03 for
671,r06-121-10-04 the
671,r06-121-10-05 fun
671,r06-121-10-06 of
671,r06-121-10-07 it
671,r06-121-10-08 was
671,r06-097-00-00 We
671,r06-097-00-01 went
671,r06-097-00-03 to
671,r06-097-00-04 bed
671,r06-097-00-05 and
671,r06-097-00-06 slept
671,r06-097-00-07 until
671,r06-097-01-00 the
671,r06-097-01-02 drummed
671,r06-097-01-03 up
671,r06-097-01-04 the
671,r06-097-02-00 sun
671,r06-097-02-02 The
671,r06-097-02-03 next
671,r06-097-02-04 morning
671,r06-097-02-06 in
671,r06-097-02-07 the
671,r06-097-02-08 square
671,r06-097-03-04 read
671,r06-097-03-05 about
671,r06-097-03-06 the
671,r06-097-03-07 Nice
671,r06-097-04-00 beach
671,r06-097-04-02 in
671,r06-097-04-03 the
671,r06-097-05-00 Mart
671,r06-097-05-01 had
671,r06-097-05-02 been
671,r06-097-05-03 right
671,r06-097-05-05 the
671,r06-097-05-06 body
671,r06-097-05-07 had
671,r06-097-05-08 been
671,r06-097-06-03 It
671,r06-097-06-05 to
671,r06-097-06-07 Madame
671,r06-097-07-02 had
671,r06-097-07-03 been
671,r06-097-07-04 made
671,r06-097-07-05 in
671,r06-097-07-06 the
671,r06-097-08-02 and
671,r06-097-08-03 it
671,r06-097-08-05 that
671,r06-097-09-00 Madame
671,r06-097-09-02 husband
671,r06-097-09-03 had
671,r06-097-09-04 made
671,r06-097-09-05 an
671,r06-097-10-01 with
671,r06-097-10-02 the
671,r06-097-10-03 dead
671,r06-097-10-05 sister
671,r06-115-00-01 looked
671,r06-115-00-02 at
671,r06-115-00-03 the
671,r06-115-00-04 books
671,r06-115-00-05 lying
671,r06-115-01-00 around
671,r06-115-01-01 his
671,r06-115-01-02 room
671,r06-115-01-04 and
671,r06-115-01-05 asked
671,r06-115-01-06 if
671,r06-115-01-07 she
671,r06-115-02-00 might
671,r06-115-02-01 borrow
671,r06-115-02-02 the
671,r06-115-02-03 stories
671,r06-115-02-04 of
671,r06-115-02-05 Isaac
671,r06-115-02-06 Babel
671,r06-115-03-00 to
671,r06-115-03-01 read
671,r06-115-03-02 on
671,r06-115-03-03 the
671,r06-115-03-04 train
671,r06-115-03-07 is
671,r06-115-04-02 she
671,r06-115-04-03 might
671,r06-115-04-04 find
671,r06-115-04-05 them
671,r06-115-05-00 ficult
671,r06-115-05-02 but
671,r06-115-05-03 she
671,r06-115-05-04 said
671,r06-115-05-07 Philip
671,r06-115-05-08 reads
671,r06-115-05-09 them
671,r06-115-06-01 he
671,r06-115-06-04 During
671,r06-115-06-05 the
671,r06-115-06-06 journey
671,r06-115-06-08 read
671,r06-115-07-01 and
671,r06-115-07-02 watched
671,r06-115-07-03 her
671,r06-115-07-04 pretty
671,r06-115-08-01 face
671,r06-115-08-02 as
671,r06-115-08-03 she
671,r06-115-08-04 turned
671,r06-115-08-05 the
671,r06-115-09-00 pages
671,r06-115-09-01 of
671,r06-115-09-02 Babel
671,r06-115-09-04 for
671,r06-115-09-05 she
671,r06-115-09-06 was
671,r06-115-10-00 to
671,r06-115-10-01 let
671,r06-115-10-02 nothing
671,r06-115-10-03 get
671,r06-115-10-04 between
671,r06-115-10-05 her
671,r06-115-10-06 and
671,r06-106-00-00 The
671,r06-106-00-01 day
671,r06-106-00-04 to
671,r06-106-00-05 take
671,r06-106-01-00 down
671,r06-106-01-01 to
671,r06-106-01-02 visit
671,r06-106-01-03 my
671,r06-106-01-04 young
671,r06-106-01-05 friend
671,r06-106-01-06 Philip
671,r06-106-02-00 at
671,r06-106-02-01 his
671,r06-106-02-02 school
671,r06-106-02-03 in
671,r06-106-02-04 the
671,r06-106-02-05 country
671,r06-106-02-07 we
671,r06-106-02-08 were
671,r06-106-03-00 to
671,r06-106-03-01 leave
671,r06-106-03-02 at
671,r06-106-03-03 eleven
671,r06-106-03-05 but
671,r06-106-03-06 she
671,r06-106-03-07 arrived
671,r06-106-04-00 at
671,r06-106-04-01 nine
671,r06-106-04-03 Her
671,r06-106-04-04 blue
671,r06-106-04-05 dress
671,r06-106-04-06 was
671,r06-106-04-07 new
671,r06-106-05-00 and
671,r06-106-05-01 so
671,r06-106-05-02 were
671,r06-106-05-03 her
671,r06-106-05-05 shoes
671,r06-106-05-07 Her
671,r06-106-06-00 hair
671,r06-106-06-01 had
671,r06-106-06-02 just
671,r06-106-06-03 been
671,r06-106-06-04 done
671,r06-106-06-06 She
671,r06-106-06-07 looked
671,r06-106-07-00 more
671,r06-106-07-01 than
671,r06-106-07-02 ever
671,r06-106-07-03 like
671,r06-106-07-05 pink
671,r06-106-07-06 and
671,r06-106-07-07 gold
671,r06-106-08-00 Renoir
671,r06-106-08-01 girl
671,r06-106-08-02 who
671,r06-106-08-03 expects
671,r06-106-08-05 from
671,r06-106-09-00 life
671,r06-130-00-00 At
671,r06-130-00-01 the
671,r06-130-00-03 of
671,r06-130-00-04 the
671,r06-130-00-05 cinema
671,r06-130-00-06 the
671,r06-130-01-00 doorman
671,r06-130-01-01 was
671,r06-130-01-02 lying
671,r06-130-01-03 in
671,r06-130-01-04 wait
671,r06-130-01-05 for
671,r06-130-01-06 anyone
671,r06-130-02-00 who
671,r06-130-02-01 had
671,r06-130-02-02 red
671,r06-130-02-03 eyes
671,r06-130-03-00 by
671,r06-130-03-01 her
671,r06-130-03-03 arm
671,r06-130-03-05 he
671,r06-130-03-06 said
671,r06-130-04-01 Yes
671,r06-130-04-03 why
671,r06-130-04-04 are
671,r06-130-04-05 you
671,r06-130-04-06 crying
671,r06-130-04-08 he
671,r06-130-04-09 had
671,r06-130-04-10 to
671,r06-130-04-11 be
671,r06-130-05-01 for
671,r06-130-05-02 his
671,r06-130-05-03 crime
671,r06-130-05-06 he
671,r06-130-06-00 rine
671,r06-130-06-01 stared
671,r06-130-06-02 at
671,r06-130-06-03 him
671,r06-130-06-07 Philip
671,r06-130-07-00 rescued
671,r06-130-07-01 her
671,r06-130-07-02 by
671,r06-130-07-03 saying
671,r06-130-07-04 with
671,r06-130-07-05 disdain
671,r06-130-08-01 Some
671,r06-130-08-02 people
671,r06-130-08-04 know
671,r06-130-08-05 right
671,r06-130-08-06 from
671,r06-130-08-07 wrong
671,r06-130-09-00 even
671,r06-130-09-01 when
671,r06-130-09-02 its
671,r06-130-09-04 to
671,r06-130-09-05 them
671,r06-137-00-00 The
671,r06-137-00-01 doorman
671,r06-137-00-02 turned
671,r06-137-00-03 his
671,r06-137-01-00 to
671,r06-137-01-01 the
671,r06-137-01-02 next
671,r06-137-01-04 emerger
671,r06-137-01-05 from
671,r06-137-01-06 the
671,r06-137-02-00 dark
671,r06-137-02-02 and
671,r06-137-02-03 we
671,r06-137-02-04 went
671,r06-137-02-05 on
671,r06-137-02-07 to
671,r06-137-03-00 the
671,r06-137-03-01 station
671,r06-137-03-03 the
671,r06-137-03-05 silent
671,r06-137-03-06 because
671,r06-137-04-00 of
671,r06-137-04-01 the
671,r06-137-04-02 cruelty
671,r06-137-04-03 of
671,r06-137-04-04 the
671,r06-137-04-05 world
671,r06-137-04-07 Finally
671,r06-137-05-00 said
671,r06-137-05-02 her
671,r06-137-05-03 eyes
671,r06-137-05-04 wet
671,r06-137-05-05 again
671,r06-137-05-09 think
671,r06-137-05-10 its
671,r06-137-05-11 all
671,r06-137-06-01 beastly
671,r06-137-06-03 and
671,r06-137-06-06 bear
671,r06-137-06-07 to
671,r06-137-06-08 think
671,r06-137-07-00 about
671,r06-137-07-01 it
671,r06-137-07-04 And
671,r06-137-07-05 Philip
671,r06-137-07-06 said
671,r06-137-07-09 But
671,r06-137-07-10 we
671,r06-137-07-12 got
671,r06-137-08-00 to
671,r06-137-08-01 think
671,r06-137-08-02 about
671,r06-137-08-03 it
671,r06-137-08-06 you
671,r06-137-08-07 see
671,r06-137-08-09 because
671,r06-137-09-00 if
671,r06-137-09-01 we
671,r06-137-09-03 it
671,r06-137-09-05 just
671,r06-137-09-06 go
671,r06-137-09-07 on
671,r06-137-09-08 and
671,r06-137-09-09 on
671,r06-137-10-00 you
671,r06-137-10-01 see
671,r06-111-00-01 lives
671,r06-111-00-02 in
671,r06-111-00-04 white
671,r06-111-00-05 house
671,r06-111-01-01 the
671,r06-111-01-03 brown
671,r06-111-01-04 tides
671,r06-111-02-00 of
671,r06-111-02-01 the
671,r06-111-02-02 river
671,r06-111-02-04 She
671,r06-111-02-05 helped
671,r06-111-02-06 me
671,r06-111-02-07 clean
671,r06-111-02-08 up
671,r06-111-02-09 my
671,r06-111-03-00 flat
671,r06-111-03-01 with
671,r06-111-03-04 which
671,r06-111-03-05 said
671,r06-111-03-06 that
671,r06-111-04-00 she
671,r06-111-04-01 felt
671,r06-111-04-02 small
671,r06-111-04-03 flats
671,r06-111-04-04 were
671,r06-111-04-06 more
671,r06-111-05-01 than
671,r06-111-05-02 large
671,r06-111-05-03 houses
671,r06-111-05-05 We
671,r06-111-05-06 drank
671,r06-111-06-00 tea
671,r06-111-06-02 and
671,r06-111-06-03 talked
671,r06-111-06-04 mainly
671,r06-111-06-05 about
671,r06-111-06-06 Philip
671,r06-111-06-08 who
671,r06-111-07-00 being
671,r06-111-07-03 has
671,r06-111-07-04 pure
671,r06-111-07-05 stern
671,r06-111-07-06 tastes
671,r06-111-07-07 in
671,r06-111-08-00 thing
671,r06-111-08-01 from
671,r06-111-08-02 food
671,r06-111-08-03 to
671,r06-111-08-04 music
671,r06-103-00-00 The
671,r06-103-00-01 sister
671,r06-103-00-03 able
671,r06-103-00-04 to
671,r06-103-00-05 swim
671,r06-103-00-07 had
671,r06-103-01-00 to
671,r06-103-01-01 the
671,r06-103-01-02 shore
671,r06-103-01-04 but
671,r06-103-01-05 instead
671,r06-103-01-06 of
671,r06-103-02-00 to
671,r06-103-02-01 her
671,r06-103-02-04 with
671,r06-103-02-05 whom
671,r06-103-03-00 she
671,r06-103-03-01 had
671,r06-103-03-02 an
671,r06-103-03-03 illicit
671,r06-103-03-07 she
671,r06-103-04-00 went
671,r06-103-04-01 to
671,r06-103-04-02 her
671,r06-103-04-04 house
671,r06-103-04-05 and
671,r06-103-05-03 Her
671,r06-103-06-01 her
671,r06-103-06-02 to
671,r06-103-06-03 the
671,r06-103-06-04 police
671,r06-103-06-06 and
671,r06-103-06-07 then
671,r06-103-06-08 jumped
671,r06-103-07-00 off
671,r06-103-07-02 cliff
671,r06-103-07-03 near
671,r06-103-07-04 Monte
671,r06-103-07-05 Carlo
671,r06-126-00-00 For
671,r06-126-00-01 his
671,r06-126-00-02 sake
671,r06-126-00-03 we
671,r06-126-00-04 chose
671,r06-126-00-05 the
671,r06-126-00-06 more
671,r06-126-01-00 serious
671,r06-126-01-01 of
671,r06-126-01-02 the
671,r06-126-01-03 two
671,r06-126-01-04 films
671,r06-126-01-05 that
671,r06-126-01-06 were
671,r06-126-02-00 showing
671,r06-126-02-01 in
671,r06-126-02-02 the
671,r06-126-02-03 little
671,r06-126-02-04 town
671,r06-126-02-06 It
671,r06-126-02-07 was
671,r06-126-03-00 about
671,r06-126-03-02 good
671,r06-126-03-03 priest
671,r06-126-03-04 who
671,r06-126-03-05 helped
671,r06-126-04-00 minals
671,r06-126-04-01 in
671,r06-126-04-02 New
671,r06-126-04-03 York
671,r06-126-04-05 His
671,r06-126-05-00 ever
671,r06-126-05-02 was
671,r06-126-05-03 not
671,r06-126-05-04 enough
671,r06-126-05-05 to
671,r06-126-05-06 prevent
671,r06-126-05-07 one
671,r06-126-06-00 of
671,r06-126-06-01 them
671,r06-126-06-02 from
671,r06-126-06-03 being
671,r06-126-06-04 sent
671,r06-126-06-05 to
671,r06-126-06-06 the
671,r06-126-06-07 gas
671,r06-126-07-00 chamber
671,r06-126-07-02 and
671,r06-126-07-03 Philip
671,r06-126-07-04 and
671,r06-126-07-06 waited
671,r06-126-07-07 with
671,r06-126-08-01 in
671,r06-126-08-02 the
671,r06-126-08-03 dark
671,r06-126-08-04 until
671,r06-126-08-05 she
671,r06-126-08-06 had
671,r06-126-08-07 stopped
671,r06-126-09-00 crying
671,r06-126-09-01 and
671,r06-126-09-02 could
671,r06-126-09-03 face
671,r06-126-09-04 the
671,r06-126-09-05 light
671,r06-126-09-06 of
671,r06-126-09-08 golden
671,r06-126-10-00 evening
671,r06-090-00-00 It
671,r06-090-00-01 was
671,r06-090-00-02 growing
671,r06-090-00-03 cold
671,r06-090-00-05 We
671,r06-090-00-06 left
671,r06-090-00-07 the
671,r06-090-01-00 crowd
671,r06-090-01-01 and
671,r06-090-01-02 drove
671,r06-090-01-03 back
671,r06-090-01-04 to
671,r06-090-01-05 Vence
671,r06-090-02-00 The
671,r06-090-02-01 cool
671,r06-090-02-02 evening
671,r06-090-02-04 stood
671,r06-090-03-01 at
671,r06-090-03-02 the
671,r06-090-03-03 corners
671,r06-090-03-04 of
671,r06-090-03-05 the
671,r06-090-03-06 roads
671,r06-090-04-00 Mart
671,r06-090-04-01 is
671,r06-090-04-02 unable
671,r06-090-04-03 to
671,r06-090-04-04 smell
671,r06-090-04-06 her
671,r06-090-04-07 sense
671,r06-090-05-00 organs
671,r06-090-05-01 were
671,r06-090-05-03 years
671,r06-090-05-04 ago
671,r06-090-05-07 and
671,r06-090-06-01 had
671,r06-090-06-02 to
671,r06-090-06-03 explain
671,r06-090-06-04 the
671,r06-090-06-05 low
671,r06-090-06-07 sharp
671,r06-090-06-08 and
671,r06-090-07-00 sweet
671,r06-090-07-01 signals
671,r06-090-07-02 in
671,r06-090-07-03 the
671,r06-090-07-04 air
671,r06-090-07-06 When
671,r06-090-07-07 we
671,r06-090-08-00 got
671,r06-090-08-01 back
671,r06-090-08-02 home
671,r06-090-08-03 we
671,r06-090-08-04 felt
671,r06-090-09-00 London
671,r06-090-09-04 sense
671,r06-090-09-05 of
671,r06-090-09-06 guilt
671,r06-090-10-00 mingled
671,r06-090-10-01 with
671,r06-090-10-02 the
671,r06-090-10-03 memory
671,r06-090-10-04 of
