340,g06-011i-00-00 By
340,g06-011i-00-01 the
340,g06-011i-00-02 end
340,g06-011i-00-03 of
340,g06-011i-00-04 the
340,g06-011i-00-05 month
340,g06-011i-00-06 he
340,g06-011i-00-07 still
340,g06-011i-00-09 in
340,g06-011i-00-10 Naples
340,g06-011i-01-00 He
340,g06-011i-01-01 told
340,g06-011i-01-03 that
340,g06-011i-01-04 he
340,g06-011i-01-05 enjoyed
340,g06-011i-01-06 it
340,g06-011i-01-07 as
340,g06-011i-01-08 much
340,g06-011i-01-09 as
340,g06-011i-01-10 his
340,g06-011i-02-00 health
340,g06-011i-02-02 him
340,g06-011i-02-03 to
340,g06-011i-02-04 enjoy
340,g06-011i-02-08 The
340,g06-011i-02-09 Pearl
340,g06-011i-02-12 he
340,g06-011i-03-00 wrote
340,g06-011i-03-03 is
340,g06-011i-03-04 arrived
340,g06-011i-03-06 which
340,g06-011i-03-07 is
340,g06-011i-03-09 great
340,g06-011i-04-00 seems
340,g06-011i-04-01 to
340,g06-011i-04-02 be
340,g06-011i-04-03 tired
340,g06-011i-04-05 he
340,g06-011i-04-06 is
340,g06-011i-04-07 going
340,g06-011i-04-08 out
340,g06-011i-04-09 fast
340,g06-011i-04-12 What
340,g06-011i-04-14 gay
340,g06-011i-05-00 lively
340,g06-011i-05-01 people
340,g06-011i-05-03 and
340,g06-011i-05-04 what
340,g06-011i-05-06 busy
340,g06-011i-05-07 town
340,g06-011i-05-09 At
340,g06-011i-05-10 Rome
340,g06-011i-05-12 every
340,g06-011i-05-13 other
340,g06-011i-06-00 man
340,g06-011i-06-01 was
340,g06-011i-06-03 priest
340,g06-011i-06-05 here
340,g06-011i-06-06 the
340,g06-011i-06-07 priest
340,g06-011i-06-08 is
340,g06-011i-06-10 by
340,g06-011i-07-00 the
340,g06-011i-07-01 soldier
340,g06-011i-07-05 change
340,g06-011i-07-06 in
340,g06-011i-07-07 my
340,g06-011i-07-08 eye
340,g06-011i-08-00 as
340,g06-011i-08-01 the
340,g06-011i-08-02 troops
340,g06-011i-08-03 are
340,g06-011i-08-04 very
340,g06-011i-08-05 fine
340,g06-037i-00-00 God
340,g06-037i-00-01 grant
340,g06-037i-00-03 however
340,g06-037i-00-05 that
340,g06-037i-00-07 may
340,g06-037i-00-08 be
340,g06-037i-00-10 false
340,g06-037i-00-11 prophet
340,g06-037i-01-01 that
340,g06-037i-01-02 all
340,g06-037i-01-03 may
340,g06-037i-01-04 go
340,g06-037i-01-05 well
340,g06-037i-01-07 Sir
340,g06-037i-01-09 Peel
340,g06-037i-01-10 was
340,g06-037i-01-11 here
340,g06-037i-02-00 but
340,g06-037i-02-01 an
340,g06-037i-02-02 express
340,g06-037i-02-03 took
340,g06-037i-02-04 him
340,g06-037i-02-05 off
340,g06-037i-03-00 While
340,g06-037i-03-01 he
340,g06-037i-03-02 was
340,g06-037i-03-03 in
340,g06-037i-03-04 Naples
340,g06-037i-03-05 there
340,g06-037i-03-06 had
340,g06-037i-03-07 opened
340,g06-037i-03-09 new
340,g06-037i-03-10 chapter
340,g06-037i-04-00 in
340,g06-037i-04-01 the
340,g06-037i-04-02 history
340,g06-037i-04-03 of
340,g06-037i-04-06 search
340,g06-037i-04-07 for
340,g06-037i-04-08 an
340,g06-037i-05-02 of
340,g06-037i-05-03 his
340,g06-037i-05-04 painful
340,g06-037i-05-05 malady
340,g06-037i-05-07 None
340,g06-037i-05-08 of
340,g06-037i-05-09 the
340,g06-037i-06-03 to
340,g06-037i-06-04 which
340,g06-037i-06-05 he
340,g06-037i-06-06 had
340,g06-037i-06-07 been
340,g06-037i-07-01 ever
340,g06-037i-07-02 since
340,g06-037i-07-03 the
340,g06-037i-07-05 had
340,g06-037i-07-06 first
340,g06-037i-07-07 shown
340,g06-037i-08-02 years
340,g06-037i-08-03 before
340,g06-037i-08-04 had
340,g06-037i-08-05 had
340,g06-037i-08-06 the
340,g06-037i-09-01 effect
340,g06-045i-00-00 In
340,g06-045i-00-01 April
340,g06-045i-00-02 of
340,g06-045i-00-03 that
340,g06-045i-00-04 year
340,g06-045i-00-05 his
340,g06-045i-00-06 first
340,g06-045i-01-00 the
340,g06-045i-01-02 Lord
340,g06-045i-01-05 had
340,g06-045i-01-06 written
340,g06-045i-01-07 to
340,g06-045i-01-08 advise
340,g06-045i-02-01 to
340,g06-045i-02-02 give
340,g06-045i-02-03 the
340,g06-045i-02-04 system
340,g06-045i-02-06 trial
340,g06-045i-02-08 adding
340,g06-045i-02-09 that
340,g06-045i-02-10 it
340,g06-045i-02-11 was
340,g06-045i-03-00 being
340,g06-045i-03-02 with
340,g06-045i-03-04 success
340,g06-045i-03-05 in
340,g06-045i-03-06 France
340,g06-045i-03-07 and
340,g06-045i-04-00 Italy
340,g06-045i-04-02 and
340,g06-045i-04-03 that
340,g06-045i-04-04 he
340,g06-045i-04-05 himself
340,g06-045i-04-06 was
340,g06-045i-04-07 being
340,g06-045i-04-08 treated
340,g06-045i-04-09 under
340,g06-045i-05-00 doctor
340,g06-045i-05-01 who
340,g06-045i-05-02 had
340,g06-045i-05-03 studied
340,g06-045i-05-04 under
340,g06-045i-05-05 its
340,g06-045i-05-06 founder
340,g06-045i-05-08 the
340,g06-045i-05-09 aged
340,g06-045i-06-01 Samuel
340,g06-042i-00-00 Nor
340,g06-042i-00-01 is
340,g06-042i-00-02 this
340,g06-042i-00-03 to
340,g06-042i-00-04 be
340,g06-042i-00-06 at
340,g06-042i-00-08 for
340,g06-042i-00-09 even
340,g06-042i-00-10 today
340,g06-042i-00-12 in
340,g06-042i-00-13 the
340,g06-042i-01-02 no
340,g06-042i-01-03 cure
340,g06-042i-01-04 has
340,g06-042i-01-05 been
340,g06-042i-01-06 found
340,g06-042i-01-07 for
340,g06-042i-01-08 the
340,g06-042i-01-12 As
340,g06-042i-02-00 early
340,g06-042i-02-01 as
340,g06-042i-02-04 when
340,g06-042i-02-07 himself
340,g06-042i-02-08 to
340,g06-042i-02-09 be
340,g06-042i-02-10 on
340,g06-042i-03-00 the
340,g06-042i-03-01 point
340,g06-042i-03-02 of
340,g06-042i-03-03 death
340,g06-042i-03-05 the
340,g06-042i-03-06 new
340,g06-042i-03-07 German
340,g06-042i-03-09 method
340,g06-042i-03-10 known
340,g06-042i-04-00 as
340,g06-042i-04-02 had
340,g06-042i-04-03 been
340,g06-042i-04-04 brought
340,g06-042i-04-05 to
340,g06-042i-04-06 his
340,g06-042i-04-07 notice
340,g06-018i-00-00 When
340,g06-018i-00-01 the
340,g06-018i-00-02 sailing
340,g06-018i-00-03 season
340,g06-018i-00-04 was
340,g06-018i-00-05 past
340,g06-018i-00-07 he
340,g06-018i-00-08 sent
340,g06-018i-00-09 Pearl
340,g06-018i-00-10 back
340,g06-018i-00-11 to
340,g06-018i-01-00 England
340,g06-018i-01-02 and
340,g06-018i-01-04 to
340,g06-018i-01-05 Rome
340,g06-018i-01-06 for
340,g06-018i-01-07 the
340,g06-018i-01-08 winter
340,g06-018i-01-10 In
340,g06-018i-01-11 late
340,g06-018i-02-02 he
340,g06-018i-02-03 was
340,g06-018i-02-06 as
340,g06-018i-02-07 usual
340,g06-018i-02-10 but
340,g06-018i-02-11 hoped
340,g06-018i-02-13 he
340,g06-018i-03-00 told
340,g06-018i-03-01 Arthur
340,g06-018i-03-04 to
340,g06-018i-03-05 find
340,g06-018i-03-06 this
340,g06-018i-03-07 place
340,g06-018i-03-08 agree
340,g06-018i-03-09 with
340,g06-018i-03-10 me
340,g06-018i-03-11 better
340,g06-018i-03-12 than
340,g06-018i-04-00 Naples
340,g06-018i-04-02 The
340,g06-018i-04-03 journey
340,g06-018i-04-04 has
340,g06-018i-04-05 been
340,g06-018i-04-06 against
340,g06-018i-04-07 me
340,g06-018i-04-09 as
340,g06-018i-04-10 there
340,g06-018i-04-11 has
340,g06-018i-05-00 been
340,g06-018i-05-01 much
340,g06-018i-05-02 rain
340,g06-018i-05-03 and
340,g06-018i-05-04 damp
340,g06-018i-05-06 but
340,g06-018i-05-07 the
340,g06-018i-05-09 is
340,g06-018i-05-10 high
340,g06-018i-06-02 have
340,g06-018i-06-03 not
340,g06-018i-06-04 yet
340,g06-018i-06-05 thought
340,g06-018i-06-06 of
340,g06-018i-06-08 fire
340,g06-031i-00-01 What
340,g06-031i-00-04 event
340,g06-031i-00-07 he
340,g06-031i-00-08 wrote
340,g06-031i-00-12 tremble
340,g06-031i-00-14 What
340,g06-031i-01-04 am
340,g06-031i-01-07 but
340,g06-031i-01-09 really
340,g06-031i-01-10 tremble
340,g06-031i-02-00 for
340,g06-031i-02-01 my
340,g06-031i-02-02 country
340,g06-031i-02-05 may
340,g06-031i-02-06 be
340,g06-031i-02-11 cannot
340,g06-031i-02-12 but
340,g06-031i-03-00 fear
340,g06-031i-03-01 that
340,g06-031i-03-02 the
340,g06-031i-03-04 of
340,g06-031i-03-05 the
340,g06-031i-03-06 People
340,g06-031i-03-07 will
340,g06-031i-03-08 be
340,g06-031i-03-09 so
340,g06-031i-04-00 great
340,g06-031i-04-01 at
340,g06-031i-04-02 the
340,g06-031i-04-03 return
340,g06-031i-04-04 of
340,g06-031i-04-07 that
340,g06-031i-04-08 the
340,g06-031i-04-09 Commons
340,g06-031i-05-00 House
340,g06-031i-05-01 upon
340,g06-031i-05-05 which
340,g06-031i-05-06 must
340,g06-031i-05-07 be
340,g06-031i-05-08 had
340,g06-031i-05-10 will
340,g06-031i-05-11 be
340,g06-031i-06-00 mass
340,g06-031i-06-01 of
340,g06-031i-06-05 then
340,g06-031i-06-06 God
340,g06-031i-06-07 knows
340,g06-031i-06-08 what
340,g06-031i-06-09 may
340,g06-031i-06-10 happen
340,g06-047i-00-00 This
340,g06-047i-00-02 man
340,g06-047i-00-03 of
340,g06-047i-00-06 whom
340,g06-047i-00-07 Sir
340,g06-047i-00-08 Francis
340,g06-047i-01-00 Burdett
340,g06-047i-01-02 to
340,g06-047i-01-05 year
340,g06-047i-01-06 or
340,g06-047i-01-07 two
340,g06-047i-01-08 later
340,g06-047i-01-09 as
340,g06-047i-02-01 more
340,g06-047i-02-02 like
340,g06-047i-02-04 God
340,g06-047i-02-05 upon
340,g06-047i-02-06 earth
340,g06-047i-02-07 than
340,g06-047i-02-09 human
340,g06-047i-02-10 being
340,g06-047i-02-13 had
340,g06-047i-03-00 an
340,g06-047i-03-02 number
340,g06-047i-03-03 of
340,g06-047i-03-05 among
340,g06-047i-04-00 medical
340,g06-047i-04-01 men
340,g06-047i-04-02 in
340,g06-047i-04-03 the
340,g06-047i-04-04 cities
340,g06-047i-04-05 of
340,g06-047i-04-06 Europe
340,g06-047i-04-08 One
340,g06-047i-04-09 of
340,g06-047i-04-10 these
340,g06-047i-05-00 was
340,g06-047i-05-01 the
340,g06-047i-05-04 Dr
340,g06-047i-05-06 Mauro
340,g06-047i-05-08 whom
340,g06-047i-06-02 in
340,g06-047i-06-03 May
340,g06-026i-00-02 life
340,g06-026i-00-03 truly
340,g06-026i-00-06 It
340,g06-026i-00-07 so
340,g06-026i-00-08 happens
340,g06-026i-00-09 that
340,g06-026i-00-11 have
340,g06-026i-01-00 an
340,g06-026i-01-01 Italian
340,g06-026i-01-02 who
340,g06-026i-01-03 is
340,g06-026i-01-04 perhaps
340,g06-026i-01-05 the
340,g06-026i-01-06 best
340,g06-026i-01-07 Valet
340,g06-026i-01-08 de
340,g06-026i-01-09 Chambre
340,g06-026i-02-00 that
340,g06-026i-02-01 ever
340,g06-026i-02-02 was
340,g06-026i-02-04 But
340,g06-026i-02-05 he
340,g06-026i-02-06 has
340,g06-026i-02-07 not
340,g06-026i-02-08 one
340,g06-026i-02-09 word
340,g06-026i-02-10 of
340,g06-026i-02-11 English
340,g06-026i-03-00 While
340,g06-026i-03-01 he
340,g06-026i-03-02 was
340,g06-026i-03-03 writing
340,g06-026i-03-04 this
340,g06-026i-03-05 letter
340,g06-026i-03-06 he
340,g06-026i-03-07 heard
340,g06-026i-03-08 of
340,g06-026i-03-09 the
340,g06-026i-03-10 fall
340,g06-026i-04-00 of
340,g06-026i-04-01 the
340,g06-026i-04-02 Whigs
340,g06-026i-04-04 and
340,g06-026i-04-05 the
340,g06-026i-04-08 of
340,g06-026i-04-09 the
340,g06-026i-05-01 by
340,g06-026i-05-02 the
340,g06-026i-05-03 Duke
340,g06-026i-05-04 of
340,g06-050i-00-01 first
340,g06-050i-00-02 action
340,g06-050i-00-03 was
340,g06-050i-00-04 to
340,g06-050i-00-05 write
340,g06-050i-00-06 to
340,g06-050i-00-07 his
340,g06-050i-00-08 revered
340,g06-050i-00-09 master
340,g06-050i-01-00 at
340,g06-050i-01-03 near
340,g06-050i-01-04 Leipzig
340,g06-050i-01-06 asking
340,g06-050i-01-07 for
340,g06-050i-01-08 advice
340,g06-050i-01-10 In
340,g06-050i-01-11 doing
340,g06-050i-01-12 so
340,g06-050i-02-00 he
340,g06-050i-02-02 his
340,g06-050i-02-04 patient
340,g06-050i-02-05 and
340,g06-050i-02-06 his
340,g06-050i-03-00 He
340,g06-050i-03-01 told
340,g06-050i-03-03 that
340,g06-050i-03-04 he
340,g06-050i-03-05 found
340,g06-050i-03-08 strong
340,g06-050i-04-01 man
340,g06-050i-04-02 with
340,g06-050i-04-04 gentle
340,g06-050i-04-05 and
340,g06-050i-05-01 and
340,g06-050i-05-02 sedate
340,g06-050i-05-04 not
340,g06-050i-05-05 easily
340,g06-050i-05-08 patient
340,g06-050i-06-00 and
340,g06-050i-06-04 but
340,g06-050i-06-05 he
340,g06-050i-06-06 appears
340,g06-050i-06-07 to
340,g06-050i-06-08 despair
340,g06-050i-06-09 of
340,g06-050i-06-10 ever
340,g06-050i-06-11 being
340,g06-050i-07-00 cured
