014,a01-058x-00-01 KENNEDY
014,a01-058x-00-02 is
014,a01-058x-00-03 ready
014,a01-058x-00-04 to
014,a01-058x-00-05 get
014,a01-058x-01-00 tough
014,a01-058x-01-01 over
014,a01-058x-01-02 West
014,a01-058x-01-04 cash
014,a01-058x-01-05 offer
014,a01-058x-01-06 to
014,a01-058x-02-00 help
014,a01-058x-02-02 balance
014,a01-058x-02-03 of
014,a01-058x-03-00 He
014,a01-058x-03-01 said
014,a01-058x-03-02 bluntly
014,a01-058x-03-03 in
014,a01-058x-04-00 that
014,a01-058x-04-01 the
014,a01-058x-04-02 offer
014,a01-058x-04-06 was
014,a01-058x-04-07 not
014,a01-058x-04-08 good
014,a01-058x-05-00 enough
014,a01-058x-05-02 And
014,a01-058x-05-03 he
014,a01-058x-05-05 that
014,a01-058x-05-06 his
014,a01-058x-06-01 would
014,a01-058x-06-02 try
014,a01-058x-06-03 to
014,a01-058x-06-04 get
014,a01-058x-06-05 Germany
014,a01-058x-06-06 to
014,a01-058x-07-00 pay
014,a01-058x-07-01 more
014,a01-058x-07-03 He
014,a01-058x-07-04 did
014,a01-058x-07-05 not
014,a01-058x-07-06 mention
014,a01-058x-08-00 talks
014,a01-058x-08-01 with
014,a01-058x-08-05 the
014,a01-058x-08-06 West
014,a01-058x-09-00 German
014,a01-053x-00-00 He
014,a01-053x-00-01 said
014,a01-053x-00-02 these
014,a01-053x-00-06 alleged
014,a01-053x-01-01 with
014,a01-053x-01-04 by
014,a01-053x-01-05 the
014,a01-053x-02-04 Kennedy
014,a01-053x-02-05 rushed
014,a01-053x-02-07 letter
014,a01-053x-03-00 to
014,a01-053x-03-01 Senator
014,a01-053x-03-03 saying
014,a01-053x-03-04 the
014,a01-053x-03-05 Federal
014,a01-053x-03-06 Bureau
014,a01-053x-04-00 of
014,a01-053x-04-02 had
014,a01-053x-04-04 on
014,a01-053x-04-06 Weaver
014,a01-053x-05-00 He
014,a01-053x-05-02 he
014,a01-053x-05-03 would
014,a01-053x-05-04 perform
014,a01-053x-06-00 service
014,a01-053x-06-02 in
014,a01-053x-06-03 his
014,a01-053x-06-04 post
014,a01-053x-06-06 Senator
014,a01-053x-07-01 has
014,a01-053x-07-02 to
014,a01-053x-07-03 pass
014,a01-053x-08-01 before
014,a01-053x-08-02 it
014,a01-053x-08-03 can
014,a01-053x-08-04 be
014,a01-053x-08-06 by
014,a01-053x-08-07 the
014,a01-053x-09-00 full
014,a01-053x-09-01 Senate
