097,b02-097-00-00 To
097,b02-097-00-01 be
097,b02-097-00-02 able
097,b02-097-00-03 to
097,b02-097-00-04 say
097,b02-097-00-06 New
097,b02-097-00-07 York
097,b02-097-00-08 next
097,b02-097-00-09 week
097,b02-097-00-11 is
097,b02-097-00-12 an
097,b02-097-01-01 advance
097,b02-097-01-03 We
097,b02-097-01-04 must
097,b02-097-01-05 not
097,b02-097-01-06 be
097,b02-097-02-00 that
097,b02-097-02-01 this
097,b02-097-02-03 meeting
097,b02-097-02-04 will
097,b02-097-02-05 lead
097,b02-097-02-06 on
097,b02-097-02-07 to
097,b02-097-02-08 further
097,b02-097-03-00 and
097,b02-097-03-02 ones
097,b02-097-03-04 but
097,b02-097-03-05 without
097,b02-097-03-06 it
097,b02-097-03-08 we
097,b02-097-03-09 could
097,b02-097-03-10 not
097,b02-097-04-00 look
097,b02-097-04-01 for
097,b02-097-04-02 them
097,b02-097-04-04 Federal
097,b02-097-04-05 Germany
097,b02-097-04-06 votes
097,b02-097-05-00 and
097,b02-097-05-01 not
097,b02-097-05-03 day
097,b02-097-05-04 too
097,b02-097-05-05 soon
097,b02-097-05-07 There
097,b02-097-05-08 can
097,b02-097-05-09 seldom
097,b02-097-05-10 have
097,b02-097-06-00 been
097,b02-097-06-01 an
097,b02-097-06-04 which
097,b02-097-06-05 more
097,b02-097-06-06 people
097,b02-097-07-00 in
097,b02-097-07-01 and
097,b02-097-07-02 out
097,b02-097-07-03 of
097,b02-097-07-04 the
097,b02-097-07-05 country
097,b02-097-07-06 wanted
097,b02-097-07-07 to
097,b02-097-07-08 see
097,b02-097-07-09 over
097,b02-097-08-00 and
097,b02-097-08-01 done
097,b02-097-08-02 with
