062,a04-066-00-00 Mr
062,a04-066-00-02 added
062,a04-066-00-03 that
062,a04-066-00-05 with
062,a04-066-00-06 the
062,a04-066-01-01 was
062,a04-066-01-02 not
062,a04-066-01-05 though
062,a04-066-02-00 he
062,a04-066-02-02 their
062,a04-066-02-03 views
062,a04-066-02-05 He
062,a04-066-02-06 saw
062,a04-066-02-07 by
062,a04-066-02-08 reports
062,a04-066-03-00 that
062,a04-066-03-02 those
062,a04-066-03-03 who
062,a04-066-03-05 these
062,a04-066-03-06 things
062,a04-066-03-08 were
062,a04-066-04-01 the
062,a04-066-04-03 of
062,a04-066-04-05 nuclear
062,a04-066-05-01 to
062,a04-066-05-02 shift
062,a04-066-05-03 the
062,a04-066-05-05 of
062,a04-066-06-00 their
062,a04-066-06-02 away
062,a04-066-06-03 from
062,a04-066-07-00 to
062,a04-066-07-01 the
062,a04-066-07-04 on
062,a04-066-07-05 to
062,a04-066-08-00 to
062,a04-066-08-01 the
062,a04-066-08-02 Polaris
062,a04-066-08-03 base
062,a04-069-00-00 To
062,a04-069-00-04 Mr
062,a04-069-00-06 said
062,a04-069-00-07 the
062,a04-069-01-00 Prime
062,a04-069-01-02 should
062,a04-069-01-03 begin
062,a04-069-01-04 to
062,a04-069-01-05 take
062,a04-069-02-01 the
062,a04-069-02-02 danger
062,a04-069-02-03 of
062,a04-069-02-04 the
062,a04-069-02-05 spread
062,a04-069-02-06 of
062,a04-069-02-07 nuclear
062,a04-069-03-00 weapons
062,a04-069-03-01 within
062,a04-069-03-02 the
062,a04-069-03-03 Nato
062,a04-069-03-07 Let
062,a04-069-03-08 us
062,a04-069-03-09 say
062,a04-069-04-00 to
062,a04-069-04-02 that
062,a04-069-04-03 he
062,a04-069-04-04 should
062,a04-069-04-05 press
062,a04-069-04-08 hope
062,a04-069-05-00 with
062,a04-069-05-01 the
062,a04-069-05-03 of
062,a04-069-05-04 Kennedy
062,a04-069-05-06 in
062,a04-069-06-00 talks
062,a04-069-06-01 with
062,a04-069-06-02 the
062,a04-069-06-03 Soviet
062,a04-069-06-04 Union
062,a04-069-06-06 for
062,a04-069-06-07 the
062,a04-069-07-00 in
062,a04-069-07-01 central
062,a04-069-07-02 Europe
062,a04-069-07-03 of
062,a04-069-07-05 zone
062,a04-069-07-06 of
062,a04-072-00-00 He
062,a04-072-00-01 thought
062,a04-072-00-03 he
062,a04-072-00-04 said
062,a04-072-00-06 that
062,a04-072-00-07 the
062,a04-072-00-08 Soviet
062,a04-072-01-00 Union
062,a04-072-01-01 would
062,a04-072-01-02 be
062,a04-072-01-04 to
062,a04-072-01-05 reach
062,a04-072-02-00 an
062,a04-072-02-02 on
062,a04-072-02-04 zone
062,a04-072-02-05 of
062,a04-072-03-01 in
062,a04-072-03-02 Europe
062,a04-072-03-04 Mr
062,a04-072-04-03 that
062,a04-072-04-04 the
062,a04-072-04-05 present
062,a04-072-05-00 was
062,a04-072-05-01 the
062,a04-072-05-03 of
062,a04-072-05-05 great
062,a04-072-05-06 period
062,a04-072-05-07 of
062,a04-072-06-01 for
062,a04-072-06-02 the
062,a04-072-06-03 party
062,a04-072-06-05 It
062,a04-072-06-06 was
062,a04-072-07-00 great
062,a04-072-07-01 chance
062,a04-072-07-02 that
062,a04-072-07-03 should
062,a04-072-07-04 be
062,a04-072-07-05 grasped
062,a04-072-08-02 prevent
062,a04-072-08-03 the
062,a04-072-09-01 of
062,a04-072-09-03 common
062,a04-072-09-04 policy
062,a04-072-09-05 for
062,a04-072-09-06 wages
062,a04-072-10-00 and
062,a04-072-10-01 other
062,a04-072-10-02 major
062,a04-072-10-06 Jack
062,a04-072-10-07 Cooper
