342,g06-042k-00-00 Nor
342,g06-042k-00-01 is
342,g06-042k-00-02 this
342,g06-042k-00-03 to
342,g06-042k-00-04 be
342,g06-042k-00-06 at
342,g06-042k-00-08 for
342,g06-042k-00-09 even
342,g06-042k-00-10 today
342,g06-042k-00-12 in
342,g06-042k-01-00 the
342,g06-042k-01-03 no
342,g06-042k-01-04 cure
342,g06-042k-01-05 has
342,g06-042k-01-06 been
342,g06-042k-01-07 found
342,g06-042k-01-08 for
342,g06-042k-01-09 the
342,g06-042k-02-03 As
342,g06-042k-02-04 early
342,g06-042k-02-05 as
342,g06-042k-02-08 when
342,g06-042k-03-01 himself
342,g06-042k-03-02 to
342,g06-042k-03-03 be
342,g06-042k-03-04 on
342,g06-042k-03-05 the
342,g06-042k-03-06 point
342,g06-042k-03-07 of
342,g06-042k-03-08 death
342,g06-042k-04-00 the
342,g06-042k-04-01 new
342,g06-042k-04-02 German
342,g06-042k-04-04 method
342,g06-042k-04-05 known
342,g06-042k-04-06 as
342,g06-042k-05-01 had
342,g06-042k-05-02 been
342,g06-042k-05-03 brought
342,g06-042k-05-04 to
342,g06-042k-05-05 his
342,g06-042k-05-06 notice
342,g06-011k-00-00 By
342,g06-011k-00-01 the
342,g06-011k-00-02 end
342,g06-011k-00-03 of
342,g06-011k-00-04 the
342,g06-011k-00-05 month
342,g06-011k-00-06 he
342,g06-011k-00-07 still
342,g06-011k-00-09 in
342,g06-011k-01-00 Naples
342,g06-011k-01-02 He
342,g06-011k-01-03 told
342,g06-011k-01-05 that
342,g06-011k-01-06 he
342,g06-011k-01-07 enjoyed
342,g06-011k-01-08 it
342,g06-011k-01-09 as
342,g06-011k-02-00 much
342,g06-011k-02-01 as
342,g06-011k-02-02 his
342,g06-011k-02-03 health
342,g06-011k-02-05 him
342,g06-011k-02-06 to
342,g06-011k-02-07 enjoy
342,g06-011k-03-03 The
342,g06-011k-03-04 Pearl
342,g06-011k-03-07 he
342,g06-011k-03-08 wrote
342,g06-011k-03-11 is
342,g06-011k-03-12 arrived
342,g06-011k-03-14 which
342,g06-011k-04-00 is
342,g06-011k-04-02 great
342,g06-011k-04-06 seems
342,g06-011k-04-07 to
342,g06-011k-04-08 be
342,g06-011k-04-09 tired
342,g06-011k-05-00 he
342,g06-011k-05-01 is
342,g06-011k-05-02 going
342,g06-011k-05-03 out
342,g06-011k-05-04 fast
342,g06-011k-05-07 What
342,g06-011k-05-09 gay
342,g06-011k-05-11 lively
342,g06-011k-06-00 people
342,g06-011k-06-02 and
342,g06-011k-06-03 what
342,g06-011k-06-05 busy
342,g06-011k-06-06 town
342,g06-011k-06-08 At
342,g06-011k-06-09 Rome
342,g06-011k-06-11 every
342,g06-011k-07-00 other
342,g06-011k-07-01 man
342,g06-011k-07-02 was
342,g06-011k-07-04 priest
342,g06-011k-07-06 here
342,g06-011k-07-07 the
342,g06-011k-07-08 priest
342,g06-011k-07-09 is
342,g06-011k-08-01 by
342,g06-011k-08-02 the
342,g06-011k-08-03 soldier
342,g06-011k-08-07 change
342,g06-011k-09-00 in
342,g06-011k-09-01 my
342,g06-011k-09-02 eye
342,g06-011k-09-05 as
342,g06-011k-09-06 the
342,g06-011k-09-07 troops
342,g06-011k-09-08 are
342,g06-011k-10-00 very
342,g06-011k-10-01 fine
342,g06-026k-00-02 life
342,g06-026k-00-03 truly
342,g06-026k-00-06 It
342,g06-026k-00-07 so
342,g06-026k-00-08 happens
342,g06-026k-00-09 that
342,g06-026k-00-11 have
342,g06-026k-01-00 an
342,g06-026k-01-01 Italian
342,g06-026k-01-02 who
342,g06-026k-01-03 is
342,g06-026k-01-04 perhaps
342,g06-026k-01-05 the
342,g06-026k-01-06 best
342,g06-026k-01-07 Valet
342,g06-026k-01-08 de
342,g06-026k-02-00 Chambre
342,g06-026k-02-01 that
342,g06-026k-02-02 ever
342,g06-026k-02-03 was
342,g06-026k-02-05 But
342,g06-026k-02-06 he
342,g06-026k-02-07 has
342,g06-026k-02-08 not
342,g06-026k-02-09 one
342,g06-026k-02-10 word
342,g06-026k-03-00 of
342,g06-026k-03-01 English
342,g06-026k-03-04 While
342,g06-026k-03-05 he
342,g06-026k-03-06 was
342,g06-026k-03-07 writing
342,g06-026k-03-08 this
342,g06-026k-03-09 letter
342,g06-026k-03-10 he
342,g06-026k-04-00 heard
342,g06-026k-04-01 of
342,g06-026k-04-02 the
342,g06-026k-04-03 fall
342,g06-026k-04-04 of
342,g06-026k-04-05 the
342,g06-026k-04-06 Whigs
342,g06-026k-04-08 and
342,g06-026k-04-09 the
342,g06-026k-05-01 of
342,g06-026k-05-02 the
342,g06-026k-05-04 by
342,g06-026k-05-05 the
342,g06-026k-05-06 Duke
342,g06-026k-05-07 of
342,g06-037k-00-00 God
342,g06-037k-00-01 grant
342,g06-037k-00-03 however
342,g06-037k-00-05 that
342,g06-037k-00-07 may
342,g06-037k-00-08 be
342,g06-037k-00-10 false
342,g06-037k-00-11 prophet
342,g06-037k-01-01 that
342,g06-037k-01-02 all
342,g06-037k-01-03 may
342,g06-037k-01-04 go
342,g06-037k-01-05 well
342,g06-037k-01-07 Sir
342,g06-037k-01-09 Peel
342,g06-037k-01-10 was
342,g06-037k-01-11 here
342,g06-037k-02-02 but
342,g06-037k-02-03 an
342,g06-037k-02-04 express
342,g06-037k-02-05 took
342,g06-037k-02-06 him
342,g06-037k-02-07 off
342,g06-037k-03-00 While
342,g06-037k-03-01 he
342,g06-037k-03-02 was
342,g06-037k-03-03 in
342,g06-037k-03-04 Naples
342,g06-037k-03-05 there
342,g06-037k-03-06 had
342,g06-037k-03-07 opened
342,g06-037k-03-09 new
342,g06-037k-03-10 chapter
342,g06-037k-04-00 in
342,g06-037k-04-01 the
342,g06-037k-04-02 history
342,g06-037k-04-03 of
342,g06-037k-04-06 search
342,g06-037k-04-07 for
342,g06-037k-05-00 an
342,g06-037k-05-03 of
342,g06-037k-05-04 his
342,g06-037k-05-05 painful
342,g06-037k-05-06 malady
342,g06-037k-05-08 None
342,g06-037k-06-00 of
342,g06-037k-06-01 the
342,g06-037k-06-05 to
342,g06-037k-06-06 which
342,g06-037k-06-07 he
342,g06-037k-07-00 had
342,g06-037k-07-01 been
342,g06-037k-07-03 ever
342,g06-037k-07-04 since
342,g06-037k-07-05 the
342,g06-037k-07-07 had
342,g06-037k-08-00 first
342,g06-037k-08-01 shown
342,g06-037k-08-04 years
342,g06-037k-08-05 before
342,g06-037k-09-00 had
342,g06-037k-09-01 had
342,g06-037k-09-02 the
342,g06-037k-09-04 effect
342,g06-031k-00-01 What
342,g06-031k-00-04 event
342,g06-031k-00-07 he
342,g06-031k-00-08 wrote
342,g06-031k-00-12 tremble
342,g06-031k-00-14 What
342,g06-031k-01-04 am
342,g06-031k-01-07 but
342,g06-031k-01-09 really
342,g06-031k-02-00 tremble
342,g06-031k-02-01 for
342,g06-031k-02-02 my
342,g06-031k-02-03 country
342,g06-031k-02-06 may
342,g06-031k-02-07 be
342,g06-031k-03-01 cannot
342,g06-031k-03-02 but
342,g06-031k-03-03 fear
342,g06-031k-03-04 that
342,g06-031k-03-05 the
342,g06-031k-03-07 of
342,g06-031k-03-08 the
342,g06-031k-04-00 People
342,g06-031k-04-01 will
342,g06-031k-04-02 be
342,g06-031k-04-03 so
342,g06-031k-04-04 great
342,g06-031k-04-05 at
342,g06-031k-04-06 the
342,g06-031k-04-07 return
342,g06-031k-04-08 of
342,g06-031k-05-02 that
342,g06-031k-05-03 the
342,g06-031k-05-04 Commons
342,g06-031k-05-05 House
342,g06-031k-05-06 upon
342,g06-031k-06-03 which
342,g06-031k-06-04 must
342,g06-031k-06-05 be
342,g06-031k-06-06 had
342,g06-031k-06-08 will
342,g06-031k-06-09 be
342,g06-031k-07-00 mass
342,g06-031k-07-01 of
342,g06-031k-07-05 then
342,g06-031k-07-06 God
342,g06-031k-07-07 knows
342,g06-031k-07-08 what
342,g06-031k-08-00 may
342,g06-031k-08-01 happen
342,g06-018k-00-00 When
342,g06-018k-00-01 the
342,g06-018k-00-02 sailing
342,g06-018k-00-03 season
342,g06-018k-00-04 was
342,g06-018k-00-05 past
342,g06-018k-00-07 he
342,g06-018k-00-08 sent
342,g06-018k-00-09 Pearl
342,g06-018k-01-00 back
342,g06-018k-01-01 to
342,g06-018k-01-02 England
342,g06-018k-01-04 and
342,g06-018k-01-06 to
342,g06-018k-01-07 Rome
342,g06-018k-01-08 for
342,g06-018k-01-09 the
342,g06-018k-02-01 winter
342,g06-018k-02-03 In
342,g06-018k-02-04 late
342,g06-018k-02-07 he
342,g06-018k-02-08 was
342,g06-018k-02-11 as
342,g06-018k-03-00 usual
342,g06-018k-03-03 but
342,g06-018k-03-04 hoped
342,g06-018k-03-06 he
342,g06-018k-03-07 told
342,g06-018k-03-08 Arthur
342,g06-018k-03-11 to
342,g06-018k-03-12 find
342,g06-018k-03-13 this
342,g06-018k-04-00 place
342,g06-018k-04-01 agree
342,g06-018k-04-02 with
342,g06-018k-04-03 me
342,g06-018k-04-04 better
342,g06-018k-04-05 than
342,g06-018k-04-06 Naples
342,g06-018k-04-08 The
342,g06-018k-05-00 journey
342,g06-018k-05-01 has
342,g06-018k-05-02 been
342,g06-018k-05-03 against
342,g06-018k-05-04 me
342,g06-018k-05-06 as
342,g06-018k-05-07 there
342,g06-018k-05-08 has
342,g06-018k-05-09 been
342,g06-018k-06-00 much
342,g06-018k-06-01 rain
342,g06-018k-06-02 and
342,g06-018k-06-03 damp
342,g06-018k-06-05 but
342,g06-018k-06-06 the
342,g06-018k-06-08 is
342,g06-018k-06-09 high
342,g06-018k-07-02 have
342,g06-018k-07-03 not
342,g06-018k-07-04 yet
342,g06-018k-07-05 thought
342,g06-018k-07-06 of
342,g06-018k-07-08 fire
342,g06-047k-00-00 This
342,g06-047k-00-02 man
342,g06-047k-00-03 of
342,g06-047k-00-06 whom
342,g06-047k-00-07 Sir
342,g06-047k-01-00 Francis
342,g06-047k-01-01 Burdett
342,g06-047k-01-03 to
342,g06-047k-01-06 year
342,g06-047k-01-07 or
342,g06-047k-01-08 two
342,g06-047k-02-00 later
342,g06-047k-02-01 as
342,g06-047k-02-03 more
342,g06-047k-02-04 like
342,g06-047k-02-06 God
342,g06-047k-02-07 upon
342,g06-047k-02-08 earth
342,g06-047k-02-09 than
342,g06-047k-03-01 human
342,g06-047k-03-02 being
342,g06-047k-03-05 had
342,g06-047k-03-06 an
342,g06-047k-03-08 number
342,g06-047k-03-09 of
342,g06-047k-04-01 among
342,g06-047k-04-03 medical
342,g06-047k-04-04 men
342,g06-047k-04-05 in
342,g06-047k-04-06 the
342,g06-047k-05-00 cities
342,g06-047k-05-01 of
342,g06-047k-05-02 Europe
342,g06-047k-05-04 One
342,g06-047k-05-05 of
342,g06-047k-05-06 these
342,g06-047k-05-07 was
342,g06-047k-05-08 the
342,g06-047k-06-00 Dr
342,g06-047k-06-02 Mauro
342,g06-047k-06-04 whom
342,g06-047k-06-07 in
342,g06-047k-07-00 May
342,g06-050k-00-01 first
342,g06-050k-00-02 action
342,g06-050k-00-03 was
342,g06-050k-00-04 to
342,g06-050k-00-05 write
342,g06-050k-00-06 to
342,g06-050k-00-07 his
342,g06-050k-00-08 revered
342,g06-050k-01-00 master
342,g06-050k-01-01 at
342,g06-050k-01-04 near
342,g06-050k-01-05 Leipzig
342,g06-050k-01-07 asking
342,g06-050k-02-00 for
342,g06-050k-02-01 advice
342,g06-050k-02-03 In
342,g06-050k-02-04 doing
342,g06-050k-02-05 so
342,g06-050k-02-06 he
342,g06-050k-02-08 his
342,g06-050k-03-01 patient
342,g06-050k-03-02 and
342,g06-050k-03-03 his
342,g06-050k-03-06 He
342,g06-050k-04-00 told
342,g06-050k-04-02 that
342,g06-050k-04-03 he
342,g06-050k-04-04 found
342,g06-050k-05-00 strong
342,g06-050k-05-03 man
342,g06-050k-05-04 with
342,g06-050k-05-06 gentle
342,g06-050k-05-07 and
342,g06-050k-06-04 and
342,g06-050k-06-05 sedate
342,g06-050k-07-00 not
342,g06-050k-07-01 easily
342,g06-050k-07-04 patient
342,g06-050k-07-05 and
342,g06-050k-08-01 but
342,g06-050k-08-02 he
342,g06-050k-08-03 appears
342,g06-050k-08-04 to
342,g06-050k-08-05 despair
342,g06-050k-08-06 of
342,g06-050k-08-07 ever
342,g06-050k-08-08 being
342,g06-050k-08-09 cured
342,g06-045k-00-00 In
342,g06-045k-00-01 April
342,g06-045k-00-02 of
342,g06-045k-00-03 that
342,g06-045k-00-04 year
342,g06-045k-00-05 his
342,g06-045k-00-06 first
342,g06-045k-01-00 the
342,g06-045k-01-02 Lord
342,g06-045k-01-05 had
342,g06-045k-01-06 written
342,g06-045k-01-07 to
342,g06-045k-01-08 advise
342,g06-045k-02-01 to
342,g06-045k-02-02 give
342,g06-045k-02-03 the
342,g06-045k-02-04 system
342,g06-045k-02-06 trial
342,g06-045k-02-08 adding
342,g06-045k-02-09 that
342,g06-045k-02-10 it
342,g06-045k-03-00 was
342,g06-045k-03-01 being
342,g06-045k-03-03 with
342,g06-045k-03-05 success
342,g06-045k-03-06 in
342,g06-045k-04-00 France
342,g06-045k-04-01 and
342,g06-045k-04-02 Italy
342,g06-045k-04-04 and
342,g06-045k-04-05 that
342,g06-045k-04-06 he
342,g06-045k-04-07 himself
342,g06-045k-04-08 was
342,g06-045k-04-09 being
342,g06-045k-05-00 treated
342,g06-045k-05-01 under
342,g06-045k-05-03 doctor
342,g06-045k-05-04 who
342,g06-045k-05-05 had
342,g06-045k-05-06 studied
342,g06-045k-05-07 under
342,g06-045k-06-00 its
342,g06-045k-06-01 founder
342,g06-045k-06-03 the
342,g06-045k-06-04 aged
342,g06-045k-06-06 Samuel
