587,n04-202-00-00 Glad
587,n04-202-00-02 met
587,n04-202-00-03 you
587,n04-202-00-06 forget
587,n04-202-00-07 to
587,n04-202-00-08 give
587,n04-202-00-09 me
587,n04-202-00-11 ring
587,n04-202-01-00 any
587,n04-202-01-01 time
587,n04-202-01-03 knock
587,n04-202-01-04 twice
587,n04-202-01-05 and
587,n04-202-01-06 ask
587,n04-202-01-07 for
587,n04-202-01-08 Bawley
587,n04-202-01-10 what
587,n04-202-02-03 know
587,n04-202-02-04 when
587,n04-202-02-05 that
587,n04-202-02-06 will
587,n04-202-02-07 be
587,n04-202-02-10 said
587,n04-202-02-11 John
587,n04-202-03-02 shall
587,n04-202-03-03 be
587,n04-202-03-04 busy
587,n04-202-03-05 for
587,n04-202-03-07 while
587,n04-202-03-10 up
587,n04-202-03-11 after
587,n04-202-04-00 Master
587,n04-202-04-01 bloody
587,n04-202-04-02 Munyard
587,n04-202-04-05 THERE
587,n04-202-04-06 were
587,n04-202-04-07 six
587,n04-202-05-00 lying
587,n04-202-05-01 in
587,n04-202-05-02 pairs
587,n04-202-05-04 the
587,n04-202-05-05 jetty
587,n04-202-05-06 at
587,n04-202-05-07 Fort
587,n04-202-06-00 Black
587,n04-202-06-01 and
587,n04-202-06-02 grimly
587,n04-202-06-04 they
587,n04-202-06-05 both
587,n04-202-06-06 looked
587,n04-202-06-07 and
587,n04-202-07-00 sounded
587,n04-202-07-02 for
587,n04-202-07-03 all
587,n04-202-07-04 of
587,n04-202-07-05 them
587,n04-202-07-06 were
587,n04-202-07-08 as
587,n04-202-07-09 they
587,n04-202-08-00 charged
587,n04-202-08-01 their
587,n04-209-00-01 light
587,n04-209-00-02 wind
587,n04-209-00-03 wafted
587,n04-209-00-04 the
587,n04-209-00-05 smoke
587,n04-209-00-06 of
587,n04-209-00-07 diesel
587,n04-209-00-08 exhaust
587,n04-209-00-09 in
587,n04-209-01-00 through
587,n04-209-01-01 the
587,n04-209-01-02 open
587,n04-209-01-03 windows
587,n04-209-01-04 of
587,n04-209-01-05 the
587,n04-209-01-07 house
587,n04-209-01-09 It
587,n04-209-02-01 every
587,n04-209-02-02 room
587,n04-209-02-03 but
587,n04-209-02-04 neither
587,n04-209-02-05 Harry
587,n04-209-02-06 nor
587,n04-209-03-00 Turton
587,n04-209-03-01 noticed
587,n04-209-03-02 its
587,n04-209-03-04 as
587,n04-209-03-05 they
587,n04-209-03-06 sat
587,n04-209-03-07 in
587,n04-209-03-08 silence
587,n04-209-03-09 over
587,n04-209-04-05 usually
587,n04-209-04-07 very
587,n04-209-05-01 lady
587,n04-209-05-04 her
587,n04-209-06-02 for
587,n04-209-06-03 she
587,n04-209-06-04 knew
587,n04-209-06-05 they
587,n04-209-06-08 worry
587,n04-209-06-09 of
587,n04-209-07-00 some
587,n04-209-07-01 sort
587,n04-213-00-00 There
587,n04-213-00-01 had
587,n04-213-00-02 been
587,n04-213-00-03 many
587,n04-213-00-04 such
587,n04-213-00-06 lately
587,n04-213-00-07 since
587,n04-213-00-08 the
587,n04-213-01-00 affair
587,n04-213-01-01 of
587,n04-213-01-04 Harry
587,n04-213-01-05 had
587,n04-213-01-06 lost
587,n04-213-01-08 good
587,n04-213-01-09 deal
587,n04-213-01-10 of
587,n04-213-01-11 weight
587,n04-213-02-00 His
587,n04-213-02-01 normal
587,n04-213-02-02 placid
587,n04-213-02-03 and
587,n04-213-02-05 manner
587,n04-213-03-00 but
587,n04-213-03-01 she
587,n04-213-03-02 could
587,n04-213-03-03 see
587,n04-213-03-04 that
587,n04-213-03-05 it
587,n04-213-03-06 no
587,n04-213-03-07 longer
587,n04-213-03-08 came
587,n04-213-04-00 It
587,n04-213-04-01 is
587,n04-213-04-02 the
587,n04-213-04-03 common
587,n04-213-04-04 lot
587,n04-213-04-05 of
587,n04-213-04-06 all
587,n04-213-04-08 Senior
587,n04-213-05-00 to
587,n04-213-05-02 such
587,n04-213-05-04 as
587,n04-213-05-05 the
587,n04-213-05-06 loss
587,n04-213-05-07 of
587,n04-213-06-00 though
587,n04-213-06-01 in
587,n04-213-06-02 peace
587,n04-213-06-03 time
587,n04-213-06-04 these
587,n04-213-06-06 are
587,n04-213-06-07 few
587,n04-213-06-08 and
587,n04-213-07-00 far
587,n04-213-07-01 between
587,n04-218-00-00 This
587,n04-218-00-01 is
587,n04-218-00-02 the
587,n04-218-00-03 testing
587,n04-218-00-04 time
587,n04-218-00-05 for
587,n04-218-00-06 all
587,n04-218-00-08 The
587,n04-218-00-09 affair
587,n04-218-00-10 blows
587,n04-218-00-11 up
587,n04-218-00-12 into
587,n04-218-01-03 and
587,n04-218-01-04 then
587,n04-218-01-05 when
587,n04-218-01-06 it
587,n04-218-01-07 is
587,n04-218-01-08 all
587,n04-218-01-09 over
587,n04-218-01-10 life
587,n04-218-02-00 must
587,n04-218-02-02 as
587,n04-218-02-03 before
587,n04-218-02-05 During
587,n04-218-02-06 this
587,n04-218-02-07 period
587,n04-218-02-08 the
587,n04-218-02-09 Captain
587,n04-218-03-00 must
587,n04-218-03-01 present
587,n04-218-03-02 an
587,n04-218-03-05 and
587,n04-218-03-06 carry
587,n04-218-03-07 on
587,n04-218-03-08 as
587,n04-218-04-00 if
587,n04-218-04-01 nothing
587,n04-218-04-02 unusual
587,n04-218-04-03 has
587,n04-218-04-06 Harry
587,n04-218-04-07 Turton
587,n04-218-04-08 had
587,n04-218-05-00 written
587,n04-218-05-01 letters
587,n04-218-05-02 to
587,n04-218-05-03 the
587,n04-218-05-06 had
587,n04-218-05-07 visited
587,n04-218-05-08 many
587,n04-218-05-09 in
587,n04-218-05-10 the
587,n04-218-06-02 had
587,n04-218-06-03 been
587,n04-218-06-05 by
587,n04-218-06-06 the
587,n04-218-06-07 Press
587,n04-218-06-09 had
587,n04-218-06-10 driven
587,n04-218-07-00 his
587,n04-218-07-04 good
587,n04-218-07-05 deal
587,n04-218-07-06 harder
587,n04-218-07-07 than
587,n04-218-08-00 usual
587,n04-218-08-01 and
587,n04-218-08-02 in
587,n04-218-08-03 fact
587,n04-218-08-04 had
587,n04-218-08-05 applied
587,n04-218-08-06 all
587,n04-218-08-07 the
587,n04-218-08-08 usual
587,n04-218-09-01 for
587,n04-218-09-02 such
