162,c04-050-00-00 Their
162,c04-050-00-02 last
162,c04-050-00-03 night
162,c04-050-00-05 little
162,c04-050-01-00 from
162,c04-050-01-01 their
162,c04-050-01-02 earlier
162,c04-050-01-03 act
162,c04-050-01-04 on
162,c04-050-01-05 this
162,c04-050-01-06 show
162,c04-050-01-08 week
162,c04-050-02-00 or
162,c04-050-02-01 so
162,c04-050-02-02 ago
162,c04-050-02-04 But
162,c04-050-02-05 the
162,c04-050-02-08 with
162,c04-050-02-09 Jeff
162,c04-050-02-10 Mudd
162,c04-050-03-00 out
162,c04-050-03-01 of
162,c04-050-03-02 the
162,c04-050-03-03 Army
162,c04-050-03-04 and
162,c04-050-03-05 back
162,c04-050-03-06 with
162,c04-050-03-07 sister
162,c04-050-03-08 Mary
162,c04-050-04-00 and
162,c04-050-04-01 brother
162,c04-050-04-02 Fred
162,c04-050-04-04 were
162,c04-050-04-05 in
162,c04-050-04-06 bright
162,c04-050-04-08 zestful
162,c04-050-05-00 form
162,c04-050-05-02 Why
162,c04-050-05-03 only
162,c04-050-05-04 two
162,c04-050-05-05 numbers
162,c04-050-05-07 though
162,c04-050-05-09 It
162,c04-050-06-00 was
162,c04-050-06-01 not
162,c04-050-06-02 enough
162,c04-050-06-06 FAIR
162,c04-050-06-07 COP
162,c04-050-06-10 the
162,c04-050-07-01 farce
162,c04-050-07-02 last
162,c04-050-07-03 night
162,c04-050-07-05 looked
162,c04-050-07-06 like
162,c04-050-08-01 rabbit
162,c04-050-08-02 warren
162,c04-050-08-03 in
162,c04-050-08-05 field
162,c04-050-08-06 of
162,c04-050-08-07 corn
162,c04-056-00-02 recall
162,c04-056-00-05 where
162,c04-056-00-06 so
162,c04-056-00-07 many
162,c04-056-01-00 comics
162,c04-056-01-01 bolted
162,c04-056-01-02 in
162,c04-056-01-03 and
162,c04-056-01-04 out
162,c04-056-01-05 of
162,c04-056-01-06 holes
162,c04-056-01-07 so
162,c04-056-01-08 often
162,c04-056-02-00 The
162,c04-056-02-01 jokes
162,c04-056-02-02 were
162,c04-056-02-05 of
162,c04-056-02-06 the
162,c04-056-02-07 same
162,c04-056-02-08 old
162,c04-056-03-00 lot
162,c04-056-03-02 this
162,c04-056-03-03 time
162,c04-056-03-04 Brian
162,c04-056-03-05 Rix
162,c04-056-03-06 lost
162,c04-056-03-07 his
162,c04-056-03-08 skirt
162,c04-056-03-09 instead
162,c04-056-04-00 of
162,c04-056-04-01 his
162,c04-056-04-04 The
162,c04-056-04-05 action
162,c04-056-04-06 moved
162,c04-056-04-07 at
162,c04-056-05-00 speed
162,c04-056-05-02 backed
162,c04-056-05-03 by
162,c04-056-05-04 some
162,c04-056-05-06 timing
162,c04-056-05-07 by
162,c04-056-06-00 the
162,c04-056-06-01 cast
162,c04-056-06-05 liked
162,c04-056-06-06 the
162,c04-056-07-00 scene
162,c04-056-07-01 where
162,c04-056-07-02 six
162,c04-056-07-03 of
162,c04-056-07-04 the
162,c04-056-07-05 cast
162,c04-056-07-06 changed
162,c04-056-08-00 cups
162,c04-056-08-01 with
162,c04-056-08-02 the
162,c04-056-08-04 of
162,c04-056-08-05 Chinese
