036,a02-086-00-01 Against
036,a02-086-00-02 this
036,a02-086-00-04 must
036,a02-086-00-05 be
036,a02-086-00-06 taken
036,a02-086-01-03 that
036,a02-086-01-04 all
036,a02-086-01-05 he
036,a02-086-01-06 is
036,a02-086-02-00 doing
036,a02-086-02-01 is
036,a02-086-02-02 in
036,a02-086-02-03 the
036,a02-086-02-04 name
036,a02-086-02-05 of
036,a02-086-02-09 said
036,a02-086-03-00 Sir
036,a02-086-03-01 Roy
036,a02-086-03-05 am
036,a02-086-03-06 now
036,a02-086-03-08 to
036,a02-086-03-09 say
036,a02-086-03-10 that
036,a02-086-04-02 accept
036,a02-086-04-03 his
036,a02-086-04-04 good
036,a02-086-04-05 faith
036,a02-086-04-08 He
036,a02-086-04-09 said
036,a02-086-05-01 Kaunda
036,a02-086-05-02 must
036,a02-086-05-03 know
036,a02-086-05-04 that
036,a02-086-05-05 his
036,a02-086-06-00 had
036,a02-086-06-04 but
036,a02-086-06-05 he
036,a02-086-06-06 had
036,a02-086-06-07 done
036,a02-086-07-00 nothing
036,a02-086-07-01 to
036,a02-086-07-02 stop
036,a02-086-07-03 it
