214,e01-086-00-00 Two
214,e01-086-00-01 methods
214,e01-086-00-02 can
214,e01-086-00-03 be
214,e01-086-00-04 used
214,e01-086-00-05 to
214,e01-086-00-06 join
214,e01-086-00-07 the
214,e01-086-00-08 crochet
214,e01-086-00-09 to
214,e01-086-00-10 the
214,e01-086-00-11 linen
214,e01-086-01-03 Button
214,e01-086-01-04 Stitch
214,e01-086-01-05 round
214,e01-086-01-06 the
214,e01-086-01-07 outline
214,e01-086-01-08 of
214,e01-086-01-09 basting
214,e01-086-02-00 the
214,e01-086-02-01 knotted
214,e01-086-02-02 part
214,e01-086-02-03 of
214,e01-086-02-04 the
214,e01-086-02-05 button
214,e01-086-02-06 stitch
214,e01-086-02-07 lying
214,e01-086-02-08 on
214,e01-086-02-09 the
214,e01-086-03-00 outside
214,e01-086-03-01 edge
214,e01-086-03-03 Oversew
214,e01-086-03-04 crochet
214,e01-086-03-05 to
214,e01-086-03-06 button
214,e01-086-03-07 stitch
214,e01-086-04-03 Turn
214,e01-086-04-04 under
214,e01-086-04-06 small
214,e01-086-04-07 hem
214,e01-086-04-09 with
214,e01-086-04-10 fold
214,e01-086-04-11 lying
214,e01-086-04-12 on
214,e01-086-04-13 line
214,e01-086-05-00 of
214,e01-086-05-01 basting
214,e01-086-05-04 Work
214,e01-086-05-06 row
214,e01-086-05-07 of
214,e01-086-05-08 dc
214,e01-086-05-09 all
214,e01-086-05-10 round
214,e01-086-06-00 this
214,e01-086-06-01 hem
214,e01-086-06-03 with
214,e01-086-06-05 dc
214,e01-086-06-06 at
214,e01-086-06-07 each
214,e01-086-06-08 corner
214,e01-081-00-00 First
214,e01-081-00-01 launder
214,e01-081-00-02 crochet
214,e01-081-00-03 and
214,e01-081-00-04 then
214,e01-081-00-05 pin
214,e01-081-00-06 to
214,e01-081-00-07 the
214,e01-081-01-00 shape
214,e01-081-01-03 that
214,e01-081-01-04 all
214,e01-081-01-05 lines
214,e01-081-01-06 of
214,e01-081-01-07 the
214,e01-081-01-08 crochet
214,e01-081-01-09 are
214,e01-081-02-02 Place
214,e01-081-02-03 crochet
214,e01-081-02-04 in
214,e01-081-02-05 correct
214,e01-081-02-07 on
214,e01-081-02-08 linen
214,e01-081-02-09 and
214,e01-081-03-00 secure
214,e01-081-03-01 with
214,e01-081-03-02 pins
214,e01-081-03-04 Run
214,e01-081-03-06 line
214,e01-081-03-07 of
214,e01-081-03-08 basting
214,e01-081-04-00 on
214,e01-081-04-01 the
214,e01-081-04-02 linen
214,e01-081-04-04 the
214,e01-081-04-05 outline
214,e01-081-04-06 of
214,e01-081-04-07 the
214,e01-081-04-08 crochet
214,e01-081-04-09 edges
214,e01-081-05-00 which
214,e01-081-05-01 are
214,e01-081-05-02 to
214,e01-081-05-03 be
214,e01-081-05-05 to
214,e01-081-05-06 the
214,e01-081-05-07 linen
214,e01-081-05-09 Remove
214,e01-081-05-10 crochet
