332,g06-011a-00-00 By
332,g06-011a-00-01 the
332,g06-011a-00-02 end
332,g06-011a-00-03 of
332,g06-011a-00-04 the
332,g06-011a-00-05 month
332,g06-011a-00-06 he
332,g06-011a-00-07 still
332,g06-011a-00-09 in
332,g06-011a-01-00 Naples
332,g06-011a-01-02 He
332,g06-011a-01-03 told
332,g06-011a-01-05 that
332,g06-011a-01-06 he
332,g06-011a-01-07 enjoyed
332,g06-011a-01-08 it
332,g06-011a-01-09 as
332,g06-011a-02-00 much
332,g06-011a-02-01 as
332,g06-011a-02-02 his
332,g06-011a-02-03 health
332,g06-011a-02-05 him
332,g06-011a-02-06 to
332,g06-011a-02-07 enjoy
332,g06-011a-03-00 thing
332,g06-011a-03-03 The
332,g06-011a-03-04 Pearl
332,g06-011a-03-07 he
332,g06-011a-03-08 wrote
332,g06-011a-03-11 is
332,g06-011a-03-12 arrived
332,g06-011a-03-14 which
332,g06-011a-04-00 is
332,g06-011a-04-02 great
332,g06-011a-04-06 seems
332,g06-011a-04-07 to
332,g06-011a-04-08 be
332,g06-011a-04-09 tired
332,g06-011a-05-01 he
332,g06-011a-05-02 is
332,g06-011a-05-03 going
332,g06-011a-05-04 out
332,g06-011a-05-05 fast
332,g06-011a-05-08 What
332,g06-011a-05-10 gay
332,g06-011a-05-12 lively
332,g06-011a-06-00 people
332,g06-011a-06-02 and
332,g06-011a-06-03 what
332,g06-011a-06-05 busy
332,g06-011a-06-06 town
332,g06-011a-06-08 At
332,g06-011a-06-09 Rome
332,g06-011a-06-11 every
332,g06-011a-07-00 other
332,g06-011a-07-01 man
332,g06-011a-07-02 was
332,g06-011a-07-04 priest
332,g06-011a-07-06 here
332,g06-011a-07-07 the
332,g06-011a-07-08 priest
332,g06-011a-07-09 is
332,g06-011a-08-01 by
332,g06-011a-08-02 the
332,g06-011a-08-03 soldier
332,g06-011a-08-07 change
332,g06-011a-09-00 in
332,g06-011a-09-01 my
332,g06-011a-09-02 eye
332,g06-011a-09-05 as
332,g06-011a-09-06 the
332,g06-011a-09-07 troops
332,g06-011a-09-08 are
332,g06-011a-09-09 very
332,g06-011a-10-00 fine
332,g06-047a-00-00 This
332,g06-047a-00-02 man
332,g06-047a-00-03 of
332,g06-047a-00-06 whom
332,g06-047a-00-07 Sir
332,g06-047a-00-08 Francis
332,g06-047a-01-00 Burdett
332,g06-047a-01-02 to
332,g06-047a-01-05 year
332,g06-047a-01-06 or
332,g06-047a-01-07 two
332,g06-047a-01-08 later
332,g06-047a-02-00 as
332,g06-047a-02-02 more
332,g06-047a-02-03 like
332,g06-047a-02-05 God
332,g06-047a-02-06 upon
332,g06-047a-02-07 earth
332,g06-047a-02-08 than
332,g06-047a-02-10 human
332,g06-047a-03-00 being
332,g06-047a-03-03 had
332,g06-047a-03-04 an
332,g06-047a-03-06 number
332,g06-047a-03-07 of
332,g06-047a-04-00 among
332,g06-047a-04-02 medical
332,g06-047a-04-03 men
332,g06-047a-04-04 in
332,g06-047a-04-05 the
332,g06-047a-04-06 cities
332,g06-047a-05-00 of
332,g06-047a-05-01 Europe
332,g06-047a-05-03 One
332,g06-047a-05-04 of
332,g06-047a-05-05 these
332,g06-047a-05-06 was
332,g06-047a-05-07 the
332,g06-047a-06-00 Dr
332,g06-047a-06-02 Mauro
332,g06-047a-06-04 whom
332,g06-047a-07-00 in
332,g06-047a-07-02 May
332,g06-026a-00-02 life
332,g06-026a-00-03 truly
332,g06-026a-00-06 It
332,g06-026a-00-07 so
332,g06-026a-00-08 happens
332,g06-026a-00-09 that
332,g06-026a-01-00 have
332,g06-026a-01-01 an
332,g06-026a-01-02 Italian
332,g06-026a-01-03 who
332,g06-026a-01-04 is
332,g06-026a-01-05 perhaps
332,g06-026a-01-06 the
332,g06-026a-01-07 best
332,g06-026a-01-08 Valet
332,g06-026a-02-00 de
332,g06-026a-02-01 Chambre
332,g06-026a-02-02 that
332,g06-026a-02-03 ever
332,g06-026a-02-04 was
332,g06-026a-02-06 But
332,g06-026a-02-07 he
332,g06-026a-02-08 has
332,g06-026a-02-09 not
332,g06-026a-03-00 one
332,g06-026a-03-01 word
332,g06-026a-03-02 of
332,g06-026a-03-03 English
332,g06-026a-03-06 While
332,g06-026a-03-07 he
332,g06-026a-03-08 was
332,g06-026a-03-09 writing
332,g06-026a-04-00 this
332,g06-026a-04-01 letter
332,g06-026a-04-02 he
332,g06-026a-04-03 heard
332,g06-026a-04-04 of
332,g06-026a-04-05 the
332,g06-026a-04-06 fall
332,g06-026a-04-07 of
332,g06-026a-04-08 the
332,g06-026a-04-09 Whigs
332,g06-026a-04-11 and
332,g06-026a-04-12 the
332,g06-026a-05-02 of
332,g06-026a-05-03 the
332,g06-026a-05-05 by
332,g06-026a-06-00 the
332,g06-026a-06-01 Duke
332,g06-026a-06-02 of
332,g06-018a-00-00 When
332,g06-018a-00-01 the
332,g06-018a-00-02 sailing
332,g06-018a-00-03 season
332,g06-018a-00-04 was
332,g06-018a-00-05 past
332,g06-018a-00-07 he
332,g06-018a-00-08 sent
332,g06-018a-00-09 Pearl
332,g06-018a-01-00 back
332,g06-018a-01-01 to
332,g06-018a-01-02 England
332,g06-018a-01-04 and
332,g06-018a-01-06 to
332,g06-018a-01-07 Rome
332,g06-018a-01-08 for
332,g06-018a-01-09 the
332,g06-018a-02-00 winter
332,g06-018a-02-02 In
332,g06-018a-02-03 late
332,g06-018a-02-06 he
332,g06-018a-02-07 was
332,g06-018a-02-10 as
332,g06-018a-03-00 usual
332,g06-018a-03-03 but
332,g06-018a-03-04 hoped
332,g06-018a-03-06 he
332,g06-018a-03-07 told
332,g06-018a-03-08 Arthur
332,g06-018a-03-11 to
332,g06-018a-03-12 find
332,g06-018a-04-00 this
332,g06-018a-04-01 place
332,g06-018a-04-02 agree
332,g06-018a-04-03 with
332,g06-018a-04-04 me
332,g06-018a-04-05 better
332,g06-018a-04-06 than
332,g06-018a-04-07 Naples
332,g06-018a-05-00 The
332,g06-018a-05-01 journey
332,g06-018a-05-02 has
332,g06-018a-05-03 been
332,g06-018a-05-04 against
332,g06-018a-05-05 me
332,g06-018a-05-07 as
332,g06-018a-05-08 there
332,g06-018a-05-09 has
332,g06-018a-06-00 been
332,g06-018a-06-01 much
332,g06-018a-06-02 rain
332,g06-018a-06-03 and
332,g06-018a-06-04 damp
332,g06-018a-06-06 but
332,g06-018a-06-07 the
332,g06-018a-07-00 is
332,g06-018a-07-01 high
332,g06-018a-07-04 have
332,g06-018a-07-05 not
332,g06-018a-07-06 yet
332,g06-018a-07-07 thought
332,g06-018a-07-08 of
332,g06-018a-07-10 fire
332,g06-042a-00-00 Nor
332,g06-042a-00-01 is
332,g06-042a-00-02 this
332,g06-042a-00-03 to
332,g06-042a-00-04 be
332,g06-042a-00-06 at
332,g06-042a-00-08 for
332,g06-042a-00-09 even
332,g06-042a-00-10 today
332,g06-042a-01-00 in
332,g06-042a-01-01 the
332,g06-042a-01-04 no
332,g06-042a-01-05 cure
332,g06-042a-01-06 has
332,g06-042a-01-07 been
332,g06-042a-01-08 found
332,g06-042a-01-09 for
332,g06-042a-02-00 the
332,g06-042a-02-04 As
332,g06-042a-02-05 early
332,g06-042a-02-06 as
332,g06-042a-02-09 when
332,g06-042a-03-02 himself
332,g06-042a-03-03 to
332,g06-042a-03-04 be
332,g06-042a-03-05 on
332,g06-042a-03-06 the
332,g06-042a-03-07 point
332,g06-042a-04-00 of
332,g06-042a-04-01 death
332,g06-042a-04-03 the
332,g06-042a-04-04 new
332,g06-042a-04-05 German
332,g06-042a-04-07 method
332,g06-042a-05-00 known
332,g06-042a-05-01 as
332,g06-042a-05-03 had
332,g06-042a-05-04 been
332,g06-042a-05-05 brought
332,g06-042a-05-06 to
332,g06-042a-06-00 his
332,g06-042a-06-01 notice
332,g06-050a-00-01 first
332,g06-050a-00-02 action
332,g06-050a-00-03 was
332,g06-050a-00-04 to
332,g06-050a-00-05 write
332,g06-050a-00-06 to
332,g06-050a-00-07 his
332,g06-050a-00-08 revered
332,g06-050a-01-00 master
332,g06-050a-01-01 at
332,g06-050a-01-04 near
332,g06-050a-01-05 Leipzig
332,g06-050a-01-07 asking
332,g06-050a-01-08 for
332,g06-050a-01-09 advice
332,g06-050a-02-00 In
332,g06-050a-02-01 doing
332,g06-050a-02-02 so
332,g06-050a-02-03 he
332,g06-050a-02-05 his
332,g06-050a-02-07 patient
332,g06-050a-03-00 and
332,g06-050a-03-01 his
332,g06-050a-03-04 He
332,g06-050a-03-05 told
332,g06-050a-03-07 that
332,g06-050a-03-08 he
332,g06-050a-04-00 found
332,g06-050a-04-03 strong
332,g06-050a-04-06 man
332,g06-050a-04-07 with
332,g06-050a-05-00 gentle
332,g06-050a-05-01 and
332,g06-050a-06-00 and
332,g06-050a-06-01 sedate
332,g06-050a-06-03 not
332,g06-050a-06-04 easily
332,g06-050a-06-07 patient
332,g06-050a-06-08 and
332,g06-050a-07-03 but
332,g06-050a-07-04 he
332,g06-050a-07-05 appears
332,g06-050a-07-06 to
332,g06-050a-07-07 despair
332,g06-050a-07-08 of
332,g06-050a-07-09 ever
332,g06-050a-08-01 being
332,g06-050a-08-02 cured
332,g06-045a-00-00 In
332,g06-045a-00-01 April
332,g06-045a-00-02 of
332,g06-045a-00-03 that
332,g06-045a-00-04 year
332,g06-045a-00-05 his
332,g06-045a-00-06 first
332,g06-045a-01-00 the
332,g06-045a-01-02 Lord
332,g06-045a-01-05 had
332,g06-045a-01-06 written
332,g06-045a-01-07 to
332,g06-045a-02-00 advise
332,g06-045a-02-02 to
332,g06-045a-02-03 give
332,g06-045a-02-04 the
332,g06-045a-02-05 system
332,g06-045a-02-07 trial
332,g06-045a-02-09 adding
332,g06-045a-03-00 that
332,g06-045a-03-01 it
332,g06-045a-03-02 was
332,g06-045a-03-03 being
332,g06-045a-03-05 with
332,g06-045a-04-00 success
332,g06-045a-04-01 in
332,g06-045a-04-02 France
332,g06-045a-04-03 and
332,g06-045a-04-04 Italy
332,g06-045a-04-06 and
332,g06-045a-04-07 that
332,g06-045a-04-08 he
332,g06-045a-05-00 himself
332,g06-045a-05-01 was
332,g06-045a-05-02 being
332,g06-045a-05-03 treated
332,g06-045a-05-04 under
332,g06-045a-05-06 doctor
332,g06-045a-05-07 who
332,g06-045a-06-00 had
332,g06-045a-06-01 studied
332,g06-045a-06-02 under
332,g06-045a-06-03 its
332,g06-045a-06-04 founder
332,g06-045a-06-06 the
332,g06-045a-06-07 aged
332,g06-045a-07-01 Samuel
332,g06-031a-00-01 What
332,g06-031a-00-04 event
332,g06-031a-00-07 he
332,g06-031a-00-08 wrote
332,g06-031a-00-12 tremble
332,g06-031a-01-00 What
332,g06-031a-01-05 am
332,g06-031a-01-08 but
332,g06-031a-02-01 really
332,g06-031a-02-02 tremble
332,g06-031a-02-03 for
332,g06-031a-02-04 my
332,g06-031a-02-05 country
332,g06-031a-02-08 may
332,g06-031a-02-09 be
332,g06-031a-03-04 cannot
332,g06-031a-03-05 but
332,g06-031a-03-06 fear
332,g06-031a-03-07 that
332,g06-031a-03-08 the
332,g06-031a-04-01 of
332,g06-031a-04-02 the
332,g06-031a-04-03 People
332,g06-031a-04-04 will
332,g06-031a-04-05 be
332,g06-031a-04-06 so
332,g06-031a-04-07 great
332,g06-031a-04-08 at
332,g06-031a-04-09 the
332,g06-031a-05-00 return
332,g06-031a-05-01 of
332,g06-031a-05-04 that
332,g06-031a-05-05 the
332,g06-031a-05-06 Commons
332,g06-031a-05-07 House
332,g06-031a-06-00 upon
332,g06-031a-06-04 which
332,g06-031a-06-05 must
332,g06-031a-06-06 be
332,g06-031a-06-07 had
332,g06-031a-06-09 will
332,g06-031a-06-10 be
332,g06-031a-07-01 mass
332,g06-031a-07-02 of
332,g06-031a-07-06 then
332,g06-031a-07-07 God
332,g06-031a-07-08 knows
332,g06-031a-08-00 what
332,g06-031a-08-01 may
332,g06-031a-08-02 happen
