116,b05-032-00-00 The
116,b05-032-00-02 from
116,b05-032-00-03 the
116,b05-032-00-04 New
116,b05-032-00-05 World
116,b05-032-00-06 who
116,b05-032-00-07 had
116,b05-032-01-00 been
116,b05-032-01-01 in
116,b05-032-01-02 Britain
116,b05-032-01-03 many
116,b05-032-01-04 times
116,b05-032-01-05 before
116,b05-032-01-07 were
116,b05-032-02-01 stunned
116,b05-032-02-04 they
116,b05-032-02-05 said
116,b05-032-02-08 We
116,b05-032-02-09 thought
116,b05-032-03-00 we
116,b05-032-03-01 knew
116,b05-032-03-02 it
116,b05-032-03-03 all
116,b05-032-03-05 but
116,b05-032-03-06 you
116,b05-032-03-08 never
116,b05-032-03-09 run
116,b05-032-04-00 out
116,b05-032-04-01 of
116,b05-032-04-03 stones
116,b05-032-05-00 To
116,b05-032-05-01 the
116,b05-032-05-02 British
116,b05-032-05-03 Travel
116,b05-032-05-06 doing
116,b05-032-05-07 their
116,b05-032-06-03 offer
116,b05-032-06-04 these
116,b05-032-06-05 sad
116,b05-032-06-08 IN
116,b05-032-06-09 the
116,b05-032-07-00 the
116,b05-032-07-02 took
116,b05-032-07-04 to
116,b05-032-07-05 their
116,b05-032-07-06 looms
116,b05-032-07-07 and
116,b05-032-08-00 many
116,b05-032-08-02 good
116,b05-032-08-03 trade
116,b05-032-08-05 since
116,b05-032-08-06 then
116,b05-032-08-07 has
116,b05-032-08-09 in
116,b05-032-08-10 the
116,b05-032-09-00 hope
116,b05-032-09-01 of
116,b05-032-09-03 the
116,b05-032-09-04 lot
116,b05-032-09-05 of
116,b05-032-09-06 his
116,b05-032-09-07 fellow
116,b05-032-09-08 workers
116,b05-032-09-10 taken
116,b05-032-10-00 the
116,b05-032-10-02 Luddite
116,b05-032-10-03 hammer
116,b05-032-10-04 again
