573,n03-066-00-01 That
573,n03-066-00-02 boy
573,n03-066-00-04 That
573,n03-066-00-05 damned
573,n03-066-00-06 fool
573,n03-066-00-07 boy
573,n03-066-00-09 What
573,n03-066-00-10 does
573,n03-066-00-11 he
573,n03-066-00-12 mean
573,n03-066-01-00 by
573,n03-066-01-01 trying
573,n03-066-01-02 to
573,n03-066-01-03 come
573,n03-066-01-04 home
573,n03-066-01-05 now
573,n03-066-01-07 even
573,n03-066-01-08 if
573,n03-066-01-09 he
573,n03-066-01-10 did
573,n03-066-01-11 promise
573,n03-066-02-00 What
573,n03-066-02-01 does
573,n03-066-02-02 time
573,n03-066-02-03 mean
573,n03-066-02-04 when
573,n03-066-02-05 weighed
573,n03-066-02-06 against
573,n03-066-02-07 the
573,n03-066-02-08 life
573,n03-066-02-09 of
573,n03-066-03-00 two
573,n03-066-03-01 human
573,n03-066-03-02 beings
573,n03-066-03-05 Not
573,n03-066-03-06 until
573,n03-066-03-07 he
573,n03-066-03-08 was
573,n03-066-03-09 certain
573,n03-066-03-10 that
573,n03-066-03-11 the
573,n03-066-04-00 yawl
573,n03-066-04-01 had
573,n03-066-04-02 rounded
573,n03-066-04-03 the
573,n03-066-04-04 rocky
573,n03-066-04-05 point
573,n03-066-04-06 instead
573,n03-066-04-07 of
573,n03-066-05-00 being
573,n03-066-05-01 flung
573,n03-066-05-02 against
573,n03-066-05-03 the
573,n03-066-05-04 huge
573,n03-066-05-06 did
573,n03-066-05-07 the
573,n03-066-05-08 judge
573,n03-066-06-00 empty
573,n03-066-06-01 his
573,n03-066-06-02 lungs
573,n03-066-06-03 of
573,n03-066-06-05 air
573,n03-066-06-06 and
573,n03-066-06-07 refill
573,n03-066-06-08 them
573,n03-066-07-00 with
573,n03-066-07-01 part
573,n03-066-07-02 of
573,n03-066-07-03 that
573,n03-066-07-04 howling
573,n03-066-07-06 gale
