622,p03-072-00-04 he
622,p03-072-00-05 lowered
622,p03-072-00-06 his
622,p03-072-00-07 eyes
622,p03-072-00-08 and
622,p03-072-00-09 kissed
622,p03-072-00-10 her
622,p03-072-00-11 on
622,p03-072-00-12 the
622,p03-072-01-00 mouth
622,p03-072-01-02 an
622,p03-072-01-03 act
622,p03-072-01-04 of
622,p03-072-01-06 he
622,p03-072-02-01 What
622,p03-072-02-02 about
622,p03-072-02-03 it
622,p03-072-02-05 my
622,p03-072-02-06 sweet
622,p03-072-02-10 Well
622,p03-072-02-13 she
622,p03-072-02-14 laughed
622,p03-072-03-01 in
622,p03-072-03-02 an
622,p03-072-03-04 of
622,p03-072-03-05 relief
622,p03-072-03-08 that
622,p03-072-03-09 stupid
622,p03-072-04-00 Gubbins
622,p03-072-04-01 boy
622,p03-072-04-02 thought
622,p03-072-04-03 he
622,p03-072-04-04 saw
622,p03-072-04-05 you
622,p03-072-04-06 at
622,p03-072-04-07 the
622,p03-072-04-08 Load
622,p03-072-04-09 of
622,p03-072-04-10 Trouble
622,p03-072-05-00 With
622,p03-072-05-02 blonde
622,p03-072-05-04 too
622,p03-072-05-06 Imagine
622,p03-072-05-09 Nigel
622,p03-072-05-10 was
622,p03-072-05-13 He
622,p03-072-06-00 looked
622,p03-072-06-02 when
622,p03-072-06-03 he
622,p03-072-06-04 frowned
622,p03-072-07-01 at
622,p03-072-07-02 other
622,p03-072-07-03 times
