274,g04-017-00-00 It
274,g04-017-00-01 was
274,g04-017-00-02 while
274,g04-017-00-04 was
274,g04-017-00-05 at
274,g04-017-00-07 that
274,g04-017-00-09 first
274,g04-017-00-10 visited
274,g04-017-01-00 in
274,g04-017-01-01 Bavaria
274,g04-017-01-02 to
274,g04-017-01-03 witness
274,g04-017-01-04 the
274,g04-017-01-05 Passion
274,g04-017-01-06 Play
274,g04-017-01-08 The
274,g04-017-01-09 place
274,g04-017-01-10 and
274,g04-017-01-11 its
274,g04-017-01-12 people
274,g04-017-01-13 were
274,g04-017-02-00 to
274,g04-017-02-01 play
274,g04-017-02-02 an
274,g04-017-02-04 part
274,g04-017-02-05 in
274,g04-017-02-06 my
274,g04-017-02-07 life
274,g04-017-02-09 For
274,g04-017-02-10 five
274,g04-017-02-11 years
274,g04-017-02-12 in
274,g04-017-02-14 till
274,g04-017-03-00 war
274,g04-017-03-01 broke
274,g04-017-03-02 out
274,g04-017-03-03 in
274,g04-017-03-07 spent
274,g04-017-03-08 my
274,g04-017-03-09 summer
274,g04-017-03-11 there
274,g04-017-03-12 and
274,g04-017-03-13 became
274,g04-017-04-00 very
274,g04-017-04-02 with
274,g04-017-04-03 the
274,g04-017-04-04 people
274,g04-017-04-05 and
274,g04-017-04-06 the
274,g04-017-04-09 Every
274,g04-017-04-10 year
274,g04-017-04-11 between
274,g04-017-04-12 the
274,g04-017-05-00 Passion
274,g04-017-05-01 Plays
274,g04-017-05-03 an
274,g04-017-05-05 of
274,g04-017-05-06 ten
274,g04-017-05-07 years
274,g04-017-05-09 another
274,g04-017-05-10 play
274,g04-017-05-11 would
274,g04-017-05-12 be
274,g04-017-06-01 at
274,g04-017-06-02 the
274,g04-017-06-03 small
274,g04-017-06-04 theatre
274,g04-017-06-05 in
274,g04-017-06-06 the
274,g04-017-06-07 village
274,g04-017-06-09 when
274,g04-017-06-10 new
274,g04-017-06-11 talent
274,g04-017-06-12 would
274,g04-017-07-00 be
274,g04-017-07-02 and
274,g04-017-07-03 trained
274,f04-020-00-00 But
274,f04-020-00-01 both
274,f04-020-00-02 purse
274,f04-020-00-03 and
274,f04-020-00-04 ticket
274,f04-020-00-06 and
274,f04-020-00-07 the
274,f04-020-00-10 were
274,f04-020-00-11 gone
274,f04-020-00-12 when
274,f04-020-00-13 the
274,f04-020-00-14 body
274,f04-020-01-00 was
274,f04-020-01-01 found
274,f04-020-01-02 at
274,f04-020-01-05 Neither
274,f04-020-01-06 the
274,f04-020-01-07 sisters
274,f04-020-01-08 nor
274,f04-020-01-09 Mr
274,f04-020-01-10 Berry
274,f04-020-01-11 thought
274,f04-020-01-12 it
274,f04-020-02-00 likely
274,f04-020-02-01 that
274,f04-020-02-02 she
274,f04-020-02-03 had
274,f04-020-02-04 been
274,f04-020-02-06 much
274,f04-020-02-07 money
274,f04-020-02-10 porter
274,f04-020-02-11 at
274,f04-020-03-01 the
274,f04-020-03-04 that
274,f04-020-03-06 Camp
274,f04-020-03-07 had
274,f04-020-03-08 been
274,f04-020-03-09 alone
274,f04-020-03-10 in
274,f04-020-03-11 her
274,f04-020-04-01 when
274,f04-020-04-02 the
274,f04-020-04-03 train
274,f04-020-04-04 left
274,f04-020-04-06 but
274,f04-020-04-07 this
274,f04-020-04-08 did
274,f04-020-04-09 not
274,f04-020-04-10 help
274,f04-020-04-11 much
274,f04-020-04-13 since
274,f04-020-04-14 it
274,f04-020-05-00 had
274,f04-020-05-01 made
274,f04-020-05-02 stops
274,f04-020-05-03 at
274,f04-020-05-04 nine
274,f04-020-05-06 before
274,g04-026-00-00 First
274,g04-026-00-01 of
274,g04-026-00-02 all
274,g04-026-00-03 simple
274,g04-026-00-07 found
274,g04-026-00-08 only
274,g04-026-00-09 one
274,g04-026-00-10 member
274,g04-026-00-11 who
274,g04-026-00-12 had
274,g04-026-01-00 any
274,g04-026-01-01 idea
274,g04-026-01-02 of
274,g04-026-01-03 reading
274,g04-026-01-04 music
274,g04-026-01-06 This
274,g04-026-01-07 was
274,g04-026-01-08 the
274,g04-026-01-09 village
274,g04-026-01-10 doctor
274,g04-026-01-11 who
274,g04-026-01-12 was
274,g04-026-01-13 an
274,g04-026-02-00 old
274,g04-026-02-01 school
274,g04-026-02-02 friend
274,g04-026-02-03 at
274,g04-026-02-04 Clifton
274,g04-026-02-06 He
274,g04-026-02-07 could
274,g04-026-02-08 sustain
274,g04-026-02-09 the
274,g04-026-02-10 tenor
274,g04-026-02-11 part
274,g04-026-02-12 quite
274,g04-026-02-13 well
274,g04-026-03-00 and
274,g04-026-03-01 lead
274,g04-026-03-02 the
274,g04-026-03-03 others
274,g04-026-03-05 As
274,g04-026-03-06 for
274,g04-026-03-07 basses
274,g04-026-03-08 and
274,g04-026-03-09 altos
274,g04-026-03-10 the
274,g04-026-03-12 had
274,g04-026-03-13 to
274,g04-026-04-00 teach
274,g04-026-04-01 by
274,g04-026-04-02 singing
274,g04-026-04-03 the
274,g04-026-04-04 parts
274,g04-026-04-05 with
274,g04-026-04-06 them
274,g04-026-04-08 It
274,g04-026-04-09 was
274,g04-026-04-10 very
274,g04-026-04-11 amusing
274,g04-026-04-13 and
274,g04-026-04-14 by
274,g04-026-05-00 the
274,g04-026-05-01 end
274,g04-026-05-02 of
274,g04-026-05-04 few
274,g04-026-05-05 months
274,g04-026-05-06 an
274,g04-026-05-08 choir
274,g04-026-05-09 of
274,g04-026-05-10 men
274,g04-026-05-11 and
274,g04-026-05-12 women
274,g04-026-06-00 could
274,g04-026-06-01 render
274,g04-026-06-02 simple
274,g04-026-06-05 well
274,h04-025-00-00 For
274,h04-025-00-01 all
274,h04-025-00-02 foods
274,h04-025-00-03 the
274,h04-025-00-04 range
274,h04-025-00-05 was
274,h04-025-00-06 from
274,h04-025-00-08 per
274,h04-025-00-09 cent
274,h04-025-00-10 above
274,h04-025-00-11 the
274,h04-025-00-13 average
274,h04-025-01-00 in
274,h04-025-01-01 younger
274,h04-025-01-04 to
274,h04-025-01-06 per
274,h04-025-01-07 cent
274,h04-025-01-08 below
274,h04-025-01-09 in
274,h04-025-01-11 with
274,h04-025-02-00 four
274,h04-025-02-01 or
274,h04-025-02-02 more
274,h04-025-02-06 with
274,h04-025-02-08 to
274,h04-025-02-10 per
274,h04-025-02-11 cent
274,h04-025-02-12 in
274,h04-025-03-00 and
274,h04-025-03-02 to
274,h04-025-03-04 per
274,h04-025-03-05 cent
274,h04-025-03-06 in
274,h04-025-03-09 As
274,h04-025-03-10 with
274,h04-025-03-11 the
274,h04-025-03-12 price
274,h04-025-03-13 of
274,h04-025-03-14 energy
274,h04-025-03-15 index
274,h04-025-04-00 the
274,h04-025-04-01 only
274,h04-025-04-03 change
274,h04-025-04-04 was
274,h04-025-04-05 for
274,h04-025-04-07 with
274,h04-025-04-08 three
274,h04-025-05-00 in
274,h04-025-05-01 which
274,h04-025-05-02 the
274,h04-025-05-03 index
274,h04-025-05-04 fell
274,h04-025-05-05 by
274,h04-025-05-07 to
274,h04-025-05-09 per
274,h04-025-05-10 cent
274,h04-025-05-11 of
274,h04-025-05-12 the
274,h04-025-05-13 average
274,h04-025-05-14 for
274,h04-025-06-00 all
274,h04-025-06-02 in
274,h04-025-06-03 the
274,h04-025-06-04 sample
274,g04-032-00-00 Then
274,g04-032-00-01 we
274,g04-032-00-02 went
274,g04-032-00-03 to
274,g04-032-00-04 work
274,g04-032-00-05 on
274,g04-032-01-00 Wedding
274,g04-032-01-01 Feast
274,g04-032-01-05 grew
274,g04-032-01-07 and
274,g04-032-01-08 in
274,g04-032-01-10 few
274,g04-032-01-11 more
274,g04-032-01-12 months
274,g04-032-01-13 we
274,g04-032-02-00 gave
274,g04-032-02-02 concert
274,g04-032-02-03 at
274,g04-032-02-04 which
274,g04-032-02-05 the
274,g04-032-02-07 was
274,g04-032-02-08 the
274,g04-032-02-09 village
274,g04-032-03-00 and
274,g04-032-03-01 the
274,g04-032-03-02 tenor
274,g04-032-03-03 solo
274,g04-032-03-05 Onaway
274,g04-032-03-06 awake
274,g04-032-03-08 was
274,g04-032-03-09 sung
274,g04-032-03-10 by
274,g04-032-03-11 the
274,g04-032-03-12 Rector
274,g04-032-04-00 Friends
274,g04-032-04-01 from
274,g04-032-04-04 in
274,g04-032-04-06 to
274,g04-032-04-07 the
274,g04-032-04-10 came
274,g04-032-04-11 up
274,g04-032-05-00 and
274,g04-032-05-01 we
274,g04-032-05-02 were
274,g04-032-05-03 all
274,g04-032-05-04 happy
