182,d03-112-00-00 Close
182,d03-112-00-01 to
182,d03-112-00-02 the
182,d03-112-00-05 would
182,d03-112-00-06 be
182,d03-112-00-07 the
182,d03-112-01-03 Kings
182,d03-112-01-07 of
182,d03-112-02-00 The
182,d03-112-02-01 word
182,d03-112-02-02 is
182,d03-112-02-04 Persian
182,d03-112-03-02 from
182,d03-112-03-03 which
182,d03-112-03-04 our
182,d03-112-03-05 word
182,d03-112-04-00 is
182,d03-112-04-01 derived
182,d03-112-04-04 has
182,d03-112-04-06 second
182,d03-112-05-01 at
182,d03-112-05-02 his
182,d03-112-05-04 but
182,d03-112-05-05 he
182,d03-112-05-06 is
182,d03-112-06-00 no
182,d03-112-06-01 happier
182,d03-112-06-02 than
182,d03-112-06-03 Adam
182,d03-112-06-04 was
182,d03-112-07-00 The
182,d03-112-07-01 word
182,d03-112-07-02 is
182,d03-112-07-03 used
182,d03-112-07-04 in
182,d03-112-07-05 the
182,d03-112-08-00 in
182,d03-112-08-03 and
182,d03-112-08-05 of
