652,r02-127-00-00 Cecil
652,r02-127-00-03 under
652,r02-127-00-04 the
652,r02-127-01-00 of
652,r02-127-01-02 mother
652,r02-127-01-03 who
652,r02-127-01-04 had
652,r02-127-01-05 failed
652,r02-127-01-06 to
652,r02-127-01-07 realise
652,r02-127-01-08 that
652,r02-127-01-10 son
652,r02-127-02-00 who
652,r02-127-02-01 is
652,r02-127-02-02 nearly
652,r02-127-02-03 bald
652,r02-127-02-04 is
652,r02-127-02-05 no
652,r02-127-02-06 longer
652,r02-127-02-08 baby
652,r02-127-02-10 He
652,r02-127-02-11 started
652,r02-127-02-12 to
652,r02-127-03-00 climb
652,r02-127-03-01 the
652,r02-127-03-02 stairs
652,r02-127-03-05 with
652,r02-127-03-07 vigour
652,r02-127-03-08 upon
652,r02-127-04-00 the
652,r02-127-04-01 treads
652,r02-127-04-04 And
652,r02-127-04-06 wipe
652,r02-127-04-07 the
652,r02-127-04-08 dirt
652,r02-127-04-09 off
652,r02-127-04-10 on
652,r02-127-04-11 the
652,r02-127-05-00 towel
652,r02-127-05-01 like
652,r02-127-05-02 you
652,r02-127-05-03 did
