303,g02-059-00-00 In
303,g02-059-00-01 Chapter
303,g02-059-00-02 Two
303,g02-059-00-03 he
303,g02-059-00-04 gauged
303,g02-059-00-05 the
303,g02-059-00-06 nature
303,g02-059-00-07 of
303,g02-059-00-08 the
303,g02-059-01-00 from
303,g02-059-01-01 the
303,g02-059-01-03 of
303,g02-059-01-04 living
303,g02-059-01-05 animals
303,g02-059-01-07 showing
303,g02-059-01-08 how
303,g02-059-01-09 these
303,g02-059-02-00 ments
303,g02-059-02-02 with
303,g02-059-02-03 rests
303,g02-059-02-04 and
303,g02-059-02-05 are
303,g02-059-02-06 seen
303,g02-059-02-07 best
303,g02-059-02-08 in
303,g02-059-02-09 cold
303,g02-059-02-10 animals
303,g02-059-03-00 or
303,g02-059-03-01 in
303,g02-059-03-03 warmer
303,g02-059-03-04 ones
303,g02-059-03-06 At
303,g02-059-03-07 the
303,g02-059-03-08 time
303,g02-059-03-09 of
303,g02-059-03-10 its
303,g02-059-04-00 the
303,g02-059-04-01 heart
303,g02-059-04-02 becomes
303,g02-059-04-06 its
303,g02-059-04-07 walls
303,g02-059-04-08 thicken
303,g02-059-05-00 its
303,g02-059-05-03 in
303,g02-059-05-04 volume
303,g02-059-05-05 and
303,g02-059-05-06 it
303,g02-059-05-07 expels
303,g02-059-05-08 its
303,g02-059-06-00 content
303,g02-059-06-01 of
303,g02-059-06-02 blood
303,g02-059-06-05 paler
303,g02-059-06-06 in
303,g02-059-06-07 so
303,g02-059-06-08 doing
303,g02-059-06-09 in
303,g02-059-06-10 animals
303,g02-059-07-00 such
303,g02-059-07-01 as
303,g02-059-07-04 frogs
303,g02-059-07-06 and
303,g02-059-07-07 the
303,g02-059-07-08 like
