108,b04-034-00-00 The
108,b04-034-00-02 should
108,b04-034-00-03 settle
108,b04-034-00-04 this
108,b04-034-00-06 with
108,b04-034-00-07 two
108,b04-034-00-08 words
108,b04-034-00-09 to
108,b04-034-01-00 the
108,b04-034-01-04 Go
108,b04-034-01-05 ahead
108,b04-034-01-07 ONE
108,b04-034-01-08 man
108,b04-034-01-09 beyond
108,b04-034-01-10 all
108,b04-034-01-11 others
108,b04-034-01-12 is
108,b04-034-02-00 by
108,b04-034-02-01 the
108,b04-034-02-02 deaths
108,b04-034-02-03 of
108,b04-034-02-04 two
108,b04-034-02-05 elderly
108,b04-034-02-06 sisters
108,b04-034-02-07 who
108,b04-034-02-08 killed
108,b04-034-02-10 because
108,b04-034-03-00 they
108,b04-034-03-01 had
108,b04-034-03-02 to
108,b04-034-03-03 leave
108,b04-034-03-04 their
108,b04-034-03-05 cottage
108,b04-034-03-08 John
108,b04-034-03-09 Crabb
108,b04-034-03-11 clerk
108,b04-034-03-12 to
108,b04-034-04-01 urban
108,b04-034-04-02 council
108,b04-034-04-04 says
108,b04-034-04-08 shall
108,b04-034-04-09 always
108,b04-034-04-10 feel
108,b04-034-04-11 this
108,b04-034-04-12 as
108,b04-034-05-01 failure
108,b04-047-00-00 He
108,b04-047-00-01 says
108,b04-047-00-02 that
108,b04-047-00-03 the
108,b04-047-00-04 Scots
108,b04-047-00-05 are
108,b04-047-00-07 who
108,b04-047-00-08 have
108,b04-047-00-09 no
108,b04-047-00-11 to
108,b04-047-01-00 be
108,b04-047-01-01 in
108,b04-047-01-02 England
108,b04-047-01-04 The
108,b04-047-01-05 first
108,b04-047-01-06 ruler
108,b04-047-01-07 of
108,b04-047-01-08 the
108,b04-047-01-09 United
108,b04-047-01-10 Kingdom
108,b04-047-01-11 was
108,b04-047-02-00 Scot
108,b04-047-02-02 The
108,b04-047-02-03 Lord
108,b04-047-02-05 is
108,b04-047-02-07 Scot
108,b04-047-02-09 The
108,b04-047-02-10 Prime
108,b04-047-02-12 is
108,b04-047-03-00 Scot
108,b04-047-03-02 and
108,b04-047-03-03 so
108,b04-047-03-04 were
108,b04-047-03-05 four
108,b04-047-03-06 of
108,b04-047-03-07 his
108,b04-047-03-09 this
108,b04-047-03-11 century
108,b04-047-04-00 Let
108,b04-047-04-02 Newton
108,b04-047-04-03 beware
108,b04-047-04-05 By
108,b04-047-04-07 against
108,b04-047-04-09 he
108,b04-047-05-00 may
108,b04-047-05-01 be
108,b04-047-05-02 guilty
108,b04-047-05-03 of
108,b04-026-00-00 The
108,b04-026-00-01 dinner
108,b04-026-00-02 table
108,b04-026-00-03 is
108,b04-026-00-04 the
108,b04-026-00-05 best
108,b04-026-00-06 answer
108,b04-026-00-07 to
108,b04-026-00-08 the
108,b04-026-00-10 in
108,b04-026-01-00 Britain
108,b04-026-01-01 today
108,b04-026-01-04 THIS
108,b04-026-01-05 is
108,b04-026-01-06 colour
108,b04-026-01-07 day
108,b04-026-01-11 the
108,b04-026-02-01 network
108,b04-026-02-04 And
108,b04-026-02-05 hour
108,b04-026-02-06 after
108,b04-026-02-07 hour
108,b04-026-02-08 it
108,b04-026-02-09 poured
108,b04-026-02-10 out
108,b04-026-02-11 its
108,b04-026-03-01 in
108,b04-026-03-02 bright
108,b04-026-03-03 colours
108,b04-026-03-05 In
108,b04-026-03-06 America
108,b04-026-03-07 colour
108,b04-026-03-08 TV
108,b04-026-03-09 is
108,b04-026-03-10 five
108,b04-026-03-11 years
108,b04-026-04-00 old
108,b04-026-04-02 There
108,b04-026-04-03 are
108,b04-026-04-04 already
108,b04-026-04-06 sets
108,b04-026-04-07 in
108,b04-026-04-08 use
108,b04-026-04-10 What
108,b04-026-04-11 about
108,b04-026-04-12 Britain
108,b04-026-05-00 The
108,b04-026-05-02 is
108,b04-026-05-03 ready
108,b04-026-05-04 to
108,b04-026-05-05 launch
108,b04-026-05-07 colour
108,b04-026-05-08 TV
108,b04-026-05-09 service
108,b04-026-05-11 but
108,b04-026-05-12 the
108,b04-026-06-01 TV
108,b04-026-06-03 want
108,b04-026-06-04 to
108,b04-026-06-05 delay
108,b04-026-06-06 it
108,b04-026-06-07 for
108,b04-026-06-09 years
108,b04-040-00-00 There
108,b04-040-00-01 is
108,b04-040-00-02 no
108,b04-040-00-03 reason
108,b04-040-00-05 why
108,b04-040-00-06 he
108,b04-040-00-07 should
108,b04-040-00-09 himself
108,b04-040-00-11 The
108,b04-040-01-00 sisters
108,b04-040-01-01 had
108,b04-040-01-02 to
108,b04-040-01-03 quit
108,b04-040-01-04 as
108,b04-040-01-05 their
108,b04-040-01-06 home
108,b04-040-01-07 was
108,b04-040-01-08 falling
108,b04-040-01-09 down
108,b04-040-01-11 And
108,b04-040-01-13 Crabb
108,b04-040-02-00 did
108,b04-040-02-01 his
108,b04-040-02-02 best
108,b04-040-02-03 for
108,b04-040-02-04 them
108,b04-040-02-06 even
108,b04-040-02-07 driving
108,b04-040-02-08 them
108,b04-040-02-09 to
108,b04-040-02-11 new
108,b04-040-02-12 house
108,b04-040-02-14 John
108,b04-040-03-00 Crabb
108,b04-040-03-01 has
108,b04-040-03-02 the
108,b04-040-03-04 of
108,b04-040-03-06 and
108,b04-040-03-09 Too
108,b04-040-04-00 often
108,b04-040-04-01 lacking
108,b04-040-04-02 in
108,b04-040-04-06 HENRY
108,b04-040-04-07 NEWTON
108,b04-040-04-08 of
108,b04-040-04-09 Acton
108,b04-040-05-00 does
108,b04-040-05-01 not
108,b04-040-05-02 want
108,b04-040-05-03 his
108,b04-040-05-05 to
108,b04-040-05-06 marry
