609,p02-144-00-00 No
609,p02-144-00-01 other
609,p02-144-00-02 news
609,p02-144-00-03 except
609,p02-144-00-04 that
609,p02-144-00-05 Elaine
609,p02-144-00-06 is
609,p02-144-00-07 engaged
609,p02-144-01-00 and
609,p02-144-01-01 going
609,p02-144-01-02 to
609,p02-144-01-03 marry
609,p02-144-02-00 Gay
609,p02-144-02-01 read
609,p02-144-02-02 the
609,p02-144-02-03 rest
609,p02-144-02-04 of
609,p02-144-02-05 the
609,p02-144-02-06 letter
609,p02-144-02-07 then
609,p02-144-02-08 put
609,p02-144-03-00 it
609,p02-144-03-01 back
609,p02-144-03-02 in
609,p02-144-03-03 her
609,p02-144-03-04 bag
609,p02-144-03-06 Elaine
609,p02-144-03-07 was
609,p02-144-03-08 engaged
609,p02-144-04-00 to
609,p02-144-04-01 the
609,p02-144-04-02 man
609,p02-144-04-03 she
609,p02-144-04-04 had
609,p02-144-04-05 spent
609,p02-144-04-06 so
609,p02-144-04-07 much
609,p02-144-04-08 time
609,p02-144-05-00 with
609,p02-144-05-01 at
609,p02-144-05-02 her
609,p02-144-05-03 party
609,p02-144-05-05 That
609,p02-144-05-06 was
609,p02-144-05-07 why
609,p02-144-06-00 Gavin
609,p02-144-06-01 had
609,p02-144-06-02 come
609,p02-144-06-03 back
609,p02-144-06-04 to
609,p02-144-06-05 her
609,p02-144-07-01 was
609,p02-144-07-02 quite
609,p02-144-07-03 clear
609,p02-144-07-04 now
609,p02-144-07-06 and
609,p02-144-07-07 to
609,p02-144-08-00 her
609,p02-144-08-01 own
609,p02-144-08-03 Gay
609,p02-144-08-04 felt
609,p02-144-08-05 no
609,p02-144-09-00 rather
609,p02-144-09-02 sense
609,p02-144-09-03 of
609,p02-144-09-04 relief
609,p02-144-09-05 now
609,p02-144-09-06 that
609,p02-144-09-07 she
609,p02-144-10-00 knew
609,p02-144-10-01 why
609,p02-144-10-02 Gavin
609,p02-144-10-03 had
609,p02-144-10-04 come
609,p02-144-10-05 to
609,p02-144-10-06 see
609,p02-144-11-00 her
