521,m02-052-00-00 The
521,m02-052-00-02 of
521,m02-052-00-03 his
521,m02-052-00-04 balance
521,m02-052-00-05 was
521,m02-052-00-06 due
521,m02-052-00-07 to
521,m02-052-00-08 the
521,m02-052-01-00 fact
521,m02-052-01-01 that
521,m02-052-01-02 he
521,m02-052-01-03 was
521,m02-052-01-04 living
521,m02-052-01-07 without
521,m02-052-02-02 with
521,m02-052-02-03 the
521,m02-052-02-04 people
521,m02-052-02-05 to
521,m02-052-02-06 whom
521,m02-052-02-07 Moke
521,m02-052-02-08 had
521,m02-052-03-00 sent
521,m02-052-03-01 him
521,m02-052-03-03 little
521,m02-052-03-04 people
521,m02-052-03-05 who
521,m02-052-03-07 him
521,m02-052-03-08 as
521,m02-052-04-00 lucky
521,m02-052-04-01 to
521,m02-052-04-02 have
521,m02-052-04-04 from
521,m02-052-04-05 such
521,m02-052-05-00 Tom
521,m02-052-05-01 Dreyfus
521,m02-052-05-02 had
521,m02-052-05-04 job
521,m02-052-05-05 on
521,m02-052-05-06 the
521,m02-052-05-08 in
521,m02-052-05-09 the
521,m02-052-06-01 Stamp
521,m02-052-06-04 while
521,m02-052-06-05 Sally
521,m02-052-06-06 sulked
521,m02-052-06-07 at
521,m02-052-06-08 home
