640,r02-013-00-00 The
640,r02-013-00-01 train
640,r02-013-00-02 drew
640,r02-013-00-03 into
640,r02-013-00-04 another
640,r02-013-00-05 station
640,r02-013-01-00 and
640,r02-013-01-01 Cecil
640,r02-013-01-03 with
640,r02-013-01-05 further
640,r02-013-01-06 six
640,r02-013-01-07 stops
640,r02-013-02-00 to
640,r02-013-02-01 go
640,r02-013-02-03 was
640,r02-013-02-04 left
640,r02-013-02-05 almost
640,r02-013-02-06 alone
640,r02-013-02-07 in
640,r02-013-02-08 the
640,r02-013-03-00 coach
640,r02-013-03-02 He
640,r02-013-03-03 fumed
640,r02-013-03-04 as
640,r02-013-03-05 he
640,r02-013-04-00 lected
640,r02-013-04-01 the
640,r02-013-04-02 long
640,r02-013-04-04 he
640,r02-013-05-00 had
640,r02-013-05-01 had
640,r02-013-05-02 with
640,r02-013-05-03 the
640,r02-013-05-04 Inland
640,r02-013-06-00 nue
640,r02-013-06-01 in
640,r02-013-06-02 an
640,r02-013-06-03 effort
640,r02-013-06-04 to
640,r02-013-06-05 obtain
640,r02-013-07-00 tax
640,r02-013-07-01 relief
640,r02-013-07-02 for
640,r02-013-07-04 jacket
640,r02-013-07-05 used
640,r02-013-08-00 solely
640,r02-013-08-01 in
640,r02-013-08-02 the
640,r02-013-08-03 office
640,r02-013-08-06 If
640,r02-013-08-07 the
640,r02-013-08-08 jacket
640,r02-013-09-00 is
640,r02-013-09-03 of
640,r02-013-09-04 your
640,r02-013-10-00 the
640,r02-013-10-02 had
640,r02-013-10-03 written
640,r02-013-10-06 it
640,r02-013-10-07 may
640,r02-013-11-00 qualify
640,r02-013-11-01 for
640,r02-013-11-02 relief
