117,b05-045-00-00 From
117,b05-045-00-01 being
117,b05-045-00-02 an
117,b05-045-00-04 in
117,b05-045-00-05 an
117,b05-045-01-00 factory
117,b05-045-01-01 to
117,b05-045-01-04 paint
117,b05-045-01-05 sprayer
117,b05-045-01-06 in
117,b05-045-02-01 ceramic
117,b05-045-02-02 factory
117,b05-045-02-04 he
117,b05-045-02-05 can
117,b05-045-02-06 be
117,b05-045-03-00 for
117,b05-045-03-03 new
117,b05-045-03-04 job
117,b05-045-03-05 in
117,b05-045-03-06 less
117,b05-045-03-07 time
117,b05-045-04-00 than
117,b05-045-04-01 it
117,b05-045-04-02 takes
117,b05-045-04-03 to
117,b05-045-04-04 say
117,b05-045-05-00 Martyrs
117,b05-045-05-04 CRICKET
117,b05-045-05-07 says
117,b05-045-05-08 the
117,b05-045-05-09 Oxford
117,b05-045-06-02 is
117,b05-045-06-04 an
117,b05-045-06-05 open
117,b05-045-06-06 air
117,b05-045-06-07 game
117,b05-045-06-08 played
117,b05-045-07-00 with
117,b05-045-07-01 ball
117,b05-045-07-03 bats
117,b05-045-07-04 and
117,b05-045-07-05 wickets
117,b05-045-07-06 between
117,b05-045-08-01 two
117,b05-045-08-02 sides
117,b05-045-08-04 of
117,b05-045-08-05 eleven
117,b05-045-08-06 players
117,b05-045-09-00 each
117,b05-045-09-03 Not
117,b05-045-09-04 so
117,b05-045-09-06 dear
117,b05-045-09-07 Oxford
117,b05-050-00-00 You
117,b05-050-00-01 are
117,b05-050-00-02 out
117,b05-050-00-03 of
117,b05-050-00-04 date
117,b05-050-00-06 Cricket
117,b05-050-00-07 in
117,b05-050-00-09 is
117,b05-050-00-10 played
117,b05-050-01-00 with
117,b05-050-01-04 six
117,b05-050-01-08 ball
117,b05-050-02-00 bats
117,b05-050-02-01 and
117,b05-050-02-02 wickets
117,b05-050-02-03 between
117,b05-050-02-04 two
117,b05-050-02-05 sides
117,b05-050-02-07 Shades
117,b05-050-03-00 of
117,b05-050-03-01 the
117,b05-050-03-02 village
117,b05-050-03-04 of
117,b05-050-03-06 who
117,b05-050-04-00 are
117,b05-050-04-01 now
117,b05-050-04-02 the
117,b05-050-04-03 patron
117,b05-050-04-04 saints
117,b05-050-04-05 of
117,b05-050-04-06 the
117,b05-050-04-07 game
117,b05-050-05-00 What
117,b05-050-05-01 would
117,b05-050-05-02 THEY
117,b05-050-05-03 have
117,b05-050-05-04 thought
117,b05-050-05-05 of
117,b05-050-06-00 these
117,b05-050-06-01 civil
117,b05-050-06-04 about
117,b05-050-07-00 the
117,b05-050-07-01 pitch
117,b05-050-07-02 with
117,b05-050-07-03 their
117,b05-050-07-04 optical
117,b05-038-00-00 Hence
117,b05-038-00-01 the
117,b05-038-00-03 to
117,b05-038-00-05 and
117,b05-038-01-00 the
117,b05-038-01-03 methods
117,b05-038-01-04 that
117,b05-038-02-00 have
117,b05-038-02-02 led
117,b05-038-02-03 to
117,b05-038-02-07 Now
117,b05-038-02-09 new
117,b05-038-03-00 threat
117,b05-038-03-01 to
117,b05-038-03-02 those
117,b05-038-03-03 who
117,b05-038-03-04 toil
117,b05-038-03-05 and
117,b05-038-03-06 spin
117,b05-038-03-07 has
117,b05-038-03-08 been
117,b05-038-04-01 by
117,b05-038-04-03 firm
117,b05-038-04-05 in
117,b05-038-05-00 in
117,b05-038-05-01 Los
117,b05-038-05-02 Angeles
117,b05-038-05-04 They
117,b05-038-05-05 have
117,b05-038-05-08 new
117,b05-038-06-00 system
117,b05-038-06-01 whereby
117,b05-038-06-04 workers
117,b05-038-07-00 can
117,b05-038-07-01 be
117,b05-038-07-02 taught
117,b05-038-07-03 their
117,b05-038-07-04 trade
117,b05-038-07-05 by
117,b05-038-07-06 means
117,b05-038-07-07 of
117,b05-038-07-08 tape
117,b05-038-08-01 and
117,b05-042-00-00 What
117,b05-042-00-01 happens
117,b05-042-00-02 is
117,b05-042-00-03 that
117,b05-042-00-04 the
117,b05-042-00-06 worker
117,b05-042-01-00 is
117,b05-042-01-03 by
117,b05-042-01-06 to
117,b05-042-02-01 on
117,b05-042-02-02 how
117,b05-042-02-03 to
117,b05-042-02-04 do
117,b05-042-02-05 the
117,b05-042-02-06 job
117,b05-042-02-07 coupled
117,b05-042-02-08 with
117,b05-042-03-01 TV
117,b05-042-03-04 into
117,b05-042-03-07 highly
117,b05-042-04-00 skilled
117,b05-042-04-04 in
117,b05-042-04-05 no
117,b05-042-04-06 time
117,b05-042-04-07 at
117,b05-042-04-08 all
117,b05-042-05-00 Not
117,b05-042-05-01 only
117,b05-042-05-02 can
117,b05-042-05-03 the
117,b05-042-05-04 raw
117,b05-042-05-05 human
117,b05-042-05-06 mind
117,b05-042-05-07 be
117,b05-042-06-02 very
117,b05-042-06-03 quickly
117,b05-042-06-04 to
117,b05-042-06-05 do
117,b05-042-06-06 one
117,b05-042-07-00 set
117,b05-042-07-01 of
117,b05-042-07-02 skilled
117,b05-042-07-05 in
117,b05-042-07-06 one
117,b05-042-08-00 trade
117,b05-042-08-01 but
117,b05-042-08-03 by
117,b05-042-08-04 being
117,b05-042-08-05 given
117,b05-042-08-06 another
117,b05-042-08-07 of
117,b05-042-08-08 the
117,b05-042-08-09 new
117,b05-042-09-04 he
117,b05-042-09-05 can
117,b05-042-09-06 be
117,b05-042-10-00 to
117,b05-042-10-04 if
117,b05-042-10-05 he
117,b05-042-10-06 just
117,b05-042-10-07 gives
117,b05-042-10-08 in
117,b05-042-10-09 and
