589,p01-147-00-02 knew
589,p01-147-00-04 way
589,p01-147-00-05 round
589,p01-147-00-06 by
589,p01-147-00-07 the
589,p01-147-00-08 side
589,p01-147-01-00 of
589,p01-147-01-01 the
589,p01-147-01-02 church
589,p01-147-01-03 where
589,p01-147-01-04 there
589,p01-147-01-05 was
589,p01-147-01-07 small
589,p01-147-01-08 open
589,p01-147-02-01 where
589,p01-147-02-02 the
589,p01-147-02-03 grave
589,p01-147-02-04 digger
589,p01-147-02-05 kept
589,p01-147-02-06 his
589,p01-147-02-07 spades
589,p01-147-03-00 and
589,p01-147-03-01 forks
589,p01-147-03-02 and
589,p01-147-03-03 tidying
589,p01-147-03-04 up
589,p01-147-03-07 It
589,p01-147-03-08 might
589,p01-147-04-00 be
589,p01-147-04-01 open
589,p01-147-04-03 It
589,p01-147-04-04 was
589,p01-147-04-06 He
589,p01-147-04-07 entered
589,p01-147-04-09 and
589,p01-147-04-10 seated
589,p01-147-04-11 himself
589,p01-147-05-00 in
589,p01-147-05-02 huddle
589,p01-147-05-03 upon
589,p01-147-05-04 an
589,p01-147-06-00 His
589,p01-147-06-01 curious
589,p01-147-06-03 fell
589,p01-147-06-04 off
589,p01-147-06-06 Strange
589,p01-147-06-07 things
589,p01-147-07-00 were
589,p01-147-07-01 going
589,p01-147-07-02 on
589,p01-147-07-03 in
589,p01-147-07-04 his
589,p01-147-07-06 brain
589,p01-147-07-08 When
589,p01-147-08-01 man
589,p01-147-08-02 was
589,p01-147-08-04 and
589,p01-147-08-05 towards
589,p01-147-08-06 his
589,p01-147-08-07 last
589,p01-147-09-00 gasp
589,p01-147-09-01 it
589,p01-147-09-02 was
589,p01-147-09-05 his
589,p01-147-09-06 whole
589,p01-147-10-00 life
589,p01-147-10-01 came
589,p01-147-10-02 up
589,p01-147-10-03 before
589,p01-147-10-04 him
589,p01-147-10-05 in
589,p01-147-10-06 some
589,p01-147-11-00 kind
589,p01-147-11-01 of
