553,n01-000-00-01 was
553,n01-000-00-05 All
553,n01-000-00-06 his
553,n01-000-00-07 life
553,n01-000-00-08 he
553,n01-000-00-09 had
553,n01-000-01-00 been
553,n01-000-01-02 to
553,n01-000-01-03 regard
553,n01-000-01-04 women
553,n01-000-01-05 as
553,n01-000-02-00 which
553,n01-000-02-01 must
553,n01-000-02-03 be
553,n01-000-02-05 to
553,n01-000-02-06 his
553,n01-000-03-00 career
553,n01-000-03-02 Now
553,n01-000-03-03 he
553,n01-000-03-05 that
553,n01-000-03-06 he
553,n01-000-03-07 was
553,n01-000-03-09 not
553,n01-000-03-10 only
553,n01-000-04-00 his
553,n01-000-04-01 own
553,n01-000-04-02 life
553,n01-000-04-04 but
553,n01-000-04-06 as
553,n01-000-04-07 well
553,n01-000-04-09 to
553,n01-000-04-11 strange
553,n01-000-04-12 girl
553,n01-000-05-00 whom
553,n01-000-05-01 he
553,n01-000-05-02 had
553,n01-000-05-03 never
553,n01-000-05-04 met
553,n01-000-05-05 and
553,n01-000-05-06 on
553,n01-000-05-07 whom
553,n01-000-05-08 after
553,n01-000-05-09 no
553,n01-000-05-10 more
553,n01-000-06-00 than
553,n01-000-06-02 couple
553,n01-000-06-03 of
553,n01-000-06-05 calls
553,n01-000-06-06 he
553,n01-000-06-07 was
553,n01-000-07-01 to
553,n01-000-07-02 place
553,n01-009-00-01 Good
553,n01-009-00-02 luck
553,n01-009-00-04 Air
553,n01-009-00-05 Marshal
553,n01-009-00-08 she
553,n01-009-00-09 said
553,n01-009-00-10 gently
553,n01-009-01-00 be
553,n01-009-01-01 waiting
553,n01-009-01-02 for
553,n01-009-01-03 you
553,n01-009-01-04 at
553,n01-009-01-05 the
553,n01-009-01-06 Hotel
553,n01-009-01-07 Roma
553,n01-009-01-08 at
553,n01-009-01-09 six
553,n01-009-01-10 this
553,n01-009-02-00 evening
553,n01-009-02-02 and
553,n01-009-02-04 shall
553,n01-009-02-05 look
553,n01-009-02-06 forward
553,n01-009-02-07 to
553,n01-009-02-08 meeting
553,n01-009-02-09 you
553,n01-009-03-00 both
553,n01-009-03-01 at
553,n01-009-03-05 They
553,n01-009-03-06 might
553,n01-009-03-07 have
553,n01-009-03-08 been
553,n01-009-04-02 supper
553,n01-009-04-03 party
553,n01-009-04-05 Then
553,n01-009-04-06 she
553,n01-009-04-07 rang
553,n01-009-04-08 off
553,n01-009-05-02 that
553,n01-009-05-03 never
553,n01-009-05-04 in
553,n01-009-05-06 not
553,n01-009-06-01 life
553,n01-009-06-02 had
553,n01-009-06-03 he
553,n01-009-06-04 come
553,n01-009-06-05 across
553,n01-009-06-07 girl
553,n01-009-06-08 who
553,n01-009-07-00 sounded
553,n01-009-07-01 so
553,n01-009-07-03 and
553,n01-009-07-05 to
553,n01-009-07-06 be
553,n01-009-07-07 so
