107,b04-004-00-00 In
107,b04-004-00-01 Ghana
107,b04-004-00-04 Nkrumah
107,b04-004-00-06 who
107,b04-004-01-00 has
107,b04-004-01-01 done
107,b04-004-01-02 more
107,b04-004-01-03 than
107,b04-004-01-04 most
107,b04-004-01-05 to
107,b04-004-01-06 stir
107,b04-004-01-07 up
107,b04-004-02-00 trouble
107,b04-004-02-01 in
107,b04-004-02-02 the
107,b04-004-02-03 Congo
107,b04-004-02-05 orders
107,b04-004-02-06 every
107,b04-004-02-07 Belgian
107,b04-004-03-00 citizen
107,b04-004-03-01 to
107,b04-004-03-02 quit
107,b04-004-03-03 his
107,b04-004-03-04 country
107,b04-004-04-00 Belgium
107,b04-004-04-01 has
107,b04-004-04-02 become
107,b04-004-04-03 an
107,b04-004-05-00 pastime
107,b04-004-05-02 Why
107,b04-004-05-04 Because
107,b04-004-05-05 those
107,b04-004-05-06 who
107,b04-004-06-00 said
107,b04-004-06-01 the
107,b04-004-06-03 could
107,b04-004-06-04 govern
107,b04-004-07-00 will
107,b04-004-07-01 not
107,b04-004-07-02 admit
107,b04-004-07-03 they
107,b04-004-07-04 were
107,b04-004-07-05 wrong
107,b04-004-07-07 So
107,b04-004-08-00 Belgium
107,b04-004-08-02 bowed
107,b04-004-08-03 down
107,b04-004-08-04 by
107,b04-004-09-05 air
107,b04-004-09-06 crash
107,b04-004-10-00 is
107,b04-004-10-01 made
107,b04-004-10-02 their
107,b04-000-00-01 BAFFLED
107,b04-000-00-02 and
107,b04-000-00-04 little
107,b04-000-00-05 country
107,b04-000-01-00 stands
107,b04-000-01-01 at
107,b04-000-01-02 the
107,b04-000-01-03 centre
107,b04-000-01-04 of
107,b04-000-01-05 an
107,b04-000-02-00 storm
107,b04-000-02-02 Belgium
107,b04-000-02-03 is
107,b04-000-02-04 accused
107,b04-000-02-06 without
107,b04-000-03-00 scrap
107,b04-000-03-01 of
107,b04-000-03-04 of
107,b04-000-03-05 being
107,b04-000-03-07 in
107,b04-000-04-00 the
107,b04-000-04-01 murder
107,b04-000-04-02 of
107,b04-000-04-03 Patrice
107,b04-000-04-04 Lumumba
107,b04-000-04-06 Her
107,b04-000-05-00 leaders
107,b04-000-05-01 are
107,b04-000-05-04 her
107,b04-000-05-06 are
107,b04-000-06-01 in
107,b04-000-06-03 score
107,b04-000-06-04 of
107,b04-020-00-01 of
107,b04-020-00-02 meat
107,b04-020-00-03 and
107,b04-020-00-04 dairy
107,b04-020-00-05 produce
107,b04-020-00-06 were
107,b04-020-01-01 higher
107,b04-020-01-02 last
107,b04-020-01-03 year
107,b04-020-01-04 than
107,b04-020-01-05 in
107,b04-020-02-00 Lucky
107,b04-020-02-02 lucky
107,b04-020-02-05 To
107,b04-020-02-06 have
107,b04-020-02-07 such
107,b04-020-03-01 variety
107,b04-020-03-02 of
107,b04-020-03-03 goods
107,b04-020-03-04 to
107,b04-020-03-05 choose
107,b04-020-03-06 from
107,b04-020-04-00 Not
107,b04-020-04-01 so
107,b04-020-04-02 long
107,b04-020-04-03 ago
107,b04-020-04-04 older
107,b04-020-04-05 folk
107,b04-020-04-06 were
107,b04-020-05-00 young
107,b04-020-05-01 wives
107,b04-020-05-05 by
107,b04-020-06-02 of
107,b04-020-06-03 the
107,b04-020-06-04 good
107,b04-020-06-05 old
107,b04-020-06-06 days
107,b04-020-06-07 of
107,b04-020-07-02 Now
107,b04-020-07-03 it
107,b04-020-07-04 is
107,b04-020-07-05 mother
107,b04-020-07-06 who
107,b04-020-08-00 picks
107,b04-020-08-01 up
107,b04-020-08-02 recipes
107,b04-020-08-03 from
107,b04-020-08-05 her
107,b04-010-00-00 Who
107,b04-010-00-01 will
107,b04-010-00-02 speak
107,b04-010-00-03 for
107,b04-010-00-04 Belgium
107,b04-010-00-06 Who
107,b04-010-00-07 else
107,b04-010-00-08 but
107,b04-010-01-00 Britain
107,b04-010-01-02 We
107,b04-010-01-03 have
107,b04-010-01-04 fought
107,b04-010-01-05 beside
107,b04-010-01-06 Belgium
107,b04-010-02-00 in
107,b04-010-02-01 two
107,b04-010-02-02 world
107,b04-010-02-03 wars
107,b04-010-02-05 We
107,b04-010-02-06 are
107,b04-010-02-07 allies
107,b04-010-02-08 still
107,b04-010-03-00 Britain
107,b04-010-03-01 should
107,b04-010-03-03 Belgium
107,b04-010-03-05 Not
107,b04-010-04-00 with
107,b04-010-04-01 the
107,b04-010-04-02 careful
107,b04-010-04-04 hooded
107,b04-010-04-06 of
107,b04-010-05-00 but
107,b04-010-05-01 boldly
107,b04-010-05-02 and
107,b04-010-05-05 It
107,b04-010-05-06 is
107,b04-010-05-07 time
107,b04-010-05-08 to
107,b04-010-06-00 show
107,b04-010-06-01 the
107,b04-010-06-02 world
107,b04-010-06-03 that
107,b04-010-06-04 this
107,b04-010-06-05 country
107,b04-010-06-06 does
107,b04-010-06-07 not
107,b04-010-07-00 desert
107,b04-010-07-01 her
107,b04-010-07-02 friends
107,b04-010-07-04 HAPPY
107,b04-010-07-06 happy
107,b04-010-08-02 Never
107,b04-010-08-03 before
107,b04-010-08-04 have
107,b04-010-09-00 larders
107,b04-010-09-01 been
107,b04-010-09-02 so
107,b04-010-09-03 well
107,b04-010-09-04 stocked
