155,c03-003f-00-00 This
155,c03-003f-00-01 is
155,c03-003f-00-02 not
155,c03-003f-00-04 filmed
155,c03-003f-00-05 play
155,c03-003f-00-07 It
155,c03-003f-00-08 has
155,c03-003f-00-09 been
155,c03-003f-01-00 ved
155,c03-003f-01-02 in
155,c03-003f-01-03 terms
155,c03-003f-01-04 of
155,c03-003f-01-05 the
155,c03-003f-01-06 cinema
155,c03-003f-02-00 and
155,c03-003f-02-01 again
155,c03-003f-02-02 and
155,c03-003f-02-03 again
155,c03-003f-02-04 it
155,c03-003f-02-05 is
155,c03-003f-02-06 the
155,c03-003f-02-07 visual
155,c03-003f-03-00 of
155,c03-003f-03-01 the
155,c03-003f-03-02 story
155,c03-003f-03-04 and
155,c03-003f-03-05 the
155,c03-003f-03-07 of
155,c03-003f-03-08 the
155,c03-003f-04-00 central
155,c03-003f-04-02 to
155,c03-003f-04-03 their
155,c03-003f-05-00 which
155,c03-003f-05-01 bring
155,c03-003f-05-02 the
155,c03-003f-05-03 film
155,c03-003f-05-04 so
155,c03-003f-05-05 vividly
155,c03-003f-05-06 to
155,c03-003f-05-07 life
155,c03-003f-05-09 In
155,c03-003f-06-00 Fanny
155,c03-003f-06-02 which
155,c03-003f-06-03 also
155,c03-003f-06-04 has
155,c03-003f-06-05 its
155,c03-003f-07-00 the
155,c03-003f-07-04 Joshua
155,c03-003f-07-05 Logan
155,c03-003f-08-00 but
155,c03-003f-08-01 failed
155,c03-003f-08-02 to
155,c03-003f-08-03 create
155,c03-003f-08-04 the
155,c03-003f-08-06 of
155,c03-003f-09-01 city
155,c03-094f-00-01 William
155,c03-094f-00-02 Lucas
155,c03-094f-00-04 Morris
155,c03-094f-00-06 is
155,c03-094f-00-07 always
155,c03-094f-01-00 tively
155,c03-094f-01-01 pushing
155,c03-094f-01-03 Miss
155,c03-094f-01-04 Sheila
155,c03-094f-01-05 Allen
155,c03-094f-01-06 his
155,c03-094f-01-07 wife
155,c03-094f-02-00 always
155,c03-094f-02-01 palely
155,c03-094f-02-05 James
155,c03-094f-02-06 Maxwell
155,c03-094f-03-00 the
155,c03-094f-03-01 editor
155,c03-094f-03-03 always
155,c03-094f-03-05 abashed
155,c03-094f-03-06 by
155,c03-094f-04-00 the
155,c03-094f-04-01 events
155,c03-094f-04-03 and
155,c03-094f-04-05 Aubrey
155,c03-094f-04-08 the
155,c03-094f-05-02 always
155,c03-094f-06-00 they
155,c03-094f-06-01 were
155,c03-094f-06-02 not
155,c03-094f-06-03 asked
155,c03-094f-06-04 to
155,c03-094f-06-06 from
155,c03-094f-07-00 their
155,c03-094f-07-01 set
155,c03-094f-07-02 moods
155,c03-094f-07-03 but
155,c03-094f-07-04 played
155,c03-094f-07-05 with
155,c03-094f-07-06 proper
155,c03-094f-08-01 and
155,c03-094f-08-03 in
155,c03-094f-08-04 the
155,c03-094f-08-05 case
155,c03-094f-08-06 of
155,c03-094f-09-00 with
155,c03-094f-09-01 lavish
155,c03-094f-09-02 and
155,c03-094f-09-04 gaudy
155,c03-094f-09-05 colour
155,c03-084f-00-01 Bryan
155,c03-084f-00-04 is
155,c03-084f-01-00 quietly
155,c03-084f-01-03 giving
155,c03-084f-01-04 full
155,c03-084f-01-05 value
155,c03-084f-01-06 to
155,c03-084f-01-07 the
155,c03-084f-02-00 formal
155,c03-084f-02-02 of
155,c03-084f-02-04 writing
155,c03-084f-02-05 without
155,c03-084f-03-01 them
155,c03-084f-03-03 Last
155,c03-084f-03-05 play
155,c03-084f-04-00 in
155,c03-084f-04-01 the
155,c03-084f-04-03 Play
155,c03-084f-04-04 of
155,c03-084f-04-05 the
155,c03-084f-04-06 Week
155,c03-084f-04-08 series
155,c03-084f-04-09 on
155,c03-084f-05-03 Then
155,c03-084f-05-04 We
155,c03-084f-05-05 Fall
155,c03-084f-05-07 by
155,c03-084f-06-01 Paul
155,c03-084f-06-02 Ferris
155,c03-084f-06-04 was
155,c03-084f-06-07 on
155,c03-084f-06-08 the
155,c03-084f-06-09 not
155,c03-084f-07-01 theme
155,c03-084f-07-02 of
155,c03-084f-07-03 the
155,c03-084f-07-05 power
155,c03-084f-08-00 of
155,c03-087f-00-00 It
155,c03-087f-00-01 went
155,c03-087f-00-03 perhaps
155,c03-087f-00-05 some
155,c03-087f-00-07 beyond
155,c03-087f-01-00 most
155,c03-087f-01-02 of
155,c03-087f-01-03 its
155,c03-087f-01-04 subject
155,c03-087f-01-05 by
155,c03-087f-02-00 to
155,c03-087f-03-00 which
155,c03-087f-03-01 left
155,c03-087f-03-02 its
155,c03-087f-03-03 central
155,c03-087f-03-05 and
155,c03-087f-03-06 the
155,c03-087f-04-00 world
155,c03-087f-04-01 around
155,c03-087f-04-02 him
155,c03-087f-04-03 in
155,c03-087f-05-02 We
155,c03-087f-05-03 could
155,c03-087f-05-05 perhaps
155,c03-087f-05-07 say
155,c03-087f-05-08 whether
155,c03-087f-06-00 or
155,c03-087f-06-01 not
155,c03-087f-06-02 the
155,c03-087f-06-03 attempt
155,c03-087f-06-05 if
155,c03-087f-06-06 we
155,c03-087f-06-07 had
155,c03-087f-07-00 little
155,c03-087f-07-01 more
155,c03-087f-07-02 faith
155,c03-087f-07-03 in
155,c03-087f-07-04 the
155,c03-087f-07-05 way
155,c03-087f-07-06 in
155,c03-087f-07-07 which
155,c03-087f-08-00 Ferris
155,c03-087f-08-02 his
155,c03-000f-00-00 The
155,c03-000f-00-01 film
155,c03-000f-00-02 version
155,c03-000f-00-03 of
155,c03-000f-00-04 Miss
155,c03-000f-00-05 Shelagh
155,c03-000f-01-00 play
155,c03-000f-01-02 Taste
155,c03-000f-01-03 of
155,c03-000f-01-04 Honey
155,c03-000f-01-05 opens
155,c03-000f-01-06 at
155,c03-000f-01-07 the
155,c03-000f-02-01 Square
155,c03-000f-02-02 Theatre
155,c03-000f-02-05 It
155,c03-000f-02-06 has
155,c03-000f-03-00 been
155,c03-000f-03-02 and
155,c03-000f-03-04 by
155,c03-000f-03-06 Tony
155,c03-000f-04-02 who
155,c03-000f-04-03 is
155,c03-000f-04-04 also
155,c03-000f-04-06 with
155,c03-000f-05-00 Miss
155,c03-000f-05-01 Delaney
155,c03-000f-05-02 of
155,c03-000f-05-03 the
155,c03-000f-05-04 script
155,c03-000f-05-06 and
155,c03-000f-05-07 the
155,c03-000f-05-08 great
155,c03-000f-06-01 to
155,c03-000f-06-02 be
155,c03-000f-06-03 derived
155,c03-000f-06-04 from
155,c03-000f-06-05 this
155,c03-000f-06-06 unity
155,c03-000f-07-00 of
155,c03-000f-07-02 and
155,c03-000f-07-03 control
155,c03-000f-07-04 are
155,c03-021f-00-00 In
155,c03-021f-00-01 Fanny
155,c03-021f-00-02 the
155,c03-021f-00-04 girl
155,c03-021f-00-05 is
155,c03-021f-01-00 by
155,c03-021f-01-01 an
155,c03-021f-01-02 old
155,c03-021f-01-03 man
155,c03-021f-01-05 Here
155,c03-021f-01-06 it
155,c03-021f-01-07 is
155,c03-021f-01-09 young
155,c03-021f-02-00 sexual
155,c03-021f-02-03 from
155,c03-021f-02-04 women
155,c03-021f-02-05 but
155,c03-021f-02-06 yet
155,c03-021f-03-00 moved
155,c03-021f-03-01 by
155,c03-021f-03-03 strong
155,c03-021f-03-06 to
155,c03-021f-04-00 the
155,c03-021f-04-01 unborn
155,c03-021f-04-02 child
155,c03-021f-04-03 as
155,c03-021f-04-04 much
155,c03-021f-04-05 as
155,c03-021f-04-06 to
155,c03-021f-04-07 the
155,c03-021f-05-01 mother
155,c03-021f-05-03 who
155,c03-021f-05-04 acts
155,c03-021f-05-05 as
155,c03-021f-06-00 and
155,c03-021f-06-02 to
155,c03-021f-06-03 her
155,c03-021f-06-04 in
155,c03-021f-06-05 her
155,c03-021f-06-06 hour
155,c03-021f-06-07 of
155,c03-021f-06-08 need
155,c03-021f-07-00 He
155,c03-021f-07-01 shares
155,c03-021f-07-02 her
155,c03-021f-07-03 room
155,c03-021f-07-04 and
155,c03-021f-07-05 gives
155,c03-021f-07-06 her
155,c03-021f-07-07 his
155,c03-021f-08-00 forlorn
155,c03-021f-08-01 gift
155,c03-021f-08-02 of
155,c03-021f-08-04 and
155,c03-021f-09-01 you
155,c03-021f-09-02 need
155,c03-021f-09-03 someone
155,c03-021f-09-04 to
155,c03-021f-09-05 love
155,c03-021f-09-06 you
155,c03-021f-09-07 while
155,c03-021f-09-08 you
155,c03-081f-00-02 the
155,c03-081f-00-04 has
155,c03-081f-01-01 error
155,c03-081f-01-02 in
155,c03-081f-01-04 Irene
155,c03-081f-01-05 to
155,c03-081f-01-06 speak
155,c03-081f-02-00 for
155,c03-081f-02-01 herself
155,c03-081f-02-03 we
155,c03-081f-02-04 would
155,c03-081f-02-05 be
155,c03-081f-02-07 clearer
155,c03-081f-03-00 in
155,c03-081f-03-01 our
155,c03-081f-03-02 minds
155,c03-081f-03-03 about
155,c03-081f-03-04 her
155,c03-081f-03-05 if
155,c03-081f-03-06 she
155,c03-081f-04-00 flawed
155,c03-081f-04-01 but
155,c03-081f-04-03 enigma
155,c03-081f-04-05 seen
155,c03-081f-04-06 but
155,c03-081f-04-07 not
155,c03-081f-05-00 heard
155,c03-081f-05-02 However
155,c03-081f-05-04 Miss
155,c03-081f-05-05 Pinkie
155,c03-081f-06-00 makes
155,c03-081f-06-01 her
155,c03-081f-06-02 few
155,c03-081f-06-03 brief
155,c03-081f-06-04 scenes
155,c03-081f-06-07 and
155,c03-081f-07-02 Landen
155,c03-081f-07-04 in
155,c03-081f-07-05 the
155,c03-081f-07-06 longest
155,c03-081f-07-07 and
155,c03-081f-07-08 most
155,c03-081f-08-01 role
155,c03-081f-08-03 that
155,c03-081f-08-04 of
155,c03-081f-08-05 the
155,c03-081f-08-08 gives
155,c03-081f-09-01 of
155,c03-081f-09-02 rare
155,c03-081f-09-04 and
155,c03-096f-00-00 Only
155,c03-096f-00-03 actions
155,c03-096f-00-07 arose
155,c03-096f-01-01 from
155,c03-096f-01-03 motives
155,c03-096f-01-05 The
155,c03-096f-02-00 rest
155,c03-096f-02-02 one
155,c03-096f-02-03 feels
155,c03-096f-02-05 were
155,c03-096f-02-06 driven
155,c03-096f-02-07 to
155,c03-096f-03-00 action
155,c03-096f-03-01 by
155,c03-096f-03-02 the
155,c03-096f-03-03 author
155,c03-096f-03-04 in
155,c03-096f-03-05 spite
155,c03-096f-03-06 of
155,c03-096f-03-07 the
155,c03-096f-04-01 with
155,c03-096f-04-02 which
155,c03-096f-04-03 he
155,c03-096f-04-04 had
155,c03-096f-04-05 endowed
155,c03-096f-05-00 them
155,c03-096f-05-02 One
155,c03-096f-05-03 hopes
155,c03-096f-05-04 that
155,c03-096f-05-05 he
155,c03-096f-05-06 is
155,c03-096f-05-07 not
155,c03-096f-05-08 asking
155,c03-096f-05-09 us
155,c03-096f-06-00 to
155,c03-096f-06-01 believe
155,c03-096f-06-02 that
155,c03-096f-06-04 because
155,c03-096f-06-05 of
155,c03-096f-06-06 their
155,c03-096f-06-07 odd
155,c03-096f-07-00 accents
155,c03-096f-07-02 they
155,c03-096f-07-03 act
155,c03-096f-07-04 oddly
155,c03-096f-07-05 like
155,c03-096f-07-06 the
155,c03-096f-07-07 queer
155,c03-096f-08-01 of
155,c03-007f-00-00 In
155,c03-007f-00-02 Taste
155,c03-007f-00-03 of
155,c03-007f-00-04 Honey
155,c03-007f-00-07 has
155,c03-007f-01-00 taken
155,c03-007f-01-02 town
155,c03-007f-01-03 in
155,c03-007f-01-04 the
155,c03-007f-01-06 North
155,c03-007f-01-07 of
155,c03-007f-02-00 England
155,c03-007f-02-01 and
155,c03-007f-02-02 has
155,c03-007f-02-03 made
155,c03-007f-02-04 it
155,c03-007f-02-05 live
155,c03-007f-02-07 The
155,c03-007f-02-08 shabby
155,c03-007f-03-00 streets
155,c03-007f-03-01 and
155,c03-007f-03-02 wet
155,c03-007f-03-05 the
155,c03-007f-03-06 school
155,c03-007f-04-02 the
155,c03-007f-04-03 public
155,c03-007f-04-05 and
155,c03-007f-05-00 the
155,c03-007f-05-01 rubbish
155,c03-007f-05-02 strewn
155,c03-007f-05-03 canals
155,c03-007f-05-05 even
155,c03-007f-05-06 the
155,c03-007f-05-07 worn
155,c03-007f-06-01 in
155,c03-007f-06-02 the
155,c03-007f-06-06 sacred
155,c03-007f-06-07 to
155,c03-007f-07-00 the
155,c03-007f-07-01 memory
155,c03-007f-07-02 of
155,c03-007f-07-05 are
155,c03-007f-07-06 seen
155,c03-007f-07-07 as
155,c03-007f-07-08 an
155,c03-007f-08-00 gral
155,c03-007f-08-01 part
155,c03-007f-08-02 of
155,c03-007f-08-03 the
155,c03-007f-08-04 story
