068,a06-014-00-00 They
068,a06-014-00-01 nodded
068,a06-014-00-02 at
068,a06-014-00-03 each
068,a06-014-00-04 other
068,a06-014-00-05 and
068,a06-014-00-06 Sir
068,a06-014-00-07 Edward
068,a06-014-01-00 rose
068,a06-014-01-01 to
068,a06-014-01-02 say
068,a06-014-01-03 that
068,a06-014-01-04 the
068,a06-014-01-06 would
068,a06-014-01-07 bear
068,a06-014-02-02 offer
068,a06-014-02-03 in
068,a06-014-02-04 mind
068,a06-014-02-06 Guy
068,a06-014-02-07 Eden
068,a06-014-02-08 writes
068,a06-014-03-01 experts
068,a06-014-03-02 are
068,a06-014-03-03 already
068,a06-014-03-04 working
068,a06-014-03-05 on
068,a06-014-04-00 the
068,a06-014-04-01 scheme
068,a06-014-04-03 Profits
068,a06-014-04-04 of
068,a06-014-04-05 genuine
068,a06-014-05-00 in
068,a06-014-05-02 will
068,a06-014-05-03 not
068,a06-014-05-04 be
068,a06-014-05-07 but
068,a06-014-05-08 only
068,a06-014-06-00 quick
068,a06-014-06-03 deals
068,a06-014-07-00 FRANK
068,a06-014-07-01 FOULKES
068,a06-014-08-00 of
068,a06-014-08-01 the
068,a06-014-08-02 ETU
068,a06-014-08-04 refused
068,a06-014-08-06 to
068,a06-014-09-01 commit
068,a06-014-09-02 suicide
068,a06-014-09-04 at
068,a06-014-09-05 the
