044,a03-017-00-00 Prince
044,a03-017-00-02 Phouma
044,a03-017-00-03 has
044,a03-017-00-04 not
044,a03-017-00-05 yet
044,a03-017-00-06 replied
044,a03-017-00-07 to
044,a03-017-01-00 the
044,a03-017-01-01 mission
044,a03-017-01-03 but
044,a03-017-01-04 recent
044,a03-017-01-06 made
044,a03-017-01-07 by
044,a03-017-01-08 him
044,a03-017-02-00 in
044,a03-017-02-01 Phnom
044,a03-017-02-02 Penh
044,a03-017-02-04 that
044,a03-017-02-05 he
044,a03-017-02-06 still
044,a03-017-02-07 regards
044,a03-017-03-00 himself
044,a03-017-03-01 as
044,a03-017-03-02 the
044,a03-017-03-03 only
044,a03-017-03-04 legal
044,a03-017-03-05 Prime
044,a03-017-03-07 of
044,a03-017-04-00 Laos
044,a03-017-04-02 His
044,a03-017-04-03 policy
044,a03-017-04-04 of
044,a03-017-04-05 strict
044,a03-017-04-07 from
044,a03-017-05-00 to
044,a03-017-05-02 kept
044,a03-017-05-03 the
044,a03-017-05-04 kingdom
044,a03-017-05-05 in
044,a03-017-05-06 peace
044,a03-017-05-08 though
044,a03-017-06-00 at
044,a03-017-06-01 the
044,a03-017-06-02 cost
044,a03-017-06-03 of
044,a03-017-06-04 virtual
044,a03-017-06-06 of
044,a03-017-06-07 the
044,a03-017-06-08 country
044,a03-017-07-00 into
044,a03-017-07-01 the
044,a03-017-07-03 north
044,a03-017-07-04 and
044,a03-017-07-05 the
044,a03-017-08-01 centre
044,a03-017-08-02 and
044,a03-017-08-03 south
