031,a02-062-00-01 third
031,a02-062-00-03 house
031,a02-062-00-04 was
031,a02-062-00-05 watched
031,a02-062-00-06 for
031,a02-062-00-07 four
031,a02-062-00-08 days
031,a02-062-01-00 by
031,a02-062-01-02 men
031,a02-062-01-06 George
031,a02-062-02-00 Clark
031,a02-062-02-02 at
031,a02-062-02-04 Press
031,a02-062-02-08 The
031,a02-062-03-00 most
031,a02-062-03-02 things
031,a02-062-03-03 are
031,a02-062-03-07 Fifty
031,a02-062-04-01 members
031,a02-062-04-02 will
031,a02-062-04-03 appear
031,a02-062-04-04 at
031,a02-062-05-00 today
031,a02-062-05-03 Lord
031,a02-062-05-04 Russell
031,a02-062-05-06 Lady
031,a02-062-05-07 Russell
031,a02-062-06-00 Lord
031,a02-062-06-03 the
031,a02-062-06-05 Michael
031,a02-062-06-06 Scott
031,a02-062-06-08 and
031,a02-062-07-01 Clark
