650,r02-109-00-00 Cecil
650,r02-109-00-01 gritted
650,r02-109-00-02 his
650,r02-109-00-03 teeth
650,r02-109-00-04 and
650,r02-109-00-06 at
650,r02-109-00-07 the
650,r02-109-01-01 of
650,r02-109-01-02 Miss
650,r02-109-01-05 bathing
650,r02-109-02-00 in
650,r02-109-02-03 whilst
650,r02-109-02-04 he
650,r02-109-02-05 had
650,r02-109-02-06 to
650,r02-109-02-07 go
650,r02-109-03-00 easy
650,r02-109-03-01 on
650,r02-109-03-02 the
650,r02-109-03-04 heater
650,r02-109-03-07 What
650,r02-109-03-08 is
650,r02-109-03-09 it
650,r02-109-04-00 Cecil
650,r02-109-04-03 you
650,r02-109-04-04 feel
650,r02-109-04-05 well
650,r02-109-04-08 his
650,r02-109-04-09 mother
650,r02-109-05-00 asked
650,r02-109-05-04 You
650,r02-109-05-05 do
650,r02-109-05-06 look
650,r02-109-05-07 tired
650,r02-109-06-00 Go
650,r02-109-06-01 and
650,r02-109-06-02 get
650,r02-109-06-05 drink
650,r02-109-07-00 fuss
650,r02-109-07-02 mother
650,r02-109-07-06 quite
650,r02-109-07-07 well
650,r02-109-07-08 and
650,r02-109-07-09 no
650,r02-109-07-10 more
650,r02-109-08-00 tired
650,r02-109-08-01 than
650,r02-109-08-02 usual
650,r02-109-08-04 and
650,r02-109-08-05 we
650,r02-109-08-07 the
650,r02-109-08-08 gin
650,r02-109-09-00 last
650,r02-109-09-01 week
650,r02-109-09-03 you
650,r02-109-09-04 know
650,r02-109-09-05 that
