051,a03-040-00-00 All
051,a03-040-00-01 four
051,a03-040-00-02 were
051,a03-040-00-06 Last
051,a03-040-01-01 public
051,a03-040-01-02 poll
051,a03-040-01-03 showed
051,a03-040-01-04 that
051,a03-040-01-05 for
051,a03-040-01-06 the
051,a03-040-01-07 first
051,a03-040-01-08 time
051,a03-040-01-09 since
051,a03-040-02-00 the
051,a03-040-02-02 came
051,a03-040-02-03 to
051,a03-040-02-04 power
051,a03-040-02-05 in
051,a03-040-02-07 the
051,a03-040-03-01 were
051,a03-040-03-02 ahead
051,a03-040-03-05 per
051,a03-040-03-06 cent
051,a03-040-03-07 were
051,a03-040-03-08 in
051,a03-040-03-09 favour
051,a03-040-04-00 of
051,a03-040-04-02 The
051,a03-040-04-03 Grits
051,a03-040-04-05 if
051,a03-040-04-07 federal
051,a03-040-04-09 had
051,a03-040-04-10 been
051,a03-040-05-00 held
051,a03-040-05-01 last
051,a03-040-05-02 autumn
051,a03-040-05-05 per
051,a03-040-05-06 cent
051,a03-040-05-07 for
051,a03-040-05-08 the
051,a03-040-06-01 and
051,a03-040-06-03 per
051,a03-040-06-04 cent
051,a03-040-06-05 for
051,a03-040-06-06 the
