560,n02-004-00-00 To
560,n02-004-00-01 Beryl
560,n02-004-00-03 at
560,n02-004-00-04 least
560,n02-004-00-06 this
560,n02-004-00-07 was
560,n02-004-00-09 with
560,n02-004-01-02 She
560,n02-004-01-03 had
560,n02-004-01-05 to
560,n02-004-01-06 be
560,n02-004-01-07 met
560,n02-004-01-08 with
560,n02-004-01-09 violent
560,n02-004-02-02 and
560,n02-004-02-03 here
560,n02-004-02-04 he
560,n02-004-02-05 was
560,n02-004-02-06 bland
560,n02-004-02-07 and
560,n02-004-02-08 smiling
560,n02-004-03-00 But
560,n02-004-03-01 it
560,n02-004-03-02 did
560,n02-004-03-03 not
560,n02-004-03-04 take
560,n02-004-03-05 her
560,n02-004-03-06 long
560,n02-004-03-07 to
560,n02-004-03-08 realise
560,n02-004-03-09 that
560,n02-004-03-10 his
560,n02-004-03-11 mood
560,n02-004-04-00 was
560,n02-004-04-01 less
560,n02-004-04-03 than
560,n02-004-04-05 on
560,n02-004-04-06 the
560,n02-004-04-07 surface
560,n02-004-05-00 He
560,n02-004-05-01 told
560,n02-004-05-02 her
560,n02-004-05-05 as
560,n02-004-05-06 he
560,n02-004-05-07 led
560,n02-004-05-08 the
560,n02-004-05-09 way
560,n02-004-05-10 to
560,n02-004-05-11 his
560,n02-004-06-00 own
560,n02-004-06-01 veranda
560,n02-004-06-03 that
560,n02-004-06-04 he
560,n02-004-06-05 had
560,n02-004-06-06 taken
560,n02-004-06-07 the
560,n02-004-06-08 liberty
560,n02-004-06-09 of
560,n02-004-07-00 asking
560,n02-004-07-01 Jack
560,n02-004-07-03 as
560,n02-004-07-06 of
560,n02-004-07-07 the
560,n02-004-07-08 Vallin
560,n02-004-07-09 family
560,n02-004-08-00 to
560,n02-004-08-01 come
560,n02-004-08-02 over
560,n02-004-08-03 and
560,n02-004-08-04 make
560,n02-004-08-05 the
560,n02-004-08-07 in
560,n02-004-08-08 her
560,n02-004-08-09 stead
560,n02-009-00-02 caught
560,n02-009-00-03 him
560,n02-009-00-04 just
560,n02-009-00-05 as
560,n02-009-00-06 he
560,n02-009-00-07 was
560,n02-009-00-08 going
560,n02-009-00-09 to
560,n02-009-00-10 the
560,n02-009-01-00 airport
560,n02-009-01-01 to
560,n02-009-01-02 meet
560,n02-009-01-03 Blanche
560,n02-009-01-06 he
560,n02-009-01-07 said
560,n02-009-01-10 As
560,n02-009-01-12 matter
560,n02-009-02-00 of
560,n02-009-02-01 fact
560,n02-009-02-04 asked
560,n02-009-02-05 him
560,n02-009-02-06 last
560,n02-009-02-07 night
560,n02-009-02-08 to
560,n02-009-03-00 for
560,n02-009-03-01 me
560,n02-009-03-02 and
560,n02-009-03-03 fetch
560,n02-009-03-04 her
560,n02-009-03-06 He
560,n02-009-03-07 brought
560,n02-009-03-08 her
560,n02-009-03-09 to
560,n02-009-03-10 the
560,n02-009-03-11 party
560,n02-009-04-00 too
560,n02-009-04-02 They
560,n02-009-04-04 both
560,n02-009-04-05 here
560,n02-009-04-11 know
560,n02-009-04-12 she
560,n02-009-04-13 was
560,n02-009-05-00 coming
560,n02-009-05-01 back
560,n02-009-05-02 from
560,n02-009-05-04 so
560,n02-009-05-05 soon
560,n02-009-05-08 Beryl
560,n02-009-06-00 said
560,n02-009-06-01 the
560,n02-009-06-02 first
560,n02-009-06-03 thing
560,n02-009-06-04 that
560,n02-009-06-05 came
560,n02-009-06-06 into
560,n02-009-06-07 her
560,n02-009-06-08 head
