026,a02-042-00-00 And
026,a02-042-00-01 up
026,a02-042-00-02 to
026,a02-042-00-03 ten
026,a02-042-00-06 can
026,a02-042-00-07 be
026,a02-042-00-08 imposed
026,a02-042-01-00 on
026,a02-042-01-01 anyone
026,a02-042-01-03 of
026,a02-042-01-06 These
026,a02-042-01-07 stern
026,a02-042-02-00 had
026,a02-042-02-01 the
026,a02-042-02-02 desired
026,a02-042-02-03 effect
026,a02-042-02-04 today
026,a02-042-02-05 at
026,a02-042-02-06 Kumasi
026,a02-042-02-07 where
026,a02-042-02-08 the
026,a02-042-03-01 gave
026,a02-042-03-02 in
026,a02-042-03-04 but
026,a02-042-03-05 in
026,a02-042-03-08 the
026,a02-042-03-09 chief
026,a02-042-03-10 storm
026,a02-042-03-11 centre
026,a02-042-04-00 they
026,a02-042-04-01 are
026,a02-042-04-02 still
026,a02-042-04-03 holding
026,a02-042-04-04 out
026,a02-042-04-05 despite
026,a02-042-04-06 the
026,a02-042-04-08 of
026,a02-042-05-00 police
026,a02-042-05-01 and
026,a02-042-05-04 cars
026,a02-042-05-06 And
026,a02-042-05-07 how
026,a02-042-05-08 did
026,a02-042-05-09 the
026,a02-042-06-01 react
026,a02-042-06-02 when
026,a02-042-06-03 the
026,a02-042-06-06 in
026,a02-042-07-00 Accra
026,a02-093-00-00 JOHN
026,a02-093-00-01 DICKIE
026,a02-093-00-02 writes
026,a02-093-00-06 gave
026,a02-093-00-07 top
026,a02-093-01-01 to
026,a02-093-01-02 the
026,a02-093-01-03 clash
026,a02-093-01-04 over
026,a02-093-01-07 on
026,a02-093-01-08 his
026,a02-093-02-00 return
026,a02-093-02-01 from
026,a02-093-02-05 He
026,a02-093-03-00 Iain
026,a02-093-03-01 Macleod
026,a02-093-03-06 and
026,a02-093-03-08 Duncan
026,a02-093-03-09 Sandys
026,a02-093-04-03 for
026,a02-093-04-04 an
026,a02-093-04-06 talks
026,a02-093-05-00 at
026,a02-093-05-02 House
026,a02-093-05-06 is
026,a02-093-05-08 today
026,a02-093-06-00 to
026,a02-093-06-01 hold
026,a02-093-06-02 the
026,a02-093-06-03 door
026,a02-093-06-04 open
026,a02-093-06-05 for
026,a02-093-06-07 to
026,a02-093-06-08 the
026,a02-093-07-00 new
026,a02-093-07-03 law
026,a02-093-07-04 and
026,a02-093-07-05 order
026,a02-093-07-06 is
026,a02-093-08-00 in
026,a02-098-00-00 Its
026,a02-098-00-01 terms
026,a02-098-00-02 have
026,a02-098-00-03 set
026,a02-098-00-04 the
026,a02-098-00-05 Prime
026,a02-098-00-07 an
026,a02-098-01-00 problem
026,a02-098-01-03 Sandys
026,a02-098-01-04 has
026,a02-098-01-05 warned
026,a02-098-01-06 of
026,a02-098-01-07 the
026,a02-098-01-08 risk
026,a02-098-01-09 of
026,a02-098-02-00 strong
026,a02-098-02-02 from
026,a02-098-02-03 Sir
026,a02-098-02-04 Roy
026,a02-098-02-06 to
026,a02-098-02-07 any
026,a02-098-03-01 that
026,a02-098-03-02 there
026,a02-098-03-03 may
026,a02-098-03-04 be
026,a02-098-03-05 fresh
026,a02-098-03-07 to
026,a02-098-03-08 the
026,a02-098-04-00 African
026,a02-098-04-04 Macleod
026,a02-098-04-05 has
026,a02-098-04-06 ample
026,a02-098-05-00 from
026,a02-098-05-01 talks
026,a02-098-05-02 with
026,a02-098-05-03 Sir
026,a02-098-05-04 John
026,a02-098-05-05 Moffat
026,a02-098-06-00 Liberal
026,a02-098-06-01 leader
026,a02-098-06-03 and
026,a02-098-06-05 Kaunda
026,a02-098-06-07 that
026,a02-098-06-08 the
026,a02-098-06-09 bulk
026,a02-098-07-00 of
026,a02-098-07-02 and
026,a02-098-07-04 will
026,a02-098-07-05 reject
026,a02-098-07-06 the
026,a02-098-08-01 unless
026,a02-098-08-02 it
026,a02-098-08-03 is
026,a02-090-00-01 It
026,a02-090-00-02 is
026,a02-090-00-03 true
026,a02-090-00-04 he
026,a02-090-00-05 made
026,a02-090-00-07 point
026,a02-090-00-08 of
026,a02-090-00-09 again
026,a02-090-00-10 being
026,a02-090-00-11 absent
026,a02-090-01-00 from
026,a02-090-01-03 when
026,a02-090-01-04 his
026,a02-090-01-06 have
026,a02-090-02-01 in
026,a02-090-02-02 such
026,a02-090-02-06 But
026,a02-090-02-07 Sir
026,a02-090-02-08 Roy
026,a02-090-02-09 pointed
026,a02-090-02-10 out
026,a02-090-03-00 that
026,a02-090-03-02 few
026,a02-090-03-03 months
026,a02-090-03-04 ago
026,a02-090-03-06 Kaunda
026,a02-090-03-07 said
026,a02-090-03-08 that
026,a02-090-04-00 if
026,a02-090-04-01 UNIP
026,a02-090-04-02 did
026,a02-090-04-03 not
026,a02-090-04-04 get
026,a02-090-04-05 its
026,a02-090-04-06 way
026,a02-090-04-07 what
026,a02-090-04-08 would
026,a02-090-04-09 happen
026,a02-090-05-00 would
026,a02-090-05-01 make
026,a02-090-05-02 the
026,a02-090-05-03 Mau
026,a02-090-05-04 Mau
026,a02-090-05-05 in
026,a02-090-05-06 Kenya
026,a02-090-05-08 seem
026,a02-090-05-09 like
026,a02-090-06-01 picnic
026,a02-037-00-00 The
026,a02-037-00-01 urge
026,a02-037-00-02 came
026,a02-037-00-03 from
026,a02-037-00-06 of
026,a02-037-00-08 of
026,a02-037-01-02 Party
026,a02-037-01-04 after
026,a02-037-02-00 by
026,a02-037-02-02 Krobo
026,a02-037-02-03 Edusei
026,a02-037-02-05 Tawia
026,a02-037-02-09 and
026,a02-037-03-00 others
026,a02-037-03-02 Strong
026,a02-037-03-03 deeds
026,a02-037-03-05 strong
026,a02-037-03-06 words
026,a02-037-03-08 In
026,a02-037-04-02 limited
026,a02-037-04-03 state
026,a02-037-04-04 of
026,a02-037-04-07 was
026,a02-037-04-10 giving
026,a02-037-05-00 the
026,a02-037-05-03 power
026,a02-037-05-04 to
026,a02-037-05-06 all
026,a02-037-06-02 and
026,a02-037-06-03 ensure
026,a02-037-06-04 food
026,a02-037-06-07 Thus
026,a02-037-06-08 it
026,a02-037-07-00 becomes
026,a02-037-07-01 an
026,a02-037-07-02 offence
026,a02-037-07-04 with
026,a02-037-08-00 for
026,a02-037-08-01 anyone
026,a02-037-08-02 who
026,a02-037-08-06 report
026,a02-037-08-07 likely
026,a02-037-08-08 to
026,a02-037-08-09 cause
026,a02-037-09-00 alarm
026,a02-037-09-01 or
026,a02-037-09-03 to
026,a02-037-09-04 public
026,a02-037-09-05 safety
