666,r03-090-00-00 Our
666,r03-090-00-01 lawyers
666,r03-090-00-05 Who
666,r03-090-00-06 are
666,r03-090-00-07 your
666,r03-090-00-08 lawyers
666,r03-090-01-05 Well
666,r03-090-01-09 damned
666,r03-090-01-13 Now
666,r03-090-01-15 let
666,r03-090-01-16 me
666,r03-090-01-17 see
666,r03-090-02-00 you
666,r03-090-02-01 say
666,r03-090-02-02 your
666,r03-090-02-03 husband
666,r03-090-02-04 earns
666,r03-090-02-05 about
666,r03-090-02-07 yes
666,r03-090-03-00 that
666,r03-090-03-01 would
666,r03-090-03-02 come
666,r03-090-03-03 to
666,r03-090-03-05 three
666,r03-090-03-07 carry
666,r03-090-03-08 seven
666,r03-090-03-10 six
666,r03-090-04-00 nines
666,r03-090-04-01 are
666,r03-090-04-02 fifty
666,r03-090-04-03 four
666,r03-090-04-05 of
666,r03-090-04-06 course
666,r03-090-04-07 we
666,r03-090-04-09 have
666,r03-090-04-10 to
666,r03-090-05-00 have
666,r03-090-05-01 some
666,r03-090-05-02 sort
666,r03-090-05-03 of
666,r03-090-05-04 proof
666,r03-090-05-06 you
666,r03-090-05-07 know
666,r03-090-05-09 it
666,r03-090-05-11 very
666,r03-090-06-01 with
666,r03-090-06-03 persons
666,r03-090-06-05 carry
666,r03-090-06-06 two
