512,m01-095-00-00 Coming
512,m01-095-00-01 around
512,m01-095-00-02 the
512,m01-095-00-03 great
512,m01-095-00-04 mass
512,m01-095-00-05 of
512,m01-095-00-06 the
512,m01-095-00-07 Chateau
512,m01-095-01-00 Laurier
512,m01-095-01-02 he
512,m01-095-01-03 braked
512,m01-095-01-04 to
512,m01-095-01-07 stop
512,m01-095-02-00 flying
512,m01-095-02-01 saucer
512,m01-095-02-02 was
512,m01-095-02-03 tilting
512,m01-095-02-04 and
512,m01-095-02-05 dipping
512,m01-095-02-06 over
512,m01-095-03-00 the
512,m01-095-03-01 War
512,m01-095-03-04 There
512,m01-095-03-05 was
512,m01-095-03-07 deep
512,m01-095-04-01 sound
512,m01-095-04-03 and
512,m01-095-04-06 hissing
512,m01-095-05-01 that
512,m01-095-05-02 sang
512,m01-095-05-03 in
512,m01-095-05-04 his
512,m01-095-05-05 ears
512,m01-095-05-06 with
512,m01-095-05-07 an
512,m01-095-06-00 almost
512,m01-095-06-01 painful
512,m01-095-06-04 He
512,m01-095-06-06 and
512,m01-095-07-00 turned
512,m01-095-07-01 back
512,m01-095-07-02 on
512,m01-095-07-04 Avenue
