050,a03-037-00-00 Last
050,a03-037-00-01 year
050,a03-037-00-02 saw
050,a03-037-00-03 the
050,a03-037-00-04 defeat
050,a03-037-00-05 of
050,a03-037-00-06 two
050,a03-037-01-03 Quebec
050,a03-037-01-04 and
050,a03-037-01-05 New
050,a03-037-01-08 and
050,a03-037-02-00 in
050,a03-037-02-01 the
050,a03-037-02-02 four
050,a03-037-02-03 federal
050,a03-037-02-05 last
050,a03-037-02-06 October
050,a03-037-02-07 the
050,a03-037-02-08 party
050,a03-037-03-00 fared
050,a03-037-03-01 badly
050,a03-037-03-03 They
050,a03-037-03-04 are
050,a03-037-03-05 now
050,a03-037-03-06 faced
050,a03-037-03-07 with
050,a03-037-03-08 four
050,a03-037-03-09 other
050,a03-037-04-02 one
050,a03-037-04-03 at
050,a03-037-04-05 Saanich
050,a03-037-04-07 British
050,a03-037-05-00 one
050,a03-037-05-01 in
050,a03-037-05-02 Leeds
050,a03-037-05-04 Ontario
050,a03-037-05-06 and
050,a03-037-05-07 the
050,a03-037-05-08 other
050,a03-037-05-09 two
050,a03-037-05-10 in
050,a03-037-05-11 the
050,a03-037-06-05 New
050,a03-037-07-00 and
050,a03-037-07-01 Kings
050,a03-037-07-03 Prince
050,a03-037-07-04 Edward
050,a03-037-07-05 Island
