339,g06-026h-00-02 life
339,g06-026h-00-03 truly
339,g06-026h-00-06 It
339,g06-026h-00-07 so
339,g06-026h-00-08 happens
339,g06-026h-00-09 that
339,g06-026h-00-11 have
339,g06-026h-01-00 an
339,g06-026h-01-01 Italian
339,g06-026h-01-02 who
339,g06-026h-01-03 is
339,g06-026h-01-04 perhaps
339,g06-026h-01-05 the
339,g06-026h-01-06 best
339,g06-026h-01-07 Valet
339,g06-026h-01-08 de
339,g06-026h-01-09 Chambre
339,g06-026h-02-00 that
339,g06-026h-02-01 ever
339,g06-026h-02-02 was
339,g06-026h-02-04 But
339,g06-026h-02-05 he
339,g06-026h-02-06 has
339,g06-026h-02-07 not
339,g06-026h-02-08 one
339,g06-026h-02-09 word
339,g06-026h-02-10 of
339,g06-026h-02-11 English
339,g06-026h-03-00 While
339,g06-026h-03-01 he
339,g06-026h-03-02 was
339,g06-026h-03-03 writing
339,g06-026h-03-04 this
339,g06-026h-03-05 letter
339,g06-026h-03-06 he
339,g06-026h-03-07 heard
339,g06-026h-03-08 of
339,g06-026h-03-09 the
339,g06-026h-03-10 fall
339,g06-026h-04-00 of
339,g06-026h-04-01 the
339,g06-026h-04-02 Whigs
339,g06-026h-04-04 and
339,g06-026h-04-05 the
339,g06-026h-04-08 of
339,g06-026h-05-00 the
339,g06-026h-05-02 by
339,g06-026h-05-03 the
339,g06-026h-05-04 Duke
339,g06-026h-05-05 of
339,g06-042h-00-00 Nor
339,g06-042h-00-01 is
339,g06-042h-00-02 this
339,g06-042h-00-03 to
339,g06-042h-00-04 be
339,g06-042h-00-06 at
339,g06-042h-00-08 for
339,g06-042h-00-09 even
339,g06-042h-00-10 today
339,g06-042h-00-12 in
339,g06-042h-01-00 the
339,g06-042h-01-03 no
339,g06-042h-01-04 cure
339,g06-042h-01-05 has
339,g06-042h-01-06 been
339,g06-042h-01-07 found
339,g06-042h-01-08 for
339,g06-042h-01-09 the
339,g06-042h-02-03 As
339,g06-042h-02-04 early
339,g06-042h-02-05 as
339,g06-042h-02-08 when
339,g06-042h-03-02 himself
339,g06-042h-03-03 to
339,g06-042h-03-04 be
339,g06-042h-03-05 on
339,g06-042h-03-06 the
339,g06-042h-04-00 point
339,g06-042h-04-01 of
339,g06-042h-04-02 death
339,g06-042h-04-04 the
339,g06-042h-04-05 new
339,g06-042h-04-06 German
339,g06-042h-05-00 method
339,g06-042h-05-01 known
339,g06-042h-05-02 as
339,g06-042h-05-04 had
339,g06-042h-05-05 been
339,g06-042h-06-00 brought
339,g06-042h-06-01 to
339,g06-042h-06-02 his
339,g06-042h-06-03 notice
339,g06-018h-00-00 When
339,g06-018h-00-01 the
339,g06-018h-00-02 sailing
339,g06-018h-00-03 season
339,g06-018h-00-04 was
339,g06-018h-00-05 past
339,g06-018h-00-07 he
339,g06-018h-00-08 sent
339,g06-018h-00-09 Pearl
339,g06-018h-00-10 back
339,g06-018h-00-11 to
339,g06-018h-01-00 England
339,g06-018h-01-02 and
339,g06-018h-01-04 to
339,g06-018h-01-05 Rome
339,g06-018h-01-06 for
339,g06-018h-01-07 the
339,g06-018h-01-08 winter
339,g06-018h-01-10 In
339,g06-018h-01-11 late
339,g06-018h-02-02 he
339,g06-018h-02-03 was
339,g06-018h-02-06 as
339,g06-018h-02-07 usual
339,g06-018h-02-10 but
339,g06-018h-02-11 hoped
339,g06-018h-02-13 he
339,g06-018h-03-00 told
339,g06-018h-03-01 Arthur
339,g06-018h-03-04 to
339,g06-018h-03-05 find
339,g06-018h-03-06 this
339,g06-018h-03-07 place
339,g06-018h-03-08 agree
339,g06-018h-03-09 with
339,g06-018h-03-10 me
339,g06-018h-03-11 better
339,g06-018h-04-00 than
339,g06-018h-04-01 Naples
339,g06-018h-04-03 The
339,g06-018h-04-04 journey
339,g06-018h-04-05 has
339,g06-018h-04-06 been
339,g06-018h-04-07 against
339,g06-018h-04-08 me
339,g06-018h-04-10 as
339,g06-018h-05-00 there
339,g06-018h-05-01 has
339,g06-018h-05-02 been
339,g06-018h-05-03 much
339,g06-018h-05-04 rain
339,g06-018h-05-05 and
339,g06-018h-05-06 damp
339,g06-018h-05-08 but
339,g06-018h-05-09 the
339,g06-018h-06-01 is
339,g06-018h-06-02 high
339,g06-018h-06-05 have
339,g06-018h-06-06 not
339,g06-018h-06-07 yet
339,g06-018h-06-08 thought
339,g06-018h-06-09 of
339,g06-018h-07-01 fire
339,g06-011h-00-00 By
339,g06-011h-00-01 the
339,g06-011h-00-02 end
339,g06-011h-00-03 of
339,g06-011h-00-04 the
339,g06-011h-00-05 month
339,g06-011h-00-06 he
339,g06-011h-00-07 still
339,g06-011h-00-09 in
339,g06-011h-00-10 Naples
339,g06-011h-01-00 He
339,g06-011h-01-01 told
339,g06-011h-01-03 that
339,g06-011h-01-04 he
339,g06-011h-01-05 enjoyed
339,g06-011h-01-06 it
339,g06-011h-01-07 as
339,g06-011h-01-08 much
339,g06-011h-01-09 as
339,g06-011h-02-00 his
339,g06-011h-02-01 health
339,g06-011h-02-03 him
339,g06-011h-02-04 to
339,g06-011h-02-05 enjoy
339,g06-011h-02-09 The
339,g06-011h-03-00 Pearl
339,g06-011h-03-03 he
339,g06-011h-03-04 wrote
339,g06-011h-03-07 is
339,g06-011h-03-08 arrived
339,g06-011h-03-10 which
339,g06-011h-03-11 is
339,g06-011h-03-13 great
339,g06-011h-04-03 seems
339,g06-011h-04-04 to
339,g06-011h-04-05 be
339,g06-011h-04-06 tired
339,g06-011h-04-08 he
339,g06-011h-04-09 is
339,g06-011h-05-00 going
339,g06-011h-05-01 out
339,g06-011h-05-02 fast
339,g06-011h-05-05 What
339,g06-011h-05-07 gay
339,g06-011h-05-09 lively
339,g06-011h-05-10 people
339,g06-011h-05-12 and
339,g06-011h-06-00 what
339,g06-011h-06-02 busy
339,g06-011h-06-03 town
339,g06-011h-06-05 At
339,g06-011h-06-06 Rome
339,g06-011h-06-08 every
339,g06-011h-06-09 other
339,g06-011h-06-10 man
339,g06-011h-07-00 was
339,g06-011h-07-02 priest
339,g06-011h-07-04 here
339,g06-011h-07-05 the
339,g06-011h-07-06 priest
339,g06-011h-07-07 is
339,g06-011h-07-09 by
339,g06-011h-08-00 the
339,g06-011h-08-01 soldier
339,g06-011h-08-05 change
339,g06-011h-08-06 in
339,g06-011h-08-07 my
339,g06-011h-08-08 eye
339,g06-011h-09-01 as
339,g06-011h-09-02 the
339,g06-011h-09-03 troops
339,g06-011h-09-04 are
339,g06-011h-09-05 very
339,g06-011h-09-06 fine
339,g06-037h-00-00 God
339,g06-037h-00-01 grant
339,g06-037h-00-03 however
339,g06-037h-00-05 that
339,g06-037h-00-07 may
339,g06-037h-00-08 be
339,g06-037h-00-10 false
339,g06-037h-00-11 prophet
339,g06-037h-01-01 that
339,g06-037h-01-02 all
339,g06-037h-01-03 may
339,g06-037h-01-04 go
339,g06-037h-01-05 well
339,g06-037h-01-07 Sir
339,g06-037h-01-09 Peel
339,g06-037h-01-10 was
339,g06-037h-02-00 here
339,g06-037h-02-05 but
339,g06-037h-02-06 an
339,g06-037h-02-07 express
339,g06-037h-02-08 took
339,g06-037h-02-09 him
339,g06-037h-02-10 off
339,g06-037h-04-00 While
339,g06-037h-04-01 he
339,g06-037h-04-02 was
339,g06-037h-04-03 in
339,g06-037h-04-04 Naples
339,g06-037h-04-05 there
339,g06-037h-04-06 had
339,g06-037h-04-07 opened
339,g06-037h-04-09 new
339,g06-037h-05-00 chapter
339,g06-037h-05-01 in
339,g06-037h-05-02 the
339,g06-037h-05-03 history
339,g06-037h-05-04 of
339,g06-037h-06-00 search
339,g06-037h-06-01 for
339,g06-037h-06-02 an
339,g06-037h-06-05 of
339,g06-037h-06-06 his
339,g06-037h-06-07 painful
339,g06-037h-07-00 malady
339,g06-037h-07-02 None
339,g06-037h-07-03 of
339,g06-037h-07-04 the
339,g06-037h-08-01 to
339,g06-037h-08-02 which
339,g06-037h-08-03 he
339,g06-037h-08-04 had
339,g06-037h-08-05 been
339,g06-037h-08-07 ever
339,g06-037h-09-00 since
339,g06-037h-09-01 the
339,g06-037h-09-03 had
339,g06-037h-09-04 first
339,g06-037h-09-05 shown
339,g06-037h-10-00 selves
339,g06-037h-10-02 years
339,g06-037h-10-03 before
339,g06-037h-10-04 had
339,g06-037h-10-05 had
339,g06-037h-10-06 the
339,g06-037h-10-08 effect
339,g06-047h-00-00 This
339,g06-047h-00-02 man
339,g06-047h-00-03 of
339,g06-047h-00-06 whom
339,g06-047h-00-07 Sir
339,g06-047h-00-08 Francis
339,g06-047h-01-00 Burdett
339,g06-047h-01-02 to
339,g06-047h-01-05 year
339,g06-047h-01-06 or
339,g06-047h-01-07 two
339,g06-047h-01-08 later
339,g06-047h-01-09 as
339,g06-047h-02-01 more
339,g06-047h-02-02 like
339,g06-047h-02-04 God
339,g06-047h-02-05 upon
339,g06-047h-02-06 earth
339,g06-047h-02-07 than
339,g06-047h-02-09 human
339,g06-047h-02-10 being
339,g06-047h-03-00 had
339,g06-047h-03-01 an
339,g06-047h-03-03 number
339,g06-047h-03-04 of
339,g06-047h-03-06 among
339,g06-047h-04-01 medical
339,g06-047h-04-02 men
339,g06-047h-04-03 in
339,g06-047h-04-04 the
339,g06-047h-04-05 cities
339,g06-047h-04-06 of
339,g06-047h-04-07 Europe
339,g06-047h-05-00 One
339,g06-047h-05-01 of
339,g06-047h-05-02 these
339,g06-047h-05-03 was
339,g06-047h-05-04 the
339,g06-047h-05-07 Dr
339,g06-047h-05-09 Mauro
339,g06-047h-06-00 whom
339,g06-047h-06-03 in
339,g06-047h-06-04 May
339,g06-031h-00-01 What
339,g06-031h-00-04 event
339,g06-031h-00-07 he
339,g06-031h-00-08 wrote
339,g06-031h-00-12 tremble
339,g06-031h-00-14 What
339,g06-031h-01-04 am
339,g06-031h-01-07 but
339,g06-031h-01-09 really
339,g06-031h-02-00 tremble
339,g06-031h-02-01 for
339,g06-031h-02-02 my
339,g06-031h-02-03 country
339,g06-031h-02-06 may
339,g06-031h-02-07 be
339,g06-031h-03-02 cannot
339,g06-031h-03-03 but
339,g06-031h-03-04 fear
339,g06-031h-03-05 that
339,g06-031h-03-06 the
339,g06-031h-04-00 of
339,g06-031h-04-01 the
339,g06-031h-04-02 People
339,g06-031h-04-03 will
339,g06-031h-04-04 be
339,g06-031h-04-05 so
339,g06-031h-04-06 great
339,g06-031h-04-07 at
339,g06-031h-04-08 the
339,g06-031h-04-09 return
339,g06-031h-04-10 of
339,g06-031h-05-02 that
339,g06-031h-05-03 the
339,g06-031h-05-04 Commons
339,g06-031h-05-05 House
339,g06-031h-05-06 upon
339,g06-031h-06-02 which
339,g06-031h-06-03 must
339,g06-031h-06-04 be
339,g06-031h-06-05 had
339,g06-031h-06-07 will
339,g06-031h-06-08 be
339,g06-031h-06-10 mass
339,g06-031h-07-00 of
339,g06-031h-07-04 then
339,g06-031h-07-05 God
339,g06-031h-07-06 knows
339,g06-031h-07-07 what
339,g06-031h-07-08 may
339,g06-031h-08-00 happen
339,g06-050h-00-01 first
339,g06-050h-00-02 action
339,g06-050h-00-03 was
339,g06-050h-00-04 to
339,g06-050h-00-05 write
339,g06-050h-00-06 to
339,g06-050h-00-07 his
339,g06-050h-00-08 revered
339,g06-050h-00-09 master
339,g06-050h-01-00 at
339,g06-050h-01-03 near
339,g06-050h-01-04 Leipzig
339,g06-050h-01-06 asking
339,g06-050h-01-07 for
339,g06-050h-01-08 advice
339,g06-050h-01-10 In
339,g06-050h-01-11 doing
339,g06-050h-02-00 so
339,g06-050h-02-01 he
339,g06-050h-02-03 his
339,g06-050h-02-05 patient
339,g06-050h-02-06 and
339,g06-050h-02-07 his
339,g06-050h-03-02 He
339,g06-050h-03-03 told
339,g06-050h-03-05 that
339,g06-050h-03-06 he
339,g06-050h-03-07 found
339,g06-050h-04-01 strong
339,g06-050h-04-04 man
339,g06-050h-04-05 with
339,g06-050h-04-07 gentle
339,g06-050h-04-08 and
339,g06-050h-05-03 and
339,g06-050h-05-04 sedate
339,g06-050h-05-06 not
339,g06-050h-05-07 easily
339,g06-050h-06-02 patient
339,g06-050h-06-03 and
339,g06-050h-06-07 but
339,g06-050h-06-08 he
339,g06-050h-06-09 appears
339,g06-050h-07-00 to
339,g06-050h-07-01 despair
339,g06-050h-07-02 of
339,g06-050h-07-03 ever
339,g06-050h-07-04 being
339,g06-050h-07-05 cured
339,g06-045h-00-00 In
339,g06-045h-00-01 April
339,g06-045h-00-02 of
339,g06-045h-00-03 that
339,g06-045h-00-04 year
339,g06-045h-00-05 his
339,g06-045h-00-06 first
339,g06-045h-01-00 the
339,g06-045h-01-02 Lord
339,g06-045h-01-05 had
339,g06-045h-01-06 written
339,g06-045h-01-07 to
339,g06-045h-02-00 advise
339,g06-045h-02-02 to
339,g06-045h-02-03 give
339,g06-045h-02-04 the
339,g06-045h-02-05 system
339,g06-045h-02-07 trial
339,g06-045h-02-09 adding
339,g06-045h-03-00 that
339,g06-045h-03-01 it
339,g06-045h-03-02 was
339,g06-045h-03-03 being
339,g06-045h-03-05 with
339,g06-045h-04-00 success
339,g06-045h-04-01 in
339,g06-045h-04-02 France
339,g06-045h-04-03 and
339,g06-045h-04-04 Italy
339,g06-045h-04-06 and
339,g06-045h-04-07 that
339,g06-045h-04-08 he
339,g06-045h-05-00 himself
339,g06-045h-05-01 was
339,g06-045h-05-02 being
339,g06-045h-05-03 treated
339,g06-045h-05-04 under
339,g06-045h-05-06 doctor
339,g06-045h-05-07 who
339,g06-045h-06-00 had
339,g06-045h-06-01 studied
339,g06-045h-06-02 under
339,g06-045h-06-03 its
339,g06-045h-06-04 founder
339,g06-045h-06-06 the
339,g06-045h-06-07 aged
339,g06-045h-07-01 Samuel
