230,e04-008-00-00 All
230,e04-008-00-01 the
230,e04-008-00-02 joints
230,e04-008-00-03 are
230,e04-008-00-04 simple
230,e04-008-00-05 halving
230,e04-008-00-06 joints
230,e04-008-00-07 glued
230,e04-008-00-08 and
230,e04-008-00-09 pinned
230,e04-008-01-00 which
230,e04-008-01-01 should
230,e04-008-01-03 be
230,e04-008-01-04 cut
230,e04-008-01-05 with
230,e04-008-01-06 care
230,e04-008-01-07 to
230,e04-008-01-08 ensure
230,e04-008-01-10 neat
230,e04-008-02-02 The
230,e04-008-02-03 side
230,e04-008-02-04 frames
230,e04-008-02-05 are
230,e04-008-02-06 joined
230,e04-008-02-07 by
230,e04-008-02-08 four
230,e04-008-02-09 cross
230,e04-008-02-10 pieces
230,e04-008-03-00 each
230,e04-008-03-04 by
230,e04-008-03-07 by
230,e04-008-03-10 which
230,e04-008-03-11 fit
230,e04-008-03-12 into
230,e04-008-03-13 the
230,e04-008-04-00 cut
230,e04-008-04-01 to
230,e04-008-04-02 fit
230,e04-008-04-03 them
230,e04-004-00-00 Start
230,e04-004-00-01 by
230,e04-004-00-02 making
230,e04-004-00-03 the
230,e04-004-00-04 two
230,e04-004-00-05 side
230,e04-004-00-06 frames
230,e04-004-00-07 from
230,e04-004-00-10 by
230,e04-004-00-14 planed
230,e04-004-01-00 timber
230,e04-004-01-01 as
230,e04-004-01-02 shown
230,e04-004-01-03 in
230,e04-004-01-08 the
230,e04-004-01-09 timber
230,e04-004-01-10 will
230,e04-004-01-11 have
230,e04-004-01-12 already
230,e04-004-02-00 been
230,e04-004-02-01 machine
230,e04-004-02-02 planed
230,e04-004-02-05 to
230,e04-004-02-06 go
230,e04-004-02-07 over
230,e04-004-02-08 each
230,e04-004-02-09 piece
230,e04-004-02-10 with
230,e04-004-03-02 plane
230,e04-004-03-05 the
230,e04-004-03-06 marks
230,e04-004-03-07 left
230,e04-004-03-08 by
230,e04-004-03-09 the
230,e04-004-03-10 cutters
230,e04-004-04-00 will
230,e04-004-04-01 show
230,e04-004-04-02 up
230,e04-004-04-03 after
230,e04-004-04-06 The
230,e04-004-04-08 given
230,e04-004-04-09 enable
230,e04-004-04-10 the
230,e04-004-05-00 feeding
230,e04-004-05-01 tray
230,e04-004-05-02 to
230,e04-004-05-03 slide
230,e04-004-05-04 over
230,e04-004-05-08 table
230,e04-004-05-10 but
230,e04-004-05-11 the
230,e04-004-05-12 height
230,e04-004-06-00 can
230,e04-004-06-01 be
230,e04-004-06-02 altered
230,e04-004-06-03 if
