262,f02-036-00-00 The
262,f02-036-00-01 Lord
262,f02-036-00-02 Provost
262,f02-036-00-04 having
262,f02-036-00-05 studied
262,f02-036-00-06 the
262,f02-036-00-07 report
262,f02-036-00-08 on
262,f02-036-00-10 The
262,f02-036-00-11 Morale
262,f02-036-00-12 and
262,f02-036-01-00 Health
262,f02-036-01-01 of
262,f02-036-01-02 Retired
262,f02-036-01-03 Workers
262,f02-036-01-06 and
262,f02-036-01-07 being
262,f02-036-01-09 that
262,f02-036-01-10 the
262,f02-036-01-11 matters
262,f02-036-02-00 raised
262,f02-036-02-01 were
262,f02-036-02-02 of
262,f02-036-02-05 to
262,f02-036-02-06 the
262,f02-036-02-08 of
262,f02-036-03-00 Glasgow
262,f02-036-03-01 and
262,f02-036-03-03 further
262,f02-036-03-04 study
262,f02-036-03-06 set
262,f02-036-03-07 an
262,f02-036-04-02 of
262,f02-036-04-03 bodies
262,f02-036-04-06 with
262,f02-036-05-00 the
262,f02-036-05-01 welfare
262,f02-036-05-02 of
262,f02-036-05-03 older
262,f02-036-05-04 people
262,f02-036-05-05 to
262,f02-036-05-06 examine
262,f02-036-05-07 the
262,f02-036-05-08 report
262,f02-036-05-09 and
262,f02-036-06-00 its
262,f02-036-06-02 and
262,f02-036-06-03 to
262,f02-036-06-05 the
262,f02-036-06-07 of
262,f02-036-07-03 on
262,f02-036-07-05 for
262,f02-036-07-06 and
262,f02-036-08-02 on
