305,g02-065-00-03 with
305,g02-065-00-05 of
305,g02-065-01-03 During
305,g02-065-01-04 cutting
305,g02-065-01-05 or
305,g02-065-01-07 of
305,g02-065-02-00 the
305,g02-065-02-03 there
305,g02-065-02-04 is
305,g02-065-02-05 often
305,g02-065-03-00 of
305,g02-065-03-01 blood
305,g02-065-03-02 from
305,g02-065-03-03 the
305,g02-065-03-04 wound
305,g02-065-03-08 is
305,g02-065-04-00 thus
305,g02-065-04-02 with
305,g02-065-04-03 cardiac
305,g02-065-04-04 systole
305,g02-065-04-05 but
305,g02-065-05-00 when
305,g02-065-05-02 of
305,g02-065-05-03 blood
305,g02-065-05-04 through
305,g02-065-05-06 is
305,g02-065-06-01 by
305,g02-065-06-05 or
305,g02-065-07-00 ception
305,g02-065-07-02 the
305,g02-065-07-03 more
305,g02-065-07-04 distal
305,g02-065-07-06 pulsate
305,g02-065-08-00 less
305,g02-065-08-01 because
305,g02-065-08-02 their
305,g02-065-08-03 pulse
305,g02-065-08-04 is
305,g02-065-08-05 nothing
305,g02-065-08-06 other
305,g02-065-09-00 than
305,g02-065-09-01 the
305,g02-065-09-02 impulse
305,g02-065-09-03 of
305,g02-065-09-04 the
305,g02-065-09-05 blood
305,g02-065-09-07 them
