298,g01-031-00-00 Social
298,g01-031-00-01 service
298,g01-031-00-02 as
298,g01-031-00-05 of
298,g01-031-01-00 was
298,g01-031-01-01 quite
298,g01-031-01-02 alien
298,g01-031-01-03 to
298,g01-031-01-05 thought
298,g01-031-01-07 its
298,g01-031-02-01 was
298,g01-031-02-02 the
298,g01-031-02-03 mutual
298,g01-031-02-05 of
298,g01-031-03-02 whether
298,g01-031-03-03 those
298,g01-031-03-05 were
298,g01-031-04-02 manors
298,g01-031-04-06 or
298,g01-031-04-07 wards
298,g01-031-04-08 and
298,g01-031-05-00 guilds
298,g01-031-05-01 of
298,g01-031-05-03 city
298,g01-031-05-07 tax
298,g01-031-05-08 was
298,g01-031-06-01 in
298,g01-031-06-02 essence
298,g01-031-06-04 forced
298,g01-031-06-05 payment
298,g01-031-06-06 whose
298,g01-031-07-00 return
298,g01-031-07-01 was
298,g01-031-07-02 the
298,g01-031-07-04 bounty
298,g01-031-07-05 of
298,g01-031-07-06 booty
298,g01-031-08-00 and
298,g01-031-08-01 the
298,g01-031-08-02 vague
298,g01-031-08-04 of
298,g01-031-08-06 glory
298,g01-031-09-00 it
298,g01-031-09-01 was
298,g01-031-09-03 always
298,g01-031-09-04 granted
298,g01-031-10-00 and
298,g01-031-10-01 coupled
298,g01-031-10-02 with
298,g01-031-10-03 the
298,g01-031-10-04 vain
298,g01-031-10-05 hope
298,g01-031-10-06 that
298,g01-031-10-08 in
298,g01-031-10-09 the
298,g01-034-00-00 When
298,g01-034-00-02 his
298,g01-034-00-04 war
298,g01-034-00-05 did
298,g01-034-00-06 not
298,g01-034-00-07 bring
298,g01-034-00-08 victory
298,g01-034-00-09 and
298,g01-034-01-00 booty
298,g01-034-01-03 new
298,g01-034-01-04 group
298,g01-034-01-05 of
298,g01-034-01-06 Lords
298,g01-034-01-07 might
298,g01-034-01-08 oust
298,g01-034-02-00 the
298,g01-034-02-02 leaders
298,g01-034-02-04 and
298,g01-034-02-05 the
298,g01-034-02-06 Commons
298,g01-034-03-00 who
298,g01-034-03-01 usually
298,g01-034-03-03 the
298,g01-034-03-04 hard
298,g01-034-03-05 cash
298,g01-034-03-07 might
298,g01-034-04-00 be
298,g01-034-04-01 bold
298,g01-034-04-02 enough
298,g01-034-04-03 to
298,g01-034-04-04 demand
298,g01-034-04-05 the
298,g01-034-04-07 of
298,g01-034-05-02 and
298,g01-034-05-03 even
298,g01-034-05-04 at
298,g01-034-05-05 times
298,g01-034-05-06 the
298,g01-034-05-08 of
298,g01-034-06-00 the
298,g01-034-06-03 But
298,g01-034-06-04 the
298,g01-034-06-05 Commons
298,g01-034-06-06 were
298,g01-034-06-07 not
298,g01-034-07-00 the
298,g01-034-07-01 people
298,g01-034-07-03 and
298,g01-034-07-04 even
298,g01-034-07-06 full
298,g01-034-07-08 was
298,g01-034-08-00 not
298,g01-034-08-01 yet
298,g01-034-08-03 true
298,g01-034-08-04 mirror
298,g01-034-08-05 of
298,g01-034-08-06 the
298,g01-034-08-07 nation
298,g01-037-00-00 The
298,g01-037-00-01 people
298,g01-037-00-05 folk
298,g01-037-00-07 and
298,g01-037-01-01 knaves
298,g01-037-01-04 were
298,g01-037-01-06 still
298,g01-037-01-07 tied
298,g01-037-01-08 to
298,g01-037-01-09 the
298,g01-037-02-00 feudal
298,g01-037-02-02 of
298,g01-037-02-03 work
298,g01-037-02-04 or
298,g01-037-02-06 who
298,g01-037-03-00 had
298,g01-037-03-01 bought
298,g01-037-03-02 their
298,g01-037-03-03 release
298,g01-037-03-05 free
298,g01-037-04-00 who
298,g01-037-04-01 worked
298,g01-037-04-02 for
298,g01-037-04-03 the
298,g01-037-04-04 highest
298,g01-037-04-05 bidders
298,g01-037-04-07 free
298,g01-037-05-00 yeomen
298,g01-037-05-01 who
298,g01-037-05-02 had
298,g01-037-05-04 enough
298,g01-037-05-05 to
298,g01-037-05-06 become
298,g01-037-06-01 farmers
298,g01-037-06-03 the
298,g01-037-07-01 and
298,g01-037-07-02 small
298,g01-037-07-04 of
298,g01-037-07-05 the
298,g01-037-08-00 towns
298,g01-037-08-02 and
298,g01-037-08-03 the
298,g01-037-08-05 and
298,g01-037-09-00 in
298,g01-037-09-01 the
298,g01-037-09-02 pay
298,g01-037-09-03 of
298,g01-037-09-04 landed
298,g01-037-09-05 Lords
