313,g03-040-00-00 As
313,g03-040-00-01 they
313,g03-040-00-02 became
313,g03-040-00-03 known
313,g03-040-00-04 the
313,g03-040-00-05 Choir
313,g03-040-00-06 went
313,g03-040-00-07 to
313,g03-040-01-01 clubs
313,g03-040-01-03 to
313,g03-040-01-05 on
313,g03-040-01-06 cheap
313,g03-040-01-07 trips
313,g03-040-01-08 to
313,g03-040-02-00 sing
313,g03-040-02-01 to
313,g03-040-02-02 the
313,g03-040-02-03 miners
313,g03-040-02-05 and
313,g03-040-02-06 sang
313,g03-040-02-07 for
313,g03-040-02-08 other
313,g03-040-02-10 such
313,g03-040-03-00 as
313,g03-040-03-01 the
313,g03-040-03-03 Union
313,g03-040-03-05 for
313,g03-040-03-06 whom
313,g03-040-03-07 they
313,g03-040-03-08 went
313,g03-040-03-09 on
313,g03-040-04-00 day
313,g03-040-04-02 to
313,g03-040-04-03 the
313,g03-040-04-04 Corner
313,g03-040-04-05 Pin
313,g03-040-04-06 Hotel
313,g03-040-04-08 to
313,g03-040-04-09 rally
313,g03-040-05-00 the
313,g03-040-05-01 members
313,g03-040-05-03 The
313,g03-040-05-05 also
313,g03-040-05-06 rented
313,g03-040-05-08 rooms
313,g03-040-06-00 on
313,g03-040-06-01 West
313,g03-040-06-02 Street
313,g03-040-06-04 where
313,g03-040-06-07 Sunday
313,g03-040-07-00 school
313,g03-040-07-01 was
313,g03-040-07-02 held
