086,a06-152-00-00 Behind
086,a06-152-00-02 slogan
086,a06-152-00-03 of
086,a06-152-00-04 German
086,a06-152-01-01 is
086,a06-152-01-02 the
086,a06-152-01-04 to
086,a06-152-01-05 impose
086,a06-152-02-00 on
086,a06-152-02-01 East
086,a06-152-02-02 Germany
086,a06-152-02-03 the
086,a06-152-02-04 regime
086,a06-152-02-06 in
086,a06-152-03-00 West
086,a06-152-03-01 Germany
086,a06-152-03-04 are
086,a06-152-03-05 pouring
086,a06-152-03-06 out
086,a06-152-04-01 of
086,a06-152-04-02 East
086,a06-152-04-03 Germany
086,a06-152-04-04 into
086,a06-152-04-05 West
086,a06-152-05-00 Berlin
086,a06-152-05-01 faster
086,a06-152-05-02 than
086,a06-152-05-03 ever
086,a06-152-05-07 latest
086,a06-152-06-00 speech
086,a06-152-06-01 scared
086,a06-152-06-03 East
086,a06-152-06-04 Germans
086,a06-152-06-05 to
086,a06-152-07-00 cross
086,a06-152-07-01 into
086,a06-152-07-02 West
086,a06-152-07-05 centre
086,a06-152-08-00 DURING
086,a06-152-08-01 MONDAY
086,a06-152-08-02 NIGHT
086,a06-152-08-04 And
086,a06-152-09-00 expect
086,a06-152-09-01 the
086,a06-152-09-02 total
086,a06-152-09-03 to
086,a06-152-09-04 leap
086,a06-152-09-05 to
086,a06-152-10-02 day
