547,m04-107-00-01 But
547,m04-107-00-02 Eth
547,m04-107-00-03 and
547,m04-107-00-04 me
547,m04-107-00-05 wanted
547,m04-107-00-06 to
547,m04-107-00-07 be
547,m04-107-01-00 at
547,m04-107-01-01 the
547,m04-107-01-02 Youth
547,m04-107-01-03 Hostel
547,m04-107-01-04 before
547,m04-107-01-05 dark
547,m04-107-02-00 Morfydd
547,m04-107-02-01 Owen
547,m04-107-02-02 was
547,m04-107-02-03 silent
547,m04-107-02-05 But
547,m04-107-02-06 she
547,m04-107-03-00 looked
547,m04-107-03-01 down
547,m04-107-03-02 at
547,m04-107-03-03 the
547,m04-107-04-00 earth
547,m04-107-04-02 and
547,m04-107-04-03 it
547,m04-107-04-04 seemed
547,m04-107-04-05 to
547,m04-107-04-06 her
547,m04-107-04-07 that
547,m04-107-04-08 she
547,m04-107-05-00 would
547,m04-107-05-01 never
547,m04-107-05-02 see
547,m04-107-05-03 her
547,m04-107-05-04 Dai
547,m04-107-05-05 again
547,m04-107-05-07 And
547,m04-107-06-00 though
547,m04-107-06-01 half
547,m04-107-06-02 an
547,m04-107-06-03 hour
547,m04-107-06-04 ago
547,m04-107-06-05 she
547,m04-107-06-06 had
547,m04-107-07-01 this
547,m04-107-07-03 with
547,m04-107-08-02 it
547,m04-107-08-03 now
547,m04-107-08-04 filled
547,m04-107-08-05 her
547,m04-107-08-06 with
547,m04-107-09-00 dismay
547,m04-107-09-02 Quietly
547,m04-107-09-03 she
547,m04-107-09-04 began
547,m04-107-09-05 to
547,m04-107-10-00 weep
547,m04-113-00-00 Dai
547,m04-113-00-04 was
547,m04-113-01-01 on
547,m04-113-01-02 the
547,m04-113-01-03 road
547,m04-113-01-05 Not
547,m04-113-01-07 sign
547,m04-113-01-08 of
547,m04-113-02-00 the
547,m04-113-02-01 bus
547,m04-113-02-03 He
547,m04-113-02-04 passed
547,m04-113-02-05 The
547,m04-113-03-00 Joy
547,m04-113-03-02 At
547,m04-113-03-03 last
547,m04-113-03-04 he
547,m04-113-03-05 caught
547,m04-113-03-06 up
547,m04-113-03-08 Roberts
547,m04-113-04-00 walking
547,m04-113-04-01 very
547,m04-113-04-02 dogged
547,m04-113-04-03 towards
547,m04-113-05-04 Roberts
547,m04-113-05-07 he
547,m04-113-05-08 called
547,m04-113-05-10 polite
547,m04-113-06-00 as
547,m04-113-06-01 he
547,m04-113-06-02 shot
547,m04-113-06-03 past
547,m04-113-06-05 His
547,m04-113-06-06 spirits
547,m04-113-06-07 were
547,m04-113-06-08 rising
547,m04-113-07-00 He
547,m04-113-07-01 had
547,m04-113-07-02 seen
547,m04-113-07-03 no
547,m04-113-07-04 sign
547,m04-113-07-05 of
547,m04-113-07-06 an
547,m04-113-08-02 Roberts
547,m04-113-08-03 must
547,m04-113-08-04 have
547,m04-113-08-05 been
547,m04-113-09-00 He
547,m04-113-09-01 would
547,m04-113-09-02 find
547,m04-113-09-03 the
547,m04-113-09-04 bus
547,m04-113-09-05 safe
547,m04-113-09-06 and
547,m04-113-09-07 sound
547,m04-113-09-08 in
547,m04-113-10-02 and
547,m04-113-10-03 his
547,m04-113-10-04 dear
547,m04-113-10-05 Morfydd
547,m04-113-10-06 quietly
547,m04-123-00-00 But
547,m04-123-00-02 awaited
547,m04-123-00-03 him
547,m04-123-01-00 restive
547,m04-123-01-01 queue
547,m04-123-01-02 of
547,m04-123-01-03 people
547,m04-123-01-04 in
547,m04-123-01-05 the
547,m04-123-01-06 bus
547,m04-123-01-07 station
547,m04-123-02-00 waiting
547,m04-123-02-01 to
547,m04-123-02-02 be
547,m04-123-02-04 to
547,m04-123-02-05 Dinas
547,m04-123-02-07 And
547,m04-123-03-00 when
547,m04-123-03-01 he
547,m04-123-03-02 went
547,m04-123-03-03 to
547,m04-123-03-05 house
547,m04-123-03-07 all
547,m04-123-04-00 he
547,m04-123-04-01 found
547,m04-123-04-02 was
547,m04-123-04-04 mam
547,m04-123-04-06 working
547,m04-123-05-00 herself
547,m04-123-05-01 up
547,m04-123-05-02 proper
547,m04-123-05-04 Getting
547,m04-123-05-05 dark
547,m04-123-05-07 now
547,m04-123-06-00 The
547,m04-123-06-03 on
547,m04-123-06-04 the
547,m04-123-06-05 lights
547,m04-123-07-00 The
547,m04-123-07-03 peered
547,m04-123-07-04 out
547,m04-123-07-05 of
547,m04-123-08-00 the
547,m04-123-08-01 windows
547,m04-123-08-03 Little
547,m04-123-08-04 to
547,m04-123-08-05 be
547,m04-123-08-06 seen
547,m04-123-08-08 only
547,m04-123-09-00 few
547,m04-123-09-01 lone
547,m04-123-09-02 stars
547,m04-123-09-04 and
547,m04-123-09-05 the
547,m04-123-09-06 distant
547,m04-123-09-07 earth
547,m04-123-10-01 in
547,m04-123-10-02 her
547,m04-123-10-03 shroud
547,m04-123-10-04 of
547,m04-123-10-05 mist
547,m04-131-00-00 Megan
547,m04-131-00-01 Thomas
547,m04-131-00-02 sat
547,m04-131-00-05 nursing
547,m04-131-01-00 the
547,m04-131-01-04 Driver
547,m04-131-01-05 and
547,m04-131-02-01 peered
547,m04-131-02-02 ahead
547,m04-131-02-03 into
547,m04-131-03-00 On
547,m04-131-03-01 the
547,m04-131-03-02 back
547,m04-131-03-03 seat
547,m04-131-03-04 Stan
547,m04-131-03-05 Hayball
547,m04-131-04-00 his
547,m04-131-04-01 Eth
547,m04-131-04-03 Morfydd
547,m04-131-04-04 thought
547,m04-131-04-05 of
547,m04-131-04-06 Dai
547,m04-131-04-08 The
547,m04-131-05-01 Edwards
547,m04-131-05-04 at
547,m04-131-05-05 the
547,m04-131-05-06 front
547,m04-131-06-00 looked
547,m04-131-06-01 at
547,m04-131-06-02 his
547,m04-131-06-03 forlorn
547,m04-131-06-04 flock
547,m04-131-06-07 What
547,m04-131-07-00 about
547,m04-131-07-02 verse
547,m04-131-07-03 or
547,m04-131-07-04 two
547,m04-131-07-05 of
547,m04-131-07-06 Cwm
547,m04-131-07-07 Rhondda
547,m04-131-08-00 he
547,m04-138-00-00 They
547,m04-138-00-01 looked
547,m04-138-00-02 at
547,m04-138-00-03 him
547,m04-138-00-05 sullen
547,m04-138-00-07 His
547,m04-138-00-08 heart
547,m04-138-01-00 sank
547,m04-138-01-02 If
547,m04-138-01-03 the
547,m04-138-01-04 Welsh
547,m04-138-01-05 found
547,m04-138-01-06 the
547,m04-138-02-00 too
547,m04-138-02-02 for
547,m04-138-02-03 singing
547,m04-138-02-05 then
547,m04-138-02-06 the
547,m04-138-03-02 he
547,m04-138-03-05 must
547,m04-138-03-06 be
547,m04-138-04-00 indeed
547,m04-138-04-02 But
547,m04-138-04-04 they
547,m04-138-04-05 were
547,m04-138-04-06 roused
547,m04-138-05-00 from
547,m04-138-05-01 their
547,m04-138-05-05 was
547,m04-138-06-02 faster
547,m04-138-06-04 faster
547,m04-138-06-07 tearing
547,m04-138-07-01 blur
547,m04-138-07-02 that
547,m04-138-07-03 was
547,m04-138-07-04 past
547,m04-138-07-05 and
547,m04-138-07-06 gone
547,m04-138-08-00 in
547,m04-138-08-02 moment
547,m04-138-08-05 by
547,m04-138-08-07 great
547,m04-138-09-00 rush
547,m04-138-09-01 of
547,m04-138-09-02 sound
547,m04-138-09-04 They
547,m04-138-09-05 waved
