004,a01-007-00-00 Since
004,a01-007-00-04 Labour
004,a01-007-00-05 life
004,a01-007-00-06 Peers
004,a01-007-00-07 and
004,a01-007-01-01 have
004,a01-007-01-02 been
004,a01-007-01-03 created
004,a01-007-01-05 Most
004,a01-007-01-06 Labour
004,a01-007-02-01 would
004,a01-007-02-03 still
004,a01-007-02-04 favour
004,a01-007-02-05 the
004,a01-007-03-00 of
004,a01-007-03-01 the
004,a01-007-03-02 House
004,a01-007-03-03 of
004,a01-007-03-04 Lords
004,a01-007-03-06 but
004,a01-007-03-07 while
004,a01-007-03-08 it
004,a01-007-03-09 remains
004,a01-007-04-00 Labour
004,a01-007-04-01 has
004,a01-007-04-02 to
004,a01-007-04-03 have
004,a01-007-04-04 an
004,a01-007-04-06 number
004,a01-007-04-07 of
004,a01-007-05-00 members
004,a01-007-05-02 THE
004,a01-007-05-03 two
004,a01-007-05-04 rival
004,a01-007-05-05 African
004,a01-007-06-00 Parties
004,a01-007-06-01 of
004,a01-007-06-04 have
004,a01-007-06-05 agreed
004,a01-007-06-06 to
004,a01-007-07-00 get
004,a01-007-07-02 to
004,a01-007-07-03 face
004,a01-007-07-04 the
004,a01-007-07-06 from
004,a01-007-07-07 Sir
004,a01-007-08-00 Roy
004,a01-007-08-03 the
004,a01-007-08-04 Federal
004,a01-007-08-05 Premier
