160,c04-028-00-01 Ann
160,c04-028-00-02 Todd
160,c04-028-00-03 and
160,c04-028-00-04 doctor
160,c04-028-00-06 Lee
160,c04-028-00-07 are
160,c04-028-01-00 also
160,c04-028-01-02 around
160,c04-028-01-04 They
160,c04-028-01-05 provide
160,c04-028-01-06 some
160,c04-028-01-07 chilly
160,c04-028-01-08 red
160,c04-028-02-01 in
160,c04-028-02-02 this
160,c04-028-02-08 VERDICT
160,c04-028-03-01 believe
160,c04-028-03-02 all
160,c04-028-03-03 you
160,c04-028-03-04 see
160,c04-028-03-05 and
160,c04-028-03-06 hear
160,c04-028-04-00 NOT
160,c04-028-04-01 for
160,c04-028-04-02 the
160,c04-028-04-03 first
160,c04-028-04-04 time
160,c04-028-04-05 the
160,c04-028-04-06 homely
160,c04-028-04-07 mug
160,c04-028-04-08 of
160,c04-028-04-09 Sidney
160,c04-028-05-00 James
160,c04-028-05-01 has
160,c04-028-05-02 pumped
160,c04-028-05-03 life
160,c04-028-05-04 into
160,c04-028-05-06 slim
160,c04-028-06-00 comedy
160,c04-028-06-02 He
160,c04-028-06-03 does
160,c04-028-06-04 his
160,c04-028-06-05 rescue
160,c04-028-06-06 act
160,c04-028-06-07 in
160,c04-028-06-09 Double
160,c04-028-06-10 Bunk
160,c04-028-07-02 Theatre
160,c04-023-00-00 He
160,c04-023-00-01 has
160,c04-023-00-02 earned
160,c04-023-00-03 his
160,c04-023-00-04 break
160,c04-023-00-06 The
160,c04-023-00-07 film
160,c04-023-00-08 is
160,c04-023-01-01 on
160,c04-023-01-02 that
160,c04-023-01-04 yarn
160,c04-023-01-05 in
160,c04-023-01-06 which
160,c04-023-01-07 half
160,c04-023-01-08 the
160,c04-023-01-09 cast
160,c04-023-02-00 try
160,c04-023-02-01 to
160,c04-023-02-03 the
160,c04-023-02-04 heroine
160,c04-023-02-05 that
160,c04-023-02-06 she
160,c04-023-02-07 is
160,c04-023-02-08 out
160,c04-023-02-09 of
160,c04-023-02-10 her
160,c04-023-02-11 mind
160,c04-023-03-00 Despite
160,c04-023-03-03 the
160,c04-023-03-04 eerie
160,c04-023-03-06 is
160,c04-023-04-00 built
160,c04-023-04-01 up
160,c04-023-04-02 neatly
160,c04-023-04-04 Susan
160,c04-023-04-06 is
160,c04-023-04-07 the
160,c04-023-05-00 damsel
160,c04-023-05-01 in
