061,a04-047-00-01 the
061,a04-047-00-02 annual
061,a04-047-00-04 of
061,a04-047-00-05 the
061,a04-047-00-07 Union
061,a04-047-01-00 of
061,a04-047-01-01 General
061,a04-047-01-02 and
061,a04-047-01-04 Workers
061,a04-047-01-06 he
061,a04-047-01-07 said
061,a04-047-01-08 he
061,a04-047-01-09 felt
061,a04-047-02-00 sure
061,a04-047-02-01 the
061,a04-047-02-02 Labour
061,a04-047-02-04 was
061,a04-047-02-05 coming
061,a04-047-02-06 round
061,a04-047-02-07 in
061,a04-047-03-00 support
061,a04-047-03-01 of
061,a04-047-03-02 his
061,a04-047-03-03 views
061,a04-047-03-07 of
061,a04-047-03-08 the
061,a04-047-03-09 fierce
061,a04-047-03-10 and
061,a04-047-04-02 over
061,a04-047-04-03 the
061,a04-047-04-05 Polaris
061,a04-047-04-06 base
061,a04-047-04-07 in
061,a04-047-05-00 Britain
061,a04-047-05-04 said
061,a04-047-05-05 that
061,a04-047-05-06 he
061,a04-047-05-07 even
061,a04-047-05-08 noticed
061,a04-047-05-09 that
061,a04-047-06-01 of
061,a04-047-06-03 nuclear
061,a04-047-06-05 were
061,a04-047-07-00 their
061,a04-047-07-01 tactics
061,a04-047-07-02 by
061,a04-047-07-04 most
061,a04-047-07-05 of
061,a04-047-07-06 their
061,a04-047-07-08 on
061,a04-047-08-00 to
061,a04-047-08-01 the
061,a04-047-08-02 missile
061,a04-059-00-00 The
061,a04-059-00-01 party
061,a04-059-00-02 agreed
061,a04-059-00-03 that
061,a04-059-00-04 it
061,a04-059-00-05 was
061,a04-059-00-06 unwise
061,a04-059-00-07 to
061,a04-059-00-08 locate
061,a04-059-00-09 the
061,a04-059-00-10 base
061,a04-059-01-00 in
061,a04-059-01-01 the
061,a04-059-01-02 Holy
061,a04-059-01-03 Loch
061,a04-059-01-05 only
061,a04-059-01-07 miles
061,a04-059-01-08 from
061,a04-059-01-09 Glasgow
061,a04-059-02-00 city
061,a04-059-02-01 with
061,a04-059-02-02 two
061,a04-059-02-03 million
061,a04-059-02-04 people
061,a04-059-02-06 It
061,a04-059-02-07 should
061,a04-059-02-08 be
061,a04-059-02-09 sited
061,a04-059-03-00 in
061,a04-059-03-02 more
061,a04-059-03-03 remote
061,a04-059-03-04 area
061,a04-059-03-08 added
061,a04-059-03-09 that
061,a04-059-04-00 the
061,a04-059-04-04 did
061,a04-059-04-05 not
061,a04-059-04-07 in
061,a04-059-04-08 his
061,a04-059-05-00 view
061,a04-059-05-02 truly
061,a04-059-05-03 reflect
061,a04-059-05-04 the
061,a04-059-05-06 of
061,a04-059-05-07 the
061,a04-059-06-00 of
061,a04-059-06-01 party
061,a04-059-06-02 members
061,a04-059-06-03 and
061,a04-059-06-04 still
061,a04-059-06-05 less
061,a04-059-06-06 the
061,a04-059-07-01 in
061,a04-059-07-02 the
061,a04-059-07-03 country
061,a04-050-00-00 Mr
061,a04-050-00-02 said
061,a04-050-00-03 that
061,a04-050-00-05 member
061,a04-050-00-06 of
061,a04-050-00-07 an
061,a04-050-00-09 could
061,a04-050-01-00 not
061,a04-050-01-01 deny
061,a04-050-01-03 to
061,a04-050-01-04 nations
061,a04-050-01-05 to
061,a04-050-01-06 which
061,a04-050-01-07 it
061,a04-050-01-08 was
061,a04-050-02-00 allied
061,a04-050-02-02 But
061,a04-050-02-04 should
061,a04-050-02-05 be
061,a04-050-02-06 free
061,a04-050-02-07 to
061,a04-050-03-00 and
061,a04-050-03-01 refuse
061,a04-050-03-03 with
061,a04-050-03-04 which
061,a04-050-03-05 they
061,a04-050-03-06 did
061,a04-050-03-07 not
061,a04-050-04-00 agree
061,a04-050-04-02 The
061,a04-050-04-03 Labour
061,a04-050-04-04 Party
061,a04-050-04-05 opposed
061,a04-050-04-06 Thor
061,a04-050-04-09 because
061,a04-050-05-00 he
061,a04-050-05-01 said
061,a04-050-05-03 they
061,a04-050-05-04 were
061,a04-050-05-05 out
061,a04-050-05-06 of
061,a04-050-05-07 date
061,a04-050-05-08 and
061,a04-050-05-10 and
061,a04-050-06-00 would
061,a04-050-06-01 attract
061,a04-050-06-02 enemy
061,a04-050-06-03 action
061,a04-054-00-00 That
061,a04-054-00-02 did
061,a04-054-00-03 not
061,a04-054-00-04 apply
061,a04-054-00-05 to
061,a04-054-00-06 the
061,a04-054-00-07 Polaris
061,a04-054-01-00 So
061,a04-054-01-01 long
061,a04-054-01-02 as
061,a04-054-01-03 the
061,a04-054-01-04 Soviet
061,a04-054-01-05 Union
061,a04-054-01-06 had
061,a04-054-01-07 nuclear
061,a04-054-01-08 weapons
061,a04-054-02-00 the
061,a04-054-02-01 West
061,a04-054-02-05 must
061,a04-054-02-06 have
061,a04-054-02-07 them
061,a04-054-02-08 too
061,a04-054-02-10 It
061,a04-054-03-00 was
061,a04-054-03-01 far
061,a04-054-03-02 better
061,a04-054-03-03 for
061,a04-054-03-05 weapon
061,a04-054-03-06 used
061,a04-054-03-07 for
061,a04-054-04-01 to
061,a04-054-04-02 be
061,a04-054-04-03 under
061,a04-054-04-04 the
061,a04-054-04-05 sea
061,a04-054-04-06 rather
061,a04-054-04-07 than
061,a04-054-04-08 on
061,a04-054-04-09 land
061,a04-054-05-00 This
061,a04-054-05-01 was
061,a04-054-05-02 why
061,a04-054-05-03 the
061,a04-054-05-04 Labour
061,a04-054-05-05 Party
061,a04-054-05-06 did
061,a04-054-05-07 not
061,a04-054-05-08 think
061,a04-054-05-09 it
061,a04-054-05-10 right
061,a04-054-06-00 to
061,a04-054-06-01 oppose
061,a04-054-06-02 the
061,a04-054-06-03 Polaris
061,a04-054-06-04 depot
061,a04-054-06-05 ship
