226,e02-091-00-00 As
226,e02-091-00-02 still
226,e02-091-00-03 further
226,e02-091-00-06 we
226,e02-091-00-07 follow
226,e02-091-01-00 with
226,e02-091-01-02 good
226,e02-091-01-03 basic
226,e02-091-01-04 kit
226,e02-091-01-06 which
226,e02-091-02-00 the
226,e02-091-02-01 fuller
226,e02-091-02-02 kit
226,e02-091-02-04 which
226,e02-091-02-05 in
226,e02-091-02-06 its
226,e02-091-02-07 turn
226,e02-091-02-09 of
226,e02-091-02-10 course
226,e02-091-03-01 the
226,e02-091-03-02 bare
226,e02-091-03-03 minimum
226,e02-091-03-04 kit
226,e02-091-04-00 With
226,e02-091-04-01 this
226,e02-091-04-02 the
226,e02-091-04-03 vast
226,e02-091-04-05 of
226,e02-091-04-06 jobs
226,e02-091-05-00 can
226,e02-091-05-01 be
226,e02-091-05-02 done
226,e02-091-05-04 though
226,e02-091-05-05 for
226,e02-091-06-00 cabinet
226,e02-091-06-01 work
226,e02-091-06-02 the
226,e02-091-06-04 for
226,e02-091-07-00 certain
226,e02-091-07-01 special
226,e02-091-07-02 tools
226,e02-091-07-03 will
226,e02-091-07-04 become
226,e02-091-08-00 obvious
