606,p02-131-00-00 Now
606,p02-131-00-01 let
606,p02-131-00-02 him
606,p02-131-00-03 go
606,p02-131-00-04 and
606,p02-131-00-05 you
606,p02-131-00-07 have
606,p02-131-00-08 to
606,p02-131-00-09 wait
606,p02-131-01-00 long
606,p02-131-01-01 for
606,p02-131-01-02 the
606,p02-131-01-03 right
606,p02-131-01-04 man
606,p02-131-01-05 for
606,p02-131-01-06 you
606,p02-131-01-07 to
606,p02-131-01-08 come
606,p02-131-02-00 along
606,p02-131-02-02 If
606,p02-131-02-04 was
606,p02-131-02-05 thirty
606,p02-131-02-06 years
606,p02-131-02-07 younger
606,p02-131-02-08 and
606,p02-131-03-00 married
606,p02-131-03-01 to
606,p02-131-03-02 the
606,p02-131-03-04 wife
606,p02-131-03-05 in
606,p02-131-03-06 the
606,p02-131-03-07 world
606,p02-131-04-02 marry
606,p02-131-04-03 you
606,p02-131-04-04 myself
606,p02-131-04-07 Gay
606,p02-131-04-08 laughed
606,p02-131-04-10 Doc
606,p02-131-04-11 was
606,p02-131-05-00 so
606,p02-131-05-01 kind
606,p02-131-05-02 and
606,p02-131-05-03 nice
606,p02-131-05-04 and
606,p02-131-05-05 she
606,p02-131-05-06 hoped
606,p02-131-05-07 that
606,p02-131-05-08 one
606,p02-131-06-00 day
606,p02-131-06-01 she
606,p02-131-06-02 would
606,p02-131-06-03 be
606,p02-131-06-04 able
606,p02-131-06-05 to
606,p02-131-06-06 see
606,p02-131-06-07 the
606,p02-131-07-00 as
606,p02-131-07-01 it
606,p02-131-07-04 to
606,p02-131-07-06 else
