132,b06-082-00-00 The
132,b06-082-00-02 of
132,b06-082-00-03 Padley
132,b06-082-00-04 and
132,b06-082-00-06 is
132,b06-082-00-07 no
132,b06-082-01-01 in
132,b06-082-01-03 to
132,b06-082-01-04 the
132,b06-082-01-05 new
132,b06-082-01-06 defence
132,b06-082-02-00 They
132,b06-082-02-01 accept
132,b06-082-02-03 nuclear
132,b06-082-02-04 bases
132,b06-082-02-06 and
132,b06-082-02-07 also
132,b06-082-03-00 the
132,b06-082-03-01 use
132,b06-082-03-02 of
132,b06-082-03-03 nuclear
132,b06-082-03-04 weapons
132,b06-082-03-05 and
132,b06-082-03-06 nuclear
132,b06-082-04-00 until
132,b06-082-04-01 some
132,b06-082-04-02 future
132,b06-082-04-03 date
132,b06-082-04-05 They
132,b06-082-04-06 deceive
132,b06-082-04-07 the
132,b06-082-04-08 people
132,b06-082-05-00 by
132,b06-082-05-01 their
132,b06-082-05-02 talk
132,b06-082-05-03 of
132,b06-082-05-05 and
132,b06-082-05-07 control
132,b06-082-06-00 of
132,b06-082-06-01 Nato
132,b06-082-06-03 The
132,b06-082-06-05 has
132,b06-082-06-06 made
132,b06-082-06-07 it
132,b06-082-07-00 clear
132,b06-082-07-01 who
132,b06-082-07-03 the
132,b06-082-07-07 and
132,b06-082-08-00 who
132,b06-082-08-01 will
132,b06-082-08-03 give
132,b06-082-08-04 the
132,b06-082-08-06 to
132,b06-082-08-07 press
132,b06-082-09-00 the
132,b06-082-09-01 button
132,b06-082-09-02 for
132,b06-082-09-03 nuclear
132,b06-082-09-04 warfare
132,b06-045-00-00 For
132,b06-045-00-01 many
132,b06-045-00-02 years
132,b06-045-00-03 my
132,b06-045-00-04 union
132,b06-045-00-05 had
132,b06-045-00-06 to
132,b06-045-00-07 present
132,b06-045-00-08 its
132,b06-045-00-09 views
132,b06-045-01-00 to
132,b06-045-01-01 the
132,b06-045-01-02 two
132,b06-045-01-03 major
132,b06-045-01-05 of
132,b06-045-01-06 the
132,b06-045-01-08 and
132,b06-045-02-00 take
132,b06-045-02-02 licking
132,b06-045-02-04 For
132,b06-045-02-05 us
132,b06-045-02-07 unity
132,b06-045-02-08 meant
132,b06-045-03-03 as
132,b06-045-03-04 binding
132,b06-045-03-05 on
132,b06-045-03-06 the
132,b06-045-04-01 and
132,b06-045-04-02 having
132,b06-045-04-04 go
132,b06-045-04-05 next
132,b06-045-04-06 time
132,b06-045-05-00 many
132,b06-045-05-01 others
132,b06-045-05-03 we
132,b06-045-05-05 our
132,b06-045-05-06 fight
132,b06-045-05-07 by
132,b06-045-05-08 putting
132,b06-045-06-00 down
132,b06-045-06-04 to
132,b06-045-07-01 policy
132,b06-045-07-02 and
132,b06-045-07-03 seeking
132,b06-045-07-04 to
132,b06-045-07-05 win
132,b06-045-08-00 for
132,b06-045-08-01 them
132,c06-091-00-00 It
132,c06-091-00-03 that
132,c06-091-00-04 the
132,c06-091-00-05 budge
132,c06-091-00-06 takes
132,c06-091-00-07 to
132,c06-091-00-08 the
132,c06-091-00-09 bottle
132,c06-091-00-11 but
132,c06-091-01-01 think
132,c06-091-01-02 it
132,c06-091-01-03 was
132,c06-091-01-04 through
132,c06-091-01-05 boredom
132,c06-091-01-07 The
132,c06-091-01-08 film
132,c06-091-01-09 is
132,c06-091-01-10 funny
132,c06-091-01-11 enough
132,c06-091-02-00 in
132,c06-091-02-01 places
132,c06-091-02-02 and
132,c06-091-02-03 has
132,c06-091-02-05 line
132,c06-091-02-06 or
132,c06-091-02-07 two
132,c06-091-02-08 of
132,c06-091-02-09 painful
132,c06-091-02-10 home
132,c06-091-02-11 truths
132,c06-091-03-00 thrown
132,c06-091-03-01 in
132,c06-091-03-06 want
132,c06-091-03-07 to
132,c06-091-03-08 talk
132,c06-091-03-09 like
132,c06-091-03-10 an
132,c06-091-03-11 adult
132,c06-091-03-14 screams
132,c06-091-04-00 Gina
132,c06-091-04-02 walking
132,c06-091-04-03 out
132,c06-091-04-04 on
132,c06-091-04-05 the
132,c06-091-04-06 man
132,c06-091-04-07 who
132,c06-091-04-08 has
132,c06-091-04-09 so
132,c06-091-04-10 far
132,c06-091-05-00 failed
132,c06-091-05-01 to
132,c06-091-05-02 make
132,c06-091-05-03 an
132,c06-091-05-04 honest
132,c06-091-05-05 woman
132,c06-091-05-06 of
132,c06-091-05-07 her
132,c06-047-00-00 LESS
132,c06-047-00-01 has
132,c06-047-00-02 been
132,c06-047-00-03 heard
132,c06-047-00-04 of
132,c06-047-00-06 work
132,c06-047-00-08 It
132,c06-047-00-09 is
132,c06-047-00-10 now
132,c06-047-01-00 five
132,c06-047-01-01 years
132,c06-047-01-02 since
132,c06-047-01-03 his
132,c06-047-01-04 first
132,c06-047-01-05 play
132,c06-047-01-07 The
132,c06-047-01-08 Quare
132,c06-047-01-09 Fellow
132,c06-047-01-11 was
132,c06-047-02-02 three
132,c06-047-02-03 years
132,c06-047-02-04 since
132,c06-047-02-05 Borstal
132,c06-047-02-06 Boy
132,c06-047-02-07 was
132,c06-047-03-00 and
132,c06-047-03-01 The
132,c06-047-03-02 Hostage
132,c06-047-03-03 was
132,c06-047-03-04 put
132,c06-047-03-05 on
132,c06-047-03-07 What
132,c06-047-03-08 has
132,c06-047-03-10 to
132,c06-047-04-00 the
132,c06-047-04-01 play
132,c06-047-04-04 Cork
132,c06-047-04-05 Leg
132,c06-047-04-07 begun
132,c06-047-04-09 months
132,c06-047-04-10 ago
132,c06-047-05-00 and
132,c06-047-05-01 due
132,c06-047-05-02 for
132,c06-047-05-04 at
132,c06-047-05-05 the
132,c06-047-05-06 Theatre
132,c06-047-05-07 Royal
132,c06-047-06-02 last
132,c06-047-06-03 spring
132,c06-047-06-05 It
132,c06-047-06-06 was
132,c06-047-06-07 never
