588,n06-074-00-00 He
588,n06-074-00-01 rode
588,n06-074-00-02 down
588,n06-074-00-03 to
588,n06-074-00-04 where
588,n06-074-00-06 was
588,n06-074-00-07 waiting
588,n06-074-00-10 was
588,n06-074-01-01 what
588,n06-074-01-03 skill
588,n06-074-01-04 he
588,n06-074-01-05 had
588,n06-074-01-06 for
588,n06-074-01-07 reading
588,n06-074-02-00 my
588,n06-074-02-01 mind
588,n06-074-02-04 This
588,n06-074-02-05 would
588,n06-074-02-06 be
588,n06-074-02-07 as
588,n06-074-02-08 good
588,n06-074-02-10 place
588,n06-074-03-00 for
588,n06-074-03-03 as
588,n06-074-03-04 any
588,n06-074-03-07 he
588,n06-074-03-08 said
588,n06-074-03-10 reining
588,n06-074-03-11 in
588,n06-074-04-00 near
588,n06-074-04-01 me
588,n06-074-04-04 Yes
588,n06-074-04-08 said
588,n06-074-04-11 It
588,n06-074-04-13 be
588,n06-074-04-14 here
588,n06-074-05-00 morrow
588,n06-074-05-01 as
588,n06-074-05-02 likely
588,n06-074-05-03 as
588,n06-074-05-04 not
588,n06-074-05-08 paused
588,n06-074-05-11 Miss
588,n06-074-06-00 Jeannie
588,n06-074-06-02 be
588,n06-074-06-03 on
588,n06-074-06-04 that
588,n06-074-06-05 coach
588,n06-074-06-07 Dan
588,n06-082-00-01 Yes
588,n06-082-00-04 he
588,n06-082-00-05 said
588,n06-082-00-09 know
588,n06-082-00-13 No
588,n06-082-00-14 harm
588,n06-082-00-15 must
588,n06-082-00-16 come
588,n06-082-01-00 to
588,n06-082-01-01 her
588,n06-082-01-03 Dan
588,n06-082-01-07 She
588,n06-082-01-09 be
588,n06-082-01-10 all
588,n06-082-01-11 right
588,n06-082-01-13 It
588,n06-082-01-15 the
588,n06-082-02-00 men
588,n06-082-02-01 who
588,n06-082-02-03 be
588,n06-082-02-04 after
588,n06-082-02-05 that
588,n06-082-02-06 coach
588,n06-082-03-00 in
588,n06-082-03-02 Johnny
588,n06-082-03-07 know
588,n06-082-03-09 But
588,n06-082-03-10 if
588,n06-082-03-11 lead
588,n06-082-03-12 starts
588,n06-082-04-00 flying
588,n06-082-04-01 she
588,n06-082-04-02 might
588,n06-082-04-03 be
588,n06-082-04-04 in
588,n06-082-04-05 danger
588,n06-082-04-09 That
588,n06-082-04-11 so
588,n06-082-05-00 But
588,n06-082-05-02 reckon
588,n06-082-05-03 they
588,n06-082-05-05 be
588,n06-082-05-06 too
588,n06-082-05-07 busy
588,n06-082-05-09 at
588,n06-082-06-00 us
588,n06-082-06-01 to
588,n06-082-06-02 bother
588,n06-082-06-03 with
588,n06-082-06-04 the
588,n06-082-06-05 coach
588,n06-082-06-06 and
588,n06-082-06-07 the
588,n06-082-06-08 folks
588,n06-082-07-00 in
588,n06-082-07-01 it
588,n06-092-00-01 Maybe
588,n06-092-00-05 said
588,n06-092-00-08 But
588,n06-092-00-09 we
588,n06-092-00-11 got
588,n06-092-00-12 to
588,n06-092-01-00 that
588,n06-092-01-01 girl
588,n06-092-01-02 all
588,n06-092-01-03 the
588,n06-092-01-04 time
588,n06-092-01-06 Dan
588,n06-092-01-09 feel
588,n06-092-01-10 kind
588,n06-092-02-00 of
588,n06-092-02-02 for
588,n06-092-02-03 her
588,n06-092-02-07 Of
588,n06-092-02-08 course
588,n06-092-02-11 he
588,n06-092-02-12 said
588,n06-092-03-00 giving
588,n06-092-03-01 me
588,n06-092-03-02 one
588,n06-092-03-03 of
588,n06-092-03-04 his
588,n06-092-03-05 strange
588,n06-092-03-06 looks
588,n06-092-03-08 Then
588,n06-092-03-09 he
588,n06-092-04-00 turned
588,n06-092-04-01 the
588,n06-092-04-05 Let
588,n06-092-04-07 ride
588,n06-092-04-08 over
588,n06-092-05-00 and
588,n06-092-05-01 have
588,n06-092-05-03 look
588,n06-092-05-04 at
588,n06-092-05-05 the
588,n06-092-05-06 mining
588,n06-092-05-07 camp
588,n06-092-06-00 After
588,n06-092-06-01 all
588,n06-092-06-02 it
588,n06-092-06-04 them
588,n06-092-06-05 we
588,n06-092-06-08 to
588,n06-092-06-09 be
588,n06-092-07-00 working
588,n06-092-07-01 for
588,n06-092-07-03 as
588,n06-092-07-04 well
588,n06-092-07-05 as
588,n06-092-07-06 the
588,n06-092-07-08 and
588,n06-092-08-00 the
588,n06-092-08-01 agency
588,n06-100-00-00 With
588,n06-100-00-02 of
588,n06-100-00-04 start
588,n06-100-00-07 the
588,n06-100-01-00 man
588,n06-100-01-01 who
588,n06-100-01-03 brought
588,n06-100-01-04 us
588,n06-100-01-05 into
588,n06-100-01-06 this
588,n06-100-02-01 Maybe
588,n06-100-02-02 you
588,n06-100-02-04 know
588,n06-100-02-05 about
588,n06-100-03-00 Dan
588,n06-100-03-04 Know
588,n06-100-03-05 what
588,n06-100-03-09 That
588,n06-100-03-10 he
588,n06-100-03-12 dead
588,n06-100-04-01 said
588,n06-100-04-04 watched
588,n06-100-04-05 him
588,n06-100-04-06 because
588,n06-100-04-08 was
588,n06-100-04-09 always
588,n06-100-05-01 by
588,n06-100-05-02 the
588,n06-100-05-03 way
588,n06-100-05-04 he
588,n06-100-05-05 looked
588,n06-100-05-06 when
588,n06-100-05-07 you
588,n06-100-06-00 tried
588,n06-100-06-01 to
588,n06-100-06-03 him
588,n06-100-06-06 Dead
588,n06-100-06-09 he
588,n06-100-06-10 said
588,n06-100-06-13 Yes
588,n06-100-07-00 Dead
588,n06-100-07-03 out
588,n06-100-07-04 of
588,n06-100-07-05 the
588,n06-100-07-06 deck
588,n06-100-07-08 Blasted
588,n06-100-08-00 down
588,n06-100-08-01 with
588,n06-100-08-03 shotgun
588,n06-100-08-04 outside
588,n06-100-08-05 the
588,n06-100-08-06 Palace
588,n06-100-09-00 last
588,n06-100-09-01 night
588,n06-111-00-01 Fenton
588,n06-111-00-02 or
588,n06-111-00-03 Somers
588,n06-111-00-06 he
588,n06-111-00-07 said
588,n06-111-00-10 Or
588,n06-111-00-11 the
588,n06-111-00-12 Town
588,n06-111-01-00 Marshal
588,n06-111-01-04 added
588,n06-111-01-06 His
588,n06-111-01-07 face
588,n06-111-01-08 was
588,n06-111-01-09 fixed
588,n06-111-02-01 as
588,n06-111-02-03 rock
588,n06-111-02-06 Let
588,n06-111-02-08 get
588,n06-111-02-09 over
588,n06-111-02-10 to
588,n06-111-02-11 the
588,n06-111-03-00 mining
588,n06-111-03-01 camp
588,n06-111-03-04 he
588,n06-111-03-05 said
588,n06-111-03-08 He
588,n06-111-03-09 wheeled
588,n06-111-04-00 his
588,n06-111-04-01 horse
588,n06-111-04-02 back
588,n06-111-04-03 off
588,n06-111-04-04 the
588,n06-111-04-05 trail
588,n06-111-04-06 and
588,n06-111-04-07 up
588,n06-111-04-08 the
588,n06-111-04-09 slope
588,n06-111-05-00 leading
588,n06-111-05-01 to
588,n06-111-05-02 the
588,n06-111-05-03 ridge
588,n06-111-05-08 From
588,n06-111-05-09 the
588,n06-111-06-00 top
588,n06-111-06-01 you
588,n06-111-06-02 could
588,n06-111-06-03 see
588,n06-111-06-05 of
588,n06-111-06-06 the
588,n06-111-06-07 wild
588,n06-111-06-08 hill
588,n06-111-07-00 country
588,n06-111-07-01 that
588,n06-111-07-02 lay
588,n06-111-07-03 all
588,n06-111-07-04 round
588,n06-111-07-05 Gilburg
588,n06-119-00-00 The
588,n06-119-00-01 air
588,n06-119-00-02 was
588,n06-119-00-03 fresh
588,n06-119-00-04 and
588,n06-119-00-05 clear
588,n06-119-00-06 and
588,n06-119-00-07 you
588,n06-119-01-00 could
588,n06-119-01-01 see
588,n06-119-01-02 far
588,n06-119-01-03 over
588,n06-119-01-04 west
588,n06-119-01-05 and
588,n06-119-01-06 north
588,n06-119-01-07 for
588,n06-119-01-08 many
588,n06-119-02-00 miles
588,n06-119-02-02 The
588,n06-119-02-03 real
588,n06-119-02-04 high
588,n06-119-02-05 country
588,n06-119-02-06 of
588,n06-119-02-07 the
588,n06-119-02-08 Rockies
588,n06-119-03-00 lifted
588,n06-119-03-01 up
588,n06-119-03-02 in
588,n06-119-03-03 the
588,n06-119-03-05 like
588,n06-119-03-07 pale
588,n06-119-04-00 colour
588,n06-119-04-01 drawing
588,n06-119-04-03 Between
588,n06-119-04-04 us
588,n06-119-04-05 and
588,n06-119-04-06 that
588,n06-119-04-07 lay
588,n06-119-05-01 vast
588,n06-119-05-02 stretch
588,n06-119-05-03 of
588,n06-119-05-04 hills
588,n06-119-05-06 canyons
588,n06-119-05-08 buttes
588,n06-119-05-09 and
588,n06-119-06-00 malpais
588,n06-123-00-01 The
588,n06-123-00-03 lie
588,n06-123-00-04 north
588,n06-123-00-05 of
588,n06-123-00-06 the
588,n06-123-00-07 town
588,n06-123-01-00 said
588,n06-123-01-01 Dan
588,n06-123-01-04 If
588,n06-123-01-05 we
588,n06-123-01-06 head
588,n06-123-01-07 west
588,n06-123-01-08 we
588,n06-123-01-09 ought
588,n06-123-01-10 to
588,n06-123-02-00 cut
588,n06-123-02-01 the
588,n06-123-02-02 trail
588,n06-123-02-03 leading
588,n06-123-02-04 from
588,n06-123-02-05 Gilburg
588,n06-123-02-06 to
588,n06-123-02-07 the
588,n06-123-02-08 north
588,n06-123-03-00 So
588,n06-123-03-01 we
588,n06-123-03-02 swung
588,n06-123-03-03 west
588,n06-123-03-05 making
588,n06-123-03-06 slow
588,n06-123-03-07 going
588,n06-123-03-08 over
588,n06-123-04-00 rough
588,n06-123-04-01 country
588,n06-123-04-03 sliding
588,n06-123-04-04 on
588,n06-123-04-05 shale
588,n06-123-04-08 down
588,n06-123-05-00 into
588,n06-123-05-01 draws
588,n06-123-05-05 big
588,n06-123-05-06 mesa
588,n06-123-05-07 by
588,n06-123-06-00 four
588,n06-123-06-01 or
588,n06-123-06-02 five
588,n06-123-06-03 mile
588,n06-123-06-04 valley
588,n06-123-06-08 It
588,n06-123-07-00 got
588,n06-123-07-01 hotter
588,n06-123-07-02 as
588,n06-123-07-03 the
588,n06-123-07-04 day
588,n06-123-07-05 wore
588,n06-123-07-06 on
588,n06-123-07-07 and
588,n06-123-07-08 we
588,n06-123-07-09 rested
588,n06-123-08-01 by
588,n06-123-08-03 small
588,n06-123-08-04 creek
588,n06-123-08-05 where
588,n06-123-08-06 we
588,n06-123-08-07 watered
588,n06-123-09-00 the
588,n06-123-09-01 horses
588,n06-123-09-02 and
588,n06-123-09-03 drank
588,n06-123-09-04 enough
588,n06-123-09-05 to
588,n06-123-09-06 cure
588,n06-123-09-07 our
588,n06-123-10-00 thirst
588,n06-128-00-00 An
588,n06-128-00-02 riding
588,n06-128-00-03 brought
588,n06-128-00-04 us
588,n06-128-00-05 to
588,n06-128-00-07 trail
588,n06-128-00-08 that
588,n06-128-01-00 we
588,n06-128-01-01 figured
588,n06-128-01-02 would
588,n06-128-01-03 lead
588,n06-128-01-04 to
588,n06-128-01-05 the
588,n06-128-01-07 camp
588,n06-128-02-00 We
588,n06-128-02-01 turned
588,n06-128-02-02 north
588,n06-128-02-03 into
588,n06-128-02-04 it
588,n06-128-02-05 and
588,n06-128-02-06 after
588,n06-128-02-07 about
588,n06-128-02-08 four
588,n06-128-03-00 miles
588,n06-128-03-01 it
588,n06-128-03-02 led
588,n06-128-03-03 into
588,n06-128-03-05 small
588,n06-128-03-06 canyon
588,n06-128-03-07 which
588,n06-128-04-00 opened
588,n06-128-04-01 out
588,n06-128-04-02 into
588,n06-128-04-04 wide
588,n06-128-04-05 shallow
588,n06-128-04-06 draw
588,n06-128-05-00 Here
588,n06-128-05-01 in
588,n06-128-05-05 we
588,n06-128-05-06 found
588,n06-128-06-00 the
588,n06-128-06-01 miners
588,n06-128-06-02 at
588,n06-128-06-03 work
588,n06-128-06-05 They
588,n06-128-06-06 were
588,n06-128-07-00 over
588,n06-128-07-02 fairly
588,n06-128-07-03 wide
588,n06-128-07-04 area
588,n06-128-07-05 working
588,n06-128-07-06 singly
588,n06-128-07-07 or
588,n06-128-08-00 in
588,n06-128-08-01 pairs
588,n06-133-00-00 We
588,n06-133-00-05 Just
588,n06-133-00-06 short
588,n06-133-01-00 of
588,n06-133-01-01 the
588,n06-133-01-03 there
588,n06-133-01-04 was
588,n06-133-02-00 shack
588,n06-133-02-01 and
588,n06-133-02-02 as
588,n06-133-02-03 we
588,n06-133-02-04 got
588,n06-133-02-05 near
588,n06-133-02-06 someone
588,n06-133-02-07 inside
588,n06-133-02-08 bawled
588,n06-133-03-00 out
588,n06-133-03-03 If
588,n06-133-03-04 you
588,n06-133-03-05 come
588,n06-133-03-06 any
588,n06-133-03-07 closer
588,n06-133-03-11 sure
588,n06-133-03-12 blow
588,n06-133-04-00 your
588,n06-133-04-02 off
588,n06-133-04-06 Take
588,n06-133-04-07 it
588,n06-133-04-08 easy
588,n06-133-04-10 mister
588,n06-133-04-14 sang
588,n06-133-05-00 out
588,n06-133-05-03 We
588,n06-133-05-05 aim
588,n06-133-05-06 to
588,n06-133-05-07 come
588,n06-133-05-08 any
588,n06-133-05-09 closer
588,n06-133-05-10 and
588,n06-133-05-11 we
588,n06-133-06-00 got
588,n06-133-06-01 no
588,n06-133-06-03 so
588,n06-133-06-04 as
588,n06-133-06-05 you
588,n06-133-06-06 can
588,n06-133-06-07 see
588,n06-133-06-09 Just
588,n06-133-06-10 you
588,n06-133-07-00 go
588,n06-133-07-01 and
588,n06-133-07-02 tell
588,n06-133-07-03 Nick
588,n06-133-07-04 Dowd
588,n06-133-07-05 we
588,n06-133-07-07 come
588,n06-133-07-08 to
588,n06-133-07-09 talk
588,n06-133-08-00 to
588,n06-133-08-01 him
588,n06-133-08-02 about
588,n06-133-08-03 what
588,n06-133-08-05 last
588,n06-133-08-06 night
588,n06-140-00-01 Oh
588,n06-140-00-04 said
588,n06-140-00-05 the
588,n06-140-00-06 unseen
588,n06-140-00-07 guard
588,n06-140-00-09 He
588,n06-140-00-10 blew
588,n06-140-01-00 whistle
588,n06-140-01-01 then
588,n06-140-01-03 loud
588,n06-140-01-04 and
588,n06-140-01-05 shrill
588,n06-140-01-07 The
588,n06-140-01-08 gun
588,n06-140-01-09 barrel
588,n06-140-02-00 peeking
588,n06-140-02-01 out
588,n06-140-02-02 through
588,n06-140-02-04 hole
588,n06-140-02-05 in
588,n06-140-02-06 the
588,n06-140-02-07 shack
588,n06-140-02-08 never
588,n06-140-03-00 wavered
588,n06-140-03-02 We
588,n06-140-03-03 sat
588,n06-140-03-04 our
588,n06-140-03-05 horses
588,n06-140-03-07 waiting
588,n06-140-03-10 Looks
588,n06-140-03-11 as
588,n06-140-04-00 though
588,n06-140-04-01 they
588,n06-140-04-04 trouble
588,n06-140-04-08 said
588,n06-140-04-11 Where
588,n06-140-05-00 there
588,n06-140-05-02 gold
588,n06-140-05-03 and
588,n06-140-05-04 women
588,n06-140-05-05 there
588,n06-140-05-07 always
588,n06-140-05-08 trouble
588,n06-140-06-01 Dan
588,n06-140-06-04 about
588,n06-140-06-05 in
588,n06-140-06-06 his
588,n06-140-06-07 saddle
588,n06-140-06-09 He
588,n06-140-07-00 was
588,n06-140-07-01 never
588,n06-140-07-02 long
588,n06-140-07-03 on
