579,n03-113-00-01 Hello
579,n03-113-00-03 Dad
579,n03-113-00-06 Bill
579,n03-113-00-07 called
579,n03-113-00-11 hope
579,n03-113-00-12 you
579,n03-113-01-01 worried
579,n03-113-01-03 We
579,n03-113-01-05 going
579,n03-113-01-06 to
579,n03-113-02-00 drag
579,n03-113-02-01 the
579,n03-113-02-02 boat
579,n03-113-02-03 ashore
579,n03-113-02-04 and
579,n03-113-02-05 turn
579,n03-113-03-00 her
579,n03-113-03-01 over
579,n03-113-03-03 She
579,n03-113-03-04 has
579,n03-113-03-06 foot
579,n03-113-03-07 of
579,n03-113-04-00 water
579,n03-113-04-01 in
579,n03-113-04-02 her
579,n03-113-04-06 be
579,n03-113-05-01 if
579,n03-113-05-02 we
579,n03-113-05-03 broke
579,n03-113-05-04 all
579,n03-113-06-00 speed
579,n03-113-06-01 records
579,n03-113-06-02 on
579,n03-113-06-03 the
579,n03-113-06-04 way
579,n03-113-06-05 in
579,n03-113-07-00 Yes
579,n03-113-07-01 sir
579,n03-113-07-04 am
579,n03-113-07-06 wet
579,n03-113-07-08 and
579,n03-113-08-00 Buck
579,n03-113-08-01 would
579,n03-113-08-02 be
579,n03-113-08-03 wetter
579,n03-113-08-04 if
579,n03-113-08-05 he
579,n03-113-09-00 had
579,n03-113-09-01 more
579,n03-113-09-02 clothes
579,n03-113-09-03 on
