317,g03-058-00-00 This
317,g03-058-00-01 new
317,g03-058-00-02 party
317,g03-058-00-04 the
317,g03-058-00-05 British
317,g03-058-00-07 Party
317,g03-058-00-09 was
317,g03-058-01-00 not
317,g03-058-01-02 to
317,g03-058-01-03 accept
317,g03-058-01-04 the
317,g03-058-01-05 role
317,g03-058-01-06 of
317,g03-058-01-07 junior
317,g03-058-01-08 helper
317,g03-058-02-00 in
317,g03-058-02-01 the
317,g03-058-02-02 Labour
317,g03-058-02-05 or
317,g03-058-02-06 of
317,g03-058-02-07 only
317,g03-058-03-01 in
317,g03-058-03-02 order
317,g03-058-03-03 to
317,g03-058-03-05 the
317,g03-058-03-06 volume
317,g03-058-03-07 of
317,g03-058-04-01 thought
317,g03-058-04-02 in
317,g03-058-04-03 the
317,g03-058-04-04 city
317,g03-058-04-06 but
317,g03-058-04-07 sought
317,g03-058-04-08 to
317,g03-058-04-09 create
317,g03-058-05-00 in
317,g03-058-05-01 the
317,g03-058-05-02 Labour
317,g03-058-05-05 more
317,g03-058-06-00 capable
317,g03-058-06-01 of
317,g03-058-06-04 for
317,g03-058-06-05 the
317,g03-058-06-06 working
317,g03-058-07-00 people
