134,b06-087-00-00 There
134,b06-087-00-01 is
134,b06-087-00-02 only
134,b06-087-00-03 one
134,b06-087-00-04 way
134,b06-087-00-05 to
134,b06-087-00-06 develop
134,b06-087-00-07 unity
134,b06-087-00-08 and
134,b06-087-01-00 at
134,b06-087-01-01 the
134,b06-087-01-02 same
134,b06-087-01-03 time
134,b06-087-01-04 defend
134,b06-087-01-05 Britain
134,b06-087-01-07 This
134,b06-087-02-00 was
134,b06-087-02-01 shown
134,b06-087-02-02 at
134,b06-087-02-03 the
134,b06-087-02-05 Trades
134,b06-087-02-06 Union
134,b06-087-04-00 trade
134,b06-087-04-03 when
134,b06-087-04-04 it
134,b06-087-04-05 decided
134,b06-087-04-06 by
134,b06-087-05-00 votes
134,b06-087-05-02 to
134,b06-087-05-04 the
134,b06-087-06-00 on
134,b06-087-06-04 and
134,b06-087-06-05 to
134,b06-087-06-06 oppose
134,b06-087-07-00 Polaris
134,b06-087-07-01 and
134,b06-087-07-03 bases
134,b06-087-07-04 being
134,b06-087-07-06 on
134,b06-087-08-00 the
134,b06-087-08-01 Holy
134,b06-087-08-02 Loch
134,b06-087-08-04 or
134,b06-087-08-05 any
134,b06-087-08-06 other
134,b06-087-08-07 part
134,b06-087-08-08 of
134,b06-087-08-09 Britain
134,b06-090-00-00 Such
134,b06-090-00-02 policy
134,b06-090-00-03 would
134,b06-090-00-04 unite
134,b06-090-00-05 the
134,b06-090-00-06 whole
134,b06-090-01-00 and
134,b06-090-01-01 lay
134,b06-090-01-02 the
134,b06-090-01-03 basis
134,b06-090-01-04 for
134,b06-090-01-05 the
134,b06-090-01-06 defeat
134,b06-090-01-07 of
134,b06-090-01-08 the
134,b06-090-02-00 present
134,b06-090-02-01 Tory
134,b06-090-02-04 which
134,b06-090-02-05 has
134,b06-090-02-06 become
134,b06-090-03-00 real
134,b06-090-03-01 menace
134,b06-090-03-02 to
134,b06-090-03-03 the
134,b06-090-03-04 British
134,b06-090-03-05 people
134,b06-090-03-06 both
134,b06-090-03-07 in
134,b06-090-04-00 home
134,b06-090-04-01 and
134,b06-090-04-02 foreign
134,b06-090-04-03 policy
134,b06-090-04-05 It
134,b06-090-04-06 is
134,b06-090-04-07 quite
134,b06-090-04-08 evident
134,b06-090-05-00 that
134,b06-090-05-01 the
134,b06-090-05-03 will
134,b06-090-05-04 go
134,b06-090-05-05 on
134,b06-090-05-06 record
134,b06-090-05-07 against
134,b06-090-06-00 the
134,b06-090-06-01 Polaris
134,b06-090-06-02 base
134,b06-090-06-03 and
134,b06-090-06-05 for
134,b06-090-06-06 German
134,b06-090-06-07 bases
134,b06-090-07-00 and
