205,d06-025-00-01 Today
205,d06-025-00-04 thought
205,d06-025-00-05 In
205,d06-025-00-06 the
205,d06-025-01-00 dawn
205,d06-025-01-01 was
205,d06-025-01-02 given
205,d06-025-01-04 And
205,d06-025-01-05 the
205,d06-025-01-06 thought
205,d06-025-02-00 Was
205,d06-025-02-01 this
205,d06-025-02-03 That
205,d06-025-02-05 secret
205,d06-025-02-06 plan
205,d06-025-02-07 Is
205,d06-025-02-08 hid
205,d06-025-02-09 in
205,d06-025-03-00 my
205,d06-025-03-01 hand
205,d06-025-03-03 That
205,d06-025-03-04 my
205,d06-025-03-05 hand
205,d06-025-03-06 is
205,d06-025-03-07 big
205,d06-025-03-08 Big
205,d06-025-04-00 Because
205,d06-025-04-01 of
205,d06-025-04-02 the
205,d06-025-04-03 plan
205,d06-025-04-04 That
205,d06-025-04-05 God
205,d06-025-04-07 Who
205,d06-025-05-00 dwells
205,d06-025-05-01 in
205,d06-025-05-02 my
205,d06-025-05-03 hand
205,d06-025-05-05 Knows
205,d06-025-05-06 this
205,d06-025-06-00 secret
205,d06-025-06-01 plan
205,d06-025-06-03 Of
205,d06-025-06-04 the
205,d06-025-06-05 things
205,d06-025-06-06 He
205,d06-025-06-07 will
205,d06-025-07-00 do
205,d06-025-07-01 for
205,d06-025-07-02 the
205,d06-025-07-03 world
205,d06-025-07-04 Using
205,d06-025-07-05 my
205,d06-025-07-06 hand
205,d06-067-00-00 In
205,d06-067-00-01 other
205,d06-067-00-02 ways
205,d06-067-00-04 too
205,d06-067-00-06 life
205,d06-067-00-07 for
205,d06-067-00-08 the
205,d06-067-01-01 has
205,d06-067-01-02 become
205,d06-067-01-03 so
205,d06-067-01-04 complex
205,d06-067-02-00 that
205,d06-067-02-01 it
205,d06-067-02-02 taxes
205,d06-067-02-03 the
205,d06-067-02-04 mind
205,d06-067-02-06 Two
205,d06-067-02-07 hundred
205,d06-067-03-00 years
205,d06-067-03-01 ago
205,d06-067-03-03 men
205,d06-067-03-04 lived
205,d06-067-03-05 and
205,d06-067-03-06 worked
205,d06-067-04-00 in
205,d06-067-04-01 one
205,d06-067-04-02 place
205,d06-067-04-04 their
205,d06-067-04-05 lives
205,d06-067-04-06 were
205,d06-067-04-07 of
205,d06-067-04-08 one
205,d06-067-05-00 piece
205,d06-067-05-02 Now
205,d06-067-05-04 man
205,d06-067-05-05 may
205,d06-067-05-06 live
205,d06-067-05-07 twenty
205,d06-067-06-00 thirty
205,d06-067-06-01 even
205,d06-067-06-02 sixty
205,d06-067-06-03 miles
205,d06-067-06-04 from
205,d06-067-06-05 his
205,d06-067-07-00 work
205,d06-067-07-02 The
205,d06-067-07-03 only
205,d06-067-07-05 is
205,d06-067-07-06 the
205,d06-067-08-01 of
205,d06-067-08-02 the
205,d06-067-08-03 railway
205,d06-067-08-04 on
205,d06-067-08-05 which
205,d06-067-08-06 they
205,d06-067-09-00 travel
205,d06-067-09-01 day
205,d06-067-09-02 by
205,d06-067-09-03 day
205,d06-104-00-00 They
205,d06-104-00-01 only
205,d06-104-00-02 worked
205,d06-104-00-04 of
205,d06-104-00-05 course
205,d06-104-01-00 day
205,d06-104-01-01 week
205,d06-104-01-02 so
205,d06-104-01-03 that
205,d06-104-01-04 in
205,d06-104-01-05 the
205,d06-104-01-06 first
205,d06-104-01-07 week
205,d06-104-02-00 Monday
205,d06-104-02-01 to
205,d06-104-02-02 Friday
205,d06-104-02-03 were
205,d06-104-02-04 days
205,d06-104-02-05 one
205,d06-104-03-00 to
205,d06-104-03-01 five
205,d06-104-03-02 of
205,d06-104-03-03 the
205,d06-104-03-06 the
205,d06-104-04-00 Monday
205,d06-104-04-01 was
205,d06-104-04-02 day
205,d06-104-04-03 six
205,d06-104-04-04 and
205,d06-104-04-05 Tuesday
205,d06-104-05-00 started
205,d06-104-05-01 day
205,d06-104-05-02 one
205,d06-104-05-03 again
205,d06-104-05-04 and
205,d06-104-05-05 so
205,d06-104-05-06 on
205,d06-104-06-00 By
205,d06-104-06-01 this
205,d06-104-06-02 means
205,d06-104-06-03 they
205,d06-104-06-04 avoided
205,d06-104-06-05 each
205,d06-104-07-00 week
205,d06-104-07-01 being
205,d06-104-07-02 the
205,d06-104-07-03 same
205,d06-104-07-04 with
205,d06-104-07-06 pupil
205,d06-104-08-00 knowing
205,d06-104-08-01 exactly
205,d06-104-08-02 what
205,d06-104-08-03 the
205,d06-104-08-04 subject
205,d06-104-09-00 would
205,d06-104-09-01 be
205,d06-104-09-02 on
205,d06-104-09-03 Friday
205,d06-104-09-05 at
205,e06-026-00-00 Drift
205,e06-026-00-01 in
205,e06-026-00-02 another
205,e06-026-00-03 form
205,e06-026-01-01 how
205,e06-026-01-02 these
205,e06-026-01-04 herring
205,e06-026-02-00 are
205,e06-026-02-01 biased
205,e06-026-02-02 to
205,e06-026-02-03 east
205,e06-026-02-04 or
205,e06-026-02-05 west
205,e06-026-02-06 by
205,e06-026-02-07 the
205,e06-026-03-01 winds
205,e06-026-03-03 Strong
205,e06-026-04-00 are
205,e06-026-04-01 well
205,e06-026-04-02 known
205,e06-026-04-03 to
205,e06-026-04-04 bring
205,e06-026-04-05 good
205,e06-026-05-03 The
205,e06-026-05-04 surface
205,e06-026-06-00 water
205,e06-026-06-01 that
205,e06-026-06-02 is
205,e06-026-06-03 blown
205,e06-026-06-05 must
205,e06-026-07-00 be
205,e06-026-07-02 by
205,e06-026-07-03 an
205,e06-026-08-00 with
205,e06-026-08-01 it
205,e06-026-08-02 the
205,e06-026-08-03 herring
205,e06-026-08-04 to
205,e06-026-08-05 the
205,e06-026-08-06 Norfolk
205,e06-026-09-00 and
205,e06-026-09-01 Suffolk
205,e06-026-09-02 beaches
205,e06-049-00-00 Let
205,e06-049-00-01 us
205,e06-049-00-03 first
205,e06-049-00-04 what
205,e06-049-00-05 would
205,e06-049-01-00 appear
205,e06-049-01-01 to
205,e06-049-01-02 be
205,e06-049-01-03 the
205,e06-049-01-05 case
205,e06-049-02-00 that
205,e06-049-02-01 of
205,e06-049-02-02 flat
205,e06-049-02-03 fish
205,e06-049-02-04 on
205,e06-049-02-05 the
205,e06-049-02-06 bottom
205,e06-049-03-00 The
205,e06-049-03-02 suggest
205,e06-049-03-03 that
205,e06-049-03-04 the
205,e06-049-03-05 fish
205,e06-049-03-06 are
205,e06-049-04-00 aware
205,e06-049-04-01 of
205,e06-049-04-02 the
205,e06-049-04-03 moving
205,e06-049-04-05 before
205,e06-049-05-00 it
205,e06-049-05-01 reaches
205,e06-049-05-02 them
205,e06-049-05-04 They
205,e06-049-05-05 move
205,e06-049-05-06 away
205,e06-049-05-07 before
205,e06-049-06-00 it
205,e06-049-06-03 at
205,e06-049-06-04 the
205,e06-049-06-05 same
205,e06-049-06-06 speed
205,e06-049-07-00 for
205,e06-049-07-01 an
205,e06-049-07-02 unknown
205,e06-049-07-03 period
205,e06-049-07-04 of
205,e06-049-07-05 time
205,e06-049-07-07 until
205,e06-049-08-00 they
205,e06-049-08-01 become
205,e06-049-08-05 tired
205,e06-049-08-07 or
205,e06-049-08-11 more
205,e06-049-08-12 used
205,e06-049-09-00 to
205,e06-049-09-01 the
