258,f02-003-00-01 small
258,f02-003-00-02 panel
258,f02-003-00-03 was
258,f02-003-00-04 formed
258,f02-003-00-06 not
258,f02-003-00-07 on
258,f02-003-01-00 basis
258,f02-003-01-01 but
258,f02-003-01-02 rather
258,f02-003-01-03 of
258,f02-003-01-05 and
258,f02-003-02-00 from
258,f02-003-02-01 various
258,f02-003-02-02 levels
258,f02-003-02-03 in
258,f02-003-02-04 the
258,f02-003-02-05 firm
258,f02-003-02-07 In
258,f02-003-02-08 due
258,f02-003-02-09 course
258,f02-003-03-00 the
258,f02-003-03-01 panel
258,f02-003-03-02 decided
258,f02-003-03-03 to
258,f02-003-03-04 seek
258,f02-003-03-05 further
258,f02-003-03-06 insight
258,f02-003-03-07 into
258,f02-003-03-08 the
258,f02-003-04-01 faced
258,f02-003-04-02 by
258,f02-003-04-03 older
258,f02-003-04-04 workers
258,f02-003-04-06 and
258,f02-003-05-00 those
258,f02-003-05-01 seventy
258,f02-003-05-02 years
258,f02-003-05-03 of
258,f02-003-05-04 age
258,f02-003-05-05 or
258,f02-003-05-06 older
