542,m03-110-00-00 Sally
542,m03-110-00-01 and
542,m03-110-00-02 of
542,m03-110-00-03 course
542,m03-110-00-04 Mrs
542,m03-110-00-07 for
542,m03-110-00-08 surely
542,m03-110-01-00 Mr
542,m03-110-01-02 stood
542,m03-110-01-03 in
542,m03-110-01-04 the
542,m03-110-01-05 same
542,m03-110-01-06 case
542,m03-110-01-07 as
542,m03-110-02-00 myself
542,m03-110-02-02 But
542,m03-110-02-03 was
542,m03-110-02-04 it
542,m03-110-02-05 so
542,m03-110-02-08 allowed
542,m03-110-02-09 myself
542,m03-110-03-00 to
542,m03-110-03-02 for
542,m03-110-03-03 an
542,m03-110-03-04 instant
542,m03-110-03-05 the
542,m03-110-03-06 idea
542,m03-110-03-08 the
542,m03-110-04-00 strange
542,m03-110-04-02 the
542,m03-110-04-05 the
542,m03-110-04-06 almost
542,m03-110-05-01 idea
542,m03-110-05-03 that
542,m03-110-05-05 arrival
542,m03-110-06-00 would
542,m03-110-06-01 be
542,m03-110-06-04 and
542,m03-110-06-05 with
542,m03-110-06-06 the
542,m03-110-06-07 idea
542,m03-110-06-08 came
542,m03-110-07-02 vulgar
542,m03-110-07-03 impulse
542,m03-110-07-05 which
542,m03-110-07-07 refused
542,m03-110-08-00 to
542,m03-110-08-01 watch
542,m03-110-08-02 Mr
542,m03-110-08-04 more
542,m03-110-08-05 closely
542,m03-110-08-07 Mrs
542,m03-110-09-00 Caine
542,m03-110-09-01 too
542,m03-110-09-02 and
542,m03-110-09-03 Mr
542,m03-110-09-05 who
542,m03-110-09-06 would
542,m03-114-00-00 But
542,m03-114-00-01 all
542,m03-114-00-02 three
542,m03-114-00-03 were
542,m03-114-00-04 to
542,m03-114-00-05 the
542,m03-114-00-06 casual
542,m03-114-01-03 myself
542,m03-114-02-00 Mr
542,m03-114-02-03 and
542,m03-114-02-05 very
542,m03-114-03-02 but
542,m03-114-03-03 that
542,m03-114-03-04 was
542,m03-114-03-05 his
542,m03-114-03-06 habit
542,m03-114-03-08 Indeed
542,m03-114-04-00 we
542,m03-114-04-01 were
542,m03-114-04-02 all
542,m03-114-04-03 invaded
542,m03-114-04-04 by
542,m03-114-04-06 most
542,m03-114-05-00 mood
542,m03-114-05-02 Even
542,m03-114-05-03 the
542,m03-114-05-04 Indian
542,m03-114-05-06 relaxed
542,m03-114-05-08 knowing
542,m03-114-06-00 so
542,m03-114-06-01 Mr
542,m03-114-06-03 told
542,m03-114-06-04 us
542,m03-114-06-06 that
542,m03-114-06-07 the
542,m03-114-06-08 wild
542,m03-114-06-09 and
542,m03-114-07-00 savage
542,m03-114-07-01 tribes
542,m03-114-07-02 never
542,m03-114-07-04 this
542,m03-114-07-05 region
542,m03-114-07-07 at
542,m03-114-08-00 any
542,m03-114-08-01 rate
542,m03-114-08-02 they
542,m03-114-08-04 with
542,m03-114-08-05 us
542,m03-114-08-07 perhaps
542,m03-114-09-00 for
542,m03-114-09-01 such
542,m03-114-09-03 as
542,m03-114-09-04 our
542,m03-114-09-07 or
542,m03-114-09-08 Mrs
