141,c02-026-00-01 summary
141,c02-026-00-02 of
141,c02-026-00-03 the
141,c02-026-00-04 story
141,c02-026-00-05 can
141,c02-026-00-06 give
141,c02-026-00-07 almost
141,c02-026-01-01 of
141,c02-026-01-02 the
141,c02-026-01-03 scope
141,c02-026-01-04 of
141,c02-026-01-08 He
141,c02-026-02-00 tells
141,c02-026-02-01 his
141,c02-026-02-02 story
141,c02-026-02-03 best
141,c02-026-02-04 in
141,c02-026-02-05 the
141,c02-026-02-06 faces
141,c02-026-02-07 of
141,c02-026-02-08 his
141,c02-026-02-09 crowds
141,c02-026-03-01 every
141,c02-026-03-02 wrinkle
141,c02-026-03-03 and
141,c02-026-03-04 drop
141,c02-026-03-05 of
141,c02-026-03-06 sweat
141,c02-026-04-00 with
141,c02-026-04-01 brutal
141,c02-026-04-02 honesty
141,c02-026-04-05 up
141,c02-026-04-06 to
141,c02-026-05-01 climax
141,c02-026-05-02 in
141,c02-026-05-03 the
141,c02-026-05-04 island
141,c02-026-05-05 orgy
141,c02-026-06-00 Here
141,c02-026-06-02 the
141,c02-026-06-03 guests
141,c02-026-06-04 arrive
141,c02-026-06-05 in
141,c02-026-06-07 yachts
141,c02-026-07-00 the
141,c02-026-07-01 wildly
141,c02-026-07-03 white
141,c02-026-07-04 sails
141,c02-026-07-05 slashed
141,c02-026-07-06 by
141,c02-026-08-00 the
141,c02-026-08-01 glaring
141,c02-026-08-02 beacon
141,c02-026-08-03 of
