077,a06-070-00-00 As
077,a06-070-00-03 made
077,a06-070-00-04 his
077,a06-070-00-07 the
077,a06-070-01-00 House
077,a06-070-01-01 was
077,a06-070-01-02 crowded
077,a06-070-01-04 He
077,a06-070-01-05 said
077,a06-070-01-08 No
077,a06-070-01-10 British
077,a06-070-02-01 could
077,a06-070-02-02 join
077,a06-070-02-03 the
077,a06-070-03-01 without
077,a06-070-03-02 prior
077,a06-070-03-04 with
077,a06-070-03-06 view
077,a06-070-04-00 to
077,a06-070-04-01 meeting
077,a06-070-04-02 the
077,a06-070-04-03 needs
077,a06-070-04-04 of
077,a06-070-04-05 the
077,a06-070-05-00 of
077,a06-070-05-01 our
077,a06-070-05-03 Free
077,a06-070-05-04 Trade
077,a06-070-06-00 and
077,a06-070-06-01 of
077,a06-070-06-02 British
077,a06-070-06-06 Near
077,a06-070-06-07 the
077,a06-070-06-08 end
077,a06-070-06-09 of
077,a06-070-07-00 long
077,a06-070-07-05 stated
077,a06-070-07-06 the
