013,a01-063-00-00 But
013,a01-063-00-01 he
013,a01-063-00-02 said
013,a01-063-00-05 on
013,a01-063-00-07 higher
013,a01-063-01-00 level
013,a01-063-01-01 than
013,a01-063-01-02 in
013,a01-063-01-03 the
013,a01-063-01-04 past
013,a01-063-01-06 might
013,a01-063-01-07 be
013,a01-063-02-00 useful
013,a01-063-02-02 The
013,a01-063-02-04 will
013,a01-063-03-00 discuss
013,a01-063-03-01 the
013,a01-063-03-02 problem
013,a01-063-03-03 with
013,a01-063-04-00 the
013,a01-063-04-01 West
013,a01-063-04-02 German
013,a01-063-04-03 Foreign
013,a01-063-04-06 who
013,a01-063-04-07 is
013,a01-063-05-00 due
013,a01-063-05-01 in
013,a01-063-05-03 next
013,a01-063-05-04 week
013,a01-063-05-07 big
013,a01-063-06-00 slice
013,a01-063-06-01 of
013,a01-063-06-04 aid
013,a01-063-06-07 is
013,a01-063-06-08 the
013,a01-063-06-09 early
013,a01-063-07-00 payment
013,a01-063-07-01 of
013,a01-063-07-04 debt
013,a01-063-07-05 to
013,a01-063-07-06 America
013,a01-063-08-00 United
013,a01-063-08-01 States
013,a01-063-08-03 quickly
013,a01-063-08-04 point
013,a01-063-08-05 out
013,a01-063-09-00 that
013,a01-063-09-01 this
013,a01-063-09-02 is
013,a01-063-09-03 money
013,a01-063-09-04 due
013,a01-063-09-05 to
013,a01-063-09-06 America
013,a01-063-10-00 anyway
013,a01-053-00-00 He
013,a01-053-00-01 said
013,a01-053-00-02 these
013,a01-053-01-00 alleged
013,a01-053-01-02 with
013,a01-053-02-00 listed
013,a01-053-02-01 by
013,a01-053-02-02 the
013,a01-053-03-01 Kennedy
013,a01-053-03-02 rushed
013,a01-053-03-04 letter
013,a01-053-03-05 to
013,a01-053-03-06 Senator
013,a01-053-04-01 saying
013,a01-053-04-02 the
013,a01-053-04-03 Federal
013,a01-053-04-04 Bureau
013,a01-053-04-05 of
013,a01-053-05-01 had
013,a01-053-05-03 on
013,a01-053-05-05 Weaver
013,a01-053-06-00 He
013,a01-053-06-02 he
013,a01-053-06-03 would
013,a01-053-06-04 perform
013,a01-053-07-00 service
013,a01-053-07-02 in
013,a01-053-07-03 his
013,a01-053-07-04 post
013,a01-053-07-06 Senator
013,a01-053-08-01 has
013,a01-053-08-02 to
013,a01-053-08-03 pass
013,a01-053-09-01 before
013,a01-053-09-02 it
013,a01-053-09-03 can
013,a01-053-09-04 be
013,a01-053-10-01 sidered
013,a01-053-10-02 by
013,a01-053-10-03 the
013,a01-053-10-04 full
013,a01-053-10-05 Senate
013,a01-058-00-01 KENNEDY
013,a01-058-00-02 is
013,a01-058-00-03 ready
013,a01-058-00-04 to
013,a01-058-00-05 get
013,a01-058-00-06 tough
013,a01-058-01-00 over
013,a01-058-01-01 West
013,a01-058-01-03 cash
013,a01-058-01-04 offer
013,a01-058-01-05 to
013,a01-058-01-06 help
013,a01-058-02-01 balance
013,a01-058-02-02 of
013,a01-058-03-00 He
013,a01-058-03-01 said
013,a01-058-03-02 bluntly
013,a01-058-03-03 in
013,a01-058-04-00 day
013,a01-058-04-01 that
013,a01-058-04-02 the
013,a01-058-04-03 offer
013,a01-058-04-07 was
013,a01-058-05-00 not
013,a01-058-05-01 good
013,a01-058-05-02 enough
013,a01-058-05-04 And
013,a01-058-05-05 he
013,a01-058-06-00 that
013,a01-058-06-01 his
013,a01-058-06-03 would
013,a01-058-06-04 try
013,a01-058-06-05 to
013,a01-058-06-06 get
013,a01-058-07-00 Germany
013,a01-058-07-01 to
013,a01-058-07-02 pay
013,a01-058-07-03 more
013,a01-058-07-05 He
013,a01-058-07-06 did
013,a01-058-07-07 not
013,a01-058-08-00 mention
013,a01-058-08-02 talks
013,a01-058-08-03 with
013,a01-058-09-02 the
013,a01-058-09-03 West
013,a01-058-09-04 German
