075,a06-057-00-00 This
075,a06-057-00-01 seemed
075,a06-057-00-02 to
075,a06-057-00-05 Fell
075,a06-057-00-06 even
075,a06-057-00-07 more
075,a06-057-00-11 cannot
075,a06-057-00-12 be
075,a06-057-00-13 told
075,a06-057-01-00 to
075,a06-057-01-01 sit
075,a06-057-01-02 down
075,a06-057-01-03 by
075,a06-057-01-04 the
075,a06-057-01-05 Prime
075,a06-057-01-10 had
075,a06-057-01-11 been
075,a06-057-02-00 from
075,a06-057-02-01 Tory
075,a06-057-02-02 rebels
075,a06-057-02-04 But
075,a06-057-02-07 attack
075,a06-057-02-08 was
075,a06-057-02-11 He
075,a06-057-03-00 accused
075,a06-057-03-01 the
075,a06-057-03-02 Prime
075,a06-057-03-04 of
075,a06-057-03-07 double
075,a06-057-03-08 talk
075,a06-057-03-12 It
075,a06-057-03-13 had
075,a06-057-04-00 the
075,a06-057-04-01 effect
075,a06-057-04-02 on
075,a06-057-04-03 one
075,a06-057-04-04 former
075,a06-057-04-06 that
075,a06-057-04-07 he
075,a06-057-04-08 now
075,a06-057-04-09 thinks
075,a06-057-04-10 this
075,a06-057-04-11 Prime
075,a06-057-05-01 is
075,a06-057-05-07 he
075,a06-057-05-08 said
