285,f07-000-00-00 SOME
285,f07-000-00-01 years
285,f07-000-00-02 ago
285,f07-000-01-00 told
285,f07-000-01-01 us
285,f07-000-01-02 that
285,f07-000-01-03 there
285,f07-000-01-04 was
285,f07-000-01-05 nothing
285,f07-000-01-06 an
285,f07-000-02-01 would
285,f07-000-02-02 not
285,f07-000-02-03 do
285,f07-000-02-05 nothing
285,f07-000-02-06 an
285,f07-000-03-00 rican
285,f07-000-03-01 would
285,f07-000-03-02 not
285,f07-000-03-03 say
285,f07-000-03-05 nothing
285,f07-000-03-06 an
285,f07-000-04-00 Italian
285,f07-000-04-01 would
285,f07-000-04-02 not
285,f07-000-04-03 sing
285,f07-000-04-05 no
285,f07-000-04-06 music
285,f07-000-05-00 to
285,f07-000-05-01 which
285,f07-000-05-02 the
285,f07-000-05-04 would
285,f07-000-05-05 not
285,f07-000-06-00 dance
285,f07-000-06-02 nothing
285,f07-000-06-03 the
285,f07-000-06-04 German
285,f07-000-06-05 would
285,f07-000-07-00 not
285,f07-000-07-01 covet
285,f07-000-07-03 and
285,f07-000-07-04 nothing
285,f07-000-07-05 the
285,f07-000-07-06 Chinese
285,f07-000-08-00 would
285,f07-000-08-01 not
285,f07-000-08-02 eat
285,f07-039a-00-01 to
285,f07-039a-00-02 Pliny
285,f07-039a-00-04 and
285,f07-039a-00-05 others
285,f07-039a-00-07 certain
285,f07-039a-00-08 herbs
285,f07-039a-01-00 and
285,f07-039a-01-01 flowers
285,f07-039a-01-02 proved
285,f07-039a-01-03 of
285,f07-039a-01-05 power
285,f07-039a-02-01 the
285,f07-039a-02-03 of
285,f07-039a-02-04 the
285,f07-039a-02-05 brain
285,f07-039a-02-07 It
285,f07-039a-03-00 is
285,f07-039a-03-01 said
285,f07-039a-03-02 that
285,f07-039a-03-03 there
285,f07-039a-03-04 is
285,f07-039a-03-05 nothing
285,f07-039a-03-06 new
285,f07-039a-03-07 under
285,f07-039a-04-00 the
285,f07-039a-04-01 sun
285,f07-039a-04-03 but
285,f07-039a-04-06 the
285,f07-039a-05-04 certain
285,f07-039a-06-00 measure
285,f07-039a-06-01 of
285,f07-039a-06-02 novelty
285,f07-042a-00-00 In
285,f07-042a-00-01 China
285,f07-042a-00-03 for
285,f07-042a-00-06 dried
285,f07-042a-00-07 rats
285,f07-042a-00-08 are
285,f07-042a-01-03 The
285,f07-042a-01-04 visitor
285,f07-042a-01-05 is
285,f07-042a-01-06 told
285,f07-042a-01-07 that
285,f07-042a-02-00 they
285,f07-042a-02-01 restore
285,f07-042a-02-02 the
285,f07-042a-02-03 hair
285,f07-042a-02-04 of
285,f07-042a-02-05 the
285,f07-042a-02-06 bald
285,f07-042a-02-07 and
285,f07-042a-02-08 that
285,f07-042a-03-01 stewed
285,f07-042a-03-02 black
285,f07-042a-03-03 rat
285,f07-042a-03-04 will
285,f07-042a-03-05 ward
285,f07-042a-03-06 off
285,f07-042a-03-08 fever
285,f07-042a-04-01 number
285,f07-042a-04-02 of
285,f07-042a-04-04 white
285,f07-042a-04-05 mice
285,f07-042a-04-06 served
285,f07-042a-05-00 alive
285,f07-042a-05-02 dipped
285,f07-042a-05-03 in
285,f07-042a-05-04 treacle
285,f07-042a-05-05 and
285,f07-042a-06-00 like
285,f07-042a-06-02 prairie
285,f07-042a-06-03 oyster
285,f07-042a-06-04 is
285,f07-042a-07-00 piece
285,f07-042a-07-01 of
285,f07-046a-00-00 Among
285,f07-046a-00-01 the
285,f07-046a-00-02 natives
285,f07-046a-00-03 of
285,f07-046a-00-06 lizards
285,f07-046a-01-00 roasted
285,f07-046a-01-01 on
285,f07-046a-01-02 the
285,f07-046a-01-03 point
285,f07-046a-01-04 of
285,f07-046a-01-06 spear
285,f07-046a-01-07 are
285,f07-046a-02-03 while
285,f07-046a-03-00 peoples
285,f07-046a-03-01 have
285,f07-046a-03-03 high
285,f07-046a-03-04 opinion
285,f07-046a-03-05 of
285,f07-046a-03-06 the
285,f07-046a-03-07 octopus
285,f07-046a-04-00 as
285,f07-046a-04-01 an
285,f07-046a-04-02 article
285,f07-046a-04-03 of
285,f07-046a-04-04 diet
285,f07-046a-04-06 So
285,f07-046a-04-07 have
285,f07-046a-04-08 the
285,f07-046a-05-00 and
285,f07-046a-05-01 the
285,f07-046a-05-02 Chinese
285,f07-046a-05-04 The
285,f07-046a-05-07 apart
285,f07-046a-06-00 from
285,f07-046a-06-01 eating
285,f07-046a-06-02 it
285,f07-046a-06-03 fresh
285,f07-046a-06-05 squash
285,f07-046a-06-06 it
285,f07-046a-06-08 press
285,f07-046a-07-00 it
285,f07-046a-07-01 and
285,f07-046a-07-02 dry
285,f07-046a-07-03 it
285,f07-046a-07-05 in
285,f07-046a-07-06 which
285,f07-046a-07-07 form
285,f07-046a-07-09 dusted
285,f07-046a-08-00 over
285,f07-046a-08-01 with
285,f07-046a-08-02 flour
285,f07-046a-08-04 you
285,f07-046a-08-05 will
285,f07-046a-08-06 find
285,f07-046a-08-08 stack
285,f07-046a-09-00 of
285,f07-046a-09-01 it
285,f07-046a-09-02 in
285,f07-046a-09-03 almost
285,f07-046a-09-04 any
285,f07-046a-09-06 shop
285,g07-079a-00-00 Their
285,g07-079a-00-02 for
285,g07-079a-00-03 Augusta
285,g07-079a-00-04 became
285,g07-079a-00-05 rather
285,g07-079a-01-00 hollow
285,g07-079a-01-02 and
285,g07-079a-01-03 the
285,g07-079a-01-04 news
285,g07-079a-01-05 that
285,g07-079a-01-06 Byron
285,g07-079a-01-07 had
285,g07-079a-01-08 left
285,g07-079a-02-00 her
285,g07-079a-02-02 all
285,g07-079a-02-03 his
285,g07-079a-02-04 money
285,g07-079a-02-05 caused
285,g07-079a-02-06 it
285,g07-079a-02-07 to
285,g07-079a-03-00 crumble
285,g07-079a-03-01 to
285,g07-079a-03-04 Though
285,g07-079a-03-05 Lady
285,g07-079a-03-06 Byron
285,g07-079a-04-00 knew
285,g07-079a-04-02 well
285,g07-079a-04-03 that
285,g07-079a-04-04 Byron
285,g07-079a-04-06 as
285,g07-079a-04-07 early
285,g07-079a-05-00 as
285,g07-079a-05-01 the
285,g07-079a-05-02 year
285,g07-079a-05-03 of
285,g07-079a-05-04 their
285,g07-079a-05-05 wedding
285,g07-079a-05-09 had
285,g07-079a-06-00 made
285,g07-079a-06-02 will
285,g07-079a-06-03 in
285,g07-079a-06-05 favour
285,g07-079a-06-07 she
285,g07-079a-06-08 had
285,g07-079a-07-01 not
285,g07-079a-07-02 passed
285,g07-079a-07-03 on
285,g07-079a-07-04 that
285,g07-079a-08-00 and
285,g07-079a-08-01 it
285,g07-079a-08-02 came
285,g07-079a-08-03 as
285,g07-079a-08-04 an
285,g07-079a-08-07 to
285,g07-079a-09-00 Captain
285,g07-079a-09-01 Byron
285,g07-079a-09-02 that
285,g07-079a-09-03 he
285,g07-079a-09-04 had
285,g07-079a-09-05 been
285,g07-079a-09-06 left
285,g07-079a-10-00 without
285,g07-079a-10-01 the
285,g07-079a-10-02 fortune
285,g07-079a-10-03 that
285,g07-079a-10-04 would
285,g07-079a-10-05 keep
285,g07-079a-10-06 up
285,g07-079a-10-07 the
285,g07-079a-11-00 title
