193,d04-081-00-00 Ben
193,d04-081-00-01 Zoma
193,d04-081-00-02 said
193,d04-081-00-05 The
193,d04-081-00-06 days
193,d04-081-00-07 of
193,d04-081-00-09 life
193,d04-081-01-00 means
193,d04-081-01-01 in
193,d04-081-01-02 the
193,d04-081-01-05 all
193,d04-081-01-06 the
193,d04-081-01-07 days
193,d04-081-01-08 of
193,d04-081-02-01 life
193,d04-081-02-02 means
193,d04-081-02-03 even
193,d04-081-02-04 at
193,d04-081-03-04 And
193,d04-081-03-05 the
193,d04-081-03-06 Rabbis
193,d04-081-03-07 thought
193,d04-081-04-00 it
193,d04-081-04-02 that
193,d04-081-04-03 when
193,d04-081-04-04 we
193,d04-081-04-05 read
193,d04-081-04-06 the
193,d04-081-05-00 Shmah
193,d04-081-05-02 to
193,d04-081-05-03 be
193,d04-081-05-04 willing
193,d04-081-05-05 to
193,d04-081-05-06 hear
193,d04-081-05-09 we
193,d04-081-06-00 should
193,d04-081-06-02 the
193,d04-081-06-03 Great
193,d04-081-07-03 and
193,d04-081-07-04 its
193,d04-081-08-00 with
193,d04-081-08-01 the
193,d04-081-08-02 fringes
193,d04-081-08-04 the
193,f04-093-00-00 At
193,f04-093-00-01 Clapham
193,f04-093-01-00 was
193,f04-093-01-01 able
193,f04-093-01-02 to
193,f04-093-01-06 of
193,f04-093-01-07 the
193,f04-093-02-00 girl
193,f04-093-02-02 and
193,f04-093-02-03 he
193,f04-093-02-04 said
193,f04-093-02-05 he
193,f04-093-02-06 had
193,f04-093-02-07 last
193,f04-093-02-08 seen
193,f04-093-02-09 her
193,f04-093-03-00 on
193,f04-093-03-02 six
193,f04-093-03-03 waiting
193,f04-093-03-04 to
193,f04-093-03-05 board
193,f04-093-04-01 train
193,f04-093-04-02 for
193,f04-093-04-03 the
193,f04-093-04-04 short
193,f04-093-04-05 run
193,f04-093-04-06 to
193,f04-093-05-02 at
193,f04-093-05-04 said
193,f04-093-05-05 he
193,f04-093-05-06 had
193,f04-093-05-07 seen
193,f04-093-06-01 young
193,f04-093-06-02 lady
193,f04-093-06-04 as
193,f04-093-06-05 near
193,f04-093-06-06 as
193,f04-093-07-00 like
193,f04-093-07-01 the
193,f04-093-07-03 shown
193,f04-093-07-04 him
193,f04-093-07-06 with
193,f04-093-08-01 man
193,f04-093-08-03 very
193,f04-093-08-04 close
193,f04-093-08-05 in
193,f04-093-08-07 and
193,f04-093-09-00 walking
193,f04-093-09-01 arm
193,f04-093-09-02 in
193,f04-093-09-03 arm
193,f04-096-00-01 guard
193,f04-096-00-03 that
193,f04-096-00-04 at
193,f04-096-00-05 East
193,f04-096-00-06 Croydon
193,f04-096-01-00 he
193,f04-096-01-01 had
193,f04-096-01-02 seen
193,f04-096-01-03 what
193,f04-096-01-04 was
193,f04-096-01-06 as
193,f04-096-01-07 the
193,f04-096-02-00 same
193,f04-096-02-01 couple
193,f04-096-02-02 sitting
193,f04-096-02-03 close
193,f04-096-02-05 in
193,f04-096-03-03 of
193,f04-096-03-04 the
193,f04-096-04-00 train
193,f04-096-04-01 from
193,f04-096-04-02 London
193,f04-096-04-03 Bridge
193,f04-096-04-04 of
193,f04-096-04-05 which
193,f04-096-05-00 he
193,f04-096-05-01 was
193,f04-096-05-02 in
193,f04-096-05-03 charge
193,f04-096-05-05 The
193,f04-096-05-06 two
193,f04-096-05-07 could
193,f04-096-06-00 have
193,f04-096-06-01 joined
193,f04-096-06-02 this
193,f04-096-06-03 train
193,f04-096-06-04 by
193,f04-096-06-05 taking
193,f04-096-07-00 one
193,f04-096-07-01 from
193,f04-096-07-03 and
193,f04-096-08-00 at
193,f04-096-08-01 East
193,f04-096-08-02 Croydon
193,f04-096-08-04 He
193,f04-096-08-05 also
193,f04-096-09-00 that
193,f04-096-09-01 they
193,f04-096-09-02 had
193,f04-096-09-03 still
193,f04-096-09-04 been
193,f04-096-09-06 at
193,f04-096-10-00 South
193,f04-096-10-01 Croydon
193,f04-096-10-03 and
193,f04-096-10-04 he
193,f04-100-00-00 Medical
193,f04-100-00-03 that
193,f04-100-00-04 Mary
193,f04-100-01-00 Money
193,f04-100-01-01 had
193,f04-100-01-02 been
193,f04-100-01-03 dead
193,f04-100-01-04 for
193,f04-100-01-05 about
193,f04-100-01-06 an
193,f04-100-02-00 hour
193,f04-100-02-01 before
193,f04-100-02-02 her
193,f04-100-02-03 body
193,f04-100-02-04 was
193,f04-100-03-00 and
193,f04-100-03-01 this
193,f04-100-03-02 matched
193,f04-100-03-04 well
193,f04-100-03-05 with
193,f04-100-04-00 the
193,f04-100-04-02 of
193,f04-100-04-03 the
193,f04-100-04-04 train
193,f04-100-04-05 in
193,f04-100-05-00 More
193,f04-100-05-03 came
193,f04-100-05-04 from
193,f04-100-06-01 at
193,f04-100-06-02 Purley
193,f04-100-06-03 Oaks
193,f04-100-06-05 who
193,f04-100-06-06 had
193,f04-100-07-00 seen
193,f04-100-07-02 as
193,f04-100-07-03 the
193,f04-100-07-04 train
193,f04-100-07-05 passed
193,f04-100-07-06 his
193,f04-100-07-07 box
193,f04-100-08-00 couple
193,f04-100-08-02 in
193,f04-100-09-02 but
193,f04-100-09-03 he
193,f04-100-09-04 seemed
193,f04-100-09-05 to
193,f04-100-09-06 have
193,f04-100-10-00 been
193,f04-100-10-01 used
193,f04-100-10-02 to
193,f04-100-10-03 seeing
193,f04-100-10-04 couples
193,f04-100-10-05 engaged
193,f04-100-10-06 in
