246,e07-012-00-00 From
246,e07-012-00-01 the
246,e07-012-00-02 day
246,e07-012-00-03 it
246,e07-012-00-04 hatches
246,e07-012-00-05 in
246,e07-012-00-06 the
246,e07-012-00-07 spring
246,e07-012-01-00 until
246,e07-012-01-01 it
246,e07-012-01-02 dies
246,e07-012-01-03 in
246,e07-012-01-04 the
246,e07-012-01-05 late
246,e07-012-01-06 autumn
246,e07-012-01-08 the
246,e07-012-02-00 praying
246,e07-012-02-01 mantis
246,e07-012-02-03 its
246,e07-012-02-05 by
246,e07-012-03-00 eating
246,e07-012-03-01 other
246,e07-012-03-02 insects
246,e07-012-03-04 Nine
246,e07-012-04-00 may
246,e07-012-04-01 be
246,e07-012-04-03 at
246,e07-012-04-04 one
246,e07-012-04-05 sitting
246,e07-012-04-06 and
246,e07-012-05-00 the
246,e07-012-05-01 fully
246,e07-012-05-02 adult
246,e07-012-05-06 insect
246,e07-012-06-00 is
246,e07-012-06-01 able
246,e07-012-06-02 to
246,e07-012-06-03 keep
246,e07-012-06-05 firm
246,e07-012-06-06 hold
246,e07-012-06-07 on
246,e07-012-06-08 one
246,e07-012-07-01 while
246,e07-012-07-02 eating
246,e07-012-07-03 another
246,e07-012-08-01 to
246,e07-012-08-03 Max
246,e07-012-08-04 Beier
246,e07-012-08-05 in
246,e07-012-09-03 Die
246,e07-012-09-04 Neue
246,e07-012-09-05 Brehm
246,e07-012-10-03 the
246,e07-012-10-04 praying
246,e07-012-10-05 mantis
246,e07-012-10-06 is
246,e07-072-00-00 DESPITE
246,e07-072-00-01 the
246,e07-072-00-02 steady
246,e07-072-00-03 influx
246,e07-072-00-04 of
246,e07-072-01-00 since
246,e07-072-01-01 the
246,e07-072-01-02 end
246,e07-072-01-03 of
246,e07-072-01-04 the
246,e07-072-01-05 war
246,e07-072-01-07 clay
246,e07-072-01-08 pots
246,e07-072-01-09 are
246,e07-072-02-00 still
246,e07-072-02-01 in
246,e07-072-02-03 demand
246,e07-072-02-05 It
246,e07-072-02-06 is
246,e07-072-02-07 mostly
246,e07-072-03-00 in
246,e07-072-03-01 the
246,e07-072-03-02 smaller
246,e07-072-03-03 sizes
246,e07-072-03-04 that
246,e07-072-03-05 the
246,e07-072-04-00 have
246,e07-072-04-01 made
246,e07-072-04-02 headway
246,e07-072-04-04 and
246,e07-072-05-01 small
246,e07-072-05-02 clay
246,e07-072-05-03 pots
246,e07-072-05-04 are
246,e07-072-05-05 used
246,e07-072-05-06 each
246,e07-072-06-00 year
246,e07-072-06-02 they
246,e07-072-06-03 are
246,e07-072-06-04 fewer
246,e07-072-06-05 than
246,e07-072-06-06 they
246,e07-072-06-07 were
246,e07-072-07-00 years
246,e07-072-07-01 ago
246,e07-072-07-03 In
246,e07-072-07-04 the
246,e07-072-07-05 larger
246,e07-072-07-06 sizes
246,e07-072-07-07 there
246,e07-072-07-08 is
246,e07-072-07-09 still
246,e07-072-08-00 no
246,e07-072-08-01 real
246,e07-072-08-03 for
246,e07-072-08-04 clay
246,e07-072-08-05 that
246,e07-072-08-06 can
246,e07-072-08-07 be
246,e07-072-09-01 at
246,e07-072-09-04 price
246,e07-072-09-06 except
246,e07-072-09-07 the
246,e07-072-10-01 paper
246,e07-072-10-02 pots
246,e07-072-10-03 which
246,e07-072-10-04 are
246,e07-072-10-05 used
246,e07-072-10-06 on
246,e07-072-11-02 for
246,e07-072-11-03 growing
246,e07-061-00-03 had
246,e07-061-00-04 sent
246,e07-061-00-05 me
246,e07-061-00-06 an
246,e07-061-01-01 of
246,e07-061-01-02 the
246,e07-061-01-03 Chinese
246,e07-061-01-04 mantis
246,e07-061-01-06 The
246,e07-061-02-00 first
246,e07-061-02-01 mantis
246,e07-061-02-02 had
246,e07-061-02-03 hatched
246,e07-061-02-04 from
246,e07-061-02-05 the
246,e07-061-02-06 very
246,e07-061-02-07 large
246,e07-061-03-01 on
246,e07-061-03-02 June
246,e07-061-03-05 Both
246,e07-061-03-06 the
246,e07-061-03-07 Chinese
246,e07-061-04-00 and
246,e07-061-04-01 Spanish
246,e07-061-04-02 mantis
246,e07-061-04-04 in
246,e07-061-04-05 the
246,e07-061-04-06 young
246,e07-061-04-07 stage
246,e07-061-05-00 at
246,e07-061-05-01 any
246,e07-061-05-02 rate
246,e07-061-05-04 are
246,e07-061-05-05 light
246,e07-061-05-06 brown
246,e07-061-05-07 in
246,e07-061-05-08 colour
246,e07-061-06-00 Because
246,e07-061-06-01 of
246,e07-061-06-02 the
246,e07-061-06-03 cool
246,e07-061-06-05 wet
246,e07-061-06-06 weather
246,e07-061-06-09 had
246,e07-061-06-10 great
246,e07-061-07-01 in
246,e07-061-07-03 fruit
246,e07-061-07-04 flies
246,e07-061-07-05 and
246,e07-061-07-07 after
246,e07-061-08-00 many
246,e07-061-08-01 of
246,e07-061-08-02 the
246,e07-061-08-03 mantis
246,e07-061-08-04 of
246,e07-061-08-05 both
246,e07-061-08-06 types
246,e07-061-08-07 had
246,e07-061-08-08 died
246,e07-061-09-00 in
246,e07-061-09-01 my
246,e07-061-09-02 Kilner
246,e07-061-09-03 jars
246,e07-061-09-06 poured
246,e07-061-09-07 living
246,e07-061-09-08 mantis
246,e07-061-10-00 over
246,e07-061-10-01 vines
246,e07-061-10-02 and
246,e07-066-00-03 reader
246,e07-066-00-04 living
246,e07-066-00-05 in
246,e07-066-01-02 Lincs
246,e07-066-01-04 kindly
246,e07-066-01-05 offered
246,e07-066-01-06 to
246,e07-066-02-01 with
246,e07-066-02-02 me
246,e07-066-02-03 in
246,e07-066-02-05 praying
246,e07-066-03-00 mantis
246,e07-066-03-01 as
246,e07-066-03-03 pest
246,e07-066-03-04 control
246,e07-066-03-05 in
246,e07-066-03-06 the
246,e07-066-03-07 cold
246,e07-066-04-02 Of
246,e07-066-04-03 the
246,e07-066-04-04 dozen
246,e07-066-04-05 Spanish
246,e07-066-04-06 mantis
246,e07-066-05-00 sent
246,e07-066-05-01 him
246,e07-066-05-02 by
246,e07-066-05-03 post
246,e07-066-05-04 on
246,e07-066-05-05 June
246,e07-066-05-08 only
246,e07-066-05-09 two
246,e07-066-05-10 or
246,e07-066-06-00 three
246,e07-066-06-02 the
246,e07-066-06-03 journey
246,e07-066-06-05 one
246,e07-066-06-06 thrived
246,e07-066-07-00 and
246,e07-066-07-01 the
246,e07-066-07-02 latest
246,e07-066-07-03 report
246,e07-066-07-05 have
246,e07-066-07-06 is
246,e07-066-07-07 that
246,e07-066-08-00 this
246,e07-066-08-01 mantis
246,e07-066-08-02 is
246,e07-066-08-03 still
246,e07-066-08-04 alive
