066,a06-000-00-00 MR
066,a06-000-00-01 SELWYN
066,a06-000-00-02 LLOYD
066,a06-000-00-03 may
066,a06-000-00-04 speed
066,a06-000-00-05 up
066,a06-000-00-06 his
066,a06-000-00-07 plans
066,a06-000-01-00 to
066,a06-000-01-01 catch
066,a06-000-01-03 in
066,a06-000-01-04 shares
066,a06-000-01-05 and
066,a06-000-02-00 The
066,a06-000-02-01 first
066,a06-000-02-02 hint
066,a06-000-02-03 of
066,a06-000-02-04 the
066,a06-000-02-06 bowing
066,a06-000-02-07 to
066,a06-000-03-00 public
066,a06-000-03-01 opinion
066,a06-000-03-02 over
066,a06-000-03-03 his
066,a06-000-03-05 July
066,a06-000-03-06 Budget
066,a06-000-03-08 came
066,a06-000-04-01 in
066,a06-000-04-02 the
066,a06-000-04-03 Commons
066,a06-000-04-06 Mr
066,a06-000-05-00 Lloyd
066,a06-000-05-01 said
066,a06-000-05-02 on
066,a06-000-05-04 Tuesday
066,a06-000-05-05 that
066,a06-000-05-06 he
066,a06-000-06-00 to
066,a06-000-06-01 deal
066,a06-000-06-02 in
066,a06-000-06-03 his
066,a06-000-06-04 next
066,a06-000-06-05 regular
066,a06-000-06-06 Budget
066,a06-000-06-07 with
066,a06-000-07-00 some
066,a06-000-07-01 profits
066,a06-000-07-02 which
066,a06-000-07-03 now
066,a06-000-07-04 escape
066,a06-000-07-05 tax
066,a06-004-00-00 Sir
066,a06-004-00-01 Edward
066,a06-004-00-02 Boyle
066,a06-004-01-00 to
066,a06-004-01-01 the
066,a06-004-01-04 said
066,a06-004-01-06 that
066,a06-004-01-07 the
066,a06-004-02-01 does
066,a06-004-02-02 not
066,a06-004-02-03 like
066,a06-004-03-00 He
066,a06-004-03-01 went
066,a06-004-03-02 on
066,a06-004-03-03 to
066,a06-004-03-05 the
066,a06-004-03-06 kind
066,a06-004-03-07 of
066,a06-004-04-00 people
066,a06-004-04-01 the
066,a06-004-04-03 hopes
066,a06-004-04-04 to
066,a06-004-04-05 tax
066,a06-004-04-07 These
066,a06-004-05-00 are
066,a06-004-05-01 people
066,a06-004-05-02 buying
066,a06-004-05-03 and
066,a06-004-05-04 selling
066,a06-004-05-05 shares
066,a06-004-05-06 within
066,a06-004-06-01 short
066,a06-004-06-02 period
066,a06-004-06-04 those
066,a06-004-06-08 on
066,a06-004-06-10 new
066,a06-004-06-11 issue
066,a06-004-07-00 and
066,a06-004-07-02 dealers
066,a06-004-07-03 who
066,a06-004-07-04 form
066,a06-004-07-06 chain
066,a06-004-07-07 of
066,a06-004-08-01 and
066,a06-004-08-02 put
066,a06-004-08-03 one
066,a06-004-08-05 deal
066,a06-004-08-06 through
066,a06-004-09-00 each
