571,n03-038-00-00 He
571,n03-038-00-01 had
571,n03-038-00-02 almost
571,n03-038-00-04 settled
571,n03-038-00-05 back
571,n03-038-00-06 into
571,n03-038-00-07 his
571,n03-038-00-08 old
571,n03-038-01-00 ways
571,n03-038-01-02 even
571,n03-038-01-03 to
571,n03-038-01-04 reading
571,n03-038-01-05 law
571,n03-038-01-06 about
571,n03-038-01-07 two
571,n03-038-01-08 hours
571,n03-038-01-09 each
571,n03-038-02-00 day
571,n03-038-02-02 Though
571,n03-038-02-03 he
571,n03-038-02-04 did
571,n03-038-02-05 not
571,n03-038-02-06 refuse
571,n03-038-02-07 wine
571,n03-038-02-09 which
571,n03-038-02-10 the
571,n03-038-03-00 judge
571,n03-038-03-01 always
571,n03-038-03-02 had
571,n03-038-03-03 on
571,n03-038-03-04 the
571,n03-038-03-05 table
571,n03-038-03-06 at
571,n03-038-03-07 dinner
571,n03-038-03-09 he
571,n03-038-04-00 did
571,n03-038-04-01 not
571,n03-038-04-02 act
571,n03-038-04-03 as
571,n03-038-04-04 though
571,n03-038-04-05 he
571,n03-038-04-06 found
571,n03-038-04-07 it
571,n03-038-05-00 except
571,n03-038-05-01 in
571,n03-038-05-04 with
571,n03-038-05-05 his
571,n03-038-06-00 habit
