087,b01-004-00-00 There
087,b01-004-00-01 is
087,b01-004-00-04 that
087,b01-004-00-05 it
087,b01-004-00-06 will
087,b01-004-00-07 not
087,b01-004-00-08 be
087,b01-004-01-00 settled
087,b01-004-01-01 at
087,b01-004-01-02 this
087,b01-004-01-05 It
087,b01-004-01-06 may
087,b01-004-01-07 be
087,b01-004-01-08 agreed
087,b01-004-01-09 to
087,b01-004-02-00 wait
087,b01-004-02-01 until
087,b01-004-02-02 South
087,b01-004-02-03 Africa
087,b01-004-02-05 becomes
087,b01-004-03-01 later
087,b01-004-03-02 in
087,b01-004-03-03 the
087,b01-004-03-04 year
087,b01-004-03-06 But
087,b01-004-03-07 if
087,b01-004-03-09 final
087,b01-004-04-01 is
087,b01-004-04-02 to
087,b01-004-04-03 be
087,b01-004-04-04 faced
087,b01-004-04-05 now
087,b01-004-04-07 on
087,b01-004-04-08 which
087,b01-004-04-09 side
087,b01-004-05-00 do
087,b01-004-05-01 the
087,b01-004-05-04 lie
087,b01-004-05-06 THE
087,b01-004-06-00 of
087,b01-004-06-02 has
087,b01-004-06-03 shown
087,b01-004-06-04 that
087,b01-004-06-05 the
087,b01-004-06-06 matter
087,b01-004-06-07 is
087,b01-004-07-00 not
087,b01-009-00-00 The
087,b01-009-00-02 has
087,b01-009-00-03 long
087,b01-009-00-04 been
087,b01-009-01-00 fighter
087,b01-009-01-01 against
087,b01-009-01-04 He
087,b01-009-01-05 must
087,b01-009-01-06 be
087,b01-009-01-07 heard
087,b01-009-02-00 with
087,b01-009-02-03 On
087,b01-009-02-04 purely
087,b01-009-02-06 grounds
087,b01-009-02-07 he
087,b01-009-03-00 holds
087,b01-009-03-01 that
087,b01-009-03-02 it
087,b01-009-03-03 would
087,b01-009-03-04 be
087,b01-009-03-06 mistake
087,b01-009-03-07 to
087,b01-009-03-08 expel
087,b01-009-04-00 South
087,b01-009-04-01 Africa
087,b01-009-04-04 the
087,b01-009-04-05 whites
087,b01-009-04-06 who
087,b01-009-04-07 are
087,b01-009-05-00 working
087,b01-009-05-01 for
087,b01-009-05-03 change
087,b01-009-05-04 of
087,b01-009-05-05 policy
087,b01-009-05-07 In
087,b01-009-05-08 his
087,b01-009-05-09 view
087,b01-009-06-00 it
087,b01-009-06-01 would
087,b01-009-06-02 also
087,b01-009-06-03 be
087,b01-009-06-04 against
087,b01-009-06-05 the
087,b01-009-06-07 of
087,b01-009-06-08 the
087,b01-000-00-00 Prime
087,b01-000-00-02 after
087,b01-000-00-03 Prime
087,b01-000-00-05 speaks
087,b01-000-00-06 out
087,b01-000-01-00 in
087,b01-000-01-02 against
087,b01-000-01-03 the
087,b01-000-01-04 South
087,b01-000-01-05 African
087,b01-000-02-01 policy
087,b01-000-02-02 of
087,b01-000-02-04 as
087,b01-000-02-05 we
087,b01-000-02-06 wait
087,b01-000-03-00 for
087,b01-000-03-01 the
087,b01-000-03-02 curtain
087,b01-000-03-03 to
087,b01-000-03-04 rise
087,b01-000-03-05 on
087,b01-000-03-06 the
087,b01-000-04-01 in
087,b01-000-04-02 London
087,b01-000-04-04 Will
087,b01-000-04-05 it
087,b01-000-04-06 end
087,b01-000-04-07 with
087,b01-000-05-00 South
087,b01-000-05-03 from
087,b01-000-05-04 the
087,b01-000-06-02 The
087,b01-000-06-03 issue
087,b01-000-06-04 is
087,b01-000-06-05 touch
087,b01-000-06-06 and
087,b01-000-06-07 go
