528,m02-080-01-00 That
528,m02-080-01-02 how
528,m02-080-01-03 he
528,m02-080-01-04 got
528,m02-080-01-05 the
528,m02-080-01-06 votes
528,m02-080-01-08 that
528,m02-080-01-10 how
528,m02-080-02-00 we
528,m02-080-02-01 came
528,m02-080-02-02 through
528,m02-080-02-03 to
528,m02-080-02-05 status
528,m02-080-02-06 and
528,m02-080-03-00 got
528,m02-080-03-01 all
528,m02-080-03-02 these
528,m02-080-03-03 lovely
528,m02-080-03-04 things
528,m02-080-03-07 she
528,m02-080-03-08 waved
528,m02-080-04-00 plump
528,m02-080-04-01 hand
528,m02-080-04-02 towards
528,m02-080-04-03 her
528,m02-080-04-04 grand
528,m02-080-04-05 pianos
528,m02-080-04-07 etc
528,m02-080-05-00 at
528,m02-080-05-01 the
528,m02-080-05-02 same
528,m02-080-05-03 time
528,m02-080-05-05 door
528,m02-080-05-06 banged
528,m02-080-05-09 but
528,m02-080-06-00 say
528,m02-080-06-02 word
528,m02-080-06-03 about
528,m02-080-06-04 it
528,m02-080-06-06 Lester
528,m02-080-06-07 wants
528,m02-080-06-08 his
528,m02-080-07-01 to
528,m02-080-07-02 be
528,m02-080-07-04 now
528,m02-080-07-06 The
528,m02-080-07-07 time
528,m02-080-08-00 has
528,m02-080-08-01 come
528,m02-080-08-02 for
528,m02-080-08-03 him
528,m02-080-08-04 to
528,m02-080-08-05 be
528,m02-080-08-06 taken
528,m02-080-09-00 as
