641,r02-038-00-01 It
641,r02-038-00-03 not
641,r02-038-00-04 mine
641,r02-038-00-08 sitting
641,r02-038-00-09 there
641,r02-038-00-12 She
641,r02-038-00-13 blinked
641,r02-038-01-01 at
641,r02-038-01-02 him
641,r02-038-01-03 and
641,r02-038-01-04 stepped
641,r02-038-01-05 out
641,r02-038-02-00 It
641,r02-038-02-01 was
641,r02-038-02-03 new
641,r02-038-02-06 and
641,r02-038-02-07 as
641,r02-038-02-08 the
641,r02-038-02-09 train
641,r02-038-02-10 jogged
641,r02-038-02-11 along
641,r02-038-03-00 the
641,r02-038-03-01 shiny
641,r02-038-03-02 clasp
641,r02-038-03-05 at
641,r02-038-03-06 Cecil
641,r02-038-04-00 He
641,r02-038-04-02 what
641,r02-038-04-03 it
641,r02-038-04-07 the
641,r02-038-04-08 remains
641,r02-038-05-00 of
641,r02-038-05-02 lunch
641,r02-038-05-03 or
641,r02-038-05-05 few
641,r02-038-05-06 secret
641,r02-038-05-07 files
641,r02-038-06-00 He
641,r02-038-06-01 smiled
641,r02-038-06-02 at
641,r02-038-06-03 his
641,r02-038-06-04 own
641,r02-038-06-05 joke
