144,c02-049-00-01 enough
144,c02-049-00-03 the
144,c02-049-00-04 Berlin
144,c02-049-01-00 the
144,c02-049-01-01 film
144,c02-049-01-02 with
144,c02-049-01-03 extreme
144,c02-049-01-06 much
144,c02-049-02-04 Une
144,c02-049-02-05 Femme
144,c02-049-03-00 est
144,c02-049-03-01 une
144,c02-049-03-02 Femme
144,c02-049-03-07 minute
144,c02-049-03-08 hymn
144,c02-049-04-00 to
144,c02-049-04-02 Vogue
144,c02-049-04-06 Cahiers
144,c02-049-04-07 du
144,c02-049-04-08 Cinema
144,c02-049-04-11 and
144,c02-049-04-12 the
144,c02-049-05-00 worst
144,c02-049-05-01 aspects
144,c02-049-05-02 of
144,c02-049-05-03 the
144,c02-049-05-05 cinema
144,c02-049-05-07 From
144,c02-049-06-02 funny
144,c02-049-06-03 start
144,c02-049-06-05 the
144,c02-049-06-06 work
144,c02-049-06-07 fizzles
144,c02-049-07-00 out
144,c02-049-07-01 into
144,c02-049-07-03 series
144,c02-049-07-04 of
144,c02-049-08-00 and
144,c02-049-08-02 jokes
144,c02-049-08-04 to
144,c02-049-08-05 the
144,c02-049-09-03 four
144,c02-049-09-04 plugs
144,c02-049-09-05 for
144,c02-049-09-06 Charles
