586,n04-171-00-00 Ever
586,n04-171-00-01 been
586,n04-171-00-02 out
586,n04-171-00-03 in
586,n04-171-00-09 give
586,n04-171-01-00 you
586,n04-171-01-02 spin
586,n04-171-01-03 round
586,n04-171-01-04 one
586,n04-171-01-05 of
586,n04-171-01-06 these
586,n04-171-01-07 days
586,n04-171-01-09 if
586,n04-171-01-10 you
586,n04-171-02-00 like
586,n04-171-02-02 You
586,n04-171-02-03 could
586,n04-171-02-04 write
586,n04-171-02-05 it
586,n04-171-02-06 up
586,n04-171-02-09 Bawley
586,n04-171-02-10 made
586,n04-171-02-12 face
586,n04-171-03-01 Not
586,n04-171-03-02 in
586,n04-171-03-05 old
586,n04-171-03-06 man
586,n04-171-03-10 Why
586,n04-171-03-11 not
586,n04-171-04-01 Better
586,n04-171-04-02 ask
586,n04-171-04-03 Robbie
586,n04-171-04-04 Munyard
586,n04-171-04-08 What
586,n04-171-04-10 he
586,n04-171-04-11 been
586,n04-171-05-00 saying
586,n04-171-05-03 John
586,n04-171-05-04 was
586,n04-171-05-05 furious
586,n04-171-05-07 The
586,n04-171-05-08 little
586,n04-171-05-09 squirt
586,n04-171-06-00 To
586,n04-171-06-01 go
586,n04-171-06-02 gassing
586,n04-171-06-03 to
586,n04-171-06-06 man
586,n04-183-00-01 Look
586,n04-183-00-04 he
586,n04-183-00-05 went
586,n04-183-00-06 on
586,n04-183-00-10 You
586,n04-183-00-12 not
586,n04-183-00-13 going
586,n04-183-01-00 to
586,n04-183-01-01 write
586,n04-183-01-02 up
586,n04-183-01-04 in
586,n04-183-01-05 some
586,n04-183-01-06 way
586,n04-183-01-07 or
586,n04-183-01-08 other
586,n04-183-01-10 are
586,n04-183-02-00 you
586,n04-183-02-04 What
586,n04-183-02-05 is
586,n04-183-02-06 there
586,n04-183-02-07 to
586,n04-183-02-08 write
586,n04-183-02-09 up
586,n04-183-02-12 said
586,n04-183-03-00 Bawley
586,n04-183-03-03 There
586,n04-183-03-04 are
586,n04-183-03-07 in
586,n04-183-04-00 the
586,n04-183-04-01 Navy
586,n04-183-04-03 why
586,n04-183-04-04 should
586,n04-183-04-06 pick
586,n04-183-04-07 on
586,n04-183-05-00 John
586,n04-183-05-01 eyed
586,n04-183-05-02 him
586,n04-183-05-06 It
586,n04-183-05-08 the
586,n04-183-06-03 it
586,n04-183-06-06 he
586,n04-183-06-07 said
586,n04-183-06-08 quietly
586,n04-190-00-03 want
586,n04-190-00-04 it
586,n04-190-00-05 to
586,n04-190-00-06 happen
586,n04-190-00-07 again
586,n04-190-00-10 said
586,n04-190-00-11 Bawley
586,n04-190-01-01 more
586,n04-190-01-02 so
586,n04-190-01-03 than
586,n04-190-01-04 ever
586,n04-190-01-05 since
586,n04-190-01-07 met
586,n04-190-01-08 you
586,n04-190-02-01 What
586,n04-190-02-02 did
586,n04-190-02-03 Munyard
586,n04-190-02-04 say
586,n04-190-02-08 The
586,n04-190-02-09 Snort
586,n04-190-02-11 hull
586,n04-190-03-00 fitting
586,n04-190-03-07 was
586,n04-190-03-08 to
586,n04-190-03-09 tell
586,n04-190-03-10 you
586,n04-190-03-11 that
586,n04-190-04-00 we
586,n04-190-04-02 had
586,n04-190-04-04 entire
586,n04-190-04-05 Snort
586,n04-190-04-07 removed
586,n04-190-05-00 and
586,n04-190-05-02 and
586,n04-190-05-03 that
586,n04-190-05-04 it
586,n04-190-05-05 was
586,n04-190-05-06 as
586,n04-190-05-07 sound
586,n04-190-05-08 as
586,n04-190-05-10 bell
586,n04-190-06-00 said
586,n04-190-06-01 John
586,n04-195-00-01 Munyard
586,n04-195-00-03 tell
586,n04-195-00-04 me
586,n04-195-00-05 that
586,n04-195-00-07 But
586,n04-195-00-09 must
586,n04-195-00-10 confess
586,n04-195-01-04 But
586,n04-195-01-05 it
586,n04-195-01-06 still
586,n04-195-01-08 do
586,n04-195-01-09 away
586,n04-195-02-00 with
586,n04-195-02-01 the
586,n04-195-02-03 of
586,n04-195-02-04 faulty
586,n04-195-02-05 design
586,n04-195-02-08 He
586,n04-195-02-09 held
586,n04-195-03-00 out
586,n04-195-03-01 his
586,n04-195-03-02 hand
586,n04-195-03-05 Maybe
586,n04-195-03-07 will
586,n04-195-03-08 take
586,n04-195-03-10 trip
586,n04-195-03-11 with
586,n04-195-03-12 you
586,n04-195-04-00 one
586,n04-195-04-01 of
586,n04-195-04-02 these
586,n04-195-04-03 days
586,n04-195-04-06 he
586,n04-195-04-07 said
586,n04-195-04-10 In
586,n04-195-04-11 the
586,n04-195-05-02 tell
586,n04-195-05-03 my
586,n04-195-05-04 editor
586,n04-195-05-05 that
586,n04-195-05-06 the
586,n04-195-05-07 story
586,n04-195-05-10 dead
586,n04-195-05-11 bird
