649,r02-089-00-01 HELLO
649,r02-089-00-03 CECIL
649,r02-089-00-05 HAD
649,r02-089-00-07 busy
649,r02-089-00-08 day
649,r02-089-00-11 His
649,r02-089-00-12 mother
649,r02-089-00-13 came
649,r02-089-00-14 into
649,r02-089-01-00 the
649,r02-089-01-01 hall
649,r02-089-01-02 as
649,r02-089-01-03 he
649,r02-089-01-04 opened
649,r02-089-01-05 the
649,r02-089-01-06 front
649,r02-089-01-07 door
649,r02-089-01-09 He
649,r02-089-01-10 nodded
649,r02-089-02-00 and
649,r02-089-02-02 turning
649,r02-089-02-03 his
649,r02-089-02-04 back
649,r02-089-02-05 to
649,r02-089-02-06 her
649,r02-089-02-09 to
649,r02-089-02-10 slide
649,r02-089-02-11 the
649,r02-089-03-00 case
649,r02-089-03-01 into
649,r02-089-03-02 hiding
649,r02-089-03-03 between
649,r02-089-03-04 the
649,r02-089-04-00 and
649,r02-089-04-01 the
649,r02-089-04-03 brass
649,r02-089-05-00 which
649,r02-089-05-01 served
649,r02-089-05-03 as
649,r02-089-05-04 coat
649,r02-089-05-06 and
649,r02-089-06-00 brella
649,r02-089-06-01 stand
649,r02-089-06-04 You
649,r02-089-06-06 later
649,r02-089-06-07 than
649,r02-089-06-08 usual
649,r02-089-06-11 you
649,r02-089-07-00 His
649,r02-089-07-01 mother
649,r02-089-07-02 tidied
649,r02-089-07-03 her
649,r02-089-07-04 grey
649,r02-089-07-05 hair
649,r02-089-07-06 in
649,r02-089-07-07 the
649,r02-089-08-00 they
649,r02-089-08-01 had
649,r02-089-08-02 once
649,r02-089-08-04 as
649,r02-089-08-06 free
649,r02-089-08-07 gift
649,r02-089-08-08 in
649,r02-089-09-00 for
649,r02-089-09-01 the
649,r02-089-09-02 labels
649,r02-089-09-03 from
649,r02-089-09-04 half
649,r02-089-09-07 of
649,r02-089-10-00 Trunk
649,r02-089-10-01 and
649,r02-089-10-02 Greppes
649,r02-089-10-04 Tea
