602,p02-109-02-01 And
602,p02-109-02-02 that
602,p02-109-02-04 the
602,p02-109-02-05 man
602,p02-109-02-06 whom
602,p02-109-02-07 you
602,p02-109-02-08 have
602,p02-109-02-09 been
602,p02-109-02-10 eating
602,p02-109-02-11 your
602,p02-109-03-00 heart
602,p02-109-03-01 out
602,p02-109-03-02 over
602,p02-109-03-05 Doc
602,p02-109-03-06 nodded
602,p02-109-03-07 towards
602,p02-109-03-08 the
602,p02-109-03-09 door
602,p02-109-03-12 You
602,p02-109-04-00 may
602,p02-109-04-02 him
602,p02-109-04-04 man
602,p02-109-04-07 would
602,p02-109-04-08 say
602,p02-109-04-09 he
602,p02-109-04-10 was
602,p02-109-05-02 cad
602,p02-109-05-06 Oh
602,p02-109-05-08 Doc
602,p02-109-05-11 Gay
602,p02-109-06-00 weakly
602,p02-109-06-03 you
602,p02-109-06-05 know
602,p02-109-06-06 Gavin
602,p02-109-06-12 only
602,p02-109-06-13 met
602,p02-109-06-14 him
602,p02-109-07-00 today
602,p02-109-07-01 but
602,p02-109-07-03 think
602,p02-109-07-05 can
602,p02-109-07-06 safely
602,p02-109-07-07 say
602,p02-109-07-08 that
602,p02-109-07-10 know
602,p02-109-08-00 him
602,p02-109-08-02 great
602,p02-109-08-03 deal
602,p02-109-08-04 better
602,p02-109-08-05 than
602,p02-109-08-06 you
602,p02-109-08-07 do
