536,m03-006-00-03 up
536,m03-006-00-06 said
536,m03-006-00-07 Lord
536,m03-006-01-01 casual
536,m03-006-01-04 The
536,m03-006-01-06 are
536,m03-006-01-07 all
536,m03-006-01-08 on
536,m03-006-02-00 edge
536,m03-006-02-02 did
536,m03-006-02-03 you
536,m03-006-02-04 notice
536,m03-006-02-06 And
536,m03-006-02-07 the
536,m03-006-02-08 mules
536,m03-006-03-01 seem
536,m03-006-03-02 to
536,m03-006-03-03 want
536,m03-006-03-04 to
536,m03-006-03-05 get
536,m03-006-03-06 off
536,m03-006-03-07 the
536,m03-006-03-08 raft
536,m03-006-04-00 He
536,m03-006-04-01 peered
536,m03-006-04-02 as
536,m03-006-04-03 it
536,m03-006-04-04 were
536,m03-006-04-05 into
536,m03-006-04-06 the
536,m03-006-04-07 dark
536,m03-006-04-08 secrets
536,m03-006-05-00 of
536,m03-006-05-01 the
536,m03-006-05-02 jungle
536,m03-006-05-05 Think
536,m03-006-05-06 there
536,m03-006-05-08 Indians
536,m03-006-06-00 about
536,m03-006-06-03 It
536,m03-006-06-04 was
536,m03-006-06-05 most
536,m03-006-06-07 an
536,m03-006-06-08 eerie
536,m03-006-07-00 night
536,m03-006-07-04 and
536,m03-006-07-05 strange
536,m03-006-08-00 for
536,m03-006-08-01 in
536,m03-006-08-02 the
536,m03-006-08-04 of
536,m03-006-08-05 the
536,m03-006-09-00 whose
536,m03-006-09-03 could
536,m03-006-09-04 almost
536,m03-006-09-05 smell
