535,m02-112-00-00 So
535,m02-112-00-01 once
535,m02-112-00-02 again
535,m02-112-00-03 the
535,m02-112-00-05 were
535,m02-112-01-00 and
535,m02-112-01-01 in
535,m02-112-01-04 to
535,m02-112-01-05 the
535,m02-112-01-07 display
535,m02-112-02-00 Mos
535,m02-112-02-01 have
535,m02-112-02-02 an
535,m02-112-02-04 love
535,m02-112-02-05 of
535,m02-112-02-06 parades
535,m02-112-02-08 and
535,m02-112-03-00 these
535,m02-112-03-01 young
535,m02-112-03-02 ones
535,m02-112-03-04 on
535,m02-112-03-05 parade
535,m02-112-03-06 for
535,m02-112-03-07 jobs
535,m02-112-03-08 which
535,m02-112-03-09 they
535,m02-112-04-00 had
535,m02-112-04-01 to
535,m02-112-04-02 get
535,m02-112-04-03 to
535,m02-112-04-04 pay
535,m02-112-04-05 off
535,m02-112-04-06 their
535,m02-112-04-07 college
535,m02-112-04-08 bills
535,m02-112-04-10 were
535,m02-112-05-00 putting
535,m02-112-05-01 their
535,m02-112-05-02 best
535,m02-112-05-03 foot
535,m02-112-05-04 forward
