309,g03-004-00-00 When
309,g03-004-00-02 the
309,g03-004-00-03 ovens
309,g03-004-00-04 were
309,g03-004-00-05 fixed
309,g03-004-00-06 at
309,g03-004-00-07 the
309,g03-004-00-08 new
309,g03-004-00-09 shop
309,g03-004-00-11 the
309,g03-004-01-00 dously
309,g03-004-01-01 hard
309,g03-004-01-02 work
309,g03-004-01-03 was
309,g03-004-01-04 if
309,g03-004-01-08 George
309,g03-004-01-09 used
309,g03-004-01-10 to
309,g03-004-02-00 mix
309,g03-004-02-02 stone
309,g03-004-02-03 of
309,g03-004-02-04 bread
309,g03-004-02-05 in
309,g03-004-02-07 hours
309,g03-004-02-09 and
309,g03-004-02-10 Kate
309,g03-004-02-11 served
309,g03-004-02-12 in
309,g03-004-02-13 the
309,g03-004-03-00 shop
309,g03-004-03-02 which
309,g03-004-03-03 was
309,g03-004-03-04 open
309,g03-004-03-05 from
309,g03-004-03-08 in
309,g03-004-03-09 the
309,g03-004-03-10 morning
309,g03-004-03-11 to
309,g03-004-04-02 at
309,g03-004-04-03 night
309,g03-004-04-05 At
309,g03-004-04-06 that
309,g03-004-04-07 time
309,g03-004-04-09 and
309,g03-004-04-10 buns
309,g03-004-05-00 were
309,g03-004-05-01 sold
309,g03-004-05-02 at
309,g03-004-05-04 pieces
309,g03-004-05-05 for
309,g03-004-05-06 one
