218,e02-000-00-01 great
218,e02-000-00-02 deal
218,e02-000-00-03 of
218,e02-000-00-04 modern
218,e02-000-00-06 has
218,e02-000-00-07 tapered
218,e02-000-01-00 legs
218,e02-000-01-02 and
218,e02-000-01-03 in
218,e02-000-01-05 period
218,e02-000-01-06 pieces
218,e02-000-01-07 they
218,e02-000-02-00 are
218,e02-000-02-02 used
218,e02-000-02-04 The
218,e02-000-02-05 simpler
218,e02-000-02-07 are
218,e02-000-03-01 easy
218,e02-000-03-02 to
218,e02-000-03-03 work
218,e02-000-03-05 the
218,e02-000-03-06 four
218,e02-000-03-07 sides
218,e02-000-03-08 being
218,e02-000-04-00 simply
218,e02-000-04-01 planed
218,e02-000-04-02 to
218,e02-000-04-03 give
218,e02-000-04-04 the
218,e02-000-04-06 taper
218,e02-000-04-08 In
218,e02-000-05-00 the
218,e02-000-05-01 more
218,e02-000-05-05 however
218,e02-000-05-08 toe
218,e02-000-05-09 is
218,e02-000-06-00 worked
218,e02-000-06-01 in
218,e02-000-06-02 the
218,e02-000-06-03 solid
218,e02-000-06-05 and
218,e02-000-06-06 this
218,e02-000-07-01 the
