624,p03-121-00-02 going
624,p03-121-00-03 with
624,p03-121-00-06 party
624,p03-121-00-08 What
624,p03-121-00-09 else
624,p03-121-00-10 can
624,p03-121-00-12 do
624,p03-121-01-00 at
624,p03-121-01-01 this
624,p03-121-01-02 time
624,p03-121-01-03 of
624,p03-121-01-04 year
624,p03-121-01-08 ask
624,p03-121-01-09 you
624,p03-121-01-10 up
624,p03-121-01-11 because
624,p03-121-01-12 it
624,p03-121-02-02 stag
624,p03-121-02-03 affair
624,p03-121-02-08 know
624,p03-121-02-12 expect
624,p03-121-02-16 Well
624,p03-121-03-01 keep
624,p03-121-03-02 hinting
624,p03-121-03-04 then
624,p03-121-03-06 You
624,p03-121-03-07 wish
624,p03-121-03-08 you
624,p03-121-03-09 could
624,p03-121-04-00 come
624,p03-121-04-01 with
624,p03-121-04-02 me
624,p03-121-04-04 you
624,p03-121-04-05 hope
624,p03-121-04-08 miss
624,p03-121-04-09 you
624,p03-121-04-11 you
624,p03-121-05-01 imagine
624,p03-121-05-02 the
624,p03-121-05-04 without
624,p03-121-05-05 me
624,p03-121-05-06 for
624,p03-121-06-00 three
624,p03-121-06-01 weeks
