231,e04-011-00-00 See
231,e04-011-00-04 These
231,e04-011-00-05 are
231,e04-011-00-06 then
231,e04-011-00-07 glued
231,e04-011-00-08 and
231,e04-011-01-00 pinned
231,e04-011-01-01 into
231,e04-011-01-02 place
231,e04-011-01-05 similar
231,e04-011-01-06 piece
231,e04-011-01-07 of
231,e04-011-02-00 by
231,e04-011-02-04 by
231,e04-011-02-07 timber
231,e04-011-02-08 is
231,e04-011-02-09 fixed
231,e04-011-02-10 across
231,e04-011-03-00 the
231,e04-011-03-01 end
231,e04-011-03-02 of
231,e04-011-03-03 the
231,e04-011-03-04 feeding
231,e04-011-03-05 tray
231,e04-011-03-06 as
231,e04-011-03-07 seen
231,e04-011-03-08 in
231,e04-011-04-02 which
231,e04-011-04-03 also
231,e04-011-04-04 shows
231,e04-011-04-05 how
231,e04-011-04-07 piece
231,e04-011-04-08 of
231,e04-011-05-01 is
231,e04-011-05-02 covered
231,e04-011-05-03 with
231,e04-011-05-04 plastic
231,e04-011-06-00 for
231,e04-011-06-01 easy
231,e04-011-06-03 and
231,e04-011-06-04 then
231,e04-011-06-05 fixed
231,e04-011-07-00 the
231,e04-011-07-01 frame
231,e04-011-07-02 with
231,e04-011-07-03 panel
231,e04-011-07-04 pins
231,e04-011-07-05 to
231,e04-011-08-00 the
231,e04-011-08-01 feeding
231,e04-011-08-02 tray
231,e04-015-00-00 Cut
231,e04-015-00-01 this
231,e04-015-00-02 piece
231,e04-015-00-03 of
231,e04-015-00-05 so
231,e04-015-00-06 that
231,e04-015-00-07 it
231,e04-015-01-00 fits
231,e04-015-01-01 up
231,e04-015-01-02 against
231,e04-015-01-03 the
231,e04-015-01-04 front
231,e04-015-01-05 legs
231,e04-015-01-06 of
231,e04-015-01-07 the
231,e04-015-02-00 chair
231,e04-015-02-02 The
231,e04-015-02-03 seat
231,e04-015-02-04 rests
231,e04-015-02-05 across
231,e04-015-02-06 the
231,e04-015-02-07 upper
231,e04-015-02-08 two
231,e04-015-03-00 cross
231,e04-015-03-01 pieces
231,e04-015-03-02 and
231,e04-015-03-03 is
231,e04-015-03-04 made
231,e04-015-03-05 of
231,e04-015-03-08 plywood
231,e04-015-04-00 glued
231,e04-015-04-01 and
231,e04-015-04-02 panel
231,e04-015-04-03 pinned
231,e04-015-04-04 in
231,e04-015-05-00 being
231,e04-015-05-01 taken
231,e04-015-05-03 from
231,e04-015-05-04 the
231,e04-015-05-05 work
231,e04-015-06-00 shows
231,e04-015-06-01 the
231,e04-015-06-03 for
231,e04-015-06-04 the
231,e04-015-06-05 back
231,e04-015-06-06 which
231,e04-015-07-00 is
231,e04-015-07-01 made
231,e04-015-07-02 from
231,e04-015-07-06 by
231,e04-015-07-09 timber
