667,r03-096-00-00 Yes
667,r03-096-00-04 afraid
667,r03-096-00-05 we
667,r03-096-00-07 raise
667,r03-096-00-08 this
667,r03-096-00-09 loan
667,r03-096-00-10 to
667,r03-096-00-11 more
667,r03-096-01-00 than
667,r03-096-01-01 three
667,r03-096-01-03 three
667,r03-096-01-04 fifty
667,r03-096-01-05 at
667,r03-096-01-06 the
667,r03-096-01-07 most
667,r03-096-01-09 Now
667,r03-096-01-10 you
667,r03-096-02-00 could
667,r03-096-02-01 get
667,r03-096-02-02 quite
667,r03-096-02-04 nice
667,r03-096-02-05 little
667,r03-096-02-07 house
667,r03-096-02-08 in
667,r03-096-03-01 for
667,r03-096-03-02 three
667,r03-096-03-05 that
667,r03-096-03-07 where
667,r03-096-03-09 live
667,r03-096-03-11 just
667,r03-096-04-00 before
667,r03-096-04-01 the
667,r03-096-04-02 green
667,r03-096-04-03 belt
667,r03-096-04-05 lovely
667,r03-096-04-06 and
667,r03-096-04-07 modern
667,r03-096-04-09 you
667,r03-096-04-10 know
667,r03-096-05-01 forgot
667,r03-096-05-02 to
667,r03-096-05-03 tell
667,r03-096-05-04 you
667,r03-096-05-06 we
667,r03-096-05-08 usually
667,r03-096-05-09 lend
667,r03-096-05-10 any
667,r03-096-06-00 house
667,r03-096-06-01 built
667,r03-096-06-02 earlier
667,r03-096-06-03 than
