661,r03-035-00-01 Of
661,r03-035-00-02 course
661,r03-035-00-03 you
661,r03-035-00-04 must
661,r03-035-00-05 count
661,r03-035-00-06 about
661,r03-035-00-07 two
661,r03-035-00-08 hundred
661,r03-035-01-00 for
661,r03-035-01-01 legal
661,r03-035-01-02 charges
661,r03-035-01-03 and
661,r03-035-01-04 stamp
661,r03-035-01-05 duties
661,r03-035-02-00 maybe
661,r03-035-02-01 less
661,r03-035-02-04 on
661,r03-035-02-05 the
661,r03-035-02-06 price
661,r03-035-02-07 of
661,r03-035-02-08 the
661,r03-035-03-00 house
661,r03-035-03-02 and
661,r03-035-03-03 whether
661,r03-035-03-04 it
661,r03-035-03-05 has
661,r03-035-03-06 been
661,r03-035-04-00 tered
661,r03-035-04-03 take
661,r03-035-04-04 it
661,r03-035-04-05 you
661,r03-035-04-06 have
661,r03-035-04-09 lined
661,r03-035-05-00 up
661,r03-035-05-02 then
661,r03-035-05-06 er
661,r03-035-05-08 Buttery
661,r03-035-05-12 Not
661,r03-035-05-13 yet
661,r03-035-06-00 but
661,r03-035-06-01 the
661,r03-035-06-02 bank
661,r03-035-06-03 would
661,r03-035-06-04 give
661,r03-035-06-05 me
661,r03-035-06-07 loan
661,r03-035-07-00 sure
661,r03-035-07-04 Er
661,r03-035-07-06 yes
661,r03-035-07-08 You
661,r03-035-07-09 have
661,r03-035-07-10 some
661,r03-035-08-00 then
