509,m01-079-00-03 for
509,m01-079-00-04 there
509,m01-079-00-05 was
509,m01-079-00-06 no
509,m01-079-00-07 other
509,m01-079-00-08 car
509,m01-079-01-00 abroad
509,m01-079-01-02 and
509,m01-079-01-03 no
509,m01-079-01-05 to
509,m01-079-01-06 cross
509,m01-079-01-07 his
509,m01-079-01-08 path
509,m01-079-01-09 nor
509,m01-079-01-10 to
509,m01-079-01-11 wait
509,m01-079-02-00 at
509,m01-079-02-01 an
509,m01-079-02-03 for
509,m01-079-02-04 the
509,m01-079-02-05 light
509,m01-079-02-06 to
509,m01-079-02-07 change
509,m01-079-02-09 At
509,m01-079-02-10 his
509,m01-079-03-01 he
509,m01-079-03-02 garaged
509,m01-079-03-03 his
509,m01-079-03-04 car
509,m01-079-03-05 and
509,m01-079-03-06 then
509,m01-079-03-07 stood
509,m01-079-04-01 in
509,m01-079-04-02 the
509,m01-079-04-03 night
509,m01-079-04-06 in
509,m01-079-04-07 vain
509,m01-079-04-09 For
509,m01-079-04-10 the
509,m01-079-05-00 earth
509,m01-079-05-01 had
509,m01-079-05-02 lost
509,m01-079-05-03 its
509,m01-079-05-06 as
509,m01-079-05-07 the
509,m01-079-05-08 heart
509,m01-079-06-00 loses
509,m01-079-06-01 its
509,m01-079-06-02 beat
509,m01-079-06-03 in
509,m01-079-06-04 death
