011,a01-038x-00-01 Macleod
011,a01-038x-00-02 thought
011,a01-038x-00-03 the
011,a01-038x-00-04 two
011,a01-038x-00-06 parties
011,a01-038x-01-00 had
011,a01-038x-01-01 refused
011,a01-038x-01-02 to
011,a01-038x-01-03 attend
011,a01-038x-01-04 the
011,a01-038x-01-05 talks
011,a01-038x-01-06 because
011,a01-038x-01-07 Sir
011,a01-038x-01-08 Roy
011,a01-038x-02-00 had
011,a01-038x-02-01 found
011,a01-038x-02-03 sent
011,a01-038x-02-04 from
011,a01-038x-02-05 the
011,a01-038x-02-07 were
011,a01-038x-03-04 African
011,a01-038x-03-06 to
011,a01-038x-03-07 the
011,a01-038x-03-08 talks
011,a01-038x-04-00 called
011,a01-038x-04-01 on
011,a01-038x-04-04 to
011,a01-038x-04-05 cease
011,a01-038x-04-06 his
011,a01-038x-04-08 with
011,a01-038x-05-00 Sir
011,a01-038x-05-05 Julius
011,a01-038x-05-08 He
011,a01-038x-05-09 was
011,a01-038x-06-00 at
011,a01-038x-06-02 last
011,a01-038x-06-05 They
011,a01-038x-06-06 said
011,a01-038x-06-07 they
011,a01-038x-07-00 with
011,a01-038x-07-02 growing
011,a01-038x-07-03 anger
011,a01-038x-07-05 the
011,a01-038x-07-06 gross
011,a01-038x-07-07 and
011,a01-038x-08-01 by
011,a01-038x-08-02 Sir
011,a01-038x-08-04 Federal
011,a01-038x-08-06 in
011,a01-038x-08-07 the
011,a01-038x-08-08 talks
011,a01-043x-00-01 talks
011,a01-043x-00-02 at
011,a01-043x-00-04 House
011,a01-043x-00-05 will
011,a01-043x-00-06 resume
011,a01-043x-01-00 today
011,a01-043x-01-03 KENNEDY
011,a01-043x-01-04 today
011,a01-043x-02-00 the
011,a01-043x-02-02 of
011,a01-043x-02-04 Negro
011,a01-043x-02-05 as
011,a01-043x-02-06 his
011,a01-043x-02-07 Housing
011,a01-043x-03-00 It
011,a01-043x-03-01 has
011,a01-043x-03-02 aroused
011,a01-043x-03-03 strong
011,a01-043x-03-05 from
011,a01-043x-03-06 the
011,a01-043x-04-01 of
011,a01-043x-04-02 the
011,a01-043x-04-03 Deep
011,a01-043x-04-04 South
011,a01-043x-04-06 The
011,a01-043x-04-07 negro
011,a01-043x-04-08 is
011,a01-043x-05-00 Robert
011,a01-043x-05-01 Weaver
011,a01-043x-05-02 of
011,a01-043x-05-03 New
011,a01-043x-05-04 York
011,a01-043x-05-06 One
011,a01-043x-05-07 of
011,a01-043x-05-08 his
011,a01-043x-05-09 tasks
011,a01-043x-06-00 will
011,a01-043x-06-01 be
011,a01-043x-06-02 to
011,a01-043x-06-03 see
011,a01-043x-06-04 there
011,a01-043x-06-05 is
011,a01-043x-06-06 no
011,a01-043x-06-07 racial
011,a01-043x-07-00 in
011,a01-043x-07-02 and
011,a01-043x-07-03 State
011,a01-043x-07-04 housing
