118,b05-067-00-02 drew
118,b05-067-00-04 certain
118,b05-067-00-05 solace
118,b05-067-00-06 from
118,b05-067-00-07 the
118,b05-067-00-08 fact
118,b05-067-00-09 that
118,b05-067-00-11 did
118,b05-067-00-12 what
118,b05-067-01-00 could
118,b05-067-01-01 despite
118,b05-067-01-02 my
118,b05-067-01-03 low
118,b05-067-01-04 rank
118,b05-067-01-08 is
118,b05-067-01-09 on
118,b05-067-01-11 ground
118,b05-067-02-00 when
118,b05-067-02-01 he
118,b05-067-02-02 pleads
118,b05-067-02-03 that
118,b05-067-02-04 he
118,b05-067-02-05 was
118,b05-067-02-06 only
118,b05-067-02-08 small
118,b05-067-02-09 unit
118,b05-067-02-10 on
118,b05-067-02-11 the
118,b05-067-02-12 base
118,b05-067-03-00 of
118,b05-067-03-01 the
118,b05-067-03-03 that
118,b05-067-03-04 led
118,b05-067-03-05 to
118,b05-067-03-06 Hitler
118,b05-067-03-08 Himmler
118,b05-067-03-10 Hess
118,b05-067-03-11 and
118,b05-067-03-12 Goering
118,b05-067-04-00 at
118,b05-067-04-01 the
118,b05-067-04-02 apex
118,b05-067-04-04 In
118,b05-067-04-06 he
118,b05-067-04-08 an
118,b05-067-04-09 expert
118,b05-067-04-10 and
118,b05-067-05-02 of
118,b05-067-05-03 every
118,b05-067-05-04 link
118,b05-067-05-05 in
118,b05-067-05-06 the
118,b05-067-05-07 chain
118,b05-067-05-08 of
118,b05-067-05-09 command
118,b05-067-05-10 that
118,b05-067-06-00 led
118,b05-067-06-01 to
118,b05-067-06-02 the
118,b05-067-06-03 top
118,b05-055-00-00 The
118,b05-055-00-01 village
118,b05-055-00-02 green
118,b05-055-00-03 is
118,b05-055-00-04 the
118,b05-055-00-05 real
118,b05-055-00-06 home
118,b05-055-00-07 of
118,b05-055-00-08 cricket
118,b05-055-00-11 couple
118,b05-055-00-12 of
118,b05-055-00-13 bumps
118,b05-055-01-00 on
118,b05-055-01-02 pitch
118,b05-055-01-03 have
118,b05-055-01-04 no
118,b05-055-01-05 terrors
118,b05-055-01-06 for
118,b05-055-01-08 good
118,b05-055-01-09 batsman
118,b05-055-01-10 with
118,b05-055-01-12 stout
118,b05-055-02-00 heart
118,b05-055-02-03 firm
118,b05-055-02-04 grip
118,b05-055-02-05 on
118,b05-055-02-06 the
118,b05-055-02-07 willow
118,b05-055-02-08 and
118,b05-055-02-10 hefty
118,b05-055-02-12 for
118,b05-055-03-00 batting
118,b05-055-03-02 and
118,b05-055-03-03 all
118,b05-055-03-04 the
118,b05-055-03-06 blight
118,b05-055-03-07 that
118,b05-055-03-08 makes
118,b05-055-04-00 mighty
118,b05-055-04-01 six
118,b05-055-04-02 these
118,b05-055-04-03 days
118,b05-055-04-04 as
118,b05-055-04-05 rare
118,b05-055-04-06 as
118,b05-055-04-08 in
118,b05-055-04-09 summer
118,b05-058-00-00 They
118,b05-058-00-02 be
118,b05-058-00-04 the
118,b05-058-00-05 man
118,b05-058-00-06 who
118,b05-058-00-07 plays
118,b05-058-00-11 next
118,b05-058-01-03 to
118,b05-058-01-04 reveal
118,b05-058-01-05 the
118,b05-058-01-08 of
118,b05-058-01-09 the
118,b05-058-02-00 German
118,b05-058-02-01 mind
118,b05-058-02-03 Not
118,b05-058-02-04 content
118,b05-058-02-05 with
118,b05-058-02-06 arguing
118,b05-058-02-07 that
118,b05-058-02-08 he
118,b05-058-02-09 was
118,b05-058-02-10 only
118,b05-058-02-11 an
118,b05-058-03-01 cog
118,b05-058-03-02 in
118,b05-058-03-03 the
118,b05-058-03-04 machine
118,b05-058-03-06 he
118,b05-058-03-07 now
118,b05-058-03-08 claims
118,b05-058-03-09 that
118,b05-058-03-10 part
118,b05-058-03-11 of
118,b05-058-03-12 the
118,b05-058-04-00 endless
118,b05-058-04-02 that
118,b05-058-04-03 led
118,b05-058-04-04 to
118,b05-058-04-05 the
118,b05-058-04-06 death
118,b05-058-04-07 of
118,b05-058-04-08 six
118,b05-058-04-09 million
118,b05-058-04-10 Jews
118,b05-058-04-11 was
118,b05-058-05-01 decent
118,b05-058-05-04 and
118,b05-071-00-00 He
118,b05-071-00-02 the
118,b05-071-00-03 whole
118,b05-071-00-05 with
118,b05-071-00-06 an
118,b05-071-00-07 exact
118,b05-071-00-08 and
118,b05-071-01-02 that
118,b05-071-01-03 could
118,b05-071-01-04 only
118,b05-071-01-05 have
118,b05-071-01-06 come
118,b05-071-01-07 from
118,b05-071-01-09 man
118,b05-071-02-00 who
118,b05-071-02-01 used
118,b05-071-02-02 the
118,b05-071-02-03 system
118,b05-071-02-05 and
118,b05-071-02-06 used
118,b05-071-02-07 it
118,b05-071-02-08 with
118,b05-071-02-09 power
118,b05-071-02-10 and
118,b05-071-03-00 The
118,b05-071-03-02 thing
118,b05-071-03-03 about
118,b05-071-03-04 the
118,b05-071-03-05 Germans
118,b05-071-03-06 is
118,b05-071-03-07 that
118,b05-071-03-08 they
118,b05-071-03-09 can
118,b05-071-03-10 kid
118,b05-071-04-00 selves
118,b05-071-04-01 and
118,b05-071-04-02 feel
118,b05-071-04-04 sense
118,b05-071-04-05 of
118,b05-071-04-07 when
118,b05-071-04-08 their
118,b05-071-04-09 hands
118,b05-071-04-10 are
118,b05-071-05-00 red
118,b05-071-05-01 with
118,b05-071-05-02 blood
118,g05-098-00-00 So
118,g05-098-00-01 far
118,g05-098-00-02 had
118,g05-098-00-03 our
118,g05-098-00-05 led
118,g05-098-00-06 us
118,g05-098-00-07 in
118,g05-098-00-08 this
118,g05-098-00-09 matter
118,g05-098-00-10 of
118,g05-098-00-11 the
118,g05-098-01-03 that
118,g05-098-01-04 we
118,g05-098-01-05 had
118,g05-098-01-07 the
118,g05-098-01-09 of
118,g05-098-01-10 very
118,g05-098-02-00 special
118,g05-098-02-02 to
118,g05-098-02-03 guard
118,g05-098-02-04 the
118,g05-098-02-05 lives
118,g05-098-02-06 of
118,g05-098-02-07 our
118,g05-098-02-08 airmen
118,g05-098-03-00 hatred
118,g05-098-03-02 we
118,g05-098-03-03 felt
118,g05-098-03-05 was
118,g05-098-03-06 bound
118,g05-098-03-07 to
118,g05-098-03-08 be
118,g05-098-03-09 aimed
118,g05-098-03-10 at
118,g05-098-03-11 the
118,g05-098-03-13 of
118,g05-098-04-00 those
118,g05-098-04-01 who
118,g05-098-04-02 had
118,g05-098-04-04 over
118,g05-098-04-05 the
118,g05-098-04-06 years
118,g05-098-04-08 spread
118,g05-098-04-09 such
118,g05-098-04-10 ghastly
118,g05-098-04-11 havoc
118,g05-098-05-00 and
118,g05-098-05-01 death
118,g05-098-05-02 over
118,g05-098-05-03 Germany
118,g05-098-05-05 causing
118,g05-098-05-06 such
118,g05-098-05-09 among
118,g05-098-06-00 men
118,g05-098-06-02 women
118,g05-098-06-03 and
118,g05-098-06-06 old
118,g05-098-06-07 and
118,g05-098-06-08 young
118,g05-098-06-09 alike
118,h05-012-00-02 Other
118,h05-012-00-03 forms
118,h05-012-00-04 of
118,h05-012-00-05 war
118,h05-012-00-06 damage
118,h05-012-00-07 payment
118,h05-012-00-08 made
118,h05-012-00-09 by
118,h05-012-00-10 the
118,h05-012-01-00 are
118,h05-012-01-01 highway
118,h05-012-01-07 for
118,h05-012-01-09 remains
118,h05-012-01-10 of
118,h05-012-02-01 from
118,h05-012-02-03 total
118,h05-012-02-04 loss
118,h05-012-02-06 sites
118,h05-012-02-08 and
118,h05-012-02-09 church
118,h05-012-03-01 in
118,h05-012-03-02 certain
118,h05-012-03-04 ways
118,h05-012-03-05 from
118,h05-012-03-06 the
118,h05-012-03-08 cost
118,h05-012-03-09 of
118,h05-012-04-00 works
118,h05-012-04-03 the
118,h05-012-04-04 sums
118,h05-012-04-05 paid
118,h05-012-04-06 under
118,h05-012-04-07 these
118,h05-012-04-08 heads
118,h05-012-04-09 have
118,h05-012-04-10 the
118,h05-012-05-00 common
118,h05-012-05-01 feature
118,h05-012-05-02 that
118,h05-012-05-03 they
118,h05-012-05-04 are
118,h05-012-05-05 all
118,h05-012-05-07 in
118,h05-012-05-08 respect
118,h05-012-05-09 of
118,h05-012-05-10 works
118,h05-012-06-00 which
118,h05-012-06-01 have
118,h05-012-06-02 been
118,h05-012-06-03 carried
118,h05-012-06-04 out
118,b05-062-00-00 He
118,b05-062-00-01 feels
118,b05-062-00-04 from
118,b05-062-00-05 the
118,b05-062-00-06 fact
118,b05-062-00-07 that
118,b05-062-00-08 my
118,b05-062-00-10 had
118,b05-062-00-11 been
118,b05-062-01-00 tested
118,b05-062-01-01 and
118,b05-062-01-02 weighed
118,b05-062-01-03 and
118,b05-062-01-04 not
118,b05-062-01-05 found
118,b05-062-01-06 wanting
118,b05-062-01-09 He
118,b05-062-01-10 feels
118,b05-062-01-11 like
118,b05-062-02-00 Pontius
118,b05-062-02-01 Pilate
118,b05-062-02-02 who
118,b05-062-02-03 washed
118,b05-062-02-04 his
118,b05-062-02-05 hands
118,b05-062-02-06 before
118,b05-062-02-07 the
118,b05-062-03-00 saying
118,b05-062-03-04 am
118,b05-062-03-06 of
118,b05-062-03-07 the
118,b05-062-03-08 blood
118,b05-062-03-09 of
118,b05-062-03-10 this
118,b05-062-03-11 just
118,b05-062-03-12 person
118,b05-062-04-00 Like
118,b05-062-04-02 Globke
118,b05-062-04-04 whom
118,b05-062-04-07 the
118,b05-062-04-08 other
118,b05-062-04-09 day
118,b05-062-05-00 said
