541,m03-095-00-01 had
541,m03-095-00-05 that
541,m03-095-00-06 the
541,m03-095-01-00 hut
541,m03-095-01-01 had
541,m03-095-01-03 been
541,m03-095-01-04 cleaned
541,m03-095-01-05 and
541,m03-095-02-01 for
541,m03-095-02-04 Mrs
541,m03-095-02-05 Caine
541,m03-095-02-06 said
541,m03-095-03-00 we
541,m03-095-03-01 were
541,m03-095-03-02 to
541,m03-095-03-03 go
541,m03-095-03-04 no
541,m03-095-03-05 further
541,m03-095-03-06 unless
541,m03-095-03-07 and
541,m03-095-04-00 until
541,m03-095-04-01 we
541,m03-095-04-02 were
541,m03-095-04-03 sent
541,m03-095-04-04 for
541,m03-095-05-00 another
541,m03-095-05-02 that
541,m03-095-05-03 became
541,m03-095-05-04 more
541,m03-095-06-00 and
541,m03-095-06-01 more
541,m03-095-06-04 namely
541,m03-095-06-06 that
541,m03-095-07-00 she
541,m03-095-07-01 was
541,m03-095-07-02 in
541,m03-095-07-03 touch
541,m03-095-07-04 with
541,m03-095-07-05 an
541,m03-095-08-00 sible
541,m03-095-08-01 source
541,m03-095-08-02 of
