282,f04-074-00-00 It
282,f04-074-00-01 was
282,f04-074-00-02 the
282,f04-074-00-04 and
282,f04-074-00-05 broken
282,f04-074-00-06 body
282,f04-074-00-07 of
282,f04-074-00-09 woman
282,f04-074-01-00 He
282,f04-074-01-01 sent
282,f04-074-01-02 word
282,f04-074-01-04 away
282,f04-074-01-05 to
282,f04-074-02-00 Station
282,f04-074-02-02 and
282,f04-074-02-05 party
282,f04-074-02-06 took
282,f04-074-02-07 the
282,f04-074-02-08 body
282,f04-074-02-09 to
282,f04-074-03-00 the
282,f04-074-03-02 Hotel
282,f04-074-03-03 to
282,f04-074-03-04 await
282,f04-074-04-00 Was
282,f04-074-04-01 it
282,f04-074-04-03 case
282,f04-074-04-04 of
282,f04-074-04-05 suicide
282,f04-074-04-07 where
282,f04-074-04-08 some
282,f04-074-04-09 unhappy
282,f04-074-04-10 soul
282,f04-074-05-00 had
282,f04-074-05-01 walked
282,f04-074-05-03 into
282,f04-074-05-04 the
282,f04-074-05-06 and
282,f04-074-06-00 into
282,f04-074-06-01 the
282,f04-074-06-02 path
282,f04-074-06-03 of
282,f04-074-06-04 some
282,f04-074-06-05 train
282,f04-074-06-07 This
282,f04-074-06-08 hardly
282,f04-074-06-09 seemed
282,f04-074-07-00 likely
282,f04-074-07-02 since
282,f04-074-07-04 when
282,f04-074-07-05 she
282,f04-074-07-06 was
282,f04-074-07-08 by
282,f04-074-07-10 local
282,f04-074-08-00 doctor
282,f04-074-08-02 the
282,f04-074-08-03 woman
282,f04-074-08-05 young
282,f04-074-08-07 small
282,f04-074-08-09 and
282,f04-074-08-10 rather
282,f04-074-08-11 plump
282,f04-074-09-00 was
282,f04-074-09-01 found
282,f04-074-09-02 to
282,f04-074-09-03 have
282,f04-074-09-04 her
282,f04-074-09-05 own
282,f04-074-09-06 silk
282,f04-074-09-07 scarf
282,f04-074-09-08 drawn
282,f04-074-10-00 almost
282,f04-074-10-01 tight
282,f04-074-10-02 enough
282,f04-074-10-03 to
282,f04-074-10-05 her
282,f04-074-10-07 and
282,f04-074-10-08 the
282,f04-074-10-09 ends
282,f04-074-11-00 thrust
282,f04-074-11-01 in
282,f04-074-11-02 her
282,f04-074-11-03 mouth
282,f04-074-11-04 like
282,f04-074-11-06 gag
282,f04-079-00-00 Both
282,f04-079-00-01 her
282,f04-079-00-02 wrists
282,f04-079-00-03 bore
282,f04-079-00-04 the
282,f04-079-00-05 marks
282,f04-079-00-06 of
282,f04-079-00-07 severe
282,f04-079-01-00 and
282,f04-079-01-01 there
282,f04-079-01-02 were
282,f04-079-01-03 other
282,f04-079-01-05 on
282,f04-079-01-06 her
282,f04-079-01-07 body
282,f04-079-01-08 which
282,f04-079-01-09 had
282,f04-079-02-01 before
282,f04-079-02-02 her
282,f04-079-02-03 death
282,f04-079-02-04 was
282,f04-079-02-05 ensured
282,f04-079-02-06 by
282,f04-079-02-07 some
282,f04-079-03-00 train
282,f04-079-03-01 which
282,f04-079-03-02 had
282,f04-079-03-03 roared
282,f04-079-03-04 through
282,f04-079-03-05 the
282,f04-079-03-06 tunnel
282,f04-079-03-08 There
282,f04-079-03-09 were
282,f04-079-04-00 no
282,f04-079-04-01 letters
282,f04-079-04-02 or
282,f04-079-04-03 papers
282,f04-079-04-04 found
282,f04-079-04-05 on
282,f04-079-04-06 her
282,f04-079-04-07 to
282,f04-079-04-08 assist
282,f04-079-04-09 identi
282,f04-079-05-02 no
282,f04-079-05-03 money
282,f04-079-05-05 and
282,f04-079-05-06 no
282,f04-079-05-07 railway
282,f04-079-05-08 ticket
282,f04-079-05-10 By
282,f04-079-05-11 then
282,f04-079-06-00 reports
282,f04-079-06-01 were
282,f04-079-06-02 being
282,f04-079-06-04 about
282,f04-079-06-05 all
282,f04-079-06-06 traffic
282,f04-079-06-07 over
282,f04-079-07-00 this
282,f04-079-07-01 stretch
282,f04-079-07-02 of
282,f04-079-07-03 line
282,f04-079-07-05 but
282,f04-079-07-06 no
282,f04-079-07-08 was
282,f04-079-08-01 about
282,f04-079-08-02 any
282,f04-079-08-04 with
282,f04-079-08-05 an
282,f04-079-08-06 open
282,f04-079-09-00 door
282,f04-079-09-02 nor
282,f04-079-09-03 any
282,f04-079-09-06 an
282,f04-079-10-00 which
282,f04-079-10-01 might
282,f04-079-10-02 relate
