273,g04-007-00-00 The
273,g04-007-00-01 Hall
273,g04-007-00-02 proved
273,g04-007-00-03 most
273,g04-007-00-04 useful
273,g04-007-00-07 in
273,g04-007-00-08 winter
273,g04-007-01-00 when
273,g04-007-01-01 the
273,g04-007-01-03 to
273,g04-007-01-04 the
273,g04-007-01-05 church
273,g04-007-01-07 many
273,g04-007-01-08 from
273,g04-007-02-00 coming
273,g04-007-02-01 to
273,g04-007-02-02 Sunday
273,g04-007-02-05 We
273,g04-007-02-06 managed
273,g04-007-02-07 to
273,g04-007-02-08 furnish
273,g04-007-03-01 table
273,g04-007-03-02 with
273,g04-007-03-03 cross
273,g04-007-03-04 and
273,g04-007-03-05 candles
273,g04-007-03-07 and
273,g04-007-03-08 the
273,g04-007-03-09 people
273,g04-007-04-01 the
273,g04-007-04-02 Church
273,g04-007-04-03 Hall
273,g04-007-04-04 for
273,g04-007-04-05 worship
273,g04-007-04-06 as
273,g04-007-04-07 well
273,g04-007-05-00 as
273,g04-007-05-01 for
273,g04-007-05-02 more
273,g04-007-05-03 secular
273,g04-007-05-06 In
273,g04-007-05-09 Talbot
273,g04-007-06-00 was
273,g04-007-06-02 to
273,g04-007-06-05 and
273,g04-007-06-07 Hubert
273,g04-007-07-00 Burge
273,g04-007-07-01 became
273,g04-007-07-02 Bishop
273,g04-007-07-03 of
273,g04-011-00-02 had
273,g04-011-00-03 been
273,g04-011-00-04 asked
273,g04-011-00-05 to
273,g04-011-00-06 do
273,g04-011-00-08 bit
273,g04-011-00-09 of
273,g04-011-01-00 work
273,g04-011-01-01 in
273,g04-011-01-03 with
273,g04-011-01-04 Higher
273,g04-011-01-08 and
273,g04-011-02-00 to
273,g04-011-02-01 become
273,g04-011-02-02 the
273,g04-011-02-05 of
273,g04-011-02-06 the
273,g04-011-02-07 Church
273,g04-011-02-08 Reading
273,g04-011-03-00 Union
273,g04-011-03-02 This
273,g04-011-03-03 meant
273,g04-011-03-06 and
273,g04-011-03-07 courses
273,g04-011-03-08 of
273,g04-011-04-02 through
273,g04-011-04-03 the
273,g04-011-04-04 Diocese
273,g04-011-04-06 and
273,g04-011-05-00 also
273,g04-011-05-01 found
273,g04-011-05-02 myself
273,g04-011-05-04 member
273,g04-011-05-05 of
273,g04-011-05-06 the
273,g04-011-06-02 where
273,g04-011-06-06 myself
273,g04-011-06-07 as
273,g04-011-07-00 the
273,g04-011-07-02 of
273,g04-011-07-03 the
273,g04-011-07-04 highest
273,g04-011-07-05 church
273,g04-011-07-06 in
273,g04-011-07-07 the
273,g04-011-08-00 Diocese
273,f04-007-00-00 She
273,f04-007-00-01 had
273,f04-007-00-02 been
273,f04-007-00-03 struck
273,f04-007-00-04 several
273,f04-007-00-05 times
273,f04-007-00-06 with
273,f04-007-00-08 blunt
273,f04-007-01-02 and
273,f04-007-01-03 her
273,f04-007-01-04 head
273,f04-007-01-05 was
273,f04-007-01-06 smashed
273,f04-007-01-07 in
273,f04-007-02-00 There
273,f04-007-02-01 were
273,f04-007-02-02 signs
273,f04-007-02-03 of
273,f04-007-02-05 violent
273,f04-007-02-08 blood
273,f04-007-03-00 on
273,f04-007-03-01 the
273,f04-007-03-03 and
273,f04-007-03-04 floor
273,f04-007-03-06 and
273,f04-007-03-07 the
273,f04-007-03-08 remains
273,f04-007-04-00 of
273,f04-007-04-01 her
273,f04-007-04-02 broken
273,f04-007-04-05 But
273,f04-007-04-07 pair
273,f04-007-04-08 of
273,f04-007-04-09 bone
273,f04-007-05-01 found
273,f04-007-05-02 in
273,f04-007-05-03 the
273,f04-007-05-05 seemed
273,f04-007-06-00 to
273,f04-007-06-01 provide
273,f04-007-06-02 the
273,f04-007-06-03 only
273,f04-007-06-05 clue
273,f04-007-06-06 to
273,f04-007-06-07 the
273,f04-007-06-08 killer
273,g04-014-00-00 There
273,g04-014-00-01 was
273,g04-014-00-04 shocked
273,g04-014-00-06 in
273,g04-014-01-00 some
273,g04-014-01-03 until
273,g04-014-01-06 that
273,g04-014-01-07 my
273,g04-014-01-08 church
273,g04-014-02-00 was
273,g04-014-02-02 feet
273,g04-014-02-03 high
273,g04-014-02-04 above
273,g04-014-02-05 the
273,g04-014-02-06 sea
273,g04-014-02-07 level
273,g04-014-02-09 The
273,g04-014-03-00 work
273,g04-014-03-01 was
273,g04-014-03-02 growing
273,g04-014-03-03 pretty
273,g04-014-03-04 heavy
273,g04-014-03-06 and
273,g04-014-03-07 we
273,g04-014-03-08 managed
273,g04-014-04-00 to
273,g04-014-04-01 get
273,g04-014-04-04 layman
273,g04-014-04-05 who
273,g04-014-04-06 could
273,g04-014-04-07 help
273,g04-014-05-00 among
273,g04-014-05-01 the
273,g04-014-05-03 and
273,g04-014-05-04 young
273,g04-014-05-05 people
273,g04-095-00-01 of
273,g04-095-00-03 and
273,g04-095-00-05 leads
273,g04-095-01-00 me
273,g04-095-01-01 at
273,g04-095-01-02 once
273,g04-095-01-03 to
273,g04-095-01-06 most
273,g04-095-01-08 and
273,g04-095-02-00 lasting
273,g04-095-02-02 begun
273,g04-095-02-03 in
273,g04-095-02-05 in
273,g04-095-02-06 Purley
273,g04-095-02-07 and
273,g04-095-03-01 till
273,g04-095-03-02 old
273,g04-095-03-03 age
273,g04-095-03-06 When
273,g04-095-03-08 went
273,g04-095-04-00 to
273,g04-095-04-04 the
273,g04-095-04-05 first
273,g04-095-04-06 contact
273,g04-095-04-08 made
273,g04-095-04-09 was
273,g04-095-05-00 with
273,g04-095-05-01 the
273,g04-095-05-03 Warden
273,g04-095-06-00 and
273,g04-095-06-01 his
273,g04-095-06-02 family
273,g04-095-06-04 the
273,g04-095-06-06 of
273,g04-095-06-07 whose
273,g04-095-06-08 three
273,g04-095-07-00 sons
273,g04-095-07-01 was
273,g04-095-07-02 just
273,g04-095-07-03 coming
273,g04-095-07-04 into
273,g04-095-07-05 the
273,g04-095-07-06 world
273,g04-095-07-07 in
273,g04-095-07-08 this
273,g04-095-07-09 year
273,g04-095-08-00 of
