670,r06-035-00-00 No
670,r06-035-00-02 he
670,r06-035-00-04 read
670,r06-035-00-05 it
670,r06-035-00-07 Madame
670,r06-035-00-08 did
670,r06-035-00-09 all
670,r06-035-00-10 the
670,r06-035-01-00 reading
670,r06-035-01-03 died
670,r06-035-01-04 in
670,r06-035-01-05 this
670,r06-035-01-06 very
670,r06-035-01-07 place
670,r06-035-02-00 He
670,r06-035-02-01 used
670,r06-035-02-02 to
670,r06-035-02-03 come
670,r06-035-02-04 to
670,r06-035-02-06 Bar
670,r06-035-02-07 again
670,r06-035-02-08 and
670,r06-035-03-00 again
670,r06-035-03-02 No
670,r06-035-03-04 he
670,r06-035-03-06 really
670,r06-035-04-00 him
670,r06-035-04-02 he
670,r06-035-04-03 was
670,r06-035-04-04 one
670,r06-035-04-05 of
670,r06-035-04-06 the
670,r06-035-04-07 crowd
670,r06-035-04-09 The
670,r06-035-05-00 sun
670,r06-035-05-01 came
670,r06-035-05-02 out
670,r06-035-05-04 Mart
670,r06-035-05-05 went
670,r06-035-06-00 sat
670,r06-035-06-01 in
670,r06-035-06-02 the
670,r06-035-06-03 square
670,r06-035-06-04 reading
670,r06-035-06-05 the
670,r06-070-00-00 We
670,r06-070-00-01 parked
670,r06-070-00-02 the
670,r06-070-00-05 the
670,r06-070-01-02 and
670,r06-070-01-03 went
670,r06-070-01-04 to
670,r06-070-01-05 the
670,r06-070-01-06 beach
670,r06-070-01-07 to
670,r06-070-02-00 have
670,r06-070-02-02 swim
670,r06-070-02-04 Amazing
670,r06-070-02-05 bedlam
670,r06-070-02-06 rocked
670,r06-070-03-00 in
670,r06-070-03-01 our
670,r06-070-03-02 eyes
670,r06-070-03-04 The
670,r06-070-03-05 sea
670,r06-070-03-06 boiled
670,r06-070-03-07 with
670,r06-070-03-08 waves
670,r06-070-04-00 they
670,r06-070-04-02 to
670,r06-070-04-03 the
670,r06-070-04-04 walls
670,r06-070-04-05 and
670,r06-070-04-06 spumed
670,r06-070-05-00 over
670,r06-070-05-01 the
670,r06-070-05-03 des
670,r06-070-05-04 Anglais
670,r06-070-05-07 huge
670,r06-070-06-00 crowd
670,r06-070-06-01 had
670,r06-070-06-04 There
670,r06-070-06-05 were
670,r06-070-06-06 firemen
670,r06-070-07-00 and
670,r06-070-07-02 and
670,r06-070-07-05 and
670,r06-070-07-06 the
670,r06-070-08-00 eyes
670,r06-070-08-01 of
670,r06-070-08-02 the
670,r06-070-08-04 were
670,r06-070-08-05 hard
670,r06-070-08-06 with
670,r06-062-00-00 There
670,r06-062-00-01 is
670,r06-062-00-03 curd
670,r06-062-00-04 of
670,r06-062-00-05 morning
670,r06-062-00-06 smoke
670,r06-062-00-07 and
670,r06-062-01-01 muffled
670,r06-062-01-02 bell
670,r06-062-01-03 taps
670,r06-062-01-04 the
670,r06-062-01-05 sky
670,r06-062-01-07 Here
670,r06-062-01-08 we
670,r06-062-02-00 stopped
670,r06-062-02-02 as
670,r06-062-02-03 in
670,r06-062-02-04 fine
670,r06-062-02-05 weather
670,r06-062-02-06 we
670,r06-062-02-07 always
670,r06-062-03-00 stopped
670,r06-062-03-02 Down
670,r06-062-03-03 below
670,r06-062-03-04 is
670,r06-062-03-05 the
670,r06-062-03-06 village
670,r06-062-03-07 of
670,r06-062-04-00 Cagnes
670,r06-062-04-02 but
670,r06-062-04-03 between
670,r06-062-04-04 are
670,r06-062-04-05 pockets
670,r06-062-04-06 of
670,r06-062-05-00 heat
670,r06-062-05-01 and
670,r06-062-05-02 cold
670,r06-062-05-03 like
670,r06-062-05-04 the
670,r06-062-05-05 hands
670,r06-062-05-06 of
670,r06-062-06-00 friends
670,r06-062-06-01 or
670,r06-062-06-04 and
670,r06-062-06-06 flurry
670,r06-062-06-07 of
670,r06-062-07-00 early
670,r06-062-07-01 smells
670,r06-062-07-03 the
670,r06-062-07-04 dark
670,r06-062-07-05 bosoms
670,r06-062-07-06 of
670,r06-062-08-00 beech
670,r06-062-08-01 and
670,r06-062-08-02 the
670,r06-062-08-03 thin
670,r06-062-08-04 pine
670,r06-062-08-05 fingers
670,r06-062-09-00 kissed
670,r06-062-09-01 by
670,r06-062-09-02 the
670,r06-062-09-03 sun
670,r06-076-00-00 They
670,r06-076-00-01 all
670,r06-076-00-02 had
670,r06-076-00-03 that
670,r06-076-00-04 neat
670,r06-076-00-05 look
670,r06-076-00-06 of
670,r06-076-01-01 people
670,r06-076-01-02 to
670,r06-076-01-03 whom
670,r06-076-01-04 nothing
670,r06-076-02-00 could
670,r06-076-02-01 ever
670,r06-076-02-02 happen
670,r06-076-02-04 the
670,r06-076-02-05 chosen
670,r06-076-02-06 sane
670,r06-076-02-08 the
670,r06-076-03-05 from
670,r06-076-04-00 disease
670,r06-076-04-01 and
670,r06-076-04-03 by
670,r06-076-04-04 doctors
670,r06-076-04-06 God
670,r06-076-04-07 and
670,r06-076-05-00 the
670,r06-076-05-03 Yet
670,r06-076-05-05 at
670,r06-076-05-06 any
670,r06-076-05-07 time
670,r06-076-05-08 now
670,r06-076-06-00 the
670,r06-076-06-01 bell
670,r06-076-06-02 would
670,r06-076-06-03 ring
670,r06-076-06-04 for
670,r06-076-06-05 them
670,r06-076-06-07 the
670,r06-076-06-08 gilded
670,r06-076-07-00 love
670,r06-076-07-01 house
670,r06-076-07-03 the
670,r06-076-07-04 mad
670,r06-076-07-06 or
670,r06-076-07-07 the
670,r06-076-08-00 bloody
670,r06-076-08-01 child
670,r06-076-08-02 at
670,r06-076-08-03 the
670,r06-044-00-00 They
670,r06-044-00-01 mostly
670,r06-044-00-03 in
670,r06-044-00-04 lonely
670,r06-044-01-03 for
670,r06-044-01-06 had
670,r06-044-01-07 been
670,r06-044-01-08 clubbed
670,r06-044-01-09 and
670,r06-044-02-01 to
670,r06-044-02-02 death
670,r06-044-02-03 by
670,r06-044-02-04 his
670,r06-044-02-05 wife
670,r06-044-02-08 and
670,r06-044-03-02 after
670,r06-044-03-04 up
670,r06-044-03-05 some
670,r06-044-03-06 sheep
670,r06-044-04-00 while
670,r06-044-04-01 the
670,r06-044-04-02 worse
670,r06-044-04-03 for
670,r06-044-04-04 drink
670,r06-044-04-06 The
670,r06-044-04-07 family
670,r06-044-05-00 group
670,r06-044-05-01 then
670,r06-044-05-02 sat
670,r06-044-05-03 down
670,r06-044-05-04 for
670,r06-044-05-06 late
670,r06-044-05-07 lunch
670,r06-044-06-00 before
670,r06-044-06-01 the
670,r06-044-06-04 the
670,r06-044-06-05 police
670,r06-044-07-00 Then
670,r06-044-07-01 again
670,r06-044-07-06 owing
670,r06-044-07-07 to
670,r06-044-07-08 family
670,r06-044-08-02 had
670,r06-044-08-03 written
670,r06-044-08-04 to
670,r06-044-08-05 the
670,r06-044-08-06 local
670,r06-044-09-00 paper
670,r06-044-09-01 and
670,r06-044-09-02 the
670,r06-044-09-04 of
670,r06-044-09-05 police
670,r06-044-10-01 them
670,r06-044-10-02 that
670,r06-044-10-03 he
670,r06-044-10-04 was
670,r06-044-10-05 on
670,r06-044-10-06 the
670,r06-044-10-07 point
670,r06-057-00-00 We
670,r06-057-00-02 down
670,r06-057-00-03 to
670,r06-057-00-04 Nice
670,r06-057-00-05 on
670,r06-057-00-06 the
670,r06-057-01-00 You
670,r06-057-01-01 can
670,r06-057-01-03 down
670,r06-057-01-05 quarter
670,r06-057-01-06 of
670,r06-057-01-07 the
670,r06-057-02-00 way
670,r06-057-02-02 In
670,r06-057-02-03 the
670,r06-057-02-04 middle
670,r06-057-02-05 of
670,r06-057-02-06 the
670,r06-057-02-07 journey
670,r06-057-02-08 is
670,r06-057-03-00 valley
670,r06-057-03-01 with
670,r06-057-03-03 sea
670,r06-057-03-04 of
670,r06-057-03-05 vines
670,r06-057-03-06 and
670,r06-057-03-07 olives
670,r06-057-04-00 and
670,r06-057-04-01 beaches
670,r06-057-04-02 of
670,r06-057-04-03 earth
670,r06-057-04-04 pricked
670,r06-057-04-05 to
670,r06-057-04-06 blood
670,r06-057-04-07 by
670,r06-057-05-00 the
670,r06-057-05-01 hoe
670,r06-057-05-03 Rising
670,r06-057-05-04 from
670,r06-057-05-05 the
670,r06-057-05-06 flecked
670,r06-057-05-07 sea
670,r06-057-05-08 are
670,r06-057-06-00 islands
670,r06-057-06-02 to
670,r06-057-06-04 castles
670,r06-057-06-05 and
670,r06-057-07-00 towns
670,r06-057-07-02 grey
670,r06-057-08-00 like
670,r06-057-08-01 limpets
670,r06-057-08-02 to
670,r06-057-08-03 the
670,r06-057-08-04 rock
670,r06-066-00-00 Then
670,r06-066-00-01 here
670,r06-066-00-02 was
670,r06-066-00-03 Nice
670,r06-066-00-05 and
670,r06-066-00-06 the
670,r06-066-00-07 old
670,r06-066-00-08 holiday
670,r06-066-01-00 sea
670,r06-066-01-02 blue
670,r06-066-01-03 as
670,r06-066-01-05 new
670,r06-066-01-06 school
670,r06-066-02-00 book
670,r06-066-02-02 The
670,r06-066-02-03 same
670,r06-066-02-04 old
670,r06-066-02-05 Nice
670,r06-066-02-07 creamy
670,r06-066-03-00 vulgar
670,r06-066-03-02 out
670,r06-066-03-03 of
670,r06-066-03-04 time
670,r06-066-03-07 with
670,r06-066-04-00 the
670,r06-066-04-01 ghosts
670,r06-066-04-02 of
670,r06-066-04-03 dead
670,r06-066-04-05 and
670,r06-066-05-02 edging
670,r06-066-05-03 past
670,r06-066-05-04 grubby
670,r06-066-06-00 to
670,r06-066-06-01 the
670,r06-066-06-02 old
670,r06-066-06-04 port
670,r06-066-06-06 This
670,r06-066-06-08 and
670,r06-066-07-00 Paris
670,r06-066-07-02 were
670,r06-066-07-03 my
670,r06-066-07-04 ruined
670,r06-066-07-07 and
670,r06-066-08-00 could
670,r06-066-08-01 catch
670,r06-066-08-02 the
670,r06-066-08-03 taste
670,r06-066-08-04 of
670,r06-066-08-05 dead
670,r06-066-08-06 dreams
670,r06-066-08-07 on
670,r06-066-09-00 my
670,r06-066-09-01 tongue
670,r06-066-09-02 like
670,r06-066-09-03 spray
670,r06-053-00-00 Some
670,r06-053-00-01 grim
670,r06-053-00-02 comic
670,r06-053-00-03 relief
670,r06-053-00-04 was
670,r06-053-00-06 by
670,r06-053-01-00 an
670,r06-053-01-01 elderly
670,r06-053-01-02 farm
670,r06-053-01-04 out
670,r06-053-01-05 for
670,r06-053-01-07 shoot
670,r06-053-02-00 who
670,r06-053-02-01 hid
670,r06-053-02-02 himself
670,r06-053-02-03 in
670,r06-053-02-05 bush
670,r06-053-02-06 and
670,r06-053-04-00 was
670,r06-053-04-01 after
670,r06-053-04-02 this
670,r06-053-04-03 very
670,r06-053-04-04 bird
670,r06-053-04-05 and
670,r06-053-04-06 shot
670,r06-053-04-07 the
670,r06-053-05-01 in
670,r06-053-05-02 the
670,r06-053-05-03 face
670,r06-053-05-05 All
670,r06-053-05-07 however
670,r06-053-06-00 ended
670,r06-053-06-01 well
670,r06-053-06-04 the
670,r06-053-06-05 paper
670,r06-053-06-07 since
670,r06-053-06-08 the
670,r06-053-07-00 pellets
670,r06-053-07-01 were
670,r06-053-07-02 easily
670,r06-053-07-03 removed
670,r06-053-07-04 and
670,r06-053-07-05 the
670,r06-053-08-01 was
670,r06-053-08-02 able
670,r06-053-08-03 to
670,r06-053-08-04 return
670,r06-053-08-05 to
670,r06-053-08-06 work
670,r06-053-08-07 the
670,r06-053-09-00 same
670,r06-041-00-00 There
670,r06-041-00-01 was
670,r06-041-00-05 on
670,r06-041-00-06 de
670,r06-041-01-00 Gaulle
670,r06-041-01-02 and
670,r06-041-01-03 the
670,r06-041-01-04 rest
670,r06-041-01-05 of
670,r06-041-01-06 the
670,r06-041-01-07 paper
670,r06-041-01-08 was
670,r06-041-01-09 given
670,r06-041-01-10 up
670,r06-041-02-00 to
670,r06-041-02-01 murders
670,r06-041-02-03 apart
670,r06-041-02-04 for
670,r06-041-02-05 an
670,r06-041-02-06 outcry
670,r06-041-02-07 against
670,r06-041-03-01 to
670,r06-041-03-02 drop
670,r06-041-03-05 into
670,r06-041-04-00 the
670,r06-041-04-02 between
670,r06-041-04-03 Corsica
670,r06-041-04-04 and
670,r06-041-04-05 St
670,r06-041-05-00 Raphael
670,r06-041-05-02 All
670,r06-041-05-03 the
670,r06-041-05-04 murders
670,r06-041-05-05 were
670,r06-041-05-06 well
670,r06-041-06-00 and
670,r06-041-06-01 had
670,r06-041-06-02 the
670,r06-041-06-03 air
670,r06-041-06-04 of
670,r06-041-06-05 being
670,r06-041-06-06 written
670,r06-041-06-07 by
670,r06-041-06-08 an
670,r06-041-07-02 but
670,r06-041-07-03 mad
670,r06-041-07-04 film
670,r06-041-07-06 of
670,r06-041-07-07 the
670,r06-049-00-02 house
670,r06-049-00-03 was
670,r06-049-01-01 by
670,r06-049-01-02 firemen
670,r06-049-01-03 and
670,r06-049-01-04 other
670,r06-049-02-00 but
670,r06-049-02-01 there
670,r06-049-02-02 was
670,r06-049-02-03 no
670,r06-049-02-06 He
670,r06-049-03-01 few
670,r06-049-03-02 minutes
670,r06-049-03-03 later
670,r06-049-03-04 from
670,r06-049-03-06 nearby
670,r06-049-03-07 village
670,r06-049-04-01 for
670,r06-049-04-02 the
670,r06-049-04-03 trouble
670,r06-049-04-05 but
670,r06-049-05-00 that
670,r06-049-05-01 the
670,r06-049-05-02 walls
670,r06-049-05-03 were
670,r06-049-05-04 porous
670,r06-049-05-05 and
670,r06-049-05-06 the
670,r06-049-06-00 gas
670,r06-049-06-01 had
670,r06-049-06-02 escaped
670,r06-049-06-04 General
670,r06-049-06-05 relief
670,r06-049-06-06 was
670,r06-049-07-02 but
670,r06-049-07-06 this
670,r06-049-07-07 was
670,r06-049-08-02 in
670,r06-049-08-03 the
670,r06-049-08-04 next
670,r06-049-08-05 issue
670,r06-049-09-00 home
670,r06-049-09-01 and
670,r06-049-09-02 shot
670,r06-049-09-03 himself
670,r06-049-09-05 leaving
670,r06-049-09-07 note
670,r06-049-10-00 which
670,r06-049-10-01 again
670,r06-049-10-02 left
670,r06-049-10-03 his
670,r06-049-10-05 goods
