079,a06-090-00-00 He
079,a06-090-00-01 claimed
079,a06-090-00-02 that
079,a06-090-00-04 unless
079,a06-090-00-05 we
079,a06-090-00-06 were
079,a06-090-00-07 in
079,a06-090-00-08 the
079,a06-090-01-00 Common
079,a06-090-01-01 Market
079,a06-090-01-03 we
079,a06-090-01-04 should
079,a06-090-01-05 not
079,a06-090-01-06 be
079,a06-090-01-07 able
079,a06-090-01-08 to
079,a06-090-02-00 play
079,a06-090-02-01 any
079,a06-090-02-02 part
079,a06-090-02-03 in
079,a06-090-02-06 its
079,a06-090-02-07 future
079,a06-090-03-01 We
079,a06-090-03-02 can
079,a06-090-03-03 lead
079,a06-090-03-04 better
079,a06-090-03-05 from
079,a06-090-03-06 within
079,a06-090-03-09 he
079,a06-090-03-10 said
079,a06-090-04-02 dealt
079,a06-090-04-03 with
079,a06-090-04-04 the
079,a06-090-04-05 main
079,a06-090-05-00 raised
079,a06-090-05-01 by
079,a06-090-05-02 Tory
079,a06-090-05-03 critics
079,a06-090-05-06 Anthony
079,a06-090-05-07 Fell
079,a06-090-06-00 who
079,a06-090-06-01 created
079,a06-090-06-03 scene
079,a06-090-06-04 on
079,a06-090-06-05 this
079,a06-090-06-06 point
079,a06-090-06-07 on
079,a06-090-07-00 Monday
079,a06-090-07-02 took
079,a06-090-07-03 up
079,a06-090-07-06 almost
079,a06-090-07-07 hidden
079,a06-090-08-00 behind
079,a06-090-08-01 the
079,a06-090-08-03 at
079,a06-090-08-05 chair
