266,f02-076-00-02 Are
266,f02-076-00-03 there
266,f02-076-00-05 in
266,f02-076-00-07 to
266,f02-076-00-08 ageing
266,f02-076-01-00 and
266,f02-076-01-03 to
266,f02-076-01-04 the
266,f02-076-02-00 level
266,f02-076-02-01 of
266,f02-076-02-06 If
266,f02-076-02-07 so
266,f02-076-02-09 which
266,f02-076-03-00 levels
266,f02-076-03-01 are
266,f02-076-03-02 the
266,f02-076-03-03 better
266,f02-076-03-04 or
266,f02-076-03-05 the
266,f02-076-03-06 poorer
266,f02-076-04-00 for
266,f02-076-04-03 to
266,f02-076-04-05 and
266,f02-076-05-00 in
266,f02-076-05-01 what
266,f02-076-05-02 aspects
266,f02-076-05-06 Does
266,f02-076-05-07 the
266,f02-076-06-01 support
266,f02-076-06-04 for
266,f02-076-07-03 and
266,f02-076-08-01 to
266,f02-076-08-02 the
266,f02-076-08-03 needs
266,f02-076-08-04 of
266,f02-076-08-05 older
266,f02-076-09-00 of
266,f02-076-09-03 levels
