337,g06-037f-00-00 God
337,g06-037f-00-01 grant
337,g06-037f-00-03 however
337,g06-037f-00-05 that
337,g06-037f-00-07 may
337,g06-037f-00-08 be
337,g06-037f-00-10 false
337,g06-037f-00-11 prophet
337,g06-037f-00-13 that
337,g06-037f-00-14 all
337,g06-037f-01-00 may
337,g06-037f-01-01 go
337,g06-037f-01-02 well
337,g06-037f-01-04 Sir
337,g06-037f-01-06 Peel
337,g06-037f-01-07 was
337,g06-037f-01-08 here
337,g06-037f-01-13 but
337,g06-037f-01-14 an
337,g06-037f-01-15 express
337,g06-037f-02-00 took
337,g06-037f-02-01 him
337,g06-037f-02-02 off
337,g06-037f-03-00 While
337,g06-037f-03-01 he
337,g06-037f-03-02 was
337,g06-037f-03-03 in
337,g06-037f-03-04 Naples
337,g06-037f-03-05 there
337,g06-037f-03-06 had
337,g06-037f-03-07 opened
337,g06-037f-03-09 new
337,g06-037f-03-10 chapter
337,g06-037f-03-11 in
337,g06-037f-03-12 the
337,g06-037f-04-00 history
337,g06-037f-04-01 of
337,g06-037f-04-04 search
337,g06-037f-04-05 for
337,g06-037f-04-06 an
337,g06-037f-04-09 of
337,g06-037f-05-00 his
337,g06-037f-05-01 painful
337,g06-037f-05-02 malady
337,g06-037f-05-04 None
337,g06-037f-05-05 of
337,g06-037f-05-06 the
337,g06-037f-05-10 to
337,g06-037f-06-00 which
337,g06-037f-06-01 he
337,g06-037f-06-02 had
337,g06-037f-06-03 been
337,g06-037f-06-05 ever
337,g06-037f-06-06 since
337,g06-037f-06-07 the
337,g06-037f-06-09 had
337,g06-037f-06-10 first
337,g06-037f-07-00 shown
337,g06-037f-07-03 years
337,g06-037f-07-04 before
337,g06-037f-07-05 had
337,g06-037f-07-06 had
337,g06-037f-07-07 the
337,g06-037f-07-09 effect
337,g06-045f-00-00 In
337,g06-045f-00-01 April
337,g06-045f-00-02 of
337,g06-045f-00-03 that
337,g06-045f-00-04 year
337,g06-045f-00-05 his
337,g06-045f-00-06 first
337,g06-045f-00-10 the
337,g06-045f-01-01 Lord
337,g06-045f-01-04 had
337,g06-045f-01-05 written
337,g06-045f-01-06 to
337,g06-045f-01-07 advise
337,g06-045f-01-09 to
337,g06-045f-01-10 give
337,g06-045f-01-11 the
337,g06-045f-02-00 system
337,g06-045f-02-02 trial
337,g06-045f-02-04 adding
337,g06-045f-02-05 that
337,g06-045f-02-06 it
337,g06-045f-02-07 was
337,g06-045f-02-08 being
337,g06-045f-02-10 with
337,g06-045f-03-00 success
337,g06-045f-03-01 in
337,g06-045f-03-02 France
337,g06-045f-03-03 and
337,g06-045f-03-04 Italy
337,g06-045f-03-06 and
337,g06-045f-03-07 that
337,g06-045f-03-08 he
337,g06-045f-03-09 himself
337,g06-045f-03-10 was
337,g06-045f-03-11 being
337,g06-045f-03-12 treated
337,g06-045f-04-00 under
337,g06-045f-04-02 doctor
337,g06-045f-04-03 who
337,g06-045f-04-04 had
337,g06-045f-04-05 studied
337,g06-045f-04-06 under
337,g06-045f-04-07 its
337,g06-045f-04-08 founder
337,g06-045f-04-10 the
337,g06-045f-04-11 aged
337,g06-045f-05-00 Samuel
337,g06-031f-00-01 What
337,g06-031f-00-04 event
337,g06-031f-00-07 he
337,g06-031f-00-08 wrote
337,g06-031f-00-12 tremble
337,g06-031f-00-14 What
337,g06-031f-01-02 am
337,g06-031f-01-05 but
337,g06-031f-01-07 really
337,g06-031f-01-08 tremble
337,g06-031f-01-09 for
337,g06-031f-01-10 my
337,g06-031f-01-11 country
337,g06-031f-01-14 may
337,g06-031f-02-00 be
337,g06-031f-02-05 cannot
337,g06-031f-02-06 but
337,g06-031f-02-07 fear
337,g06-031f-02-08 that
337,g06-031f-02-09 the
337,g06-031f-02-11 of
337,g06-031f-02-12 the
337,g06-031f-03-00 People
337,g06-031f-03-01 will
337,g06-031f-03-02 be
337,g06-031f-03-03 so
337,g06-031f-03-04 great
337,g06-031f-03-05 at
337,g06-031f-03-06 the
337,g06-031f-03-07 return
337,g06-031f-03-08 of
337,g06-031f-03-11 that
337,g06-031f-03-12 the
337,g06-031f-04-00 Commons
337,g06-031f-04-01 House
337,g06-031f-04-02 upon
337,g06-031f-04-06 which
337,g06-031f-04-07 must
337,g06-031f-04-08 be
337,g06-031f-04-09 had
337,g06-031f-04-11 will
337,g06-031f-04-12 be
337,g06-031f-05-01 mass
337,g06-031f-05-02 of
337,g06-031f-05-06 then
337,g06-031f-05-07 God
337,g06-031f-05-08 knows
337,g06-031f-05-09 what
337,g06-031f-05-10 may
337,g06-031f-05-11 happen
337,g06-018f-00-00 When
337,g06-018f-00-01 the
337,g06-018f-00-02 sailing
337,g06-018f-00-03 season
337,g06-018f-00-04 was
337,g06-018f-00-05 past
337,g06-018f-00-07 he
337,g06-018f-00-08 sent
337,g06-018f-00-09 Pearl
337,g06-018f-00-10 back
337,g06-018f-00-11 to
337,g06-018f-01-00 England
337,g06-018f-01-02 and
337,g06-018f-01-04 to
337,g06-018f-01-05 Rome
337,g06-018f-01-06 for
337,g06-018f-01-07 the
337,g06-018f-01-08 winter
337,g06-018f-01-10 In
337,g06-018f-01-11 late
337,g06-018f-01-14 he
337,g06-018f-02-00 was
337,g06-018f-02-03 as
337,g06-018f-02-04 usual
337,g06-018f-02-07 but
337,g06-018f-02-08 hoped
337,g06-018f-02-10 he
337,g06-018f-02-11 told
337,g06-018f-02-12 Arthur
337,g06-018f-02-15 to
337,g06-018f-02-16 find
337,g06-018f-02-17 this
337,g06-018f-03-00 place
337,g06-018f-03-01 agree
337,g06-018f-03-02 with
337,g06-018f-03-03 me
337,g06-018f-03-04 better
337,g06-018f-03-05 than
337,g06-018f-03-06 Naples
337,g06-018f-03-08 The
337,g06-018f-03-09 journey
337,g06-018f-03-10 has
337,g06-018f-03-11 been
337,g06-018f-03-12 against
337,g06-018f-04-00 me
337,g06-018f-04-02 as
337,g06-018f-04-03 there
337,g06-018f-04-04 has
337,g06-018f-04-05 been
337,g06-018f-04-06 much
337,g06-018f-04-07 rain
337,g06-018f-04-08 and
337,g06-018f-04-09 damp
337,g06-018f-04-11 but
337,g06-018f-04-12 the
337,g06-018f-05-00 is
337,g06-018f-05-01 high
337,g06-018f-05-04 have
337,g06-018f-05-05 not
337,g06-018f-05-06 yet
337,g06-018f-05-07 thought
337,g06-018f-05-08 of
337,g06-018f-05-10 fire
337,g06-042f-00-00 Nor
337,g06-042f-00-01 is
337,g06-042f-00-02 this
337,g06-042f-00-03 to
337,g06-042f-00-04 be
337,g06-042f-00-06 at
337,g06-042f-00-08 for
337,g06-042f-00-09 even
337,g06-042f-00-10 today
337,g06-042f-00-12 in
337,g06-042f-00-13 the
337,g06-042f-01-00 no
337,g06-042f-01-01 cure
337,g06-042f-01-02 has
337,g06-042f-01-03 been
337,g06-042f-01-04 found
337,g06-042f-01-05 for
337,g06-042f-01-06 the
337,g06-042f-01-10 As
337,g06-042f-01-11 early
337,g06-042f-01-12 as
337,g06-042f-02-02 when
337,g06-042f-02-05 himself
337,g06-042f-02-06 to
337,g06-042f-02-07 be
337,g06-042f-02-08 on
337,g06-042f-02-09 the
337,g06-042f-02-10 point
337,g06-042f-02-11 of
337,g06-042f-02-12 death
337,g06-042f-03-00 the
337,g06-042f-03-01 new
337,g06-042f-03-02 German
337,g06-042f-03-04 method
337,g06-042f-03-05 known
337,g06-042f-03-06 as
337,g06-042f-03-08 had
337,g06-042f-03-09 been
337,g06-042f-04-00 brought
337,g06-042f-04-01 to
337,g06-042f-04-02 his
337,g06-042f-04-03 notice
337,g06-026f-00-02 life
337,g06-026f-00-03 truly
337,g06-026f-00-06 It
337,g06-026f-00-07 so
337,g06-026f-00-08 happens
337,g06-026f-00-09 that
337,g06-026f-00-11 have
337,g06-026f-00-12 an
337,g06-026f-00-13 Italian
337,g06-026f-01-00 who
337,g06-026f-01-01 is
337,g06-026f-01-02 perhaps
337,g06-026f-01-03 the
337,g06-026f-01-04 best
337,g06-026f-01-05 Valet
337,g06-026f-01-06 de
337,g06-026f-01-07 Chambre
337,g06-026f-01-08 that
337,g06-026f-01-09 ever
337,g06-026f-01-10 was
337,g06-026f-01-12 But
337,g06-026f-01-13 he
337,g06-026f-02-00 has
337,g06-026f-02-01 not
337,g06-026f-02-02 one
337,g06-026f-02-03 word
337,g06-026f-02-04 of
337,g06-026f-02-05 English
337,g06-026f-02-08 While
337,g06-026f-02-09 he
337,g06-026f-02-10 was
337,g06-026f-02-11 writing
337,g06-026f-02-12 this
337,g06-026f-02-13 letter
337,g06-026f-02-14 he
337,g06-026f-03-00 heard
337,g06-026f-03-01 of
337,g06-026f-03-02 the
337,g06-026f-03-03 fall
337,g06-026f-03-04 of
337,g06-026f-03-05 the
337,g06-026f-03-06 Whigs
337,g06-026f-03-08 and
337,g06-026f-03-09 the
337,g06-026f-04-00 of
337,g06-026f-04-01 the
337,g06-026f-04-03 by
337,g06-026f-04-04 the
337,g06-026f-04-05 Duke
337,g06-026f-04-06 of
337,g06-047f-00-00 This
337,g06-047f-00-02 man
337,g06-047f-00-03 of
337,g06-047f-00-06 whom
337,g06-047f-00-07 Sir
337,g06-047f-00-08 Francis
337,g06-047f-00-09 Burdett
337,g06-047f-01-00 to
337,g06-047f-01-03 year
337,g06-047f-01-04 or
337,g06-047f-01-05 two
337,g06-047f-01-06 later
337,g06-047f-01-07 as
337,g06-047f-01-09 more
337,g06-047f-01-10 like
337,g06-047f-01-12 God
337,g06-047f-01-13 upon
337,g06-047f-01-14 earth
337,g06-047f-02-00 than
337,g06-047f-02-02 human
337,g06-047f-02-03 being
337,g06-047f-02-06 had
337,g06-047f-02-07 an
337,g06-047f-02-09 number
337,g06-047f-02-10 of
337,g06-047f-02-12 among
337,g06-047f-03-01 medical
337,g06-047f-03-02 men
337,g06-047f-03-03 in
337,g06-047f-03-04 the
337,g06-047f-03-05 cities
337,g06-047f-03-06 of
337,g06-047f-03-07 Europe
337,g06-047f-03-09 One
337,g06-047f-03-10 of
337,g06-047f-03-11 these
337,g06-047f-03-12 was
337,g06-047f-04-00 the
337,g06-047f-04-03 Dr
337,g06-047f-04-05 Mauro
337,g06-047f-04-07 whom
337,g06-047f-04-10 in
337,g06-047f-05-00 May
337,g06-011f-00-00 By
337,g06-011f-00-01 the
337,g06-011f-00-02 end
337,g06-011f-00-03 of
337,g06-011f-00-04 the
337,g06-011f-00-05 month
337,g06-011f-00-06 he
337,g06-011f-00-07 still
337,g06-011f-00-09 in
337,g06-011f-00-10 Naples
337,g06-011f-00-12 He
337,g06-011f-01-00 told
337,g06-011f-01-02 that
337,g06-011f-01-03 he
337,g06-011f-01-04 enjoyed
337,g06-011f-01-05 it
337,g06-011f-01-06 as
337,g06-011f-01-07 much
337,g06-011f-01-08 as
337,g06-011f-01-09 his
337,g06-011f-01-10 health
337,g06-011f-02-00 him
337,g06-011f-02-01 to
337,g06-011f-02-02 enjoy
337,g06-011f-02-06 The
337,g06-011f-02-07 Pearl
337,g06-011f-02-10 he
337,g06-011f-02-11 wrote
337,g06-011f-02-14 is
337,g06-011f-02-15 arrived
337,g06-011f-02-17 which
337,g06-011f-02-18 is
337,g06-011f-03-01 great
337,g06-011f-03-05 seems
337,g06-011f-03-06 to
337,g06-011f-03-07 be
337,g06-011f-03-08 tired
337,g06-011f-03-10 he
337,g06-011f-03-11 is
337,g06-011f-03-12 going
337,g06-011f-03-13 out
337,g06-011f-04-00 fast
337,g06-011f-04-03 What
337,g06-011f-04-05 gay
337,g06-011f-04-07 lively
337,g06-011f-04-08 people
337,g06-011f-04-10 and
337,g06-011f-04-11 what
337,g06-011f-04-13 busy
337,g06-011f-04-14 town
337,g06-011f-04-16 At
337,g06-011f-05-00 Rome
337,g06-011f-05-02 every
337,g06-011f-05-03 other
337,g06-011f-05-04 man
337,g06-011f-05-05 was
337,g06-011f-05-07 priest
337,g06-011f-05-09 here
337,g06-011f-05-10 the
337,g06-011f-05-11 priest
337,g06-011f-05-12 is
337,g06-011f-06-00 by
337,g06-011f-06-01 the
337,g06-011f-06-02 soldier
337,g06-011f-06-06 change
337,g06-011f-06-07 in
337,g06-011f-06-08 my
337,g06-011f-06-09 eye
337,g06-011f-06-12 as
337,g06-011f-07-00 the
337,g06-011f-07-01 troops
337,g06-011f-07-02 are
337,g06-011f-07-03 very
337,g06-011f-07-04 fine
337,g06-050f-00-01 first
337,g06-050f-00-02 action
337,g06-050f-00-03 was
337,g06-050f-00-04 to
337,g06-050f-00-05 write
337,g06-050f-00-06 to
337,g06-050f-00-07 his
337,g06-050f-00-08 revered
337,g06-050f-00-09 master
337,g06-050f-00-10 at
337,g06-050f-01-00 near
337,g06-050f-01-01 Leipzig
337,g06-050f-01-03 asking
337,g06-050f-01-04 for
337,g06-050f-01-05 advice
337,g06-050f-01-07 In
337,g06-050f-01-08 doing
337,g06-050f-01-09 so
337,g06-050f-01-10 he
337,g06-050f-01-12 his
337,g06-050f-02-01 patient
337,g06-050f-02-02 and
337,g06-050f-02-03 his
337,g06-050f-02-06 He
337,g06-050f-02-07 told
337,g06-050f-02-09 that
337,g06-050f-02-10 he
337,g06-050f-03-00 found
337,g06-050f-03-03 strong
337,g06-050f-03-06 man
337,g06-050f-03-07 with
337,g06-050f-03-09 gentle
337,g06-050f-03-10 and
337,g06-050f-04-03 and
337,g06-050f-04-04 sedate
337,g06-050f-04-06 not
337,g06-050f-04-07 easily
337,g06-050f-04-10 patient
337,g06-050f-04-11 and
337,g06-050f-05-03 but
337,g06-050f-05-04 he
337,g06-050f-05-05 appears
337,g06-050f-05-06 to
337,g06-050f-05-07 despair
337,g06-050f-05-08 of
337,g06-050f-05-09 ever
337,g06-050f-05-10 being
337,g06-050f-05-11 cured
