615,p03-023-00-00 She
615,p03-023-00-01 was
615,p03-023-00-02 engaged
615,p03-023-00-03 to
615,p03-023-00-04 Nigel
615,p03-023-00-06 had
615,p03-023-00-07 been
615,p03-023-00-08 for
615,p03-023-00-09 two
615,p03-023-00-10 years
615,p03-023-01-01 they
615,p03-023-01-02 talked
615,p03-023-01-03 on
615,p03-023-01-04 the
615,p03-023-01-05 theme
615,p03-023-01-06 of
615,p03-023-01-08 when
615,p03-023-01-09 we
615,p03-023-01-10 get
615,p03-023-01-11 married
615,p03-023-02-00 and
615,p03-023-02-01 then
615,p03-023-02-02 all
615,p03-023-02-03 was
615,p03-023-02-06 and
615,p03-023-02-07 perhaps
615,p03-023-02-08 it
615,p03-023-02-09 had
615,p03-023-02-10 only
615,p03-023-02-11 been
615,p03-023-03-01 slip
615,p03-023-03-02 of
615,p03-023-03-03 the
615,p03-023-03-04 tongue
615,p03-023-03-05 when
615,p03-023-03-06 Nigel
615,p03-023-03-07 had
615,p03-023-03-08 said
615,p03-023-03-10 only
615,p03-023-03-11 last
615,p03-023-04-00 evening
615,p03-023-04-03 If
615,p03-023-04-04 we
615,p03-023-04-05 get
615,p03-023-04-06 married
615,p03-023-04-08 old
615,p03-023-04-09 girl
615,p03-023-04-11 you
615,p03-023-04-13 have
615,p03-023-04-14 to
615,p03-023-04-15 stop
615,p03-023-05-00 that
615,p03-023-05-01 lark
615,p03-023-05-04 can
615,p03-023-05-05 tell
615,p03-023-05-06 you
