126,c06-087-01-01 there
126,c06-087-01-02 comes
126,c06-087-01-03 the
126,c06-087-01-04 time
126,c06-087-01-05 when
126,c06-087-01-07 Hudson
126,c06-087-01-09 breaks
126,c06-087-02-00 with
126,c06-087-02-02 and
126,c06-087-02-03 arrives
126,c06-087-02-04 there
126,c06-087-02-05 in
126,c06-087-02-06 July
126,c06-087-02-08 when
126,c06-087-02-10 just
126,c06-087-02-11 as
126,c06-087-03-02 the
126,c06-087-03-03 place
126,c06-087-03-04 is
126,c06-087-03-05 full
126,c06-087-03-06 of
126,c06-087-03-09 on
126,c06-087-03-10 an
126,c06-087-04-01 tour
126,c06-087-04-03 Result
126,c06-087-04-06 Hudson
126,c06-087-04-07 and
126,c06-087-04-08 lady
126,c06-087-04-09 love
126,c06-087-04-10 Lollo
126,c06-087-04-11 find
126,c06-087-05-01 playing
126,c06-087-05-04 Brenda
126,c06-087-05-05 de
126,c06-087-05-06 Banzie
126,c06-087-05-08 the
126,c06-087-06-00 one
126,c06-087-06-02 has
126,c06-087-06-03 broken
126,c06-087-06-05 leg
126,c06-087-06-07 to
126,c06-087-06-08 the
126,c06-087-06-09 girls
126,c06-087-06-11 who
126,c06-087-06-12 have
126,c06-087-06-13 just
126,c06-087-07-00 been
126,c06-087-07-01 joined
126,c06-087-07-02 by
126,c06-087-07-05 of
126,c06-087-07-06 boys
126,c06-052-00-00 What
126,c06-052-00-02 to
126,c06-052-00-03 the
126,c06-052-00-04 new
126,c06-052-00-05 book
126,c06-052-01-00 by
126,c06-052-01-01 his
126,c06-052-01-03 in
126,c06-052-01-04 March
126,c06-052-01-05 of
126,c06-052-01-06 last
126,c06-052-01-07 year
126,c06-052-01-09 Still
126,c06-052-01-13 Yet
126,c06-052-02-01 have
126,c06-052-02-02 before
126,c06-052-02-03 me
126,c06-052-02-04 now
126,c06-052-02-08 of
126,c06-052-03-01 book
126,c06-052-03-02 planned
126,c06-052-03-03 to
126,c06-052-03-04 be
126,c06-052-03-05 called
126,c06-052-03-07 of
126,c06-052-03-08 an
126,c06-052-03-09 Irish
126,c06-052-04-00 Rebel
126,c06-052-04-01 which
126,c06-052-04-02 was
126,c06-052-04-04 to
126,c06-052-04-05 his
126,c06-052-04-06 agents
126,c06-052-04-07 in
126,c06-052-04-08 June
126,c06-052-04-10 IT
126,c06-052-05-00 begins
126,c06-052-05-03 There
126,c06-052-05-04 was
126,c06-052-05-06 party
126,c06-052-05-07 to
126,c06-052-06-00 return
126,c06-052-06-01 from
126,c06-052-06-02 her
126,c06-052-06-04 in
126,c06-052-06-05 Bristol
126,b06-012-00-00 His
126,b06-012-00-01 job
126,b06-012-00-02 is
126,b06-012-00-03 to
126,b06-012-00-04 build
126,b06-012-00-05 up
126,b06-012-00-06 the
126,b06-012-00-09 which
126,b06-012-01-00 will
126,b06-012-01-01 back
126,b06-012-01-02 West
126,b06-012-01-06 of
126,b06-012-01-07 Western
126,b06-012-02-00 Europe
126,b06-012-02-01 through
126,b06-012-02-02 the
126,b06-012-02-03 Common
126,b06-012-02-04 Market
126,b06-012-02-06 He
126,b06-012-02-08 this
126,b06-012-02-09 week
126,b06-012-03-00 the
126,b06-012-03-02 with
126,b06-012-03-05 which
126,b06-012-03-06 he
126,b06-012-03-07 had
126,b06-012-03-08 in
126,b06-012-03-09 public
126,b06-012-03-10 at
126,b06-012-04-00 Nato
126,b06-012-04-01 council
126,b06-012-04-02 meeting
126,b06-012-04-03 last
126,b06-012-04-04 year
126,b06-012-04-05 over
126,b06-012-04-06 the
126,b06-012-04-09 do
126,b06-012-04-10 we
126,b06-012-05-00 fight
126,b06-012-05-03 war
126,b06-012-05-04 or
126,b06-012-05-07 war
126,b06-110-00-00 But
126,b06-110-00-01 the
126,b06-110-00-02 Duke
126,b06-110-00-03 is
126,b06-110-00-04 wrong
126,b06-110-00-05 when
126,b06-110-00-06 he
126,b06-110-00-07 implies
126,b06-110-00-08 that
126,b06-110-00-09 young
126,b06-110-00-10 people
126,b06-110-01-00 prefer
126,b06-110-01-02 jobs
126,b06-110-01-05 numbers
126,b06-110-01-06 who
126,b06-110-01-07 want
126,b06-110-02-00 are
126,b06-110-02-01 denied
126,b06-110-02-02 it
126,b06-110-02-04 One
126,b06-110-02-05 area
126,b06-110-02-07 board
126,b06-110-02-08 in
126,b06-110-03-00 offered
126,b06-110-03-01 six
126,b06-110-03-02 craft
126,b06-110-03-04 and
126,b06-110-04-02 of
126,b06-110-04-03 whom
126,b06-110-04-05 were
126,b06-110-04-08 by
126,b06-110-05-00 the
126,b06-110-05-01 board
126,b06-110-05-03 There
126,b06-110-05-04 were
126,b06-110-05-05 only
126,b06-110-05-08 for
126,b06-110-05-09 the
126,b06-110-06-00 boys
126,b06-110-06-01 who
126,b06-110-06-02 passed
126,b06-110-06-03 the
126,b06-110-06-05 exams
126,b06-110-06-06 for
126,b06-110-06-07 Rosyth
126,b06-110-07-01 last
126,b06-110-07-02 year
126,b06-036-00-00 Now
126,b06-036-00-01 the
126,b06-036-00-03 is
126,b06-036-00-04 being
126,b06-036-00-05 used
126,b06-036-00-06 that
126,b06-036-00-07 Nato
126,b06-036-00-08 must
126,b06-036-00-09 be
126,b06-036-01-00 and
126,b06-036-01-01 Britain
126,b06-036-01-02 must
126,b06-036-01-03 stay
126,b06-036-01-04 in
126,b06-036-01-05 it
126,b06-036-01-06 to
126,b06-036-01-07 keep
126,b06-036-01-08 the
126,b06-036-01-09 Germans
126,b06-036-01-10 in
126,b06-036-02-00 control
126,b06-036-02-02 Nato
126,b06-036-02-04 far
126,b06-036-02-05 from
126,b06-036-02-06 being
126,b06-036-02-08 means
126,b06-036-02-09 of
126,b06-036-03-00 the
126,b06-036-03-01 German
126,b06-036-03-04 is
126,b06-036-03-06 in
126,b06-036-03-07 fact
126,b06-036-03-09 the
126,b06-036-03-10 cover
126,b06-036-03-11 for
126,b06-036-04-01 up
126,b06-036-04-02 their
126,b06-036-04-03 power
126,b06-036-04-05 What
126,b06-036-04-06 must
126,b06-036-04-07 Britain
126,b06-036-04-08 do
126,b06-036-04-10 Today
126,b06-036-05-00 again
126,b06-036-05-02 she
126,b06-036-05-03 has
126,b06-036-05-05 key
126,b06-036-05-06 role
126,b06-036-05-08 Let
126,b06-036-05-09 her
126,b06-036-05-10 tell
126,b06-036-05-11 men
126,b06-036-05-12 like
126,b06-036-05-13 Strauss
126,b06-036-06-00 that
126,b06-036-06-01 he
126,b06-036-06-02 shall
126,b06-036-06-03 have
126,b06-036-06-04 no
126,b06-036-06-05 bases
126,b06-036-06-06 or
126,b06-036-06-11 no
126,b06-036-06-12 help
126,b06-036-06-13 in
126,b06-036-07-00 his
126,b06-036-07-01 quest
126,b06-036-07-02 for
126,b06-036-07-03 atomic
126,b06-036-07-04 arms
