605,p02-127-00-00 Gay
605,p02-127-00-01 nodded
605,p02-127-00-05 know
605,p02-127-00-06 that
605,p02-127-00-07 you
605,p02-127-00-09 right
605,p02-127-00-10 Doc
605,p02-127-00-13 think
605,p02-127-01-00 now
605,p02-127-01-01 that
605,p02-127-01-03 do
605,p02-127-01-04 realise
605,p02-127-01-05 that
605,p02-127-01-07 and
605,p02-127-01-08 in
605,p02-127-01-09 any
605,p02-127-01-10 case
605,p02-127-01-13 she
605,p02-127-01-14 added
605,p02-127-02-01 little
605,p02-127-02-02 sadly
605,p02-127-02-05 if
605,p02-127-02-07 did
605,p02-127-02-08 change
605,p02-127-02-09 Gavin
605,p02-127-02-11 he
605,p02-127-03-00 be
605,p02-127-03-01 the
605,p02-127-03-02 same
605,p02-127-03-04 if
605,p02-127-03-05 you
605,p02-127-03-06 know
605,p02-127-03-07 what
605,p02-127-03-09 mean
605,p02-127-03-13 You
605,p02-127-03-14 sound
605,p02-127-04-00 like
605,p02-127-04-01 Alice
605,p02-127-04-02 in
605,p02-127-04-06 Doc
605,p02-127-04-07 gently
605,p02-127-04-08 mocked
605,p02-127-04-09 her
605,p02-127-04-12 and
605,p02-127-05-02 glad
605,p02-127-05-03 you
605,p02-127-05-06 to
605,p02-127-05-07 see
605,p02-127-05-08 that
605,p02-127-05-09 you
605,p02-127-05-11 wasting
605,p02-127-06-00 your
605,p02-127-06-01 time
605,p02-127-06-02 on
605,p02-127-06-03 that
605,p02-127-06-04 chap
