105,b03-109-00-00 Can
105,b03-109-00-01 it
105,b03-109-00-02 be
105,b03-109-00-03 shown
105,b03-109-00-04 that
105,b03-109-00-05 the
105,b03-109-00-06 one
105,b03-109-00-07 scale
105,b03-109-00-08 is
105,b03-109-01-00 strably
105,b03-109-01-01 better
105,b03-109-01-02 than
105,b03-109-01-03 the
105,b03-109-01-04 other
105,b03-109-01-06 The
105,b03-109-01-08 may
105,b03-109-02-00 be
105,b03-109-02-01 in
105,b03-109-02-02 for
105,b03-109-02-04 stiffer
105,b03-109-02-05 fight
105,b03-109-02-06 than
105,b03-109-02-07 they
105,b03-109-02-08 think
105,b03-109-02-10 They
105,b03-109-02-11 may
105,b03-109-03-00 have
105,b03-109-03-01 to
105,b03-109-03-02 call
105,b03-109-03-03 up
105,b03-109-03-04 the
105,b03-109-03-06 of
105,b03-109-03-07 the
105,b03-109-03-08 Common
105,b03-109-03-09 Market
105,b03-109-04-00 Even
105,b03-109-04-01 then
105,b03-109-04-02 it
105,b03-109-04-03 might
105,b03-109-04-04 be
105,b03-109-04-05 easier
105,b03-109-04-06 to
105,b03-109-04-08 the
105,b03-109-04-09 British
105,b03-109-05-00 public
105,b03-109-05-01 to
105,b03-109-05-02 go
105,b03-109-05-03 over
105,b03-109-05-04 to
105,b03-109-05-05 decimal
105,b03-109-05-06 coinage
105,b03-109-05-08 in
105,b03-109-05-09 certain
105,b03-109-06-01 the
105,b03-109-06-02 time
105,b03-109-06-03 would
105,b03-109-06-04 come
105,b03-109-06-05 when
105,b03-109-06-06 this
105,b03-109-06-07 would
105,b03-109-07-00 suit
105,b03-109-07-01 their
105,b03-109-07-04 rather
105,b03-109-07-05 than
105,b03-109-07-06 to
105,b03-109-07-07 change
105,b03-109-07-08 their
105,b03-109-08-00 system
105,b03-109-08-01 of
