039,a02-120-00-00 The
039,a02-120-00-02 that
039,a02-120-00-03 the
039,a02-120-00-05 might
039,a02-120-01-00 invoke
039,a02-120-01-01 the
039,a02-120-01-02 Public
039,a02-120-01-03 Order
039,a02-120-01-04 Act
039,a02-120-01-08 and
039,a02-120-02-00 declare
039,a02-120-02-01 the
039,a02-120-02-02 whole
039,a02-120-02-03 rally
039,a02-120-02-04 illegal
039,a02-120-02-06 whether
039,a02-120-03-00 the
039,a02-120-03-02 sit
039,a02-120-03-03 down
039,a02-120-03-04 or
039,a02-120-03-05 not
039,a02-120-03-07 was
039,a02-120-04-00 being
039,a02-120-04-02 in
039,a02-120-04-04 last
039,a02-120-04-05 night
039,a02-120-05-00 It
039,a02-120-05-01 was
039,a02-120-05-02 last
039,a02-120-05-03 used
039,a02-120-05-05 year
039,a02-120-05-06 ago
039,a02-120-05-08 to
039,a02-120-05-09 deal
039,a02-120-06-00 with
039,a02-120-06-01 the
039,a02-120-06-03 Pancras
039,a02-120-06-04 rent
039,a02-120-06-05 riots
039,a02-120-06-07 Today
039,a02-120-07-01 Butler
039,a02-120-07-02 will
039,a02-120-07-03 have
039,a02-120-07-04 talks
039,a02-120-07-05 with
039,a02-120-07-06 Police
039,a02-120-08-01 Sir
039,a02-120-08-02 Joseph
039,a02-120-08-03 Simpson
039,a02-120-08-04 to
039,a02-120-09-00 draw
039,a02-120-09-01 up
039,a02-120-09-02 final
039,a02-120-09-03 plans
039,a02-120-09-04 for
039,a02-120-09-05 the
039,a02-120-09-07 Battle
039,a02-120-10-00 of
039,a02-120-10-02 Square
