165,c04-080-00-00 Then
165,c04-080-00-01 he
165,c04-080-00-02 tried
165,c04-080-00-03 it
165,c04-080-00-04 out
165,c04-080-00-05 for
165,c04-080-00-06 sound
165,c04-080-01-02 it
165,c04-080-01-03 went
165,c04-080-01-06 flat
165,c04-080-01-07 and
165,c04-080-01-08 jangly
165,c04-080-01-09 in
165,c04-080-02-00 part
165,c04-080-02-04 He
165,c04-080-02-05 put
165,c04-080-02-06 the
165,c04-080-02-07 sound
165,c04-080-02-08 on
165,c04-080-02-09 tape
165,c04-080-02-11 The
165,c04-080-03-00 tape
165,c04-080-03-01 went
165,c04-080-03-02 to
165,c04-080-03-03 the
165,c04-080-03-04 Philips
165,c04-080-03-05 company
165,c04-080-03-07 Within
165,c04-080-03-08 two
165,c04-080-04-00 days
165,c04-080-04-02 Lisbon
165,c04-080-04-03 had
165,c04-080-04-05 record
165,c04-080-04-08 And
165,c04-080-04-09 they
165,c04-080-05-00 hauled
165,c04-080-05-01 his
165,c04-080-05-03 joanna
165,c04-080-05-04 the
165,c04-080-06-00 miles
165,c04-080-06-01 to
165,c04-080-06-02 London
165,c04-080-06-03 for
165,c04-080-06-04 his
165,c04-080-06-05 first
165,c04-080-06-06 session
165,c04-128-00-02 feel
165,c04-128-00-05 done
165,c04-128-00-06 all
165,c04-128-00-08 can
165,c04-128-00-09 at
165,c04-128-00-10 the
165,c04-128-00-14 he
165,c04-128-01-00 told
165,c04-128-01-01 me
165,c04-128-01-04 We
165,c04-128-01-06 agreed
165,c04-128-01-07 to
165,c04-128-01-08 part
165,c04-128-02-02 is
165,c04-128-02-04 guest
165,c04-128-02-05 in
165,c04-128-03-00 show
165,c04-128-03-01 tonight
165,c04-128-03-03 Boxing
165,c04-128-03-04 fans
165,c04-128-03-05 can
165,c04-128-03-06 see
165,c04-128-03-07 an
165,c04-128-04-01 contest
165,c04-128-04-02 between
165,c04-128-04-03 Chris
165,c04-128-04-04 Elliot
165,c04-128-04-05 and
165,c04-128-05-00 Harry
165,c04-128-05-01 Carroll
165,c04-128-05-02 from
165,c04-128-06-01 medley
165,c04-128-06-02 is
165,c04-128-06-03 sung
165,c04-128-06-04 by
165,c04-128-06-05 David
165,c04-128-07-00 Hughes
165,c04-128-07-01 in
165,c04-128-07-02 his
165,c04-128-07-04 Make
165,c04-128-07-05 Mine
165,c04-128-07-06 Music
