006,a01-011x-00-01 from
006,a01-011x-00-03 Kenneth
006,a01-011x-00-05 United
006,a01-011x-01-02 Party
006,a01-011x-01-05 members
006,a01-011x-02-00 and
006,a01-011x-02-02 Harry
006,a01-011x-02-04 African
006,a01-011x-03-04 will
006,a01-011x-03-05 meet
006,a01-011x-03-06 in
006,a01-011x-03-07 London
006,a01-011x-03-08 today
006,a01-011x-04-00 to
006,a01-011x-04-01 discuss
006,a01-011x-04-03 common
006,a01-011x-04-04 course
006,a01-011x-04-05 of
006,a01-011x-04-06 action
006,a01-011x-05-00 Sir
006,a01-011x-05-01 Roy
006,a01-011x-05-02 is
006,a01-011x-05-04 opposed
006,a01-011x-05-05 to
006,a01-011x-06-00 getting
006,a01-011x-06-01 an
006,a01-011x-06-02 elected
006,a01-011x-06-04 in
006,a01-011x-07-02 but
006,a01-011x-07-03 the
006,a01-011x-07-08 Iain
006,a01-011x-08-00 Macleod
006,a01-011x-08-02 is
006,a01-011x-08-04 on
006,a01-011x-08-06 policy
006,a01-011x-08-07 of
006,a01-011x-08-08 change
