173,c06-011-00-00 ALSO
173,c06-011-00-01 present
173,c06-011-00-02 is
173,c06-011-00-04 London
173,c06-011-00-06 who
173,c06-011-01-00 arrived
173,c06-011-01-01 two
173,c06-011-01-02 hours
173,c06-011-01-03 earlier
173,c06-011-01-04 by
173,c06-011-02-00 to
173,c06-011-02-01 talk
173,c06-011-02-02 to
173,c06-011-02-03 the
173,c06-011-02-04 author
173,c06-011-02-05 of
173,c06-011-02-06 Borstal
173,c06-011-02-07 Boy
173,c06-011-02-08 and
173,c06-011-03-00 The
173,c06-011-03-01 Hostage
173,c06-011-03-02 about
173,c06-011-03-03 his
173,c06-011-03-04 new
173,c06-011-03-05 work
173,c06-011-03-07 if
173,c06-011-03-08 any
173,c06-011-04-00 and
173,c06-011-04-01 who
173,c06-011-04-02 is
173,c06-011-04-03 now
173,c06-011-04-04 being
173,c06-011-05-00 to
173,c06-011-05-01 fight
173,c06-011-05-02 off
173,c06-011-05-03 the
173,c06-011-05-06 The
173,c06-011-06-00 has
173,c06-011-06-01 rung
173,c06-011-06-03 couple
173,c06-011-06-04 of
173,c06-011-06-05 times
173,c06-011-06-07 calls
173,c06-011-06-08 from
173,c06-011-07-00 other
173,c06-011-07-01 chums
173,c06-011-07-03 the
173,c06-011-07-04 wind
173,c06-011-07-05 and
173,c06-011-08-01 to
173,c06-011-08-02 drop
173,c06-011-08-03 by
173,c06-011-08-04 for
173,c06-011-08-06 chat
173,d06-008-00-00 To
173,d06-008-00-02 them
173,d06-008-00-03 only
173,d06-008-00-04 pushes
173,d06-008-00-05 them
173,d06-008-00-06 farther
173,d06-008-01-00 into
173,d06-008-01-03 so
173,d06-008-01-04 that
173,d06-008-01-05 they
173,d06-008-01-06 become
173,d06-008-02-00 unable
173,d06-008-02-01 to
173,d06-008-02-02 speak
173,d06-008-02-03 about
173,d06-008-02-04 it
173,d06-008-02-05 to
173,d06-008-02-06 anybody
173,d06-008-02-07 and
173,d06-008-03-00 the
173,d06-008-03-01 seeds
173,d06-008-03-02 of
173,d06-008-03-03 any
173,d06-008-03-04 amount
173,d06-008-03-05 of
173,d06-008-03-06 trouble
173,d06-008-03-07 are
173,d06-008-03-08 sown
173,d06-008-04-00 the
173,d06-008-04-01 harvest
173,d06-008-04-02 of
173,d06-008-04-03 which
173,d06-008-04-04 may
173,d06-008-04-05 still
173,d06-008-04-06 be
173,d06-008-04-07 being
173,d06-008-05-00 reaped
173,d06-008-05-01 at
173,d06-008-05-02 forty
173,d06-008-05-03 or
173,d06-008-05-04 fifty
173,d06-008-05-06 Far
173,d06-008-05-07 better
173,d06-008-05-08 to
173,d06-008-06-00 agree
173,d06-008-06-01 with
173,d06-008-06-03 child
173,d06-008-06-04 that
173,d06-008-07-01 is
173,d06-008-07-04 and
173,d06-008-07-05 then
173,d06-008-07-06 to
173,d06-008-07-07 face
173,d06-008-08-00 it
173,d06-008-08-02 until
173,d06-008-08-03 the
173,d06-008-08-04 child
173,d06-008-08-05 can
173,d06-008-08-06 see
173,d06-008-08-07 how
173,d06-008-09-01 its
173,d06-008-09-02 fears
173,d06-008-09-03 were
173,d06-020-00-00 In
173,d06-020-00-02 He
173,d06-020-00-03 prayed
173,d06-020-00-04 that
173,d06-020-00-05 the
173,d06-020-00-06 cup
173,d06-020-01-00 should
173,d06-020-01-01 pass
173,d06-020-01-02 from
173,d06-020-01-03 Him
173,d06-020-01-05 Jesus
173,d06-020-01-06 shows
173,d06-020-01-07 us
173,d06-020-02-00 the
173,d06-020-02-01 way
173,d06-020-02-02 to
173,d06-020-02-03 face
173,d06-020-02-04 life
173,d06-020-02-06 To
173,d06-020-02-07 see
173,d06-020-02-08 all
173,d06-020-02-09 the
173,d06-020-02-10 latent
173,d06-020-03-02 and
173,d06-020-03-03 yet
173,d06-020-03-04 by
173,d06-020-03-05 facing
173,d06-020-04-00 them
173,d06-020-04-01 and
173,d06-020-04-02 knowing
173,d06-020-04-03 God
173,d06-020-04-04 is
173,d06-020-04-05 with
173,d06-020-04-06 us
173,d06-020-04-07 and
173,d06-020-05-00 that
173,d06-020-05-02 with
173,d06-020-05-03 Him
173,d06-020-05-05 there
173,d06-020-05-06 is
173,d06-020-05-07 nothing
173,d06-020-05-08 that
173,d06-020-05-09 can
173,d06-020-06-00 finally
173,d06-020-06-01 defeat
173,d06-020-06-02 us
173,d06-020-06-04 More
173,d06-020-06-05 than
173,d06-020-06-06 that
173,d06-020-06-08 that
173,d06-020-06-09 God
173,d06-020-07-00 has
173,d06-020-07-03 to
173,d06-020-07-04 do
173,d06-020-07-05 with
173,d06-020-07-06 our
173,d06-020-08-00 lives
173,d06-020-08-01 and
173,d06-020-08-02 that
173,d06-020-08-03 the
173,d06-020-08-04 nearer
173,d06-020-08-05 we
173,d06-020-08-06 get
173,d06-020-08-07 to
173,d06-020-08-08 Him
173,d06-020-09-00 the
173,d06-020-09-02 we
173,d06-020-09-03 become
173,d06-046-00-00 Even
173,d06-046-00-01 more
173,d06-046-00-02 simply
173,d06-046-00-04 test
173,d06-046-00-05 your
173,d06-046-00-06 own
173,d06-046-01-00 to
173,d06-046-01-04 There
173,d06-046-01-05 are
173,d06-046-01-06 some
173,d06-046-01-07 which
173,d06-046-02-00 bring
173,d06-046-02-01 on
173,d06-046-02-02 an
173,d06-046-02-03 almost
173,d06-046-02-05 feeling
173,d06-046-02-06 of
173,d06-046-03-02 such
173,d06-046-03-03 as
173,d06-046-03-04 when
173,d06-046-03-05 your
173,d06-046-03-06 wife
173,d06-046-04-00 the
173,d06-046-04-03 while
173,d06-046-04-04 others
173,d06-046-04-06 if
173,d06-046-04-07 they
173,d06-046-05-00 refer
173,d06-046-05-01 to
173,d06-046-05-03 you
173,d06-046-05-04 like
173,d06-046-05-05 doing
173,d06-046-05-07 bring
173,d06-046-06-01 surge
173,d06-046-06-02 of
173,d06-046-06-03 energy
173,d06-046-06-05 Many
173,d06-046-06-07 girl
173,d06-046-06-08 who
173,d06-046-07-00 is
173,d06-046-07-02 too
173,d06-046-07-03 tired
173,d06-046-07-04 to
173,d06-046-07-05 help
173,d06-046-07-06 mum
173,d06-046-07-08 will
173,d06-046-07-09 later
173,d06-046-07-10 jump
173,d06-046-08-00 up
173,d06-046-08-01 with
173,d06-046-08-02 no
173,d06-046-08-05 at
173,d06-046-08-06 all
173,d06-046-08-07 when
173,d06-046-09-00 her
173,d06-046-09-01 boy
173,d06-046-09-02 friend
173,d06-046-09-03 calls
173,d06-046-09-04 and
173,d06-046-09-05 go
173,d06-046-09-06 for
173,d06-046-09-08 long
173,d06-046-09-09 walk
173,d06-063-00-00 In
173,d06-063-00-01 the
173,d06-063-00-02 days
173,d06-063-00-03 when
173,d06-063-00-04 most
173,d06-063-00-05 people
173,d06-063-00-06 were
173,d06-063-00-07 born
173,d06-063-01-00 lived
173,d06-063-01-01 and
173,d06-063-01-02 died
173,d06-063-01-03 within
173,d06-063-01-04 the
173,d06-063-01-06 of
173,d06-063-02-00 the
173,d06-063-02-01 village
173,d06-063-02-03 it
173,d06-063-02-04 was
173,d06-063-02-05 not
173,d06-063-02-07 for
173,d06-063-02-08 anybody
173,d06-063-03-00 to
173,d06-063-03-01 live
173,d06-063-03-03 day
173,d06-063-03-04 at
173,d06-063-03-06 time
173,d06-063-03-08 Even
173,d06-063-03-09 those
173,d06-063-03-10 who
173,d06-063-04-00 held
173,d06-063-04-02 high
173,d06-063-04-03 and
173,d06-063-04-05 office
173,d06-063-04-06 lived
173,d06-063-04-07 in
173,d06-063-05-00 far
173,d06-063-05-01 greater
173,d06-063-05-03 than
173,d06-063-05-04 their
173,d06-063-06-00 When
173,d06-063-06-01 news
173,d06-063-06-02 from
173,d06-063-06-03 the
173,d06-063-06-05 took
173,d06-063-06-06 days
173,d06-063-07-00 from
173,d06-063-07-01 America
173,d06-063-07-02 weeks
173,d06-063-07-04 from
173,d06-063-07-05 the
173,d06-063-07-06 Far
173,d06-063-07-07 East
173,d06-063-08-00 months
173,d06-063-08-02 even
173,d06-063-08-04 Prime
173,d06-063-08-06 could
173,d06-063-08-07 go
173,d06-063-08-08 to
173,d06-063-09-00 sleep
173,d06-063-09-01 in
173,d06-063-09-04 of
173,d06-063-09-05 what
173,d06-063-09-06 might
173,d06-063-10-00 be
173,d06-063-10-02 at
173,d06-063-10-03 the
173,d06-063-10-04 other
173,d06-063-10-05 end
173,d06-063-10-06 of
173,d06-063-10-07 England
