138,c02-003-00-00 It
138,c02-003-00-01 would
138,c02-003-00-02 now
138,c02-003-00-03 seem
138,c02-003-00-04 that
138,c02-003-00-06 name
138,c02-003-00-07 must
138,c02-003-01-00 be
138,c02-003-01-01 added
138,c02-003-01-02 to
138,c02-003-01-03 this
138,c02-003-01-04 list
138,c02-003-01-06 for
138,c02-003-01-07 his
138,c02-003-01-08 new
138,c02-003-01-09 film
138,c02-003-02-00 may
138,c02-003-02-01 well
138,c02-003-02-02 be
138,c02-003-02-05 in
138,c02-003-02-06 the
138,c02-003-03-00 sation
138,c02-003-03-01 of
138,c02-003-03-02 the
138,c02-003-03-03 German
138,c02-003-03-04 cinema
138,c02-003-03-06 Wicki
138,c02-003-03-07 is
138,c02-003-04-00 not
138,c02-003-04-01 only
138,c02-003-04-05 He
138,c02-003-04-06 began
138,c02-003-04-07 his
138,c02-003-04-08 career
138,c02-003-05-00 as
138,c02-003-05-01 an
138,c02-003-05-02 actor
138,c02-003-05-04 had
138,c02-003-05-05 his
138,c02-003-05-06 first
138,c02-003-06-00 film
138,c02-003-06-02 in
138,c02-003-06-05 Die
138,c02-003-06-06 letzt
138,c02-003-07-03 and
138,c02-003-07-04 he
138,c02-003-07-05 also
138,c02-003-07-06 appears
138,c02-003-07-07 in
138,c02-003-07-08 the
138,c02-003-08-00 new
138,c02-003-08-02 film
