343,g06-037l-00-00 God
343,g06-037l-00-01 grant
343,g06-037l-00-03 however
343,g06-037l-00-05 that
343,g06-037l-00-07 may
343,g06-037l-00-08 be
343,g06-037l-00-10 false
343,g06-037l-00-11 prophet
343,g06-037l-00-13 that
343,g06-037l-01-00 all
343,g06-037l-01-01 may
343,g06-037l-01-02 go
343,g06-037l-01-03 well
343,g06-037l-01-05 Sir
343,g06-037l-01-07 Peel
343,g06-037l-01-08 was
343,g06-037l-01-09 here
343,g06-037l-02-00 but
343,g06-037l-02-01 an
343,g06-037l-02-02 express
343,g06-037l-02-03 took
343,g06-037l-02-04 him
343,g06-037l-02-05 off
343,g06-037l-03-00 While
343,g06-037l-03-01 he
343,g06-037l-03-02 was
343,g06-037l-03-03 in
343,g06-037l-03-04 Naples
343,g06-037l-03-05 there
343,g06-037l-03-06 had
343,g06-037l-03-07 opened
343,g06-037l-03-09 new
343,g06-037l-03-10 chapter
343,g06-037l-04-00 in
343,g06-037l-04-01 the
343,g06-037l-04-02 history
343,g06-037l-04-03 of
343,g06-037l-04-06 search
343,g06-037l-04-07 for
343,g06-037l-05-00 an
343,g06-037l-05-03 of
343,g06-037l-05-04 his
343,g06-037l-05-05 painful
343,g06-037l-05-06 malady
343,g06-037l-05-08 None
343,g06-037l-06-00 of
343,g06-037l-06-01 the
343,g06-037l-06-05 to
343,g06-037l-06-06 which
343,g06-037l-06-07 he
343,g06-037l-06-08 had
343,g06-037l-07-00 been
343,g06-037l-07-02 ever
343,g06-037l-07-03 since
343,g06-037l-07-04 the
343,g06-037l-07-06 had
343,g06-037l-07-07 first
343,g06-037l-08-00 shown
343,g06-037l-08-03 years
343,g06-037l-08-04 before
343,g06-037l-08-05 had
343,g06-037l-08-06 had
343,g06-037l-08-07 the
343,g06-037l-09-01 effect
343,g06-031l-00-01 What
343,g06-031l-00-04 event
343,g06-031l-00-07 he
343,g06-031l-00-08 wrote
343,g06-031l-00-12 tremble
343,g06-031l-00-14 What
343,g06-031l-01-04 am
343,g06-031l-01-07 but
343,g06-031l-01-09 really
343,g06-031l-01-10 tremble
343,g06-031l-02-00 for
343,g06-031l-02-01 my
343,g06-031l-02-02 country
343,g06-031l-02-05 may
343,g06-031l-02-06 be
343,g06-031l-02-11 cannot
343,g06-031l-02-12 but
343,g06-031l-03-00 fear
343,g06-031l-03-01 that
343,g06-031l-03-02 the
343,g06-031l-03-04 of
343,g06-031l-03-05 the
343,g06-031l-03-06 People
343,g06-031l-03-07 will
343,g06-031l-03-08 be
343,g06-031l-03-09 so
343,g06-031l-04-00 great
343,g06-031l-04-01 at
343,g06-031l-04-02 the
343,g06-031l-04-03 return
343,g06-031l-04-04 of
343,g06-031l-04-07 that
343,g06-031l-04-08 the
343,g06-031l-04-09 Commons
343,g06-031l-05-00 House
343,g06-031l-05-01 upon
343,g06-031l-05-05 which
343,g06-031l-05-06 must
343,g06-031l-05-07 be
343,g06-031l-05-08 had
343,g06-031l-05-10 will
343,g06-031l-05-11 be
343,g06-031l-06-00 mass
343,g06-031l-06-01 of
343,g06-031l-06-05 then
343,g06-031l-06-06 God
343,g06-031l-06-07 knows
343,g06-031l-06-08 what
343,g06-031l-06-09 may
343,g06-031l-06-10 happen
343,g06-018l-00-00 When
343,g06-018l-00-01 the
343,g06-018l-00-02 sailing
343,g06-018l-00-03 season
343,g06-018l-00-04 was
343,g06-018l-00-05 past
343,g06-018l-00-07 he
343,g06-018l-00-08 sent
343,g06-018l-00-09 Pearl
343,g06-018l-00-10 back
343,g06-018l-00-11 to
343,g06-018l-01-00 England
343,g06-018l-01-02 and
343,g06-018l-01-04 to
343,g06-018l-01-05 Rome
343,g06-018l-01-06 for
343,g06-018l-01-07 the
343,g06-018l-01-08 winter
343,g06-018l-01-10 In
343,g06-018l-01-11 late
343,g06-018l-02-02 he
343,g06-018l-02-03 was
343,g06-018l-02-06 as
343,g06-018l-02-07 usual
343,g06-018l-02-10 but
343,g06-018l-02-11 hoped
343,g06-018l-02-13 he
343,g06-018l-02-14 told
343,g06-018l-03-00 Arthur
343,g06-018l-03-03 to
343,g06-018l-03-04 find
343,g06-018l-03-05 this
343,g06-018l-03-06 place
343,g06-018l-03-07 agree
343,g06-018l-03-08 with
343,g06-018l-03-09 me
343,g06-018l-03-10 better
343,g06-018l-03-11 than
343,g06-018l-03-12 Naples
343,g06-018l-04-00 The
343,g06-018l-04-01 journey
343,g06-018l-04-02 has
343,g06-018l-04-03 been
343,g06-018l-04-04 against
343,g06-018l-04-05 me
343,g06-018l-04-07 as
343,g06-018l-04-08 there
343,g06-018l-04-09 has
343,g06-018l-04-10 been
343,g06-018l-04-11 much
343,g06-018l-04-12 rain
343,g06-018l-05-00 and
343,g06-018l-05-01 damp
343,g06-018l-05-03 but
343,g06-018l-05-04 the
343,g06-018l-05-06 is
343,g06-018l-05-07 high
343,g06-018l-05-10 have
343,g06-018l-05-11 not
343,g06-018l-05-12 yet
343,g06-018l-06-00 thought
343,g06-018l-06-01 of
343,g06-018l-06-03 fire
343,g06-047l-00-00 This
343,g06-047l-00-02 man
343,g06-047l-00-03 of
343,g06-047l-00-06 whom
343,g06-047l-00-07 Sir
343,g06-047l-00-08 Francis
343,g06-047l-01-00 Burdett
343,g06-047l-01-02 to
343,g06-047l-01-05 year
343,g06-047l-01-06 or
343,g06-047l-01-07 two
343,g06-047l-01-08 later
343,g06-047l-01-09 as
343,g06-047l-02-01 more
343,g06-047l-02-02 like
343,g06-047l-02-04 God
343,g06-047l-02-05 upon
343,g06-047l-02-06 earth
343,g06-047l-02-07 than
343,g06-047l-02-09 human
343,g06-047l-02-10 being
343,g06-047l-03-00 had
343,g06-047l-03-01 an
343,g06-047l-03-03 number
343,g06-047l-03-04 of
343,g06-047l-03-06 among
343,g06-047l-04-01 medical
343,g06-047l-04-02 men
343,g06-047l-04-03 in
343,g06-047l-04-04 the
343,g06-047l-04-05 cities
343,g06-047l-04-06 of
343,g06-047l-04-07 Europe
343,g06-047l-05-00 One
343,g06-047l-05-01 of
343,g06-047l-05-02 these
343,g06-047l-05-03 was
343,g06-047l-05-04 the
343,g06-047l-05-07 Dr
343,g06-047l-05-09 Mauro
343,g06-047l-06-00 whom
343,g06-047l-06-03 in
343,g06-047l-06-04 May
343,g06-050l-00-01 first
343,g06-050l-00-02 action
343,g06-050l-00-03 was
343,g06-050l-00-04 to
343,g06-050l-00-05 write
343,g06-050l-00-06 to
343,g06-050l-00-07 his
343,g06-050l-00-08 revered
343,g06-050l-01-00 master
343,g06-050l-01-01 at
343,g06-050l-01-04 near
343,g06-050l-01-05 Leipzig
343,g06-050l-01-07 asking
343,g06-050l-01-08 for
343,g06-050l-01-09 advice
343,g06-050l-02-00 In
343,g06-050l-02-01 doing
343,g06-050l-02-02 so
343,g06-050l-02-03 he
343,g06-050l-02-05 his
343,g06-050l-02-07 patient
343,g06-050l-02-08 and
343,g06-050l-03-00 his
343,g06-050l-03-03 He
343,g06-050l-03-04 told
343,g06-050l-03-06 that
343,g06-050l-03-07 he
343,g06-050l-03-08 found
343,g06-050l-04-02 strong
343,g06-050l-04-05 man
343,g06-050l-04-06 with
343,g06-050l-04-08 gentle
343,g06-050l-04-09 and
343,g06-050l-05-04 and
343,g06-050l-05-05 sedate
343,g06-050l-06-00 not
343,g06-050l-06-01 easily
343,g06-050l-06-04 patient
343,g06-050l-06-05 and
343,g06-050l-07-01 but
343,g06-050l-07-02 he
343,g06-050l-07-03 appears
343,g06-050l-07-04 to
343,g06-050l-07-05 despair
343,g06-050l-07-06 of
343,g06-050l-07-07 ever
343,g06-050l-07-08 being
343,g06-050l-07-09 cured
343,g06-042l-00-00 Nor
343,g06-042l-00-01 is
343,g06-042l-00-02 this
343,g06-042l-00-03 to
343,g06-042l-00-04 be
343,g06-042l-00-06 at
343,g06-042l-00-08 for
343,g06-042l-00-09 even
343,g06-042l-00-10 today
343,g06-042l-00-12 in
343,g06-042l-00-13 the
343,g06-042l-01-02 no
343,g06-042l-01-03 cure
343,g06-042l-01-04 has
343,g06-042l-01-05 been
343,g06-042l-01-06 found
343,g06-042l-01-07 for
343,g06-042l-01-08 the
343,g06-042l-02-00 As
343,g06-042l-02-01 early
343,g06-042l-02-02 as
343,g06-042l-02-05 when
343,g06-042l-02-08 himself
343,g06-042l-02-09 to
343,g06-042l-02-10 be
343,g06-042l-03-00 on
343,g06-042l-03-01 the
343,g06-042l-03-02 point
343,g06-042l-03-03 of
343,g06-042l-03-04 death
343,g06-042l-03-06 the
343,g06-042l-03-07 new
343,g06-042l-03-08 German
343,g06-042l-03-10 method
343,g06-042l-04-00 known
343,g06-042l-04-01 as
343,g06-042l-04-03 had
343,g06-042l-04-04 been
343,g06-042l-04-05 brought
343,g06-042l-04-06 to
343,g06-042l-04-07 his
343,g06-042l-04-08 notice
343,g06-026l-00-02 life
343,g06-026l-00-03 truly
343,g06-026l-00-06 It
343,g06-026l-00-07 so
343,g06-026l-00-08 happens
343,g06-026l-00-09 that
343,g06-026l-00-11 have
343,g06-026l-00-12 an
343,g06-026l-01-00 Italian
343,g06-026l-01-01 who
343,g06-026l-01-02 is
343,g06-026l-01-03 perhaps
343,g06-026l-01-04 the
343,g06-026l-01-05 best
343,g06-026l-01-06 Valet
343,g06-026l-01-07 de
343,g06-026l-01-08 Chambre
343,g06-026l-01-09 that
343,g06-026l-02-00 ever
343,g06-026l-02-01 was
343,g06-026l-02-03 But
343,g06-026l-02-04 he
343,g06-026l-02-05 has
343,g06-026l-02-06 not
343,g06-026l-02-07 one
343,g06-026l-02-08 word
343,g06-026l-02-09 of
343,g06-026l-02-10 English
343,g06-026l-03-00 While
343,g06-026l-03-01 he
343,g06-026l-03-02 was
343,g06-026l-03-03 writing
343,g06-026l-03-04 this
343,g06-026l-03-05 letter
343,g06-026l-03-06 he
343,g06-026l-03-07 heard
343,g06-026l-03-08 of
343,g06-026l-03-09 the
343,g06-026l-03-10 fall
343,g06-026l-03-11 of
343,g06-026l-03-12 the
343,g06-026l-04-00 Whigs
343,g06-026l-04-02 and
343,g06-026l-04-03 the
343,g06-026l-04-06 of
343,g06-026l-04-07 the
343,g06-026l-05-00 by
343,g06-026l-05-01 the
343,g06-026l-05-02 Duke
343,g06-026l-05-03 of
343,g06-045l-00-00 In
343,g06-045l-00-01 April
343,g06-045l-00-02 of
343,g06-045l-00-03 that
343,g06-045l-00-04 year
343,g06-045l-00-05 his
343,g06-045l-00-06 first
343,g06-045l-00-10 the
343,g06-045l-01-01 Lord
343,g06-045l-01-04 had
343,g06-045l-01-05 written
343,g06-045l-01-06 to
343,g06-045l-01-07 advise
343,g06-045l-02-00 to
343,g06-045l-02-01 give
343,g06-045l-02-02 the
343,g06-045l-02-03 system
343,g06-045l-02-05 trial
343,g06-045l-02-07 adding
343,g06-045l-02-08 that
343,g06-045l-02-09 it
343,g06-045l-02-10 was
343,g06-045l-02-11 being
343,g06-045l-03-01 with
343,g06-045l-03-03 success
343,g06-045l-03-04 in
343,g06-045l-03-05 France
343,g06-045l-03-06 and
343,g06-045l-04-00 Italy
343,g06-045l-04-02 and
343,g06-045l-04-03 that
343,g06-045l-04-04 he
343,g06-045l-04-05 himself
343,g06-045l-04-06 was
343,g06-045l-04-07 being
343,g06-045l-04-08 treated
343,g06-045l-04-09 under
343,g06-045l-05-00 doctor
343,g06-045l-05-01 who
343,g06-045l-05-02 had
343,g06-045l-05-03 studied
343,g06-045l-05-04 under
343,g06-045l-05-05 its
343,g06-045l-05-06 founder
343,g06-045l-05-08 the
343,g06-045l-05-09 aged
343,g06-045l-06-01 Samuel
343,g06-011l-00-00 By
343,g06-011l-00-01 the
343,g06-011l-00-02 end
343,g06-011l-00-03 of
343,g06-011l-00-04 the
343,g06-011l-00-05 month
343,g06-011l-00-06 he
343,g06-011l-00-07 still
343,g06-011l-00-09 in
343,g06-011l-00-10 Naples
343,g06-011l-00-12 He
343,g06-011l-01-00 told
343,g06-011l-01-02 that
343,g06-011l-01-03 he
343,g06-011l-01-04 enjoyed
343,g06-011l-01-05 it
343,g06-011l-01-06 as
343,g06-011l-01-07 much
343,g06-011l-01-08 as
343,g06-011l-01-09 his
343,g06-011l-01-10 health
343,g06-011l-02-01 him
343,g06-011l-02-02 to
343,g06-011l-02-03 enjoy
343,g06-011l-02-07 The
343,g06-011l-02-08 Pearl
343,g06-011l-02-11 he
343,g06-011l-02-12 wrote
343,g06-011l-03-01 is
343,g06-011l-03-02 arrived
343,g06-011l-03-04 which
343,g06-011l-03-05 is
343,g06-011l-03-07 great
343,g06-011l-03-11 seems
343,g06-011l-04-00 to
343,g06-011l-04-01 be
343,g06-011l-04-02 tired
343,g06-011l-04-04 he
343,g06-011l-04-05 is
343,g06-011l-04-06 going
343,g06-011l-04-07 out
343,g06-011l-04-08 fast
343,g06-011l-04-11 What
343,g06-011l-04-13 gay
343,g06-011l-04-15 lively
343,g06-011l-05-00 people
343,g06-011l-05-02 and
343,g06-011l-05-03 what
343,g06-011l-05-05 busy
343,g06-011l-05-06 town
343,g06-011l-05-08 At
343,g06-011l-05-09 Rome
343,g06-011l-05-11 every
343,g06-011l-05-12 other
343,g06-011l-06-00 man
343,g06-011l-06-01 was
343,g06-011l-06-03 priest
343,g06-011l-06-05 here
343,g06-011l-06-06 the
343,g06-011l-06-07 priest
343,g06-011l-06-08 is
343,g06-011l-06-10 by
343,g06-011l-06-11 the
343,g06-011l-07-00 soldier
343,g06-011l-07-04 change
343,g06-011l-07-05 in
343,g06-011l-07-06 my
343,g06-011l-07-07 eye
343,g06-011l-07-10 as
343,g06-011l-08-00 the
343,g06-011l-08-01 troops
343,g06-011l-08-02 are
343,g06-011l-08-03 very
343,g06-011l-08-04 fine
