069,a06-020-00-00 He
069,a06-020-00-01 was
069,a06-020-00-03 his
069,a06-020-00-06 of
069,a06-020-00-07 the
069,a06-020-00-09 to
069,a06-020-00-10 the
069,a06-020-01-01 In
069,a06-020-01-02 reply
069,a06-020-01-03 to
069,a06-020-01-04 the
069,a06-020-01-05 call
069,a06-020-01-06 for
069,a06-020-01-07 his
069,a06-020-01-09 he
069,a06-020-01-10 said
069,a06-020-01-13 Our
069,a06-020-01-14 rules
069,a06-020-02-00 say
069,a06-020-02-01 that
069,a06-020-02-02 if
069,a06-020-02-03 an
069,a06-020-02-05 resigns
069,a06-020-02-06 he
069,a06-020-02-07 is
069,a06-020-02-08 not
069,a06-020-02-09 allowed
069,a06-020-02-10 to
069,a06-020-02-11 run
069,a06-020-02-12 again
069,a06-020-03-00 for
069,a06-020-03-01 three
069,a06-020-03-02 years
069,a06-020-03-06 have
069,a06-020-03-07 only
069,a06-020-03-10 years
069,a06-020-03-11 to
069,a06-020-03-12 go
069,a06-020-03-13 before
069,a06-020-03-15 retire
069,a06-020-04-00 so
069,a06-020-04-01 this
069,a06-020-04-02 is
069,a06-020-04-03 an
069,a06-020-04-05 from
069,a06-020-04-06 my
069,a06-020-04-07 good
069,a06-020-04-08 friends
069,a06-020-04-09 of
069,a06-020-04-10 the
069,a06-020-04-11 TUC
069,a06-020-04-12 that
069,a06-020-05-01 should
069,a06-020-05-02 commit
