156,c03-007-00-00 In
156,c03-007-00-02 Taste
156,c03-007-00-03 of
156,c03-007-00-04 Honey
156,c03-007-00-07 has
156,c03-007-00-08 taken
156,c03-007-01-01 town
156,c03-007-01-02 in
156,c03-007-01-03 the
156,c03-007-01-05 North
156,c03-007-01-06 of
156,c03-007-01-07 England
156,c03-007-02-00 and
156,c03-007-02-01 has
156,c03-007-02-02 made
156,c03-007-02-03 it
156,c03-007-02-04 live
156,c03-007-02-06 The
156,c03-007-02-07 shabby
156,c03-007-02-08 streets
156,c03-007-03-00 and
156,c03-007-03-01 wet
156,c03-007-03-04 the
156,c03-007-03-05 school
156,c03-007-04-00 the
156,c03-007-04-01 public
156,c03-007-04-03 and
156,c03-007-04-04 the
156,c03-007-04-05 rubbish
156,c03-007-05-00 strewn
156,c03-007-05-01 canals
156,c03-007-05-03 even
156,c03-007-05-04 the
156,c03-007-05-05 worn
156,c03-007-06-00 in
156,c03-007-06-01 the
156,c03-007-06-05 sacred
156,c03-007-06-06 to
156,c03-007-06-07 the
156,c03-007-06-08 memory
156,c03-007-06-09 of
156,c03-007-07-00 are
156,c03-007-07-01 seen
156,c03-007-07-02 as
156,c03-007-07-03 an
156,c03-007-07-05 part
156,c03-007-07-06 of
156,c03-007-07-07 the
156,c03-007-07-08 story
