585,n04-130-00-00 John
585,n04-130-00-01 flushed
585,n04-130-00-06 not
585,n04-130-00-07 in
585,n04-130-00-08 need
585,n04-130-00-09 of
585,n04-130-00-10 charity
585,n04-130-00-14 Come
585,n04-130-01-00 off
585,n04-130-01-01 it
585,n04-130-01-04 said
585,n04-130-01-05 Bawley
585,n04-130-01-08 The
585,n04-130-01-10 of
585,n04-130-01-11 the
585,n04-130-01-12 Daily
585,n04-130-02-00 Courier
585,n04-130-02-01 knows
585,n04-130-02-02 what
585,n04-130-02-04 going
585,n04-130-02-05 on
585,n04-130-02-07 If
585,n04-130-02-08 he
585,n04-130-02-10 mind
585,n04-130-03-00 why
585,n04-130-03-01 should
585,n04-130-03-02 you
585,n04-130-03-07 see
585,n04-130-03-10 John
585,n04-130-03-11 took
585,n04-130-03-12 the
585,n04-130-04-01 glass
585,n04-130-04-02 and
585,n04-130-04-03 looked
585,n04-130-04-04 over
585,n04-130-04-05 the
585,n04-130-04-06 rim
585,n04-130-04-07 at
585,n04-130-04-08 his
585,n04-130-05-03 You
585,n04-130-05-04 want
585,n04-130-05-05 me
585,n04-130-05-06 to
585,n04-130-05-07 talk
585,n04-130-05-09 is
585,n04-130-05-10 that
585,n04-130-05-11 it
585,n04-139-00-01 You
585,n04-139-00-03 me
585,n04-139-00-06 said
585,n04-139-00-07 Bawley
585,n04-139-00-10 You
585,n04-139-00-11 have
585,n04-139-01-00 nothing
585,n04-139-01-01 to
585,n04-139-01-02 tell
585,n04-139-01-03 me
585,n04-139-01-05 yet
585,n04-139-01-07 But
585,n04-139-01-08 we
585,n04-139-01-10 be
585,n04-139-01-11 meeting
585,n04-139-02-00 again
585,n04-139-02-02 no
585,n04-139-02-03 doubt
585,n04-139-02-05 and
585,n04-139-02-06 then
585,n04-139-02-07 you
585,n04-139-02-08 will
585,n04-139-02-09 have
585,n04-139-03-00 Regard
585,n04-139-03-01 this
585,n04-139-03-02 as
585,n04-139-03-05 process
585,n04-139-03-07 and
585,n04-139-04-00 have
585,n04-139-04-01 dinner
585,n04-139-04-02 with
585,n04-139-04-03 me
585,n04-139-04-05 On
585,n04-139-04-06 His
585,n04-139-05-00 of
585,n04-139-05-01 course
585,n04-139-05-05 On
585,n04-139-05-06 one
585,n04-139-05-10 said
585,n04-139-05-11 John
585,n04-139-06-01 Tell
585,n04-139-06-02 me
585,n04-139-06-03 who
585,n04-139-06-04 the
585,n04-139-06-05 little
585,n04-139-06-06 bird
585,n04-139-06-07 was
585,n04-139-07-00 you
585,n04-139-07-01 guess
585,n04-139-07-03 Whose
585,n04-139-07-05 appears
585,n04-139-08-00 in
585,n04-139-08-01 the
585,n04-139-08-02 shiny
585,n04-139-08-03 papers
585,n04-149-00-01 You
585,n04-149-00-02 mean
585,n04-149-00-03 Munyard
585,n04-149-00-07 Sure
585,n04-149-00-09 Very
585,n04-149-00-10 useful
585,n04-149-01-00 contact
585,n04-149-01-02 is
585,n04-149-01-03 our
585,n04-149-01-04 Robbie
585,n04-149-01-06 he
585,n04-149-01-07 gives
585,n04-149-01-08 us
585,n04-149-01-09 the
585,n04-149-01-10 gen
585,n04-149-01-11 and
585,n04-149-02-00 we
585,n04-149-02-01 give
585,n04-149-02-02 him
585,n04-149-02-03 the
585,n04-149-02-07 The
585,n04-149-03-01 Robbie
585,n04-149-03-03 and
585,n04-149-03-04 friend
585,n04-149-03-07 what
585,n04-149-03-09 You
585,n04-149-03-10 know
585,n04-149-03-11 the
585,n04-149-04-00 sort
585,n04-149-04-01 of
585,n04-149-04-02 thing
585,n04-149-04-06 You
585,n04-149-04-08 get
585,n04-149-04-09 nothing
585,n04-149-04-10 out
585,n04-149-04-11 of
585,n04-149-04-12 me
585,n04-149-05-00 said
585,n04-149-05-01 John
585,n04-149-05-04 but
585,n04-149-05-05 you
585,n04-149-05-06 can
585,n04-149-05-07 pay
585,n04-149-05-08 for
585,n04-149-05-09 my
585,n04-149-05-10 drinks
585,n04-149-06-00 if
585,n04-149-06-01 you
585,n04-149-06-02 want
585,n04-149-06-03 to
585,n04-149-06-05 as
585,n04-149-06-06 long
585,n04-149-06-07 as
585,n04-149-06-08 you
585,n04-149-06-09 keep
585,n04-149-06-10 off
585,n04-149-07-00 Service
585,n04-149-07-01 matters
585,n04-156-00-03 One
585,n04-156-00-04 for
585,n04-156-00-05 the
585,n04-156-00-08 darling
585,n04-156-00-10 and
585,n04-156-01-00 tell
585,n04-156-01-01 George
585,n04-156-01-02 to
585,n04-156-01-03 bring
585,n04-156-01-04 in
585,n04-156-01-05 the
585,n04-156-01-07 du
585,n04-156-01-08 jour
585,n04-156-02-00 Bawley
585,n04-156-02-01 was
585,n04-156-02-03 man
585,n04-156-02-04 of
585,n04-156-02-05 his
585,n04-156-02-06 word
585,n04-156-02-08 He
585,n04-156-02-09 kept
585,n04-156-03-00 away
585,n04-156-03-01 from
585,n04-156-03-02 Service
585,n04-156-03-03 matters
585,n04-156-03-05 was
585,n04-156-03-06 an
585,n04-156-04-00 host
585,n04-156-04-01 and
585,n04-156-04-06 The
585,n04-156-04-07 evening
585,n04-156-05-00 passed
585,n04-156-05-01 all
585,n04-156-05-02 too
585,n04-156-05-03 quickly
585,n04-156-05-05 As
585,n04-156-05-06 they
585,n04-156-05-07 parted
585,n04-156-05-08 in
585,n04-156-06-00 the
585,n04-156-06-02 the
585,n04-156-06-03 two
585,n04-156-06-04 men
585,n04-156-06-05 were
585,n04-156-06-06 well
585,n04-156-07-01 towards
585,n04-156-07-02 each
585,n04-156-07-03 other
585,n04-163-00-01 Ever
585,n04-163-00-02 been
585,n04-163-00-03 to
585,n04-163-00-04 Fleet
585,n04-163-00-05 Street
585,n04-163-00-08 asked
585,n04-163-00-09 Bawley
585,n04-163-01-01 You
585,n04-163-01-02 should
585,n04-163-01-04 Next
585,n04-163-01-05 time
585,n04-163-01-06 you
585,n04-163-01-08 in
585,n04-163-01-09 Town
585,n04-163-02-00 give
585,n04-163-02-01 me
585,n04-163-02-03 ring
585,n04-163-02-04 at
585,n04-163-02-05 this
585,n04-163-02-06 number
585,n04-163-02-07 and
585,n04-163-03-00 take
585,n04-163-03-01 you
585,n04-163-03-02 round
585,n04-163-03-03 the
585,n04-163-03-04 pubs
585,n04-163-03-05 where
585,n04-163-03-06 most
585,n04-163-04-00 of
585,n04-163-04-01 the
585,n04-163-04-02 work
585,n04-163-04-03 is
585,n04-163-04-04 done
585,n04-163-04-07 He
585,n04-163-04-08 held
585,n04-163-04-09 out
585,n04-163-04-11 card
585,n04-163-05-00 John
585,n04-163-05-01 took
585,n04-163-05-02 it
585,n04-163-05-03 and
585,n04-163-05-04 put
585,n04-163-05-05 it
585,n04-163-05-06 in
585,n04-163-05-07 his
585,n04-163-05-08 pocket
585,n04-163-06-01 Thanks
585,n04-163-06-04 he
585,n04-163-06-05 said
585,n04-163-06-08 If
585,n04-163-06-09 ever
585,n04-163-06-10 my
585,n04-163-06-11 missus
585,n04-163-07-00 lets
585,n04-163-07-01 me
585,n04-163-07-02 off
585,n04-163-07-03 the
585,n04-163-07-04 chain
585,n04-163-07-07 take
585,n04-163-07-08 you
585,n04-163-08-00 up
585,n04-163-08-01 on
585,n04-163-08-02 that
