620,p03-047-00-01 No
620,p03-047-00-04 she
620,p03-047-00-05 told
620,p03-047-00-06 Phil
620,p03-047-00-07 Gubbins
620,p03-047-00-10 junior
620,p03-047-01-03 it
620,p03-047-01-05 Nigel
620,p03-047-01-06 you
620,p03-047-01-07 saw
620,p03-047-02-00 my
620,p03-047-02-01 lad
620,p03-047-02-05 It
620,p03-047-02-06 was
620,p03-047-02-08 car
620,p03-047-02-10 anyway
620,p03-047-03-00 NUF
620,p03-047-03-05 He
620,p03-047-03-07 loaned
620,p03-047-03-08 his
620,p03-047-03-09 car
620,p03-047-04-00 to
620,p03-047-04-03 Phil
620,p03-047-04-05 He
620,p03-047-04-07 always
620,p03-047-04-08 doing
620,p03-047-04-09 that
620,p03-047-05-00 Young
620,p03-047-05-01 Gubbins
620,p03-047-05-07 see
620,p03-047-05-08 his
620,p03-047-06-00 face
620,p03-047-06-02 Di
620,p03-047-06-04 but
620,p03-047-06-05 it
620,p03-047-06-07 looked
620,p03-047-06-08 like
620,p03-047-07-00 Nigel
620,p03-047-07-01 from
620,p03-047-07-02 the
620,p03-047-07-03 back
620,p03-047-07-06 and
620,p03-047-07-07 all
620,p03-047-08-00 Of
620,p03-047-08-01 course
620,p03-047-08-02 such
620,p03-047-08-03 as
620,p03-047-08-06 afford
620,p03-047-09-00 to
620,p03-047-09-01 go
620,p03-047-09-02 into
620,p03-047-09-03 the
620,p03-047-09-04 Load
620,p03-047-09-05 of
620,p03-047-09-06 Trouble
