554,n01-004-00-00 It
554,n01-004-00-01 was
554,n01-004-00-03 novel
554,n01-004-00-07 was
554,n01-004-01-00 quite
554,n01-004-01-01 unable
554,n01-004-01-02 to
554,n01-004-01-03 explain
554,n01-004-01-04 why
554,n01-004-01-05 he
554,n01-004-01-06 should
554,n01-004-01-07 feel
554,n01-004-02-00 so
554,n01-004-02-01 much
554,n01-004-02-03 in
554,n01-004-02-04 her
554,n01-004-02-06 Once
554,n01-004-02-07 again
554,n01-004-03-00 she
554,n01-004-03-01 checked
554,n01-004-03-02 back
554,n01-004-03-03 her
554,n01-004-03-06 It
554,n01-004-03-07 was
554,n01-004-04-00 obvious
554,n01-004-04-01 that
554,n01-004-04-02 she
554,n01-004-04-03 did
554,n01-004-04-04 not
554,n01-004-04-05 fail
554,n01-004-04-06 to
554,n01-004-04-08 the
554,n01-004-05-00 faith
554,n01-004-05-01 which
554,n01-004-05-02 he
554,n01-004-05-03 was
554,n01-004-05-04 placing
554,n01-004-05-05 in
554,n01-004-05-06 her
554,n01-004-05-07 and
554,n01-004-06-00 was
554,n01-004-06-02 to
554,n01-004-06-03 accept
554,n01-004-06-04 the
