328,g04-092-00-00 It
328,g04-092-00-01 was
328,g04-092-00-02 quite
328,g04-092-00-03 amusing
328,g04-092-00-04 to
328,g04-092-00-05 see
328,g04-092-00-06 how
328,g04-092-00-07 much
328,g04-092-01-00 the
328,g04-092-01-02 enjoyed
328,g04-092-01-03 the
328,g04-092-01-04 service
328,g04-092-01-06 and
328,g04-092-01-08 heard
328,g04-092-02-00 of
328,g04-092-02-01 parents
328,g04-092-02-02 or
328,g04-092-02-04 nurses
328,g04-092-02-06 any
328,g04-092-03-00 naughty
328,g04-092-03-01 child
328,g04-092-03-02 with
328,g04-092-03-03 the
328,g04-092-03-04 penalty
328,g04-092-03-05 of
328,g04-092-03-06 not
328,g04-092-03-07 being
328,g04-092-04-00 allowed
328,g04-092-04-01 to
328,g04-092-04-02 come
328,g04-092-04-03 to
328,g04-092-04-04 the
328,g04-092-04-06 Church
328,g04-092-05-00 on
328,g04-092-05-01 Sunday
328,g04-092-05-05 hope
328,g04-092-05-06 the
328,g04-092-05-07 threat
328,g04-092-06-00 kept
328,g04-092-06-01 them
328,g04-092-06-02 good
328,g04-092-06-03 in
328,g04-092-06-04 the
328,g04-092-06-05 week
328,g04-092-06-07 but
328,g04-092-06-08 anyway
328,g04-092-07-00 they
328,g04-092-07-01 were
328,g04-092-07-03 most
328,g04-092-07-05 lot
328,g04-092-07-07 and
328,g04-092-08-00 it
328,g04-092-08-01 is
328,g04-092-08-03 great
328,g04-092-08-04 joy
328,g04-092-08-05 to
328,g04-092-08-06 meet
328,g04-092-08-07 them
328,g04-092-08-08 now
328,g04-092-09-00 fifty
328,g04-092-09-01 years
328,g04-092-09-03 when
328,g04-092-09-04 so
328,g04-092-09-05 many
328,g04-092-10-00 are
328,g04-092-10-01 parents
328,g04-092-10-02 or
328,g04-092-10-03 even
328,g04-088-00-00 We
328,g04-088-00-05 Sunday
328,g04-088-01-01 service
328,g04-088-01-02 at
328,g04-088-01-03 the
328,g04-088-01-04 church
328,g04-088-01-06 each
328,g04-088-01-07 child
328,g04-088-02-00 being
328,g04-088-02-01 given
328,g04-088-02-03 number
328,g04-088-02-04 which
328,g04-088-02-06 as
328,g04-088-02-07 they
328,g04-088-02-08 came
328,g04-088-02-09 into
328,g04-088-03-00 church
328,g04-088-03-02 they
328,g04-088-03-03 could
328,g04-088-03-04 just
328,g04-088-03-05 whisper
328,g04-088-03-06 to
328,g04-088-04-00 the
328,g04-088-04-02 who
328,g04-088-04-03 filled
328,g04-088-04-04 in
328,g04-088-04-05 the
328,g04-088-05-00 ster
328,g04-088-05-01 at
328,g04-088-05-02 her
328,g04-088-05-03 own
328,g04-088-05-04 home
328,g04-088-05-06 Each
328,g04-088-05-07 child
328,g04-088-05-08 had
328,g04-088-06-00 picture
328,g04-088-06-01 given
328,g04-088-06-02 them
328,g04-088-06-03 and
328,g04-088-06-04 the
328,g04-088-06-05 lesson
328,g04-088-06-06 was
328,g04-088-07-00 largely
328,g04-088-07-01 based
328,g04-088-07-02 on
328,g04-088-07-03 this
328,g04-088-07-05 It
328,g04-088-07-06 was
328,g04-088-07-07 on
328,g04-088-08-00 stamp
328,g04-088-08-01 which
328,g04-088-08-02 could
328,g04-088-08-03 be
328,g04-088-08-04 stuck
328,g04-088-08-05 in
328,g04-088-09-00 their
328,g04-088-09-01 book
328,g04-088-09-03 and
328,g04-088-09-04 there
328,g04-088-09-05 was
328,g04-088-09-06 quite
328,g04-088-10-00 clamour
328,g04-088-10-01 for
328,g04-088-10-02 back
328,g04-088-10-03 stamps
328,g04-088-10-04 if
328,g04-088-10-06 child
328,g04-088-11-00 had
328,g04-088-11-01 to
328,g04-088-11-02 miss
328,g04-088-11-03 the
328,g04-088-11-04 Sunday
328,g04-088-11-05 Church
328,g04-088-11-06 from
328,g04-088-11-07 any
328,g04-088-11-08 cause
