524,m02-066-00-00 All
524,m02-066-00-02 was
524,m02-066-00-03 excited
524,m02-066-00-04 at
524,m02-066-00-05 the
524,m02-066-00-06 time
524,m02-066-00-08 not
524,m02-066-00-09 by
524,m02-066-00-10 the
524,m02-066-00-12 of
524,m02-066-00-13 the
524,m02-066-01-02 visit
524,m02-066-01-04 but
524,m02-066-01-05 by
524,m02-066-01-07 great
524,m02-066-01-08 storm
524,m02-066-01-09 in
524,m02-066-01-10 the
524,m02-066-02-00 sphere
524,m02-066-02-01 of
524,m02-066-02-02 the
524,m02-066-02-03 sun
524,m02-066-02-06 matter
524,m02-066-02-07 which
524,m02-066-02-08 on
524,m02-066-02-09 Earth
524,m02-066-02-10 would
524,m02-066-02-11 hardly
524,m02-066-03-01 beyond
524,m02-066-03-02 the
524,m02-066-03-03 minds
524,m02-066-03-04 of
524,m02-066-03-06 was
524,m02-066-03-07 of
524,m02-066-03-08 general
524,m02-066-04-01 to
524,m02-066-04-02 the
524,m02-066-04-03 Mos
524,m02-066-04-06 because
524,m02-066-04-07 their
524,m02-066-04-08 habitat
524,m02-066-04-09 is
524,m02-066-05-00 not
524,m02-066-05-02 beneath
524,m02-066-05-04 deep
524,m02-066-05-05 natural
