221,e02-021-00-02 it
221,e02-021-00-03 is
221,e02-021-00-04 better
221,e02-021-00-05 to
221,e02-021-01-01 any
221,e02-021-01-03 that
221,e02-021-01-04 may
221,e02-021-01-05 be
221,e02-021-02-00 needed
221,e02-021-02-01 at
221,e02-021-02-02 the
221,e02-021-02-03 top
221,e02-021-02-04 before
221,e02-021-02-05 the
221,e02-021-02-07 is
221,e02-021-03-00 begun
221,e02-021-03-02 Some
221,e02-021-03-03 plain
221,e02-021-03-04 tapered
221,e02-021-03-05 legs
221,e02-021-03-06 have
221,e02-021-04-00 the
221,e02-021-04-01 taper
221,e02-021-04-02 on
221,e02-021-04-03 the
221,e02-021-04-04 two
221,e02-021-04-05 inner
221,e02-021-04-06 faces
221,e02-021-04-07 only
221,e02-021-05-00 the
221,e02-021-05-01 outer
221,e02-021-05-03 being
221,e02-021-05-05 as
221,e02-021-06-00 at
221,e02-021-06-08 To
221,e02-021-06-09 make
221,e02-021-06-11 leg
221,e02-021-06-12 such
221,e02-021-06-13 as
221,e02-021-07-00 that
221,e02-021-07-01 at
221,e02-021-07-09 the
221,e02-021-07-10 square
221,e02-021-07-11 is
221,e02-021-07-12 first
221,e02-021-08-00 marked
221,e02-021-08-01 out
221,e02-021-08-02 as
221,e02-021-08-03 at
