270,f03-191-00-00 May
270,f03-191-00-02 suggest
270,f03-191-00-03 that
270,f03-191-00-04 you
270,f03-191-00-05 have
270,f03-191-00-06 proved
270,f03-191-00-07 that
270,f03-191-01-00 right
270,f03-191-01-04 And
270,f03-191-01-05 away
270,f03-191-01-06 you
270,f03-191-01-07 go
270,f03-191-01-08 into
270,f03-191-02-00 your
270,f03-191-02-01 speech
270,f03-191-02-03 Take
270,f03-191-02-04 some
270,f03-191-02-05 thought
270,f03-191-02-07 too
270,f03-191-02-09 for
270,f03-191-02-10 your
270,f03-191-02-11 ending
270,f03-191-03-00 Thank
270,f03-191-03-01 you
270,f03-191-03-02 for
270,f03-191-03-04 to
270,f03-191-03-05 me
270,f03-191-03-06 so
270,f03-191-04-01 often
270,f03-191-04-02 used
270,f03-191-04-03 that
270,f03-191-04-04 finish
270,f03-191-04-06 No
270,f03-191-04-07 wonder
270,f03-191-04-08 he
270,f03-191-05-01 get
270,f03-191-05-02 in
270,f03-191-05-04 Instead
270,f03-191-05-05 he
270,f03-191-05-06 might
270,f03-191-05-07 have
270,f03-191-05-08 ended
270,f03-191-06-00 this
270,f03-191-06-01 way
270,f03-191-06-03 Well
270,f03-191-06-05 those
270,f03-191-06-06 are
270,f03-191-06-07 my
270,f03-191-06-08 views
