065,a05-009-00-00 He
065,a05-009-00-01 has
065,a05-009-00-02 had
065,a05-009-00-05 with
065,a05-009-00-06 the
065,a05-009-00-07 Service
065,a05-009-01-02 He
065,a05-009-01-03 has
065,a05-009-01-04 also
065,a05-009-01-05 had
065,a05-009-01-06 talks
065,a05-009-01-07 with
065,a05-009-01-08 the
065,a05-009-01-09 Earl
065,a05-009-02-00 of
065,a05-009-02-01 Home
065,a05-009-02-03 Foreign
065,a05-009-02-06 and
065,a05-009-02-07 with
065,a05-009-02-08 other
065,a05-009-03-02 with
065,a05-009-03-04 aspects
065,a05-009-04-00 of
065,a05-009-04-01 defence
065,a05-009-04-02 policy
065,a05-009-04-04 Details
065,a05-009-04-05 of
065,a05-009-04-06 the
065,a05-009-04-07 scheme
065,a05-009-05-00 are
065,a05-009-05-01 now
065,a05-009-05-02 being
065,a05-009-05-03 worked
065,a05-009-05-04 out
065,a05-009-05-05 by
065,a05-009-05-06 the
065,a05-009-05-07 Chiefs
065,a05-009-06-00 of
065,a05-009-06-01 Staff
065,a05-009-06-04 process
065,a05-009-06-05 that
065,a05-009-06-06 may
065,a05-009-06-07 take
065,a05-009-06-08 four
065,a05-009-07-00 or
065,a05-009-07-01 five
065,a05-009-07-02 months
065,a05-004-00-00 Short
065,a05-004-00-01 of
065,a05-004-00-02 wearing
065,a05-004-00-03 the
065,a05-004-00-04 same
065,a05-004-00-05 uniform
065,a05-004-00-07 which
065,a05-004-00-08 is
065,a05-004-01-00 not
065,a05-004-01-03 the
065,a05-004-01-04 Navy
065,a05-004-01-06 Army
065,a05-004-01-07 and
065,a05-004-01-08 Royal
065,a05-004-02-00 Air
065,a05-004-02-01 Force
065,a05-004-02-02 would
065,a05-004-02-03 become
065,a05-004-02-05 for
065,a05-004-03-01 single
065,a05-004-03-02 defence
065,a05-004-03-03 force
065,a05-004-03-05 There
065,a05-004-03-06 would
065,a05-004-03-07 be
065,a05-004-04-02 at
065,a05-004-04-03 all
065,a05-004-04-04 levels
065,a05-004-04-05 in
065,a05-004-05-00 and
065,a05-004-05-03 This
065,a05-004-05-04 would
065,a05-004-05-05 apply
065,a05-004-05-06 also
065,a05-004-05-07 in
065,a05-004-05-08 the
065,a05-004-06-00 command
065,a05-004-06-02 and
065,a05-004-06-03 central
065,a05-004-07-06 of
065,a05-004-07-07 Defence
065,a05-004-08-00 has
065,a05-004-08-01 been
065,a05-004-08-02 working
065,a05-004-08-03 on
065,a05-004-08-04 the
065,a05-004-08-05 plan
065,a05-004-08-06 for
065,a05-004-08-07 some
065,a05-004-08-08 months
065,a05-004-09-00 with
065,a05-004-09-01 the
065,a05-004-09-02 Prime
