280,f04-061-00-00 Some
280,f04-061-00-01 thought
280,f04-061-00-02 that
280,f04-061-00-03 the
280,f04-061-00-04 result
280,f04-061-00-05 would
280,f04-061-00-06 be
280,f04-061-00-07 all
280,f04-061-01-00 sorts
280,f04-061-01-01 of
280,f04-061-01-04 brought
280,f04-061-01-05 on
280,f04-061-01-06 by
280,f04-061-01-07 the
280,f04-061-02-04 The
280,f04-061-02-06 who
280,f04-061-02-07 travel
280,f04-061-03-00 by
280,f04-061-03-01 it
280,f04-061-03-02 will
280,f04-061-03-03 be
280,f04-061-03-04 so
280,f04-061-03-06 sick
280,f04-061-03-08 what
280,f04-061-03-09 with
280,f04-061-03-10 the
280,f04-061-04-00 foul
280,f04-061-04-01 air
280,f04-061-04-03 smoke
280,f04-061-04-04 and
280,f04-061-04-05 sulphur
280,f04-061-04-07 that
280,f04-061-04-08 the
280,f04-061-04-09 mention
280,f04-061-05-00 of
280,f04-061-05-02 railway
280,f04-061-05-03 will
280,f04-061-05-04 be
280,f04-061-05-05 worse
280,f04-061-05-06 than
280,f04-061-06-00 wrote
280,f04-061-06-01 an
280,f04-061-06-04 when
280,f04-061-06-05 it
280,f04-061-06-06 was
280,f04-061-07-01 to
280,f04-061-07-02 build
280,f04-061-07-03 the
280,f04-061-07-04 Box
280,f04-061-07-05 Tunnel
280,f04-064-00-00 The
280,f04-064-00-01 mere
280,f04-064-00-02 thought
280,f04-064-00-03 of
280,f04-064-00-05 travel
280,f04-064-01-00 gave
280,f04-064-01-01 others
280,f04-064-01-03 feeling
280,f04-064-01-04 of
280,f04-064-01-05 danger
280,f04-064-01-08 medical
280,f04-064-01-09 journal
280,f04-064-02-00 said
280,f04-064-02-03 the
280,f04-064-02-05 peal
280,f04-064-02-06 of
280,f04-064-02-07 thunder
280,f04-064-02-09 the
280,f04-064-02-10 sudden
280,f04-064-03-01 in
280,f04-064-03-02 gloom
280,f04-064-03-04 and
280,f04-064-03-05 the
280,f04-064-03-06 clash
280,f04-064-03-07 of
280,f04-064-04-00 sounds
280,f04-064-04-01 in
280,f04-064-04-04 space
280,f04-064-04-05 combine
280,f04-064-04-06 to
280,f04-064-04-07 produce
280,f04-064-05-01 shudder
280,f04-064-05-03 or
280,f04-064-05-04 idea
280,f04-064-05-05 of
280,f04-064-05-09 thrill
280,f04-064-06-00 of
280,f04-064-06-04 It
280,f04-064-06-05 was
280,f04-064-06-06 also
280,f04-064-06-08 that
280,f04-064-07-01 would
280,f04-064-07-02 be
280,f04-064-07-03 robbed
280,f04-064-07-04 and
280,f04-064-07-06 in
280,f04-064-07-07 the
