540,m03-062-00-00 Small
540,m03-062-00-04 they
540,m03-062-00-05 were
540,m03-062-01-00 with
540,m03-062-01-01 black
540,m03-062-01-03 matted
540,m03-062-01-04 hair
540,m03-062-01-05 and
540,m03-062-02-01 to
540,m03-062-02-02 the
540,m03-062-02-03 shrunk
540,m03-062-02-04 heads
540,m03-062-02-05 we
540,m03-062-02-06 had
540,m03-062-03-00 gazed
540,m03-062-03-01 at
540,m03-062-03-04 and
540,m03-062-03-06 have
540,m03-062-03-07 no
540,m03-062-04-01 in
540,m03-062-04-02 saying
540,m03-062-04-03 that
540,m03-062-04-04 they
540,m03-062-04-05 would
540,m03-062-04-06 have
540,m03-062-05-00 made
540,m03-062-05-01 an
540,m03-062-05-02 end
540,m03-062-05-03 of
540,m03-062-05-04 us
540,m03-062-05-05 but
540,m03-062-05-06 for
540,m03-062-05-07 an
540,m03-062-06-00 so
540,m03-062-06-03 so
540,m03-062-06-04 unusual
540,m03-062-06-06 that
540,m03-062-06-07 only
540,m03-062-06-08 the
540,m03-062-07-01 of
540,m03-062-07-03 my
540,m03-062-08-00 compels
540,m03-062-08-01 me
540,m03-062-08-02 to
540,m03-062-08-03 mention
540,m03-062-08-04 it
