534,m02-109-00-01 out
534,m02-109-00-02 in
534,m02-109-00-03 their
534,m02-109-00-04 white
534,m02-109-00-05 shorts
534,m02-109-00-07 they
534,m02-109-00-08 looked
534,m02-109-00-09 glad
534,m02-109-00-10 enough
534,m02-109-01-00 to
534,m02-109-01-01 be
534,m02-109-01-04 however
534,m02-109-01-06 with
534,m02-109-01-07 the
534,m02-109-01-08 single
534,m02-109-01-10 of
534,m02-109-01-11 one
534,m02-109-02-00 worried
534,m02-109-02-01 little
534,m02-109-02-03 who
534,m02-109-02-04 kept
534,m02-109-02-05 getting
534,m02-109-02-06 out
534,m02-109-02-07 of
534,m02-109-03-00 step
534,m02-109-03-02 He
534,m02-109-03-03 looked
534,m02-109-03-04 as
534,m02-109-03-05 if
534,m02-109-03-06 nothing
534,m02-109-03-07 Moke
534,m02-109-03-08 and
534,m02-109-03-09 his
534,m02-109-04-00 minions
534,m02-109-04-01 could
534,m02-109-04-02 do
534,m02-109-04-03 to
534,m02-109-04-04 him
534,m02-109-04-05 would
534,m02-109-04-06 ever
534,m02-109-04-07 make
534,m02-109-04-08 him
534,m02-109-05-00 GO
534,m02-109-05-02 but
534,m02-109-05-03 the
534,m02-109-05-04 reason
534,m02-109-05-06 lay
534,m02-109-05-07 in
534,m02-109-06-01 and
534,m02-109-06-02 not
534,m02-109-06-03 in
534,m02-109-06-04 some
534,m02-109-06-06 from
534,m02-109-06-07 those
534,m02-109-07-00 deeper
534,m02-109-07-01 layers
534,m02-109-07-02 in
534,m02-109-07-03 the
534,m02-109-07-04 human
534,m02-109-07-05 psyche
534,m02-109-07-06 which
534,m02-109-07-07 are
