089,b01-027-00-00 THE
089,b01-027-00-01 Queen
089,b01-027-00-02 and
089,b01-027-00-03 the
089,b01-027-00-04 Duke
089,b01-027-00-05 of
089,b01-027-00-07 come
089,b01-027-00-08 home
089,b01-027-01-00 tonight
089,b01-027-01-01 from
089,b01-027-01-02 their
089,b01-027-01-03 tour
089,b01-027-01-04 in
089,b01-027-01-05 the
089,b01-027-01-06 East
089,b01-027-01-08 The
089,b01-027-02-01 and
089,b01-027-02-02 the
089,b01-027-02-03 ritual
089,b01-027-02-05 of
089,b01-027-02-06 beasts
089,b01-027-03-00 have
089,b01-027-03-01 taken
089,b01-027-03-02 the
089,b01-027-03-04 in
089,b01-027-03-05 this
089,b01-027-03-06 country
089,b01-027-04-02 the
089,b01-027-04-03 tour
089,b01-027-04-04 has
089,b01-027-04-05 been
089,b01-027-04-06 an
089,b01-027-04-07 immense
089,b01-027-05-00 success
089,b01-027-05-02 The
089,b01-027-05-03 Queen
089,b01-027-05-04 has
089,b01-027-05-05 won
089,b01-027-05-07 triumph
089,b01-027-05-09 It
089,b01-027-06-00 would
089,b01-027-06-01 be
089,b01-027-06-03 if
089,b01-027-06-04 such
089,b01-027-06-05 cruel
089,b01-027-06-06 and
089,b01-027-06-07 feudal
089,b01-027-07-01 as
089,b01-027-07-02 tiger
089,b01-027-07-03 and
089,b01-027-07-04 rhino
089,b01-027-07-05 hunts
089,b01-027-07-06 were
089,b01-027-08-00 dropped
089,b01-027-08-01 from
089,b01-027-08-02 future
089,b01-027-08-03 Royal
089,b01-033-00-00 But
089,b01-033-00-01 the
089,b01-033-00-02 Queen
089,b01-033-00-03 and
089,b01-033-00-04 the
089,b01-033-00-05 Duke
089,b01-033-00-06 have
089,b01-033-00-07 pleased
089,b01-033-00-09 by
089,b01-033-01-00 their
089,b01-033-01-01 visit
089,b01-033-01-03 The
089,b01-033-01-04 warmth
089,b01-033-01-05 of
089,b01-033-01-06 their
089,b01-033-01-07 welcome
089,b01-033-01-08 in
089,b01-033-01-09 India
089,b01-033-01-10 and
089,b01-033-02-01 are
089,b01-033-02-02 happy
089,b01-033-02-05 WEST
089,b01-033-02-06 GERMANY
089,b01-033-03-01 by
089,b01-033-03-02 the
089,b01-033-03-03 Dutch
089,b01-033-03-05 has
089,b01-033-03-06 made
089,b01-033-03-07 the
089,b01-033-03-08 gesture
089,b01-033-04-00 of
089,b01-033-04-02 good
089,b01-033-04-05 She
089,b01-033-04-06 has
089,b01-033-04-07 put
089,b01-033-04-08 up
089,b01-033-04-09 the
089,b01-033-04-10 value
089,b01-033-05-00 of
089,b01-033-05-01 her
089,b01-033-05-02 money
089,b01-038-00-02 the
089,b01-038-00-03 rise
089,b01-038-00-04 is
089,b01-038-00-05 very
089,b01-038-00-06 small
089,b01-038-00-08 But
089,b01-038-00-09 it
089,b01-038-00-10 is
089,b01-038-00-12 step
089,b01-038-01-00 in
089,b01-038-01-01 the
089,b01-038-01-03 of
089,b01-038-01-06 Hopes
089,b01-038-02-00 will
089,b01-038-02-01 now
089,b01-038-02-02 grow
089,b01-038-02-04 of
089,b01-038-02-05 further
089,b01-038-03-02 which
089,b01-038-03-03 is
089,b01-038-03-04 the
089,b01-038-03-05 only
089,b01-038-03-06 way
089,b01-038-03-07 to
089,b01-038-03-08 solve
089,b01-038-03-09 the
089,b01-038-04-02 that
089,b01-038-04-03 upset
089,b01-038-04-04 the
089,b01-038-04-05 Western
089,b01-038-04-06 world
089,b01-038-05-00 Britain
089,b01-038-05-01 and
089,b01-038-05-02 the
089,b01-038-05-05 which
089,b01-038-05-06 have
089,b01-038-05-08 with
089,b01-038-06-00 their
089,b01-038-06-03 will
089,b01-038-06-04 gain
089,b01-038-06-05 some
089,b01-038-06-07 help
089,b01-038-07-00 What
089,b01-038-07-01 it
089,b01-038-07-02 means
089,b01-038-07-03 in
089,b01-038-07-05 terms
089,b01-038-07-06 is
089,b01-038-07-07 that
089,b01-038-07-08 our
089,b01-038-08-00 exports
089,b01-038-08-01 to
089,b01-038-08-02 Germany
089,b01-038-08-03 will
089,b01-038-08-04 now
089,b01-038-08-05 be
089,b01-038-08-07 little
089,b01-038-08-08 cheaper
089,b01-038-09-00 for
089,b01-038-09-01 Germans
089,b01-038-09-02 to
089,b01-038-09-03 buy
089,b01-038-09-05 while
089,b01-038-09-06 the
089,b01-038-09-07 goods
089,b01-038-09-08 which
089,b01-038-10-00 Germany
089,b01-038-10-01 exports
089,b01-038-10-02 will
089,b01-038-10-03 be
089,b01-038-10-04 made
089,b01-038-10-06 little
089,b01-038-10-07 dearer
