028,a02-050-00-00 If
028,a02-050-00-01 the
028,a02-050-00-06 was
028,a02-050-00-07 not
028,a02-050-00-09 to
028,a02-050-00-10 bring
028,a02-050-01-00 the
028,a02-050-01-02 back
028,a02-050-01-03 from
028,a02-050-01-04 his
028,a02-050-01-05 travels
028,a02-050-01-06 it
028,a02-050-01-07 might
028,a02-050-01-08 have
028,a02-050-01-09 been
028,a02-050-02-00 thought
028,a02-050-02-01 that
028,a02-050-02-02 the
028,a02-050-02-03 muster
028,a02-050-02-04 from
028,a02-050-02-05 the
028,a02-050-02-07 States
028,a02-050-02-08 of
028,a02-050-02-09 the
028,a02-050-03-01 was
028,a02-050-03-02 an
028,a02-050-03-04 worthy
028,a02-050-03-05 of
028,a02-050-03-06 his
028,a02-050-04-00 After
028,a02-050-04-01 all
028,a02-050-04-02 it
028,a02-050-04-03 was
028,a02-050-04-05 Nkrumah
028,a02-050-04-06 who
028,a02-050-04-08 that
028,a02-050-04-09 this
028,a02-050-05-00 year
028,a02-050-05-01 the
028,a02-050-05-04 Council
028,a02-050-05-05 should
028,a02-050-05-06 meet
028,a02-050-06-00 in
028,a02-050-06-01 Accra
028,a02-050-07-01 enough
