092,b01-089-00-00 The
092,b01-089-00-01 big
092,b01-089-00-02 Powers
092,b01-089-00-04 in
092,b01-089-00-05 the
092,b01-089-00-06 Cold
092,b01-089-00-07 War
092,b01-089-01-00 must
092,b01-089-01-01 of
092,b01-089-01-02 course
092,b01-089-01-03 keep
092,b01-089-01-04 out
092,b01-089-01-06 The
092,b01-089-01-08 were
092,b01-089-02-01 in
092,b01-089-02-03 naval
092,b01-089-02-04 ships
092,b01-089-02-05 in
092,b01-089-02-06 case
092,b01-089-03-01 help
092,b01-089-03-02 was
092,b01-089-03-03 wanted
092,b01-089-03-05 but
092,b01-089-03-06 they
092,b01-089-04-01 that
092,b01-089-04-02 there
092,b01-089-04-03 was
092,b01-089-04-04 no
092,b01-089-04-06 to
092,b01-089-05-00 in
092,b01-089-05-04 the
092,b01-089-05-05 ships
092,b01-089-05-06 turned
092,b01-089-05-07 away
092,b01-089-06-00 again
092,b01-089-06-03 that
092,b01-089-06-04 they
092,b01-089-06-05 were
092,b01-089-06-06 not
092,b01-089-07-00 It
092,b01-089-07-01 is
092,b01-089-07-02 to
092,b01-089-07-03 be
092,b01-089-07-04 hoped
092,b01-089-07-05 that
092,b01-089-07-06 the
092,b01-089-07-07 UN
092,b01-089-07-08 will
092,b01-089-07-09 be
092,b01-089-08-01 in
092,b01-089-08-02 their
092,b01-089-08-03 port
092,b01-089-08-04 by
092,b01-089-09-00 and
092,b01-089-09-01 that
092,b01-089-09-02 there
092,b01-089-09-03 will
092,b01-089-09-04 be
092,b01-089-09-05 no
092,b01-089-09-06 more
092,b01-094-00-00 But
092,b01-094-00-01 back
092,b01-094-00-05 is
092,b01-094-01-00 they
092,b01-094-01-01 must
092,b01-094-01-02 go
092,b01-094-01-04 The
092,b01-094-01-05 best
092,b01-094-01-06 news
092,b01-094-01-07 for
092,b01-094-01-08 the
092,b01-094-01-09 Congo
092,b01-094-02-00 would
092,b01-094-02-01 be
092,b01-094-02-03 between
092,b01-094-02-04 its
092,b01-094-02-05 rival
092,b01-094-03-01 leaders
092,b01-094-03-03 Through
092,b01-094-03-04 the
092,b01-094-03-05 patient
092,b01-094-03-06 efforts
092,b01-094-04-00 of
092,b01-094-04-01 UN
092,b01-094-04-03 they
092,b01-094-04-04 are
092,b01-094-04-05 meeting
092,b01-094-04-06 for
092,b01-094-05-00 the
092,b01-094-05-01 first
092,b01-094-05-02 time
092,b01-094-05-04 in
092,b01-094-06-03 THE
092,b01-094-06-04 world
092,b01-094-06-05 will
092,b01-094-06-06 sigh
092,b01-094-06-07 with
092,b01-094-07-00 relief
092,b01-094-07-01 when
092,b01-094-07-02 this
092,b01-094-07-04 land
092,b01-094-07-05 gets
092,b01-094-08-00 itself
092,b01-094-08-03 which
092,b01-094-08-04 all
092,b01-094-09-00 can
092,b01-084-00-00 That
092,b01-084-00-01 was
092,b01-084-00-02 the
092,b01-084-00-03 first
092,b01-084-00-04 point
092,b01-084-00-05 that
092,b01-084-01-00 made
092,b01-084-01-02 India
092,b01-084-01-03 has
092,b01-084-01-06 by
092,b01-084-02-01 men
092,b01-084-02-03 who
092,b01-084-02-04 must
092,b01-084-02-05 take
092,b01-084-02-06 about
092,b01-084-02-09 to
092,b01-084-02-10 arrive
092,b01-084-03-00 If
092,b01-084-03-01 the
092,b01-084-03-02 UN
092,b01-084-03-03 forces
092,b01-084-03-04 were
092,b01-084-03-05 thick
092,b01-084-03-06 enough
092,b01-084-03-07 on
092,b01-084-03-08 the
092,b01-084-03-09 ground
092,b01-084-04-00 such
092,b01-084-04-02 as
092,b01-084-04-03 that
092,b01-084-04-04 at
092,b01-084-04-05 Matadi
092,b01-084-04-06 would
092,b01-084-04-07 not
092,b01-084-05-00 happen
092,b01-084-05-02 THE
092,b01-084-05-04 ability
092,b01-084-05-05 to
092,b01-084-05-06 keep
092,b01-084-05-07 peace
092,b01-084-05-08 depends
092,b01-084-06-00 simply
092,b01-084-06-01 on
092,b01-084-06-03 support
092,b01-084-06-04 by
092,b01-084-06-05 the
092,b01-084-06-06 nations
092,b01-084-07-00 which
092,b01-084-07-01 have
092,b01-084-07-02 set
092,b01-084-07-03 their
092,b01-084-07-04 hands
092,b01-084-07-05 to
092,b01-084-07-06 this
092,b01-084-07-07 plough
