192,d04-071-00-00 And
192,d04-071-00-01 we
192,d04-071-00-02 will
192,d04-071-00-03 nail
192,d04-071-00-04 the
192,d04-071-00-05 Divine
192,d04-071-00-06 Law
192,d04-071-00-07 on
192,d04-071-00-08 the
192,d04-071-01-00 door
192,d04-071-01-01 posts
192,d04-071-01-02 of
192,d04-071-01-03 the
192,d04-071-01-04 house
192,d04-071-01-05 and
192,d04-071-01-06 upon
192,d04-071-01-07 the
192,d04-071-01-08 gates
192,d04-071-02-01 That
192,d04-071-02-02 your
192,d04-071-02-03 days
192,d04-071-02-04 may
192,d04-071-02-05 be
192,d04-071-02-07 and
192,d04-071-02-08 the
192,d04-071-03-00 days
192,d04-071-03-01 of
192,d04-071-03-02 your
192,d04-071-03-04 in
192,d04-071-03-05 the
192,d04-071-03-06 land
192,d04-071-03-08 which
192,d04-071-04-00 the
192,d04-071-04-01 Lord
192,d04-071-04-02 swear
192,d04-071-04-03 unto
192,d04-071-04-04 your
192,d04-071-04-05 father
192,d04-071-04-06 to
192,d04-071-04-07 give
192,d04-071-04-08 them
192,d04-071-05-00 as
192,d04-071-05-01 days
192,d04-071-05-02 of
192,d04-071-05-03 HEAVEN
192,d04-071-05-04 ON
192,d04-071-05-05 EARTH
192,d04-071-05-07 That
192,d04-071-06-00 means
192,d04-071-06-01 the
192,d04-071-06-02 Kingdom
192,d04-071-06-03 of
192,d04-071-07-01 Talmud
192,d04-075-00-00 The
192,d04-075-00-03 which
192,d04-075-00-04 is
192,d04-075-00-05 nailed
192,d04-075-00-06 on
192,d04-075-00-07 the
192,d04-075-01-01 those
192,d04-075-01-02 two
192,d04-075-01-03 lessons
192,d04-075-01-05 The
192,d04-075-01-06 third
192,d04-075-01-07 lesson
192,d04-075-02-00 of
192,d04-075-02-01 the
192,d04-075-02-02 Shmah
192,d04-075-02-04 Numbers
192,d04-075-02-09 is
192,d04-075-03-00 called
192,d04-075-03-02 the
192,d04-075-03-04 of
192,d04-075-03-05 the
192,d04-075-03-06 land
192,d04-075-03-07 of
192,d04-075-04-00 Egypt
192,d04-075-04-03 It
192,d04-075-04-04 starts
192,d04-075-04-05 with
192,d04-075-04-06 the
192,d04-075-04-07 story
192,d04-075-04-08 of
192,d04-075-04-09 the
192,d04-075-04-10 fringes
192,d04-075-05-00 the
192,d04-075-05-05 This
192,d04-075-05-06 lesson
192,d04-075-05-07 used
192,d04-075-05-08 to
192,d04-075-05-09 be
192,d04-075-05-10 read
192,d04-075-06-00 only
192,d04-075-06-01 in
192,d04-075-06-02 the
192,d04-075-06-03 morning
192,d04-075-06-05 And
192,d04-075-06-06 the
192,d04-075-06-07 Talmud
192,d04-075-06-08 tells
192,d04-075-07-00 story
192,d04-075-07-02 which
192,d04-075-07-03 is
192,d04-075-07-04 also
192,d04-075-07-05 in
192,d04-075-07-06 the
192,d04-075-07-07 Hagadah
192,d04-075-07-08 that
192,d04-075-08-00 Rabbi
192,d04-075-08-01 Eleasar
192,d04-075-08-02 ben
192,d04-075-08-03 Assarja
192,d04-075-08-04 said
192,d04-075-08-08 am
192,d04-075-09-00 nearly
192,d04-075-09-01 seventy
192,d04-075-09-02 and
192,d04-075-09-04 had
192,d04-075-09-05 not
192,d04-075-09-07 that
