637,r02-003-00-00 He
637,r02-003-00-01 read
637,r02-003-00-02 the
637,r02-003-00-03 film
637,r02-003-00-05 sorry
637,r02-003-00-06 story
637,r02-003-00-07 and
637,r02-003-00-08 frowned
637,r02-003-00-09 at
637,r02-003-00-10 the
637,r02-003-01-01 of
637,r02-003-01-05 which
637,r02-003-01-06 not
637,r02-003-01-07 only
637,r02-003-01-08 allowed
637,r02-003-01-09 her
637,r02-003-02-00 to
637,r02-003-02-01 claim
637,r02-003-02-02 relief
637,r02-003-02-03 on
637,r02-003-02-04 the
637,r02-003-02-05 most
637,r02-003-02-09 but
637,r02-003-02-10 also
637,r02-003-03-02 the
637,r02-003-03-03 tax
637,r02-003-03-04 until
637,r02-003-03-05 her
637,r02-003-03-07 year
637,r02-003-04-00 was
637,r02-003-04-01 ended
637,r02-003-04-03 audited
637,r02-003-04-04 and
637,r02-003-04-05 agreed
637,r02-003-04-06 by
637,r02-003-04-07 the
637,r02-003-04-10 The
637,r02-003-05-00 process
637,r02-003-05-01 could
637,r02-003-05-03 and
637,r02-003-05-04 often
637,r02-003-05-05 did
637,r02-003-05-06 take
637,r02-003-05-07 several
637,r02-003-05-08 years
