197,d04-117-00-00 Leaning
197,d04-117-00-01 back
197,d04-117-00-02 carries
197,d04-117-00-03 the
197,d04-117-00-05 message
197,d04-117-00-07 And
197,d04-117-00-08 we
197,d04-117-01-00 start
197,d04-117-01-01 the
197,d04-117-01-02 Seder
197,d04-117-01-03 showing
197,d04-117-01-04 the
197,d04-117-01-05 Matzos
197,d04-117-01-07 that
197,d04-117-01-08 they
197,d04-117-02-00 resent
197,d04-117-02-01 the
197,d04-117-02-03 Bread
197,d04-117-02-04 of
197,d04-117-02-05 Poverty
197,d04-117-02-07 which
197,d04-117-02-08 our
197,d04-117-03-00 were
197,d04-117-03-01 eating
197,d04-117-03-02 in
197,d04-117-03-05 to
197,d04-117-03-06 show
197,d04-117-03-07 they
197,d04-117-03-08 were
197,d04-117-03-09 willing
197,d04-117-03-10 to
197,d04-117-03-11 learn
197,d04-117-04-00 and
197,d04-117-04-01 we
197,d04-117-04-02 invite
197,d04-117-04-03 anybody
197,d04-117-04-04 who
197,d04-117-04-05 wishes
197,d04-117-04-06 to
197,d04-117-04-07 partake
197,d04-117-04-08 in
197,d04-117-04-09 our
197,d04-117-05-02 saying
197,d04-117-05-05 Anybody
197,d04-117-05-06 who
197,d04-117-05-07 is
197,d04-117-05-08 hungry
197,d04-117-05-10 let
197,d04-117-05-11 him
197,d04-117-05-12 come
197,d04-117-06-00 and
197,d04-117-06-01 eat
197,d04-117-06-03 Anybody
197,d04-117-06-04 who
197,d04-117-06-05 is
197,d04-117-06-06 thirsty
197,d04-117-06-08 let
197,d04-117-06-09 him
197,d04-117-06-10 come
197,d04-117-06-11 and
197,d04-117-07-00 drink
197,d04-121-00-00 And
197,d04-121-00-01 we
197,d04-121-00-02 want
197,d04-121-00-03 all
197,d04-121-00-04 to
197,d04-121-00-05 eat
197,d04-121-00-06 and
197,d04-121-00-07 drink
197,d04-121-00-08 His
197,d04-121-00-09 Great
197,d04-121-00-11 of
197,d04-121-00-12 the
197,d04-121-01-00 four
197,d04-121-01-01 ways
197,d04-121-01-02 of
197,d04-121-01-06 Hence
197,d04-121-01-08 four
197,d04-121-01-12 which
197,d04-121-01-13 are
197,d04-121-02-00 really
197,d04-121-02-02 to
197,d04-121-02-03 examine
197,d04-121-02-04 into
197,d04-121-02-05 the
197,d04-121-02-07 of
197,d04-121-02-08 the
197,d04-121-02-09 four
197,d04-121-03-01 are
197,d04-121-03-02 asked
197,d04-121-03-03 at
197,d04-121-03-04 the
197,d04-121-03-06 about
197,d04-121-03-07 these
197,d04-121-03-09 four
197,d04-121-04-00 symbols
197,d04-121-04-03 the
197,d04-121-04-07 And
197,d04-121-04-08 the
197,d04-121-04-09 person
197,d04-121-04-10 who
197,d04-121-04-11 asks
197,d04-121-04-12 these
197,d04-121-05-01 is
197,d04-121-05-02 seeking
197,d04-121-05-03 the
197,d04-121-05-04 opinion
197,d04-121-05-05 of
197,d04-121-05-06 the
197,d04-121-05-07 one
197,d04-121-05-08 who
197,d04-121-05-09 is
197,d04-121-06-01 the
197,d04-121-06-02 Seder
