153,c03-016d-00-00 But
153,c03-016d-00-01 there
153,c03-016d-00-02 is
153,c03-016d-00-03 heart
153,c03-016d-00-04 in
153,c03-016d-00-05 the
153,c03-016d-00-06 telling
153,c03-016d-00-08 and
153,c03-016d-00-09 an
153,c03-016d-01-00 intense
153,c03-016d-01-01 realism
153,c03-016d-01-02 in
153,c03-016d-01-03 the
153,c03-016d-01-07 young
153,c03-016d-02-00 girl
153,c03-016d-02-01 lives
153,c03-016d-02-02 in
153,c03-016d-02-04 single
153,c03-016d-02-05 dingy
153,c03-016d-02-06 room
153,c03-016d-02-07 with
153,c03-016d-03-00 her
153,c03-016d-03-04 mother
153,c03-016d-03-06 In
153,c03-016d-03-07 such
153,c03-016d-04-01 she
153,c03-016d-04-02 learns
153,c03-016d-04-03 sex
153,c03-016d-04-04 is
153,c03-016d-05-00 sordid
153,c03-016d-05-02 and
153,c03-016d-05-03 when
153,c03-016d-05-04 she
153,c03-016d-05-06 it
153,c03-016d-05-07 for
153,c03-016d-06-00 the
153,c03-016d-06-01 first
153,c03-016d-06-02 time
153,c03-016d-06-03 herself
153,c03-016d-06-04 it
153,c03-016d-06-05 is
153,c03-016d-07-00 but
153,c03-016d-07-01 half
153,c03-016d-07-02 shyly
153,c03-016d-07-03 and
153,c03-016d-07-04 half
153,c03-016d-07-07 As
153,c03-016d-08-00 is
153,c03-016d-08-01 the
153,c03-016d-08-02 case
153,c03-016d-08-03 in
153,c03-016d-08-04 Fanny
153,c03-016d-08-05 her
153,c03-016d-08-06 first
153,c03-016d-08-07 lover
153,c03-016d-08-08 is
153,c03-016d-08-10 sailor
153,c03-016d-09-00 who
153,c03-016d-09-01 leaves
153,c03-016d-09-02 her
153,c03-016d-09-03 to
153,c03-016d-09-04 bear
153,c03-016d-09-05 his
153,c03-016d-09-06 child
153,c03-016d-09-07 and
153,c03-016d-09-08 sails
153,c03-016d-10-00 away
153,c03-096d-00-00 Only
153,c03-096d-00-03 actions
153,c03-096d-00-07 arose
153,c03-096d-01-01 from
153,c03-096d-01-03 motives
153,c03-096d-01-05 The
153,c03-096d-02-00 rest
153,c03-096d-02-02 one
153,c03-096d-02-03 feels
153,c03-096d-02-05 were
153,c03-096d-02-06 driven
153,c03-096d-02-07 to
153,c03-096d-03-00 action
153,c03-096d-03-01 by
153,c03-096d-03-02 the
153,c03-096d-03-03 author
153,c03-096d-03-04 in
153,c03-096d-03-05 spite
153,c03-096d-03-06 of
153,c03-096d-03-07 the
153,c03-096d-04-01 with
153,c03-096d-04-02 which
153,c03-096d-04-03 he
153,c03-096d-04-04 had
153,c03-096d-04-05 endowed
153,c03-096d-05-00 them
153,c03-096d-05-02 One
153,c03-096d-05-03 hopes
153,c03-096d-05-04 that
153,c03-096d-05-05 he
153,c03-096d-05-06 is
153,c03-096d-05-07 not
153,c03-096d-05-08 asking
153,c03-096d-06-00 us
153,c03-096d-06-01 to
153,c03-096d-06-02 believe
153,c03-096d-06-03 that
153,c03-096d-06-05 because
153,c03-096d-06-06 of
153,c03-096d-06-07 their
153,c03-096d-06-08 odd
153,c03-096d-07-00 accents
153,c03-096d-07-02 they
153,c03-096d-07-03 act
153,c03-096d-07-04 oddly
153,c03-096d-07-05 like
153,c03-096d-07-06 the
153,c03-096d-07-07 queer
153,c03-096d-08-01 of
153,c03-084d-00-01 Bryan
153,c03-084d-00-04 is
153,c03-084d-00-05 quietly
153,c03-084d-01-02 giving
153,c03-084d-01-03 full
153,c03-084d-01-04 value
153,c03-084d-01-05 to
153,c03-084d-01-06 the
153,c03-084d-01-07 formal
153,c03-084d-02-01 of
153,c03-084d-02-03 writing
153,c03-084d-02-04 without
153,c03-084d-03-01 them
153,c03-084d-03-03 Last
153,c03-084d-03-05 play
153,c03-084d-03-06 in
153,c03-084d-03-07 the
153,c03-084d-04-01 Play
153,c03-084d-04-02 of
153,c03-084d-04-03 the
153,c03-084d-04-04 Week
153,c03-084d-04-06 series
153,c03-084d-04-07 on
153,c03-084d-05-02 Then
153,c03-084d-05-03 We
153,c03-084d-05-04 Fall
153,c03-084d-05-06 by
153,c03-084d-05-08 Paul
153,c03-084d-06-00 ris
153,c03-084d-06-02 was
153,c03-084d-06-05 on
153,c03-084d-06-06 the
153,c03-084d-06-07 not
153,c03-084d-07-00 theme
153,c03-084d-07-01 of
153,c03-084d-07-02 the
153,c03-084d-07-04 power
153,c03-084d-07-05 of
153,c03-007d-00-00 In
153,c03-007d-00-02 Taste
153,c03-007d-00-03 of
153,c03-007d-00-04 Honey
153,c03-007d-00-07 has
153,c03-007d-01-00 taken
153,c03-007d-01-02 town
153,c03-007d-01-03 in
153,c03-007d-01-04 the
153,c03-007d-01-06 North
153,c03-007d-01-07 of
153,c03-007d-02-00 England
153,c03-007d-02-01 and
153,c03-007d-02-02 has
153,c03-007d-02-03 made
153,c03-007d-02-04 it
153,c03-007d-02-05 live
153,c03-007d-02-07 The
153,c03-007d-02-08 shabby
153,c03-007d-03-00 streets
153,c03-007d-03-01 and
153,c03-007d-03-02 wet
153,c03-007d-03-05 the
153,c03-007d-03-06 school
153,c03-007d-04-02 the
153,c03-007d-04-03 public
153,c03-007d-04-05 and
153,c03-007d-05-00 the
153,c03-007d-05-01 rubbish
153,c03-007d-05-02 strewn
153,c03-007d-05-03 canals
153,c03-007d-05-05 even
153,c03-007d-05-06 the
153,c03-007d-06-00 worn
153,c03-007d-06-02 in
153,c03-007d-06-03 the
153,c03-007d-06-07 sacred
153,c03-007d-07-00 to
153,c03-007d-07-01 the
153,c03-007d-07-02 memory
153,c03-007d-07-03 of
153,c03-007d-07-06 are
153,c03-007d-07-07 seen
153,c03-007d-07-08 as
153,c03-007d-07-09 an
153,c03-007d-08-01 part
153,c03-007d-08-02 of
153,c03-007d-08-03 the
153,c03-007d-08-04 story
153,c03-087d-00-00 It
153,c03-087d-00-01 went
153,c03-087d-00-03 perhaps
153,c03-087d-00-05 some
153,c03-087d-00-07 beyond
153,c03-087d-01-00 most
153,c03-087d-01-02 of
153,c03-087d-01-03 its
153,c03-087d-01-04 subject
153,c03-087d-01-05 by
153,c03-087d-02-01 to
153,c03-087d-03-01 which
153,c03-087d-03-02 left
153,c03-087d-03-03 its
153,c03-087d-03-04 central
153,c03-087d-04-00 and
153,c03-087d-04-01 the
153,c03-087d-04-02 world
153,c03-087d-04-03 around
153,c03-087d-04-04 him
153,c03-087d-04-05 in
153,c03-087d-05-03 We
153,c03-087d-05-04 could
153,c03-087d-05-06 perhaps
153,c03-087d-06-00 say
153,c03-087d-06-01 whether
153,c03-087d-06-02 or
153,c03-087d-06-03 not
153,c03-087d-06-04 the
153,c03-087d-06-05 attempt
153,c03-087d-07-00 of
153,c03-087d-07-01 we
153,c03-087d-07-02 had
153,c03-087d-07-04 little
153,c03-087d-07-05 more
153,c03-087d-07-06 faith
153,c03-087d-07-07 in
153,c03-087d-07-08 the
153,c03-087d-08-00 way
153,c03-087d-08-01 in
153,c03-087d-08-02 which
153,c03-087d-08-04 Ferris
153,c03-087d-09-00 his
153,c03-021d-00-00 In
153,c03-021d-00-01 Fanny
153,c03-021d-00-02 the
153,c03-021d-00-04 girl
153,c03-021d-00-05 is
153,c03-021d-00-07 by
153,c03-021d-01-00 an
153,c03-021d-01-01 old
153,c03-021d-01-02 man
153,c03-021d-01-04 Here
153,c03-021d-01-05 it
153,c03-021d-01-06 is
153,c03-021d-01-08 young
153,c03-021d-02-01 from
153,c03-021d-02-02 women
153,c03-021d-02-03 but
153,c03-021d-02-04 yet
153,c03-021d-02-05 moved
153,c03-021d-02-06 by
153,c03-021d-03-00 strong
153,c03-021d-03-03 to
153,c03-021d-03-04 the
153,c03-021d-03-05 unborn
153,c03-021d-03-06 child
153,c03-021d-04-00 as
153,c03-021d-04-01 much
153,c03-021d-04-02 as
153,c03-021d-04-03 to
153,c03-021d-04-04 the
153,c03-021d-04-06 mother
153,c03-021d-04-08 who
153,c03-021d-05-00 acts
153,c03-021d-05-01 as
153,c03-021d-05-04 and
153,c03-021d-05-06 to
153,c03-021d-05-07 her
153,c03-021d-05-08 in
153,c03-021d-06-00 her
153,c03-021d-06-01 hour
153,c03-021d-06-02 of
153,c03-021d-06-03 need
153,c03-021d-06-05 He
153,c03-021d-06-06 shares
153,c03-021d-06-07 her
153,c03-021d-06-08 room
153,c03-021d-06-09 and
153,c03-021d-06-10 gives
153,c03-021d-07-00 her
153,c03-021d-07-01 his
153,c03-021d-07-02 forlorn
153,c03-021d-07-03 gift
153,c03-021d-07-04 of
153,c03-021d-07-06 and
153,c03-021d-08-03 you
153,c03-021d-08-04 need
153,c03-021d-08-05 someone
153,c03-021d-08-06 to
153,c03-021d-08-07 love
153,c03-021d-08-08 you
153,c03-021d-08-09 while
153,c03-021d-09-00 you
153,c03-021d-09-01 are
153,c03-021d-09-02 looking
153,c03-021d-09-03 for
153,c03-021d-09-04 someone
153,c03-021d-09-05 to
153,c03-021d-09-06 love
153,c03-081d-00-02 the
153,c03-081d-00-04 has
153,c03-081d-01-01 error
153,c03-081d-01-02 in
153,c03-081d-01-04 Irene
153,c03-081d-01-05 to
153,c03-081d-01-06 speak
153,c03-081d-02-00 for
153,c03-081d-02-01 herself
153,c03-081d-02-03 we
153,c03-081d-02-04 would
153,c03-081d-02-05 be
153,c03-081d-02-07 clearer
153,c03-081d-03-00 in
153,c03-081d-03-01 our
153,c03-081d-03-02 minds
153,c03-081d-03-03 about
153,c03-081d-03-04 her
153,c03-081d-03-05 if
153,c03-081d-03-06 she
153,c03-081d-04-01 flawed
153,c03-081d-04-02 but
153,c03-081d-04-04 enigma
153,c03-081d-04-06 seen
153,c03-081d-04-07 but
153,c03-081d-05-00 not
153,c03-081d-05-01 heard
153,c03-081d-05-03 However
153,c03-081d-05-05 Miss
153,c03-081d-05-06 Pinkie
153,c03-081d-06-00 makes
153,c03-081d-06-01 her
153,c03-081d-06-02 few
153,c03-081d-06-03 brief
153,c03-081d-06-04 scenes
153,c03-081d-06-07 and
153,c03-081d-07-01 Landen
153,c03-081d-07-03 in
153,c03-081d-07-04 the
153,c03-081d-07-05 longest
153,c03-081d-07-06 and
153,c03-081d-07-07 most
153,c03-081d-08-01 role
153,c03-081d-08-03 that
153,c03-081d-08-04 of
153,c03-081d-08-05 the
153,c03-081d-08-08 gives
153,c03-081d-09-02 of
153,c03-081d-09-03 rare
153,c03-081d-09-05 and
153,c03-081d-10-01 power
153,c03-094d-00-01 William
153,c03-094d-00-02 Lucas
153,c03-094d-00-04 Morris
153,c03-094d-00-06 is
153,c03-094d-00-07 always
153,c03-094d-01-01 pushing
153,c03-094d-01-03 Miss
153,c03-094d-01-04 Sheila
153,c03-094d-01-05 Allen
153,c03-094d-02-00 his
153,c03-094d-02-01 wife
153,c03-094d-02-03 always
153,c03-094d-02-04 palely
153,c03-094d-03-00 James
153,c03-094d-03-01 Maxwell
153,c03-094d-03-03 the
153,c03-094d-03-04 editor
153,c03-094d-03-06 always
153,c03-094d-04-00 cally
153,c03-094d-04-01 abashed
153,c03-094d-04-02 by
153,c03-094d-04-03 the
153,c03-094d-04-04 events
153,c03-094d-04-06 and
153,c03-094d-05-00 Aubrey
153,c03-094d-05-03 the
153,c03-094d-05-06 always
153,c03-094d-06-03 they
153,c03-094d-06-04 were
153,c03-094d-06-05 not
153,c03-094d-07-00 asked
153,c03-094d-07-01 to
153,c03-094d-07-03 from
153,c03-094d-07-04 their
153,c03-094d-07-05 set
153,c03-094d-07-06 moods
153,c03-094d-08-00 but
153,c03-094d-08-01 played
153,c03-094d-08-02 with
153,c03-094d-08-03 proper
153,c03-094d-08-05 and
153,c03-094d-09-00 in
153,c03-094d-09-01 the
153,c03-094d-09-02 case
153,c03-094d-09-03 of
153,c03-094d-09-07 with
153,c03-094d-09-08 lavish
153,c03-094d-10-00 and
153,c03-094d-10-02 gaudy
153,c03-094d-10-03 colour
153,c03-003d-00-00 This
153,c03-003d-00-01 is
153,c03-003d-00-02 not
153,c03-003d-00-04 filmed
153,c03-003d-00-05 play
153,c03-003d-00-07 It
153,c03-003d-00-08 has
153,c03-003d-00-09 been
153,c03-003d-01-01 in
153,c03-003d-01-02 terms
153,c03-003d-01-03 of
153,c03-003d-01-04 the
153,c03-003d-01-05 cinema
153,c03-003d-01-07 and
153,c03-003d-01-08 again
153,c03-003d-02-00 and
153,c03-003d-02-01 again
153,c03-003d-02-02 it
153,c03-003d-02-03 is
153,c03-003d-02-04 the
153,c03-003d-02-05 visual
153,c03-003d-02-07 of
153,c03-003d-02-08 the
153,c03-003d-03-00 story
153,c03-003d-03-02 and
153,c03-003d-03-03 the
153,c03-003d-03-05 of
153,c03-003d-03-06 the
153,c03-003d-03-07 central
153,c03-003d-04-00 ters
153,c03-003d-04-01 to
153,c03-003d-04-02 their
153,c03-003d-04-05 which
153,c03-003d-04-06 bring
153,c03-003d-04-07 the
153,c03-003d-05-00 film
153,c03-003d-05-01 so
153,c03-003d-05-02 vividly
153,c03-003d-05-03 to
153,c03-003d-05-04 life
153,c03-003d-05-06 In
153,c03-003d-05-07 Fanny
153,c03-003d-05-09 which
153,c03-003d-06-00 also
153,c03-003d-06-01 has
153,c03-003d-06-02 its
153,c03-003d-06-06 the
153,c03-003d-07-01 Joshua
153,c03-003d-07-02 Logan
153,c03-003d-07-05 but
153,c03-003d-07-06 failed
153,c03-003d-07-07 to
153,c03-003d-08-00 create
153,c03-003d-08-01 the
153,c03-003d-08-03 of
153,c03-003d-08-05 city
153,c03-000d-00-00 The
153,c03-000d-00-01 film
153,c03-000d-00-02 version
153,c03-000d-00-03 of
153,c03-000d-00-04 Miss
153,c03-000d-00-05 Shelagh
153,c03-000d-01-00 play
153,c03-000d-01-02 Taste
153,c03-000d-01-03 of
153,c03-000d-01-04 Honey
153,c03-000d-01-05 opens
153,c03-000d-01-06 at
153,c03-000d-01-07 the
153,c03-000d-02-00 Square
153,c03-000d-02-01 Theatre
153,c03-000d-02-04 It
153,c03-000d-02-05 has
153,c03-000d-02-06 been
153,c03-000d-03-00 duced
153,c03-000d-03-01 and
153,c03-000d-03-03 by
153,c03-000d-03-05 Tony
153,c03-000d-04-00 who
153,c03-000d-04-01 is
153,c03-000d-04-02 also
153,c03-000d-04-04 with
153,c03-000d-04-05 Miss
153,c03-000d-04-06 Delaney
153,c03-000d-05-00 of
153,c03-000d-05-01 the
153,c03-000d-05-02 script
153,c03-000d-05-04 and
153,c03-000d-05-05 the
153,c03-000d-05-06 great
153,c03-000d-05-08 to
153,c03-000d-06-00 be
153,c03-000d-06-01 derived
153,c03-000d-06-02 from
153,c03-000d-06-03 this
153,c03-000d-06-04 unity
153,c03-000d-06-05 of
153,c03-000d-06-07 and
153,c03-000d-07-00 control
153,c03-000d-07-01 are
