081,a06-100-00-01 to
081,a06-100-00-07 looked
081,a06-100-00-08 towards
081,a06-100-01-05 These
081,a06-100-01-06 were
081,a06-100-01-08 in
081,a06-100-01-09 which
081,a06-100-01-10 the
081,a06-100-02-01 of
081,a06-100-02-02 the
081,a06-100-02-03 Board
081,a06-100-02-04 of
081,a06-100-02-05 Trade
081,a06-100-02-06 played
081,a06-100-02-09 part
081,a06-100-02-12 the
081,a06-100-03-00 Premier
081,a06-100-03-01 said
081,a06-100-03-03 He
081,a06-100-03-05 the
081,a06-100-03-06 idea
081,a06-100-03-07 that
081,a06-100-03-08 Britain
081,a06-100-03-09 would
081,a06-100-03-10 be
081,a06-100-04-00 swamped
081,a06-100-04-01 by
081,a06-100-04-02 cheap
081,a06-100-04-03 labour
081,a06-100-04-05 Our
081,a06-100-04-08 he
081,a06-100-04-09 said
081,a06-100-04-11 would
081,a06-100-05-01 gain
081,a06-100-05-04 Many
081,a06-100-05-05 people
081,a06-100-05-06 feel
081,a06-100-05-07 we
081,a06-100-05-08 have
081,a06-100-05-09 had
081,a06-100-05-11 perhaps
081,a06-100-05-13 too
081,a06-100-06-00 much
081,a06-100-06-01 shelter
081,a06-100-06-04 he
081,a06-100-06-05 went
081,a06-100-06-06 on
081,n02-146-00-00 She
081,n02-146-00-01 was
081,n02-146-00-02 tempted
081,n02-146-00-03 to
081,n02-146-00-04 laugh
081,n02-146-00-06 but
081,n02-146-00-07 it
081,n02-146-00-08 was
081,n02-146-00-09 as
081,n02-146-00-10 though
081,n02-146-00-11 that
081,n02-146-00-12 barb
081,n02-146-00-13 still
081,n02-146-00-14 stuck
081,n02-146-01-00 in
081,n02-146-01-01 her
081,n02-146-01-03 flesh
081,n02-146-01-06 You
081,n02-146-01-08 an
081,n02-146-01-09 answer
081,n02-146-01-11 of
081,n02-146-01-12 sorts
081,n02-146-01-14 for
081,n02-146-01-18 she
081,n02-146-02-00 said
081,n02-146-02-01 shortly
081,n02-146-02-07 no
081,n02-146-02-08 more
081,n02-146-02-09 to
081,n02-146-02-10 say
081,n02-146-02-12 so
081,n02-146-02-14 suggest
081,n02-146-02-15 we
081,n02-146-02-16 get
081,n02-146-03-00 along
081,n02-146-03-03 To
081,n02-146-03-04 her
081,n02-146-03-05 great
081,n02-146-03-06 relief
081,n02-146-03-07 they
081,n02-146-03-08 arrived
081,n02-146-03-09 at
081,n02-146-03-10 the
081,n02-146-03-11 cluster
081,n02-146-03-12 of
081,n02-146-03-13 little
081,n02-146-03-14 houses
081,n02-146-04-00 where
081,n02-146-04-01 Hubert
081,n02-146-04-02 had
081,n02-146-04-03 been
081,n02-146-04-04 living
081,n02-146-04-05 to
081,n02-146-04-06 find
081,n02-146-04-07 the
081,n02-146-04-08 old
081,n02-146-04-09 man
081,n02-146-04-10 stowing
081,n02-146-04-11 in
081,n02-146-05-01 fashion
081,n02-146-05-02 his
081,n02-146-05-03 few
081,n02-146-05-05 into
081,n02-146-05-08 and
081,n02-146-06-01 ancient
081,n02-146-06-02 car
081,n02-146-06-05 by
081,n02-146-06-07 friends
081,n02-146-06-08 and
