308,g03-000-01-00 Yet
308,g03-000-01-01 in
308,g03-000-01-02 spite
308,g03-000-01-03 of
308,g03-000-01-04 the
308,g03-000-01-05 fact
308,g03-000-01-06 that
308,g03-000-01-07 his
308,g03-000-01-08 ideas
308,g03-000-01-09 did
308,g03-000-01-10 his
308,g03-000-02-01 no
308,g03-000-02-02 good
308,g03-000-02-03 George
308,g03-000-02-04 would
308,g03-000-02-05 never
308,g03-000-02-06 conceal
308,g03-000-02-07 them
308,g03-000-03-00 He
308,g03-000-03-01 was
308,g03-000-03-04 and
308,g03-000-03-06 in
308,g03-000-03-07 the
308,g03-000-03-08 right
308,g03-000-04-00 of
308,g03-000-04-01 the
308,g03-000-04-02 working
308,g03-000-04-03 class
308,g03-000-04-04 to
308,g03-000-04-05 control
308,g03-000-04-06 their
308,g03-000-04-07 own
308,g03-000-04-08 destiny
308,g03-000-04-10 and
308,g03-000-05-00 said
308,g03-000-05-01 so
308,g03-000-05-03 Being
308,g03-000-05-06 and
308,g03-000-05-08 skilled
308,g03-000-05-09 man
308,g03-000-06-00 George
308,g03-000-06-01 won
308,g03-000-06-02 many
308,g03-000-06-03 prizes
308,g03-000-06-05 and
308,g03-000-06-06 though
308,g03-000-06-07 some
308,g03-000-06-08 people
308,g03-000-07-00 would
308,g03-000-07-01 have
308,g03-000-07-02 nothing
308,g03-000-07-03 to
308,g03-000-07-04 do
308,g03-000-07-05 with
308,g03-000-07-06 him
308,g03-000-07-08 others
308,g03-000-08-00 would
308,g03-000-08-02 and
308,g03-000-08-03 the
308,g03-000-08-05 helped
308,g03-000-08-06 in
308,g03-000-08-07 many
308,g03-000-09-00 ways
