621,p03-069-00-00 But
621,p03-069-00-01 after
621,p03-069-00-02 that
621,p03-069-00-03 slight
621,p03-069-00-04 slip
621,p03-069-00-05 of
621,p03-069-00-06 the
621,p03-069-00-07 tongue
621,p03-069-00-08 on
621,p03-069-00-10 part
621,p03-069-00-11 she
621,p03-069-00-12 had
621,p03-069-01-01 it
621,p03-069-01-02 was
621,p03-069-01-04 enough
621,p03-069-01-05 for
621,p03-069-01-06 her
621,p03-069-01-07 to
621,p03-069-01-08 have
621,p03-069-01-11 and
621,p03-069-01-12 it
621,p03-069-02-00 was
621,p03-069-02-01 as
621,p03-069-02-02 though
621,p03-069-02-04 red
621,p03-069-02-05 mist
621,p03-069-02-06 veiled
621,p03-069-02-07 her
621,p03-069-02-08 usually
621,p03-069-02-09 clear
621,p03-069-02-10 sight
621,p03-069-02-11 and
621,p03-069-03-00 made
621,p03-069-03-01 her
621,p03-069-03-02 think
621,p03-069-03-03 there
621,p03-069-03-04 was
621,p03-069-03-05 an
621,p03-069-03-06 abyss
621,p03-069-03-08 ahead
621,p03-069-04-01 Nigel
621,p03-069-04-04 she
621,p03-069-04-05 had
621,p03-069-04-07 him
621,p03-069-04-10 you
621,p03-069-04-11 know
621,p03-069-04-12 that
621,p03-069-04-13 evening
621,p03-069-05-00 you
621,p03-069-05-01 took
621,p03-069-05-02 Luke
621,p03-069-05-04 surgery
621,p03-069-05-05 and
621,p03-069-05-06 there
621,p03-069-05-07 was
621,p03-069-05-09 woman
621,p03-069-06-00 with
621,p03-069-06-02 cyst
621,p03-069-06-03 on
621,p03-069-06-04 her
621,p03-069-06-05 ear
