333,g06-018b-00-00 When
333,g06-018b-00-01 the
333,g06-018b-00-02 sailing
333,g06-018b-00-03 season
333,g06-018b-00-04 was
333,g06-018b-00-05 past
333,g06-018b-00-07 he
333,g06-018b-00-08 sent
333,g06-018b-01-00 Pearl
333,g06-018b-01-01 back
333,g06-018b-01-02 to
333,g06-018b-01-03 England
333,g06-018b-01-05 and
333,g06-018b-02-00 to
333,g06-018b-02-01 Rome
333,g06-018b-02-02 for
333,g06-018b-02-03 the
333,g06-018b-02-04 winter
333,g06-018b-02-06 In
333,g06-018b-02-07 late
333,g06-018b-03-02 he
333,g06-018b-03-03 was
333,g06-018b-03-06 as
333,g06-018b-03-07 usual
333,g06-018b-04-00 but
333,g06-018b-04-01 hoped
333,g06-018b-04-03 he
333,g06-018b-04-04 told
333,g06-018b-04-05 Arthur
333,g06-018b-04-08 to
333,g06-018b-04-09 find
333,g06-018b-05-00 this
333,g06-018b-05-01 place
333,g06-018b-05-02 agree
333,g06-018b-05-03 with
333,g06-018b-05-04 me
333,g06-018b-05-05 better
333,g06-018b-05-06 than
333,g06-018b-06-00 Naples
333,g06-018b-06-02 The
333,g06-018b-06-03 journey
333,g06-018b-06-04 has
333,g06-018b-06-05 been
333,g06-018b-06-06 against
333,g06-018b-07-00 me
333,g06-018b-07-02 as
333,g06-018b-07-03 there
333,g06-018b-07-04 has
333,g06-018b-07-05 been
333,g06-018b-07-06 much
333,g06-018b-07-07 rain
333,g06-018b-07-08 and
333,g06-018b-08-00 damp
333,g06-018b-08-02 but
333,g06-018b-08-03 the
333,g06-018b-08-05 is
333,g06-018b-08-06 high
333,g06-018b-09-02 have
333,g06-018b-09-03 not
333,g06-018b-09-04 yet
333,g06-018b-09-05 thought
333,g06-018b-09-06 of
333,g06-018b-09-08 fire
333,g06-026b-00-02 life
333,g06-026b-00-03 truly
333,g06-026b-00-06 It
333,g06-026b-00-07 so
333,g06-026b-00-08 happens
333,g06-026b-01-00 that
333,g06-026b-01-02 have
333,g06-026b-01-03 an
333,g06-026b-01-04 Italian
333,g06-026b-01-05 who
333,g06-026b-01-06 is
333,g06-026b-01-07 perhaps
333,g06-026b-02-00 the
333,g06-026b-02-01 best
333,g06-026b-02-02 Valet
333,g06-026b-02-03 de
333,g06-026b-02-04 Chambre
333,g06-026b-02-05 that
333,g06-026b-03-00 ever
333,g06-026b-03-01 was
333,g06-026b-03-03 But
333,g06-026b-03-04 he
333,g06-026b-03-05 has
333,g06-026b-03-06 not
333,g06-026b-03-07 one
333,g06-026b-03-08 word
333,g06-026b-04-00 of
333,g06-026b-04-01 English
333,g06-026b-04-04 While
333,g06-026b-04-05 he
333,g06-026b-04-06 was
333,g06-026b-04-07 writing
333,g06-026b-05-00 this
333,g06-026b-05-01 letter
333,g06-026b-05-02 he
333,g06-026b-05-03 heard
333,g06-026b-05-04 of
333,g06-026b-05-05 the
333,g06-026b-05-06 fall
333,g06-026b-05-07 of
333,g06-026b-06-00 the
333,g06-026b-06-01 Whigs
333,g06-026b-06-03 and
333,g06-026b-06-04 the
333,g06-026b-07-01 of
333,g06-026b-07-02 the
333,g06-026b-07-04 by
333,g06-026b-08-00 the
333,g06-026b-08-01 Duke
333,g06-026b-08-02 of
333,g06-037b-00-00 God
333,g06-037b-00-01 grant
333,g06-037b-00-03 however
333,g06-037b-00-05 that
333,g06-037b-00-07 may
333,g06-037b-00-08 be
333,g06-037b-01-00 false
333,g06-037b-01-01 prophet
333,g06-037b-01-03 that
333,g06-037b-01-04 all
333,g06-037b-01-05 may
333,g06-037b-01-06 go
333,g06-037b-01-07 well
333,g06-037b-02-00 Sir
333,g06-037b-02-02 Peel
333,g06-037b-02-03 was
333,g06-037b-02-04 here
333,g06-037b-02-09 but
333,g06-037b-03-00 an
333,g06-037b-03-01 express
333,g06-037b-03-02 took
333,g06-037b-03-03 him
333,g06-037b-03-04 off
333,g06-037b-04-00 While
333,g06-037b-04-01 he
333,g06-037b-04-02 was
333,g06-037b-04-03 in
333,g06-037b-04-04 Naples
333,g06-037b-04-05 there
333,g06-037b-04-06 had
333,g06-037b-04-07 opened
333,g06-037b-05-01 new
333,g06-037b-05-02 chapter
333,g06-037b-05-03 in
333,g06-037b-05-04 the
333,g06-037b-05-05 history
333,g06-037b-05-06 of
333,g06-037b-06-02 search
333,g06-037b-06-03 for
333,g06-037b-06-04 an
333,g06-037b-07-01 of
333,g06-037b-07-02 his
333,g06-037b-07-03 painful
333,g06-037b-07-04 malady
333,g06-037b-07-06 None
333,g06-037b-08-00 of
333,g06-037b-08-01 the
333,g06-037b-09-00 to
333,g06-037b-09-01 which
333,g06-037b-09-02 he
333,g06-037b-09-03 had
333,g06-037b-09-04 been
333,g06-037b-09-06 ever
333,g06-031b-00-01 What
333,g06-031b-00-04 event
333,g06-031b-00-07 he
333,g06-031b-00-08 wrote
333,g06-031b-00-12 tremble
333,g06-031b-01-00 What
333,g06-031b-01-05 am
333,g06-031b-02-02 but
333,g06-031b-02-04 really
333,g06-031b-02-05 tremble
333,g06-031b-02-06 for
333,g06-031b-02-07 my
333,g06-031b-03-00 country
333,g06-031b-03-03 may
333,g06-031b-03-04 be
333,g06-031b-03-09 cannot
333,g06-031b-04-00 but
333,g06-031b-04-01 fear
333,g06-031b-04-02 that
333,g06-031b-04-03 the
333,g06-031b-04-05 of
333,g06-031b-05-00 the
333,g06-031b-05-01 People
333,g06-031b-05-02 will
333,g06-031b-05-03 be
333,g06-031b-05-04 so
333,g06-031b-05-05 great
333,g06-031b-05-06 at
333,g06-031b-05-07 the
333,g06-031b-06-00 return
333,g06-031b-06-01 of
333,g06-031b-06-04 that
333,g06-031b-06-05 the
333,g06-031b-07-00 Commons
333,g06-031b-07-01 House
333,g06-031b-07-02 upon
333,g06-031b-08-00 which
333,g06-031b-08-01 must
333,g06-031b-08-02 be
333,g06-031b-08-03 had
333,g06-031b-08-05 will
333,g06-031b-08-06 be
333,g06-031b-08-08 mass
333,g06-031b-09-00 of
333,g06-031b-09-04 then
333,g06-031b-09-05 God
333,g06-031b-09-06 knows
333,g06-031b-09-07 what
333,g06-031b-10-00 may
333,g06-031b-10-01 happen
333,g06-011b-00-00 By
333,g06-011b-00-01 the
333,g06-011b-00-02 end
333,g06-011b-00-03 of
333,g06-011b-00-04 the
333,g06-011b-00-05 month
333,g06-011b-00-06 he
333,g06-011b-00-07 still
333,g06-011b-01-00 in
333,g06-011b-01-01 Naples
333,g06-011b-01-03 He
333,g06-011b-01-04 told
333,g06-011b-01-06 that
333,g06-011b-01-07 he
333,g06-011b-02-00 enjoyed
333,g06-011b-02-01 it
333,g06-011b-02-02 as
333,g06-011b-02-03 much
333,g06-011b-02-04 as
333,g06-011b-02-05 his
333,g06-011b-02-06 health
333,g06-011b-03-01 him
333,g06-011b-03-02 to
333,g06-011b-03-03 enjoy
333,g06-011b-03-07 The
333,g06-011b-03-08 Pearl
333,g06-011b-04-00 he
333,g06-011b-04-01 wrote
333,g06-011b-04-04 is
333,g06-011b-04-05 arrived
333,g06-011b-04-07 which
333,g06-011b-04-08 is
333,g06-011b-04-10 great
333,g06-011b-05-03 seems
333,g06-011b-05-04 to
333,g06-011b-05-05 be
333,g06-011b-05-06 tired
333,g06-011b-05-08 he
333,g06-011b-06-00 is
333,g06-011b-06-01 going
333,g06-011b-06-02 out
333,g06-011b-06-03 fast
333,g06-011b-06-06 What
333,g06-011b-06-08 gay
333,g06-011b-06-10 lively
333,g06-011b-07-00 people
333,g06-011b-07-02 and
333,g06-011b-07-03 what
333,g06-011b-07-05 busy
333,g06-011b-07-06 town
333,g06-011b-07-08 At
333,g06-011b-07-09 Rome
333,g06-011b-08-00 every
333,g06-011b-08-01 other
333,g06-011b-08-02 man
333,g06-011b-08-03 was
333,g06-011b-08-05 priest
333,g06-011b-08-07 here
333,g06-011b-08-08 the
333,g06-011b-09-00 priest
333,g06-011b-09-01 is
333,g06-011b-09-03 by
333,g06-011b-09-04 the
333,g06-011b-09-05 soldier
333,g06-011b-10-02 change
333,g06-011b-10-03 in
333,g06-011b-10-04 my
333,g06-011b-10-05 eye
333,g06-047b-00-00 This
333,g06-047b-00-02 man
333,g06-047b-00-03 of
333,g06-047b-00-06 whom
333,g06-047b-00-07 Sir
333,g06-047b-00-08 Francis
333,g06-047b-01-00 Burdett
333,g06-047b-01-02 to
333,g06-047b-01-05 year
333,g06-047b-01-06 or
333,g06-047b-01-07 two
333,g06-047b-02-00 later
333,g06-047b-02-01 as
333,g06-047b-02-03 more
333,g06-047b-02-04 like
333,g06-047b-02-06 God
333,g06-047b-02-07 upon
333,g06-047b-02-08 earth
333,g06-047b-02-09 than
333,g06-047b-03-01 human
333,g06-047b-03-02 being
333,g06-047b-03-05 had
333,g06-047b-03-06 an
333,g06-047b-03-08 number
333,g06-047b-04-00 of
333,g06-047b-04-02 among
333,g06-047b-04-04 medical
333,g06-047b-04-05 men
333,g06-047b-05-00 in
333,g06-047b-05-01 the
333,g06-047b-05-02 cities
333,g06-047b-05-03 of
333,g06-047b-05-04 Europe
333,g06-047b-05-06 One
333,g06-047b-05-07 of
333,g06-047b-05-08 these
333,g06-047b-06-00 was
333,g06-047b-06-01 the
333,g06-047b-06-04 Dr
333,g06-047b-06-06 Mauro
333,g06-047b-07-00 whom
333,g06-047b-07-03 in
333,g06-047b-07-04 May
333,g06-045b-00-00 In
333,g06-045b-00-01 April
333,g06-045b-00-02 of
333,g06-045b-00-03 that
333,g06-045b-00-04 year
333,g06-045b-00-05 his
333,g06-045b-00-06 first
333,g06-045b-01-02 the
333,g06-045b-01-04 Lord
333,g06-045b-02-02 had
333,g06-045b-02-03 written
333,g06-045b-02-04 to
333,g06-045b-02-05 advise
333,g06-045b-02-07 to
333,g06-045b-03-00 give
333,g06-045b-03-01 the
333,g06-045b-03-02 system
333,g06-045b-03-04 trial
333,g06-045b-03-06 adding
333,g06-045b-03-07 that
333,g06-045b-03-08 it
333,g06-045b-04-00 was
333,g06-045b-04-01 being
333,g06-045b-04-03 with
333,g06-045b-05-00 success
333,g06-045b-05-01 in
333,g06-045b-05-02 France
333,g06-045b-05-03 and
333,g06-045b-05-04 Italy
333,g06-045b-05-06 and
333,g06-045b-05-07 that
333,g06-045b-06-00 he
333,g06-045b-06-01 himself
333,g06-045b-06-02 was
333,g06-045b-06-03 being
333,g06-045b-06-04 treated
333,g06-045b-06-05 under
333,g06-045b-07-00 doctor
333,g06-045b-07-01 who
333,g06-045b-07-02 had
333,g06-045b-07-03 studied
333,g06-045b-07-04 under
333,g06-045b-07-05 its
333,g06-045b-08-00 founder
333,g06-045b-08-02 the
333,g06-045b-08-03 aged
333,g06-045b-08-05 Samuel
333,g06-050b-00-01 first
333,g06-050b-00-02 action
333,g06-050b-00-03 was
333,g06-050b-00-04 to
333,g06-050b-00-05 write
333,g06-050b-00-06 to
333,g06-050b-00-07 his
333,g06-050b-00-08 revered
333,g06-050b-01-00 master
333,g06-050b-01-01 at
333,g06-050b-01-04 near
333,g06-050b-01-05 Leipzig
333,g06-050b-01-07 asking
333,g06-050b-01-08 for
333,g06-050b-02-00 advice
333,g06-050b-02-02 In
333,g06-050b-02-03 doing
333,g06-050b-02-04 so
333,g06-050b-02-05 he
333,g06-050b-02-07 his
333,g06-050b-03-00 patient
333,g06-050b-03-01 and
333,g06-050b-03-02 his
333,g06-050b-03-05 He
333,g06-050b-03-06 told
333,g06-050b-04-00 that
333,g06-050b-04-01 he
333,g06-050b-04-02 found
333,g06-050b-04-05 strong
333,g06-050b-04-08 man
333,g06-050b-05-00 with
333,g06-050b-05-02 gentle
333,g06-050b-05-03 and
333,g06-050b-06-01 and
333,g06-050b-06-02 sedate
333,g06-050b-06-04 not
333,g06-050b-06-05 easily
333,g06-050b-07-00 patient
333,g06-050b-07-01 and
333,g06-050b-07-05 but
333,g06-050b-07-06 he
333,g06-050b-07-07 appears
333,g06-050b-07-08 to
333,g06-050b-08-00 despair
333,g06-050b-08-01 of
333,g06-050b-08-02 ever
333,g06-050b-08-03 being
333,g06-050b-08-04 cured
333,g06-042b-00-00 Nor
333,g06-042b-00-01 is
333,g06-042b-00-02 this
333,g06-042b-00-03 to
333,g06-042b-00-04 be
333,g06-042b-00-06 at
333,g06-042b-00-08 for
333,g06-042b-00-09 even
333,g06-042b-01-00 today
333,g06-042b-01-02 in
333,g06-042b-01-03 the
333,g06-042b-01-06 no
333,g06-042b-01-07 cure
333,g06-042b-01-08 has
333,g06-042b-01-09 been
333,g06-042b-02-00 found
333,g06-042b-02-01 for
333,g06-042b-02-02 the
333,g06-042b-02-06 As
333,g06-042b-02-07 early
333,g06-042b-03-00 as
333,g06-042b-03-03 when
333,g06-042b-03-06 himself
333,g06-042b-04-00 to
333,g06-042b-04-01 be
333,g06-042b-04-02 on
333,g06-042b-04-03 the
333,g06-042b-04-04 point
333,g06-042b-04-05 of
333,g06-042b-04-06 death
333,g06-042b-04-08 the
333,g06-042b-04-09 new
333,g06-042b-05-00 German
333,g06-042b-05-02 method
333,g06-042b-05-03 known
333,g06-042b-05-04 as
333,g06-042b-06-01 had
333,g06-042b-06-02 been
333,g06-042b-06-03 brought
333,g06-042b-06-04 to
333,g06-042b-07-00 his
333,g06-042b-07-01 notice
