510,m01-084-00-00 Deadly
510,m01-084-00-03 deadly
510,m01-084-00-04 portent
510,m01-084-01-00 Steve
510,m01-084-01-02 early
510,m01-084-01-03 and
510,m01-084-01-05 on
510,m01-084-02-00 the
510,m01-084-02-01 radio
510,m01-084-02-03 which
510,m01-084-02-04 he
510,m01-084-02-05 kept
510,m01-084-02-06 tuned
510,m01-084-02-07 to
510,m01-084-03-00 The
510,m01-084-03-01 set
510,m01-084-03-03 but
510,m01-084-03-04 gave
510,m01-084-03-05 only
510,m01-084-03-07 low
510,m01-084-04-00 buzzing
510,m01-084-04-01 sound
510,m01-084-04-03 He
510,m01-084-04-04 had
510,m01-084-04-05 just
510,m01-084-05-00 shaving
510,m01-084-05-01 when
510,m01-084-05-02 it
510,m01-084-05-03 came
510,m01-084-05-04 on
510,m01-084-05-06 with
510,m01-084-05-08 flat
510,m01-084-06-00 voice
510,m01-084-06-04 This
510,m01-084-06-05 is
510,m01-084-06-06 BBC
510,m01-084-06-07 calling
510,m01-084-07-01 this
510,m01-084-07-02 is
510,m01-084-07-03 BBC
510,m01-084-07-04 calling
