316,g03-052-00-00 There
316,g03-052-00-01 was
316,g03-052-00-02 no
316,g03-052-00-04 in
316,g03-052-01-00 work
316,g03-052-01-02 The
316,g03-052-01-03 British
316,g03-052-01-05 Party
316,g03-052-02-00 voured
316,g03-052-02-01 to
316,g03-052-02-02 get
316,g03-052-02-03 more
316,g03-052-02-05 members
316,g03-052-02-06 sent
316,g03-052-02-07 to
316,g03-052-02-08 the
316,g03-052-03-00 Council
316,g03-052-03-02 and
316,g03-052-03-03 to
316,g03-052-03-06 being
316,g03-052-04-00 mined
316,g03-052-04-01 and
316,g03-052-04-03 in
316,g03-052-04-04 their
316,g03-052-04-06 that
316,g03-052-05-00 their
316,g03-052-05-02 must
316,g03-052-05-03 go
316,g03-052-05-04 forward
316,g03-052-05-05 in
316,g03-052-05-06 the
316,g03-052-06-02 In
316,g03-052-06-03 the
316,g03-052-06-05 Trades
316,g03-052-06-06 and
316,g03-052-06-07 Labour
316,g03-052-07-00 Council
316,g03-052-07-01 meeting
316,g03-052-07-02 on
316,g03-052-07-03 October
316,g03-052-07-08 George
316,g03-052-08-00 had
316,g03-052-08-01 said
316,g03-052-08-05 Barton
316,g03-052-08-06 would
316,g03-052-08-07 go
316,g03-052-08-08 to
316,g03-052-08-09 the
316,g03-052-08-10 poll
316,g03-052-09-00 Just
316,g03-052-09-01 as
316,g03-052-09-02 the
316,g03-052-09-03 Labour
316,g03-052-09-04 Party
316,g03-052-09-05 had
316,g03-052-09-06 fought
316,g03-052-09-07 the
316,g03-052-10-02 they
316,g03-052-10-03 were
316,g03-052-10-04 going
316,g03-052-10-05 to
316,g03-052-10-06 fight
316,g03-052-10-07 the
316,g03-052-10-08 Labour
