012,a01-049-00-00 Senator
012,a01-049-00-01 Allen
012,a01-049-00-03 of
012,a01-049-00-05 sparked
012,a01-049-01-00 off
012,a01-049-01-01 the
012,a01-049-01-03 by
012,a01-049-01-04 telling
012,a01-049-02-01 it
012,a01-049-02-02 was
012,a01-049-02-04 current
012,a01-049-02-06 gossip
012,a01-049-03-00 that
012,a01-049-03-01 Weaver
012,a01-049-03-02 once
012,a01-049-03-03 had
012,a01-049-04-00 The
012,a01-049-04-01 Senate
012,a01-049-04-02 Banking
012,a01-049-04-05 which
012,a01-049-04-06 is
012,a01-049-04-07 headed
012,a01-049-05-00 by
012,a01-049-05-01 another
012,a01-049-05-03 Senator
012,a01-049-05-05 Willis
012,a01-049-06-00 of
012,a01-049-06-03 met
012,a01-049-06-04 today
012,a01-049-06-05 in
012,a01-049-06-06 closed
012,a01-049-06-07 session
012,a01-049-07-00 to
012,a01-049-07-01 discuss
012,a01-049-07-05 Senator
012,a01-049-08-01 later
012,a01-049-08-03 he
012,a01-049-08-04 had
012,a01-049-08-05 sent
012,a01-049-08-07 letter
012,a01-049-09-00 to
012,a01-049-09-02 Kennedy
012,a01-049-09-03 saying
012,a01-049-09-04 he
012,a01-049-09-05 had
012,a01-049-09-07 several
012,a01-049-10-01 about
012,a01-049-10-03 loyalty
012,a01-043-00-01 talks
012,a01-043-00-02 at
012,a01-043-00-04 House
012,a01-043-00-05 will
012,a01-043-01-00 resume
012,a01-043-01-01 today
012,a01-043-01-04 Kennedy
012,a01-043-01-05 today
012,a01-043-02-01 the
012,a01-043-02-03 of
012,a01-043-02-05 Negro
012,a01-043-02-06 as
012,a01-043-03-00 his
012,a01-043-03-01 Housing
012,a01-043-03-04 It
012,a01-043-03-05 has
012,a01-043-03-06 aroused
012,a01-043-04-00 strong
012,a01-043-04-02 from
012,a01-043-04-03 the
012,a01-043-05-01 of
012,a01-043-05-02 the
012,a01-043-05-03 Deep
012,a01-043-05-04 South
012,a01-043-05-06 The
012,a01-043-05-07 negro
012,a01-043-06-00 is
012,a01-043-06-02 Robert
012,a01-043-06-03 Weaver
012,a01-043-06-04 of
012,a01-043-06-05 New
012,a01-043-06-06 York
012,a01-043-06-08 One
012,a01-043-07-00 of
012,a01-043-07-01 his
012,a01-043-07-02 tasks
012,a01-043-07-03 will
012,a01-043-07-04 be
012,a01-043-07-05 to
012,a01-043-07-06 see
012,a01-043-07-07 there
012,a01-043-07-08 is
012,a01-043-07-09 no
012,a01-043-08-00 racial
012,a01-043-08-02 in
012,a01-043-09-00 and
012,a01-043-09-01 State
012,a01-043-09-02 housing
