135,c01-014-00-00 The
135,c01-014-00-03 by
135,c01-014-00-06 Auden
135,c01-014-00-07 and
135,c01-014-00-08 Chester
135,c01-014-00-09 Kallman
135,c01-014-01-00 is
135,c01-014-01-01 largely
135,c01-014-01-03 satire
135,c01-014-01-04 on
135,c01-014-01-05 the
135,c01-014-01-06 petty
135,c01-014-01-07 court
135,c01-014-02-01 an
135,c01-014-02-02 ageing
135,c01-014-02-03 poet
135,c01-014-02-05 whose
135,c01-014-02-06 deeply
135,c01-014-03-02 leads
135,c01-014-03-03 him
135,c01-014-03-04 to
135,c01-014-04-01 to
135,c01-014-04-02 his
135,c01-014-04-03 need
135,c01-014-04-04 of
135,c01-014-04-07 Henze
135,c01-014-05-00 obtains
135,c01-014-05-01 his
135,c01-014-05-02 musical
135,c01-014-05-04 by
135,c01-014-05-05 means
135,c01-014-06-00 of
135,c01-014-06-03 timbres
135,c01-014-06-04 and
135,c01-014-07-02 and
135,c01-014-07-03 the
135,c01-014-07-04 result
135,c01-014-07-05 is
135,c01-014-07-06 often
135,c01-014-07-07 less
135,c01-014-08-00 of
135,c01-014-08-02 than
135,c01-014-08-05 This
135,c01-014-08-06 is
135,c01-014-08-07 also
135,c01-014-08-08 the
135,c01-014-08-09 chief
135,c01-014-09-00 or
135,c01-014-09-01 at
135,c01-014-09-02 least
135,c01-014-09-03 the
135,c01-014-09-04 most
135,c01-014-09-07 trait
135,c01-014-10-00 of
135,c01-014-10-01 the
135,c01-014-10-04 which
135,c01-014-10-06 an
135,c01-014-10-07 odd
135,c01-014-10-08 blend
135,c01-014-10-09 of
135,c01-014-10-10 highly
135,c01-009-00-00 The
135,c01-009-00-02 by
135,c01-009-00-03 Bill
135,c01-009-00-04 Duncalf
135,c01-009-01-02 long
135,c01-009-01-03 and
135,c01-009-02-00 story
135,c01-009-02-01 into
135,c01-009-03-00 survey
135,c01-009-03-01 of
135,c01-009-03-03 life
135,c01-009-03-04 work
135,c01-009-03-09 HANS
135,c01-009-03-10 WERNER
135,c01-009-04-02 Elegy
135,c01-009-04-03 for
135,c01-009-04-04 Young
135,c01-009-04-05 Lovers
135,c01-009-04-07 is
135,c01-009-04-08 the
135,c01-009-04-09 first
135,c01-009-05-04 work
135,c01-009-05-05 to
135,c01-009-05-06 be
135,c01-009-06-01 to
135,c01-009-06-02 the
135,c01-009-06-04 canon
135,c01-009-06-06 By
135,c01-009-06-07 no
135,c01-009-07-00 means
135,c01-009-07-04 it
135,c01-009-07-05 is
135,c01-009-07-06 in
135,c01-009-07-07 many
135,c01-009-08-02 modern
135,c01-009-08-03 work
135,c01-009-08-04 and
135,c01-009-08-05 the
135,c01-009-09-00 is
135,c01-009-09-02 highly
135,c01-009-09-03 skilled
135,c01-009-09-05 of
135,c01-009-10-00 idioms
135,c01-009-10-02 with
135,c01-009-10-04 strong
135,c01-009-10-05 sense
135,c01-009-10-06 of
135,c01-009-10-07 words
135,c01-009-10-08 and
