052,a03-043-00-00 However
052,a03-043-00-04 poll
052,a03-043-00-06 that
052,a03-043-01-01 was
052,a03-043-01-02 still
052,a03-043-01-03 ahead
052,a03-043-01-04 in
052,a03-043-01-05 terms
052,a03-043-01-06 of
052,a03-043-02-01 as
052,a03-043-02-02 an
052,a03-043-02-04 leader
052,a03-043-02-06 for
052,a03-043-03-03 per
052,a03-043-03-04 cent
052,a03-043-03-06 for
052,a03-043-04-00 Pearson
052,a03-043-04-02 per
052,a03-043-04-03 cent
052,a03-043-04-06 How
052,a03-043-04-07 far
052,a03-043-04-08 is
052,a03-043-05-00 Lester
052,a03-043-05-01 Pearson
052,a03-043-05-03 to
052,a03-043-05-04 the
052,a03-043-05-05 people
052,a03-043-06-00 of
052,a03-043-06-01 Canada
052,a03-043-06-02 as
052,a03-043-06-04 Prime
052,a03-043-06-07 Many
052,a03-043-07-01 at
052,a03-043-07-02 the
052,a03-043-07-04 rally
052,a03-043-07-05 will
052,a03-043-07-06 be
052,a03-043-08-00 seeking
052,a03-043-08-01 an
052,a03-043-08-02 answer
