034,a02-078-00-00 Sir
034,a02-078-00-01 Roy
034,a02-078-00-03 said
034,a02-078-00-04 today
034,a02-078-00-05 that
034,a02-078-00-06 he
034,a02-078-00-07 no
034,a02-078-01-00 longer
034,a02-078-01-02 the
034,a02-078-01-03 good
034,a02-078-01-04 faith
034,a02-078-01-05 of
034,a02-078-01-07 Kenneth
034,a02-078-02-00 Kaunda
034,a02-078-02-02 Sir
034,a02-078-02-03 Roy
034,a02-078-02-05 Federal
034,a02-078-02-07 Prime
034,a02-078-03-00 said
034,a02-078-03-01 that
034,a02-078-03-04 United
034,a02-078-04-00 Party
034,a02-078-04-01 was
034,a02-078-04-03 monster
034,a02-078-04-04 as
034,a02-078-04-05 vicious
034,a02-078-04-06 as
034,a02-078-04-07 the
034,a02-078-04-08 Zambia
034,a02-078-05-03 which
034,a02-078-05-04 was
034,a02-078-05-05 led
034,a02-078-05-06 by
034,a02-078-05-08 Kaunda
034,a02-078-06-00 until
034,a02-078-06-01 he
034,a02-078-06-02 was
034,a02-078-06-04 in
034,a02-078-06-07 The
034,a02-078-06-08 record
034,a02-078-07-00 of
034,a02-078-07-02 among
034,a02-078-07-03 UNIP
034,a02-078-07-05 went
034,a02-078-08-00 back
034,a02-078-08-02 long
034,a02-078-08-03 way
034,a02-078-08-05 Sir
034,a02-078-08-06 Roy
034,a02-078-08-07 told
034,a02-078-08-08 the
034,a02-078-09-00 Federal
034,a02-078-09-02 in
