224,e02-082-00-00 This
224,e02-082-00-01 last
224,e02-082-00-02 point
224,e02-082-00-03 is
224,e02-082-00-06 because
224,e02-082-00-07 almost
224,e02-082-01-01 has
224,e02-082-01-02 come
224,e02-082-01-03 to
224,e02-082-01-05 that
224,e02-082-02-00 are
224,e02-082-02-01 not
224,e02-082-02-02 only
224,e02-082-02-03 an
224,e02-082-02-07 but
224,e02-082-02-08 that
224,e02-082-03-00 great
224,e02-082-03-01 deal
224,e02-082-03-02 of
224,e02-082-03-04 can
224,e02-082-03-05 be
224,e02-082-03-06 avoided
224,e02-082-03-07 by
224,e02-082-03-08 the
224,e02-082-04-01 of
224,e02-082-04-03 power
224,e02-082-04-04 tool
224,e02-082-04-06 As
224,e02-082-04-07 an
224,e02-082-05-00 example
224,e02-082-05-02 surely
224,e02-082-05-03 no
224,e02-082-05-04 one
224,e02-082-05-05 can
224,e02-082-05-06 pretend
224,e02-082-05-07 to
224,e02-082-05-08 enjoy
224,e02-082-06-00 ripping
224,e02-082-06-01 out
224,e02-082-06-02 parts
224,e02-082-06-03 from
224,e02-082-06-06 Most
224,e02-082-06-07 men
224,e02-082-07-00 would
224,e02-082-07-02 use
224,e02-082-07-04 machine
224,e02-082-07-05 if
224,e02-082-07-06 it
224,e02-082-08-00 were
