546,m04-072-00-00 The
546,m04-072-00-02 to
546,m04-072-00-04 has
546,m04-072-00-05 failed
546,m04-072-00-06 to
546,m04-072-01-01 her
546,m04-072-01-02 mission
546,m04-072-01-05 Paled
546,m04-072-01-07 did
546,m04-072-01-08 Dai
546,m04-072-01-10 For
546,m04-072-01-11 the
546,m04-072-02-01 carried
546,m04-072-02-03 for
546,m04-072-02-04 him
546,m04-072-02-07 cargo
546,m04-072-02-08 more
546,m04-072-03-01 than
546,m04-072-03-02 jewels
546,m04-072-03-04 Though
546,m04-072-03-05 Mofydd
546,m04-072-03-06 Owen
546,m04-072-04-00 was
546,m04-072-04-02 as
546,m04-072-04-03 he
546,m04-072-04-04 feared
546,m04-072-04-07 out
546,m04-072-04-08 of
546,m04-072-04-09 his
546,m04-072-04-10 life
546,m04-072-05-00 he
546,m04-072-05-01 still
546,m04-072-05-02 loved
546,m04-072-05-03 her
546,m04-072-05-04 dearly
546,m04-072-05-06 Already
546,m04-072-05-08 even
546,m04-072-06-00 as
546,m04-072-06-01 with
546,m04-072-06-03 fingers
546,m04-072-06-04 he
546,m04-072-06-06 his
546,m04-072-07-00 trouser
546,m04-072-07-01 clips
546,m04-072-07-03 he
546,m04-072-07-04 was
546,m04-072-07-05 seeing
546,m04-072-07-06 her
546,m04-072-07-07 lying
546,m04-072-07-08 in
546,m04-072-08-00 some
546,m04-072-08-02 ravine
546,m04-072-08-04 or
546,m04-072-08-05 beset
546,m04-072-08-06 by
546,m04-072-09-00 robbers
546,m04-072-09-02 or
546,m04-072-09-03 being
546,m04-072-09-04 whisked
546,m04-072-09-05 off
546,m04-072-09-06 to
546,m04-072-10-00 Ward
546,m04-078-00-00 But
546,m04-078-00-01 even
546,m04-078-00-02 his
546,m04-078-00-05 luckily
546,m04-078-00-06 for
546,m04-078-00-07 him
546,m04-078-01-00 did
546,m04-078-01-01 not
546,m04-078-01-03 the
546,m04-078-01-04 awful
546,m04-078-01-05 truth
546,m04-078-01-07 that
546,m04-078-02-00 Morfyyd
546,m04-078-02-01 Owen
546,m04-078-02-02 was
546,m04-078-02-03 already
546,m04-078-02-05 for
546,m04-078-03-00 the
546,m04-078-03-01 title
546,m04-078-03-02 of
546,m04-078-03-04 First
546,m04-078-03-05 Woman
546,m04-078-03-06 to
546,m04-078-03-07 Enter
546,m04-078-03-08 Space
546,m04-078-04-01 Where
546,m04-078-04-02 are
546,m04-078-04-03 we
546,m04-078-04-04 going
546,m04-078-04-06 Mam
546,m04-078-04-10 little
546,m04-078-05-01 when
546,m04-078-05-02 his
546,m04-078-05-03 child
546,m04-078-05-04 mind
546,m04-078-05-05 grasped
546,m04-078-06-00 the
546,m04-078-06-01 fact
546,m04-078-06-02 that
546,m04-078-06-03 the
546,m04-078-06-04 green
546,m04-078-06-05 earth
546,m04-078-06-06 was
546,m04-078-06-07 falling
546,m04-078-07-00 away
546,m04-078-07-01 at
546,m04-078-07-03 rate
546,m04-078-07-04 of
546,m04-078-07-05 knots
546,m04-081-00-00 Where
546,m04-081-00-01 indeed
546,m04-081-00-03 Megan
546,m04-081-00-04 Thomas
546,m04-081-00-05 spoke
546,m04-081-00-06 sharply
546,m04-081-01-00 to
546,m04-081-01-01 the
546,m04-081-01-05 an
546,m04-081-02-00 But
546,m04-081-02-03 the
546,m04-081-02-05 was
546,m04-081-03-00 good
546,m04-081-03-01 man
546,m04-081-03-03 mind
546,m04-081-03-05 knew
546,m04-081-03-06 his
546,m04-081-03-07 job
546,m04-081-03-09 But
546,m04-081-03-10 out
546,m04-081-03-11 of
546,m04-081-04-00 depth
546,m04-081-04-01 in
546,m04-081-04-02 this
546,m04-081-05-00 his
546,m04-081-05-04 Peered
546,m04-081-05-05 out
546,m04-081-05-06 of
546,m04-081-06-00 the
546,m04-081-06-01 window
546,m04-081-06-03 Went
546,m04-081-06-04 and
546,m04-081-06-06 the
546,m04-081-06-07 driver
546,m04-081-07-01 Where
546,m04-081-07-02 are
546,m04-081-07-03 we
546,m04-081-07-04 going
546,m04-081-07-07 he
546,m04-081-07-08 echoed
546,m04-081-08-01 Damned
546,m04-081-08-02 if
546,m04-081-08-04 know
546,m04-081-08-06 boy
546,m04-081-08-09 said
546,m04-081-08-10 the
546,m04-081-08-11 driver
546,m04-081-09-01 But
546,m04-081-09-03 very
546,m04-081-09-05 has
546,m04-081-10-02 if
546,m04-081-10-03 you
546,m04-081-10-04 ask
546,m04-081-10-05 me
546,m04-093-00-01 in
546,m04-093-00-02 the
546,m04-093-00-03 Dinas
546,m04-093-00-06 was
546,m04-093-00-07 the
546,m04-093-01-01 Edwards
546,m04-093-01-03 Now
546,m04-093-01-04 he
546,m04-093-01-05 put
546,m04-093-01-06 down
546,m04-093-01-07 his
546,m04-093-01-08 paper
546,m04-093-02-00 folded
546,m04-093-02-01 it
546,m04-093-02-03 and
546,m04-093-02-04 glanced
546,m04-093-02-05 idly
546,m04-093-02-06 out
546,m04-093-02-07 of
546,m04-093-02-08 the
546,m04-093-03-00 window
546,m04-093-03-02 Looked
546,m04-093-03-03 again
546,m04-093-03-05 eyes
546,m04-093-03-07 from
546,m04-093-04-00 his
546,m04-093-04-01 head
546,m04-093-04-04 God
546,m04-093-04-05 bless
546,m04-093-04-06 my
546,m04-093-04-08 soul
546,m04-093-05-00 he
546,m04-093-05-01 cried
546,m04-093-05-04 Never
546,m04-093-05-05 mind
546,m04-093-05-06 your
546,m04-093-06-00 soul
546,m04-093-06-03 said
546,m04-093-06-04 Megan
546,m04-093-06-05 Thomas
546,m04-093-06-06 tartly
546,m04-093-07-01 Here
546,m04-093-07-02 we
546,m04-093-07-03 are
546,m04-093-07-05 the
546,m04-093-07-06 heavens
546,m04-093-07-07 at
546,m04-093-07-08 the
546,m04-093-08-00 very
546,m04-093-08-01 moment
546,m04-093-08-02 when
546,m04-093-08-03 we
546,m04-093-08-04 should
546,m04-093-08-05 be
546,m04-093-09-00 running
546,m04-093-09-01 into
546,m04-093-09-03 bus
546,m04-093-09-04 station
546,m04-100-00-00 And
546,m04-100-00-01 no
546,m04-100-00-02 one
546,m04-100-00-03 doing
546,m04-100-00-04 the
546,m04-100-00-05 first
546,m04-100-00-06 thing
546,m04-100-00-07 about
546,m04-100-01-00 it
546,m04-100-01-03 Stung
546,m04-100-01-05 the
546,m04-100-01-07 was
546,m04-100-01-10 What
546,m04-100-01-11 you
546,m04-100-02-00 expect
546,m04-100-02-01 me
546,m04-100-02-02 to
546,m04-100-02-03 do
546,m04-100-02-06 he
546,m04-100-02-09 bitter
546,m04-100-03-01 Radio
546,m04-100-03-02 Flying
546,m04-100-03-03 Control
546,m04-100-03-04 at
546,m04-100-03-05 London
546,m04-100-03-06 Airport
546,m04-100-04-00 is
546,m04-100-04-01 it
546,m04-100-04-05 Mutual
546,m04-100-04-07 will
546,m04-100-04-08 get
546,m04-100-05-00 us
546,m04-100-05-01 nowhere
546,m04-100-05-04 boomed
546,m04-100-05-05 the
546,m04-100-05-07 Edwards
546,m04-100-06-01 It
546,m04-100-06-03 all
546,m04-100-06-04 very
546,m04-100-06-05 well
546,m04-100-07-01 Hayball
546,m04-100-07-02 from
546,m04-100-07-03 the
546,m04-100-07-04 back
546,m04-100-07-05 seat
