046,a03-023-00-00 This
046,a03-023-00-02 on
046,a03-023-00-03 the
046,a03-023-00-05 of
046,a03-023-00-06 the
046,a03-023-00-07 former
046,a03-023-01-02 that
046,a03-023-01-03 all
046,a03-023-01-04 is
046,a03-023-01-05 not
046,a03-023-01-06 well
046,a03-023-02-00 with
046,a03-023-02-01 the
046,a03-023-02-03 and
046,a03-023-03-00 of
046,a03-023-03-01 the
046,a03-023-03-04 Most
046,a03-023-03-05 of
046,a03-023-03-06 the
046,a03-023-04-01 of
046,a03-023-04-02 Xieng
046,a03-023-04-03 Khouang
046,a03-023-04-04 and
046,a03-023-04-05 the
046,a03-023-05-01 useful
046,a03-023-05-02 Plain
046,a03-023-05-03 of
046,a03-023-05-04 Jars
046,a03-023-05-06 however
046,a03-023-06-00 appear
046,a03-023-06-01 still
046,a03-023-06-02 to
046,a03-023-06-03 be
046,a03-023-06-04 firmly
046,a03-023-06-05 in
046,a03-023-06-06 their
046,a03-023-06-07 hands
046,a03-023-07-00 The
046,a03-023-07-02 has
046,a03-023-07-03 claimed
046,a03-023-07-04 the
046,a03-023-08-01 of
046,a03-023-08-02 Vang
046,a03-023-08-03 Vieng
046,a03-023-08-05 the
046,a03-023-09-01 former
046,a03-023-09-02 base
046,a03-023-09-04 miles
046,a03-023-10-00 north
046,a03-023-10-01 of
046,a03-023-10-04 but
046,a03-023-10-05 this
046,a03-023-10-06 claim
