054,a03-059-01-01 Pearson
054,a03-059-01-02 is
054,a03-059-01-03 now
054,a03-059-01-04 talking
054,a03-059-01-05 about
054,a03-059-01-07 his
054,a03-059-02-00 new
054,a03-059-02-01 and
054,a03-059-02-02 dynamic
054,a03-059-02-05 and
054,a03-059-02-06 this
054,a03-059-03-00 week
054,a03-059-03-01 will
054,a03-059-03-03 show
054,a03-059-03-04 perhaps
054,a03-059-03-05 how
054,a03-059-03-06 far
054,a03-059-03-08 Mike
054,a03-059-04-00 will
054,a03-059-04-01 go
054,a03-059-04-03 The
054,a03-059-04-04 main
054,a03-059-04-05 topic
054,a03-059-04-06 under
054,a03-059-04-07 review
054,a03-059-04-08 is
054,a03-059-05-02 but
054,a03-059-05-03 there
054,a03-059-05-04 will
054,a03-059-05-05 be
054,a03-059-07-00 ranging
054,a03-059-07-01 from
054,a03-059-07-02 foreign
054,a03-059-07-04 in
054,a03-059-08-00 Canada
054,a03-059-08-01 to
054,a03-059-08-02 the
054,a03-059-08-04 of
054,a03-059-08-05 the
054,a03-059-09-02 However
054,a03-059-09-04 be
054,a03-059-09-05 this
054,a03-059-10-00 year
054,a03-059-10-01 or
054,a03-059-10-02 not
054,a03-059-10-05 Pearson
054,a03-059-10-07 with
054,a03-059-10-08 his
054,a03-059-10-09 party
054,a03-059-11-02 of
054,a03-059-11-03 return
054,a03-059-11-04 to
054,a03-059-11-05 power
