517,m01-136-00-00 His
517,m01-136-00-01 whole
517,m01-136-00-03 was
517,m01-136-00-05 mixture
517,m01-136-00-06 of
517,m01-136-01-01 pending
517,m01-136-01-02 an
517,m01-136-01-03 awaited
517,m01-136-02-01 and
517,m01-136-02-02 of
517,m01-136-02-04 vague
517,m01-136-03-02 his
517,m01-136-04-00 and
517,m01-136-04-01 the
517,m01-136-04-02 purpose
517,m01-136-04-03 he
517,m01-136-04-04 was
517,m01-136-04-05 to
517,m01-136-04-06 serve
517,m01-136-05-00 Finally
517,m01-136-05-02 being
517,m01-136-05-03 so
517,m01-136-05-05 on
517,m01-136-05-06 their
517,m01-136-05-07 own
517,m01-136-06-00 Heather
517,m01-136-06-01 and
517,m01-136-06-02 Steve
517,m01-136-06-03 tried
517,m01-136-06-04 to
517,m01-136-06-05 make
517,m01-136-07-00 at
517,m01-136-07-01 home
517,m01-136-07-03 Steve
517,m01-136-07-05 on
517,m01-136-08-03 radio
517,m01-136-08-04 and
517,m01-136-09-00 turned
517,m01-136-09-01 the
517,m01-136-09-02 tuning
517,m01-136-09-03 knob
517,m01-136-09-04 through
517,m01-136-09-05 all
517,m01-136-09-06 the
517,m01-136-10-00 tuning
517,m01-136-10-01 points
517,m01-136-10-02 of
517,m01-136-10-03 the
517,m01-136-10-05 great
517,m01-136-10-06 radio
