093,b01-113-00-00 ONLY
093,b01-113-00-02 man
093,b01-113-00-03 wrapped
093,b01-113-00-04 in
093,b01-113-00-05 the
093,b01-113-00-07 cocoon
093,b01-113-00-08 of
093,b01-113-00-09 what
093,b01-113-00-10 he
093,b01-113-00-11 regards
093,b01-113-01-00 as
093,b01-113-01-02 divine
093,b01-113-01-03 mission
093,b01-113-01-04 could
093,b01-113-01-05 have
093,b01-113-01-06 spoken
093,b01-113-01-07 of
093,b01-113-01-09 as
093,b01-113-02-00 policy
093,b01-113-02-01 of
093,b01-113-02-02 good
093,b01-113-02-06 We
093,b01-113-02-07 may
093,b01-113-02-08 be
093,b01-113-02-09 sure
093,b01-113-02-10 that
093,b01-113-03-00 he
093,b01-113-03-01 is
093,b01-113-03-02 not
093,b01-113-03-03 being
093,b01-113-03-06 That
093,b01-113-03-07 is
093,b01-113-03-08 what
093,b01-113-03-09 he
093,b01-113-04-00 really
093,b01-113-04-04 good
093,b01-113-04-06 to
093,b01-113-04-07 those
093,b01-113-05-00 who
093,b01-113-05-02 under
093,b01-113-05-05 will
093,b01-113-05-06 be
093,b01-113-05-07 forced
093,b01-113-05-08 back
093,b01-113-05-09 to
093,b01-113-06-00 their
093,b01-113-06-01 tribal
093,b01-113-06-03 with
093,b01-113-06-04 no
093,b01-113-06-06 but
093,b01-113-07-00 cramped
093,b01-113-07-01 and
093,b01-118-00-01 good
093,b01-118-00-03 to
093,b01-118-00-04 those
093,b01-118-00-06 who
093,b01-118-00-07 will
093,b01-118-01-00 tinue
093,b01-118-01-01 to
093,b01-118-01-02 live
093,b01-118-01-03 as
093,b01-118-01-04 hewers
093,b01-118-01-05 of
093,b01-118-01-06 wood
093,b01-118-01-07 and
093,b01-118-01-08 drawers
093,b01-118-01-09 of
093,b01-118-02-00 water
093,b01-118-02-01 in
093,b01-118-02-02 the
093,b01-118-02-03 white
093,b01-118-02-04 areas
093,b01-118-02-05 of
093,b01-118-02-06 South
093,b01-118-02-07 Africa
093,b01-118-02-09 without
093,b01-118-02-10 rights
093,b01-118-03-00 and
093,b01-118-03-01 without
093,b01-118-03-02 hope
093,b01-118-03-04 THE
093,b01-118-03-05 same
093,b01-118-03-06 sort
093,b01-118-03-07 of
093,b01-118-03-08 good
093,b01-118-04-00 that
093,b01-118-04-01 he
093,b01-118-04-02 proved
093,b01-118-04-03 to
093,b01-118-04-04 be
093,b01-118-04-05 to
093,b01-118-04-06 the
093,b01-118-04-07 Jews
093,b01-118-04-08 fleeing
093,b01-118-04-09 from
093,b01-118-05-00 Hitler
093,b01-118-05-01 in
093,b01-118-05-02 the
093,b01-118-05-05 It
093,b01-118-05-06 was
093,b01-118-05-09 who
093,b01-118-06-00 led
093,b01-118-06-02 protest
093,b01-118-06-03 against
093,b01-118-06-05 any
093,b01-118-06-06 of
093,b01-118-06-07 them
093,b01-118-07-00 because
093,b01-118-07-01 they
093,b01-118-07-02 would
093,b01-118-07-04 defile
093,b01-118-07-06 the
093,b01-118-08-00 white
093,b01-118-08-01 stock
093,b01-122-00-00 It
093,b01-122-00-01 is
093,b01-122-00-03 to
093,b01-122-00-04 make
093,b01-122-00-05 contact
093,b01-122-00-06 with
093,b01-122-01-00 woerd
093,b01-122-01-01 in
093,b01-122-01-02 his
093,b01-122-01-04 world
093,b01-122-01-06 It
093,b01-122-01-07 is
093,b01-122-01-08 this
093,b01-122-01-09 that
093,b01-122-02-00 makes
093,b01-122-02-02 any
093,b01-122-02-03 hopes
093,b01-122-02-04 that
093,b01-122-02-05 he
093,b01-122-02-06 may
093,b01-122-02-07 be
093,b01-122-03-01 to
093,b01-122-03-02 change
093,b01-122-03-03 course
093,b01-122-03-05 The
093,b01-122-03-07 of
093,b01-122-04-03 Joost
093,b01-122-04-04 de
093,b01-122-04-05 Blank
093,b01-122-04-07 has
093,b01-122-04-08 pleaded
093,b01-122-04-09 that
093,b01-122-05-00 South
093,b01-122-05-01 Africa
093,b01-122-05-02 should
093,b01-122-05-03 be
093,b01-122-05-04 allowed
093,b01-122-05-05 to
093,b01-122-05-06 stay
093,b01-122-05-07 in
093,b01-122-05-08 the
093,b01-122-06-04 he
093,b01-122-06-05 says
093,b01-122-06-07 those
093,b01-122-06-08 inside
093,b01-122-06-09 the
093,b01-122-07-00 country
093,b01-122-07-01 who
093,b01-122-07-02 still
093,b01-122-07-03 oppose
093,b01-122-07-05 will
093,b01-122-07-06 be
093,b01-122-08-00 left
093,b01-122-08-01 even
093,b01-122-08-02 more
093,b01-122-08-04 and
093,b01-122-08-05 alone
