171,c04-156-00-00 It
171,c04-156-00-01 was
171,c04-156-00-05 of
171,c04-156-00-06 the
171,c04-156-01-00 part
171,c04-156-01-02 The
171,c04-156-01-03 rest
171,c04-156-01-04 of
171,c04-156-01-05 the
171,c04-156-01-06 cast
171,c04-156-01-07 were
171,c04-156-01-08 well
171,c04-156-01-09 chosen
171,c04-156-02-00 with
171,c04-156-02-01 James
171,c04-156-02-02 Maxwell
171,c04-156-02-03 making
171,c04-156-02-05 fine
171,c04-156-02-06 job
171,c04-156-02-07 of
171,c04-156-02-08 the
171,c04-156-03-03 Paul
171,c04-156-03-04 Daneman
171,c04-156-03-05 gave
171,c04-156-03-06 another
171,c04-156-04-02 last
171,c04-156-04-03 night
171,c04-156-04-04 as
171,c04-156-05-00 wartime
171,c04-156-05-01 naval
171,c04-156-05-02 officer
171,c04-156-05-03 in
171,c04-156-05-04 the
171,c04-156-06-01 The
171,c04-156-06-02 Little
171,c04-156-06-03 Key
171,c04-160-00-00 The
171,c04-160-00-01 play
171,c04-160-00-02 was
171,c04-160-00-03 no
171,c04-160-00-04 more
171,c04-160-00-05 than
171,c04-160-00-07 figment
171,c04-160-00-08 of
171,c04-160-01-00 the
171,c04-160-01-02 which
171,c04-160-01-03 asked
171,c04-160-01-04 the
171,c04-160-01-05 viewer
171,c04-160-01-06 to
171,c04-160-02-00 believe
171,c04-160-02-01 in
171,c04-160-02-04 ghost
171,c04-160-02-06 It
171,c04-160-02-07 would
171,c04-160-02-08 have
171,c04-160-02-09 been
171,c04-160-03-00 an
171,c04-160-03-02 piece
171,c04-160-03-03 of
171,c04-160-03-05 but
171,c04-160-03-06 for
171,c04-160-03-07 clever
171,c04-160-04-01 by
171,c04-160-04-02 Michael
171,c04-160-04-03 Hayes
171,c04-160-04-05 He
171,c04-160-05-00 the
171,c04-160-05-02 of
171,c04-160-05-03 fog
171,c04-160-05-04 and
171,c04-160-05-05 mystery
171,c04-160-05-06 to
171,c04-160-05-07 great
171,c04-160-06-00 effect
171,c04-160-06-02 MORE
171,c04-160-06-03 than
171,c04-160-06-05 viewers
171,c04-160-06-07 to
171,c04-160-07-00 the
171,c04-160-07-02 last
171,c04-160-07-03 night
171,c04-160-07-04 that
171,c04-160-07-05 an
171,c04-160-07-07 film
171,c04-160-08-01 Britain
171,c04-160-08-03 Blood
171,c04-160-08-05 Sweat
171,c04-160-08-07 and
171,c04-160-08-08 Tears
171,c04-160-08-10 Plus
171,c04-160-09-00 Twenty
171,c04-160-09-01 Years
171,c04-160-09-04 was
