120,b05-079-00-00 This
120,b05-079-00-01 concept
120,b05-079-00-02 of
120,b05-079-00-03 slavery
120,b05-079-00-05 Britain
120,b05-079-01-00 General
120,b05-079-01-02 signed
120,b05-079-02-01 that
120,b05-079-02-02 after
120,b05-079-02-03 the
120,b05-079-03-01 of
120,b05-079-03-02 our
120,b05-079-03-03 islands
120,b05-079-03-04 all
120,b05-079-03-05 the
120,b05-079-04-00 male
120,b05-079-04-02 between
120,b05-079-04-03 the
120,b05-079-04-04 ages
120,b05-079-04-05 of
120,b05-079-05-01 and
120,b05-079-05-03 will
120,b05-079-05-05 unless
120,b05-079-05-06 the
120,b05-079-06-00 local
120,b05-079-06-02 calls
120,b05-079-06-03 for
120,b05-079-06-04 an
120,b05-079-07-00 ruling
120,b05-079-07-02 be
120,b05-079-07-04 and
120,b05-079-07-06 to
120,b05-079-07-07 the
120,b05-079-08-03 The
120,b05-079-08-04 Baltic
120,b05-079-08-05 States
120,b05-079-08-06 were
120,b05-079-09-00 to
120,b05-079-09-01 have
120,b05-079-09-02 been
120,b05-079-09-03 our
