550,m04-231-00-01 Do
550,m04-231-00-02 as
550,m04-231-00-04 say
550,m04-231-00-06 driver
550,m04-231-00-09 Very
550,m04-231-00-10 stern
550,m04-231-00-12 the
550,m04-231-01-01 was
550,m04-231-01-03 So
550,m04-231-01-04 the
550,m04-231-01-05 driver
550,m04-231-01-07 as
550,m04-231-02-00 through
550,m04-231-02-01 empty
550,m04-231-02-02 space
550,m04-231-02-05 Thank
550,m04-231-02-06 you
550,m04-231-02-09 the
550,m04-231-03-00 Edwards
550,m04-231-03-01 said
550,m04-231-03-07 we
550,m04-231-03-08 must
550,m04-231-04-00 pool
550,m04-231-04-01 and
550,m04-231-04-02 ration
550,m04-231-04-03 our
550,m04-231-04-05 of
550,m04-231-04-06 food
550,m04-231-04-08 if
550,m04-231-04-09 any
550,m04-231-05-00 He
550,m04-231-05-01 looked
550,m04-231-05-02 at
550,m04-231-05-03 Price
550,m04-231-05-04 the
550,m04-231-05-07 who
550,m04-231-05-08 was
550,m04-231-05-09 nursing
550,m04-231-06-01 great
550,m04-231-06-02 basket
550,m04-238-00-01 Now
550,m04-238-00-03 who
550,m04-238-00-04 has
550,m04-238-00-05 any
550,m04-238-00-06 food
550,m04-238-00-09 he
550,m04-238-00-10 asked
550,m04-238-01-00 Stared
550,m04-238-01-01 back
550,m04-238-01-02 did
550,m04-238-01-03 Price
550,m04-238-01-04 the
550,m04-238-02-02 Price
550,m04-238-02-05 think
550,m04-238-02-06 you
550,m04-238-02-07 may
550,m04-238-02-08 be
550,m04-238-02-09 able
550,m04-238-02-10 to
550,m04-238-02-11 help
550,m04-238-02-12 us
550,m04-238-02-13 here
550,m04-238-03-00 said
550,m04-238-03-01 the
550,m04-238-03-03 Edwards
550,m04-238-03-05 Price
550,m04-238-03-06 shook
550,m04-238-03-07 his
550,m04-238-03-08 head
550,m04-238-04-02 for
550,m04-238-04-03 Plas
550,m04-238-04-04 Newydd
550,m04-238-04-06 this
550,m04-238-04-07 lot
550,m04-238-04-08 is
550,m04-238-04-10 Paid
550,m04-238-04-11 for
550,m04-238-05-00 too
550,m04-238-05-03 He
550,m04-238-05-04 folded
550,m04-238-05-05 his
550,m04-238-05-06 arms
550,m04-238-05-08 over
550,m04-238-05-09 the
550,m04-238-05-10 basket
550,m04-246-00-01 dog
550,m04-246-00-03 thought
550,m04-246-00-04 the
550,m04-246-00-06 Edwards
550,m04-246-00-08 who
550,m04-246-01-00 enjoyed
550,m04-246-01-01 himself
550,m04-246-01-02 so
550,m04-246-01-03 much
550,m04-246-01-04 since
550,m04-246-01-05 reading
550,m04-246-02-00 Island
550,m04-246-02-03 What
550,m04-246-02-04 have
550,m04-246-02-05 you
550,m04-246-02-06 got
550,m04-246-02-07 in
550,m04-246-02-08 that
550,m04-246-02-09 basket
550,m04-246-02-11 Price
550,m04-246-03-00 he
550,m04-246-03-01 roared
550,m04-246-03-03 Quelled
550,m04-246-03-06 Price
550,m04-246-03-07 pulled
550,m04-246-03-08 out
550,m04-246-03-10 grocery
550,m04-246-04-00 list
550,m04-246-04-02 pushed
550,m04-246-04-03 his
550,m04-246-04-04 glasses
550,m04-246-04-05 up
550,m04-246-04-06 on
550,m04-246-04-07 his
550,m04-246-04-08 nose
550,m04-246-04-10 and
550,m04-246-05-00 began
550,m04-246-05-01 to
550,m04-246-05-02 read
550,m04-246-05-05 Six
550,m04-246-05-06 loaves
550,m04-246-05-08 four
550,m04-246-05-09 pounds
550,m04-246-05-10 butter
550,m04-246-06-00 two
550,m04-246-06-01 pounds
550,m04-246-06-02 marge
550,m04-246-06-04 one
550,m04-246-06-05 tin
550,m04-246-06-08 one
550,m04-246-06-09 York
550,m04-246-06-10 ham
550,n04-000-00-01 face
550,n04-000-00-02 was
550,n04-000-00-03 grim
550,n04-000-00-06 You
550,n04-000-00-07 think
550,n04-000-00-08 it
550,n04-000-00-09 was
550,n04-000-00-10 the
550,n04-000-00-11 Snort
550,n04-000-01-01 you
550,n04-000-01-04 John
550,n04-000-01-05 gave
550,n04-000-01-07 short
550,n04-000-01-08 laugh
550,n04-000-01-12 did
550,n04-000-01-15 he
550,n04-000-02-00 said
550,n04-000-02-03 but
550,n04-000-02-06 better
550,n04-000-02-07 stop
550,n04-000-02-09 that
550,n04-000-02-10 now
550,n04-000-03-01 is
550,n04-000-03-02 fitted
550,n04-000-03-03 with
550,n04-000-03-04 an
550,n04-000-03-06 similar
550,n04-000-03-07 one
550,n04-000-04-01 So
550,n04-000-04-02 there
550,n04-000-04-03 you
550,n04-000-04-04 are
550,n04-000-04-06 my
550,n04-000-04-07 dear
550,n04-000-04-10 Peggy
550,n04-000-04-12 eyes
550,n04-000-04-13 filled
550,n04-000-05-00 with
550,n04-000-05-01 tears
550,n04-000-05-04 It
550,n04-000-05-06 so
550,n04-000-05-07 unfair
550,n04-000-05-10 she
550,n04-000-05-11 said
550,n04-009-00-01 That
550,n04-009-00-02 little
550,n04-009-00-03 beast
550,n04-009-00-04 Robbie
550,n04-009-00-05 Munyard
550,n04-009-00-06 spent
550,n04-009-00-07 six
550,n04-009-01-00 months
550,n04-009-01-01 ashore
550,n04-009-01-02 while
550,n04-009-01-04 was
550,n04-009-01-06 in
550,n04-009-01-07 the
550,n04-009-02-01 and
550,n04-009-02-02 now
550,n04-009-02-03 that
550,n04-009-02-04 she
550,n04-009-02-06 ready
550,n04-009-02-07 for
550,n04-009-02-08 sea
550,n04-009-02-09 he
550,n04-009-02-10 goes
550,n04-009-03-00 sick
550,n04-009-03-02 Just
550,n04-009-03-03 because
550,n04-009-03-04 he
550,n04-009-03-06 an
550,n04-009-03-08 he
550,n04-009-03-09 can
550,n04-009-03-10 do
550,n04-009-04-00 what
550,n04-009-04-01 he
550,n04-009-04-02 likes
550,n04-009-04-04 Anyway
550,n04-009-04-06 why
550,n04-009-04-07 pick
550,n04-009-04-08 on
550,n04-009-04-09 you
550,n04-009-04-10 to
550,n04-009-04-11 succeed
550,n04-009-05-00 him
550,n04-009-05-03 John
550,n04-009-05-05 answer
550,n04-009-05-07 There
550,n04-009-05-08 was
550,n04-009-05-09 no
550,n04-009-05-10 point
550,n04-009-06-00 in
550,n04-009-06-01 sharing
550,n04-009-06-02 his
550,n04-009-06-04 with
550,n04-009-06-05 Peggy
