188,d04-047-00-00 Under
188,d04-047-00-01 such
188,d04-047-00-03 without
188,d04-047-00-04 putting
188,d04-047-00-05 your
188,d04-047-01-00 mind
188,d04-047-01-02 we
188,d04-047-01-03 cannot
188,d04-047-01-04 solve
188,d04-047-01-05 the
188,d04-047-01-06 further
188,d04-047-02-00 summons
188,d04-047-02-01 of
188,d04-047-02-02 destiny
188,d04-047-02-04 to
188,d04-047-02-05 solve
188,d04-047-02-06 the
188,d04-047-03-02 Hence
188,d04-047-03-03 says
188,d04-047-03-04 Rabbi
188,d04-047-03-05 Simeon
188,d04-047-03-06 ben
188,d04-047-04-00 Jochai
188,d04-047-04-02 Tanis
188,d04-047-04-06 if
188,d04-047-04-07 Israel
188,d04-047-04-08 does
188,d04-047-04-09 not
188,d04-047-04-10 fulfil
188,d04-047-05-00 the
188,d04-047-05-01 wish
188,d04-047-05-02 of
188,d04-047-05-03 the
188,d04-047-05-04 Lord
188,d04-047-05-06 failing
188,d04-047-05-07 to
188,d04-047-05-08 serve
188,d04-047-05-09 the
188,d04-047-06-00 Lord
188,d04-047-06-01 God
188,d04-047-06-02 with
188,d04-047-06-03 all
188,d04-047-06-04 their
188,d04-047-06-06 power
188,d04-047-07-00 the
188,d04-047-07-01 work
188,d04-047-07-02 will
188,d04-047-07-03 have
188,d04-047-07-04 to
188,d04-047-07-05 be
188,d04-047-07-06 done
188,d04-047-07-07 by
188,d04-047-07-08 each
188,d04-053-00-00 Freedom
188,d04-053-00-01 from
188,d04-053-00-02 want
188,d04-053-00-03 cannot
188,d04-053-00-04 be
188,d04-053-00-06 nor
188,d04-053-01-00 freedom
188,d04-053-01-01 from
188,d04-053-01-02 fear
188,d04-053-01-04 fear
188,d04-053-01-05 of
188,d04-053-01-07 in
188,d04-053-01-08 the
188,d04-053-02-00 midst
188,d04-053-02-01 of
188,d04-053-02-02 plenty
188,d04-053-02-04 Help
188,d04-053-02-05 will
188,d04-053-02-06 not
188,d04-053-02-07 be
188,d04-053-02-08 easily
188,d04-053-03-00 coming
188,d04-053-03-01 for
188,d04-053-03-02 the
188,d04-053-03-03 people
188,d04-053-03-04 in
188,d04-053-03-05 need
188,d04-053-03-07 They
188,d04-053-03-08 will
188,d04-053-04-00 think
188,d04-053-04-01 of
188,d04-053-04-02 the
188,d04-053-04-03 animals
188,d04-053-04-04 first
188,d04-053-04-06 which
188,d04-053-04-07 is
188,d04-053-04-08 of
188,d04-053-04-09 course
188,d04-053-05-00 our
188,d04-053-05-01 duty
188,d04-053-05-04 Of
188,d04-053-05-05 course
188,d04-053-05-06 the
188,d04-053-05-08 will
188,d04-053-06-00 eat
188,d04-053-06-01 and
188,d04-053-06-02 be
188,d04-053-06-03 full
188,d04-053-06-04 but
188,d04-053-06-07 Take
188,d04-053-06-08 heed
188,d04-053-06-09 to
188,d04-053-07-00 that
188,d04-053-07-01 your
188,d04-053-07-02 heart
188,d04-053-07-03 be
188,d04-053-07-04 not
188,d04-053-07-07 and
188,d04-053-07-09 turn
188,d04-053-08-00 aside
188,d04-053-08-02 and
188,d04-053-08-03 serve
188,d04-053-08-04 other
188,d04-053-08-05 gods
188,d04-053-08-07 and
188,d04-053-08-08 worship
188,d04-053-08-09 them
188,d04-053-09-00 the
188,d04-053-09-02 is
188,d04-053-09-03 thy
188,d04-053-09-05 enemy
188,d04-053-09-07 the
188,d04-053-10-00 seeking
188,d04-053-10-01 self
