254,f01-085-00-00 There
254,f01-085-00-01 have
254,f01-085-00-02 been
254,f01-085-00-03 many
254,f01-085-00-06 in
254,f01-085-01-01 in
254,f01-085-01-02 its
254,f01-085-01-03 search
254,f01-085-01-04 for
254,f01-085-01-06 units
254,f01-085-01-07 and
254,f01-085-01-08 here
254,f01-085-02-00 we
254,f01-085-02-01 can
254,f01-085-02-02 only
254,f01-085-02-04 what
254,f01-085-02-05 seems
254,f01-085-02-06 to
254,f01-085-02-07 be
254,f01-085-02-08 the
254,f01-085-02-09 most
254,f01-085-03-00 concept
254,f01-085-03-01 which
254,f01-085-03-02 is
254,f01-085-03-03 current
254,f01-085-03-04 today
254,f01-085-03-06 It
254,f01-085-03-07 is
254,f01-085-03-08 known
254,f01-085-03-09 as
254,f01-085-03-10 the
254,f01-085-03-11 schema
254,f01-085-04-00 It
254,f01-085-04-01 is
254,f01-085-04-02 not
254,f01-085-04-03 an
254,f01-085-04-04 easy
254,f01-085-04-05 concept
254,f01-085-04-06 and
254,f01-085-04-07 if
254,f01-085-04-09 try
254,f01-085-04-10 to
254,f01-085-04-11 make
254,f01-085-04-12 it
254,f01-085-05-01 it
254,f01-085-05-02 will
254,f01-085-05-03 be
254,f01-085-05-04 at
254,f01-085-05-05 the
254,f01-085-05-06 cost
254,f01-085-05-07 of
254,f01-085-06-00 but
254,f01-085-06-01 even
254,f01-085-06-02 so
254,f01-085-06-03 it
254,f01-085-06-04 may
254,f01-085-06-05 be
254,f01-085-06-06 better
254,f01-085-06-07 than
254,f01-081-00-00 We
254,f01-081-00-01 must
254,f01-081-00-02 beware
254,f01-081-00-04 however
254,f01-081-00-06 of
254,f01-081-00-08 that
254,f01-081-00-09 there
254,f01-081-00-10 must
254,f01-081-00-11 be
254,f01-081-00-12 any
254,f01-081-01-00 close
254,f01-081-01-01 analogy
254,f01-081-01-02 between
254,f01-081-01-03 the
254,f01-081-01-04 units
254,f01-081-01-05 of
254,f01-081-01-06 quite
254,f01-081-02-02 For
254,f01-081-02-03 example
254,f01-081-02-04 the
254,f01-081-02-05 success
254,f01-081-02-06 of
254,f01-081-02-07 the
254,f01-081-02-08 atomic
254,f01-081-02-09 theory
254,f01-081-03-00 in
254,f01-081-03-01 physics
254,f01-081-03-02 might
254,f01-081-03-03 lead
254,f01-081-03-04 us
254,f01-081-03-05 to
254,f01-081-03-06 suppose
254,f01-081-03-07 that
254,f01-081-03-08 the
254,f01-081-04-00 units
254,f01-081-04-01 of
254,f01-081-04-03 must
254,f01-081-04-04 be
254,f01-081-04-05 points
254,f01-081-04-07 It
254,f01-081-04-08 would
254,f01-081-04-09 be
254,f01-081-04-10 more
254,f01-081-05-00 correct
254,f01-081-05-01 to
254,f01-081-05-02 regard
254,f01-081-05-04 as
254,f01-081-05-05 the
254,f01-081-05-07 units
254,f01-081-05-08 of
