027,a02-046-00-00 At
027,a02-046-00-03 Edusei
027,a02-046-00-06 of
027,a02-046-00-08 and
027,a02-046-01-00 bably
027,a02-046-01-01 the
027,a02-046-01-03 man
027,a02-046-01-04 in
027,a02-046-01-07 team
027,a02-046-02-00 drove
027,a02-046-02-01 up
027,a02-046-02-02 to
027,a02-046-02-03 the
027,a02-046-02-05 Stores
027,a02-046-02-06 and
027,a02-046-02-07 faced
027,a02-046-02-08 the
027,a02-046-03-02 most
027,a02-046-03-03 of
027,a02-046-03-04 them
027,a02-046-03-06 in
027,a02-046-04-01 If
027,a02-046-04-02 you
027,a02-046-04-03 have
027,a02-046-04-04 not
027,a02-046-04-06 by
027,a02-046-04-07 ten
027,a02-046-04-11 he
027,a02-046-05-00 told
027,a02-046-05-01 them
027,a02-046-05-04 the
027,a02-046-05-05 police
027,a02-046-05-06 will
027,a02-046-05-07 act
027,a02-046-05-10 At
027,a02-046-05-11 five
027,a02-046-05-12 to
027,a02-046-05-13 ten
027,a02-046-06-01 posse
027,a02-046-06-02 of
027,a02-046-06-03 police
027,a02-046-06-04 arrived
027,a02-046-06-05 and
027,a02-046-06-06 in
027,a02-046-06-07 less
027,a02-046-06-08 than
027,a02-046-07-00 two
027,a02-046-07-01 minutes
027,a02-046-07-02 the
027,a02-046-07-03 crowd
027,a02-046-07-04 had
027,a02-046-07-05 gone
