148,c02-082-00-02 at
148,c02-082-00-03 the
148,c02-082-00-04 Paris
148,c02-082-00-05 Pullman
148,c02-082-01-00 in
148,c02-082-02-00 lated
148,c02-082-02-01 into
148,c02-082-02-02 Seven
148,c02-082-02-03 Days
148,c02-082-02-05 Seven
148,c02-082-02-06 Nights
148,c02-082-03-04 Peter
148,c02-082-03-06 film
148,c02-082-03-07 made
148,c02-082-04-00 in
148,c02-082-04-01 France
148,c02-082-04-02 and
148,c02-082-04-03 shown
148,c02-082-04-04 last
148,c02-082-04-05 autumn
148,c02-082-04-06 at
148,c02-082-05-00 the
148,c02-082-05-01 London
148,c02-082-05-02 Film
148,c02-082-05-05 In
148,c02-082-05-06 spite
148,c02-082-05-07 of
148,c02-082-06-02 from
148,c02-082-06-03 him
148,c02-082-06-04 and
148,c02-082-07-00 from
148,c02-082-07-01 Jeanne
148,c02-082-07-02 Moreau
148,c02-082-07-04 this
148,c02-082-07-05 has
148,c02-082-07-06 been
148,c02-082-07-07 fairly
148,c02-082-08-00 well
148,c02-082-08-02 by
148,c02-082-08-03 the
148,c02-082-08-04 critics
148,c02-082-08-06 it
148,c02-082-09-00 has
148,c02-082-09-05 even
148,c02-082-09-06 slow
