123,b06-023-00-01 these
123,b06-023-00-04 force
123,b06-023-00-05 of
123,b06-023-00-06 over
123,b06-023-01-02 by
123,b06-023-01-03 the
123,b06-023-01-05 is
123,b06-023-01-06 growing
123,b06-023-02-00 up
123,b06-023-02-02 These
123,b06-023-02-06 are
123,b06-023-02-07 in
123,b06-023-02-08 fact
123,b06-023-02-09 fighter
123,b06-023-02-10 bombers
123,b06-023-03-00 which
123,b06-023-03-01 could
123,b06-023-03-02 launch
123,b06-023-03-03 an
123,b06-023-03-04 atomic
123,b06-023-03-05 attack
123,b06-023-03-06 on
123,b06-023-04-00 Eastern
123,b06-023-04-01 Europe
123,b06-023-04-03 By
123,b06-023-04-05 the
123,b06-023-04-06 Germans
123,b06-023-04-07 plan
123,b06-023-04-08 to
123,b06-023-04-09 have
123,b06-023-05-00 nine
123,b06-023-05-01 missile
123,b06-023-05-04 with
123,b06-023-05-07 and
123,b06-023-06-01 firing
123,b06-023-06-02 ramps
123,b06-023-06-05 weapons
123,b06-023-06-06 like
123,b06-023-06-07 Matador
123,b06-023-07-01 range
123,b06-023-07-03 miles
123,b06-023-07-06 also
123,b06-023-07-08 by
123,b06-023-07-09 the
123,b06-097-00-00 This
123,b06-097-00-01 week
123,b06-097-00-02 of
123,b06-097-00-03 window
123,b06-097-00-05 will
123,b06-097-00-06 not
123,b06-097-00-07 prevent
123,b06-097-01-00 most
123,b06-097-01-01 of
123,b06-097-01-02 the
123,b06-097-01-03 hopeful
123,b06-097-01-05 leaving
123,b06-097-01-06 school
123,b06-097-02-00 in
123,b06-097-02-01 six
123,b06-097-02-02 weeks
123,b06-097-02-03 time
123,b06-097-02-04 from
123,b06-097-02-05 ending
123,b06-097-02-06 up
123,b06-097-02-07 in
123,b06-097-02-08 blind
123,b06-097-02-09 alley
123,b06-097-03-00 jobs
123,b06-097-03-02 It
123,b06-097-03-03 needs
123,b06-097-03-04 more
123,b06-097-03-05 than
123,b06-097-03-07 church
123,b06-097-03-08 parades
123,b06-097-04-00 and
123,b06-097-04-01 open
123,b06-097-04-02 days
123,b06-097-04-03 at
123,b06-097-04-04 techs
123,b06-097-04-06 more
123,b06-097-04-07 than
123,b06-097-04-09 into
123,b06-097-05-01 sewers
123,b06-097-05-02 or
123,b06-097-05-03 balloon
123,b06-097-05-04 ascents
123,b06-097-05-05 over
123,b06-097-06-01 for
123,b06-097-06-05 to
123,b06-097-07-00 catch
123,b06-097-07-01 up
123,b06-097-07-02 with
123,b06-097-07-03 the
123,b06-097-07-04 space
123,b06-097-07-05 age
123,b06-000-00-00 SOME
123,b06-000-00-02 years
123,b06-000-00-03 ago
123,b06-000-00-05 in
123,b06-000-00-06 the
123,b06-000-00-07 early
123,b06-000-00-08 summer
123,b06-000-00-09 of
123,b06-000-01-00 the
123,b06-000-01-01 German
123,b06-000-01-03 in
123,b06-000-01-04 London
123,b06-000-01-05 was
123,b06-000-02-01 secret
123,b06-000-02-02 report
123,b06-000-02-03 to
123,b06-000-02-04 his
123,b06-000-02-05 chief
123,b06-000-02-06 von
123,b06-000-02-07 Papen
123,b06-000-02-09 in
123,b06-000-02-10 Berlin
123,b06-000-03-01 Britain
123,b06-000-03-02 is
123,b06-000-03-04 in
123,b06-000-03-05 her
123,b06-000-03-06 role
123,b06-000-03-07 of
123,b06-000-04-00 of
123,b06-000-04-01 German
123,b06-000-04-04 in
123,b06-000-04-07 to
123,b06-000-04-08 France
123,b06-000-05-00 Later
123,b06-000-05-01 that
123,b06-000-05-02 year
123,b06-000-05-03 he
123,b06-000-05-04 warned
123,b06-000-05-05 that
123,b06-000-05-06 Britain
123,b06-000-05-07 knew
123,b06-000-06-00 Germany
123,b06-000-06-01 was
123,b06-000-06-03 the
123,b06-000-06-05 to
123,b06-000-06-06 stop
123,b06-000-07-01 bombers
123,b06-000-07-03 and
123,b06-000-07-04 added
123,c06-100-00-00 So
123,c06-100-00-01 all
123,c06-100-00-02 ends
123,c06-100-00-03 as
123,c06-100-00-04 you
123,c06-100-00-05 know
123,c06-100-00-06 it
123,c06-100-00-07 will
123,c06-100-00-09 with
123,c06-100-00-10 the
123,c06-100-01-03 wed
123,c06-100-01-04 and
123,c06-100-02-00 Master
123,c06-100-02-01 Darin
123,c06-100-02-02 going
123,c06-100-02-03 steady
123,c06-100-02-04 with
123,c06-100-02-05 the
123,c06-100-03-00 Sandra
123,c06-100-03-01 Dee
123,c06-100-03-03 to
123,c06-100-03-04 whom
123,c06-100-03-07 believe
123,c06-100-03-09 he
123,c06-100-03-10 is
123,c06-100-03-11 married
123,c06-100-04-00 in
123,c06-100-04-01 real
123,c06-100-04-02 life
123,c06-100-04-05 Miss
123,c06-100-04-06 Dee
123,c06-100-04-10 who
123,c06-100-04-11 keeps
123,c06-100-05-00 turning
123,c06-100-05-01 up
123,c06-100-05-02 as
123,c06-100-05-03 the
123,c06-100-05-04 typical
123,c06-100-05-06 in
123,c06-100-05-07 all
123,c06-100-05-08 the
123,c06-100-06-01 good
123,c06-100-06-02 girl
123,c06-100-06-04 parts
123,c06-100-06-06 Tuesday
123,c06-100-06-07 Weld
123,c06-100-06-08 gets
123,c06-100-06-09 the
123,c06-100-06-11 bad
123,c06-100-06-12 girl
123,c06-100-07-00 ones
123,c06-100-07-03 is
123,c06-100-07-05 quite
123,c06-100-07-06 an
123,c06-100-07-08 actress
123,c06-039-00-00 Among
123,c06-039-00-01 other
123,c06-039-00-03 he
123,c06-039-00-04 was
123,c06-039-00-05 banned
123,c06-039-00-06 from
123,c06-039-00-07 New
123,c06-039-01-03 Day
123,c06-039-01-04 parade
123,c06-039-01-05 as
123,c06-039-02-00 person
123,c06-039-02-03 He
123,c06-039-02-04 was
123,c06-039-02-05 in
123,c06-039-02-07 fight
123,c06-039-02-08 after
123,c06-039-02-09 telling
123,c06-039-03-02 during
123,c06-039-03-04 chat
123,c06-039-03-05 about
123,c06-039-04-01 Ireland
123,c06-039-04-02 will
123,c06-039-04-03 put
123,c06-039-04-06 into
123,c06-039-04-07 orbit
123,c06-039-04-09 Israel
123,c06-039-05-00 will
123,c06-039-05-01 put
123,c06-039-05-03 matzo
123,c06-039-05-04 ball
123,c06-039-05-05 into
123,c06-039-05-06 orbit
123,c06-039-05-08 and
123,c06-039-06-00 will
123,c06-039-06-01 put
123,c06-039-06-03 postage
123,c06-039-06-04 stamp
123,c06-039-06-05 into
123,c06-039-06-06 orbit
123,c06-039-06-07 before
123,c06-039-06-08 you
123,c06-039-07-01 put
123,c06-039-07-02 up
123,c06-039-07-04 mouse
