597,p02-027-00-00 All
597,p02-027-00-01 that
597,p02-027-00-02 was
597,p02-027-00-03 part
597,p02-027-00-04 of
597,p02-027-00-05 the
597,p02-027-00-06 past
597,p02-027-00-08 she
597,p02-027-00-09 would
597,p02-027-00-10 put
597,p02-027-00-11 it
597,p02-027-00-12 behind
597,p02-027-00-13 her
597,p02-027-00-15 She
597,p02-027-01-00 would
597,p02-027-01-01 never
597,p02-027-01-02 be
597,p02-027-01-03 jealous
597,p02-027-01-04 again
597,p02-027-01-06 would
597,p02-027-01-07 even
597,p02-027-01-08 take
597,p02-027-01-10 advice
597,p02-027-01-11 and
597,p02-027-02-00 look
597,p02-027-02-01 the
597,p02-027-02-02 other
597,p02-027-02-03 way
597,p02-027-02-04 if
597,p02-027-02-05 need
597,p02-027-02-06 be
597,p02-027-02-10 say
597,p02-027-02-13 Gavin
597,p02-027-02-14 was
597,p02-027-02-15 looking
597,p02-027-02-16 over
597,p02-027-02-17 her
597,p02-027-03-03 That
597,p02-027-03-06 pretty
597,p02-027-03-07 girl
597,p02-027-03-10 Gay
597,p02-027-03-11 glanced
597,p02-027-03-12 behind
597,p02-027-03-13 her
597,p02-027-03-17 she
597,p02-027-04-00 lovely
597,p02-027-04-02 she
597,p02-027-04-04 French
597,p02-027-04-07 very
597,p02-027-04-08 well
597,p02-027-04-09 known
597,p02-027-04-10 model
597,p02-027-04-12 believe
