321,g04-043-00-00 But
321,g04-043-00-01 what
321,g04-043-00-03 change
321,g04-043-00-04 from
321,g04-043-00-05 the
321,g04-043-00-06 dear
321,g04-043-00-07 little
321,g04-043-00-08 old
321,g04-043-00-09 church
321,g04-043-01-00 at
321,g04-043-01-02 to
321,g04-043-01-03 the
321,g04-043-01-04 great
321,g04-043-01-05 modern
321,g04-043-01-06 church
321,g04-043-01-07 of
321,g04-043-02-00 at
321,g04-043-02-01 Purley
321,g04-043-02-03 One
321,g04-043-02-04 felt
321,g04-043-02-05 at
321,g04-043-02-07 that
321,g04-043-02-09 small
321,g04-043-02-10 as
321,g04-043-02-11 the
321,g04-043-03-00 church
321,g04-043-03-01 was
321,g04-043-03-03 it
321,g04-043-03-04 had
321,g04-043-03-05 its
321,g04-043-03-06 own
321,g04-043-03-09 and
321,g04-043-03-10 for
321,g04-043-04-00 had
321,g04-043-04-01 been
321,g04-043-04-03 House
321,g04-043-04-04 of
321,g04-043-04-05 Prayer
321,g04-043-04-08 could
321,g04-043-04-09 not
321,g04-043-04-10 but
321,g04-043-04-11 feel
321,g04-043-04-12 the
321,g04-043-05-01 of
321,g04-043-05-02 the
321,g04-043-05-03 new
321,g04-043-05-04 church
321,g04-043-05-07 as
321,g04-043-05-08 it
321,g04-043-05-09 was
321,g04-043-05-10 and
321,g04-043-05-11 is
321,g04-043-06-00 When
321,g04-043-06-01 we
321,g04-043-06-02 had
321,g04-043-06-03 found
321,g04-043-06-05 group
321,g04-043-06-06 of
321,g04-043-06-07 people
321,g04-043-06-08 who
321,g04-043-06-09 gladly
321,g04-043-07-02 we
321,g04-043-07-03 made
321,g04-043-07-04 the
321,g04-043-07-05 little
321,g04-043-07-06 side
321,g04-043-07-07 chapel
321,g04-043-07-09 place
321,g04-043-08-00 of
321,g04-043-08-01 daily
321,g04-043-08-02 prayer
321,g04-048-00-02 to
321,g04-048-00-03 the
321,g04-048-00-05 that
321,g04-048-00-06 it
321,g04-048-00-07 needed
321,g04-048-01-00 warming
321,g04-048-01-01 up
321,g04-048-01-02 by
321,g04-048-01-04 prayer
321,g04-048-01-05 and
321,g04-048-01-06 worship
321,g04-048-01-08 and
321,g04-048-01-09 we
321,g04-048-02-00 found
321,g04-048-02-01 many
321,g04-048-02-02 to
321,g04-048-02-03 help
321,g04-048-02-05 Gifts
321,g04-048-02-06 of
321,g04-048-02-08 and
321,g04-048-03-01 lancet
321,g04-048-03-02 windows
321,g04-048-03-04 finally
321,g04-048-03-06 new
321,g04-048-03-07 altar
321,g04-048-04-00 helped
321,g04-048-04-01 to
321,g04-048-04-02 furnish
321,g04-048-04-03 the
321,g04-048-04-04 chapel
321,g04-048-04-05 as
321,g04-048-04-07 little
321,g04-048-05-00 for
321,g04-048-05-01 prayer
321,g04-048-05-02 and
321,g04-048-05-03 quiet
321,g04-048-05-05 In
321,g04-048-05-06 time
321,g04-048-05-07 we
321,g04-048-05-09 similar
321,g04-048-06-00 gifts
321,g04-048-06-01 for
321,g04-048-06-02 the
321,g04-048-06-03 High
321,g04-048-06-04 Altar
321,g04-048-06-06 and
321,g04-048-06-07 large
321,g04-048-06-08 East
321,g04-048-06-09 and
321,g04-048-06-10 West
321,g04-048-07-00 windows
