260,f02-020-00-00 The
260,f02-020-00-01 weekend
260,f02-020-00-03 for
260,f02-020-00-04 the
260,f02-020-00-05 men
260,f02-020-00-06 and
260,f02-020-00-07 their
260,f02-020-00-08 wives
260,f02-020-01-00 which
260,f02-020-01-01 takes
260,f02-020-01-02 place
260,f02-020-01-03 at
260,f02-020-01-04 company
260,f02-020-01-05 expense
260,f02-020-01-06 in
260,f02-020-01-08 country
260,f02-020-01-09 or
260,f02-020-02-00 resort
260,f02-020-02-01 hotel
260,f02-020-02-04 an
260,f02-020-02-05 address
260,f02-020-02-06 on
260,f02-020-02-08 The
260,f02-020-02-10 Point
260,f02-020-03-00 of
260,f02-020-03-01 View
260,f02-020-03-03 and
260,f02-020-03-04 one
260,f02-020-03-05 on
260,f02-020-03-07 Making
260,f02-020-03-08 the
260,f02-020-03-09 Most
260,f02-020-03-10 of
260,f02-020-03-11 Health
260,f02-020-04-01 are
260,f02-020-04-03 for
260,f02-020-04-04 the
260,f02-020-04-05 wives
260,f02-020-04-06 in
260,f02-020-04-08 to
260,f02-020-04-09 the
260,f02-020-05-00 plenary
260,f02-020-05-03 Of
260,f02-020-05-04 the
260,f02-020-05-05 men
260,f02-020-05-07 fifty
260,f02-020-05-08 years
260,f02-020-05-09 of
260,f02-020-05-10 age
260,f02-020-06-00 since
260,f02-020-06-01 the
260,f02-020-06-02 scheme
260,f02-020-06-03 started
260,f02-020-06-08 per
260,f02-020-06-09 cent
260,f02-020-06-11 have
260,f02-020-07-00 taken
260,f02-020-07-01 part
