594,p02-008-00-00 Gay
594,p02-008-00-01 went
594,p02-008-00-02 out
594,p02-008-00-03 to
594,p02-008-00-04 the
594,p02-008-00-05 waiting
594,p02-008-01-00 taxi
594,p02-008-01-02 and
594,p02-008-01-03 then
594,p02-008-01-04 found
594,p02-008-01-05 that
594,p02-008-01-06 in
594,p02-008-02-00 the
594,p02-008-02-02 of
594,p02-008-02-03 meeting
594,p02-008-03-00 Gavin
594,p02-008-03-01 she
594,p02-008-03-02 had
594,p02-008-03-03 left
594,p02-008-03-04 her
594,p02-008-04-00 glasses
594,p02-008-04-01 on
594,p02-008-04-02 the
594,p02-008-04-03 veranda
594,p02-008-04-05 She
594,p02-008-05-00 went
594,p02-008-05-01 quickly
594,p02-008-05-02 back
594,p02-008-05-03 to
594,p02-008-05-04 fetch
594,p02-008-05-05 them
594,p02-008-06-00 Gavin
594,p02-008-06-01 and
594,p02-008-06-02 the
594,p02-008-06-03 girl
594,p02-008-06-04 who
594,p02-008-06-05 had
594,p02-008-06-06 got
594,p02-008-07-00 off
594,p02-008-07-01 the
594,p02-008-07-02 plane
594,p02-008-07-03 with
594,p02-008-07-04 him
594,p02-008-07-05 were
594,p02-008-07-06 talking
594,p02-008-08-00 He
594,p02-008-08-01 was
594,p02-008-08-02 writing
594,p02-008-08-04 in
594,p02-008-08-05 his
594,p02-008-09-02 with
594,p02-008-09-04 sick
594,p02-008-09-05 feeling
594,p02-008-10-00 of
594,p02-008-10-01 despair
594,p02-008-10-02 Gay
594,p02-008-10-03 knew
594,p02-008-10-04 that
594,p02-008-10-05 of
594,p02-008-10-06 course
