302,g01-088-00-01 the
302,g01-088-00-02 rate
302,g01-088-00-03 was
302,g01-088-00-04 arrived
302,g01-088-00-05 at
302,g01-088-00-06 by
302,g01-088-00-08 simple
302,g01-088-01-01 which
302,g01-088-01-02 argued
302,g01-088-01-03 that
302,g01-088-01-05 as
302,g01-088-01-06 the
302,g01-088-01-07 first
302,g01-088-02-01 had
302,g01-088-02-06 tax
302,g01-088-02-07 of
302,g01-088-03-00 three
302,g01-088-03-01 times
302,g01-088-03-02 the
302,g01-088-03-03 rate
302,g01-088-03-04 would
302,g01-088-03-05 produce
302,g01-088-04-00 The
302,g01-088-04-01 only
302,g01-088-04-03 made
302,g01-088-04-04 in
302,g01-088-04-05 view
302,g01-088-04-06 of
302,g01-088-04-07 the
302,g01-088-05-01 to
302,g01-088-05-02 the
302,g01-088-05-03 first
302,g01-088-05-04 two
302,g01-088-05-06 was
302,g01-088-06-00 the
302,g01-088-06-02 that
302,g01-088-06-03 the
302,g01-088-06-04 rich
302,g01-088-06-05 should
302,g01-088-06-06 help
302,g01-088-07-00 the
302,g01-088-07-01 poor
302,g01-088-07-03 but
302,g01-088-07-04 this
302,g01-088-07-05 was
302,g01-088-07-06 only
302,g01-088-07-08 pious
302,g01-088-07-09 hope
302,g01-088-08-00 because
302,g01-088-08-01 no
302,g01-088-08-03 was
302,g01-088-08-05 for
302,g01-088-09-01 it
302,g01-088-09-02 into
302,g01-088-09-03 effect
302,g01-088-09-05 and
