232,e04-022-00-00 Decide
232,e04-022-00-01 on
232,e04-022-00-02 the
232,e04-022-00-04 angle
232,e04-022-00-05 of
232,e04-022-00-06 slope
232,e04-022-01-00 keeping
232,e04-022-01-02 flat
232,e04-022-01-03 on
232,e04-022-01-04 the
232,e04-022-01-05 chair
232,e04-022-01-06 seat
232,e04-022-01-08 and
232,e04-022-01-09 mark
232,e04-022-02-00 off
232,e04-022-02-01 the
232,e04-022-02-02 exact
232,e04-022-02-04 of
232,e04-022-02-06 on
232,e04-022-02-07 the
232,e04-022-02-08 side
232,e04-022-03-00 pieces
232,e04-022-03-02 These
232,e04-022-03-03 can
232,e04-022-03-04 then
232,e04-022-03-05 be
232,e04-022-03-06 cut
232,e04-022-03-07 at
232,e04-022-03-08 the
232,e04-022-03-09 correct
232,e04-022-04-00 angle
232,e04-022-04-01 and
232,e04-022-04-03 is
232,e04-022-04-04 glued
232,e04-022-04-05 and
232,e04-022-04-06 nailed
232,e04-022-04-07 in
232,e04-022-04-08 place
232,e04-022-05-01 piece
232,e04-022-05-02 of
232,e04-022-05-04 is
232,e04-022-05-05 then
232,e04-022-05-06 cut
232,e04-022-05-07 and
232,e04-022-05-08 pinned
232,e04-022-06-00 to
232,e04-022-06-01 the
232,e04-022-06-02 frame
232,e04-022-06-03 and
232,e04-022-06-04 its
232,e04-022-06-05 edges
232,e04-022-06-06 planed
232,e04-022-06-07 off
232,e04-022-07-00 flush
232,e04-019-00-00 The
232,e04-019-00-01 amount
232,e04-019-00-02 of
232,e04-019-00-03 the
232,e04-019-00-05 tilt
232,e04-019-00-06 and
232,e04-019-01-00 also
232,e04-019-01-01 the
232,e04-019-01-02 height
232,e04-019-01-03 is
232,e04-019-01-04 left
232,e04-019-01-05 to
232,e04-019-01-07 choice
232,e04-019-02-00 and
232,e04-019-02-01 the
232,e04-019-02-02 width
232,e04-019-02-03 is
232,e04-019-02-04 best
232,e04-019-02-05 taken
232,e04-019-03-00 from
232,e04-019-03-01 the
232,e04-019-03-02 work
232,e04-019-03-03 to
232,e04-019-03-04 ensure
232,e04-019-03-06 good
232,e04-019-03-07 fit
232,e04-019-04-00 Fix
232,e04-019-04-01 the
232,e04-019-04-02 piece
232,e04-019-04-04 to
232,e04-019-04-05 the
232,e04-019-04-06 sides
232,e04-019-04-07 first
232,e04-019-05-00 with
232,e04-019-05-01 glue
232,e04-019-05-02 and
232,e04-019-05-03 panel
232,e04-019-05-04 pins
232,e04-019-05-05 and
232,e04-019-05-06 then
232,e04-019-05-07 fit
232,e04-019-06-00 the
232,e04-019-06-01 frame
232,e04-019-06-03 with
232,e04-019-06-04 the
232,e04-019-06-05 piece
232,e04-019-07-02 in
232,e04-019-07-03 place
232,e04-019-07-04 on
232,e04-019-07-05 the
232,e04-019-07-06 chair
232,e04-019-08-00 frame
