653,r02-131-00-00 Your
653,r02-131-00-01 Auntie
653,r02-131-00-02 Edie
653,r02-131-00-04 coming
653,r02-131-00-05 in
653,r02-131-00-06 for
653,r02-131-00-08 cup
653,r02-131-00-09 of
653,r02-131-00-10 tea
653,r02-131-00-11 later
653,r02-131-00-12 and
653,r02-131-01-00 you
653,r02-131-01-01 know
653,r02-131-01-02 how
653,r02-131-01-03 she
653,r02-131-01-04 has
653,r02-131-01-06 good
653,r02-131-01-07 look
653,r02-131-01-08 round
653,r02-131-01-12 There
653,r02-131-01-13 was
653,r02-131-02-01 tinkle
653,r02-131-02-02 and
653,r02-131-02-04 thud
653,r02-131-02-05 from
653,r02-131-02-06 beside
653,r02-131-02-07 the
653,r02-131-02-08 coat
653,r02-131-03-00 mother
653,r02-131-03-01 turned
653,r02-131-03-02 around
653,r02-131-03-03 in
653,r02-131-03-04 time
653,r02-131-03-05 to
653,r02-131-03-06 see
653,r02-131-03-07 the
653,r02-131-04-00 against
653,r02-131-04-01 the
653,r02-131-04-02 brass
653,r02-131-04-04 stand
653,r02-131-04-07 Well
653,r02-131-04-08 now
653,r02-131-04-11 She
653,r02-131-04-12 hurried
653,r02-131-05-00 towards
653,r02-131-05-01 it
653,r02-131-05-02 and
653,r02-131-05-03 picked
653,r02-131-05-04 it
653,r02-131-05-05 up
