020,a01-132-00-01 That
020,a01-132-00-02 cannot
020,a01-132-00-04 without
020,a01-132-00-05 either
020,a01-132-01-01 being
020,a01-132-01-02 limited
020,a01-132-01-03 or
020,a01-132-01-04 an
020,a01-132-02-01 being
020,a01-132-02-02 made
020,a01-132-02-03 in
020,a01-132-03-00 The
020,a01-132-03-02 decided
020,a01-132-03-03 to
020,a01-132-03-04 adjust
020,a01-132-04-00 the
020,a01-132-04-03 which
020,a01-132-04-05 Powell
020,a01-132-05-00 claimed
020,a01-132-05-01 was
020,a01-132-05-04 not
020,a01-132-06-02 the
020,a01-132-06-03 service
020,a01-132-06-06 the
020,a01-132-07-00 attack
020,a01-132-07-01 on
020,a01-132-07-04 charges
020,a01-132-07-06 for
020,a01-132-07-07 welfare
020,a01-132-08-00 foods
020,a01-132-08-03 Powell
020,a01-132-08-04 said
020,a01-132-08-05 that
020,a01-132-08-06 all
020,a01-132-08-07 these
020,a01-132-09-00 foods
020,a01-132-09-01 would
020,a01-132-09-02 still
020,a01-132-09-03 be
020,a01-132-09-04 free
020,a01-132-09-05 in
020,a01-132-10-01 regular
020,a01-132-11-00 grants
