096,b02-045-00-00 Formula
096,b02-045-00-01 One
096,b02-045-00-03 which
096,b02-045-00-05 in
096,b02-045-00-09 to
096,b02-045-00-10 make
096,b02-045-01-00 this
096,b02-045-01-01 likely
096,b02-045-01-03 Formula
096,b02-045-01-04 Two
096,b02-045-01-06 which
096,b02-045-01-08 in
096,b02-045-01-09 June
096,b02-045-01-11 made
096,b02-045-01-12 it
096,b02-045-02-00 very
096,b02-045-02-03 if
096,b02-045-02-04 Formula
096,b02-045-02-05 Three
096,b02-045-02-07 the
096,b02-045-03-02 that
096,b02-045-03-03 is
096,b02-045-03-04 all
096,b02-045-03-05 that
096,b02-045-03-06 need
096,b02-045-03-07 be
096,b02-045-03-09 of
096,b02-045-03-10 it
096,b02-045-03-12 It
096,b02-045-03-13 is
096,b02-045-03-15 pity
096,b02-045-04-00 that
096,b02-045-04-01 the
096,b02-045-04-03 should
096,b02-045-04-04 ever
096,b02-045-04-05 have
096,b02-045-04-06 been
096,b02-045-04-07 led
096,b02-045-04-08 away
096,b02-045-05-00 from
096,b02-045-05-01 this
096,b02-045-05-04 It
096,b02-045-05-05 is
096,b02-045-05-07 great
096,b02-045-05-08 pity
096,b02-045-05-09 that
096,b02-045-05-10 the
096,b02-045-06-01 should
096,b02-045-06-02 give
096,b02-045-06-03 the
096,b02-045-06-05 of
096,b02-045-06-08 not
096,b02-045-07-00 to
096,b02-045-07-01 Mr
096,b02-045-07-06 but
096,b02-045-07-07 to
096,b02-045-08-00 the
096,b02-045-08-02 which
096,b02-045-08-03 he
096,b02-045-08-04 tried
096,b02-045-08-05 to
096,b02-045-08-06 prevent
