344,g06-042m-00-00 Nor
344,g06-042m-00-01 is
344,g06-042m-00-02 this
344,g06-042m-00-03 to
344,g06-042m-00-04 be
344,g06-042m-00-06 at
344,g06-042m-00-08 for
344,g06-042m-00-09 even
344,g06-042m-00-10 today
344,g06-042m-01-00 in
344,g06-042m-01-01 the
344,g06-042m-01-04 no
344,g06-042m-01-05 cure
344,g06-042m-01-06 has
344,g06-042m-01-07 been
344,g06-042m-01-08 found
344,g06-042m-01-09 for
344,g06-042m-01-10 the
344,g06-042m-02-03 As
344,g06-042m-02-04 early
344,g06-042m-02-05 as
344,g06-042m-02-08 when
344,g06-042m-03-02 himself
344,g06-042m-03-03 to
344,g06-042m-03-04 be
344,g06-042m-03-05 on
344,g06-042m-03-06 the
344,g06-042m-04-00 point
344,g06-042m-04-01 of
344,g06-042m-04-02 death
344,g06-042m-04-04 the
344,g06-042m-04-05 new
344,g06-042m-04-06 German
344,g06-042m-05-00 method
344,g06-042m-05-01 known
344,g06-042m-05-02 as
344,g06-042m-05-04 had
344,g06-042m-06-00 been
344,g06-042m-06-01 brought
344,g06-042m-06-02 to
344,g06-042m-06-03 his
344,g06-042m-06-04 notice
344,g06-047m-00-00 This
344,g06-047m-00-02 man
344,g06-047m-00-03 of
344,g06-047m-00-06 whom
344,g06-047m-00-07 Sir
344,g06-047m-01-00 Francis
344,g06-047m-01-01 Burdett
344,g06-047m-01-03 to
344,g06-047m-02-00 year
344,g06-047m-02-01 or
344,g06-047m-02-02 two
344,g06-047m-02-03 later
344,g06-047m-02-04 as
344,g06-047m-02-06 more
344,g06-047m-02-07 like
344,g06-047m-02-09 God
344,g06-047m-03-00 upon
344,g06-047m-03-01 earth
344,g06-047m-03-02 than
344,g06-047m-03-04 human
344,g06-047m-03-05 being
344,g06-047m-03-08 had
344,g06-047m-03-09 an
344,g06-047m-04-01 number
344,g06-047m-04-02 of
344,g06-047m-04-04 among
344,g06-047m-05-01 medical
344,g06-047m-05-02 men
344,g06-047m-05-03 in
344,g06-047m-05-04 the
344,g06-047m-05-05 cities
344,g06-047m-05-06 of
344,g06-047m-06-00 Europe
344,g06-047m-06-02 One
344,g06-047m-06-03 of
344,g06-047m-06-04 these
344,g06-047m-06-05 was
344,g06-047m-06-06 the
344,g06-047m-07-00 Dr
344,g06-047m-07-02 Mauro
344,g06-047m-07-04 whom
344,g06-047m-08-01 in
344,g06-047m-08-02 May
344,g06-031m-00-01 What
344,g06-031m-00-04 event
344,g06-031m-00-07 he
344,g06-031m-00-08 wrote
344,g06-031m-00-12 tremble
344,g06-031m-00-14 What
344,g06-031m-01-04 am
344,g06-031m-01-07 but
344,g06-031m-02-00 really
344,g06-031m-02-01 tremble
344,g06-031m-02-02 for
344,g06-031m-02-03 my
344,g06-031m-02-04 country
344,g06-031m-02-07 may
344,g06-031m-02-08 be
344,g06-031m-03-02 cannot
344,g06-031m-03-03 but
344,g06-031m-03-04 fear
344,g06-031m-03-05 that
344,g06-031m-03-06 the
344,g06-031m-03-08 of
344,g06-031m-04-00 the
344,g06-031m-04-01 People
344,g06-031m-04-02 will
344,g06-031m-04-03 be
344,g06-031m-04-04 so
344,g06-031m-04-05 great
344,g06-031m-04-06 at
344,g06-031m-04-07 the
344,g06-031m-04-08 return
344,g06-031m-04-09 of
344,g06-031m-05-02 that
344,g06-031m-05-03 the
344,g06-031m-05-04 Commons
344,g06-031m-05-05 House
344,g06-031m-05-06 upon
344,g06-031m-06-02 which
344,g06-031m-06-03 must
344,g06-031m-06-04 be
344,g06-031m-06-05 had
344,g06-031m-06-07 will
344,g06-031m-06-08 be
344,g06-031m-07-00 mass
344,g06-031m-07-01 of
344,g06-031m-07-05 then
344,g06-031m-07-06 God
344,g06-031m-07-07 knows
344,g06-031m-08-00 what
344,g06-031m-08-01 may
344,g06-031m-08-02 happen
344,g06-045m-00-00 In
344,g06-045m-00-01 April
344,g06-045m-00-02 of
344,g06-045m-00-03 that
344,g06-045m-00-04 year
344,g06-045m-00-05 his
344,g06-045m-00-06 first
344,g06-045m-01-02 the
344,g06-045m-01-04 Lord
344,g06-045m-02-00 had
344,g06-045m-02-01 written
344,g06-045m-02-02 to
344,g06-045m-02-03 advise
344,g06-045m-02-05 to
344,g06-045m-02-06 give
344,g06-045m-02-07 the
344,g06-045m-03-00 system
344,g06-045m-03-02 trial
344,g06-045m-03-04 adding
344,g06-045m-03-05 that
344,g06-045m-03-06 it
344,g06-045m-03-07 was
344,g06-045m-03-08 being
344,g06-045m-04-01 with
344,g06-045m-04-03 success
344,g06-045m-04-04 in
344,g06-045m-05-00 France
344,g06-045m-05-01 and
344,g06-045m-05-02 Italy
344,g06-045m-05-04 and
344,g06-045m-05-05 that
344,g06-045m-05-06 he
344,g06-045m-05-07 himself
344,g06-045m-05-08 was
344,g06-045m-06-00 being
344,g06-045m-06-01 treated
344,g06-045m-06-02 under
344,g06-045m-06-04 doctor
344,g06-045m-06-05 who
344,g06-045m-06-06 had
344,g06-045m-07-00 studied
344,g06-045m-07-01 under
344,g06-045m-07-02 its
344,g06-045m-07-03 founder
344,g06-045m-07-05 the
344,g06-045m-07-06 aged
344,g06-045m-08-01 Samuel
344,g06-011m-00-00 By
344,g06-011m-00-01 the
344,g06-011m-00-02 end
344,g06-011m-00-03 of
344,g06-011m-00-04 the
344,g06-011m-00-05 month
344,g06-011m-00-06 he
344,g06-011m-00-07 still
344,g06-011m-00-09 in
344,g06-011m-01-00 Naples
344,g06-011m-01-02 He
344,g06-011m-01-03 told
344,g06-011m-01-05 that
344,g06-011m-01-06 he
344,g06-011m-01-07 enjoyed
344,g06-011m-01-08 it
344,g06-011m-01-09 as
344,g06-011m-02-00 much
344,g06-011m-02-01 as
344,g06-011m-02-02 his
344,g06-011m-02-03 health
344,g06-011m-02-05 him
344,g06-011m-02-06 to
344,g06-011m-02-07 enjoy
344,g06-011m-03-01 The
344,g06-011m-03-02 Pearl
344,g06-011m-03-05 he
344,g06-011m-03-06 wrote
344,g06-011m-03-09 is
344,g06-011m-03-10 arrived
344,g06-011m-03-12 which
344,g06-011m-03-13 is
344,g06-011m-03-15 great
344,g06-011m-04-03 seems
344,g06-011m-04-04 to
344,g06-011m-04-05 be
344,g06-011m-04-06 tired
344,g06-011m-04-08 he
344,g06-011m-04-09 is
344,g06-011m-04-10 going
344,g06-011m-05-00 out
344,g06-011m-05-01 fast
344,g06-011m-05-04 What
344,g06-011m-05-06 gay
344,g06-011m-05-08 lively
344,g06-011m-05-09 people
344,g06-011m-05-11 and
344,g06-011m-05-12 what
344,g06-011m-06-00 busy
344,g06-011m-06-01 town
344,g06-011m-06-03 At
344,g06-011m-06-04 Rome
344,g06-011m-06-06 every
344,g06-011m-06-07 other
344,g06-011m-06-08 man
344,g06-011m-06-09 was
344,g06-011m-07-00 priest
344,g06-011m-07-02 here
344,g06-011m-07-03 the
344,g06-011m-07-04 priest
344,g06-011m-07-05 is
344,g06-011m-07-07 by
344,g06-011m-07-08 the
344,g06-011m-08-00 soldier
344,g06-011m-08-04 change
344,g06-011m-08-05 in
344,g06-011m-08-06 my
344,g06-011m-08-07 eye
344,g06-011m-09-01 as
344,g06-011m-09-02 the
344,g06-011m-09-03 troops
344,g06-011m-09-04 are
344,g06-011m-09-05 very
344,g06-011m-09-06 fine
344,g06-050m-00-01 first
344,g06-050m-00-02 action
344,g06-050m-00-03 was
344,g06-050m-00-04 to
344,g06-050m-00-05 write
344,g06-050m-00-06 to
344,g06-050m-00-07 his
344,g06-050m-01-00 revered
344,g06-050m-01-01 master
344,g06-050m-01-02 at
344,g06-050m-01-05 near
344,g06-050m-01-06 Leipzig
344,g06-050m-01-08 asking
344,g06-050m-02-00 for
344,g06-050m-02-01 advice
344,g06-050m-02-03 In
344,g06-050m-02-04 doing
344,g06-050m-02-05 so
344,g06-050m-02-06 he
344,g06-050m-02-08 his
344,g06-050m-03-01 patient
344,g06-050m-03-02 and
344,g06-050m-03-03 his
344,g06-050m-03-06 He
344,g06-050m-04-00 told
344,g06-050m-04-02 that
344,g06-050m-04-03 he
344,g06-050m-04-04 found
344,g06-050m-05-00 strong
344,g06-050m-05-03 man
344,g06-050m-05-04 with
344,g06-050m-05-06 gentle
344,g06-050m-05-07 and
344,g06-050m-06-04 and
344,g06-050m-07-00 sedate
344,g06-050m-07-02 not
344,g06-050m-07-03 easily
344,g06-050m-07-06 patient
344,g06-050m-07-07 and
344,g06-050m-08-03 but
344,g06-050m-08-04 he
344,g06-050m-08-05 appears
344,g06-050m-08-06 to
344,g06-050m-08-07 despair
344,g06-050m-09-00 of
344,g06-050m-09-01 ever
344,g06-050m-09-02 being
344,g06-050m-09-03 cured
344,g06-037m-00-00 God
344,g06-037m-00-01 grant
344,g06-037m-00-03 however
344,g06-037m-00-05 that
344,g06-037m-00-07 may
344,g06-037m-00-08 be
344,g06-037m-00-10 false
344,g06-037m-01-00 prophet
344,g06-037m-01-02 that
344,g06-037m-01-03 all
344,g06-037m-01-04 may
344,g06-037m-01-05 go
344,g06-037m-01-06 well
344,g06-037m-01-08 Sir
344,g06-037m-01-10 Peel
344,g06-037m-02-00 was
344,g06-037m-02-01 here
344,g06-037m-02-06 but
344,g06-037m-02-07 an
344,g06-037m-02-08 express
344,g06-037m-02-09 took
344,g06-037m-03-00 him
344,g06-037m-03-01 off
344,g06-037m-03-05 While
344,g06-037m-03-06 he
344,g06-037m-03-07 was
344,g06-037m-03-08 in
344,g06-037m-03-09 Naples
344,g06-037m-04-00 there
344,g06-037m-04-01 had
344,g06-037m-04-02 opened
344,g06-037m-04-04 new
344,g06-037m-04-05 chapter
344,g06-037m-04-06 in
344,g06-037m-04-07 the
344,g06-037m-05-00 history
344,g06-037m-05-01 of
344,g06-037m-05-04 search
344,g06-037m-05-05 for
344,g06-037m-05-06 an
344,g06-037m-06-02 of
344,g06-037m-06-03 his
344,g06-037m-06-04 painful
344,g06-037m-06-05 malady
344,g06-037m-07-00 None
344,g06-037m-07-01 of
344,g06-037m-07-02 the
344,g06-037m-07-06 to
344,g06-037m-08-00 which
344,g06-037m-08-01 he
344,g06-037m-08-02 had
344,g06-037m-08-03 been
344,g06-037m-08-05 ever
344,g06-037m-08-06 since
344,g06-037m-08-07 the
344,g06-037m-09-01 had
344,g06-037m-09-02 first
344,g06-037m-09-03 shown
344,g06-037m-10-00 years
344,g06-037m-10-01 before
344,g06-037m-10-02 had
344,g06-037m-10-03 had
344,g06-037m-10-04 the
344,g06-037m-10-06 effect
344,g06-018m-00-00 When
344,g06-018m-00-01 the
344,g06-018m-00-02 sailing
344,g06-018m-00-03 season
344,g06-018m-00-04 was
344,g06-018m-00-05 past
344,g06-018m-00-07 he
344,g06-018m-00-08 sent
344,g06-018m-00-09 Pearl
344,g06-018m-01-00 back
344,g06-018m-01-01 to
344,g06-018m-01-02 England
344,g06-018m-01-04 and
344,g06-018m-01-06 to
344,g06-018m-01-07 Rome
344,g06-018m-01-08 for
344,g06-018m-01-09 the
344,g06-018m-02-00 winter
344,g06-018m-02-02 In
344,g06-018m-02-03 late
344,g06-018m-02-06 he
344,g06-018m-02-07 was
344,g06-018m-02-10 as
344,g06-018m-03-00 usual
344,g06-018m-03-03 but
344,g06-018m-03-04 hoped
344,g06-018m-03-06 he
344,g06-018m-03-07 told
344,g06-018m-03-08 Arthur
344,g06-018m-03-11 to
344,g06-018m-03-12 find
344,g06-018m-03-13 this
344,g06-018m-04-00 place
344,g06-018m-04-01 agree
344,g06-018m-04-02 with
344,g06-018m-04-03 me
344,g06-018m-04-04 better
344,g06-018m-04-05 than
344,g06-018m-04-06 Naples
344,g06-018m-04-08 The
344,g06-018m-04-09 journey
344,g06-018m-05-00 has
344,g06-018m-05-01 been
344,g06-018m-05-02 against
344,g06-018m-05-03 me
344,g06-018m-05-05 as
344,g06-018m-05-06 there
344,g06-018m-05-07 has
344,g06-018m-05-08 been
344,g06-018m-05-09 much
344,g06-018m-06-00 rain
344,g06-018m-06-01 and
344,g06-018m-06-02 damp
344,g06-018m-06-04 but
344,g06-018m-06-05 the
344,g06-018m-06-07 is
344,g06-018m-06-08 high
344,g06-018m-07-02 have
344,g06-018m-07-03 not
344,g06-018m-07-04 yet
344,g06-018m-07-05 thought
344,g06-018m-07-06 of
344,g06-018m-07-08 fire
344,g06-026m-00-02 life
344,g06-026m-00-03 truly
344,g06-026m-00-06 It
344,g06-026m-00-07 so
344,g06-026m-00-08 happens
344,g06-026m-00-09 that
344,g06-026m-01-01 have
344,g06-026m-01-02 an
344,g06-026m-01-03 Italian
344,g06-026m-01-04 who
344,g06-026m-01-05 is
344,g06-026m-01-06 perhaps
344,g06-026m-01-07 the
344,g06-026m-01-08 best
344,g06-026m-02-00 Valet
344,g06-026m-02-01 de
344,g06-026m-02-02 Chambre
344,g06-026m-02-03 that
344,g06-026m-02-04 ever
344,g06-026m-02-05 was
344,g06-026m-02-07 But
344,g06-026m-02-08 he
344,g06-026m-02-09 has
344,g06-026m-03-00 not
344,g06-026m-03-01 one
344,g06-026m-03-02 word
344,g06-026m-03-03 of
344,g06-026m-03-04 English
344,g06-026m-03-07 While
344,g06-026m-03-08 he
344,g06-026m-03-09 was
344,g06-026m-03-10 writing
344,g06-026m-04-00 this
344,g06-026m-04-01 letter
344,g06-026m-04-02 he
344,g06-026m-04-03 heard
344,g06-026m-04-04 of
344,g06-026m-04-05 the
344,g06-026m-04-06 fall
344,g06-026m-04-07 of
344,g06-026m-04-08 the
344,g06-026m-04-09 Whigs
344,g06-026m-04-11 and
344,g06-026m-05-00 the
344,g06-026m-05-03 of
344,g06-026m-05-04 the
344,g06-026m-06-00 by
344,g06-026m-06-01 the
344,g06-026m-06-02 Duke
344,g06-026m-06-03 of
