662,r03-050-00-00 His
662,r03-050-00-01 aspect
662,r03-050-00-02 was
662,r03-050-00-03 as
662,r03-050-00-04 dusty
662,r03-050-00-05 as
662,r03-050-00-06 his
662,r03-050-00-07 office
662,r03-050-00-09 with
662,r03-050-00-10 scurf
662,r03-050-01-00 from
662,r03-050-01-01 dusty
662,r03-050-01-02 hair
662,r03-050-01-03 on
662,r03-050-01-04 the
662,r03-050-01-05 dusty
662,r03-050-01-07 of
662,r03-050-01-08 his
662,r03-050-01-09 black
662,r03-050-02-00 suit
662,r03-050-02-03 ash
662,r03-050-02-04 down
662,r03-050-02-05 the
662,r03-050-02-06 front
662,r03-050-02-08 an
662,r03-050-02-09 ashen
662,r03-050-02-10 face
662,r03-050-03-00 and
662,r03-050-03-01 yellow
662,r03-050-03-02 sleepy
662,r03-050-03-03 dust
662,r03-050-03-04 in
662,r03-050-03-05 the
662,r03-050-03-06 corners
662,r03-050-03-07 of
662,r03-050-03-08 his
662,r03-050-03-09 pale
662,r03-050-04-00 grey
662,r03-050-04-01 eyes
662,r03-050-04-03 His
662,r03-050-04-05 were
662,r03-050-04-06 dirty
662,r03-050-04-08 though
662,r03-050-04-09 he
662,r03-050-05-00 tried
662,r03-050-05-01 to
662,r03-050-05-02 make
662,r03-050-05-03 up
662,r03-050-05-04 for
662,r03-050-05-05 it
662,r03-050-05-06 by
662,r03-050-05-08 paring
662,r03-050-05-09 them
662,r03-050-06-00 with
662,r03-050-06-01 the
662,r03-050-06-03 of
662,r03-050-06-04 the
662,r03-050-06-06 hand
