008,a01-026x-00-01 Iain
008,a01-026x-00-02 Macleod
008,a01-026x-00-04 the
008,a01-026x-00-08 denied
008,a01-026x-01-00 in
008,a01-026x-01-01 the
008,a01-026x-01-02 Commons
008,a01-026x-01-03 last
008,a01-026x-01-04 night
008,a01-026x-01-05 that
008,a01-026x-01-06 there
008,a01-026x-01-07 have
008,a01-026x-02-00 been
008,a01-026x-02-01 secret
008,a01-026x-02-03 on
008,a01-026x-02-04 the
008,a01-026x-03-00 future
008,a01-026x-03-02 The
008,a01-026x-03-06 in
008,a01-026x-04-00 London
008,a01-026x-04-01 has
008,a01-026x-04-02 been
008,a01-026x-04-04 by
008,a01-026x-04-05 the
008,a01-026x-04-06 two
008,a01-026x-04-07 main
008,a01-026x-05-01 parties
008,a01-026x-05-03 the
008,a01-026x-05-04 United
008,a01-026x-05-05 Federal
008,a01-026x-05-06 Party
008,a01-026x-06-00 and
008,a01-026x-06-01 the
008,a01-026x-06-03 Party
008,a01-026x-06-05 But
008,a01-026x-07-00 of
008,a01-026x-07-01 Sir
008,a01-026x-07-02 Roy
008,a01-026x-07-05 Prime
008,a01-026x-07-07 of
008,a01-026x-07-08 the
008,a01-026x-08-00 Central
008,a01-026x-08-01 African
008,a01-026x-08-04 went
008,a01-026x-08-05 to
008,a01-026x-09-00 at
008,a01-026x-09-01 the
008,a01-026x-09-03 for
008,a01-026x-09-04 talks
008,a01-026x-09-05 with
008,a01-014x-00-00 Sir
008,a01-014x-00-02 United
008,a01-014x-00-03 Federal
008,a01-014x-00-04 Party
008,a01-014x-00-05 is
008,a01-014x-01-00 the
008,a01-014x-01-01 London
008,a01-014x-01-02 talks
008,a01-014x-01-03 on
008,a01-014x-01-04 the
008,a01-014x-02-00 future
008,a01-014x-02-02 Said
008,a01-014x-02-05 last
008,a01-014x-02-06 night
008,a01-014x-03-01 We
008,a01-014x-03-02 want
008,a01-014x-03-03 to
008,a01-014x-03-04 discuss
008,a01-014x-03-05 what
008,a01-014x-03-06 to
008,a01-014x-03-07 do
008,a01-014x-03-08 if
008,a01-014x-03-09 the
008,a01-014x-04-00 British
008,a01-014x-04-02 gives
008,a01-014x-04-03 in
008,a01-014x-04-04 to
008,a01-014x-04-05 Sir
008,a01-014x-04-06 Roy
008,a01-014x-05-00 and
008,a01-014x-05-01 the
008,a01-014x-05-02 talks
008,a01-014x-05-03 fall
008,a01-014x-05-04 through
008,a01-014x-05-06 There
008,a01-014x-05-07 are
008,a01-014x-05-08 bound
008,a01-014x-06-00 to
008,a01-014x-06-01 be
008,a01-014x-06-06 Sir
008,a01-014x-07-00 chief
008,a01-014x-07-01 aide
008,a01-014x-07-04 Julius
008,a01-014x-08-00 his
008,a01-014x-08-01 chief
008,a01-014x-08-03 report
008,a01-014x-08-04 on
008,a01-014x-08-05 his
008,a01-014x-08-06 talks
008,a01-014x-08-07 with
008,a01-014x-09-01 at
