143,c02-035-00-00 It
143,c02-035-00-01 is
143,c02-035-00-02 most
143,c02-035-00-03 unfair
143,c02-035-00-04 to
143,c02-035-00-05 call
143,c02-035-01-01 Dolce
143,c02-035-01-02 Vita
143,c02-035-01-05 for
143,c02-035-01-06 it
143,c02-035-01-07 is
143,c02-035-01-08 far
143,c02-035-01-09 more
143,c02-035-01-11 and
143,c02-035-01-12 deeply
143,c02-035-02-00 felt
143,c02-035-02-02 In
143,c02-035-02-04 Herbert
143,c02-035-02-05 Selpin
143,c02-035-02-06 tried
143,c02-035-02-08 similar
143,c02-035-02-09 feat
143,c02-035-03-00 in
143,c02-035-03-02 Titanic
143,c02-035-03-04 by
143,c02-035-03-06 the
143,c02-035-03-07 last
143,c02-035-03-08 days
143,c02-035-03-09 of
143,c02-035-03-10 the
143,c02-035-04-00 Third
143,c02-035-04-01 Reich
143,c02-035-04-02 with
143,c02-035-04-03 the
143,c02-035-04-04 sinking
143,c02-035-04-05 of
143,c02-035-04-06 the
143,c02-035-04-07 great
143,c02-035-04-08 ocean
143,c02-035-04-09 liner
143,c02-035-05-00 and
143,c02-035-05-01 paid
143,c02-035-05-02 for
143,c02-035-05-03 his
143,c02-035-05-05 with
143,c02-035-05-06 his
143,c02-035-05-07 life
