636,r02-000-00-00 He
636,r02-000-00-01 had
636,r02-000-00-02 long
636,r02-000-00-03 sensed
636,r02-000-00-05 in
636,r02-000-00-06 the
636,r02-000-01-00 drawn
636,r02-000-01-01 between
636,r02-000-01-04 and
636,r02-000-01-05 those
636,r02-000-02-02 By
636,r02-000-02-03 the
636,r02-000-02-04 time
636,r02-000-02-05 his
636,r02-000-02-06 monthly
636,r02-000-02-07 salary
636,r02-000-03-00 arrived
636,r02-000-03-02 the
636,r02-000-03-03 Inland
636,r02-000-03-04 Revenue
636,r02-000-03-05 had
636,r02-000-03-06 already
636,r02-000-03-07 taken
636,r02-000-04-00 their
636,r02-000-04-01 share
636,r02-000-04-03 and
636,r02-000-04-04 there
636,r02-000-04-05 were
636,r02-000-04-07 few
636,r02-000-05-01 in
636,r02-000-05-02 tax
636,r02-000-05-03 save
636,r02-000-05-04 for
636,r02-000-05-05 wives
636,r02-000-06-01 or
636,r02-000-06-02 any
636,r02-000-06-03 of
636,r02-000-06-04 the
636,r02-000-06-05 other
636,r02-000-06-06 normal
636,r02-000-07-01 which
636,r02-000-07-02 Cecil
636,r02-000-07-03 had
636,r02-000-07-04 so
636,r02-000-07-05 far
636,r02-000-07-06 avoided
