299,g01-039-00-00 None
299,g01-039-00-01 of
299,g01-039-00-02 these
299,g01-039-00-03 classes
299,g01-039-00-05 except
299,g01-039-00-06 the
299,g01-039-00-07 yeomen
299,g01-039-00-09 paid
299,g01-039-00-10 or
299,g01-039-01-01 to
299,g01-039-01-02 pay
299,g01-039-01-03 direct
299,g01-039-01-04 taxes
299,g01-039-01-06 During
299,g01-039-01-07 the
299,g01-039-02-00 teenth
299,g01-039-02-01 century
299,g01-039-02-03 the
299,g01-039-02-05 methods
299,g01-039-02-06 of
299,g01-039-03-01 the
299,g01-039-03-03 had
299,g01-039-03-04 become
299,g01-039-04-00 When
299,g01-039-04-01 the
299,g01-039-04-02 King
299,g01-039-04-03 and
299,g01-039-04-04 his
299,g01-039-04-05 Council
299,g01-039-05-00 nal
299,g01-039-05-01 funds
299,g01-039-05-03 they
299,g01-039-05-04 were
299,g01-039-05-05 usually
299,g01-039-05-06 granted
299,g01-039-05-07 an
299,g01-039-06-00 export
299,g01-039-06-01 tax
299,g01-039-06-02 on
299,g01-039-06-03 the
299,g01-039-06-04 wool
299,g01-039-06-05 trade
299,g01-039-06-08 by
299,g01-039-07-00 means
299,g01-039-07-01 of
299,g01-039-07-02 that
299,g01-039-07-04 staple
299,g01-039-07-06 system
299,g01-039-07-07 which
299,g01-039-07-08 ensured
299,g01-039-07-09 that
299,g01-039-08-00 prices
299,g01-039-08-02 quality
299,g01-039-08-03 and
299,g01-039-08-04 tax
299,g01-039-08-05 could
299,g01-039-08-06 be
299,g01-039-09-01 and
299,g01-039-09-05 with
299,g01-043-00-00 There
299,g01-043-00-01 were
299,g01-043-00-02 two
299,g01-043-00-03 other
299,g01-043-00-04 sources
299,g01-043-00-05 of
299,g01-043-00-06 public
299,g01-043-00-07 revenue
299,g01-043-01-00 first
299,g01-043-01-02 the
299,g01-043-01-03 Church
299,g01-043-01-05 which
299,g01-043-01-06 wisely
299,g01-043-01-08 the
299,g01-043-01-09 lead
299,g01-043-02-00 of
299,g01-043-02-01 the
299,g01-043-02-02 Commons
299,g01-043-02-03 and
299,g01-043-02-04 in
299,g01-043-02-05 its
299,g01-043-02-06 own
299,g01-043-03-00 granted
299,g01-043-03-04 and
299,g01-043-03-05 second
299,g01-043-04-00 the
299,g01-043-04-01 foreign
299,g01-043-04-04 with
299,g01-043-04-05 whom
299,g01-043-04-06 the
299,g01-043-05-01 had
299,g01-043-05-03 made
299,g01-043-05-04 private
299,g01-043-06-00 at
299,g01-043-06-03 of
299,g01-043-06-07 and
299,g01-043-06-08 whose
299,g01-043-07-01 were
299,g01-043-07-02 now
299,g01-043-07-04 by
299,g01-043-08-01 at
299,g01-043-08-03 rate
299,g01-043-08-04 roughly
299,g01-043-08-05 fifty
299,g01-043-08-06 per
299,g01-043-08-07 cent
299,g01-043-08-08 in
299,g01-043-09-00 excess
299,g01-043-09-01 of
299,g01-043-09-02 the
299,g01-043-09-03 rate
299,g01-043-09-04 for
299,g01-043-09-05 native
299,g01-045-00-00 In
299,g01-045-00-02 to
299,g01-045-00-03 these
299,g01-045-00-06 the
299,g01-045-00-07 King
299,g01-045-00-08 had
299,g01-045-00-09 the
299,g01-045-01-02 of
299,g01-045-01-03 his
299,g01-045-01-05 at
299,g01-045-01-06 the
299,g01-045-01-07 head
299,g01-045-02-00 of
299,g01-045-02-01 the
299,g01-045-02-02 feudal
299,g01-045-02-03 system
299,g01-045-02-05 as
299,g01-045-02-06 its
299,g01-045-02-07 chief
299,g01-045-03-00 and
299,g01-045-03-01 the
299,g01-045-03-03 of
299,g01-045-03-04 the
299,g01-045-03-05 fines
299,g01-045-03-06 of
299,g01-045-03-07 royal
299,g01-045-03-08 justice
299,g01-045-04-00 It
299,g01-045-04-01 was
299,g01-045-04-07 and
299,g01-045-04-08 not
299,g01-045-04-09 very
299,g01-045-05-02 system
299,g01-045-05-03 in
299,g01-045-05-04 which
299,g01-045-05-05 the
299,g01-045-06-00 borders
299,g01-045-06-01 between
299,g01-045-06-02 private
299,g01-045-06-03 and
299,g01-045-06-04 public
299,g01-045-06-05 purse
299,g01-045-06-06 were
299,g01-045-07-00 as
299,g01-045-07-02 as
299,g01-045-07-03 the
299,g01-045-07-04 borders
299,g01-045-07-05 between
299,g01-045-07-06 private
299,g01-045-08-00 and
299,g01-045-08-02 war
299,g01-045-08-04 and
299,g01-045-08-05 in
299,g01-045-08-06 which
299,g01-045-08-07 the
299,g01-045-09-00 vely
299,g01-045-09-01 simple
299,g01-045-09-03 of
299,g01-045-09-04 the
299,g01-045-09-05 feudal
299,g01-045-09-06 pyramid
