252,f01-070-00-00 Can
252,f01-070-00-01 we
252,f01-070-00-02 now
252,f01-070-00-03 put
252,f01-070-00-04 forward
252,f01-070-00-05 any
252,f01-070-00-07 clear
252,f01-070-01-00 picture
252,f01-070-01-01 of
252,f01-070-01-02 this
252,f01-070-01-04 basis
252,f01-070-01-06 of
252,f01-070-01-07 mental
252,f01-070-02-00 The
252,f01-070-02-02 have
252,f01-070-02-05 well
252,f01-070-03-00 with
252,f01-070-03-01 the
252,f01-070-03-02 atomic
252,f01-070-03-03 theory
252,f01-070-03-05 in
252,f01-070-03-06 giving
252,f01-070-03-08 clear
252,f01-070-03-09 and
252,f01-070-04-00 picture
252,f01-070-04-01 of
252,f01-070-04-02 the
252,f01-070-04-03 basis
252,f01-070-04-04 of
252,f01-070-04-05 such
252,f01-070-05-00 as
252,f01-070-05-02 action
252,f01-070-05-06 the
252,f01-070-05-08 of
252,f01-070-06-00 gases
252,f01-070-06-01 and
252,f01-070-06-02 so
252,f01-070-06-03 on
252,f01-070-06-05 Where
252,f01-070-06-06 has
252,f01-070-06-08 got
252,f01-070-06-09 to
252,f01-070-06-10 in
252,f01-070-06-11 its
252,f01-070-07-01 of
252,f01-070-07-03 mind
252,f01-070-07-06 Are
252,f01-070-07-07 there
252,f01-070-07-08 any
252,f01-070-07-10 units
252,f01-070-08-00 of
252,f01-070-08-01 mind
252,f01-070-08-02 akin
252,f01-070-08-03 to
252,f01-070-08-04 the
252,f01-070-08-05 atoms
252,f01-070-08-06 of
252,f01-070-08-07 matter
