658,r03-007-00-00 It
658,r03-007-00-01 was
658,r03-007-00-04 of
658,r03-007-00-06 to
658,r03-007-00-07 be
658,r03-007-01-00 clothed
658,r03-007-01-01 leaf
658,r03-007-01-02 by
658,r03-007-01-03 leaf
658,r03-007-01-04 with
658,r03-007-01-05 the
658,r03-007-02-00 of
658,r03-007-02-03 Her
658,r03-007-02-04 first
658,r03-007-02-07 in
658,r03-007-03-00 the
658,r03-007-03-01 belief
658,r03-007-03-02 that
658,r03-007-03-03 all
658,r03-007-03-04 she
658,r03-007-03-05 need
658,r03-007-03-06 do
658,r03-007-03-07 was
658,r03-007-03-08 to
658,r03-007-03-09 go
658,r03-007-03-10 to
658,r03-007-04-00 an
658,r03-007-04-01 agent
658,r03-007-04-03 visit
658,r03-007-04-04 half
658,r03-007-04-06 dozen
658,r03-007-04-07 houses
658,r03-007-04-08 in
658,r03-007-04-09 one
658,r03-007-05-00 day
658,r03-007-05-02 choose
658,r03-007-05-03 one
658,r03-007-05-05 make
658,r03-007-05-06 an
658,r03-007-05-07 offer
658,r03-007-05-09 put
658,r03-007-05-10 it
658,r03-007-05-11 in
658,r03-007-06-00 the
658,r03-007-06-01 hands
658,r03-007-06-02 of
658,r03-007-06-04 lawyer
658,r03-007-06-05 and
658,r03-007-06-06 go
658,r03-007-06-07 away
658,r03-007-06-08 on
658,r03-007-06-09 her
658,r03-007-07-00 holiday
658,r03-007-07-01 while
658,r03-007-07-02 the
658,r03-007-07-03 whole
658,r03-007-07-05 was
658,r03-007-08-00 put
658,r03-007-08-01 through
658,r03-002-00-00 In
658,r03-002-00-01 spite
658,r03-002-00-02 of
658,r03-002-00-03 all
658,r03-002-00-04 the
658,r03-002-01-00 she
658,r03-002-01-01 was
658,r03-002-01-02 endowed
658,r03-002-01-03 with
658,r03-002-01-04 by
658,r03-002-01-05 her
658,r03-002-02-00 poor
658,r03-002-02-01 Serena
658,r03-002-02-02 was
658,r03-002-02-03 an
658,r03-002-02-05 as
658,r03-002-03-01 buyer
658,r03-002-03-02 of
658,r03-002-03-05 No
658,r03-002-03-07 not
658,r03-002-03-08 even
658,r03-002-03-09 an
658,r03-002-04-01 but
658,r03-002-04-04 babe
658,r03-002-05-01 piece
658,r03-002-05-02 of
658,r03-002-05-03 frailty
658,r03-002-05-04 in
658,r03-002-05-05 an
658,r03-002-06-00 tent
658,r03-002-06-01 of
658,r03-002-06-02 utter
658,r03-002-06-05 The
658,r03-002-06-07 of
658,r03-002-07-00 that
658,r03-002-07-02 was
658,r03-002-07-05 It
658,r03-002-07-06 had
658,r03-002-07-07 layer
658,r03-002-08-00 after
658,r03-002-08-01 layer
658,r03-002-08-02 of
658,r03-002-08-04 to
658,r03-002-08-05 be
658,r03-002-08-06 peeled
658,r03-002-08-07 off
658,r03-002-08-08 and
658,r03-002-09-01 with
658,r03-002-09-02 sad
