145,c02-056-00-00 This
145,c02-056-00-02 is
145,c02-056-00-03 at
145,c02-056-00-04 last
145,c02-056-00-05 being
145,c02-056-00-07 and
145,c02-056-01-00 given
145,c02-056-01-01 his
145,c02-056-01-02 proper
145,c02-056-01-03 place
145,c02-056-01-04 in
145,c02-056-01-05 the
145,c02-056-01-06 history
145,c02-056-01-07 of
145,c02-056-01-08 the
145,c02-056-02-00 German
145,c02-056-02-01 film
145,c02-056-02-03 Most
145,c02-056-02-05 was
145,c02-056-02-06 his
145,c02-056-03-08 five
145,c02-056-03-09 ghost
145,c02-056-03-10 stories
145,c02-056-04-00 with
145,c02-056-04-02 light
145,c02-056-04-03 touch
145,c02-056-04-05 and
145,c02-056-04-06 there
145,c02-056-04-07 was
145,c02-056-04-08 much
145,c02-056-04-09 to
145,c02-056-04-10 admire
145,c02-056-05-00 in
145,c02-056-05-02 Dreyfus
145,c02-056-05-07 and
145,c02-056-05-08 the
145,c02-056-05-10 unknown
145,c02-056-06-00 but
145,c02-056-06-10 which
145,c02-056-07-00 tries
145,c02-056-07-01 to
145,c02-056-07-02 show
145,c02-056-07-03 that
145,c02-056-07-04 it
145,c02-056-07-05 took
145,c02-056-07-06 more
145,c02-056-07-07 than
145,c02-056-07-08 just
145,c02-056-08-00 Germany
145,c02-056-08-01 to
145,c02-056-08-02 start
145,c02-056-08-03 the
145,c02-056-08-04 First
145,c02-056-08-05 World
145,c02-056-08-06 War
