257,f02-000-00-00 The
257,f02-000-00-02 largest
257,f02-000-00-03 group
257,f02-000-00-06 of
257,f02-000-00-07 male
257,f02-000-01-00 weekly
257,f02-000-01-02 up
257,f02-000-01-03 to
257,f02-000-01-05 level
257,f02-000-02-00 and
257,f02-000-02-01 in
257,f02-000-02-02 the
257,f02-000-02-03 works
257,f02-000-02-04 only
257,f02-000-02-07 the
257,f02-000-02-08 offices
257,f02-000-02-10 was
257,f02-000-03-06 was
257,f02-000-04-01 from
257,f02-000-04-04 records
257,f02-000-05-01 that
257,f02-000-05-02 there
257,f02-000-05-03 were
257,f02-000-05-05 at
257,f02-000-05-06 that
257,f02-000-05-07 time
257,f02-000-06-00 teen
257,f02-000-06-01 men
257,f02-000-06-02 seventy
257,f02-000-06-03 years
257,f02-000-06-04 of
257,f02-000-06-05 age
257,f02-000-06-06 or
257,f02-000-06-07 older
257,f02-000-07-01 aged
257,f02-000-07-03 years
257,f02-000-07-05 and
257,f02-000-08-00 five
257,f02-000-08-01 just
257,f02-000-08-02 fifty
257,f02-000-08-03 years
257,f02-000-08-04 of
257,f02-000-08-05 age
