154,c03-081e-00-02 the
154,c03-081e-00-04 has
154,c03-081e-01-01 error
154,c03-081e-01-02 in
154,c03-081e-01-04 Irene
154,c03-081e-01-05 to
154,c03-081e-01-06 speak
154,c03-081e-02-00 for
154,c03-081e-02-01 herself
154,c03-081e-02-03 we
154,c03-081e-02-04 would
154,c03-081e-02-05 be
154,c03-081e-02-07 clearer
154,c03-081e-03-00 in
154,c03-081e-03-01 our
154,c03-081e-03-02 minds
154,c03-081e-03-03 about
154,c03-081e-03-04 her
154,c03-081e-03-05 if
154,c03-081e-03-06 she
154,c03-081e-04-01 flawed
154,c03-081e-04-02 but
154,c03-081e-04-04 enigma
154,c03-081e-04-06 seen
154,c03-081e-04-07 but
154,c03-081e-05-00 not
154,c03-081e-05-01 heard
154,c03-081e-05-03 However
154,c03-081e-05-05 Miss
154,c03-081e-05-06 Pinkie
154,c03-081e-06-00 makes
154,c03-081e-06-01 her
154,c03-081e-06-02 few
154,c03-081e-06-03 brief
154,c03-081e-06-04 scenes
154,c03-081e-06-07 and
154,c03-081e-07-02 Landen
154,c03-081e-07-04 in
154,c03-081e-07-05 the
154,c03-081e-07-06 longest
154,c03-081e-07-07 and
154,c03-081e-07-08 most
154,c03-081e-08-01 role
154,c03-081e-08-03 that
154,c03-081e-08-04 of
154,c03-081e-08-05 the
154,c03-081e-08-08 gives
154,c03-081e-09-00 mance
154,c03-081e-09-01 of
154,c03-081e-09-02 rare
154,c03-081e-09-04 and
154,c03-081e-10-00 power
154,c03-084e-00-01 Bryan
154,c03-084e-00-04 is
154,c03-084e-00-05 quietly
154,c03-084e-01-02 giving
154,c03-084e-01-03 full
154,c03-084e-01-04 value
154,c03-084e-01-05 to
154,c03-084e-01-06 the
154,c03-084e-01-07 formal
154,c03-084e-02-00 of
154,c03-084e-02-02 writing
154,c03-084e-02-03 without
154,c03-084e-03-00 them
154,c03-084e-03-02 Last
154,c03-084e-03-04 play
154,c03-084e-03-05 in
154,c03-084e-03-06 the
154,c03-084e-03-08 Play
154,c03-084e-03-09 of
154,c03-084e-03-10 the
154,c03-084e-04-00 Week
154,c03-084e-04-02 series
154,c03-084e-04-03 on
154,c03-084e-04-07 Then
154,c03-084e-04-08 We
154,c03-084e-05-00 Fall
154,c03-084e-05-02 by
154,c03-084e-05-04 Paul
154,c03-084e-05-05 Ferris
154,c03-084e-05-07 was
154,c03-084e-05-10 on
154,c03-084e-06-00 the
154,c03-084e-06-01 not
154,c03-084e-06-03 theme
154,c03-084e-06-04 of
154,c03-084e-06-05 the
154,c03-084e-07-00 power
154,c03-084e-07-01 of
154,c03-003e-00-00 This
154,c03-003e-00-01 is
154,c03-003e-00-02 not
154,c03-003e-00-04 filmed
154,c03-003e-00-05 play
154,c03-003e-00-07 It
154,c03-003e-00-08 has
154,c03-003e-00-09 been
154,c03-003e-01-00 ceived
154,c03-003e-01-02 in
154,c03-003e-01-03 terms
154,c03-003e-01-04 of
154,c03-003e-01-05 the
154,c03-003e-01-06 cinema
154,c03-003e-02-00 and
154,c03-003e-02-01 again
154,c03-003e-02-02 and
154,c03-003e-02-03 again
154,c03-003e-02-04 it
154,c03-003e-02-05 is
154,c03-003e-02-06 the
154,c03-003e-02-07 visual
154,c03-003e-03-00 of
154,c03-003e-03-01 the
154,c03-003e-03-02 story
154,c03-003e-03-04 and
154,c03-003e-03-05 the
154,c03-003e-03-07 of
154,c03-003e-03-08 the
154,c03-003e-03-09 central
154,c03-003e-04-01 to
154,c03-003e-04-02 their
154,c03-003e-04-05 which
154,c03-003e-04-06 bring
154,c03-003e-05-00 the
154,c03-003e-05-01 film
154,c03-003e-05-02 so
154,c03-003e-05-03 vividly
154,c03-003e-05-04 to
154,c03-003e-05-05 life
154,c03-003e-05-07 In
154,c03-003e-05-08 Fanny
154,c03-003e-05-10 which
154,c03-003e-06-00 also
154,c03-003e-06-01 has
154,c03-003e-06-02 its
154,c03-003e-06-06 the
154,c03-003e-07-01 Joshua
154,c03-003e-07-02 Logan
154,c03-003e-07-05 but
154,c03-003e-07-06 failed
154,c03-003e-07-07 to
154,c03-003e-08-00 create
154,c03-003e-08-01 the
154,c03-003e-08-03 of
154,c03-003e-08-05 city
154,c03-007e-00-00 In
154,c03-007e-00-02 Taste
154,c03-007e-00-03 of
154,c03-007e-00-04 Honey
154,c03-007e-00-07 has
154,c03-007e-01-00 taken
154,c03-007e-01-02 town
154,c03-007e-01-03 in
154,c03-007e-01-04 the
154,c03-007e-01-06 North
154,c03-007e-01-07 of
154,c03-007e-02-00 England
154,c03-007e-02-01 and
154,c03-007e-02-02 has
154,c03-007e-02-03 made
154,c03-007e-02-04 it
154,c03-007e-02-05 live
154,c03-007e-02-07 The
154,c03-007e-02-08 shabby
154,c03-007e-03-00 streets
154,c03-007e-03-01 and
154,c03-007e-03-02 wet
154,c03-007e-03-05 the
154,c03-007e-03-06 school
154,c03-007e-04-00 grounds
154,c03-007e-04-02 the
154,c03-007e-04-03 public
154,c03-007e-04-05 and
154,c03-007e-04-06 the
154,c03-007e-05-00 rubbish
154,c03-007e-05-01 strewn
154,c03-007e-05-02 canals
154,c03-007e-05-04 even
154,c03-007e-05-05 the
154,c03-007e-05-06 worn
154,c03-007e-06-01 in
154,c03-007e-06-02 the
154,c03-007e-06-06 sacred
154,c03-007e-06-07 to
154,c03-007e-07-00 the
154,c03-007e-07-01 memory
154,c03-007e-07-02 of
154,c03-007e-07-05 are
154,c03-007e-07-06 seen
154,c03-007e-07-07 as
154,c03-007e-07-08 an
154,c03-007e-08-00 part
154,c03-007e-08-01 of
154,c03-007e-08-02 the
154,c03-007e-08-03 story
154,c03-000e-00-00 The
154,c03-000e-00-01 film
154,c03-000e-00-02 version
154,c03-000e-00-03 of
154,c03-000e-00-04 Miss
154,c03-000e-00-05 Shelagh
154,c03-000e-01-00 play
154,c03-000e-01-02 Taste
154,c03-000e-01-03 of
154,c03-000e-01-04 Honey
154,c03-000e-01-05 opens
154,c03-000e-01-06 at
154,c03-000e-01-07 the
154,c03-000e-02-00 Square
154,c03-000e-02-01 Theatre
154,c03-000e-02-04 It
154,c03-000e-02-05 has
154,c03-000e-02-06 been
154,c03-000e-03-00 and
154,c03-000e-03-02 by
154,c03-000e-03-04 Tony
154,c03-000e-03-07 who
154,c03-000e-03-08 is
154,c03-000e-04-00 also
154,c03-000e-04-02 with
154,c03-000e-04-03 Miss
154,c03-000e-04-04 Delaney
154,c03-000e-04-05 of
154,c03-000e-04-06 the
154,c03-000e-05-00 script
154,c03-000e-05-02 and
154,c03-000e-05-03 the
154,c03-000e-05-04 great
154,c03-000e-05-06 to
154,c03-000e-05-07 be
154,c03-000e-06-00 derived
154,c03-000e-06-01 from
154,c03-000e-06-02 this
154,c03-000e-06-03 unity
154,c03-000e-06-04 of
154,c03-000e-06-06 and
154,c03-000e-07-00 control
154,c03-000e-07-01 are
154,c03-016e-00-00 But
154,c03-016e-00-01 there
154,c03-016e-00-02 is
154,c03-016e-00-03 heart
154,c03-016e-00-04 in
154,c03-016e-00-05 the
154,c03-016e-00-06 telling
154,c03-016e-00-08 and
154,c03-016e-00-09 an
154,c03-016e-01-00 intense
154,c03-016e-01-01 realism
154,c03-016e-01-02 in
154,c03-016e-01-03 the
154,c03-016e-01-07 young
154,c03-016e-02-00 girl
154,c03-016e-02-01 lives
154,c03-016e-02-02 in
154,c03-016e-02-04 single
154,c03-016e-02-05 dingy
154,c03-016e-02-06 room
154,c03-016e-02-07 with
154,c03-016e-02-08 her
154,c03-016e-03-03 mother
154,c03-016e-03-05 In
154,c03-016e-03-06 such
154,c03-016e-04-01 she
154,c03-016e-04-02 learns
154,c03-016e-04-03 sex
154,c03-016e-04-04 is
154,c03-016e-05-00 sordid
154,c03-016e-05-02 and
154,c03-016e-05-03 when
154,c03-016e-05-04 she
154,c03-016e-05-06 it
154,c03-016e-05-07 for
154,c03-016e-05-08 the
154,c03-016e-06-00 first
154,c03-016e-06-01 time
154,c03-016e-06-02 herself
154,c03-016e-06-03 it
154,c03-016e-06-04 is
154,c03-016e-07-02 but
154,c03-016e-07-03 half
154,c03-016e-07-04 shyly
154,c03-016e-07-05 and
154,c03-016e-07-06 half
154,c03-016e-08-02 As
154,c03-016e-08-03 is
154,c03-016e-08-04 the
154,c03-016e-08-05 case
154,c03-016e-08-06 in
154,c03-016e-08-07 Fanny
154,c03-016e-08-08 her
154,c03-016e-09-00 first
154,c03-016e-09-01 lover
154,c03-016e-09-02 is
154,c03-016e-09-04 sailor
154,c03-016e-09-05 who
154,c03-016e-09-06 leaves
154,c03-016e-09-07 her
154,c03-016e-09-08 to
154,c03-016e-10-00 bear
154,c03-016e-10-01 his
154,c03-016e-10-02 child
154,c03-016e-10-03 and
154,c03-016e-10-04 sails
154,c03-016e-10-05 away
154,c03-096e-00-00 Only
154,c03-096e-00-03 actions
154,c03-096e-00-07 arose
154,c03-096e-01-01 from
154,c03-096e-01-03 motives
154,c03-096e-01-05 The
154,c03-096e-02-00 rest
154,c03-096e-02-02 one
154,c03-096e-02-03 feels
154,c03-096e-02-05 were
154,c03-096e-02-06 driven
154,c03-096e-02-07 to
154,c03-096e-02-09 action
154,c03-096e-02-10 by
154,c03-096e-03-00 the
154,c03-096e-03-01 author
154,c03-096e-03-02 in
154,c03-096e-03-03 spite
154,c03-096e-03-04 of
154,c03-096e-03-05 the
154,c03-096e-03-07 with
154,c03-096e-04-00 which
154,c03-096e-04-01 he
154,c03-096e-04-02 had
154,c03-096e-04-03 endowed
154,c03-096e-04-04 them
154,c03-096e-04-06 One
154,c03-096e-04-07 hopes
154,c03-096e-04-08 that
154,c03-096e-04-09 he
154,c03-096e-05-00 is
154,c03-096e-05-01 not
154,c03-096e-05-02 asking
154,c03-096e-05-03 us
154,c03-096e-05-04 to
154,c03-096e-05-05 believe
154,c03-096e-05-06 that
154,c03-096e-05-08 because
154,c03-096e-05-09 of
154,c03-096e-06-00 their
154,c03-096e-06-01 odd
154,c03-096e-06-02 accents
154,c03-096e-06-04 they
154,c03-096e-06-05 act
154,c03-096e-06-06 oddly
154,c03-096e-06-07 like
154,c03-096e-06-08 the
154,c03-096e-07-00 queer
154,c03-096e-07-02 of
154,c03-087e-00-00 It
154,c03-087e-00-01 went
154,c03-087e-00-03 perhaps
154,c03-087e-00-05 some
154,c03-087e-00-07 beyond
154,c03-087e-00-08 most
154,c03-087e-01-01 of
154,c03-087e-01-02 its
154,c03-087e-01-03 subject
154,c03-087e-01-04 by
154,c03-087e-01-06 to
154,c03-087e-03-00 which
154,c03-087e-03-01 left
154,c03-087e-03-02 its
154,c03-087e-03-03 central
154,c03-087e-03-05 and
154,c03-087e-03-06 the
154,c03-087e-03-07 world
154,c03-087e-04-00 around
154,c03-087e-04-01 him
154,c03-087e-04-02 in
154,c03-087e-05-02 We
154,c03-087e-05-03 could
154,c03-087e-05-05 perhaps
154,c03-087e-05-07 say
154,c03-087e-05-08 whether
154,c03-087e-05-09 or
154,c03-087e-05-10 not
154,c03-087e-06-00 the
154,c03-087e-06-01 attempt
154,c03-087e-06-03 if
154,c03-087e-06-04 we
154,c03-087e-06-05 had
154,c03-087e-06-07 little
154,c03-087e-06-08 more
154,c03-087e-07-00 faith
154,c03-087e-07-01 in
154,c03-087e-07-02 the
154,c03-087e-07-03 way
154,c03-087e-07-04 in
154,c03-087e-07-05 which
154,c03-087e-07-07 Ferris
154,c03-087e-08-00 pulated
154,c03-087e-08-01 his
154,c03-094e-00-01 William
154,c03-094e-00-02 Lucas
154,c03-094e-00-04 Morris
154,c03-094e-00-06 is
154,c03-094e-00-07 always
154,c03-094e-01-01 pushing
154,c03-094e-01-03 Miss
154,c03-094e-01-04 Sheila
154,c03-094e-01-05 Allen
154,c03-094e-01-06 his
154,c03-094e-01-07 wife
154,c03-094e-02-00 always
154,c03-094e-02-01 palely
154,c03-094e-02-05 James
154,c03-094e-02-06 Maxwell
154,c03-094e-03-00 the
154,c03-094e-03-01 editor
154,c03-094e-03-03 always
154,c03-094e-03-05 abashed
154,c03-094e-03-06 by
154,c03-094e-04-00 the
154,c03-094e-04-01 events
154,c03-094e-04-03 and
154,c03-094e-04-05 Aubrey
154,c03-094e-04-08 the
154,c03-094e-05-02 always
154,c03-094e-06-00 they
154,c03-094e-06-01 were
154,c03-094e-06-02 not
154,c03-094e-06-03 asked
154,c03-094e-06-04 to
154,c03-094e-06-06 from
154,c03-094e-07-00 their
154,c03-094e-07-01 set
154,c03-094e-07-02 moods
154,c03-094e-07-03 but
154,c03-094e-07-04 played
154,c03-094e-07-05 with
154,c03-094e-07-06 proper
154,c03-094e-08-01 and
154,c03-094e-08-03 in
154,c03-094e-08-04 the
154,c03-094e-08-05 case
154,c03-094e-08-06 of
154,c03-094e-09-00 with
154,c03-094e-09-01 lavish
154,c03-094e-09-02 and
154,c03-094e-09-04 gaudy
154,c03-094e-09-05 colour
154,c03-021e-00-00 In
154,c03-021e-00-01 Fanny
154,c03-021e-00-02 the
154,c03-021e-00-04 girl
154,c03-021e-00-05 is
154,c03-021e-01-00 by
154,c03-021e-01-01 an
154,c03-021e-01-02 old
154,c03-021e-01-03 man
154,c03-021e-01-05 Here
154,c03-021e-01-06 it
154,c03-021e-01-07 is
154,c03-021e-01-09 young
154,c03-021e-02-00 sexual
154,c03-021e-02-03 from
154,c03-021e-02-04 women
154,c03-021e-02-05 but
154,c03-021e-02-06 yet
154,c03-021e-02-07 moved
154,c03-021e-03-00 by
154,c03-021e-03-02 strong
154,c03-021e-03-05 to
154,c03-021e-03-06 the
154,c03-021e-03-07 unborn
154,c03-021e-04-00 child
154,c03-021e-04-01 as
154,c03-021e-04-02 much
154,c03-021e-04-03 as
154,c03-021e-04-04 to
154,c03-021e-04-05 the
154,c03-021e-04-07 mother
154,c03-021e-05-00 who
154,c03-021e-05-01 acts
154,c03-021e-05-02 as
154,c03-021e-05-05 and
154,c03-021e-05-07 to
154,c03-021e-06-00 her
154,c03-021e-06-01 in
154,c03-021e-06-02 her
154,c03-021e-06-03 hour
154,c03-021e-06-04 of
154,c03-021e-06-05 need
154,c03-021e-06-07 He
154,c03-021e-06-08 shares
154,c03-021e-06-09 her
154,c03-021e-06-10 room
154,c03-021e-07-00 and
154,c03-021e-07-01 gives
154,c03-021e-07-02 her
154,c03-021e-07-03 his
154,c03-021e-07-04 forlorn
154,c03-021e-07-05 gift
154,c03-021e-07-06 of
154,c03-021e-08-01 and
154,c03-021e-08-05 you
154,c03-021e-08-06 need
154,c03-021e-08-07 someone
154,c03-021e-09-00 to
154,c03-021e-09-01 love
154,c03-021e-09-02 you
154,c03-021e-09-03 while
154,c03-021e-09-04 you
154,c03-021e-09-05 are
154,c03-021e-09-06 looking
154,c03-021e-09-07 for
154,c03-021e-10-00 someone
154,c03-021e-10-01 to
154,c03-021e-10-02 love
