643,r02-060-00-00 Cecil
643,r02-060-00-02 in
643,r02-060-00-03 his
643,r02-060-00-04 pockets
643,r02-060-00-05 once
643,r02-060-01-00 more
643,r02-060-01-01 and
643,r02-060-01-02 came
643,r02-060-01-03 up
643,r02-060-01-04 with
643,r02-060-01-05 two
643,r02-060-02-02 After
643,r02-060-02-04 few
643,r02-060-02-05 seconds
643,r02-060-03-00 of
643,r02-060-03-03 he
643,r02-060-03-04 roughly
643,r02-060-03-05 thrust
643,r02-060-04-00 bent
643,r02-060-04-01 wire
643,r02-060-04-02 loop
643,r02-060-04-03 into
643,r02-060-04-04 the
643,r02-060-04-05 lock
643,r02-060-04-06 and
643,r02-060-05-00 waggled
643,r02-060-05-01 it
643,r02-060-05-02 around
643,r02-060-06-00 There
643,r02-060-06-01 was
643,r02-060-06-03 click
643,r02-060-06-04 and
643,r02-060-06-05 the
643,r02-060-07-01 opened
643,r02-060-07-03 Cecil
643,r02-060-07-04 thrust
643,r02-060-07-05 an
643,r02-060-08-00 eager
643,r02-060-08-01 hand
643,r02-060-08-02 inside
643,r02-060-08-04 his
643,r02-060-08-05 fingers
643,r02-060-09-00 groping
643,r02-060-09-01 after
643,r02-060-09-02 wads
643,r02-060-09-03 of
643,r02-060-09-04 five
643,r02-060-10-00 pound
643,r02-060-10-01 notes
