099,b02-105-00-00 But
099,b02-105-00-01 they
099,b02-105-00-02 were
099,b02-105-00-03 so
099,b02-105-00-05 and
099,b02-105-00-06 they
099,b02-105-01-00 have
099,b02-105-01-01 had
099,b02-105-01-02 to
099,b02-105-01-03 take
099,b02-105-01-04 the
099,b02-105-02-00 while
099,b02-105-02-01 in
099,b02-105-02-02 Germany
099,b02-105-02-03 itself
099,b02-105-02-04 the
099,b02-105-02-05 course
099,b02-105-02-06 of
099,b02-105-03-00 the
099,b02-105-03-02 has
099,b02-105-03-05 good
099,b02-105-04-00 many
099,b02-105-04-01 people
099,b02-105-04-03 they
099,b02-105-04-04 too
099,b02-105-04-05 will
099,b02-105-04-06 be
099,b02-105-04-07 glad
099,b02-105-05-00 when
099,b02-105-05-01 the
099,b02-105-05-02 polling
099,b02-105-05-04 close
