511,m01-090-00-00 After
511,m01-090-00-01 what
511,m01-090-00-02 seemed
511,m01-090-00-03 an
511,m01-090-00-04 undue
511,m01-090-00-05 period
511,m01-090-00-06 of
511,m01-090-00-09 the
511,m01-090-00-10 voice
511,m01-090-01-00 went
511,m01-090-01-01 on
511,m01-090-01-02 to
511,m01-090-01-04 the
511,m01-090-01-05 landing
511,m01-090-01-06 of
511,m01-090-01-07 the
511,m01-090-01-08 Thetan
511,m01-090-01-09 colony
511,m01-090-02-00 in
511,m01-090-02-01 Sussex
511,m01-090-02-03 in
511,m01-090-02-04 all
511,m01-090-02-05 its
511,m01-090-02-06 obscene
511,m01-090-02-07 details
511,m01-090-02-09 Then
511,m01-090-02-10 the
511,m01-090-02-11 radio
511,m01-090-03-00 went
511,m01-090-03-01 dead
511,m01-090-03-02 again
511,m01-090-03-04 and
511,m01-090-03-05 Steve
511,m01-090-03-06 had
511,m01-090-03-07 no
511,m01-090-03-08 stomach
511,m01-090-03-09 for
511,m01-090-04-02 It
511,m01-090-04-03 was
511,m01-090-04-06 day
511,m01-090-04-08 as
511,m01-090-05-00 should
511,m01-090-05-01 be
511,m01-090-05-03 Steve
511,m01-090-05-04 got
511,m01-090-05-05 out
511,m01-090-05-06 the
511,m01-090-05-07 car
511,m01-090-05-08 and
511,m01-090-05-10 the
511,m01-090-06-00 same
511,m01-090-06-01 empty
511,m01-090-06-02 streets
511,m01-090-06-03 as
511,m01-090-06-04 he
511,m01-090-06-05 had
511,m01-090-06-06 the
511,m01-090-06-07 night
511,m01-090-06-08 before
511,m01-090-07-00 to
511,m01-090-07-01 keep
511,m01-090-07-02 an
511,m01-090-07-04 with
511,m01-090-07-05 Heather
