168,c04-110-00-00 Become
168,c04-110-00-02 success
168,c04-110-00-03 with
168,c04-110-00-05 disc
168,c04-110-00-06 and
168,c04-110-00-07 hey
168,c04-110-00-08 presto
168,c04-110-00-10 You
168,c04-110-00-13 star
168,c04-110-00-16 Rolly
168,c04-110-00-17 sings
168,c04-110-00-18 with
168,c04-110-01-02 Bella
168,c04-110-01-03 Bella
168,c04-110-01-04 Marie
168,c04-110-01-11 lively
168,c04-110-01-12 song
168,c04-110-01-13 that
168,c04-110-01-14 changes
168,c04-110-01-15 tempo
168,c04-110-02-02 think
168,c04-110-02-03 he
168,c04-110-02-04 will
168,c04-110-02-05 storm
168,c04-110-02-06 the
168,c04-110-02-07 charts
168,c04-110-02-08 with
168,c04-110-02-09 this
168,c04-110-02-10 one
168,c04-110-02-12 but
168,c04-110-02-13 it
168,c04-110-02-16 good
168,c04-110-02-17 start
168,c04-110-03-00 CHRIS
168,c04-110-03-01 CHARLES
168,c04-110-03-05 who
168,c04-110-03-06 lives
168,c04-110-03-07 in
168,c04-110-03-10 is
168,c04-110-03-11 an
168,c04-116-00-00 He
168,c04-116-00-01 is
168,c04-116-00-02 also
168,c04-116-00-05 of
168,c04-116-00-07 couple
168,c04-116-00-08 of
168,c04-116-00-09 garages
168,c04-116-00-11 And
168,c04-116-00-12 he
168,c04-116-00-13 finds
168,c04-116-00-14 time
168,c04-116-00-15 as
168,c04-116-00-16 well
168,c04-116-00-17 to
168,c04-116-00-18 be
168,c04-116-00-20 lyric
168,c04-116-01-00 writer
168,c04-116-01-02 He
168,c04-116-01-03 writes
168,c04-116-01-04 with
168,c04-116-01-06 Evans
168,c04-116-01-09 of
168,c04-116-01-11 Lady
168,c04-116-01-12 of
168,c04-116-01-13 Spain
168,c04-116-01-15 and
168,c04-116-01-16 other
168,c04-116-01-17 big
168,c04-116-01-18 hits
168,c04-116-02-00 Tolch
168,c04-116-02-02 as
168,c04-116-02-03 he
168,c04-116-02-04 is
168,c04-116-02-05 known
168,c04-116-02-06 in
168,c04-116-02-07 Tin
168,c04-116-02-08 Pan
168,c04-116-02-09 Alley
168,c04-116-02-11 likes
168,c04-116-02-12 songs
168,c04-116-02-13 with
168,c04-116-02-15 month
168,c04-116-02-16 in
168,c04-116-02-17 the
168,c04-116-02-18 title
168,c04-116-02-20 He
168,c04-116-02-21 wrote
168,c04-116-03-01 My
168,c04-116-03-03 Love
168,c04-116-03-06 the
168,c04-116-03-07 big
168,c04-116-03-08 David
168,c04-116-03-10 hit
168,c04-116-03-11 of
