149,c02-089-00-00 With
149,c02-089-00-02 large
149,c02-089-00-03 blond
149,c02-089-00-04 youth
149,c02-089-00-05 of
149,c02-089-00-06 quite
149,c02-089-01-02 called
149,c02-089-01-03 Troy
149,c02-089-02-00 Donahue
149,c02-089-02-02 and
149,c02-089-02-04 Colbert
149,c02-089-02-06 still
149,c02-089-03-01 amid
149,c02-089-03-02 the
149,c02-089-03-05 and
149,c02-089-03-06 Karl
149,c02-089-04-00 Malden
149,c02-089-04-01 not
149,c02-089-04-02 knowing
149,c02-089-04-03 how
149,c02-089-04-04 to
149,c02-089-04-05 take
149,c02-089-04-06 it
149,c02-089-05-00 all
149,c02-089-05-01 rolling
149,c02-089-05-03 like
149,c02-089-05-05 villain
149,c02-089-06-00 from
149,c02-089-06-01 East
149,c02-089-06-02 Lynne
