208,d06-041-00-00 The
208,d06-041-00-01 mind
208,d06-041-00-02 tires
208,d06-041-00-03 first
208,d06-041-00-04 and
208,d06-041-00-05 conveys
208,d06-041-00-06 the
208,d06-041-01-00 of
208,d06-041-01-02 to
208,d06-041-01-03 the
208,d06-041-01-04 body
208,d06-041-01-06 This
208,d06-041-01-07 can
208,d06-041-01-08 be
208,d06-041-01-09 proved
208,d06-041-01-10 by
208,d06-041-02-00 noting
208,d06-041-02-01 the
208,d06-041-02-02 effect
208,d06-041-02-03 of
208,d06-041-02-05 new
208,d06-041-02-07 on
208,d06-041-03-00 body
208,d06-041-03-01 who
208,d06-041-03-02 feels
208,d06-041-03-04 tired
208,d06-041-03-06 Suppose
208,d06-041-04-01 mother
208,d06-041-04-02 has
208,d06-041-04-03 news
208,d06-041-04-04 late
208,d06-041-04-05 at
208,d06-041-04-06 night
208,d06-041-04-07 that
208,d06-041-04-08 her
208,d06-041-05-00 child
208,d06-041-05-01 is
208,d06-041-05-02 in
208,d06-041-05-03 danger
208,d06-041-05-05 She
208,d06-041-05-06 will
208,d06-041-06-00 journey
208,d06-041-06-01 which
208,d06-041-06-03 an
208,d06-041-06-04 hour
208,d06-041-06-05 before
208,d06-041-06-07 she
208,d06-041-06-08 would
208,d06-041-07-00 have
208,d06-060-00-00 One
208,d06-060-00-01 of
208,d06-060-00-02 the
208,d06-060-00-04 steps
208,d06-060-00-05 forward
208,d06-060-00-06 that
208,d06-060-00-07 has
208,d06-060-00-08 been
208,d06-060-01-00 made
208,d06-060-01-01 this
208,d06-060-01-02 century
208,d06-060-01-03 is
208,d06-060-01-04 the
208,d06-060-01-05 way
208,d06-060-01-06 in
208,d06-060-01-07 which
208,d06-060-01-08 illness
208,d06-060-02-00 of
208,d06-060-02-01 the
208,d06-060-02-02 mind
208,d06-060-02-03 is
208,d06-060-02-04 no
208,d06-060-02-05 longer
208,d06-060-02-06 feared
208,d06-060-02-07 or
208,d06-060-02-08 shunned
208,d06-060-03-00 and
208,d06-060-03-01 is
208,d06-060-03-02 in
208,d06-060-03-03 fact
208,d06-060-03-04 no
208,d06-060-03-07 than
208,d06-060-04-01 illness
208,d06-060-04-03 There
208,d06-060-04-04 is
208,d06-060-05-00 great
208,d06-060-05-01 deal
208,d06-060-05-02 of
208,d06-060-05-04 which
208,d06-060-05-05 comes
208,d06-060-05-06 from
208,d06-060-06-00 no
208,d06-060-06-01 major
208,d06-060-06-03 but
208,d06-060-06-04 results
208,d06-060-06-05 from
208,d06-060-06-06 an
208,d06-060-07-01 to
208,d06-060-07-02 deal
208,d06-060-07-03 with
208,d06-060-07-04 life
208,d06-060-07-07 under
208,d06-060-08-00 the
208,d06-060-08-01 diverse
208,d06-060-08-02 pattern
208,d06-060-08-03 which
208,d06-060-08-04 is
208,d06-060-08-05 the
208,d06-060-09-00 century
208,d06-086-00-00 The
208,d06-086-00-02 would
208,d06-086-00-03 find
208,d06-086-00-04 life
208,d06-086-00-05 far
208,d06-086-00-06 less
208,d06-086-00-07 tiring
208,d06-086-01-00 if
208,d06-086-01-01 she
208,d06-086-01-02 made
208,d06-086-01-04 list
208,d06-086-01-08 routine
208,d06-086-01-09 of
208,d06-086-01-10 work
208,d06-086-02-00 rather
208,d06-086-02-01 than
208,d06-086-02-02 getting
208,d06-086-02-03 from
208,d06-086-02-04 one
208,d06-086-02-05 thing
208,d06-086-02-06 to
208,d06-086-02-07 the
208,d06-086-02-08 next
208,d06-086-03-00 The
208,d06-086-03-02 man
208,d06-086-03-03 would
208,d06-086-03-04 find
208,d06-086-03-05 that
208,d06-086-03-06 he
208,d06-086-03-07 reached
208,d06-086-04-00 the
208,d06-086-04-01 end
208,d06-086-04-02 of
208,d06-086-04-03 the
208,d06-086-04-04 day
208,d06-086-04-05 with
208,d06-086-04-06 far
208,d06-086-04-07 less
208,d06-086-04-08 strain
208,d06-086-04-09 if
208,d06-086-05-00 he
208,d06-086-05-01 was
208,d06-086-05-03 little
208,d06-086-05-04 more
208,d06-086-05-07 To
208,d06-086-05-08 drift
208,d06-086-06-01 along
208,d06-086-06-02 is
208,d06-086-06-03 more
208,d06-086-06-05 than
208,d06-086-07-00 thing
208,d06-086-07-01 else
208,d06-086-07-03 If
208,d06-086-07-04 we
208,d06-086-07-05 would
208,d06-086-07-06 only
208,d06-086-07-07 sit
208,d06-086-07-08 down
208,d06-086-07-09 and
208,d06-086-08-00 write
208,d06-086-08-01 out
208,d06-086-08-02 all
208,d06-086-08-03 the
208,d06-086-08-05 jobs
208,d06-086-08-06 waiting
208,d06-086-08-07 to
208,d06-086-09-00 be
208,d06-086-09-01 done
208,d06-086-09-02 and
208,d06-086-09-03 then
208,d06-086-09-04 work
208,d06-086-09-05 quietly
208,d06-086-09-06 through
208,d06-086-09-07 them
208,d06-086-10-00 we
208,d06-086-10-01 would
208,d06-086-10-02 find
208,d06-086-10-03 life
208,d06-086-10-05 less
208,d06-113-00-00 She
208,d06-113-00-01 will
208,d06-113-00-03 in
208,d06-113-00-04 fact
208,d06-113-00-06 be
208,d06-113-00-08 at
208,d06-113-00-09 what
208,d06-113-00-10 peace
208,d06-113-01-00 of
208,d06-113-01-01 mind
208,d06-113-01-02 ensues
208,d06-113-01-08 on
208,d06-113-01-09 one
208,d06-113-02-00 thing
208,d06-113-02-01 at
208,d06-113-02-03 time
208,d06-113-02-06 list
208,d06-113-02-07 or
208,d06-113-02-09 plan
208,d06-113-02-10 enables
208,d06-113-02-11 us
208,d06-113-02-12 to
208,d06-113-03-00 put
208,d06-113-03-01 all
208,d06-113-03-02 our
208,d06-113-03-04 into
208,d06-113-03-05 the
208,d06-113-04-00 matter
208,d06-113-04-01 on
208,d06-113-04-02 hand
208,e06-053-00-00 Then
208,e06-053-00-01 they
208,e06-053-00-02 stop
208,e06-053-00-04 and
208,e06-053-00-05 are
208,e06-053-00-06 caught
208,e06-053-00-08 In
208,e06-053-01-00 the
208,e06-053-01-02 film
208,e06-053-01-03 this
208,e06-053-01-04 usually
208,e06-053-01-05 seemed
208,e06-053-01-06 to
208,e06-053-02-00 happen
208,e06-053-02-01 just
208,e06-053-02-02 after
208,e06-053-02-03 the
208,e06-053-02-04 fish
208,e06-053-02-05 had
208,e06-053-02-06 risen
208,e06-053-02-07 above
208,e06-053-03-00 the
208,e06-053-03-03 and
208,e06-053-03-05 out
208,e06-053-03-06 of
208,e06-053-03-07 its
208,e06-053-04-00 field
208,e06-053-04-01 of
208,e06-053-04-04 or
208,e06-053-04-05 bow
208,e06-053-04-06 wave
208,e06-053-04-08 This
208,e06-053-05-00 that
208,e06-053-05-01 the
208,e06-053-05-02 wave
208,e06-053-05-03 might
208,e06-053-05-04 be
208,e06-053-05-06 by
208,e06-053-05-07 the
208,e06-053-06-02 though
208,e06-053-06-03 the
208,e06-053-06-05 in
208,e06-053-06-06 this
208,e06-053-06-07 case
208,e06-053-07-00 was
208,e06-053-07-02 just
208,e06-053-07-03 off
208,e06-053-07-04 the
208,e06-053-07-05 bottom
208,e06-053-07-06 and
208,e06-053-07-07 was
208,e06-053-08-00 indeed
208,e06-053-08-01 passing
208,e06-053-08-02 over
208,e06-053-08-03 some
208,e06-053-08-04 fish
