017,b01-057-00-01 CURIOUS
017,b01-057-00-03 on
017,b01-057-00-04 page
017,b01-057-00-05 nine
017,b01-057-00-07 paid
017,b01-057-01-00 for
017,b01-057-01-01 by
017,b01-057-01-02 that
017,b01-057-01-03 curious
017,b01-057-01-04 body
017,b01-057-01-05 Moral
017,b01-057-02-00 Those
017,b01-057-02-01 who
017,b01-057-02-02 lend
017,b01-057-02-03 their
017,b01-057-02-04 names
017,b01-057-02-05 to
017,b01-057-02-06 this
017,b01-057-02-07 kind
017,b01-057-02-08 of
017,b01-057-03-01 are
017,b01-057-03-02 worthy
017,b01-057-03-03 people
017,b01-057-03-06 little
017,b01-057-04-00 of
017,b01-057-04-03 perhaps
017,b01-057-04-05 or
017,b01-057-04-06 carried
017,b01-057-04-07 away
017,b01-057-04-08 by
017,b01-057-04-09 the
017,b01-057-05-00 idea
017,b01-057-05-01 that
017,b01-057-05-02 moral
017,b01-057-05-04 would
017,b01-057-05-05 solve
017,b01-057-06-00 all
017,b01-057-06-01 our
017,b01-057-06-04 So
017,b01-057-06-05 it
017,b01-057-06-06 would
017,b01-057-06-08 While
017,b01-057-06-09 we
017,b01-057-06-10 are
017,b01-057-07-00 waiting
017,b01-057-07-01 for
017,b01-057-07-02 the
017,b01-057-07-05 however
017,b01-057-07-07 most
017,b01-057-07-08 of
017,b01-057-07-09 us
017,b01-057-08-00 would
017,b01-057-08-01 prefer
017,b01-057-08-02 to
017,b01-057-08-03 put
017,b01-057-08-04 our
017,b01-057-08-05 hopes
017,b01-057-08-06 for
017,b01-057-08-07 earthly
017,b01-057-08-08 justice
017,b01-057-08-09 in
017,b01-057-09-01 of
017,b01-057-09-04 such
017,b01-057-09-05 as
017,b01-057-09-06 trade
017,b01-057-09-07 unions
017,b01-057-10-00 and
017,b01-057-10-01 our
017,b01-057-10-02 local
017,b01-057-10-03 and
017,a01-087-00-01 Brown
017,a01-087-00-04 and
017,a01-087-00-07 led
017,a01-087-01-01 attack
017,a01-087-01-02 on
017,a01-087-01-03 the
017,a01-087-01-04 higher
017,a01-087-01-05 health
017,a01-087-02-00 charges
017,a01-087-02-03 Powell
017,a01-087-02-06 and
017,a01-087-03-02 replied
017,a01-087-03-03 with
017,a01-087-04-00 ment
017,a01-087-04-02 and
017,a01-087-04-03 ended
017,a01-087-04-04 by
017,a01-087-04-06 Labour
017,a01-087-05-00 to
017,a01-087-05-01 angry
017,a01-087-05-02 uproar
017,a01-087-05-04 One
017,a01-087-05-05 dealt
017,a01-087-05-06 with
017,a01-087-05-07 the
017,a01-087-05-08 human
017,a01-087-06-00 issue
017,a01-087-06-01 behind
017,a01-087-06-02 the
017,a01-087-06-03 Health
017,a01-087-06-04 Service
017,a01-087-06-06 the
017,a01-087-06-07 other
017,a01-087-07-00 tried
017,a01-087-07-01 to
017,a01-087-07-02 show
017,a01-087-07-03 that
017,a01-087-07-04 the
017,a01-087-07-06 must
017,a01-087-08-00 always
017,a01-087-08-01 come
017,a01-087-08-02 first
017,b01-062-00-00 Should
017,b01-062-00-01 the
017,b01-062-00-02 Herald
017,b01-062-00-03 publish
017,b01-062-00-04 such
017,b01-062-01-00 This
017,b01-062-01-01 is
017,b01-062-01-06 It
017,b01-062-01-07 would
017,b01-062-02-00 be
017,b01-062-02-01 wrong
017,b01-062-02-02 to
017,b01-062-02-03 refuse
017,b01-062-02-04 all
017,b01-062-02-07 with
017,b01-062-03-00 which
017,b01-062-03-01 we
017,b01-062-03-04 When
017,b01-062-03-05 an
017,b01-062-04-02 whose
017,b01-062-04-03 factual
017,b01-062-04-04 truth
017,b01-062-04-05 is
017,b01-062-05-02 or
017,b01-062-05-03 where
017,b01-062-05-04 the
017,b01-062-05-05 total
017,b01-062-05-06 content
017,b01-062-05-07 would
017,b01-062-05-08 be
017,b01-062-06-00 deeply
017,b01-062-06-02 to
017,b01-062-06-03 our
017,b01-062-06-04 readers
017,b01-062-06-06 it
017,b01-062-06-07 is
017,b01-062-06-08 right
017,b01-062-06-09 to
017,b01-062-07-04 The
017,b01-062-07-05 MRA
017,b01-062-08-01 falls
017,b01-062-08-02 into
017,b01-062-08-03 neither
017,b01-062-08-06 though
017,b01-062-09-00 many
017,b01-062-09-01 readers
017,b01-062-09-02 will
017,b01-062-09-03 dislike
017,b01-062-09-04 it
