204,d06-011-00-00 Because
204,d06-011-00-02 which
204,d06-011-00-03 may
204,d06-011-00-04 contain
204,d06-011-01-00 all
204,d06-011-01-01 the
204,d06-011-01-03 of
204,d06-011-01-04 fear
204,d06-011-01-05 can
204,d06-011-01-06 arise
204,d06-011-02-00 it
204,d06-011-02-01 is
204,d06-011-02-03 good
204,d06-011-02-04 idea
204,d06-011-02-05 to
204,d06-011-02-08 child
204,d06-011-03-00 to
204,d06-011-03-01 some
204,d06-011-03-02 extent
204,d06-011-03-03 against
204,d06-011-03-04 it
204,d06-011-03-06 To
204,d06-011-03-07 keep
204,d06-011-03-09 child
204,d06-011-04-00 of
204,d06-011-04-01 twelve
204,d06-011-04-02 or
204,d06-011-04-04 under
204,d06-011-04-05 the
204,d06-011-05-01 that
204,d06-011-05-02 nothing
204,d06-011-05-03 nasty
204,d06-011-05-04 ever
204,d06-011-06-00 happens
204,d06-011-06-01 is
204,d06-011-06-02 not
204,d06-011-06-03 merely
204,d06-011-06-06 it
204,d06-011-07-00 is
204,d06-011-07-01 unwise
204,d06-011-07-03 As
204,d06-011-07-05 shall
204,d06-011-07-06 suggest
204,d06-011-07-07 in
204,d06-011-08-00 later
204,d06-011-08-01 chapter
204,d06-011-08-02 there
204,d06-011-08-03 are
204,d06-011-08-04 some
204,d06-011-09-00 which
204,d06-011-09-01 occur
204,d06-011-09-02 less
204,d06-011-09-04 than
204,d06-107-00-00 It
204,d06-107-00-01 was
204,d06-107-00-03 little
204,d06-107-00-05 to
204,d06-107-00-06 work
204,d06-107-01-00 of
204,d06-107-01-01 course
204,d06-107-01-03 and
204,d06-107-01-04 there
204,d06-107-01-05 had
204,d06-107-01-06 to
204,d06-107-01-07 be
204,d06-107-01-09 big
204,d06-107-02-00 notice
204,d06-107-02-01 in
204,d06-107-02-02 the
204,d06-107-02-04 saying
204,d06-107-02-05 which
204,d06-107-03-00 day
204,d06-107-03-01 of
204,d06-107-03-02 the
204,d06-107-03-04 it
204,d06-107-03-05 was
204,d06-107-03-07 but
204,d06-107-04-00 it
204,d06-107-04-01 added
204,d06-107-04-03 to
204,d06-107-04-04 the
204,d06-107-05-00 and
204,d06-107-05-01 kept
204,d06-107-05-03 on
204,d06-107-05-04 their
204,d06-107-05-05 toes
204,d06-107-06-00 To
204,d06-107-06-01 have
204,d06-107-06-02 order
204,d06-107-06-03 does
204,d06-107-06-04 not
204,d06-107-06-05 mean
204,d06-107-06-06 getting
204,d06-107-07-00 into
204,d06-107-07-02 dull
204,d06-107-07-03 routine
204,d06-107-07-06 have
204,d06-107-07-07 great
204,d06-107-08-01 with
204,d06-107-08-02 the
204,d06-107-08-03 young
204,d06-107-08-04 wife
204,d06-107-09-00 who
204,d06-107-09-01 does
204,d06-107-09-02 not
204,d06-107-09-03 always
204,d06-107-09-04 want
204,d06-107-09-05 to
204,d06-107-09-06 do
204,d06-107-10-00 the
204,d06-107-10-01 washing
204,d06-107-10-02 on
204,d06-107-10-04 Monday
204,e06-003-00-00 Thus
204,e06-003-00-01 we
204,e06-003-00-02 can
204,e06-003-00-03 see
204,e06-003-00-04 that
204,e06-003-00-05 herring
204,e06-003-02-01 perhaps
204,e06-003-02-03 and
204,e06-003-03-00 helped
204,e06-003-03-01 and
204,e06-003-03-03 by
204,e06-003-03-04 water
204,e06-003-03-05 flow
204,e06-003-04-00 are
204,e06-003-04-01 also
204,e06-003-04-02 closely
204,e06-003-04-03 related
204,e06-003-04-04 to
204,e06-003-04-05 the
204,e06-003-05-04 too
204,e06-003-05-06 names
204,e06-003-05-07 the
204,e06-003-06-00 great
204,e06-003-06-02 that
204,e06-003-06-03 depend
204,e06-003-06-04 on
204,e06-003-06-05 them
204,e06-003-07-00 the
204,e06-003-07-01 Fladen
204,e06-003-07-02 Ground
204,e06-003-07-04 where
204,e06-003-07-05 again
204,e06-003-07-06 most
204,e06-003-07-07 big
204,e06-003-08-00 shots
204,e06-003-08-01 are
204,e06-003-08-02 taken
204,e06-003-08-03 on
204,e06-003-08-04 the
204,e06-003-08-05 edges
204,e06-003-08-08 the
204,e06-003-08-09 Gut
204,e06-003-09-02 channel
204,e06-003-09-03 to
204,e06-003-09-04 the
204,e06-003-09-05 Dogger
204,e06-003-09-06 where
204,e06-003-10-00 the
204,e06-003-10-01 herring
204,e06-003-10-02 spawn
204,e06-003-10-03 along
204,e06-003-10-04 the
204,e06-015-00-00 The
204,e06-015-00-01 joint
204,e06-015-00-03 of
204,e06-015-01-00 and
204,e06-015-01-01 fishing
204,e06-015-01-02 gear
204,e06-015-01-03 leads
204,e06-015-01-04 to
204,e06-015-01-05 an
204,e06-015-01-06 overall
204,e06-015-02-00 though
204,e06-015-02-02 dim
204,e06-015-02-03 picture
204,e06-015-03-00 The
204,e06-015-03-01 details
204,e06-015-03-02 are
204,e06-015-03-03 harder
204,e06-015-03-04 still
204,e06-015-03-05 to
204,e06-015-03-06 see
204,e06-015-04-00 Drift
204,e06-015-04-01 Effects
204,e06-015-04-03 At
204,e06-015-04-04 East
204,e06-015-04-05 Anglia
204,e06-015-04-07 for
204,e06-015-05-00 shoals
204,e06-015-05-01 that
204,e06-015-05-02 gather
204,e06-015-05-03 at
204,e06-015-05-04 the
204,e06-015-05-05 Knoll
204,e06-015-05-06 or
204,e06-015-06-00 other
204,e06-015-06-01 banks
204,e06-015-06-02 are
204,e06-015-06-03 most
204,e06-015-06-04 of
204,e06-015-06-05 them
204,e06-015-07-00 going
204,e06-015-07-01 to
204,e06-015-07-02 travel
204,e06-015-07-04 hundred
204,e06-015-08-00 miles
204,e06-015-08-01 farther
204,e06-015-08-02 south
204,e06-015-08-03 before
204,e06-015-08-04 they
204,e06-015-09-00 spawn
204,e06-015-09-02 Some
204,e06-015-09-03 will
204,e06-015-09-04 spawn
204,e06-015-09-05 at
204,e06-015-09-06 the
204,e06-030-00-01 winds
204,e06-030-00-03 on
204,e06-030-00-04 the
204,e06-030-00-05 other
204,e06-030-00-06 hand
204,e06-030-01-00 mean
204,e06-030-01-01 no
204,e06-030-01-02 herring
204,e06-030-01-03 along
204,e06-030-01-04 the
204,e06-030-01-05 shore
204,e06-030-01-07 as
204,e06-030-02-00 recent
204,e06-030-02-01 years
204,e06-030-02-02 have
204,e06-030-02-03 shown
204,e06-030-03-00 of
204,e06-030-03-01 winds
204,e06-030-03-02 is
204,e06-030-03-03 needed
204,e06-030-03-04 for
204,e06-030-03-05 this
204,e06-030-03-06 effect
204,e06-030-03-07 of
204,e06-030-04-00 course
204,e06-030-04-02 one
204,e06-030-04-03 breeze
204,e06-030-04-04 will
204,e06-030-04-05 not
204,e06-030-04-06 do
204,e06-030-04-07 it
204,e06-030-05-00 though
204,e06-030-05-02 very
204,e06-030-05-03 hard
204,e06-030-05-05 will
204,e06-030-06-00 often
204,e06-030-06-01 start
204,e06-030-06-02 off
204,e06-030-06-03 the
204,e06-030-06-05 local
204,e06-030-06-07 herring
204,e06-030-07-00 but
204,e06-030-07-01 quite
204,e06-030-07-02 apart
204,e06-030-07-03 from
204,e06-030-07-04 this
204,e06-030-07-05 wind
204,e06-030-07-06 effect
204,e06-030-08-00 there
204,e06-030-08-01 is
204,e06-030-08-02 an
204,e06-030-08-04 drift
204,e06-030-08-05 special
204,e06-030-09-00 to
204,e06-030-09-01 this
204,e06-030-09-02 rump
204,e06-030-09-03 of
204,e06-030-09-06 caused
204,e06-030-09-07 by
204,e06-030-10-00 the
204,e06-030-10-01 meeting
204,e06-030-10-02 of
204,e06-030-10-03 water
204,e06-030-10-04 from
204,e06-030-10-05 north
204,e06-030-10-06 and
204,e06-030-10-07 south
