169,c04-134-00-00 The
169,c04-134-00-01 numbers
169,c04-134-00-02 include
169,c04-134-00-05 the
169,c04-134-00-06 Brave
169,c04-134-00-10 Men
169,c04-134-00-11 of
169,c04-134-00-12 Harlech
169,c04-134-01-02 Band
169,c04-134-01-08 and
169,c04-134-01-10 English
169,c04-134-01-11 Rose
169,c04-134-02-00 Fay
169,c04-134-02-01 Compton
169,c04-134-02-02 stars
169,c04-134-02-03 in
169,c04-134-02-05 No
169,c04-134-02-06 Hiding
169,c04-134-02-07 Place
169,c04-134-03-00 She
169,c04-134-03-01 plays
169,c04-134-03-02 the
169,c04-134-03-04 mother
169,c04-134-03-05 of
169,c04-134-03-07 man
169,c04-134-03-08 whose
169,c04-134-03-09 hobby
169,c04-134-04-00 round
169,c04-134-04-03 house
169,c04-134-05-00 THREE
169,c04-134-05-01 people
169,c04-134-05-02 will
169,c04-134-05-03 be
169,c04-134-05-05 in
169,c04-139-00-00 They
169,c04-139-00-01 will
169,c04-139-00-02 be
169,c04-139-00-03 asked
169,c04-139-00-04 to
169,c04-139-00-05 comment
169,c04-139-00-06 on
169,c04-139-00-07 the
169,c04-139-00-08 design
169,c04-139-00-09 of
169,c04-139-01-00 such
169,c04-139-01-01 as
169,c04-139-01-03 chair
169,c04-139-01-04 and
169,c04-139-01-08 The
169,c04-139-01-09 idea
169,c04-139-01-10 is
169,c04-139-01-11 to
169,c04-139-01-12 see
169,c04-139-01-13 what
169,c04-139-01-14 happens
169,c04-139-01-15 when
169,c04-139-02-00 parts
169,c04-139-02-01 of
169,c04-139-02-02 the
169,c04-139-02-03 mind
169,c04-139-02-04 not
169,c04-139-02-07 without
169,c04-139-02-09 are
169,c04-139-02-10 used
169,c04-139-03-01 have
169,c04-139-03-03 Malcolm
169,c04-139-03-07 with
169,c04-139-04-01 Arnold
169,c04-139-04-02 Wesker
169,c04-139-04-05 Instead
169,c04-139-05-00 will
169,c04-139-05-01 be
169,c04-139-05-02 with
169,c04-139-05-03 Sir
169,c04-139-05-04 Roy
169,c04-139-05-06 the
169,c04-139-05-07 Premier
169,c04-139-05-08 of
169,c04-139-05-09 the
169,c04-139-06-00 of
169,c04-139-06-02 and
