607,p02-135-00-00 Doc
607,p02-135-00-01 asked
607,p02-135-00-02 Lilyan
607,p02-135-00-03 to
607,p02-135-00-04 dance
607,p02-135-00-05 and
607,p02-135-00-06 once
607,p02-135-01-00 again
607,p02-135-01-01 Gay
607,p02-135-01-02 found
607,p02-135-01-03 herself
607,p02-135-01-04 alone
607,p02-135-01-05 at
607,p02-135-01-06 the
607,p02-135-01-07 table
607,p02-135-02-00 feeling
607,p02-135-02-02 and
607,p02-135-02-03 awkward
607,p02-135-02-05 sure
607,p02-135-02-06 that
607,p02-135-03-00 people
607,p02-135-03-01 were
607,p02-135-03-02 talking
607,p02-135-03-03 about
607,p02-135-03-04 the
607,p02-135-03-05 way
607,p02-135-03-06 Gavin
607,p02-135-04-00 was
607,p02-135-04-02 since
607,p02-135-04-03 they
607,p02-135-04-04 had
607,p02-135-04-05 seen
607,p02-135-04-06 them
607,p02-135-05-00 dining
607,p02-135-05-03 She
607,p02-135-05-04 opened
607,p02-135-05-05 her
607,p02-135-05-06 bag
607,p02-135-06-00 to
607,p02-135-06-01 get
607,p02-135-06-02 out
607,p02-135-06-03 her
607,p02-135-06-04 compact
607,p02-135-06-05 and
607,p02-135-06-06 saw
607,p02-135-07-00 letter
607,p02-135-07-02 She
607,p02-135-07-03 drew
607,p02-135-07-04 it
607,p02-135-07-05 out
607,p02-135-07-06 and
607,p02-135-07-07 opened
607,p02-135-07-08 it
607,p02-135-08-00 glad
607,p02-135-08-01 to
607,p02-135-08-02 be
607,p02-135-08-03 able
607,p02-135-08-04 to
607,p02-135-08-05 occupy
607,p02-135-08-06 herself
