109,b04-066-00-00 One
109,b04-066-00-01 more
109,b04-066-00-03 of
109,b04-066-00-04 the
109,b04-066-00-08 As
109,b04-066-01-03 orders
109,b04-066-01-04 pick
109,b04-066-01-05 up
109,b04-066-01-07 And
109,b04-066-01-08 the
109,b04-066-01-09 car
109,b04-066-01-10 men
109,b04-066-01-11 get
109,b04-066-02-00 ready
109,b04-066-02-01 for
109,b04-066-02-02 another
109,b04-066-02-04 season
109,b04-066-02-06 The
109,b04-066-03-00 said
109,b04-066-03-01 the
109,b04-066-03-02 motor
109,b04-066-03-04 was
109,b04-066-03-05 on
109,b04-066-03-06 its
109,b04-066-03-07 knees
109,b04-066-03-09 The
109,b04-066-04-00 said
109,b04-066-04-05 As
109,b04-066-04-06 usual
109,b04-066-04-08 the
109,b04-066-04-10 have
109,b04-066-04-11 been
109,b04-066-05-00 proved
109,b04-066-05-01 right
109,b04-066-05-03 EARL
109,b04-066-05-04 RUSSELL
109,b04-066-05-05 and
109,b04-066-05-06 his
109,b04-066-05-07 friends
109,b04-066-05-08 have
109,b04-066-06-00 hit
109,b04-066-06-01 on
109,b04-066-06-02 an
109,b04-066-06-04 way
109,b04-066-06-05 of
109,b04-066-06-07 this
109,b04-060-00-00 It
109,b04-060-00-01 is
109,b04-060-00-02 equally
109,b04-060-00-03 certain
109,b04-060-00-04 that
109,b04-060-00-05 the
109,b04-060-00-06 British
109,b04-060-01-00 will
109,b04-060-01-01 welcome
109,b04-060-01-02 them
109,b04-060-01-04 How
109,b04-060-01-06 it
109,b04-060-01-07 would
109,b04-060-01-08 be
109,b04-060-01-09 if
109,b04-060-01-11 just
109,b04-060-02-00 for
109,b04-060-02-01 once
109,b04-060-02-03 the
109,b04-060-02-05 were
109,b04-060-02-06 to
109,b04-060-02-07 voice
109,b04-060-02-08 the
109,b04-060-02-09 real
109,b04-060-02-11 of
109,b04-060-03-00 the
109,b04-060-03-01 British
109,b04-060-03-02 people
109,b04-060-03-04 And
109,b04-060-03-05 tell
109,b04-060-03-07 they
109,b04-060-03-08 are
109,b04-060-03-09 not
109,b04-060-04-01 to
109,b04-060-04-02 accept
109,b04-060-04-03 him
109,b04-060-04-04 on
109,b04-060-04-05 such
109,b04-060-04-06 terms
109,b04-060-04-08 GOOD
109,b04-060-04-09 cheer
109,b04-060-05-00 for
109,b04-060-05-01 the
109,b04-060-05-04 Ford
109,b04-060-05-05 Motors
109,b04-060-05-06 are
109,b04-060-05-07 to
109,b04-060-05-08 put
109,b04-060-06-00 men
109,b04-060-06-01 back
109,b04-060-06-02 on
109,b04-060-06-05 week
109,b04-054-00-02 puts
109,b04-054-00-03 the
109,b04-054-00-05 on
109,b04-054-00-06 trial
109,b04-054-01-00 His
109,b04-054-01-03 decides
109,b04-054-01-04 that
109,b04-054-01-05 Cyprus
109,b04-054-01-06 will
109,b04-054-01-07 join
109,b04-054-01-08 it
109,b04-054-01-09 for
109,b04-054-02-00 five
109,b04-054-02-01 years
109,b04-054-02-03 During
109,b04-054-02-04 this
109,b04-054-02-05 period
109,b04-054-02-06 Britain
109,b04-054-02-07 will
109,b04-054-02-08 be
109,b04-054-03-00 to
109,b04-054-03-02 and
109,b04-054-03-03 defend
109,b04-054-03-04 the
109,b04-054-03-07 They
109,b04-054-03-08 will
109,b04-054-03-09 enjoy
109,b04-054-04-00 all
109,b04-054-04-01 the
109,b04-054-04-02 trading
109,b04-054-04-04 of
109,b04-054-04-08 It
109,b04-054-04-09 is
109,b04-054-05-00 safe
109,b04-054-05-01 bet
109,b04-054-05-02 that
109,b04-054-05-03 at
109,b04-054-05-04 the
109,b04-054-05-05 end
109,b04-054-05-06 of
109,b04-054-05-07 five
109,b04-054-05-08 years
109,b04-054-05-10 and
109,b04-054-06-00 company
109,b04-054-06-01 will
109,b04-054-06-02 sign
109,b04-054-06-03 on
109,b04-054-06-04 again
109,b04-075-00-00 They
109,b04-075-00-01 intend
109,b04-075-00-02 to
109,b04-075-00-03 sit
109,b04-075-00-04 outside
109,b04-075-00-05 the
109,b04-075-00-07 of
109,b04-075-00-08 Defence
109,b04-075-00-10 It
109,b04-075-00-11 is
109,b04-075-01-00 their
109,b04-075-01-01 protest
109,b04-075-01-02 against
109,b04-075-01-03 the
109,b04-075-01-06 They
109,b04-075-01-07 ought
109,b04-075-01-08 to
109,b04-075-01-09 have
109,b04-075-02-01 time
109,b04-075-02-03 The
109,b04-075-02-04 weather
109,b04-075-02-06 is
109,b04-075-02-07 good
109,b04-075-02-09 except
109,b04-075-02-10 for
109,b04-075-02-11 them
109,b04-075-03-01 should
109,b04-075-03-02 be
109,b04-075-03-05 And
109,b04-075-03-06 they
109,b04-075-03-07 will
109,b04-075-03-08 have
109,b04-075-03-10 fine
109,b04-075-03-11 view
109,b04-075-04-00 of
109,b04-075-04-03 Park
109,b04-075-04-05 with
109,b04-075-04-06 its
109,b04-075-04-07 placid
109,b04-075-04-08 lake
109,b04-075-05-00 rare
109,b04-075-05-01 ducks
109,b04-075-05-03 and
109,b04-075-05-04 other
109,b04-075-05-05 wild
109,b04-075-05-06 life
