591,p01-168-00-00 He
591,p01-168-00-02 know
591,p01-168-00-03 what
591,p01-168-00-04 to
591,p01-168-00-05 make
591,p01-168-00-06 of
591,p01-168-00-07 it
591,p01-168-00-09 but
591,p01-168-00-10 it
591,p01-168-01-00 was
591,p01-168-01-03 all
591,p01-168-01-04 right
591,p01-168-01-06 Perhaps
591,p01-168-01-07 he
591,p01-168-01-08 had
591,p01-168-02-00 been
591,p01-168-02-02 some
591,p01-168-02-03 kind
591,p01-168-02-04 of
591,p01-168-02-05 fancy
591,p01-168-02-06 dress
591,p01-168-02-07 do
591,p01-168-03-00 in
591,p01-168-03-01 London
591,p01-168-03-03 Very
591,p01-168-03-04 strange
591,p01-168-03-05 his
591,p01-168-03-06 eyes
591,p01-168-03-07 looked
591,p01-168-03-09 Mad
591,p01-168-04-00 hunted
591,p01-168-04-01 eyes
591,p01-168-04-03 as
591,p01-168-04-04 if
591,p01-168-04-05 the
591,p01-168-04-06 poor
591,p01-168-04-07 fellow
591,p01-168-04-08 had
591,p01-168-04-09 rocks
591,p01-168-04-10 in
591,p01-168-05-00 his
591,p01-168-05-01 head
591,p01-168-05-03 so
591,p01-168-05-04 the
591,p01-168-05-05 verger
591,p01-168-06-01 You
591,p01-168-06-03 very
591,p01-168-06-04 early
591,p01-168-06-05 about
591,p01-168-06-07 sir
591,p01-168-06-10 he
591,p01-168-06-11 said
591,p01-168-06-13 trying
591,p01-168-06-14 to
591,p01-168-07-00 speak
