242,e04-109-00-00 Use
242,e04-109-00-02 by
242,e04-109-00-05 gauge
242,e04-109-00-06 screws
242,e04-109-00-08 brass
242,e04-109-00-10 or
242,e04-109-00-11 nail
242,e04-109-01-00 with
242,e04-109-01-01 inch
242,e04-109-01-02 and
242,e04-109-01-04 quarter
242,e04-109-01-06 nails
242,e04-109-01-08 if
242,e04-109-02-00 you
242,e04-109-02-01 are
242,e04-109-02-02 doing
242,e04-109-02-03 it
242,e04-109-02-04 that
242,e04-109-02-05 way
242,e04-109-02-07 Use
242,e04-109-02-08 flat
242,e04-109-02-09 head
242,e04-109-02-10 screws
242,e04-109-03-00 about
242,e04-109-03-03 apart
242,e04-109-03-04 and
242,e04-109-03-05 do
242,e04-109-03-06 not
242,e04-109-03-08 in
242,e04-109-04-00 the
242,e04-109-04-03 ply
242,e04-109-04-05 Make
242,e04-109-04-07 very
242,e04-109-04-08 small
242,e04-109-04-09 hole
242,e04-109-04-10 for
242,e04-109-05-00 the
242,e04-109-05-01 screw
242,e04-109-05-02 to
242,e04-109-05-03 allow
242,e04-109-05-04 for
242,e04-109-05-06 good
242,e04-109-05-07 grip
242,e04-109-06-00 to
242,e04-109-06-01 glue
242,e04-109-06-02 before
242,e04-103-00-00 Having
242,e04-103-00-01 trimmed
242,e04-103-00-02 up
242,e04-103-00-03 the
242,e04-103-00-04 chines
242,e04-103-00-06 we
242,e04-103-00-07 are
242,e04-103-00-08 now
242,e04-103-00-09 ready
242,e04-103-01-00 to
242,e04-103-01-01 plank
242,e04-103-01-02 the
242,e04-103-01-03 sides
242,e04-103-01-05 Start
242,e04-103-01-06 again
242,e04-103-01-07 at
242,e04-103-01-08 the
242,e04-103-01-09 bows
242,e04-103-02-01 into
242,e04-103-02-03 with
242,e04-103-02-08 clamp
242,e04-103-02-10 Bend
242,e04-103-03-00 round
242,e04-103-03-01 the
242,e04-103-03-02 frame
242,e04-103-03-03 to
242,e04-103-03-04 the
242,e04-103-03-05 stern
242,e04-103-03-06 and
242,e04-103-03-07 clamp
242,e04-103-03-08 there
242,e04-103-03-10 If
242,e04-103-04-00 you
242,e04-103-04-01 have
242,e04-103-04-03 third
242,e04-103-04-04 clamp
242,e04-103-04-05 use
242,e04-103-04-06 it
242,e04-103-04-07 in
242,e04-103-04-08 the
242,e04-103-04-09 centre
242,e04-103-04-10 as
242,e04-103-05-00 well
242,e04-103-05-02 After
242,e04-103-05-05 with
242,e04-103-05-06 glue
242,e04-103-05-08 screw
242,e04-103-06-00 the
242,e04-103-06-01 sides
242,e04-103-06-02 to
242,e04-103-06-03 the
242,e04-103-06-04 transom
242,e04-103-06-05 framing
242,e04-103-06-06 and
242,e04-103-06-07 the
242,e04-103-06-08 chine
242,e04-114-00-00 Clean
242,e04-114-00-01 up
242,e04-114-00-02 with
242,e04-114-00-03 the
242,e04-114-00-04 plane
242,e04-114-00-05 ready
242,e04-114-00-06 for
242,e04-114-00-07 the
242,e04-114-00-08 bottom
242,e04-114-01-00 which
242,e04-114-01-01 is
242,e04-114-01-02 cut
242,e04-114-01-03 in
242,e04-114-01-04 one
242,e04-114-01-05 piece
242,e04-114-01-07 It
242,e04-114-01-08 should
242,e04-114-01-09 overlap
242,e04-114-01-10 just
242,e04-114-02-00 trifle
242,e04-114-02-02 this
242,e04-114-02-03 can
242,e04-114-02-04 be
242,e04-114-02-05 cleaned
242,e04-114-02-06 up
242,e04-114-02-07 later
242,e04-114-02-09 As
242,e04-114-02-10 you
242,e04-114-02-11 are
242,e04-114-03-01 and
242,e04-114-03-02 gluing
242,e04-114-03-03 this
242,e04-114-03-04 piece
242,e04-114-03-05 to
242,e04-114-03-06 the
242,e04-114-03-07 chines
242,e04-114-03-08 it
242,e04-114-03-09 is
242,e04-114-04-01 to
242,e04-114-04-02 be
242,e04-114-04-03 careful
242,e04-114-04-04 not
242,e04-114-04-05 to
242,e04-114-04-06 miss
242,e04-114-04-07 the
242,e04-114-04-08 chine
242,e04-114-04-09 with
242,e04-114-05-00 the
242,e04-114-05-01 screws
242,e04-114-05-04 prefer
242,e04-114-05-05 spacing
242,e04-114-05-06 screws
242,e04-114-05-09 apart
242,e04-114-05-10 for
242,e04-114-06-00 the
242,e04-114-06-01 bottom
242,e04-114-06-03 both
242,e04-114-06-04 for
242,e04-114-06-06 to
242,e04-114-06-07 the
242,e04-114-06-08 chines
242,e04-114-06-09 and
242,e04-114-07-00 the
242,e04-114-07-01 bottom
242,e04-114-07-02 shaped
242,e04-114-07-03 transom
242,e04-114-07-04 facing
