139,c02-007-00-00 In
139,c02-007-00-02 he
139,c02-007-00-03 began
139,c02-007-00-04 to
139,c02-007-00-05 take
139,c02-007-00-07 not
139,c02-007-01-00 only
139,c02-007-01-01 in
139,c02-007-01-02 Germany
139,c02-007-01-03 but
139,c02-007-01-04 also
139,c02-007-01-05 in
139,c02-007-01-06 Africa
139,c02-007-01-07 and
139,c02-007-02-00 America
139,c02-007-02-02 An
139,c02-007-02-04 of
139,c02-007-02-05 these
139,c02-007-02-06 works
139,c02-007-02-07 which
139,c02-007-03-00 is
139,c02-007-03-01 now
139,c02-007-03-02 on
139,c02-007-03-03 view
139,c02-007-03-04 in
139,c02-007-03-06 Berlin
139,c02-007-03-07 gallery
139,c02-007-03-08 is
139,c02-007-03-09 most
139,c02-007-04-02 As
139,c02-007-04-06 the
139,c02-007-04-07 Swiss
139,c02-007-05-01 and
139,c02-007-05-02 author
139,c02-007-05-04 wrote
139,c02-007-05-08 blacks
139,c02-007-06-00 and
139,c02-007-06-01 greys
139,c02-007-06-02 are
139,c02-007-06-03 not
139,c02-007-06-04 only
139,c02-007-06-05 the
139,c02-007-06-06 colours
139,c02-007-06-07 of
139,c02-007-06-08 the
139,c02-007-07-00 lost
139,c02-007-07-01 and
139,c02-007-07-02 the
139,c02-007-07-05 but
139,c02-007-07-06 they
139,c02-007-07-07 are
139,c02-007-07-08 also
139,c02-007-07-09 the
139,c02-007-08-01 means
139,c02-007-08-02 of
139,c02-017-00-01 Bruce
139,c02-017-00-04 novel
139,c02-017-00-05 with
139,c02-017-01-03 the
139,c02-017-01-04 film
139,c02-017-01-05 tells
139,c02-017-01-06 the
139,c02-017-01-07 story
139,c02-017-02-00 of
139,c02-017-02-02 little
139,c02-017-02-03 monk
139,c02-017-02-04 who
139,c02-017-02-05 prays
139,c02-017-02-06 that
139,c02-017-03-00 table
139,c02-017-03-01 night
139,c02-017-03-02 club
139,c02-017-03-03 near
139,c02-017-03-04 his
139,c02-017-03-05 church
139,c02-017-03-06 be
139,c02-017-04-00 moved
139,c02-017-04-02 One
139,c02-017-04-03 night
139,c02-017-04-04 his
139,c02-017-04-05 prayer
139,c02-017-04-06 is
139,c02-017-05-00 and
139,c02-017-05-01 the
139,c02-017-05-04 is
139,c02-017-06-01 to
139,c02-017-06-02 an
139,c02-017-06-03 island
139,c02-017-06-04 in
139,c02-017-06-05 the
139,c02-017-06-06 North
139,c02-017-06-07 Sea
139,c02-017-07-00 But
139,c02-017-07-01 Father
139,c02-017-07-04 have
139,c02-017-07-05 only
139,c02-017-08-00 begun
139,c02-017-08-02 Instead
139,c02-017-08-03 of
139,c02-017-08-04 having
139,c02-017-08-05 the
139,c02-017-08-06 desired
139,c02-017-08-07 effect
139,c02-017-09-00 the
139,c02-017-09-01 miracle
139,c02-017-09-02 becomes
139,c02-017-09-04 by
139,c02-017-09-06 group
