113,b04-162-00-01 his
113,b04-162-00-02 firm
113,b04-162-00-05 rule
113,b04-162-00-06 in
113,b04-162-01-00 with
113,b04-162-01-01 what
113,b04-162-01-02 has
113,b04-162-01-04 in
113,b04-162-01-05 the
113,b04-162-01-06 Congo
113,b04-162-01-08 There
113,b04-162-02-02 have
113,b04-162-02-03 carried
113,b04-162-02-04 their
113,b04-162-03-00 into
113,b04-162-03-03 There
113,b04-162-03-05 UNO
113,b04-162-03-06 army
113,b04-162-03-07 of
113,b04-162-04-00 bossed
113,b04-162-04-01 by
113,b04-162-04-02 an
113,b04-162-04-03 Indian
113,b04-162-04-05 has
113,b04-162-04-06 been
113,b04-162-04-07 in
113,b04-162-04-08 charge
113,b04-162-04-09 for
113,b04-162-05-00 months
113,b04-162-05-02 And
113,b04-162-05-03 what
113,b04-162-05-04 has
113,b04-162-05-05 it
113,b04-162-05-06 made
113,b04-162-05-07 of
113,b04-162-05-08 the
113,b04-162-05-09 Congo
113,b04-162-06-04 No
113,b04-162-06-05 wonder
113,b04-162-07-01 has
113,b04-162-07-02 lost
113,b04-162-07-03 all
113,b04-162-07-05 with
113,b04-162-07-06 his
113,b04-175-00-02 earn
113,b04-175-00-03 more
113,b04-175-00-04 than
113,b04-175-00-05 ever
113,b04-175-00-06 before
113,b04-175-01-01 they
113,b04-175-01-02 spend
113,b04-175-01-03 more
113,b04-175-01-05 But
113,b04-175-01-06 how
113,b04-175-02-00 that
113,b04-175-02-01 in
113,b04-175-02-02 the
113,b04-175-02-03 most
113,b04-175-02-05 days
113,b04-175-02-06 in
113,b04-175-02-07 this
113,b04-175-03-01 history
113,b04-175-03-02 the
113,b04-175-03-04 virtue
113,b04-175-03-05 of
113,b04-175-03-06 thrift
113,b04-175-04-00 should
113,b04-175-04-01 still
113,b04-175-04-02 have
113,b04-175-04-05 appeal
113,b04-175-04-06 for
113,b04-175-04-07 young
113,b04-175-05-00 people
113,b04-175-05-02 THE
113,b04-175-05-03 Danes
113,b04-175-05-04 are
113,b04-175-05-05 annoyed
113,b04-175-05-06 with
113,b04-175-05-07 British
113,b04-175-06-00 farmers
113,b04-175-06-01 for
113,b04-175-06-03 against
113,b04-175-06-04 Danish
113,b04-175-07-00 They
113,b04-175-07-01 say
113,b04-175-07-02 that
113,b04-175-07-03 our
113,b04-175-07-04 farmers
113,b04-175-07-05 do
113,b04-175-07-06 not
113,b04-175-07-07 seem
113,b04-175-07-08 to
113,b04-175-08-01 the
113,b04-175-08-02 meaning
113,b04-175-08-03 of
113,b04-175-08-04 free
113,b04-175-08-05 trade
113,b04-181-00-00 There
113,b04-181-00-01 is
113,b04-181-00-02 no
113,b04-181-00-03 doubt
113,b04-181-00-04 what
113,b04-181-00-05 the
113,b04-181-00-06 Danes
113,b04-181-01-00 by
113,b04-181-01-01 free
113,b04-181-01-02 trade
113,b04-181-01-04 It
113,b04-181-01-05 is
113,b04-181-01-06 that
113,b04-181-01-07 they
113,b04-181-01-08 should
113,b04-181-01-09 be
113,b04-181-01-10 free
113,b04-181-02-00 to
113,b04-181-02-01 sell
113,b04-181-02-02 as
113,b04-181-02-03 much
113,b04-181-02-04 as
113,b04-181-02-05 they
113,b04-181-02-06 like
113,b04-181-02-08 while
113,b04-181-02-09 buying
113,b04-181-03-00 more
113,b04-181-03-01 and
113,b04-181-03-02 more
113,b04-181-03-03 from
113,b04-181-03-04 our
113,b04-181-03-05 rivals
113,b04-181-03-07 Germany
113,b04-181-03-08 has
113,b04-181-04-00 now
113,b04-181-04-02 Britain
113,b04-181-04-03 as
113,b04-181-05-03 The
113,b04-181-05-04 farmers
113,b04-181-05-05 of
113,b04-181-05-06 Britain
113,b04-181-06-01 free
113,b04-181-06-02 trade
113,b04-181-06-04 That
113,b04-181-06-05 is
113,b04-181-06-06 why
113,b04-181-06-07 they
113,b04-181-06-08 fight
113,b04-181-07-00 it
113,b04-169-00-00 They
113,b04-169-00-01 have
113,b04-169-00-02 earned
113,b04-169-00-03 his
113,b04-169-00-06 And
113,b04-169-00-07 his
113,b04-169-01-02 SOME
113,b04-169-01-03 people
113,b04-169-01-04 are
113,b04-169-01-05 for
113,b04-169-01-06 ever
113,b04-169-02-00 that
113,b04-169-02-02 earn
113,b04-169-02-03 too
113,b04-169-02-04 much
113,b04-169-02-05 and
113,b04-169-02-06 spend
113,b04-169-02-07 it
113,b04-169-02-08 all
113,b04-169-03-00 when
113,b04-169-03-01 they
113,b04-169-03-02 get
113,b04-169-03-03 it
113,b04-169-03-05 Now
113,b04-169-03-07 survey
113,b04-169-03-08 of
113,b04-169-03-09 the
113,b04-169-03-10 Post
113,b04-169-04-00 Office
113,b04-169-04-01 Savings
113,b04-169-04-02 Bank
113,b04-169-04-03 shows
113,b04-169-04-04 how
113,b04-169-04-05 wrong
113,b04-169-04-06 that
113,b04-169-05-00 idea
113,b04-169-05-01 is
113,b04-169-05-03 The
113,b04-169-05-04 biggest
113,b04-169-05-05 group
113,b04-169-05-06 of
113,b04-169-05-08 in
113,b04-169-06-00 the
113,b04-169-06-01 bank
113,b04-169-06-02 is
113,b04-169-06-03 made
113,b04-169-06-04 of
113,b04-169-06-05 boys
113,b04-169-06-06 and
113,b04-169-06-07 girls
113,b04-169-06-08 aged
113,b04-169-07-00 to
