642,r02-054-00-00 It
642,r02-054-00-01 was
642,r02-054-00-02 locked
642,r02-054-00-04 Eager
642,r02-054-00-05 fingers
642,r02-054-00-06 felt
642,r02-054-00-07 bulky
642,r02-054-00-09 and
642,r02-054-01-00 when
642,r02-054-01-01 he
642,r02-054-01-02 shook
642,r02-054-01-03 the
642,r02-054-01-04 case
642,r02-054-01-05 there
642,r02-054-01-06 was
642,r02-054-01-09 thud
642,r02-054-02-00 of
642,r02-054-02-01 wads
642,r02-054-02-02 of
642,r02-054-02-03 paper
642,r02-054-02-06 Cor
642,r02-054-02-09 he
642,r02-054-02-11 aloud
642,r02-054-02-14 there
642,r02-054-03-00 five
642,r02-054-03-02 at
642,r02-054-03-03 least
642,r02-054-03-06 He
642,r02-054-03-07 felt
642,r02-054-03-08 in
642,r02-054-03-09 his
642,r02-054-03-10 jacket
642,r02-054-03-11 pocket
642,r02-054-04-00 and
642,r02-054-04-01 pulled
642,r02-054-04-02 out
642,r02-054-04-04 key
642,r02-054-04-05 ring
642,r02-054-04-07 In
642,r02-054-04-09 he
642,r02-054-04-10 tried
642,r02-054-05-00 his
642,r02-054-05-01 own
642,r02-054-05-03 key
642,r02-054-05-07 key
642,r02-054-05-08 and
642,r02-054-06-00 device
642,r02-054-06-02 to
642,r02-054-06-03 lock
