581,n03-126-00-01 By
581,n03-126-00-02 George
581,n03-126-00-04 that
581,n03-126-00-05 is
581,n03-126-00-08 string
581,n03-126-00-09 of
581,n03-126-00-10 fish
581,n03-126-01-01 the
581,n03-126-01-02 judge
581,n03-126-01-05 Toss
581,n03-126-01-06 them
581,n03-126-01-07 on
581,n03-126-01-08 the
581,n03-126-01-09 grass
581,n03-126-02-00 and
581,n03-126-02-01 then
581,n03-126-02-02 we
581,n03-126-02-04 all
581,n03-126-02-05 get
581,n03-126-02-06 hold
581,n03-126-02-07 and
581,n03-126-02-08 heave
581,n03-126-03-00 few
581,n03-126-03-01 moments
581,n03-126-03-02 later
581,n03-126-03-03 the
581,n03-126-03-04 yawl
581,n03-126-03-05 was
581,n03-126-03-06 upside
581,n03-126-04-00 down
581,n03-126-04-03 its
581,n03-126-04-04 shallow
581,n03-126-04-05 keel
