059,a04-023-00-00 Apart
059,a04-023-00-01 from
059,a04-023-00-02 their
059,a04-023-00-03 formal
059,a04-023-00-05 House
059,a04-023-00-06 talks
059,a04-023-00-09 by
059,a04-023-00-10 lunch
059,a04-023-01-00 given
059,a04-023-01-01 by
059,a04-023-01-02 Lady
059,a04-023-01-03 Dorothy
059,a04-023-01-05 with
059,a04-023-01-07 Kennedy
059,a04-023-01-08 and
059,a04-023-01-09 other
059,a04-023-02-00 guests
059,a04-023-02-01 present
059,a04-023-02-04 Kennedy
059,a04-023-02-05 and
059,a04-023-02-08 met
059,a04-023-02-09 three
059,a04-023-02-10 more
059,a04-023-03-00 times
059,a04-023-03-03 In
059,a04-023-03-04 PARIS
059,a04-023-03-07 Dean
059,a04-023-03-08 Rusk
059,a04-023-03-12 of
059,a04-023-04-00 State
059,a04-023-04-02 gave
059,a04-023-04-06 on
059,a04-023-04-07 the
059,a04-023-04-08 Vienna
059,a04-023-04-09 talks
059,a04-023-04-10 to
059,a04-023-04-11 the
059,a04-023-05-01 Nato
059,a04-023-05-02 council
059,a04-023-05-04 Some
059,a04-023-05-05 of
059,a04-023-05-06 his
059,a04-023-05-08 said
059,a04-023-05-09 he
059,a04-023-05-10 was
059,a04-023-06-01 rather
059,a04-023-06-04 and
059,a04-023-06-05 talked
059,a04-023-06-06 of
059,a04-023-06-08 Berlin
059,a04-023-06-09 crisis
059,a04-023-06-10 later
059,a04-023-06-11 this
059,a04-023-06-12 year
059,a04-027-00-00 From
059,a04-027-00-01 Nato
059,a04-027-00-04 Rusk
059,a04-027-00-05 went
059,a04-027-00-06 to
059,a04-027-00-07 see
059,a04-027-00-09 de
059,a04-027-00-10 Gaulle
059,a04-027-01-00 and
059,a04-027-01-02 him
059,a04-027-01-03 of
059,a04-027-01-04 the
059,a04-027-01-05 Vienna
059,a04-027-01-06 outcome
059,a04-027-01-08 Last
059,a04-027-01-09 night
059,a04-027-01-11 Rusk
059,a04-027-01-12 arrived
059,a04-027-02-00 in
059,a04-027-02-01 London
059,a04-027-02-02 in
059,a04-027-02-03 time
059,a04-027-02-04 to
059,a04-027-02-05 join
059,a04-027-02-06 the
059,a04-027-02-08 Palace
059,a04-027-02-09 dinner
059,a04-027-02-10 and
059,a04-027-02-11 to
059,a04-027-03-00 fly
059,a04-027-03-01 home
059,a04-027-03-02 with
059,a04-027-03-03 the
059,a04-027-03-06 In
059,a04-027-04-00 said
059,a04-027-04-01 the
059,a04-027-04-02 Vienna
059,a04-027-04-03 talks
059,a04-027-04-05 might
059,a04-027-04-06 be
059,a04-027-04-07 the
059,a04-027-04-09 of
059,a04-027-04-11 slight
059,a04-027-05-00 but
059,a04-027-05-01 no
059,a04-027-05-02 big
059,a04-027-05-03 changes
059,a04-027-05-04 should
059,a04-027-05-05 be
059,a04-027-05-07 in
059,a04-027-05-08 the
059,a04-019-00-00 It
059,a04-019-00-01 said
059,a04-019-00-02 that
059,a04-019-00-03 the
059,a04-019-00-05 and
059,a04-019-00-06 Premier
059,a04-019-00-07 noted
059,a04-019-00-09 with
059,a04-019-00-12 the
059,a04-019-01-01 in
059,a04-019-01-02 Vienna
059,a04-019-01-03 on
059,a04-019-01-04 the
059,a04-019-01-05 need
059,a04-019-01-06 for
059,a04-019-01-07 an
059,a04-019-01-09 Laos
059,a04-019-02-00 which
059,a04-019-02-01 should
059,a04-019-02-02 lead
059,a04-019-02-03 to
059,a04-019-02-05 toward
059,a04-019-02-07 Laos
059,a04-019-02-09 at
059,a04-019-02-10 the
059,a04-019-03-00 Geneva
059,a04-019-03-06 was
059,a04-019-03-07 also
059,a04-019-03-08 given
059,a04-019-03-09 to
059,a04-019-03-10 the
059,a04-019-04-00 nuclear
059,a04-019-04-01 tests
059,a04-019-04-03 and
059,a04-019-04-04 to
059,a04-019-04-05 the
059,a04-019-04-07 of
059,a04-019-04-11 The
059,a04-019-05-01 in
059,a04-019-05-02 regard
059,a04-019-05-03 to
059,a04-019-05-04 Germany
059,a04-019-05-05 was
059,a04-019-05-08 and
059,a04-019-05-09 there
059,a04-019-05-10 was
059,a04-019-05-11 full
059,a04-019-06-01 on
059,a04-019-06-02 the
059,a04-019-06-04 of
059,a04-019-06-06 the
059,a04-019-06-07 rights
059,a04-019-06-08 and
059,a04-019-07-01 of
059,a04-019-07-02 the
059,a04-019-07-03 allied
059,a04-019-07-05 in
059,a04-019-07-06 Berlin
059,a04-015-00-00 The
059,a04-015-00-01 joint
059,a04-015-00-03 on
059,a04-015-00-06 and
059,a04-015-01-00 third
059,a04-015-01-01 talks
059,a04-015-01-03 the
059,a04-015-01-04 first
059,a04-015-01-05 were
059,a04-015-01-06 at
059,a04-015-01-07 Key
059,a04-015-01-08 West
059,a04-015-01-10 Florida
059,a04-015-01-12 the
059,a04-015-01-13 second
059,a04-015-01-14 in
059,a04-015-02-02 said
059,a04-015-02-05 Their
059,a04-015-02-07 covered
059,a04-015-02-08 the
059,a04-015-02-09 major
059,a04-015-03-00 both
059,a04-015-03-02 and
059,a04-015-03-05 and
059,a04-015-03-07 once
059,a04-015-03-08 again
059,a04-015-03-09 the
059,a04-015-04-00 close
059,a04-015-04-02 of
059,a04-015-04-03 the
059,a04-015-04-04 two
059,a04-015-04-06 in
059,a04-015-04-08 their
059,a04-015-05-00 common
059,a04-015-05-05 was
059,a04-015-05-06 given
059,a04-015-05-07 to
059,a04-015-05-08 review
059,a04-015-05-09 the
059,a04-015-05-10 need
059,a04-015-05-11 for
059,a04-015-06-02 and
059,a04-015-06-04 in
059,a04-015-06-05 the
059,a04-015-06-06 general
059,a04-015-07-00 of
059,a04-015-07-02 and
059,a04-015-07-05 alike
