245,e07-007-00-00 The
245,e07-007-00-02 control
245,e07-007-00-03 of
245,e07-007-00-04 pests
245,e07-007-00-05 in
245,e07-007-00-06 the
245,e07-007-00-07 garden
245,e07-007-01-00 is
245,e07-007-01-01 not
245,e07-007-01-02 new
245,e07-007-01-03 to
245,e07-007-01-04 the
245,e07-007-02-00 birds
245,e07-007-02-01 figure
245,e07-007-02-02 in
245,e07-007-02-03 press
245,e07-007-02-06 their
245,e07-007-03-00 sale
245,e07-007-03-01 being
245,e07-007-03-02 by
245,e07-007-03-03 the
245,e07-007-03-04 gallon
245,e07-007-03-06 Praying
245,e07-007-03-07 mantis
245,e07-007-03-09 Mantis
245,e07-007-04-03 both
245,e07-007-04-04 native
245,e07-007-04-05 and
245,e07-007-05-00 are
245,e07-007-05-01 used
245,e07-007-05-02 by
245,e07-007-05-04 in
245,e07-007-05-05 all
245,e07-007-05-06 parts
245,e07-007-05-07 of
245,e07-007-05-08 the
245,e07-007-05-09 United
245,e07-007-06-00 States
245,e07-007-06-03 offer
245,e07-007-06-04 eggs
245,e07-007-06-05 of
245,e07-007-07-00 Chinese
245,e07-007-07-01 or
245,e07-007-07-02 native
245,e07-007-07-03 forms
245,e07-007-07-04 of
245,e07-007-07-05 mantis
