531,m02-090-00-00 The
531,m02-090-00-01 motive
531,m02-090-00-02 would
531,m02-090-00-03 be
531,m02-090-00-04 the
531,m02-090-00-05 same
531,m02-090-00-06 in
531,m02-090-00-07 both
531,m02-090-00-08 cases
531,m02-090-00-10 to
531,m02-090-01-00 serve
531,m02-090-01-01 this
531,m02-090-01-02 home
531,m02-090-01-03 of
531,m02-090-01-04 his
531,m02-090-01-06 in
531,m02-090-01-07 which
531,m02-090-01-08 his
531,m02-090-01-09 heart
531,m02-090-01-10 lay
531,m02-090-02-00 Here
531,m02-090-02-01 the
531,m02-090-02-02 rocket
531,m02-090-02-04 charm
531,m02-090-02-05 was
531,m02-090-02-08 Yet
531,m02-090-03-00 when
531,m02-090-03-01 the
531,m02-090-03-02 time
531,m02-090-03-03 came
531,m02-090-03-04 to
531,m02-090-03-05 leave
531,m02-090-03-07 Harry
531,m02-090-03-08 felt
531,m02-090-03-09 as
531,m02-090-04-00 pressed
531,m02-090-04-01 as
531,m02-090-04-02 when
531,m02-090-04-03 he
531,m02-090-04-04 left
531,m02-090-04-07 office
531,m02-090-05-00 exactly
531,m02-090-05-02 month
531,m02-090-05-03 ago
531,m02-090-05-05 If
531,m02-090-05-06 even
531,m02-090-05-07 Mo
531,m02-090-05-09 only
531,m02-090-06-00 did
531,m02-090-06-01 what
531,m02-090-06-02 they
531,m02-090-06-03 had
531,m02-090-06-04 to
531,m02-090-06-05 do
531,m02-090-06-06 to
531,m02-090-06-07 get
531,m02-090-06-08 GO
531,m02-090-06-09 on
531,m02-090-06-10 an
531,m02-090-07-00 ding
531,m02-090-07-01 scale
531,m02-090-07-03 and
531,m02-090-07-04 left
531,m02-090-07-05 the
531,m02-090-07-07 of
531,m02-090-07-08 their
531,m02-090-07-09 actions
531,m02-090-08-00 and
531,m02-090-08-01 their
531,m02-090-08-02 lunar
531,m02-090-08-03 and
531,m02-090-08-04 earthly
531,m02-090-08-07 to
531,m02-090-08-08 luck
531,m02-090-09-01 or
531,m02-090-09-02 to
531,m02-090-09-03 Moke
531,m02-090-09-06 there
531,m02-090-09-07 was
531,m02-090-09-09 vacuum
531,m02-090-09-10 where
531,m02-090-09-11 there
531,m02-090-09-12 should
531,m02-090-10-00 be
531,m02-090-10-02 centre
531,m02-090-10-03 of
531,m02-090-10-04 trust
531,m02-090-10-07 for
531,m02-090-10-08 the
