626,p03-142-00-01 Darling
626,p03-142-00-04 her
626,p03-142-00-05 voiced
626,p03-142-00-07 him
626,p03-142-00-10 Moments
626,p03-142-00-11 like
626,p03-142-00-12 this
626,p03-142-01-00 make
626,p03-142-01-01 all
626,p03-142-01-02 the
626,p03-142-01-03 waiting
626,p03-142-01-04 worth
626,p03-142-01-05 while
626,p03-142-01-07 When
626,p03-142-01-08 we
626,p03-142-02-00 married
626,p03-142-02-01 we
626,p03-142-02-03 have
626,p03-142-02-04 these
626,p03-142-02-06 of
626,p03-142-02-07 emotion
626,p03-142-03-00 will
626,p03-142-03-01 we
626,p03-142-03-05 No
626,p03-142-03-08 he
626,p03-142-03-09 eyed
626,p03-142-03-10 her
626,p03-142-03-15 wish
626,p03-142-03-16 we
626,p03-142-04-00 were
626,p03-142-04-01 married
626,p03-142-04-03 Di
626,p03-142-04-05 Like
626,p03-142-04-07 patient
626,p03-142-04-08 wishes
626,p03-142-04-09 his
626,p03-142-05-00 was
626,p03-142-05-01 over
626,p03-142-05-04 Again
626,p03-142-05-05 her
626,p03-142-05-07 trilled
626,p03-142-06-01 as
626,p03-142-06-02 bad
626,p03-142-06-03 as
626,p03-142-06-04 an
626,p03-142-06-07 Nigel
