612,p03-004-00-00 Diana
612,p03-004-00-01 Wills
612,p03-004-00-02 often
612,p03-004-00-03 sat
612,p03-004-00-04 on
612,p03-004-00-05 the
612,p03-004-00-06 brand
612,p03-004-01-00 new
612,p03-004-01-01 seat
612,p03-004-01-02 outside
612,p03-004-01-03 the
612,p03-004-02-00 gates
612,p03-004-02-01 and
612,p03-004-02-02 thought
612,p03-004-02-03 vagrant
612,p03-004-03-02 At
612,p03-004-03-03 one
612,p03-004-03-04 time
612,p03-004-03-05 she
612,p03-004-03-06 had
612,p03-004-04-00 watched
612,p03-004-04-01 the
612,p03-004-04-02 workmen
612,p03-004-05-00 the
612,p03-004-05-03 which
612,p03-004-05-04 was
612,p03-004-06-00 to
612,p03-004-06-01 put
612,p03-004-07-00 out
612,p03-004-07-01 of
612,p03-004-07-04 in
612,p03-004-07-05 theory
612,p03-004-07-07 at
612,p03-004-08-00 least
612,p03-004-08-02 She
612,p03-004-08-03 would
612,p03-004-08-04 think
612,p03-004-08-05 of
612,p03-004-09-00 self
612,p03-004-09-01 as
612,p03-004-09-04 in
612,p03-004-09-05 these
612,p03-004-09-06 parts
612,p03-004-10-01 these
612,p03-004-10-04 Which
612,p03-004-11-00 one
612,p03-004-11-01 to
612,p03-004-11-02 take
