189,d04-050-00-00 They
189,d04-050-00-01 will
189,d04-050-00-02 not
189,d04-050-00-03 work
189,d04-050-00-04 in
189,d04-050-00-05 union
189,d04-050-00-07 If
189,d04-050-00-09 power
189,d04-050-00-12 power
189,d04-050-01-00 and
189,d04-050-01-02 power
189,d04-050-01-03 is
189,d04-050-01-04 not
189,d04-050-01-05 united
189,d04-050-01-07 man
189,d04-050-01-08 will
189,d04-050-01-09 remain
189,d04-050-01-10 in
189,d04-050-01-11 his
189,d04-050-01-12 heart
189,d04-050-02-00 selfish
189,d04-050-02-01 and
189,d04-050-02-02 think
189,d04-050-02-03 only
189,d04-050-02-04 of
189,d04-050-02-08 to
189,d04-050-03-00 gratify
189,d04-050-03-01 selfish
189,d04-050-03-02 aims
189,d04-050-03-04 then
189,d04-050-03-05 each
189,d04-050-03-06 man
189,d04-050-03-07 will
189,d04-050-04-00 for
189,d04-050-04-01 himself
189,d04-050-04-02 only
189,d04-050-04-04 instead
189,d04-050-04-05 of
189,d04-050-04-06 all
189,d04-050-04-07 to
189,d04-050-04-08 help
189,d04-050-04-09 to
189,d04-050-04-10 gather
189,d04-050-04-11 your
189,d04-050-05-00 corn
189,d04-050-05-02 your
189,d04-050-05-03 wine
189,d04-050-05-04 and
189,d04-050-05-05 your
189,d04-050-05-06 oil
