174,c06-083-00-00 It
174,c06-083-00-01 also
174,c06-083-00-02 parades
174,c06-083-00-03 Gina
174,c06-083-00-05 in
174,c06-083-00-08 of
174,c06-083-01-02 not
174,c06-083-01-03 too
174,c06-083-01-04 well
174,c06-083-01-06 for
174,c06-083-01-08 in
174,c06-083-02-00 and
174,c06-083-02-01 Rock
174,c06-083-02-02 Hudson
174,c06-083-02-03 at
174,c06-083-02-04 the
174,c06-083-02-05 wheel
174,c06-083-02-06 of
174,c06-083-02-08 shining
174,c06-083-02-09 silver
174,c06-083-03-01 Hudson
174,c06-083-03-02 is
174,c06-083-03-03 an
174,c06-083-03-06 who
174,c06-083-03-07 spends
174,c06-083-03-08 each
174,c06-083-04-01 in
174,c06-083-04-02 his
174,c06-083-04-03 Italian
174,c06-083-04-04 villa
174,c06-083-04-05 and
174,c06-083-04-06 the
174,c06-083-04-07 company
174,c06-083-04-08 of
174,c06-083-05-02 In
174,c06-083-05-03 the
174,c06-083-05-04 holiday
174,c06-083-05-06 months
174,c06-083-05-07 before
174,c06-083-05-08 and
174,c06-083-06-00 after
174,c06-083-06-01 this
174,c06-083-06-02 annual
174,c06-083-06-03 idyll
174,c06-083-06-04 his
174,c06-083-06-07 Walter
174,c06-083-06-08 Slezak
174,c06-083-07-00 at
174,c06-083-07-01 his
174,c06-083-07-02 most
174,c06-083-07-05 turns
174,c06-083-07-06 the
174,c06-083-07-07 palazzo
174,c06-083-07-08 into
174,c06-083-07-10 luxury
174,c06-083-08-00 hotel
174,d06-015-00-01 little
174,d06-015-00-02 more
174,d06-015-00-03 honesty
174,d06-015-00-05 even
174,d06-015-00-06 if
174,d06-015-00-07 one
174,d06-015-00-09 from
174,d06-015-00-10 going
174,d06-015-00-11 into
174,d06-015-01-00 too
174,d06-015-01-01 many
174,d06-015-01-02 details
174,d06-015-01-04 would
174,d06-015-01-05 help
174,d06-015-01-06 many
174,d06-015-01-08 child
174,d06-015-01-09 to
174,d06-015-01-10 make
174,d06-015-02-00 proper
174,d06-015-02-02 to
174,d06-015-02-03 life
174,d06-015-02-04 as
174,d06-015-02-05 it
174,d06-015-02-06 grows
174,d06-015-02-07 up
174,d06-015-02-09 Let
174,d06-015-02-10 us
174,d06-015-02-11 look
174,d06-015-03-00 at
174,d06-015-03-01 Jesus
174,d06-015-03-03 We
174,d06-015-03-04 do
174,d06-015-03-05 not
174,d06-015-03-08 think
174,d06-015-03-10 see
174,d06-015-03-11 there
174,d06-015-03-13 life
174,d06-015-03-14 without
174,d06-015-03-15 fear
174,d06-015-04-00 There
174,d06-015-04-01 are
174,d06-015-04-02 several
174,d06-015-04-04 where
174,d06-015-04-05 he
174,d06-015-04-06 seemed
174,d06-015-04-07 unable
174,d06-015-04-08 to
174,d06-015-04-09 go
174,d06-015-05-00 on
174,d06-030-00-00 Amen
174,d06-030-00-02 MOST
174,d06-030-00-03 people
174,d06-030-00-04 would
174,d06-030-00-06 regard
174,d06-030-00-08 as
174,d06-030-01-00 purely
174,d06-030-01-02 thing
174,d06-030-01-04 The
174,d06-030-01-05 cure
174,d06-030-01-06 for
174,d06-030-01-07 which
174,d06-030-01-08 is
174,d06-030-01-09 sleep
174,d06-030-01-11 This
174,d06-030-01-12 is
174,d06-030-01-13 only
174,d06-030-02-00 partly
174,d06-030-02-01 true
174,d06-030-02-03 Many
174,d06-030-02-04 people
174,d06-030-02-05 wake
174,d06-030-02-06 up
174,d06-030-02-07 tired
174,d06-030-02-08 of
174,d06-030-02-10 morning
174,d06-030-02-11 and
174,d06-030-02-12 no
174,d06-030-03-00 amount
174,d06-030-03-01 of
174,d06-030-03-02 rest
174,d06-030-03-03 seems
174,d06-030-03-04 to
174,d06-030-03-05 make
174,d06-030-03-06 any
174,d06-030-03-09 Sleep
174,d06-030-03-11 to
174,d06-030-03-12 be
174,d06-030-04-02 must
174,d06-030-04-03 be
174,d06-030-04-04 of
174,d06-030-04-05 that
174,d06-030-04-07 quality
174,d06-030-04-08 which
174,d06-030-04-09 comes
174,d06-030-05-00 from
174,d06-050-00-00 Nor
174,d06-050-00-01 is
174,d06-050-00-02 she
174,d06-050-00-04 being
174,d06-050-00-07 She
174,d06-050-00-08 really
174,d06-050-00-09 did
174,d06-050-00-10 feel
174,d06-050-00-11 tired
174,d06-050-01-00 until
174,d06-050-01-01 the
174,d06-050-01-02 mind
174,d06-050-01-03 got
174,d06-050-01-04 the
174,d06-050-01-07 of
174,d06-050-01-09 fresh
174,d06-050-01-11 and
174,d06-050-01-12 an
174,d06-050-02-05 has
174,d06-050-02-09 as
174,d06-050-02-10 much
174,d06-050-02-11 to
174,d06-050-02-12 do
174,d06-050-03-00 with
174,d06-050-03-01 our
174,d06-050-03-02 mental
174,d06-050-03-03 state
174,d06-050-03-04 as
174,d06-050-03-05 with
174,d06-050-03-06 our
174,d06-050-04-01 mind
174,d06-050-04-02 can
174,d06-050-04-03 bring
174,d06-050-04-04 the
174,d06-050-04-06 body
174,d06-050-04-07 to
174,d06-050-04-09 sense
174,d06-050-05-00 of
174,d06-050-05-01 fatigue
174,d06-050-05-03 They
174,d06-050-05-04 wonder
174,d06-050-05-05 why
174,d06-050-05-06 they
174,d06-050-05-07 get
174,d06-050-05-08 no
174,d06-050-05-09 rest
174,d06-050-05-10 at
174,d06-050-05-11 night
174,d06-050-06-00 even
174,d06-050-06-01 if
174,d06-050-06-02 they
174,d06-050-06-03 do
174,d06-050-06-04 sleep
174,d06-082-00-00 If
174,d06-082-00-01 we
174,d06-082-00-02 ever
174,d06-082-00-03 stopped
174,d06-082-00-04 to
174,d06-082-00-06 how
174,d06-082-00-07 much
174,d06-082-00-08 energy
174,d06-082-00-10 and
174,d06-082-00-11 time
174,d06-082-01-00 we
174,d06-082-01-01 lose
174,d06-082-01-02 this
174,d06-082-01-03 way
174,d06-082-01-04 in
174,d06-082-01-05 the
174,d06-082-01-06 course
174,d06-082-01-07 of
174,d06-082-01-09 day
174,d06-082-01-10 we
174,d06-082-01-11 would
174,d06-082-01-12 be
174,d06-082-02-02 Some
174,d06-082-02-03 of
174,d06-082-02-04 it
174,d06-082-02-05 is
174,d06-082-02-08 and
174,d06-082-02-09 we
174,d06-082-02-10 do
174,d06-082-02-11 not
174,d06-082-02-12 want
174,d06-082-02-13 to
174,d06-082-03-00 become
174,d06-082-03-01 too
174,d06-082-03-06 we
174,d06-082-03-07 could
174,d06-082-03-08 all
174,d06-082-04-00 be
174,d06-082-04-02 little
174,d06-082-04-03 more
174,d06-082-04-04 orderly
174,d06-082-04-05 for
174,d06-082-04-06 we
174,d06-082-04-07 so
174,d06-082-04-09 just
174,d06-082-04-10 muddle
174,d06-082-05-00 through
