032,a02-067-00-00 They
032,a02-067-00-01 are
032,a02-067-00-03 to
032,a02-067-00-04 show
032,a02-067-00-05 why
032,a02-067-00-06 they
032,a02-067-01-00 should
032,a02-067-01-01 not
032,a02-067-01-02 be
032,a02-067-01-03 bound
032,a02-067-01-04 over
032,a02-067-01-05 for
032,a02-067-02-00 the
032,a02-067-02-01 peace
032,a02-067-02-02 and
032,a02-067-02-03 for
032,a02-067-02-06 breach
032,a02-067-03-00 of
032,a02-067-03-01 the
032,a02-067-03-02 peace
032,a02-067-03-04 The
032,a02-067-03-06 say
032,a02-067-03-07 they
032,a02-067-04-00 are
032,a02-067-04-02 likely
032,a02-067-04-03 to
032,a02-067-04-05 in
032,a02-067-04-06 such
032,a02-067-05-00 conduct
032,a02-067-05-03 Lord
032,a02-067-05-04 Russell
032,a02-067-05-08 was
032,a02-067-06-00 putting
032,a02-067-06-01 his
032,a02-067-06-02 affairs
032,a02-067-06-03 in
032,a02-067-06-04 order
032,a02-067-06-06 and
032,a02-067-07-00 packing
032,a02-067-07-02 case
032,a02-067-07-04 at
032,a02-067-07-05 his
032,a02-067-07-06 Chelsea
032,a02-067-07-07 home
032,a02-067-08-02 His
032,a02-067-09-01 Ralph
032,a02-067-09-04 said
