518,m01-149-00-00 They
518,m01-149-00-02 him
518,m01-149-00-03 to
518,m01-149-00-05 city
518,m01-149-00-06 bus
518,m01-149-00-07 stop
518,m01-149-00-08 on
518,m01-149-00-09 Carling
518,m01-149-00-10 Avenue
518,m01-149-00-12 where
518,m01-149-01-00 he
518,m01-149-01-01 waited
518,m01-149-01-03 The
518,m01-149-01-04 bus
518,m01-149-01-05 stop
518,m01-149-01-06 was
518,m01-149-01-09 island
518,m01-149-01-10 on
518,m01-149-01-11 an
518,m01-149-01-12 empty
518,m01-149-01-13 street
518,m01-149-02-00 But
518,m01-149-02-01 not
518,m01-149-02-02 for
518,m01-149-02-03 long
518,m01-149-02-05 for
518,m01-149-02-06 soon
518,m01-149-02-08 and
518,m01-149-02-09 cars
518,m01-149-02-10 flocked
518,m01-149-02-11 upon
518,m01-149-03-00 the
518,m01-149-03-01 Avenue
518,m01-149-03-02 from
518,m01-149-03-03 its
518,m01-149-03-04 many
518,m01-149-03-06 streets
518,m01-149-03-08 It
518,m01-149-03-09 might
518,m01-149-03-10 have
518,m01-149-04-00 been
518,m01-149-04-02 normal
518,m01-149-04-04 bustle
518,m01-149-04-06 except
518,m01-149-04-07 for
518,m01-149-04-08 two
518,m01-149-05-00 First
518,m01-149-05-02 it
518,m01-149-05-03 was
518,m01-149-05-04 Sunday
518,m01-149-05-05 morning
518,m01-149-05-07 and
518,m01-149-05-09 second
518,m01-149-06-00 walked
518,m01-149-06-02 or
518,m01-149-06-03 drove
518,m01-149-06-05 or
518,m01-149-06-06 waited
518,m01-149-06-07 as
518,m01-149-06-09 person
518,m01-149-06-11 of
518,m01-149-07-01 single
518,m01-149-07-03 purpose
