532,m02-095-00-00 The
532,m02-095-00-02 life
532,m02-095-00-03 of
532,m02-095-00-05 looked
532,m02-095-00-06 more
532,m02-095-00-07 and
532,m02-095-00-08 more
532,m02-095-01-00 like
532,m02-095-01-03 of
532,m02-095-01-06 in
532,m02-095-02-00 guise
532,m02-095-02-01 which
532,m02-095-02-03 far
532,m02-095-02-04 from
532,m02-095-02-06 the
532,m02-095-03-00 of
532,m02-095-03-01 free
532,m02-095-03-02 men
532,m02-095-03-05 could
532,m02-095-03-06 only
532,m02-095-03-07 repel
532,m02-095-03-08 them
532,m02-095-04-00 Then
532,m02-095-04-01 what
532,m02-095-04-02 of
532,m02-095-04-03 the
532,m02-095-04-05 life
532,m02-095-04-07 Did
532,m02-095-04-08 this
532,m02-095-05-00 haps
532,m02-095-05-01 nurture
532,m02-095-05-05 impulse
532,m02-095-06-00 which
532,m02-095-06-01 might
532,m02-095-06-02 in
532,m02-095-06-03 time
532,m02-095-06-04 become
532,m02-095-06-05 social
532,m02-095-06-06 fact
532,m02-095-07-00 and
532,m02-095-07-02 the
532,m02-095-07-04 with
532,m02-095-08-00 which
532,m02-095-08-01 had
532,m02-095-08-02 grown
532,m02-095-08-03 up
532,m02-095-08-04 during
532,m02-095-08-05 the
532,m02-095-09-00 first
532,m02-095-09-01 two
