038,a02-116-00-00 It
038,a02-116-00-01 was
038,a02-116-00-03 Butler
038,a02-116-00-04 who
038,a02-116-00-06 action
038,a02-116-00-07 which
038,a02-116-01-00 ended
038,a02-116-01-02 in
038,a02-116-01-04 members
038,a02-116-01-05 of
038,a02-116-01-06 the
038,a02-116-02-01 of
038,a02-116-02-03 being
038,a02-116-02-05 for
038,a02-116-03-01 breach
038,a02-116-03-02 of
038,a02-116-03-03 the
038,a02-116-03-04 peace
038,a02-116-03-06 The
038,a02-116-04-02 Earl
038,a02-116-04-03 Russell
038,a02-116-04-04 and
038,a02-116-05-00 his
038,a02-116-05-02 wife
038,a02-116-05-03 were
038,a02-116-05-04 each
038,a02-116-05-05 jailed
038,a02-116-05-06 for
038,a02-116-06-01 week
038,a02-116-06-04 Arnold
038,a02-116-06-05 Wesker
038,a02-116-06-07 The
038,a02-116-06-08 Kitchen
038,a02-116-07-00 and
038,a02-116-07-01 Robert
038,a02-116-07-02 Bolt
038,a02-116-07-04 The
038,a02-116-07-06 Cherry
038,a02-116-07-08 were
038,a02-116-08-00 jailed
038,a02-116-08-01 for
038,a02-116-08-03 month
