043,a03-014-00-00 Two
043,a03-014-00-02 from
043,a03-014-00-03 the
043,a03-014-00-04 Laotian
043,a03-014-01-00 of
043,a03-014-01-01 Prince
043,a03-014-01-02 Boun
043,a03-014-01-03 Oum
043,a03-014-01-04 have
043,a03-014-01-05 arrived
043,a03-014-01-06 in
043,a03-014-02-00 Phnom
043,a03-014-02-01 Penh
043,a03-014-02-05 to
043,a03-014-02-06 invite
043,a03-014-02-07 Prince
043,a03-014-03-01 Phouma
043,a03-014-03-03 the
043,a03-014-03-04 former
043,a03-014-03-05 Prime
043,a03-014-04-00 ister
043,a03-014-04-02 to
043,a03-014-04-03 return
043,a03-014-04-04 to
043,a03-014-04-05 Laos
043,a03-014-04-07 No
043,a03-014-04-08 details
043,a03-014-04-09 of
043,a03-014-05-00 their
043,a03-014-05-01 mission
043,a03-014-05-02 have
043,a03-014-05-03 been
043,a03-014-05-06 but
043,a03-014-05-07 it
043,a03-014-06-00 was
043,a03-014-06-02 earlier
043,a03-014-06-03 in
043,a03-014-06-04 Laos
043,a03-014-06-05 that
043,a03-014-06-06 Prince
043,a03-014-07-00 Boun
043,a03-014-07-01 Oum
043,a03-014-07-02 was
043,a03-014-07-04 asking
043,a03-014-08-00 Prince
043,a03-014-08-02 Phouma
043,a03-014-08-03 to
043,a03-014-08-04 join
043,a03-014-08-05 his
