610,p02-150-00-00 Because
610,p02-150-00-01 she
610,p02-150-00-02 was
610,p02-150-00-03 second
610,p02-150-00-04 best
610,p02-150-00-06 The
610,p02-150-00-07 others
610,p02-150-00-08 came
610,p02-150-00-09 back
610,p02-150-01-00 to
610,p02-150-01-01 the
610,p02-150-01-02 table
610,p02-150-01-04 all
610,p02-150-01-05 of
610,p02-150-01-06 them
610,p02-150-01-07 making
610,p02-150-01-09 fuss
610,p02-150-01-10 of
610,p02-150-01-11 her
610,p02-150-01-12 and
610,p02-150-01-13 at
610,p02-150-01-14 once
610,p02-150-02-00 she
610,p02-150-02-01 felt
610,p02-150-02-02 happier
610,p02-150-02-04 Gay
610,p02-150-02-05 loved
610,p02-150-02-06 them
610,p02-150-02-07 for
610,p02-150-02-08 their
610,p02-150-02-09 warm
610,p02-150-03-00 knowing
610,p02-150-03-01 that
610,p02-150-03-02 they
610,p02-150-03-03 were
610,p02-150-03-04 real
610,p02-150-03-05 friends
610,p02-150-03-07 even
610,p02-150-03-08 if
610,p02-150-03-09 they
610,p02-150-03-10 were
610,p02-150-03-11 new
610,p02-150-03-12 ones
610,p02-150-04-01 That
610,p02-150-04-02 is
610,p02-150-04-04 pretty
610,p02-150-04-05 dress
610,p02-150-04-08 Lilyan
610,p02-150-04-12 sensing
610,p02-150-05-02 and
610,p02-150-05-03 in
610,p02-150-05-05 way
610,p02-150-05-06 that
610,p02-150-05-07 Doc
610,p02-150-05-09 as
610,p02-150-05-11 man
610,p02-150-05-13 could
610,p02-150-05-14 not
610,p02-150-06-02 knowing
610,p02-150-06-03 that
610,p02-150-06-04 Gay
610,p02-150-06-05 was
610,p02-150-06-06 as
610,p02-150-06-07 much
610,p02-150-06-08 ashamed
610,p02-150-07-00 for
610,p02-150-07-01 Gavin
610,p02-150-07-02 at
610,p02-150-07-03 the
610,p02-150-07-04 way
610,p02-150-07-05 he
610,p02-150-07-06 was
610,p02-150-07-08 as
610,p02-150-07-09 she
610,p02-150-08-00 was
610,p02-150-08-01 hurt
610,p02-150-08-02 for
610,p02-150-08-03 herself
