545,m04-030-00-03 Dai
545,m04-030-00-06 said
545,m04-030-00-07 Morfydd
545,m04-030-00-09 smiling
545,m04-030-00-10 from
545,m04-030-00-11 the
545,m04-030-00-12 bottom
545,m04-030-00-13 step
545,m04-030-01-03 Morfydd
545,m04-030-01-06 He
545,m04-030-01-07 sought
545,m04-030-01-08 to
545,m04-030-01-09 enfold
545,m04-030-01-10 her
545,m04-030-01-11 in
545,m04-030-01-12 his
545,m04-030-01-13 arms
545,m04-030-01-15 But
545,m04-030-01-16 he
545,m04-030-01-17 was
545,m04-030-01-18 too
545,m04-030-01-19 late
545,m04-030-02-00 She
545,m04-030-02-01 was
545,m04-030-02-02 already
545,m04-030-02-03 up
545,m04-030-02-04 the
545,m04-030-02-05 bus
545,m04-030-02-06 steps
545,m04-030-02-08 and
545,m04-030-02-09 the
545,m04-030-02-10 bus
545,m04-030-02-11 was
545,m04-030-02-12 away
545,m04-030-02-14 And
545,m04-030-02-15 Morfydd
545,m04-030-02-16 Owen
545,m04-030-03-00 waving
545,m04-030-03-04 from
545,m04-030-03-05 the
545,m04-030-03-06 window
545,m04-030-03-08 And
545,m04-030-03-09 Dai
545,m04-030-03-11 on
545,m04-030-03-12 the
545,m04-030-03-15 knowing
545,m04-030-03-16 in
545,m04-030-03-17 his
545,m04-030-04-00 heart
545,m04-030-04-01 that
545,m04-030-04-02 Morfydd
545,m04-030-04-03 was
545,m04-030-04-04 leaving
545,m04-030-04-05 him
545,m04-030-04-06 as
545,m04-030-04-07 surely
545,m04-030-04-08 as
545,m04-030-04-09 she
545,m04-030-04-10 was
545,m04-030-04-11 leaving
545,m04-030-04-12 Dinas
545,m04-038-00-00 So
545,m04-038-00-01 the
545,m04-038-00-02 bus
545,m04-038-00-03 set
545,m04-038-00-04 out
545,m04-038-00-05 for
545,m04-038-00-08 But
545,m04-038-00-09 it
545,m04-038-00-10 never
545,m04-038-00-11 reached
545,m04-038-00-12 there
545,m04-038-01-00 on
545,m04-038-01-01 those
545,m04-038-01-02 fifteen
545,m04-038-01-03 miles
545,m04-038-01-04 of
545,m04-038-01-06 roads
545,m04-038-01-08 it
545,m04-038-01-10 from
545,m04-038-01-11 the
545,m04-038-01-12 earthly
545,m04-038-02-00 scene
545,m04-038-02-02 The
545,m04-038-02-03 first
545,m04-038-02-05 that
545,m04-038-02-06 all
545,m04-038-02-07 was
545,m04-038-02-08 not
545,m04-038-02-09 well
545,m04-038-02-10 came
545,m04-038-02-11 when
545,m04-038-03-01 Isaiah
545,m04-038-03-02 Roberts
545,m04-038-03-05 of
545,m04-038-03-06 The
545,m04-038-03-08 Joy
545,m04-038-03-10 rang
545,m04-038-03-11 up
545,m04-038-03-12 the
545,m04-038-04-00 Dinas
545,m04-038-04-01 Motor
545,m04-038-04-02 Omnibus
545,m04-038-04-04 to
545,m04-038-04-05 ask
545,m04-038-04-06 what
545,m04-038-04-07 had
545,m04-038-04-09 to
545,m04-038-04-10 their
545,m04-038-05-00 damn
545,m04-038-05-01 bus
545,m04-043-00-01 Left
545,m04-043-00-02 here
545,m04-043-00-03 all
545,m04-043-00-04 right
545,m04-043-00-07 said
545,m04-043-00-08 Ifor
545,m04-043-00-13 on
545,m04-043-00-14 the
545,m04-043-00-15 dot
545,m04-043-00-19 It
545,m04-043-01-01 to
545,m04-043-01-02 leave
545,m04-043-01-03 at
545,m04-043-01-08 Who
545,m04-043-01-09 says
545,m04-043-01-10 so
545,m04-043-01-14 Your
545,m04-043-02-02 want
545,m04-043-02-03 to
545,m04-043-02-04 take
545,m04-043-02-05 too
545,m04-043-02-06 much
545,m04-043-02-07 notice
545,m04-043-02-08 of
545,m04-043-02-09 those
545,m04-043-02-10 old
545,m04-043-02-14 Ifor
545,m04-043-02-15 said
545,m04-043-03-03 Start
545,m04-043-03-04 running
545,m04-043-03-06 and
545,m04-043-03-07 where
545,m04-043-03-08 are
545,m04-043-03-09 you
545,m04-043-03-11 People
545,m04-043-03-12 get
545,m04-043-04-00 left
545,m04-043-04-01 behind
545,m04-043-04-04 it
545,m04-043-04-06 Very
545,m04-043-04-08 for
545,m04-043-04-09 one
545,m04-043-04-10 and
545,m04-043-04-11 all
545,m04-061-00-01 And
545,m04-061-00-02 what
545,m04-061-00-03 are
545,m04-061-00-04 you
545,m04-061-00-05 going
545,m04-061-00-06 to
545,m04-061-00-07 do
545,m04-061-00-08 about
545,m04-061-00-09 it
545,m04-061-00-15 Roberts
545,m04-061-00-16 sounded
545,m04-061-01-01 What
545,m04-061-01-02 do
545,m04-061-01-03 you
545,m04-061-01-04 want
545,m04-061-01-05 me
545,m04-061-01-06 to
545,m04-061-01-07 do
545,m04-061-01-09 Send
545,m04-061-01-10 out
545,m04-061-01-13 posse
545,m04-061-01-15 is
545,m04-061-01-16 it
545,m04-061-01-19 No
545,m04-061-01-20 sense
545,m04-061-02-00 of
545,m04-061-02-01 humour
545,m04-061-02-03 that
545,m04-061-02-04 Isaiah
545,m04-061-02-06 He
545,m04-061-02-07 banged
545,m04-061-02-08 down
545,m04-061-02-09 the
545,m04-061-02-12 Very
545,m04-061-02-13 uncivil
545,m04-061-02-15 Dropped
545,m04-061-03-00 the
545,m04-061-03-01 mask
545,m04-061-03-03 now
545,m04-061-03-05 Ifor
545,m04-061-03-06 did
545,m04-061-03-09 Dai
545,m04-061-03-10 Pugh
545,m04-061-03-13 he
545,m04-061-03-17 Leap
545,m04-061-03-18 on
545,m04-061-03-19 your
545,m04-061-03-20 bicycle
545,m04-061-04-00 and
545,m04-061-04-01 scour
545,m04-061-04-02 the
545,m04-061-04-04 between
545,m04-061-04-05 here
545,m04-061-04-06 and
545,m04-061-04-07 The
545,m04-061-04-09 Joy
