244,e07-003-00-05 as
244,e07-003-00-06 it
244,e07-003-01-00 does
244,e07-003-01-01 the
244,e07-003-01-02 balance
244,e07-003-01-03 of
244,e07-003-01-04 nature
244,e07-003-01-05 by
244,e07-003-01-06 killing
244,e07-003-01-07 both
244,e07-003-01-08 pests
244,e07-003-02-00 and
244,e07-003-02-03 is
244,e07-003-02-04 viewed
244,e07-003-02-05 with
244,e07-003-02-06 concern
244,e07-003-02-07 by
244,e07-003-03-00 number
244,e07-003-03-01 of
244,e07-003-03-03 State
244,e07-003-03-07 Not
244,e07-003-04-00 content
244,e07-003-04-01 with
244,e07-003-04-02 issuing
244,e07-003-04-04 on
244,e07-003-04-05 the
244,e07-003-04-06 dangers
244,e07-003-05-00 of
244,e07-003-05-01 the
244,e07-003-05-02 misuse
244,e07-003-05-03 of
244,e07-003-05-05 in
244,e07-003-06-00 some
244,e07-003-06-02 are
244,e07-003-06-04 out
244,e07-003-06-05 useful
244,e07-003-06-07 on
244,e07-003-07-00 pest
244,e07-003-07-01 control
244,e07-003-07-02 by
244,e07-003-07-04 means
244,e07-003-07-06 Both
244,e07-003-07-07 native
244,e07-003-07-08 and
244,e07-003-08-02 insects
244,e07-003-08-03 and
244,e07-003-08-04 insect
244,e07-003-09-00 are
244,e07-003-09-01 used
244,e07-003-09-02 in
244,e07-003-09-03 field
244,e07-003-09-04 trial
244,e07-003-09-05 tests
