130,c06-031-00-02 the
130,c06-031-00-03 only
130,c06-031-00-04 man
130,c06-031-00-05 on
130,c06-031-00-06 earth
130,c06-031-00-07 who
130,c06-031-00-09 know
130,c06-031-01-00 what
130,c06-031-01-01 his
130,c06-031-01-02 name
130,c06-031-01-03 is
130,c06-031-01-06 tell
130,c06-031-01-07 me
130,c06-031-01-10 want
130,c06-031-01-11 to
130,c06-031-02-01 that
130,c06-031-02-06 already
130,c06-031-02-07 know
130,c06-031-02-08 about
130,c06-031-03-00 Shepard
130,c06-031-03-01 and
130,c06-031-03-02 that
130,c06-031-03-04 Army
130,c06-031-03-05 chap
130,c06-031-03-06 Gagarin
130,c06-031-04-00 the
130,c06-031-04-01 two
130,c06-031-04-02 biggest
130,c06-031-04-03 bores
130,c06-031-04-04 since
130,c06-031-04-06 Newman
130,c06-031-05-00 That
130,c06-031-05-02 enough
130,c06-031-05-03 of
130,c06-031-05-04 all
130,c06-031-05-05 that
130,c06-031-05-06 hooey
130,c06-031-05-09 HE
130,c06-031-05-10 plunges
130,c06-031-06-00 on
130,c06-031-06-01 into
130,c06-031-06-03 of
130,c06-031-06-04 his
130,c06-031-06-05 trips
130,c06-031-06-07 There
130,c06-031-06-08 is
130,c06-031-07-00 much
130,c06-031-07-01 to
130,c06-031-07-02 recall
130,b06-032-00-00 All
130,b06-032-00-01 this
130,b06-032-00-02 has
130,b06-032-00-03 been
130,b06-032-00-05 through
130,b06-032-00-06 Nato
130,b06-032-00-07 under
130,b06-032-01-03 But
130,b06-032-01-05 big
130,b06-032-01-06 role
130,b06-032-01-07 has
130,b06-032-01-08 been
130,b06-032-02-00 played
130,b06-032-02-01 not
130,b06-032-02-02 only
130,b06-032-02-03 by
130,b06-032-02-04 the
130,b06-032-02-05 British
130,b06-032-02-07 but
130,b06-032-03-00 by
130,b06-032-03-02 Labour
130,b06-032-03-03 in
130,b06-032-03-04 this
130,b06-032-03-05 country
130,b06-032-03-07 They
130,b06-032-03-08 have
130,b06-032-04-00 helped
130,b06-032-04-01 build
130,b06-032-04-02 up
130,b06-032-04-03 Nato
130,b06-032-04-04 and
130,b06-032-04-05 rearm
130,b06-032-04-06 Western
130,b06-032-04-07 Germany
130,b06-032-05-00 in
130,b06-032-05-01 pursuit
130,b06-032-05-02 of
130,b06-032-05-03 the
130,b06-032-05-04 old
130,b06-032-06-00 policy
130,b06-032-06-01 which
130,b06-032-06-02 brought
130,b06-032-06-04 in
130,b06-079-00-00 It
130,b06-079-00-01 is
130,b06-079-00-03 for
130,b06-079-00-05 new
130,b06-079-00-06 Defence
130,b06-079-01-00 ment
130,b06-079-01-01 to
130,b06-079-01-02 unite
130,b06-079-01-03 the
130,b06-079-01-05 as
130,b06-079-01-06 the
130,b06-079-01-07 Labour
130,b06-079-02-00 leaders
130,b06-079-02-01 are
130,b06-079-02-02 not
130,b06-079-02-03 only
130,b06-079-02-04 in
130,b06-079-02-05 favour
130,b06-079-02-06 of
130,b06-079-03-00 bases
130,b06-079-03-02 but
130,b06-079-03-03 are
130,b06-079-03-04 in
130,b06-079-03-05 favour
130,b06-079-03-06 of
130,b06-079-03-07 German
130,b06-079-03-08 bases
130,b06-079-03-09 and
130,b06-079-04-00 troops
130,b06-079-04-01 being
130,b06-079-04-02 trained
130,b06-079-04-03 on
130,b06-079-04-04 British
130,b06-079-04-05 soil
130,b06-079-04-07 The
130,b06-079-04-08 new
130,b06-079-05-00 Defence
130,b06-079-05-03 while
130,b06-079-05-05 that
130,b06-079-05-06 Britain
130,b06-079-06-00 not
130,b06-079-06-01 remain
130,b06-079-06-02 an
130,b06-079-06-04 nuclear
130,b06-079-06-05 Power
130,b06-079-06-07 now
130,b06-079-07-01 the
130,b06-079-07-02 policy
130,b06-079-07-03 of
130,b06-079-07-05 on
130,b06-079-08-00 nuclear
130,b06-079-08-01 weapons
130,b06-079-08-02 and
130,b06-079-08-03 the
130,b06-079-08-06 placing
130,b06-079-09-00 Britain
130,b06-079-09-01 in
130,b06-079-09-02 an
130,b06-079-09-03 even
130,b06-079-09-04 more
130,c06-000-00-00 IT
130,c06-000-00-01 is
130,c06-000-00-03 on
130,c06-000-00-05 Dublin
130,c06-000-00-06 Sunday
130,c06-000-00-08 The
130,c06-000-00-09 streets
130,c06-000-01-00 are
130,c06-000-01-02 sunny
130,c06-000-01-03 and
130,c06-000-01-04 still
130,c06-000-01-06 for
130,c06-000-01-07 the
130,c06-000-01-08 town
130,c06-000-02-00 is
130,c06-000-02-01 at
130,c06-000-02-02 Mass
130,c06-000-02-04 Most
130,c06-000-02-05 of
130,c06-000-02-06 it
130,c06-000-02-08 In
130,c06-000-02-09 the
130,c06-000-02-10 front
130,c06-000-02-11 room
130,c06-000-02-12 of
130,c06-000-03-01 house
130,c06-000-03-02 in
130,c06-000-03-04 is
130,c06-000-03-07 who
130,c06-000-04-00 never
130,c06-000-04-02 got
130,c06-000-04-03 to
130,c06-000-04-04 church
130,c06-000-04-06 but
130,c06-000-04-07 who
130,c06-000-04-08 are
130,c06-000-05-01 with
130,c06-000-05-03 around
130,c06-000-05-04 Brendan
130,c06-000-05-05 Behan
130,c06-000-06-00 and
130,c06-000-06-02 brandy
130,c06-000-06-03 bottle
130,b06-059-00-00 It
130,b06-059-00-01 would
130,b06-059-00-02 become
130,b06-059-00-03 easy
130,b06-059-00-04 to
130,b06-059-00-05 become
130,b06-059-00-06 cynical
130,b06-059-00-07 and
130,b06-059-01-00 to
130,b06-059-01-01 despair
130,b06-059-01-03 And
130,b06-059-01-04 yet
130,b06-059-01-07 the
130,b06-059-01-08 issues
130,b06-059-01-09 were
130,b06-059-01-10 put
130,b06-059-02-00 clearly
130,b06-059-02-03 of
130,b06-059-02-04 the
130,b06-059-02-07 their
130,b06-059-03-01 stand
130,b06-059-03-03 Only
130,b06-059-03-04 where
130,b06-059-03-05 the
130,b06-059-03-06 issues
130,b06-059-03-07 were
130,b06-059-04-00 posed
130,b06-059-04-01 so
130,b06-059-04-02 as
130,b06-059-04-03 to
130,b06-059-04-04 cause
130,b06-059-04-05 doubt
130,b06-059-04-06 and
130,b06-059-05-00 were
130,b06-059-05-02 lost
130,b06-059-05-04 It
130,b06-059-05-05 is
130,b06-059-05-06 my
130,b06-059-05-07 view
130,b06-059-05-08 that
130,b06-059-05-09 this
130,b06-059-06-02 hides
130,b06-059-06-03 the
130,b06-059-06-04 fact
130,b06-059-06-05 that
130,b06-059-06-06 the
130,b06-059-07-00 Peace
130,b06-059-07-02 is
130,b06-059-07-03 still
130,b06-059-07-05 and
130,b06-059-07-06 that
130,b06-059-08-01 of
130,b06-059-08-02 the
130,b06-059-08-03 issues
130,b06-059-08-04 can
130,b06-059-08-05 bring
130,b06-059-09-01 to
130,b06-059-09-03 secure
130,b06-059-09-04 the
