325,g04-068-00-01 in
325,g04-068-00-02 Purley
325,g04-068-00-03 there
325,g04-068-00-04 was
325,g04-068-00-05 much
325,g04-068-00-07 and
325,g04-068-00-08 much
325,g04-068-01-02 with
325,g04-068-01-03 the
325,g04-068-01-04 other
325,g04-068-02-00 At
325,g04-068-02-02 large
325,g04-068-02-03 public
325,g04-068-02-04 meeting
325,g04-068-02-05 we
325,g04-068-02-07 the
325,g04-068-02-08 project
325,g04-068-02-09 known
325,g04-068-02-10 as
325,g04-068-02-11 the
325,g04-068-03-02 and
325,g04-068-03-03 Purley
325,g04-068-03-05 Fund
325,g04-068-03-07 in
325,g04-068-03-08 whose
325,g04-068-03-10 and
325,g04-068-04-01 found
325,g04-068-04-02 myself
325,g04-068-04-03 deeply
325,g04-068-04-06 At
325,g04-068-04-07 first
325,g04-068-04-09 the
325,g04-068-04-10 main
325,g04-068-04-11 work
325,g04-068-04-12 was
325,g04-068-04-13 to
325,g04-068-04-14 help
325,g04-068-05-00 wives
325,g04-068-05-01 and
325,g04-068-05-03 of
325,g04-068-05-04 the
325,g04-068-05-06 to
325,g04-068-05-07 get
325,g04-068-05-08 their
325,g04-068-06-02 but
325,g04-068-06-03 soon
325,g04-068-06-05 alas
325,g04-068-06-08 as
325,g04-068-06-10 began
325,g04-068-06-11 and
325,g04-068-07-00 in
325,g04-068-07-01 the
325,g04-068-07-02 winter
325,g04-068-07-03 of
325,g04-068-07-05 and
325,g04-068-07-07 the
325,g04-068-07-08 matter
325,g04-068-07-09 of
325,g04-068-07-10 War
325,g04-068-08-00 became
325,g04-068-08-01 very
325,g04-068-08-02 urgent
325,g04-068-08-04 and
325,g04-068-08-06 was
325,g04-068-08-07 asked
325,g04-068-08-08 to
325,g04-068-08-09 be
325,g04-068-09-00 of
325,g04-068-09-01 the
325,g04-068-09-03 in
325,g04-068-09-05 and
325,g04-068-09-06 Purley
325,g04-072-00-00 Indeed
325,g04-072-00-02 for
325,g04-072-00-03 the
325,g04-072-00-04 next
325,g04-072-00-06 years
325,g04-072-00-08 during
325,g04-072-00-09 my
325,g04-072-00-10 time
325,g04-072-00-11 at
325,g04-072-01-00 Purley
325,g04-072-01-02 and
325,g04-072-01-03 from
325,g04-072-01-05 at
325,g04-072-01-09 was
325,g04-072-02-01 of
325,g04-072-02-02 the
325,g04-072-02-03 local
325,g04-072-02-04 War
325,g04-072-02-08 This
325,g04-072-03-00 task
325,g04-072-03-03 very
325,g04-072-03-04 great
325,g04-072-03-05 deal
325,g04-072-03-06 of
325,g04-072-03-08 work
325,g04-072-03-09 for
325,g04-072-04-00 the
325,g04-072-04-03 We
325,g04-072-04-04 had
325,g04-072-04-07 body
325,g04-072-04-08 of
325,g04-072-04-09 local
325,g04-072-05-00 and
325,g04-072-05-02 series
325,g04-072-05-03 of
325,g04-072-05-08 Our
325,g04-072-06-01 met
325,g04-072-06-02 once
325,g04-072-06-04 week
325,g04-072-06-05 in
325,g04-072-06-06 the
325,g04-072-06-09 and
325,g04-072-07-02 men
325,g04-072-07-03 from
325,g04-072-07-04 every
325,g04-072-07-05 walk
325,g04-072-07-06 of
325,g04-072-08-00 life
