566,n02-082a-00-01 You
566,n02-082a-00-02 talk
566,n02-082a-00-03 as
566,n02-082a-00-04 though
566,n02-082a-00-05 we
566,n02-082a-00-06 were
566,n02-082a-00-07 alone
566,n02-082a-00-08 on
566,n02-082a-00-09 Balicou
566,n02-082a-01-00 She
566,n02-082a-01-01 avoided
566,n02-082a-01-02 his
566,n02-082a-01-03 gaze
566,n02-082a-01-05 and
566,n02-082a-01-06 tried
566,n02-082a-01-07 to
566,n02-082a-01-08 ignore
566,n02-082a-01-09 that
566,n02-082a-02-00 last
566,n02-082a-02-02 remark
566,n02-082a-02-05 With
566,n02-082a-02-06 four
566,n02-082a-02-07 other
566,n02-082a-02-08 people
566,n02-082a-03-01 Whom
566,n02-082a-03-02 you
566,n02-082a-03-03 never
566,n02-082a-03-04 once
566,n02-082a-03-05 managed
566,n02-082a-03-06 to
566,n02-082a-04-00 The
566,n02-082a-04-01 mockery
566,n02-082a-04-02 in
566,n02-082a-04-03 his
566,n02-082a-04-04 voice
566,n02-082a-04-05 had
566,n02-082a-04-09 With
566,n02-082a-05-00 all
566,n02-082a-05-01 due
566,n02-082a-05-04 Miss
566,n02-082a-05-05 Deane
566,n02-082a-05-07 come
566,n02-082a-05-08 off
566,n02-082a-05-09 it
566,n02-082a-06-00 She
566,n02-082a-06-01 met
566,n02-082a-06-02 his
566,n02-082a-06-03 eyes
566,n02-082a-06-04 then
