335,g06-031d-00-01 What
335,g06-031d-00-04 event
335,g06-031d-00-07 he
335,g06-031d-00-08 wrote
335,g06-031d-00-12 tremble
335,g06-031d-00-14 What
335,g06-031d-01-04 am
335,g06-031d-01-07 but
335,g06-031d-01-09 really
335,g06-031d-02-00 tremble
335,g06-031d-02-01 for
335,g06-031d-02-02 my
335,g06-031d-02-03 country
335,g06-031d-02-06 may
335,g06-031d-02-07 be
335,g06-031d-03-01 cannot
335,g06-031d-03-02 but
335,g06-031d-03-03 fear
335,g06-031d-03-04 that
335,g06-031d-03-05 the
335,g06-031d-03-07 of
335,g06-031d-03-08 the
335,g06-031d-03-09 People
335,g06-031d-04-00 will
335,g06-031d-04-01 be
335,g06-031d-04-02 so
335,g06-031d-04-03 great
335,g06-031d-04-04 at
335,g06-031d-04-05 the
335,g06-031d-04-06 return
335,g06-031d-04-07 of
335,g06-031d-05-00 that
335,g06-031d-05-01 the
335,g06-031d-05-02 Commons
335,g06-031d-05-03 House
335,g06-031d-05-04 upon
335,g06-031d-05-08 which
335,g06-031d-05-09 must
335,g06-031d-06-00 be
335,g06-031d-06-01 had
335,g06-031d-06-03 will
335,g06-031d-06-04 be
335,g06-031d-06-06 mass
335,g06-031d-06-07 of
335,g06-031d-06-11 then
335,g06-031d-06-12 God
335,g06-031d-07-00 knows
335,g06-031d-07-01 what
335,g06-031d-07-02 may
335,g06-031d-07-03 happen
335,g06-037d-00-00 God
335,g06-037d-00-01 grant
335,g06-037d-00-03 however
335,g06-037d-00-05 that
335,g06-037d-00-07 may
335,g06-037d-00-08 be
335,g06-037d-00-10 false
335,g06-037d-00-11 prophet
335,g06-037d-01-00 that
335,g06-037d-01-01 all
335,g06-037d-01-02 may
335,g06-037d-01-03 go
335,g06-037d-01-04 well
335,g06-037d-01-06 Sir
335,g06-037d-01-08 Peel
335,g06-037d-01-09 was
335,g06-037d-01-10 here
335,g06-037d-02-00 stand
335,g06-037d-02-02 but
335,g06-037d-02-03 an
335,g06-037d-02-04 express
335,g06-037d-02-05 took
335,g06-037d-02-06 him
335,g06-037d-02-07 off
335,g06-037d-03-00 While
335,g06-037d-03-01 he
335,g06-037d-03-02 was
335,g06-037d-03-03 in
335,g06-037d-03-04 Naples
335,g06-037d-03-05 there
335,g06-037d-03-06 had
335,g06-037d-03-07 opened
335,g06-037d-04-00 new
335,g06-037d-04-01 chapter
335,g06-037d-04-02 in
335,g06-037d-04-03 the
335,g06-037d-04-04 history
335,g06-037d-04-05 of
335,g06-037d-05-00 search
335,g06-037d-05-01 for
335,g06-037d-05-02 an
335,g06-037d-05-05 of
335,g06-037d-05-06 his
335,g06-037d-05-07 painful
335,g06-037d-06-00 malady
335,g06-037d-06-02 None
335,g06-037d-06-03 of
335,g06-037d-06-04 the
335,g06-037d-07-00 to
335,g06-037d-07-01 which
335,g06-037d-07-02 he
335,g06-037d-07-03 had
335,g06-037d-07-04 been
335,g06-037d-07-06 ever
335,g06-037d-07-07 since
335,g06-037d-07-08 the
335,g06-037d-08-00 toms
335,g06-037d-08-01 had
335,g06-037d-08-02 first
335,g06-037d-08-03 shown
335,g06-037d-08-06 years
335,g06-037d-08-07 before
335,g06-037d-09-00 had
335,g06-037d-09-01 had
335,g06-037d-09-02 the
335,g06-037d-09-04 effect
335,g06-018d-00-00 When
335,g06-018d-00-01 the
335,g06-018d-00-02 sailing
335,g06-018d-00-03 season
335,g06-018d-00-04 was
335,g06-018d-00-05 past
335,g06-018d-00-07 he
335,g06-018d-00-08 sent
335,g06-018d-00-09 Pearl
335,g06-018d-01-00 back
335,g06-018d-01-01 to
335,g06-018d-01-02 England
335,g06-018d-01-04 and
335,g06-018d-01-06 to
335,g06-018d-01-07 Rome
335,g06-018d-01-08 for
335,g06-018d-02-00 the
335,g06-018d-02-01 winter
335,g06-018d-02-03 In
335,g06-018d-02-04 late
335,g06-018d-02-07 he
335,g06-018d-02-08 was
335,g06-018d-02-11 as
335,g06-018d-03-00 usual
335,g06-018d-03-03 but
335,g06-018d-03-04 hoped
335,g06-018d-03-06 he
335,g06-018d-03-07 told
335,g06-018d-03-08 Arthur
335,g06-018d-03-11 to
335,g06-018d-03-12 find
335,g06-018d-03-13 this
335,g06-018d-04-00 place
335,g06-018d-04-01 agree
335,g06-018d-04-02 with
335,g06-018d-04-03 me
335,g06-018d-04-04 better
335,g06-018d-04-05 than
335,g06-018d-04-06 Naples
335,g06-018d-04-08 The
335,g06-018d-04-09 journey
335,g06-018d-05-00 has
335,g06-018d-05-01 been
335,g06-018d-05-02 against
335,g06-018d-05-03 me
335,g06-018d-05-05 as
335,g06-018d-05-06 there
335,g06-018d-05-07 has
335,g06-018d-05-08 been
335,g06-018d-05-09 much
335,g06-018d-05-10 rain
335,g06-018d-05-11 and
335,g06-018d-06-00 damp
335,g06-018d-06-02 but
335,g06-018d-06-03 the
335,g06-018d-06-05 is
335,g06-018d-06-06 high
335,g06-018d-06-09 have
335,g06-018d-06-10 not
335,g06-018d-06-11 yet
335,g06-018d-07-00 thought
335,g06-018d-07-01 of
335,g06-018d-07-03 fire
335,g06-050d-00-01 first
335,g06-050d-00-02 action
335,g06-050d-00-03 was
335,g06-050d-00-04 to
335,g06-050d-00-05 write
335,g06-050d-00-06 to
335,g06-050d-00-07 his
335,g06-050d-00-08 revered
335,g06-050d-01-00 master
335,g06-050d-01-01 at
335,g06-050d-01-04 near
335,g06-050d-01-05 Leipzig
335,g06-050d-01-07 asking
335,g06-050d-01-08 for
335,g06-050d-01-09 advice
335,g06-050d-02-00 In
335,g06-050d-02-01 doing
335,g06-050d-02-02 so
335,g06-050d-02-03 he
335,g06-050d-02-05 his
335,g06-050d-02-07 patient
335,g06-050d-03-00 and
335,g06-050d-03-01 his
335,g06-050d-03-04 He
335,g06-050d-03-05 told
335,g06-050d-03-07 that
335,g06-050d-03-08 he
335,g06-050d-03-09 found
335,g06-050d-04-02 strong
335,g06-050d-04-05 man
335,g06-050d-04-06 with
335,g06-050d-04-08 gentle
335,g06-050d-04-09 and
335,g06-050d-05-04 and
335,g06-050d-05-05 sedate
335,g06-050d-05-07 not
335,g06-050d-06-00 easily
335,g06-050d-06-03 patient
335,g06-050d-06-04 and
335,g06-050d-07-01 but
335,g06-050d-07-02 he
335,g06-050d-07-03 appears
335,g06-050d-07-04 to
335,g06-050d-07-05 despair
335,g06-050d-07-06 of
335,g06-050d-07-07 ever
335,g06-050d-07-08 being
335,g06-050d-07-09 cured
335,g06-045d-00-00 In
335,g06-045d-00-01 April
335,g06-045d-00-02 of
335,g06-045d-00-03 that
335,g06-045d-00-04 year
335,g06-045d-00-05 his
335,g06-045d-00-06 first
335,g06-045d-00-10 the
335,g06-045d-01-01 Lord
335,g06-045d-01-04 had
335,g06-045d-01-05 written
335,g06-045d-01-06 to
335,g06-045d-01-07 advise
335,g06-045d-02-00 to
335,g06-045d-02-01 give
335,g06-045d-02-02 the
335,g06-045d-02-03 system
335,g06-045d-02-05 trial
335,g06-045d-02-07 adding
335,g06-045d-02-08 that
335,g06-045d-02-09 it
335,g06-045d-02-10 was
335,g06-045d-02-11 being
335,g06-045d-03-01 with
335,g06-045d-03-03 success
335,g06-045d-03-04 in
335,g06-045d-03-05 France
335,g06-045d-03-06 and
335,g06-045d-03-07 Italy
335,g06-045d-04-00 and
335,g06-045d-04-01 that
335,g06-045d-04-02 he
335,g06-045d-04-03 himself
335,g06-045d-04-04 was
335,g06-045d-04-05 being
335,g06-045d-04-06 treated
335,g06-045d-04-07 under
335,g06-045d-04-09 doctor
335,g06-045d-05-00 who
335,g06-045d-05-01 had
335,g06-045d-05-02 studied
335,g06-045d-05-03 under
335,g06-045d-05-04 its
335,g06-045d-05-05 founder
335,g06-045d-05-07 the
335,g06-045d-05-08 aged
335,g06-045d-05-10 Samuel
335,g06-042d-00-00 Nor
335,g06-042d-00-01 is
335,g06-042d-00-02 this
335,g06-042d-00-03 to
335,g06-042d-00-04 be
335,g06-042d-00-06 at
335,g06-042d-00-08 for
335,g06-042d-00-09 even
335,g06-042d-00-10 today
335,g06-042d-00-12 in
335,g06-042d-00-13 the
335,g06-042d-01-02 no
335,g06-042d-01-03 cure
335,g06-042d-01-04 has
335,g06-042d-01-05 been
335,g06-042d-01-06 found
335,g06-042d-01-07 for
335,g06-042d-01-08 the
335,g06-042d-02-00 As
335,g06-042d-02-01 early
335,g06-042d-02-02 as
335,g06-042d-02-05 when
335,g06-042d-02-08 himself
335,g06-042d-02-09 to
335,g06-042d-02-10 be
335,g06-042d-03-00 on
335,g06-042d-03-01 the
335,g06-042d-03-02 point
335,g06-042d-03-03 of
335,g06-042d-03-04 death
335,g06-042d-03-06 the
335,g06-042d-03-07 new
335,g06-042d-03-08 German
335,g06-042d-03-10 method
335,g06-042d-04-00 known
335,g06-042d-04-01 as
335,g06-042d-04-03 had
335,g06-042d-04-04 been
335,g06-042d-04-05 brought
335,g06-042d-04-06 to
335,g06-042d-04-07 his
335,g06-042d-04-08 notice
335,g06-047d-00-00 This
335,g06-047d-00-02 man
335,g06-047d-00-03 of
335,g06-047d-00-06 whom
335,g06-047d-00-07 Sir
335,g06-047d-00-08 Francis
335,g06-047d-01-00 Burdett
335,g06-047d-01-02 to
335,g06-047d-01-05 year
335,g06-047d-01-06 or
335,g06-047d-01-07 two
335,g06-047d-01-08 later
335,g06-047d-01-09 as
335,g06-047d-02-01 more
335,g06-047d-02-02 like
335,g06-047d-02-04 God
335,g06-047d-02-05 upon
335,g06-047d-02-06 earth
335,g06-047d-02-07 than
335,g06-047d-02-09 human
335,g06-047d-02-10 being
335,g06-047d-03-00 had
335,g06-047d-03-01 an
335,g06-047d-03-03 number
335,g06-047d-03-04 of
335,g06-047d-03-06 among
335,g06-047d-04-00 medical
335,g06-047d-04-01 men
335,g06-047d-04-02 in
335,g06-047d-04-03 the
335,g06-047d-04-04 cities
335,g06-047d-04-05 of
335,g06-047d-04-06 Europe
335,g06-047d-04-08 One
335,g06-047d-04-09 of
335,g06-047d-04-10 these
335,g06-047d-05-00 was
335,g06-047d-05-01 the
335,g06-047d-05-04 Dr
335,g06-047d-05-06 Mauro
335,g06-047d-05-08 whom
335,g06-047d-06-01 in
335,g06-047d-06-02 May
335,g06-026d-00-02 life
335,g06-026d-00-04 truly
335,g06-026d-00-07 It
335,g06-026d-00-08 so
335,g06-026d-00-09 happens
335,g06-026d-00-10 that
335,g06-026d-00-12 have
335,g06-026d-01-00 an
335,g06-026d-01-01 Italian
335,g06-026d-01-02 who
335,g06-026d-01-03 is
335,g06-026d-01-04 perhaps
335,g06-026d-01-05 the
335,g06-026d-01-06 best
335,g06-026d-01-07 Valet
335,g06-026d-01-08 de
335,g06-026d-01-09 Chambre
335,g06-026d-01-10 that
335,g06-026d-02-00 ever
335,g06-026d-02-01 was
335,g06-026d-02-03 But
335,g06-026d-02-04 he
335,g06-026d-02-05 has
335,g06-026d-02-06 not
335,g06-026d-02-07 one
335,g06-026d-02-08 word
335,g06-026d-02-09 of
335,g06-026d-02-10 English
335,g06-026d-03-00 While
335,g06-026d-03-01 he
335,g06-026d-03-02 was
335,g06-026d-03-03 writing
335,g06-026d-03-04 this
335,g06-026d-03-05 letter
335,g06-026d-03-06 he
335,g06-026d-03-07 heard
335,g06-026d-03-08 of
335,g06-026d-03-09 the
335,g06-026d-03-10 fall
335,g06-026d-03-11 of
335,g06-026d-04-00 the
335,g06-026d-04-01 Whigs
335,g06-026d-04-03 and
335,g06-026d-04-04 the
335,g06-026d-04-07 of
335,g06-026d-04-08 the
335,g06-026d-05-00 ment
335,g06-026d-05-01 by
335,g06-026d-05-02 the
335,g06-026d-05-03 Duke
335,g06-026d-05-04 of
