575,n03-082-00-01 Blow
575,n03-082-00-02 like
575,n03-082-00-03 hell
575,n03-082-00-05 Maybe
575,n03-082-00-06 by
575,n03-082-00-07 and
575,n03-082-00-08 by
575,n03-082-01-00 she
575,n03-082-01-01 blow
575,n03-082-01-02 some
575,n03-082-01-03 more
575,n03-082-01-07 Hello
575,n03-082-01-09 Willie
575,n03-082-01-11 where
575,n03-082-02-00 did
575,n03-082-02-01 you
575,n03-082-02-02 come
575,n03-082-02-03 from
575,n03-082-02-06 the
575,n03-082-02-07 judge
575,n03-082-02-08 said
575,n03-082-02-09 in
575,n03-082-03-00 mild
575,n03-082-03-06 hear
575,n03-082-03-07 you
575,n03-082-03-09 Do
575,n03-082-03-10 you
575,n03-082-04-00 see
575,n03-082-04-01 that
575,n03-082-04-02 fool
575,n03-082-04-03 boy
575,n03-082-04-04 of
575,n03-082-04-05 mine
575,n03-082-04-06 out
575,n03-082-04-07 there
575,n03-082-04-08 on
575,n03-082-05-00 the
575,n03-082-05-01 lake
575,n03-082-05-06 see
575,n03-082-05-07 him
575,n03-082-05-09 You
575,n03-082-05-11 need
575,n03-082-06-00 worry
575,n03-082-06-02 Judge
575,n03-082-06-04 Big
575,n03-082-06-05 wind
575,n03-082-06-06 like
575,n03-082-06-07 that
575,n03-082-07-00 drown
575,n03-082-07-01 good
575,n03-082-07-02 man
