668,r03-110-00-01 You
668,r03-110-00-02 see
668,r03-110-00-05 she
668,r03-110-00-07 to
668,r03-110-00-08 Rupert
668,r03-110-00-09 after
668,r03-110-00-10 her
668,r03-110-00-11 last
668,r03-110-00-12 patient
668,r03-110-01-00 had
668,r03-110-01-01 gone
668,r03-110-01-04 we
668,r03-110-01-05 can
668,r03-110-01-06 get
668,r03-110-01-07 three
668,r03-110-01-09 three
668,r03-110-01-10 fifty
668,r03-110-02-00 perhaps
668,r03-110-02-02 little
668,r03-110-02-03 more
668,r03-110-02-04 if
668,r03-110-02-05 we
668,r03-110-02-06 can
668,r03-110-02-07 cheat
668,r03-110-02-08 your
668,r03-110-03-01 bit
668,r03-110-03-05 sure
668,r03-110-03-06 you
668,r03-110-03-07 could
668,r03-110-03-08 raise
668,r03-110-03-09 the
668,r03-110-03-10 rest
668,r03-110-03-11 from
668,r03-110-04-00 one
668,r03-110-04-01 of
668,r03-110-04-02 your
668,r03-110-04-05 get
668,r03-110-04-06 two
668,r03-110-04-07 books
668,r03-110-05-00 and
668,r03-110-05-01 write
668,r03-110-05-02 them
668,r03-110-05-03 later
668,r03-110-05-07 got
668,r03-110-05-09 bit
668,r03-110-05-10 owing
668,r03-110-05-11 too
668,r03-110-06-00 Now
668,r03-110-06-03 saw
668,r03-110-06-04 some
668,r03-110-06-05 flats
668,r03-110-06-06 in
668,r03-110-06-07 Hendon
668,r03-110-06-08 for
668,r03-110-06-09 four
668,r03-110-06-10 thou
668,r03-110-07-00 and
668,r03-110-07-01 some
668,r03-110-07-02 in
668,r03-110-07-03 West
668,r03-110-07-05 for
668,r03-110-07-06 four
668,r03-110-07-07 two
668,r03-110-07-08 fifty
668,r03-110-08-00 two
668,r03-110-08-01 beds
668,r03-110-08-03 two
668,r03-110-08-07 and
668,r03-110-08-10 just
668,r03-110-08-11 think
668,r03-110-09-00 our
668,r03-110-09-01 own
