577,n03-097-00-01 My
577,n03-097-00-02 God
577,n03-097-00-05 the
577,n03-097-00-06 judge
577,n03-097-00-07 cried
577,n03-097-00-08 out
577,n03-097-00-11 The
577,n03-097-00-12 boy
577,n03-097-01-00 is
577,n03-097-01-01 going
577,n03-097-01-02 to
577,n03-097-01-03 try
577,n03-097-01-04 to
577,n03-097-01-05 make
577,n03-097-01-07 landing
577,n03-097-01-08 on
577,n03-097-01-09 the
577,n03-097-02-00 weather
577,n03-097-02-01 side
577,n03-097-02-02 of
577,n03-097-02-03 that
577,n03-097-02-04 pier
577,n03-097-02-06 He
577,n03-097-02-08 wreck
577,n03-097-03-00 Willie
577,n03-097-03-01 Kim
577,n03-097-03-02 was
577,n03-097-03-05 only
577,n03-097-03-06 his
577,n03-097-03-07 slant
577,n03-097-04-00 black
577,n03-097-04-01 eyes
577,n03-097-04-02 showing
577,n03-097-04-03 any
577,n03-097-04-04 emotion
577,n03-097-04-06 With
577,n03-097-05-00 quick
577,n03-097-05-01 shift
577,n03-097-05-02 of
577,n03-097-05-03 tiller
577,n03-097-05-05 and
577,n03-097-05-06 at
577,n03-097-05-07 the
577,n03-097-05-08 same
577,n03-097-05-09 time
577,n03-097-06-00 jibbing
577,n03-097-06-01 the
577,n03-097-06-02 boom
577,n03-097-06-03 to
577,n03-097-06-04 which
577,n03-097-06-05 he
577,n03-097-06-06 had
577,n03-097-06-07 the
577,n03-097-07-00 stay
577,n03-097-07-01 rope
577,n03-097-07-04 Bill
577,n03-097-07-05 made
577,n03-097-07-06 the
577,n03-097-08-00 yawl
577,n03-097-08-01 recover
577,n03-103-00-00 It
577,n03-103-00-01 seemed
577,n03-103-00-02 to
577,n03-103-00-03 the
577,n03-103-00-05 judge
577,n03-103-01-00 as
577,n03-103-01-01 though
577,n03-103-01-02 his
577,n03-103-01-03 son
577,n03-103-01-04 would
577,n03-103-02-00 shoot
577,n03-103-02-01 the
577,n03-103-02-02 craft
577,n03-103-02-03 in
577,n03-103-02-04 under
577,n03-103-02-05 the
577,n03-103-02-06 outer
577,n03-103-03-00 end
577,n03-103-03-01 of
577,n03-103-03-02 the
577,n03-103-03-03 wharf
577,n03-103-03-05 But
577,n03-103-03-06 by
577,n03-103-04-00 the
577,n03-103-04-01 tiller
577,n03-103-04-02 hard
577,n03-103-04-03 over
577,n03-103-04-04 and
577,n03-103-04-05 at
577,n03-103-04-06 the
577,n03-103-05-00 same
577,n03-103-05-01 time
577,n03-103-05-03 the
577,n03-103-05-04 small
577,n03-103-05-05 sheet
577,n03-103-06-00 of
577,n03-103-06-01 wet
577,n03-103-06-02 canvas
577,n03-103-06-04 Bill
577,n03-103-06-05 cleared
577,n03-103-06-06 the
577,n03-103-07-00 corner
577,n03-103-07-01 of
577,n03-103-07-02 the
577,n03-103-07-03 pier
577,n03-103-07-04 by
577,n03-103-07-05 inches
577,n03-103-07-07 and
577,n03-103-08-00 with
577,n03-103-08-01 the
577,n03-103-08-02 tiller
577,n03-103-08-03 still
577,n03-103-08-04 hard
577,n03-103-08-05 over
577,n03-103-08-07 brought
577,n03-103-09-00 the
577,n03-103-09-01 yawl
577,n03-103-09-02 up
577,n03-103-09-03 against
577,n03-103-09-04 the
577,n03-103-09-05 waves
