663,r03-056-00-01 Yes
663,r03-056-00-03 well
663,r03-056-00-07 He
663,r03-056-00-08 judged
663,r03-056-00-09 that
663,r03-056-00-10 she
663,r03-056-00-11 had
663,r03-056-00-12 been
663,r03-056-01-00 dazzled
663,r03-056-01-01 and
663,r03-056-01-02 gave
663,r03-056-01-04 long
663,r03-056-01-05 raucous
663,r03-056-01-06 cough
663,r03-056-01-09 Only
663,r03-056-02-01 worth
663,r03-056-02-02 smoking
663,r03-056-02-04 these
663,r03-056-02-06 Most
663,r03-056-02-09 English
663,r03-056-03-00 ones
663,r03-056-03-02 Well
663,r03-056-03-04 now
663,r03-056-03-06 let
663,r03-056-03-07 me
663,r03-056-03-08 see
663,r03-056-03-11 think
663,r03-056-03-13 can
663,r03-056-03-14 put
663,r03-056-03-15 you
663,r03-056-03-16 onto
663,r03-056-04-00 some
663,r03-056-04-01 people
663,r03-056-04-02 who
663,r03-056-04-03 might
663,r03-056-04-06 say
663,r03-056-04-07 might
663,r03-056-04-09 let
663,r03-056-04-10 you
663,r03-056-04-11 have
663,r03-056-04-14 on
663,r03-056-05-00 this
663,r03-056-05-06 But
663,r03-056-05-08 they
663,r03-056-05-10 safe
663,r03-056-05-12 are
663,r03-056-05-13 they
663,r03-056-05-16 mean
663,r03-056-06-00 they
663,r03-056-06-02 not
663,r03-056-06-10 er
663,r03-056-06-12 Buttery
663,r03-056-07-00 all
663,r03-056-07-03 are
