508,m01-060-00-01 They
508,m01-060-00-02 have
508,m01-060-00-03 come
508,m01-060-00-06 he
508,m01-060-00-07 said
508,m01-060-00-11 his
508,m01-060-01-00 hands
508,m01-060-01-02 between
508,m01-060-01-03 his
508,m01-060-01-04 knees
508,m01-060-01-05 and
508,m01-060-01-06 leaning
508,m01-060-02-00 forward
508,m01-060-02-04 it
508,m01-060-02-07 thing
508,m01-060-02-09 Long
508,m01-060-02-10 awaited
508,m01-060-03-01 event
508,m01-060-03-03 the
508,m01-060-03-04 exalted
508,m01-060-03-05 desire
508,m01-060-03-06 of
508,m01-060-03-07 all
508,m01-060-04-00 mankind
508,m01-060-04-01 through
508,m01-060-04-02 all
508,m01-060-04-03 ages
508,m01-060-04-05 The
508,m01-060-04-06 Kingdom
508,m01-060-04-07 of
508,m01-060-04-08 the
508,m01-060-05-00 Mind
508,m01-060-05-01 is
508,m01-060-05-02 at
508,m01-060-05-03 hand
508,m01-060-05-06 He
508,m01-060-05-07 turned
508,m01-060-05-08 beaming
508,m01-060-05-09 eyes
508,m01-060-06-00 upward
508,m01-060-06-01 and
508,m01-060-06-02 shook
508,m01-060-06-03 his
508,m01-060-06-04 head
508,m01-060-06-05 slowly
508,m01-060-06-06 from
508,m01-060-07-00 side
508,m01-060-07-01 to
508,m01-060-07-02 side
