322,g04-052-00-00 It
322,g04-052-00-01 was
322,g04-052-00-02 very
322,g04-052-00-04 to
322,g04-052-00-05 have
322,g04-052-00-06 the
322,g04-052-00-08 of
322,g04-052-00-09 filling
322,g04-052-01-00 such
322,g04-052-01-04 with
322,g04-052-01-09 made
322,g04-052-02-01 rule
322,g04-052-02-02 that
322,g04-052-02-03 all
322,g04-052-02-04 gifts
322,g04-052-02-05 should
322,g04-052-02-06 be
322,g04-052-02-08 for
322,g04-052-02-10 to
322,g04-052-03-00 the
322,g04-052-03-03 himself
322,g04-052-03-05 fine
322,g04-052-03-06 artist
322,g04-052-03-08 It
322,g04-052-03-09 is
322,g04-052-03-10 quite
322,g04-052-04-00 to
322,g04-052-04-01 put
322,g04-052-04-03 things
322,g04-052-04-04 into
322,g04-052-04-07 church
322,g04-052-05-00 and
322,g04-052-05-01 yet
322,g04-052-05-02 spoil
322,g04-052-05-03 the
322,g04-052-05-05 with
322,g04-052-06-00 table
322,g04-052-06-01 to
322,g04-052-06-02 the
