601,p02-105-00-00 As
601,p02-105-00-01 he
601,p02-105-00-02 swung
601,p02-105-00-03 her
601,p02-105-00-04 on
601,p02-105-00-05 to
601,p02-105-00-06 the
601,p02-105-00-07 floor
601,p02-105-00-08 Gay
601,p02-105-00-09 saw
601,p02-105-00-10 Gavin
601,p02-105-01-00 and
601,p02-105-01-01 Simone
601,p02-105-01-02 go
601,p02-105-01-03 through
601,p02-105-01-04 the
601,p02-105-01-05 doorway
601,p02-105-01-06 that
601,p02-105-01-07 led
601,p02-105-02-00 down
601,p02-105-02-01 to
601,p02-105-02-02 the
601,p02-105-02-03 beach
601,p02-105-02-05 Gay
601,p02-105-02-06 closed
601,p02-105-02-07 her
601,p02-105-02-08 eyes
601,p02-105-02-09 for
601,p02-105-03-00 moment
601,p02-105-03-01 in
601,p02-105-03-02 disgust
601,p02-105-03-04 She
601,p02-105-03-05 was
601,p02-105-03-06 fully
601,p02-105-03-07 aware
601,p02-105-03-08 that
601,p02-105-03-09 Gavin
601,p02-105-04-00 would
601,p02-105-04-01 make
601,p02-105-04-02 love
601,p02-105-04-03 to
601,p02-105-04-04 the
601,p02-105-04-05 French
601,p02-105-04-06 girl
601,p02-105-04-07 on
601,p02-105-04-08 the
601,p02-105-04-09 sands
601,p02-105-05-00 and
601,p02-105-05-01 no
601,p02-105-05-02 doubt
601,p02-105-05-03 he
601,p02-105-05-04 would
601,p02-105-05-05 come
601,p02-105-05-06 back
601,p02-105-05-07 soon
601,p02-105-05-08 and
601,p02-105-06-00 after
601,p02-105-06-01 Simone
601,p02-105-06-02 had
601,p02-105-06-03 left
601,p02-105-06-04 expect
601,p02-105-06-05 her
601,p02-105-06-06 to
601,p02-105-06-07 accept
601,p02-105-06-08 his
601,p02-105-07-00 kisses
601,p02-105-07-01 on
601,p02-105-07-02 the
601,p02-105-07-03 way
601,p02-105-07-04 back
601,p02-105-07-05 to
601,p02-105-07-06 the
601,p02-105-07-07 hotel
