334,g06-042c-00-00 Nor
334,g06-042c-00-01 is
334,g06-042c-00-02 this
334,g06-042c-00-03 to
334,g06-042c-00-04 be
334,g06-042c-00-06 at
334,g06-042c-00-08 for
334,g06-042c-00-09 even
334,g06-042c-00-10 today
334,g06-042c-00-12 in
334,g06-042c-01-00 the
334,g06-042c-01-03 no
334,g06-042c-01-04 cure
334,g06-042c-01-05 has
334,g06-042c-01-06 been
334,g06-042c-01-07 found
334,g06-042c-01-08 for
334,g06-042c-01-09 the
334,g06-042c-02-03 As
334,g06-042c-02-04 early
334,g06-042c-02-05 as
334,g06-042c-02-08 when
334,g06-042c-03-02 himself
334,g06-042c-03-03 to
334,g06-042c-03-04 be
334,g06-042c-03-05 on
334,g06-042c-03-06 the
334,g06-042c-03-07 point
334,g06-042c-03-08 of
334,g06-042c-04-00 death
334,g06-042c-04-02 the
334,g06-042c-04-03 new
334,g06-042c-04-04 German
334,g06-042c-04-06 method
334,g06-042c-04-07 known
334,g06-042c-04-08 as
334,g06-042c-05-01 had
334,g06-042c-05-02 been
334,g06-042c-05-03 brought
334,g06-042c-05-04 to
334,g06-042c-05-05 his
334,g06-042c-05-06 notice
334,g06-045c-00-00 In
334,g06-045c-00-01 April
334,g06-045c-00-02 of
334,g06-045c-00-03 that
334,g06-045c-00-04 year
334,g06-045c-00-05 his
334,g06-045c-00-06 first
334,g06-045c-01-00 the
334,g06-045c-01-02 Lord
334,g06-045c-01-05 had
334,g06-045c-01-06 written
334,g06-045c-01-07 to
334,g06-045c-01-08 advise
334,g06-045c-02-01 to
334,g06-045c-02-02 give
334,g06-045c-02-03 the
334,g06-045c-02-04 system
334,g06-045c-02-06 trial
334,g06-045c-02-08 adding
334,g06-045c-02-09 that
334,g06-045c-03-00 it
334,g06-045c-03-01 was
334,g06-045c-03-02 being
334,g06-045c-03-04 with
334,g06-045c-03-06 success
334,g06-045c-03-07 in
334,g06-045c-04-00 France
334,g06-045c-04-01 and
334,g06-045c-04-02 Italy
334,g06-045c-04-04 and
334,g06-045c-04-05 that
334,g06-045c-04-06 he
334,g06-045c-04-07 himself
334,g06-045c-04-08 was
334,g06-045c-04-09 being
334,g06-045c-05-00 treated
334,g06-045c-05-01 under
334,g06-045c-05-03 doctor
334,g06-045c-05-04 who
334,g06-045c-05-05 had
334,g06-045c-05-06 studied
334,g06-045c-05-07 under
334,g06-045c-06-00 its
334,g06-045c-06-01 founder
334,g06-045c-06-03 the
334,g06-045c-06-04 aged
334,g06-045c-06-06 Samuel
334,g06-018c-00-00 When
334,g06-018c-00-01 the
334,g06-018c-00-02 sailing
334,g06-018c-00-03 season
334,g06-018c-00-04 was
334,g06-018c-00-05 past
334,g06-018c-00-07 he
334,g06-018c-00-08 sent
334,g06-018c-00-09 Pearl
334,g06-018c-00-10 back
334,g06-018c-01-00 to
334,g06-018c-01-01 England
334,g06-018c-01-03 and
334,g06-018c-01-05 to
334,g06-018c-01-06 Rome
334,g06-018c-01-07 for
334,g06-018c-01-08 the
334,g06-018c-01-09 winter
334,g06-018c-01-11 In
334,g06-018c-02-00 late
334,g06-018c-02-03 he
334,g06-018c-02-04 was
334,g06-018c-02-07 as
334,g06-018c-02-08 usual
334,g06-018c-02-11 but
334,g06-018c-02-12 hoped
334,g06-018c-03-00 he
334,g06-018c-03-01 told
334,g06-018c-03-02 Arthur
334,g06-018c-03-05 to
334,g06-018c-03-06 find
334,g06-018c-03-07 this
334,g06-018c-03-08 place
334,g06-018c-03-09 agree
334,g06-018c-03-10 with
334,g06-018c-04-00 me
334,g06-018c-04-01 better
334,g06-018c-04-02 than
334,g06-018c-04-03 Naples
334,g06-018c-04-05 The
334,g06-018c-04-06 journey
334,g06-018c-04-07 has
334,g06-018c-04-08 been
334,g06-018c-05-00 against
334,g06-018c-05-01 me
334,g06-018c-05-03 as
334,g06-018c-05-04 there
334,g06-018c-05-05 has
334,g06-018c-05-06 been
334,g06-018c-05-07 much
334,g06-018c-05-08 rain
334,g06-018c-05-09 and
334,g06-018c-05-10 damp
334,g06-018c-06-00 but
334,g06-018c-06-01 the
334,g06-018c-06-03 is
334,g06-018c-06-04 high
334,g06-018c-06-07 have
334,g06-018c-06-08 not
334,g06-018c-07-00 yet
334,g06-018c-07-01 thought
334,g06-018c-07-02 of
334,g06-018c-07-04 fire
334,g06-050c-00-01 first
334,g06-050c-00-02 action
334,g06-050c-00-03 was
334,g06-050c-00-04 to
334,g06-050c-00-05 write
334,g06-050c-00-06 to
334,g06-050c-00-07 his
334,g06-050c-00-08 revered
334,g06-050c-01-00 master
334,g06-050c-01-01 at
334,g06-050c-01-04 near
334,g06-050c-01-05 Leipzig
334,g06-050c-01-07 asking
334,g06-050c-01-08 for
334,g06-050c-02-00 advice
334,g06-050c-02-02 In
334,g06-050c-02-03 doing
334,g06-050c-02-04 so
334,g06-050c-02-05 he
334,g06-050c-02-07 his
334,g06-050c-03-00 patient
334,g06-050c-03-01 and
334,g06-050c-03-02 his
334,g06-050c-03-05 He
334,g06-050c-03-06 told
334,g06-050c-04-00 that
334,g06-050c-04-01 he
334,g06-050c-04-02 found
334,g06-050c-04-05 strong
334,g06-050c-04-08 man
334,g06-050c-05-00 with
334,g06-050c-05-02 gentle
334,g06-050c-05-03 and
334,g06-050c-06-00 and
334,g06-050c-06-01 sedate
334,g06-050c-06-03 not
334,g06-050c-06-04 easily
334,g06-050c-06-07 patient
334,g06-050c-06-08 and
334,g06-050c-07-04 but
334,g06-050c-07-05 he
334,g06-050c-07-06 appears
334,g06-050c-07-07 to
334,g06-050c-07-08 despair
334,g06-050c-07-09 of
334,g06-050c-08-00 ever
334,g06-050c-08-01 being
334,g06-050c-08-02 cured
334,g06-011c-00-00 By
334,g06-011c-00-01 the
334,g06-011c-00-02 end
334,g06-011c-00-03 of
334,g06-011c-00-04 the
334,g06-011c-00-05 month
334,g06-011c-00-06 he
334,g06-011c-00-07 still
334,g06-011c-00-09 in
334,g06-011c-01-00 Naples
334,g06-011c-01-02 He
334,g06-011c-01-03 told
334,g06-011c-01-05 that
334,g06-011c-01-06 he
334,g06-011c-01-07 enjoyed
334,g06-011c-01-08 it
334,g06-011c-01-09 as
334,g06-011c-02-00 much
334,g06-011c-02-01 as
334,g06-011c-02-02 his
334,g06-011c-02-03 health
334,g06-011c-02-05 him
334,g06-011c-02-06 to
334,g06-011c-02-07 enjoy
334,g06-011c-03-01 The
334,g06-011c-03-02 Pearl
334,g06-011c-03-05 he
334,g06-011c-03-06 wrote
334,g06-011c-03-09 is
334,g06-011c-03-10 arrived
334,g06-011c-03-12 which
334,g06-011c-03-13 is
334,g06-011c-03-15 great
334,g06-011c-04-03 seems
334,g06-011c-04-04 to
334,g06-011c-04-05 be
334,g06-011c-04-06 tired
334,g06-011c-04-08 he
334,g06-011c-04-09 is
334,g06-011c-04-10 going
334,g06-011c-05-00 out
334,g06-011c-05-01 fast
334,g06-011c-05-04 What
334,g06-011c-05-06 gay
334,g06-011c-05-08 lively
334,g06-011c-05-09 people
334,g06-011c-05-11 and
334,g06-011c-05-12 what
334,g06-011c-06-01 busy
334,g06-011c-06-02 town
334,g06-011c-06-04 At
334,g06-011c-06-05 Rome
334,g06-011c-06-07 every
334,g06-011c-06-08 other
334,g06-011c-06-09 man
334,g06-011c-06-10 was
334,g06-011c-07-00 priest
334,g06-011c-07-02 here
334,g06-011c-07-03 the
334,g06-011c-07-04 priest
334,g06-011c-07-05 is
334,g06-011c-07-07 by
334,g06-011c-07-08 the
334,g06-011c-08-00 soldier
334,g06-011c-08-04 change
334,g06-011c-08-05 in
334,g06-011c-08-06 my
334,g06-011c-08-07 eye
334,g06-011c-09-00 as
334,g06-011c-09-01 the
334,g06-011c-09-02 troops
334,g06-011c-09-03 are
334,g06-011c-09-04 very
334,g06-011c-09-05 fine
334,g06-031c-00-02 What
334,g06-031c-00-05 event
334,g06-031c-00-08 he
334,g06-031c-00-09 wrote
334,g06-031c-00-13 tremble
334,g06-031c-01-00 What
334,g06-031c-01-05 am
334,g06-031c-01-08 but
334,g06-031c-01-10 really
334,g06-031c-02-00 tremble
334,g06-031c-02-01 for
334,g06-031c-02-02 my
334,g06-031c-02-03 country
334,g06-031c-02-06 may
334,g06-031c-02-07 be
334,g06-031c-03-00 cannot
334,g06-031c-03-01 but
334,g06-031c-03-02 fear
334,g06-031c-03-03 that
334,g06-031c-03-04 the
334,g06-031c-03-06 of
334,g06-031c-03-07 the
334,g06-031c-03-08 People
334,g06-031c-04-00 will
334,g06-031c-04-01 be
334,g06-031c-04-02 so
334,g06-031c-04-03 great
334,g06-031c-04-04 at
334,g06-031c-04-05 the
334,g06-031c-04-06 return
334,g06-031c-04-07 of
334,g06-031c-05-00 that
334,g06-031c-05-01 the
334,g06-031c-05-02 Commons
334,g06-031c-05-03 House
334,g06-031c-05-04 upon
334,g06-031c-05-08 which
334,g06-031c-06-00 must
334,g06-031c-06-01 be
334,g06-031c-06-02 had
334,g06-031c-06-04 will
334,g06-031c-06-05 be
334,g06-031c-06-07 mass
334,g06-031c-06-08 of
334,g06-031c-06-12 then
334,g06-031c-07-00 God
334,g06-031c-07-01 knows
334,g06-031c-07-02 what
334,g06-031c-07-03 may
334,g06-031c-07-04 happen
334,g06-047c-00-00 This
334,g06-047c-00-02 man
334,g06-047c-00-03 of
334,g06-047c-00-06 whom
334,g06-047c-00-07 Sir
334,g06-047c-00-08 Francis
334,g06-047c-01-00 Burdett
334,g06-047c-01-02 to
334,g06-047c-01-05 year
334,g06-047c-01-06 or
334,g06-047c-01-07 two
334,g06-047c-02-00 later
334,g06-047c-02-01 as
334,g06-047c-02-03 more
334,g06-047c-02-04 like
334,g06-047c-02-06 God
334,g06-047c-02-07 upon
334,g06-047c-02-08 earth
334,g06-047c-02-09 than
334,g06-047c-03-01 human
334,g06-047c-03-02 being
334,g06-047c-03-05 had
334,g06-047c-03-06 an
334,g06-047c-03-08 number
334,g06-047c-03-09 of
334,g06-047c-04-01 among
334,g06-047c-04-03 medical
334,g06-047c-04-04 men
334,g06-047c-04-05 in
334,g06-047c-04-06 the
334,g06-047c-05-00 cities
334,g06-047c-05-01 of
334,g06-047c-05-02 Europe
334,g06-047c-05-04 One
334,g06-047c-05-05 of
334,g06-047c-05-06 these
334,g06-047c-05-07 was
334,g06-047c-05-08 the
334,g06-047c-06-02 Dr
334,g06-047c-06-04 Mauro
334,g06-047c-06-06 whom
334,g06-047c-07-01 in
334,g06-047c-07-02 May
334,g06-037c-00-00 God
334,g06-037c-00-01 grant
334,g06-037c-00-03 however
334,g06-037c-00-05 that
334,g06-037c-00-07 may
334,g06-037c-00-08 be
334,g06-037c-00-10 false
334,g06-037c-00-11 prophet
334,g06-037c-01-01 that
334,g06-037c-01-02 all
334,g06-037c-01-03 may
334,g06-037c-01-04 go
334,g06-037c-01-05 well
334,g06-037c-01-07 Sir
334,g06-037c-01-09 Peel
334,g06-037c-01-10 was
334,g06-037c-01-11 here
334,g06-037c-02-03 but
334,g06-037c-02-04 an
334,g06-037c-02-05 express
334,g06-037c-02-06 took
334,g06-037c-02-07 him
334,g06-037c-03-00 off
334,g06-037c-04-00 While
334,g06-037c-04-01 he
334,g06-037c-04-02 was
334,g06-037c-04-03 in
334,g06-037c-04-04 Naples
334,g06-037c-04-05 there
334,g06-037c-04-06 had
334,g06-037c-04-07 opened
334,g06-037c-04-09 new
334,g06-037c-05-00 chapter
334,g06-037c-05-01 in
334,g06-037c-05-02 the
334,g06-037c-05-03 history
334,g06-037c-05-04 of
334,g06-037c-05-07 search
334,g06-037c-06-00 for
334,g06-037c-06-01 an
334,g06-037c-06-04 of
334,g06-037c-06-05 his
334,g06-037c-06-06 painful
334,g06-037c-06-07 malady
334,g06-037c-07-00 None
334,g06-037c-07-01 of
334,g06-037c-07-02 the
334,g06-037c-07-06 to
334,g06-037c-07-07 which
334,g06-037c-08-00 he
334,g06-037c-08-01 had
334,g06-037c-08-02 been
334,g06-037c-08-04 ever
334,g06-037c-08-05 since
334,g06-037c-08-06 the
334,g06-037c-08-08 had
334,g06-037c-09-00 first
334,g06-037c-09-01 shown
334,g06-037c-09-04 years
334,g06-037c-09-05 before
334,g06-037c-09-06 had
334,g06-037c-10-00 had
334,g06-037c-10-01 the
334,g06-037c-10-03 effect
334,g06-026c-00-02 life
334,g06-026c-00-03 truly
334,g06-026c-00-06 It
334,g06-026c-00-07 so
334,g06-026c-00-08 happens
334,g06-026c-00-09 that
334,g06-026c-00-11 have
334,g06-026c-00-12 an
334,g06-026c-01-00 Italian
334,g06-026c-01-01 who
334,g06-026c-01-02 is
334,g06-026c-01-03 perhaps
334,g06-026c-01-04 the
334,g06-026c-01-05 best
334,g06-026c-01-06 Valet
334,g06-026c-01-07 de
334,g06-026c-01-08 Chambre
334,g06-026c-01-09 that
334,g06-026c-02-00 ever
334,g06-026c-02-01 was
334,g06-026c-02-03 But
334,g06-026c-02-04 he
334,g06-026c-02-05 has
334,g06-026c-02-06 not
334,g06-026c-02-07 one
334,g06-026c-02-08 word
334,g06-026c-02-09 of
334,g06-026c-02-10 English
334,g06-026c-03-00 While
334,g06-026c-03-01 he
334,g06-026c-03-02 was
334,g06-026c-03-03 writing
334,g06-026c-03-04 this
334,g06-026c-03-05 letter
334,g06-026c-03-06 he
334,g06-026c-03-07 heard
334,g06-026c-03-08 of
334,g06-026c-03-09 the
334,g06-026c-03-10 fall
334,g06-026c-04-00 of
334,g06-026c-04-01 the
334,g06-026c-04-02 Whigs
334,g06-026c-04-04 and
334,g06-026c-04-05 the
334,g06-026c-04-08 of
334,g06-026c-05-00 the
334,g06-026c-05-02 by
334,g06-026c-05-03 the
334,g06-026c-05-04 Duke
334,g06-026c-05-05 of
