233,e04-026-00-00 Finally
233,e04-026-00-01 attach
233,e04-026-00-02 the
233,e04-026-00-03 back
233,e04-026-00-04 firmly
233,e04-026-00-05 to
233,e04-026-00-06 the
233,e04-026-00-07 sides
233,e04-026-00-08 with
233,e04-026-01-00 screws
233,e04-026-01-01 driven
233,e04-026-01-02 from
233,e04-026-01-03 the
233,e04-026-01-04 inside
233,e04-026-01-06 The
233,e04-026-01-08 is
233,e04-026-02-00 piece
233,e04-026-02-01 of
233,e04-026-02-02 timber
233,e04-026-02-05 long
233,e04-026-02-06 and
233,e04-026-02-07 about
233,e04-026-03-00 by
233,e04-026-03-04 to
233,e04-026-03-05 the
233,e04-026-03-06 front
233,e04-026-03-07 legs
233,e04-026-03-08 with
233,e04-026-03-10 pair
233,e04-026-04-00 of
233,e04-026-04-01 angle
233,e04-026-04-02 irons
233,e04-026-04-03 as
233,e04-026-04-04 shown
233,e04-026-04-05 in
233,e04-026-04-09 When
233,e04-026-05-00 the
233,e04-026-05-02 of
233,e04-026-05-03 the
233,e04-026-05-06 do
233,e04-026-05-07 not
233,e04-026-05-08 place
233,e04-026-05-09 too
233,e04-026-05-10 near
233,e04-026-06-00 the
233,e04-026-06-01 seat
233,e04-026-06-02 to
233,e04-026-06-03 allow
233,e04-026-06-04 for
233,e04-026-06-05 the
233,e04-026-06-06 growth
233,e04-026-06-07 of
233,e04-026-06-09 legs
233,e04-030-00-00 To
233,e04-030-00-02 the
233,e04-030-00-03 job
233,e04-030-00-05 screw
233,e04-030-00-06 two
233,e04-030-00-08 to
233,e04-030-00-09 the
233,e04-030-01-00 inside
233,e04-030-01-01 of
233,e04-030-01-02 the
233,e04-030-01-03 chair
233,e04-030-01-04 arms
233,e04-030-01-05 about
233,e04-030-01-09 from
233,e04-030-01-10 the
233,e04-030-02-00 back
233,e04-030-02-01 to
233,e04-030-02-02 hold
233,e04-030-02-03 the
233,e04-030-02-05 safety
233,e04-030-02-06 harness
233,e04-030-02-08 These
233,e04-030-02-09 can
233,e04-030-02-10 be
233,e04-030-03-00 made
233,e04-030-03-01 by
233,e04-030-03-02 shaping
233,e04-030-03-03 and
233,e04-030-03-05 two
233,e04-030-03-06 pieces
233,e04-030-03-07 of
233,e04-030-03-08 stout
233,e04-030-04-00 wire
233,e04-030-04-01 as
233,e04-030-04-02 shown
233,e04-030-04-03 in
233,e04-030-04-07 Make
233,e04-030-04-08 sure
233,e04-030-04-09 that
233,e04-030-04-10 these
233,e04-030-05-00 are
233,e04-030-05-01 well
233,e04-030-05-02 secured
233,e04-030-05-03 as
233,e04-030-05-04 they
233,e04-030-05-05 will
233,e04-030-05-06 have
233,e04-030-05-07 to
233,e04-030-06-01 pulling
233,e04-030-06-02 as
233,e04-030-06-03 the
233,e04-030-06-04 child
233,e04-030-06-05 becomes
233,e04-030-06-06 older
