035,a02-082-00-00 He
035,a02-082-00-01 cited
035,a02-082-00-02 cases
035,a02-082-00-03 in
035,a02-082-00-04 which
035,a02-082-00-06 of
035,a02-082-00-07 UNIP
035,a02-082-01-00 had
035,a02-082-01-01 been
035,a02-082-01-03 or
035,a02-082-01-05 since
035,a02-082-01-06 last
035,a02-082-01-07 year
035,a02-082-01-08 on
035,a02-082-02-00 charges
035,a02-082-02-01 of
035,a02-082-02-05 During
035,a02-082-02-06 the
035,a02-082-02-07 first
035,a02-082-03-00 three
035,a02-082-03-01 weeks
035,a02-082-03-02 of
035,a02-082-03-03 the
035,a02-082-03-04 present
035,a02-082-03-05 trouble
035,a02-082-04-00 had
035,a02-082-04-01 been
035,a02-082-04-03 in
035,a02-082-04-07 More
035,a02-082-05-00 than
035,a02-082-05-02 people
035,a02-082-05-05 of
035,a02-082-05-06 them
035,a02-082-05-07 members
035,a02-082-05-08 of
035,a02-082-06-00 the
035,a02-082-06-01 UNIP
035,a02-082-06-03 were
035,a02-082-06-05 last
035,a02-082-06-06 month
035,a02-082-06-07 in
035,a02-082-06-08 the
035,a02-082-07-02 alone
