570,n02-157-00-00 That
570,n02-157-00-01 it
570,n02-157-00-03 be
570,n02-157-00-04 her
570,n02-157-00-05 fault
570,n02-157-00-06 at
570,n02-157-00-07 all
570,n02-157-00-09 That
570,n02-157-01-00 she
570,n02-157-01-01 was
570,n02-157-01-03 lady
570,n02-157-01-04 who
570,n02-157-01-06 like
570,n02-157-01-07 her
570,n02-157-01-08 Uncle
570,n02-157-01-09 Charles
570,n02-157-02-00 took
570,n02-157-02-01 the
570,n02-157-02-02 highest
570,n02-157-02-03 pride
570,n02-157-02-04 in
570,n02-157-02-05 keeping
570,n02-157-02-06 her
570,n02-157-02-07 word
570,n02-157-03-00 could
570,n02-157-03-01 see
570,n02-157-03-06 he
570,n02-157-03-07 went
570,n02-157-03-08 on
570,n02-157-03-09 in
570,n02-157-04-00 lower
570,n02-157-04-01 voice
570,n02-157-04-03 his
570,n02-157-04-04 sunken
570,n02-157-04-05 black
570,n02-157-04-06 eyes
570,n02-157-05-01 He
570,n02-157-05-03 anxious
570,n02-157-05-05 poor
570,n02-157-05-06 Mistah
570,n02-157-05-07 Piers
570,n02-157-06-00 We
570,n02-157-06-01 all
570,n02-157-06-02 know
570,n02-157-06-03 how
570,n02-157-06-04 Balicou
570,n02-157-06-05 Island
570,n02-157-07-00 to
570,n02-157-07-01 all
570,n02-157-07-04 boats
570,n02-157-07-06 wid
570,n02-157-07-08 big
570,n02-157-07-10 big
570,n02-157-08-00 rocks
570,n02-157-08-01 in
570,n02-157-08-03 out
570,n02-157-08-05 de
570,n02-157-08-06 water
