295,g01-004-00-00 It
295,g01-004-00-01 was
295,g01-004-00-04 highly
295,g01-004-00-05 popular
295,g01-004-00-06 victory
295,g01-004-00-07 with
295,g01-004-00-08 the
295,g01-004-01-02 but
295,g01-004-01-03 it
295,g01-004-01-04 brought
295,g01-004-01-05 heavy
295,g01-004-01-06 censure
295,g01-004-01-07 from
295,g01-004-01-08 nobles
295,g01-004-02-00 who
295,g01-004-02-01 still
295,g01-004-02-03 that
295,g01-004-02-04 they
295,g01-004-02-05 had
295,g01-004-02-08 of
295,g01-004-03-02 But
295,g01-004-03-04 at
295,g01-004-03-05 last
295,g01-004-03-07 Gaunt
295,g01-004-03-08 sailed
295,g01-004-04-00 him
295,g01-004-04-01 was
295,g01-004-04-02 the
295,g01-004-04-03 French
295,g01-004-04-04 Admiral
295,g01-004-04-06 Jean
295,g01-004-04-07 de
295,g01-004-04-08 Vienne
295,g01-004-05-01 great
295,g01-004-05-02 sailor
295,g01-004-05-03 and
295,g01-004-05-04 an
295,g01-004-05-05 able
295,g01-008-00-01 to
295,g01-008-00-02 the
295,g01-008-00-03 policy
295,g01-008-00-04 of
295,g01-008-00-05 his
295,g01-008-00-06 King
295,g01-008-00-08 de
295,g01-008-00-09 Vienne
295,g01-008-00-10 avoided
295,g01-008-01-00 trouble
295,g01-008-01-01 at
295,g01-008-01-02 sea
295,g01-008-01-03 as
295,g01-008-01-05 as
295,g01-008-01-06 Du
295,g01-008-01-08 avoided
295,g01-008-01-09 it
295,g01-008-02-00 on
295,g01-008-02-01 land
295,g01-008-02-03 Gaunt
295,g01-008-02-04 was
295,g01-008-02-06 to
295,g01-008-02-07 give
295,g01-008-02-08 up
295,g01-008-02-09 his
295,g01-008-02-10 search
295,g01-008-02-11 for
295,g01-008-03-00 an
295,g01-008-03-01 elusive
295,g01-008-03-02 foe
295,g01-008-03-04 and
295,g01-008-03-06 afraid
295,g01-008-03-07 to
295,g01-008-03-08 return
295,g01-008-03-09 home
295,g01-008-03-10 without
295,g01-008-04-01 to
295,g01-008-04-02 show
295,g01-008-04-04 he
295,g01-008-04-07 to
295,g01-008-04-08 besiege
295,g01-008-05-00 the
295,g01-008-05-03 of
295,g01-008-05-04 St
295,g01-008-05-05 Malo
295,g01-008-05-07 This
295,g01-008-06-01 the
295,g01-008-06-02 dreary
295,g01-008-06-03 method
295,g01-008-06-04 of
295,g01-008-06-05 mining
295,g01-008-06-07 in
295,g01-008-07-00 which
295,g01-008-07-01 Gaunt
295,g01-008-07-03 under
295,g01-008-07-04 the
295,g01-008-07-05 Black
295,g01-008-07-06 Prince
295,g01-008-07-08 had
295,g01-008-07-09 shown
295,g01-008-08-01 skill
295,g01-008-08-02 at
295,g01-008-08-03 the
295,g01-008-08-04 siege
295,g01-008-08-05 of
295,g01-008-08-06 Limoges
