042,a03-011-00-00 But
042,a03-011-00-01 he
042,a03-011-00-02 now
042,a03-011-00-03 feels
042,a03-011-00-05 in
042,a03-011-00-06 view
042,a03-011-00-07 of
042,a03-011-00-09 changed
042,a03-011-01-01 and
042,a03-011-01-03 in
042,a03-011-01-04 view
042,a03-011-01-05 of
042,a03-011-01-06 fresh
042,a03-011-01-08 facing
042,a03-011-02-00 the
042,a03-011-02-01 new
042,a03-011-02-02 and
042,a03-011-02-05 of
042,a03-011-02-06 Africa
042,a03-011-02-08 that
042,a03-011-02-09 the
042,a03-011-03-00 time
042,a03-011-03-01 is
042,a03-011-03-02 ripe
042,a03-011-03-03 to
042,a03-011-03-04 have
042,a03-011-03-05 more
042,a03-011-03-08 between
042,a03-011-04-00 the
042,a03-011-04-03 and
042,a03-011-04-04 even
042,a03-011-04-05 to
042,a03-011-04-06 work
042,a03-011-04-07 out
042,a03-011-04-08 common
042,a03-011-05-00 stands
042,a03-011-05-01 on
042,a03-011-05-02 various
042,a03-011-05-04 facing
042,a03-011-05-05 those
042,a03-011-05-06 nations
042,a03-011-05-08 Two
042,a03-011-06-02 the
042,a03-011-06-03 Congo
042,a03-011-06-04 and
042,a03-011-06-05 Algeria
042,a03-011-06-07 are
042,a03-011-06-08 the
042,a03-011-06-09 main
042,a03-011-06-10 topics
042,a03-011-07-00 of
042,a03-011-07-01 the
042,a03-011-07-02 talks
042,a03-011-07-03 in
042,a03-011-07-06 and
042,a03-011-07-07 on
042,a03-011-07-08 both
042,a03-011-07-09 the
042,a03-011-07-10 two
042,a03-011-08-00 leaders
042,a03-011-08-01 have
042,a03-011-08-03 ideas
