200,d05-013-00-00 They
200,d05-013-00-02 to
200,d05-013-00-03 the
200,d05-013-00-04 word
200,d05-013-00-07 So
200,d05-013-00-08 the
200,d05-013-00-09 phrase
200,d05-013-00-11 or
200,d05-013-01-00 the
200,d05-013-01-02 of
200,d05-013-01-03 sins
200,d05-013-01-05 was
200,d05-013-01-06 added
200,d05-013-01-08 But
200,d05-013-02-00 They
200,d05-013-02-02 to
200,d05-013-02-03 the
200,d05-013-02-04 word
200,d05-013-02-07 So
200,d05-013-02-08 the
200,d05-013-02-09 phrase
200,d05-013-03-01 or
200,d05-013-03-02 the
200,d05-013-03-03 laying
200,d05-013-03-04 on
200,d05-013-03-05 of
200,d05-013-03-06 hands
200,d05-013-03-07 upon
200,d05-013-03-10 and
200,d05-013-04-00 able
200,d05-013-04-01 to
200,d05-013-04-02 render
200,d05-013-04-03 an
200,d05-013-04-04 account
200,d05-013-04-05 of
200,d05-013-04-06 their
200,d05-013-04-07 faith
200,d05-013-05-00 to
200,d05-013-05-01 the
200,d05-013-05-05 were
200,d05-013-05-06 added
200,d05-013-05-08 But
200,d05-013-06-02 Other
200,d05-013-06-03 changes
200,d05-013-06-04 in
200,d05-013-06-05 the
200,d05-013-06-06 Book
200,d05-013-06-07 were
200,d05-013-06-08 equally
200,d05-013-07-00 minor
200,d05-013-07-01 except
200,d05-013-07-02 for
200,d05-013-07-03 the
200,d05-013-07-04 new
200,d05-013-07-05 section
200,d05-013-07-06 on
200,d05-013-07-07 the
200,d05-013-08-00 added
200,d05-013-08-01 to
200,d05-013-08-02 the
