598,p02-069-00-00 Gay
598,p02-069-00-03 little
598,p02-069-00-04 puzzled
598,p02-069-00-06 went
598,p02-069-00-07 through
598,p02-069-01-00 to
598,p02-069-01-01 the
598,p02-069-01-02 bar
598,p02-069-01-04 Doc
598,p02-069-01-05 and
598,p02-069-01-06 Lilyan
598,p02-069-01-07 were
598,p02-069-02-00 sitting
598,p02-069-02-01 just
598,p02-069-02-02 inside
598,p02-069-02-03 having
598,p02-069-02-04 coffee
598,p02-069-03-01 Come
598,p02-069-03-02 and
598,p02-069-03-03 join
598,p02-069-03-04 us
598,p02-069-03-05 and
598,p02-069-03-06 bring
598,p02-069-03-07 your
598,p02-069-04-00 boy
598,p02-069-04-01 friend
598,p02-069-04-04 Doc
598,p02-069-04-05 called
598,p02-069-04-08 No
598,p02-069-04-10 Doc
598,p02-069-05-00 Lilyan
598,p02-069-05-04 They
598,p02-069-05-05 want
598,p02-069-05-06 to
598,p02-069-05-07 be
598,p02-069-06-00 alone
598,p02-069-06-06 booked
598,p02-069-06-08 table
598,p02-069-06-09 at
598,p02-069-06-10 the
598,p02-069-07-03 Doc
598,p02-069-07-04 said
598,p02-069-07-07 they
598,p02-069-07-08 are
598,p02-069-07-09 packed
598,p02-069-08-00 tonight
598,p02-069-08-01 so
598,p02-069-08-02 come
598,p02-069-08-03 and
598,p02-069-08-04 join
598,p02-069-08-05 us
598,p02-069-08-06 if
598,p02-069-08-07 you
598,p02-069-09-01 find
598,p02-069-09-03 table
598,p02-069-09-04 for
598,p02-069-09-05 two
598,p02-090-00-00 The
598,p02-090-00-01 others
598,p02-090-00-02 were
598,p02-090-00-03 all
598,p02-090-00-04 dancing
598,p02-090-00-05 and
598,p02-090-01-00 as
598,p02-090-01-01 Gay
598,p02-090-01-02 drew
598,p02-090-01-03 out
598,p02-090-01-05 chair
598,p02-090-01-06 and
598,p02-090-01-07 sat
598,p02-090-02-00 down
598,p02-090-02-01 Gavin
598,p02-090-02-03 without
598,p02-090-02-05 word
598,p02-090-02-07 swept
598,p02-090-03-00 Simone
598,p02-090-03-01 on
598,p02-090-03-02 to
598,p02-090-03-03 the
598,p02-090-03-04 floor
598,p02-090-03-07 It
598,p02-090-03-09 mean
598,p02-090-04-03 Gay
598,p02-090-04-04 told
598,p02-090-04-05 herself
598,p02-090-05-00 trying
598,p02-090-05-01 to
598,p02-090-05-04 point
598,p02-090-05-05 of
598,p02-090-06-00 view
598,p02-090-06-01 and
598,p02-090-06-03 the
598,p02-090-06-04 advice
598,p02-090-07-00 that
598,p02-090-07-01 Larry
598,p02-090-07-02 had
598,p02-090-07-03 given
598,p02-090-07-04 her
598,p02-090-07-06 while
598,p02-090-07-07 she
598,p02-090-08-00 felt
598,p02-090-08-02 beyond
598,p02-090-08-03 words
