538,m03-020-00-00 Hope
538,m03-020-00-02 die
538,m03-020-00-03 kind
538,m03-020-00-04 of
538,m03-020-00-07 Trout
538,m03-020-00-10 mean
538,m03-020-00-11 you
538,m03-020-01-00 imagine
538,m03-020-01-01 the
538,m03-020-01-03 martyrs
538,m03-020-01-05 and
538,m03-020-02-00 no
538,m03-020-02-01 matter
538,m03-020-02-02 how
538,m03-020-02-03 bad
538,m03-020-02-04 it
538,m03-020-02-05 felt
538,m03-020-02-07 the
538,m03-020-02-08 fire
538,m03-020-02-09 you
538,m03-020-02-10 know
538,m03-020-02-12 or
538,m03-020-03-00 lion
538,m03-020-03-03 or
538,m03-020-03-04 arrows
538,m03-020-03-05 where
538,m03-020-03-06 it
538,m03-020-03-07 hurts
538,m03-020-03-08 most
538,m03-020-03-10 Or
538,m03-020-04-00 can
538,m03-020-04-01 you
538,m03-020-04-03 Look
538,m03-020-04-04 over
538,m03-020-04-05 there
538,m03-020-04-08 He
538,m03-020-04-09 pointed
538,m03-020-04-10 to
538,m03-020-04-11 the
538,m03-020-05-00 shadows
538,m03-020-05-01 beyond
538,m03-020-05-02 the
538,m03-020-05-03 river
538,m03-020-05-07 moved
