551,m06-019-00-00 Though
551,m06-019-00-01 your
551,m06-019-00-02 wings
551,m06-019-00-03 and
551,m06-019-00-04 your
551,m06-019-00-05 scars
551,m06-019-00-06 are
551,m06-019-00-07 new
551,m06-019-01-00 you
551,m06-019-01-01 may
551,m06-019-01-02 join
551,m06-019-01-03 us
551,m06-019-01-08 am
551,m06-019-01-11 We
551,m06-019-01-12 three
551,m06-019-02-00 are
551,m06-019-02-01 humans
551,m06-019-02-03 You
551,m06-019-02-04 are
551,m06-019-02-05 only
551,m06-019-02-06 flymen
551,m06-019-02-08 We
551,m06-019-02-09 will
551,m06-019-03-00 not
551,m06-019-03-01 join
551,m06-019-03-02 you
551,m06-019-03-05 The
551,m06-019-03-07 grunted
551,m06-019-03-08 in
551,m06-019-03-09 boredom
551,m06-019-04-00 The
551,m06-019-04-01 Chief
551,m06-019-04-02 Captive
551,m06-019-04-03 spoke
551,m06-019-04-04 again
551,m06-019-04-07 Always
551,m06-019-04-08 this
551,m06-019-05-00 talk
551,m06-019-05-01 from
551,m06-019-05-02 you
551,m06-019-05-03 of
551,m06-019-05-04 the
551,m06-019-05-05 Heavy
551,m06-019-05-06 World
551,m06-019-05-08 You
551,m06-019-05-09 have
551,m06-019-06-00 joined
551,m06-019-06-01 us
551,m06-019-06-03 You
551,m06-019-06-04 are
551,m06-019-06-05 flymen
551,m06-019-06-07 we
551,m06-019-06-08 are
551,m06-019-06-09 human
551,m06-019-06-11 You
551,m06-019-07-00 know
551,m06-019-07-01 little
551,m06-019-07-03 we
551,m06-019-07-04 know
551,m06-019-07-05 much
551,n06-148-00-01 saw
551,n06-148-00-02 several
551,n06-148-00-03 men
551,n06-148-00-04 running
551,n06-148-00-05 down
551,n06-148-00-06 towards
551,n06-148-01-00 the
551,n06-148-01-01 shack
551,n06-148-01-03 They
551,n06-148-01-04 were
551,n06-148-01-05 all
551,n06-148-01-06 armed
551,n06-148-01-07 with
551,n06-148-01-08 rifles
551,n06-148-02-00 As
551,n06-148-02-01 the
551,n06-148-02-02 nearest
551,n06-148-02-03 of
551,n06-148-02-04 them
551,n06-148-02-05 came
551,n06-148-02-06 round
551,n06-148-02-07 the
551,n06-148-03-00 shack
551,n06-148-03-02 his
551,n06-148-03-03 rifle
551,n06-148-03-04 at
551,n06-148-03-05 the
551,n06-148-03-06 ready
551,n06-148-03-09 saw
551,n06-148-03-10 it
551,n06-148-03-11 was
551,n06-148-03-12 Nick
551,n06-148-04-00 Dowd
551,n06-148-04-02 still
551,n06-148-04-03 wearing
551,n06-148-04-04 his
551,n06-148-04-05 blue
551,n06-148-04-06 check
551,n06-148-04-07 shirt
551,n06-148-04-09 He
551,n06-148-05-00 came
551,n06-148-05-01 up
551,n06-148-05-02 close
551,n06-148-05-04 eyeing
551,n06-148-05-05 us
551,n06-148-05-09 We
551,n06-148-06-00 come
551,n06-148-06-05 said
551,n06-148-06-09 see
551,n06-148-06-10 no
551,n06-148-06-11 reason
551,n06-148-07-00 for
551,n06-148-07-01 calling
551,n06-148-07-04 he
551,n06-148-07-05 said
551,n06-148-07-08 Still
551,n06-148-07-09 long
551,n06-148-07-10 as
551,n06-148-07-11 you
551,n06-148-07-13 here
551,n06-148-08-00 you
551,n06-148-08-01 may
551,n06-148-08-02 as
551,n06-148-08-03 well
551,n06-148-08-04 stay
551,n06-148-08-06 while
551,n06-156-00-02 come
551,n06-156-00-03 on
551,n06-156-00-04 in
551,n06-156-00-07 We
551,n06-156-00-09 and
551,n06-156-01-00 one
551,n06-156-01-01 of
551,n06-156-01-02 the
551,n06-156-01-03 miners
551,n06-156-01-04 who
551,n06-156-01-06 come
551,n06-156-01-07 along
551,n06-156-01-08 with
551,n06-156-02-00 Nick
551,n06-156-02-01 Dowd
551,n06-156-02-02 took
551,n06-156-02-03 our
551,n06-156-02-04 horses
551,n06-156-02-05 off
551,n06-156-02-06 to
551,n06-156-02-07 water
551,n06-156-03-00 We
551,n06-156-03-02 Nick
551,n06-156-03-03 Dowd
551,n06-156-03-04 into
551,n06-156-03-05 the
551,n06-156-03-06 shack
551,n06-156-04-00 They
551,n06-156-04-02 rigged
551,n06-156-04-03 up
551,n06-156-04-05 stove
551,n06-156-04-06 of
551,n06-156-04-07 sorts
551,n06-156-04-08 and
551,n06-156-04-09 on
551,n06-156-04-10 it
551,n06-156-05-01 huge
551,n06-156-05-04 steamed
551,n06-156-05-06 Other
551,n06-156-06-00 miners
551,n06-156-06-02 in
551,n06-156-06-03 at
551,n06-156-06-04 our
551,n06-156-06-05 heels
551,n06-156-06-07 Nick
551,n06-156-06-08 Dowd
551,n06-156-07-00 found
551,n06-156-07-01 us
551,n06-156-07-03 couple
551,n06-156-07-04 of
551,n06-156-07-05 boxes
551,n06-156-07-06 to
551,n06-156-07-07 sit
551,n06-156-07-08 on
551,n06-163-00-01 small
551,n06-163-00-02 man
551,n06-163-00-03 in
551,n06-163-00-04 bib
551,n06-163-00-06 and
551,n06-163-01-00 Derby
551,n06-163-01-01 hat
551,n06-163-01-02 fussed
551,n06-163-01-03 around
551,n06-163-01-04 the
551,n06-163-01-05 stove
551,n06-163-02-00 exactly
551,n06-163-02-01 the
551,n06-163-02-02 Ritz
551,n06-163-02-03 Hotel
551,n06-163-02-04 but
551,n06-163-02-05 we
551,n06-163-02-07 got
551,n06-163-02-08 our
551,n06-163-02-09 little
551,n06-163-03-03 said
551,n06-163-03-04 Dowd
551,n06-163-03-06 He
551,n06-163-03-08 the
551,n06-163-03-09 men
551,n06-163-04-00 who
551,n06-163-04-02 come
551,n06-163-04-03 in
551,n06-163-04-04 as
551,n06-163-04-05 Roper
551,n06-163-04-06 Smith
551,n06-163-04-08 Shorty
551,n06-163-04-10 Mick
551,n06-163-05-02 Swede
551,n06-163-05-03 and
551,n06-163-05-04 the
551,n06-163-05-07 This
551,n06-163-05-08 last
551,n06-163-05-09 was
551,n06-163-06-00 the
551,n06-163-06-01 little
551,n06-163-06-02 hombre
551,n06-163-06-03 in
551,n06-163-06-04 big
551,n06-163-06-07 Very
551,n06-163-06-08 soon
551,n06-163-06-09 he
551,n06-163-07-00 had
551,n06-163-07-01 tin
551,n06-163-07-02 mugs
551,n06-163-07-03 filled
551,n06-163-07-04 with
551,n06-163-07-05 hot
551,n06-163-07-06 black
551,n06-163-07-07 coffee
551,n06-163-08-01 with
551,n06-163-08-03 for
551,n06-163-08-04 all
551,n06-163-08-05 and
551,n06-163-08-06 for
551,n06-163-08-07 us
551,n06-163-09-00 there
551,n06-163-09-01 were
551,n06-163-09-02 two
551,n06-163-09-03 plates
551,n06-163-09-04 of
551,n06-163-09-05 beans
551,n06-169-00-01 They
551,n06-169-00-02 gives
551,n06-169-00-03 you
551,n06-169-00-04 the
551,n06-169-00-05 wind
551,n06-169-00-08 said
551,n06-169-00-09 the
551,n06-169-01-00 handing
551,n06-169-01-01 them
551,n06-169-01-02 to
551,n06-169-01-03 us
551,n06-169-01-06 but
551,n06-169-01-07 it
551,n06-169-01-09 all
551,n06-169-01-10 we
551,n06-169-01-11 got
551,n06-169-02-00 as
551,n06-169-02-01 of
551,n06-169-02-02 now
551,n06-169-02-04 apart
551,n06-169-02-05 from
551,n06-169-02-07 few
551,n06-169-02-08 sacks
551,n06-169-02-09 of
551,n06-169-02-10 gold
551,n06-169-03-00 dust
551,n06-169-03-03 He
551,n06-169-03-04 winked
551,n06-169-03-05 at
551,n06-169-03-06 his
551,n06-169-03-09 They
551,n06-169-03-10 all
551,n06-169-04-00 watched
551,n06-169-04-01 us
551,n06-169-04-02 as
551,n06-169-04-03 we
551,n06-169-04-04 ate
551,n06-169-04-05 the
551,n06-169-04-06 beans
551,n06-169-04-08 Then
551,n06-169-04-09 when
551,n06-169-05-00 we
551,n06-169-05-03 and
551,n06-169-05-06 rolled
551,n06-169-06-00 the
551,n06-169-06-01 man
551,n06-169-06-02 called
551,n06-169-06-03 Shorty
551,n06-169-06-04 said
551,n06-169-06-07 You
551,n06-169-06-08 were
551,n06-169-06-09 saying
551,n06-169-06-10 when
551,n06-169-07-00 you
551,n06-169-07-01 came
551,n06-169-07-02 in
551,n06-169-07-03 that
551,n06-169-07-06 last
551,n06-169-08-00 night
551,n06-175-00-01 Yes
551,n06-175-00-05 said
551,n06-175-00-10 all
551,n06-175-00-11 right
551,n06-175-01-00 After
551,n06-175-01-01 you
551,n06-175-01-03 left
551,n06-175-01-04 the
551,n06-175-01-05 meeting
551,n06-175-01-07 mister
551,n06-175-02-00 looked
551,n06-175-02-01 across
551,n06-175-02-02 at
551,n06-175-02-03 Nick
551,n06-175-02-04 Dowd
551,n06-175-02-07 someone
551,n06-175-02-08 cut
551,n06-175-03-00 down
551,n06-175-03-01 William
551,n06-175-03-03 outside
551,n06-175-03-04 the
551,n06-175-03-05 Palace
551,n06-175-04-00 with
551,n06-175-04-02 shotgun
551,n06-175-04-06 paused
551,n06-175-04-07 and
551,n06-175-04-08 watched
551,n06-175-04-09 my
551,n06-175-05-00 words
551,n06-175-05-01 affect
551,n06-175-05-02 them
551,n06-175-05-03 in
551,n06-175-05-04 their
551,n06-175-05-06 ways
551,n06-175-06-01 That
551,n06-175-06-03 sure
551,n06-175-06-04 bad
551,n06-175-06-05 news
551,n06-175-06-08 said
551,n06-175-06-09 Dowd
551,n06-175-07-01 It
551,n06-175-07-03 about
551,n06-175-07-04 leaves
551,n06-175-07-06 wide
551,n06-175-07-07 open
551,n06-175-08-00 for
551,n06-175-08-02 Pell
551,n06-175-08-03 and
551,n06-175-08-04 his
551,n06-175-08-05 bunch
551,n06-175-09-00 Shorty
551,n06-182-00-00 The
551,n06-182-00-01 rest
551,n06-182-00-02 of
551,n06-182-00-03 the
551,n06-182-00-04 men
551,n06-182-00-05 there
551,n06-182-00-06 said
551,n06-182-00-07 nothing
551,n06-182-00-08 but
551,n06-182-01-00 you
551,n06-182-01-01 could
551,n06-182-01-02 see
551,n06-182-01-03 they
551,n06-182-01-04 were
551,n06-182-01-05 hard
551,n06-182-01-06 hit
551,n06-182-01-08 They
551,n06-182-01-09 were
551,n06-182-02-00 simple
551,n06-182-02-01 men
551,n06-182-02-02 who
551,n06-182-02-03 knew
551,n06-182-02-05 lot
551,n06-182-02-06 maybe
551,n06-182-02-07 about
551,n06-182-03-00 digging
551,n06-182-03-01 for
551,n06-182-03-02 gold
551,n06-182-03-03 but
551,n06-182-03-04 were
551,n06-182-03-05 babes
551,n06-182-03-06 in
551,n06-182-03-07 arms
551,n06-182-04-00 when
551,n06-182-04-01 it
551,n06-182-04-02 came
551,n06-182-04-03 to
551,n06-182-04-04 dealing
551,n06-182-04-05 with
551,n06-182-04-07 and
551,n06-182-05-01 like
551,n06-182-05-02 Pell
551,n06-182-05-03 and
551,n06-182-05-04 Fenton
551,n06-182-05-05 and
551,n06-182-05-06 the
551,n06-182-06-00 rest
551,n06-182-06-04 guess
551,n06-182-06-05 we
551,n06-182-06-07 better
551,n06-182-06-08 hold
551,n06-182-06-09 onto
551,n06-182-06-10 the
551,n06-182-06-11 gold
551,n06-182-07-00 right
551,n06-182-07-03 Nick
551,n06-182-07-06 said
551,n06-182-07-07 the
551,n06-186-00-01 Yeah
551,n06-186-00-04 said
551,n06-186-00-05 Dowd
551,n06-186-00-10 we
551,n06-186-01-00 better
551,n06-186-01-04 Dan
551,n06-186-01-05 Maffrey
551,n06-186-01-06 came
551,n06-186-01-07 in
551,n06-186-01-08 at
551,n06-186-02-00 that
551,n06-186-02-01 point
551,n06-186-02-04 If
551,n06-186-02-05 you
551,n06-186-02-06 do
551,n06-186-02-09 he
551,n06-186-02-10 said
551,n06-186-02-13 you
551,n06-186-02-15 be
551,n06-186-03-00 sure
551,n06-186-03-01 asking
551,n06-186-03-02 for
551,n06-186-03-03 trouble
551,n06-186-03-05 They
551,n06-186-03-07 be
551,n06-186-03-08 on
551,n06-186-03-09 your
551,n06-186-04-00 necks
551,n06-186-04-01 before
551,n06-186-04-02 you
551,n06-186-04-03 can
551,n06-186-04-04 say
551,n06-186-04-06 knife
551,n06-186-04-09 It
551,n06-186-05-00 be
551,n06-186-05-01 the
551,n06-186-05-02 first
551,n06-186-05-03 time
551,n06-186-05-04 they
551,n06-186-05-06 held
551,n06-186-05-07 up
551,n06-186-06-00 at
551,n06-186-06-01 gun
551,n06-186-06-02 point
551,n06-186-06-03 either
551,n06-186-06-05 They
551,n06-186-06-07 done
551,n06-186-06-08 it
551,n06-186-06-09 before
551,n06-186-07-00 and
551,n06-186-07-01 got
551,n06-186-07-02 away
551,n06-186-07-03 with
551,n06-186-07-04 it
551,n06-194-00-01 You
551,n06-194-00-06 mister
551,n06-194-00-09 said
551,n06-194-00-10 the
551,n06-194-00-11 man
551,n06-194-01-00 called
551,n06-194-01-01 Roper
551,n06-194-01-02 Smith
551,n06-194-01-05 We
551,n06-194-01-07 got
551,n06-194-01-08 five
551,n06-194-01-09 rifles
551,n06-194-01-10 among
551,n06-194-02-00 us
551,n06-194-02-01 and
551,n06-194-02-03 few
551,n06-194-02-06 But
551,n06-194-02-07 most
551,n06-194-02-08 of
551,n06-194-02-09 us
551,n06-194-03-02 in
551,n06-194-03-05 It
551,n06-194-03-07 be
551,n06-194-04-06 If
551,n06-194-04-07 you
551,n06-194-04-09 take
551,n06-194-04-11 chance
551,n06-194-05-00 on
551,n06-194-05-01 getting
551,n06-194-05-02 your
551,n06-194-05-03 gold
551,n06-194-05-04 to
551,n06-194-05-05 the
551,n06-194-05-06 bank
551,n06-194-05-08 then
551,n06-194-05-09 we
551,n06-194-06-00 abide
551,n06-194-06-01 by
551,n06-194-06-02 what
551,n06-194-06-03 we
551,n06-194-06-04 said
551,n06-194-06-05 at
551,n06-194-06-06 the
551,n06-194-06-07 meeting
551,n06-194-07-00 said
551,n06-194-07-01 Dan
551,n06-194-07-04 We
551,n06-194-07-06 watch
551,n06-194-07-07 the
551,n06-194-07-08 stage
551,n06-194-07-09 out
551,n06-194-07-10 of
551,n06-194-07-11 reach
551,n06-201-00-02 quite
551,n06-201-00-03 see
551,n06-201-00-04 how
551,n06-201-00-05 all
551,n06-201-00-06 this
551,n06-201-00-07 fitted
551,n06-201-00-08 in
551,n06-201-01-00 with
551,n06-201-01-01 Dan
551,n06-201-01-03 aim
551,n06-201-01-04 to
551,n06-201-01-05 avenge
551,n06-201-01-06 himself
551,n06-201-02-00 on
551,n06-201-02-01 the
551,n06-201-02-02 Fenton
551,n06-201-02-03 bunch
551,n06-201-02-04 but
551,n06-201-02-05 still
551,n06-201-02-06 it
551,n06-201-02-07 was
551,n06-201-03-01 offer
551,n06-201-03-02 so
551,n06-201-03-04 chimed
551,n06-201-03-05 in
551,n06-201-03-06 too
551,n06-201-03-09 That
551,n06-201-04-00 goes
551,n06-201-04-01 for
551,n06-201-04-02 me
551,n06-201-04-08 said
551,n06-201-04-11 If
551,n06-201-04-12 they
551,n06-201-04-13 do
551,n06-201-04-14 try
551,n06-201-05-00 and
551,n06-201-05-01 hold
551,n06-201-05-02 up
551,n06-201-05-03 the
551,n06-201-05-04 stage
551,n06-201-05-06 it
551,n06-201-05-08 be
551,n06-201-05-10 couple
551,n06-201-05-11 or
551,n06-201-06-00 three
551,n06-201-06-01 of
551,n06-201-06-02 them
551,n06-201-06-04 no
551,n06-201-06-05 more
551,n06-201-06-08 reckon
551,n06-201-06-09 we
551,n06-201-06-10 can
551,n06-201-06-11 deal
551,n06-201-07-00 with
551,n06-201-07-01 them
551,n06-201-07-02 all
551,n06-201-07-03 right
