265,f02-044-00-00 In
265,f02-044-00-02 it
265,f02-044-00-03 was
265,f02-044-00-05 by
265,f02-044-00-09 Banks
265,f02-044-01-00 of
265,f02-044-01-02 for
265,f02-044-01-03 Glasgow
265,f02-044-01-05 that
265,f02-044-01-07 firms
265,f02-044-01-08 might
265,f02-044-01-09 be
265,f02-044-01-10 ready
265,f02-044-02-00 to
265,f02-044-02-01 let
265,f02-044-02-02 older
265,f02-044-02-04 attend
265,f02-044-02-06 courses
265,f02-044-02-07 on
265,f02-044-03-00 for
265,f02-044-03-03 their
265,f02-044-03-04 wages
265,f02-044-03-05 paid
265,f02-044-03-06 for
265,f02-044-03-07 the
265,f02-044-03-08 time
265,f02-044-03-09 thus
265,f02-044-03-10 spent
265,f02-044-03-12 An
265,f02-044-04-01 was
265,f02-044-04-02 made
265,f02-044-04-03 to
265,f02-044-04-04 about
265,f02-044-04-05 twenty
265,f02-044-04-06 large
265,f02-044-04-07 firms
265,f02-044-04-08 and
265,f02-044-04-09 in
265,f02-044-05-00 tober
265,f02-044-05-04 the
265,f02-044-05-05 first
265,f02-044-05-08 course
265,f02-044-05-09 for
265,f02-044-06-00 men
265,f02-044-06-01 was
265,f02-044-06-04 Eleven
265,f02-044-06-06 from
265,f02-044-06-07 seven
265,f02-044-06-08 firms
265,f02-044-07-00 ded
265,f02-044-07-02 course
265,f02-044-07-03 on
265,f02-044-07-04 six
265,f02-044-07-05 full
265,f02-044-07-06 Fridays
265,f02-044-07-07 and
265,f02-044-07-08 it
265,f02-044-07-09 was
265,f02-044-07-10 made
265,f02-044-07-11 clear
265,f02-044-07-12 both
265,f02-044-08-00 to
265,f02-044-08-01 the
265,f02-044-08-02 men
265,f02-044-08-03 and
265,f02-044-08-04 their
265,f02-044-08-06 that
265,f02-044-08-07 the
265,f02-044-08-08 venture
265,f02-044-08-09 was
265,f02-044-08-10 an
265,f02-044-09-01 from
265,f02-044-09-02 which
265,f02-044-09-03 the
265,f02-044-09-05 hoped
265,f02-044-09-06 to
265,f02-044-09-07 learn
265,f02-044-09-08 as
265,f02-044-09-09 much
265,f02-044-10-00 as
265,f02-044-10-01 the
