654,r02-137-00-01 What
654,r02-137-00-02 have
654,r02-137-00-03 we
654,r02-137-00-04 here
654,r02-137-00-07 new
654,r02-137-00-10 So
654,r02-137-00-11 THAT
654,r02-137-01-00 what
654,r02-137-01-01 it
654,r02-137-01-03 all
654,r02-137-01-04 about
654,r02-137-01-07 Cecil
654,r02-137-01-08 halted
654,r02-137-01-09 in
654,r02-137-02-01 near
654,r02-137-02-02 the
654,r02-137-02-03 top
654,r02-137-02-04 of
654,r02-137-02-05 the
654,r02-137-02-06 stairs
654,r02-137-02-07 and
654,r02-137-03-01 his
654,r02-137-03-02 fists
654,r02-137-03-05 So
654,r02-137-03-06 that
654,r02-137-03-08 what
654,r02-137-04-00 What
654,r02-137-04-02 all
654,r02-137-04-03 about
654,r02-137-04-06 he
654,r02-137-04-07 hissed
654,r02-137-04-08 without
654,r02-137-05-00 turning
654,r02-137-05-01 round
654,r02-137-05-03 She
654,r02-137-05-04 pointed
654,r02-137-05-05 to
654,r02-137-05-06 the
654,r02-137-06-03 So
654,r02-137-06-04 that
654,r02-137-06-06 why
654,r02-137-06-07 you
654,r02-137-06-08 are
654,r02-137-06-09 so
654,r02-137-07-02 You
654,r02-137-07-03 thought
654,r02-137-07-04 that
654,r02-137-07-07 think
654,r02-137-08-00 you
654,r02-137-08-02 been
