048,a03-030-00-00 In
048,a03-030-00-01 some
048,a03-030-00-02 ways
048,a03-030-00-03 it
048,a03-030-00-04 will
048,a03-030-00-05 be
048,a03-030-00-07 testing
048,a03-030-01-00 for
048,a03-030-01-01 him
048,a03-030-01-04 some
048,a03-030-01-05 think
048,a03-030-01-06 his
048,a03-030-02-01 simply
048,a03-030-02-02 because
048,a03-030-02-03 there
048,a03-030-02-04 is
048,a03-030-02-05 no
048,a03-030-02-06 one
048,a03-030-03-00 else
048,a03-030-03-01 in
048,a03-030-03-02 sight
048,a03-030-03-03 to
048,a03-030-03-05 him
048,a03-030-03-07 So
048,a03-030-03-08 the
048,a03-030-04-00 ference
048,a03-030-04-01 will
048,a03-030-04-03 on
048,a03-030-04-04 laying
048,a03-030-04-05 the
048,a03-030-05-01 on
048,a03-030-05-02 which
048,a03-030-05-03 to
048,a03-030-05-04 win
048,a03-030-05-05 the
048,a03-030-05-06 next
048,a03-030-06-02 The
048,a03-030-06-03 rally
048,a03-030-06-04 comes
048,a03-030-06-05 at
048,a03-030-06-07 time
048,a03-030-07-00 when
048,a03-030-07-01 in
048,a03-030-07-02 spite
048,a03-030-07-03 of
048,a03-030-07-05 worded
048,a03-030-08-00 ments
048,a03-030-08-01 by
048,a03-030-08-02 the
048,a03-030-08-03 Prime
048,a03-030-08-05 there
048,a03-030-08-06 is
048,a03-030-08-07 an
048,a03-030-09-00 air
048,a03-030-09-01 of
