022,a02-004-00-00 So
022,a02-004-00-01 the
022,a02-004-00-02 idea
022,a02-004-00-03 of
022,a02-004-00-05 mission
022,a02-004-00-06 by
022,a02-004-01-00 the
022,a02-004-01-01 Prime
022,a02-004-01-03 to
022,a02-004-01-04 Paris
022,a02-004-01-05 was
022,a02-004-01-06 dropped
022,a02-004-02-00 Instead
022,a02-004-02-03 will
022,a02-004-02-04 rely
022,a02-004-02-05 on
022,a02-004-03-01 team
022,a02-004-03-02 under
022,a02-004-03-03 the
022,a02-004-03-05 of
022,a02-004-04-00 Sir
022,a02-004-04-01 Pierson
022,a02-004-04-02 Dixon
022,a02-004-04-06 to
022,a02-004-05-00 France
022,a02-004-05-02 to
022,a02-004-05-03 back
022,a02-004-05-05 Edward
022,a02-004-05-06 Heath
022,a02-004-05-08 Lord
022,a02-004-06-00 Privy
022,a02-004-06-01 Seal
022,a02-004-06-03 who
022,a02-004-06-04 is
022,a02-004-06-05 charged
022,a02-004-06-06 with
022,a02-004-06-07 the
022,a02-004-06-08 conduct
022,a02-004-07-00 of
022,a02-004-07-02 with
022,a02-004-07-03 the
022,a02-004-07-04 Six
022,a02-004-07-06 At
022,a02-004-07-07 the
022,a02-004-07-08 same
022,a02-004-08-00 time
022,a02-004-08-01 the
022,a02-004-08-02 Prime
022,a02-004-08-04 has
022,a02-004-08-05 offered
022,a02-004-09-02 every
022,a02-004-09-05 to
022,a02-004-10-01 their
