259,f02-033-00-00 The
259,f02-033-00-01 latter
259,f02-033-00-02 do
259,f02-033-00-03 not
259,f02-033-00-04 regard
259,f02-033-00-06 as
259,f02-033-00-07 expert
259,f02-033-01-02 but
259,f02-033-01-03 are
259,f02-033-01-05 to
259,f02-033-01-06 seek
259,f02-033-01-07 out
259,f02-033-01-08 the
259,f02-033-02-01 sources
259,f02-033-02-02 of
259,f02-033-02-04 or
259,f02-033-02-05 advice
259,f02-033-03-00 Towards
259,f02-033-03-01 the
259,f02-033-03-02 end
259,f02-033-03-03 of
259,f02-033-03-07 Daniel
259,f02-033-03-08 Grant
259,f02-033-04-00 an
259,f02-033-04-03 Officer
259,f02-033-04-04 of
259,f02-033-05-02 and
259,f02-033-05-04 member
259,f02-033-05-05 of
259,f02-033-05-06 the
259,f02-033-07-00 to
259,f02-033-07-01 the
259,f02-033-07-02 Lord
259,f02-033-07-03 Provost
259,f02-033-07-04 of
259,f02-033-07-05 Glasgow
259,f02-033-07-08 Andrew
259,f02-033-08-00 Hood
259,f02-033-08-03 copy
259,f02-033-08-04 of
259,f02-033-08-05 his
259,f02-033-08-06 report
259,f02-033-08-07 on
259,f02-033-08-08 an
259,f02-033-08-09 enquiry
259,f02-033-09-00 he
259,f02-033-09-01 had
259,f02-033-09-02 made
259,f02-033-09-03 into
259,f02-033-09-04 the
259,f02-033-09-06 that
259,f02-033-09-07 beset
259,f02-033-10-00 older
259,f02-033-10-01 workers
259,f02-033-10-02 and
259,f02-033-10-03 the
259,f02-033-10-04 effects
259,f02-033-10-05 of
259,f02-033-11-01 Roger
259,f02-017-00-00 The
259,f02-017-00-01 Rubery
259,f02-017-00-03 Owen
259,f02-017-00-04 scheme
259,f02-017-00-05 is
259,f02-017-00-06 now
259,f02-017-00-07 in
259,f02-017-00-08 its
259,f02-017-01-00 fourth
259,f02-017-01-01 year
259,f02-017-01-03 and
259,f02-017-01-05 has
259,f02-017-01-06 been
259,f02-017-01-07 taken
259,f02-017-02-00 to
259,f02-017-02-01 revise
259,f02-017-02-02 the
259,f02-017-02-03 course
259,f02-017-02-04 in
259,f02-017-02-05 the
259,f02-017-02-06 light
259,f02-017-02-07 of
259,f02-017-03-02 Topics
259,f02-017-03-03 for
259,f02-017-03-04 the
259,f02-017-03-05 six
259,f02-017-03-06 weekly
259,f02-017-04-00 of
259,f02-017-04-02 hours
259,f02-017-04-04 each
259,f02-017-04-05 held
259,f02-017-04-06 half
259,f02-017-04-07 in
259,f02-017-05-00 company
259,f02-017-05-01 time
259,f02-017-05-03 half
259,f02-017-05-04 in
259,f02-017-05-05 the
259,f02-017-05-07 time
259,f02-017-05-09 are
259,f02-017-06-00 now
259,f02-017-06-01 as
259,f02-017-06-02 follows
259,f02-017-06-10 Health
259,f02-017-07-02 Work
259,f02-017-07-03 and
259,f02-017-07-04 leisure
259,f02-017-07-07 Living
259,f02-017-08-06 Final
