664,r03-065-00-00 That
664,r03-065-00-02 rather
664,r03-065-00-03 the
664,r03-065-00-04 point
664,r03-065-00-07 it
664,r03-065-00-11 No
664,r03-065-00-13 but
664,r03-065-00-15 mean
664,r03-065-01-02 know
664,r03-065-01-03 what
664,r03-065-01-04 you
664,r03-065-01-05 mean
664,r03-065-01-07 You
664,r03-065-01-08 may
664,r03-065-01-09 trust
664,r03-065-01-10 me
664,r03-065-02-00 Buttery
664,r03-065-02-03 think
664,r03-065-02-05 however
664,r03-065-02-07 that
664,r03-065-02-08 you
664,r03-065-02-09 might
664,r03-065-02-10 have
664,r03-065-03-00 to
664,r03-065-03-01 revise
664,r03-065-03-02 your
664,r03-065-03-03 ideas
664,r03-065-03-04 about
664,r03-065-03-06 er
664,r03-065-03-08 the
664,r03-065-03-09 type
664,r03-065-03-10 of
664,r03-065-04-01 you
664,r03-065-04-02 intend
664,r03-065-04-03 to
664,r03-065-04-07 She
664,r03-065-04-08 revised
664,r03-065-05-00 them
664,r03-065-05-02 The
664,r03-065-05-03 little
664,r03-065-05-04 man
664,r03-065-05-05 from
664,r03-065-05-06 the
664,r03-065-06-01 British
664,r03-065-06-05 Company
664,r03-065-06-06 soon
664,r03-065-07-00 saw
664,r03-065-07-01 to
664,r03-065-07-02 that
