632,p03-185-00-00 Thus
632,p03-185-00-01 had
632,p03-185-00-02 they
632,p03-185-00-03 parted
632,p03-185-00-04 the
632,p03-185-00-06 evening
632,p03-185-00-07 and
632,p03-185-00-08 now
632,p03-185-01-00 Diana
632,p03-185-01-01 was
632,p03-185-01-03 up
632,p03-185-01-04 the
632,p03-185-01-06 drive
632,p03-185-01-07 to
632,p03-185-01-08 the
632,p03-185-02-00 alone
632,p03-185-02-02 Of
632,p03-185-02-03 course
632,p03-185-02-04 one
632,p03-185-02-06 say
632,p03-185-02-07 for
632,p03-185-02-08 certain
632,p03-185-02-09 when
632,p03-185-03-00 doctor
632,p03-185-03-01 would
632,p03-185-03-02 be
632,p03-185-03-03 free
632,p03-185-03-04 during
632,p03-185-03-05 the
632,p03-185-03-06 day
632,p03-185-03-08 tea
632,p03-185-03-09 was
632,p03-185-03-10 served
632,p03-185-04-00 from
632,p03-185-04-01 four
632,p03-185-04-02 until
632,p03-185-04-04 in
632,p03-185-04-05 the
632,p03-185-05-00 room
632,p03-185-05-02 which
632,p03-185-05-03 proved
632,p03-185-05-04 the
632,p03-185-05-06 of
632,p03-185-05-07 medical
632,p03-185-06-01 had
632,p03-185-06-02 cropped
632,p03-185-06-03 up
632,p03-185-06-04 which
632,p03-185-07-00 she
632,p03-185-07-01 was
632,p03-185-07-04 or
632,p03-185-07-05 he
632,p03-185-07-06 would
632,p03-185-07-07 have
632,p03-185-07-08 granted
632,p03-185-07-09 her
632,p03-185-07-10 small
632,p03-185-07-11 request
632,p03-185-08-00 to
632,p03-185-08-01 be
632,p03-185-08-02 met
632,p03-185-08-03 at
632,p03-185-08-04 the
632,p03-185-08-05 gates
