078,a06-075-00-01 After
078,a06-075-00-02 long
078,a06-075-00-03 and
078,a06-075-00-04 earnest
078,a06-075-00-07 Her
078,a06-075-01-02 have
078,a06-075-01-03 come
078,a06-075-01-04 to
078,a06-075-01-05 the
078,a06-075-02-01 that
078,a06-075-02-02 it
078,a06-075-02-03 would
078,a06-075-02-04 be
078,a06-075-02-05 right
078,a06-075-02-06 for
078,a06-075-03-00 Britain
078,a06-075-03-01 to
078,a06-075-03-02 make
078,a06-075-03-04 formal
078,a06-075-04-00 for
078,a06-075-04-02 with
078,a06-075-04-04 view
078,a06-075-04-05 to
078,a06-075-04-06 joining
078,a06-075-05-00 the
078,a06-075-05-04 At
078,a06-075-05-05 this
078,a06-075-05-06 point
078,a06-075-05-09 Paul
078,a06-075-06-06 called
078,a06-075-06-07 out
078,a06-075-07-01 Shame
078,a06-075-07-06 is
078,a06-075-07-08 close
078,a06-075-08-01 of
078,a06-075-08-03 Fell
