060,a04-031-00-00 RELAXED
060,a04-031-00-02 smiling
060,a04-031-00-03 and
060,a04-031-00-04 clearly
060,a04-031-00-05 in
060,a04-031-00-06 the
060,a04-031-00-07 best
060,a04-031-00-08 of
060,a04-031-01-00 spirits
060,a04-031-01-06 to
060,a04-031-02-00 Moscow
060,a04-031-02-01 after
060,a04-031-02-02 his
060,a04-031-02-03 two
060,a04-031-02-04 days
060,a04-031-02-05 of
060,a04-031-02-06 talks
060,a04-031-02-07 with
060,a04-031-03-00 Kennedy
060,a04-031-03-02 writes
060,a04-031-03-03 Dennis
060,a04-031-03-04 Ogden
060,a04-031-03-05 from
060,a04-031-03-06 Moscow
060,a04-031-03-08 The
060,a04-031-04-00 good
060,a04-031-04-02 made
060,a04-031-04-03 at
060,a04-031-04-04 Vienna
060,a04-031-04-05 must
060,a04-031-04-06 be
060,a04-031-05-01 up
060,a04-031-05-02 by
060,a04-031-05-03 new
060,a04-031-05-04 efforts
060,a04-031-05-05 for
060,a04-031-05-06 peace
060,a04-031-05-08 the
060,a04-031-06-00 Soviet
060,a04-031-06-02 Party
060,a04-031-06-04 Pravda
060,a04-031-07-03 Events
060,a04-031-07-04 in
060,a04-031-07-05 Vienna
060,a04-031-07-07 gave
060,a04-031-07-08 hope
060,a04-031-08-00 to
060,a04-031-08-01 people
060,a04-031-08-02 of
060,a04-031-08-04 who
060,a04-031-08-05 hate
060,a04-031-08-06 the
060,a04-031-08-07 cold
060,a04-031-08-08 war
060,a04-031-09-00 and
060,a04-031-09-01 to
060,a04-031-09-02 all
060,a04-031-09-03 who
060,a04-031-09-04 are
060,a04-031-09-06 for
060,a04-031-09-08 stable
060,a04-031-09-09 peace
060,a04-035-00-02 over
060,a04-035-00-03 the
060,a04-035-00-04 results
060,a04-035-00-05 of
060,a04-035-00-06 the
060,a04-035-00-07 Vienna
060,a04-035-01-00 meeting
060,a04-035-01-03 people
060,a04-035-01-04 will
060,a04-035-01-05 say
060,a04-035-02-00 good
060,a04-035-02-08 at
060,a04-035-02-09 the
060,a04-035-03-00 airport
060,a04-035-03-01 to
060,a04-035-03-02 join
060,a04-035-03-05 in
060,a04-035-04-01 Sukarno
060,a04-035-04-04 and
060,a04-035-04-05 Prime
060,a04-035-04-07 of
060,a04-035-05-02 who
060,a04-035-05-03 arrived
060,a04-035-05-04 by
060,a04-035-05-05 Boeing
060,a04-035-05-07 jet
060,a04-035-05-08 on
060,a04-035-06-00 state
060,a04-035-06-01 visit
060,a04-035-06-03 minutes
060,a04-035-06-04 after
060,a04-035-06-07 had
060,a04-035-07-00 arrived
060,a04-035-07-01 from
060,a04-035-07-02 Vienna
060,a04-035-07-08 crowd
060,a04-035-08-00 of
060,a04-035-08-03 broke
060,a04-035-08-04 through
060,a04-035-08-05 crash
060,a04-035-09-00 to
060,a04-035-09-02 their
060,a04-035-09-04 on
060,a04-035-09-05 the
060,a04-035-09-06 tarmac
060,a04-035-09-07 for
060,a04-039-00-00 In
060,a04-039-00-01 VIENNA
060,a04-039-00-03 before
060,a04-039-00-04 flying
060,a04-039-00-05 off
060,a04-039-00-06 to
060,a04-039-00-07 Moscow
060,a04-039-01-02 said
060,a04-039-01-03 he
060,a04-039-01-04 hoped
060,a04-039-01-05 his
060,a04-039-01-06 weekend
060,a04-039-02-00 talks
060,a04-039-02-01 with
060,a04-039-02-03 Kennedy
060,a04-039-02-04 would
060,a04-039-02-06 help
060,a04-039-02-08 to
060,a04-039-03-01 an
060,a04-039-03-03 peace
060,a04-039-03-04 between
060,a04-039-03-05 nations
060,a04-039-04-01 to
060,a04-039-04-04 speech
060,a04-039-04-05 from
060,a04-039-05-00 Schaerf
060,a04-039-05-02 the
060,a04-039-05-03 Soviet
060,a04-039-05-04 Premier
060,a04-039-05-05 thanked
060,a04-039-05-06 Austria
060,a04-039-05-07 for
060,a04-039-06-00 the
060,a04-039-06-02 and
060,a04-039-06-03 welcome
060,a04-039-06-04 he
060,a04-039-06-05 had
060,a04-039-07-01 The
060,a04-039-07-02 Soviet
060,a04-039-07-03 Union
060,a04-039-07-04 has
060,a04-039-07-05 always
060,a04-039-07-06 striven
060,a04-039-07-07 and
060,a04-039-07-08 is
060,a04-039-08-01 to
060,a04-039-08-03 an
060,a04-039-08-05 peace
060,a04-039-08-06 for
060,a04-039-09-00 the
060,a04-039-09-01 peoples
060,a04-039-09-03 to
060,a04-039-09-04 secure
060,a04-039-09-05 an
060,a04-039-09-06 early
060,a04-039-09-08 of
060,a04-039-09-09 the
060,a04-043-00-02 today
060,a04-043-01-00 defence
060,a04-043-01-01 of
060,a04-043-01-02 the
060,a04-043-01-03 Polaris
060,a04-043-01-04 missile
060,a04-043-01-05 base
060,a04-043-01-07 And
060,a04-043-01-08 by
060,a04-043-02-01 he
060,a04-043-02-03 the
060,a04-043-02-05 of
060,a04-043-03-00 sites
060,a04-043-03-01 in
060,a04-043-03-02 Britain
060,a04-043-03-03 for
060,a04-043-03-04 the
060,a04-043-03-06 of
060,a04-043-03-07 German
060,a04-043-04-00 troops
060,a04-043-04-02 His
060,a04-043-04-03 main
060,a04-043-04-04 theme
060,a04-043-04-05 was
060,a04-043-04-06 that
060,a04-043-04-07 nuclear
060,a04-043-05-00 weapons
060,a04-043-05-01 were
060,a04-043-05-03 to
060,a04-043-05-04 defend
060,a04-043-05-05 Britain
060,a04-043-05-07 that
060,a04-043-06-00 Britain
060,a04-043-06-01 must
060,a04-043-06-02 depend
060,a04-043-06-03 on
060,a04-043-06-04 Nato
060,a04-043-06-05 and
060,a04-043-06-07 the
060,a04-043-06-08 West
060,a04-043-07-00 must
060,a04-043-07-01 have
060,a04-043-07-02 nuclear
060,a04-043-07-03 weapons
060,a04-043-07-04 so
060,a04-043-07-05 long
060,a04-043-07-06 as
060,a04-043-07-07 the
060,a04-043-08-00 Soviet
060,a04-043-08-01 Union
060,a04-043-08-02 has
060,a04-043-08-03 them
