228,e02-100-00-00 Most
228,e02-100-00-01 tools
228,e02-100-00-02 have
228,e02-100-00-03 to
228,e02-100-00-04 lead
228,e02-100-00-05 an
228,e02-100-00-07 life
228,e02-100-00-09 and
228,e02-100-00-10 faults
228,e02-100-01-00 in
228,e02-100-01-01 design
228,e02-100-01-02 or
228,e02-100-01-03 quality
228,e02-100-01-04 soon
228,e02-100-01-05 become
228,e02-100-01-08 It
228,e02-100-01-09 is
228,e02-100-01-10 far
228,e02-100-02-00 better
228,e02-100-02-01 to
228,e02-100-02-02 pay
228,e02-100-02-03 the
228,e02-100-02-04 fair
228,e02-100-02-05 price
228,e02-100-02-06 for
228,e02-100-02-08 tool
228,e02-100-02-09 of
228,e02-100-02-10 good
228,e02-100-03-00 quality
228,e02-100-03-02 and
228,e02-100-03-03 not
228,e02-100-03-06 from
228,e02-100-03-07 the
228,e02-100-03-08 start
228,e02-100-04-00 To
228,e02-100-04-01 put
228,e02-100-04-02 it
228,e02-100-04-03 in
228,e02-100-04-07 way
228,e02-100-04-09 do
228,e02-100-04-10 not
228,e02-100-04-11 allow
228,e02-100-05-01 to
228,e02-100-05-02 blame
228,e02-100-05-03 the
228,e02-100-05-04 tools
228,e02-100-05-05 when
228,e02-100-05-06 the
228,e02-100-05-07 job
228,e02-100-05-08 does
228,e02-100-06-00 not
228,e02-100-06-01 turn
228,e02-100-06-02 out
228,e02-100-06-03 quite
228,e02-100-06-04 right
