007,a01-014-00-00 Sir
007,a01-014-00-02 United
007,a01-014-00-03 Federal
007,a01-014-00-04 Party
007,a01-014-00-05 is
007,a01-014-01-00 the
007,a01-014-01-01 London
007,a01-014-01-02 talks
007,a01-014-01-03 on
007,a01-014-01-04 the
007,a01-014-02-00 future
007,a01-014-02-02 Said
007,a01-014-02-05 last
007,a01-014-02-06 night
007,a01-014-03-01 We
007,a01-014-03-02 want
007,a01-014-03-03 to
007,a01-014-03-04 discuss
007,a01-014-03-05 what
007,a01-014-03-06 to
007,a01-014-03-07 do
007,a01-014-03-08 if
007,a01-014-03-09 the
007,a01-014-04-00 British
007,a01-014-04-02 gives
007,a01-014-04-03 in
007,a01-014-04-04 to
007,a01-014-04-05 Sir
007,a01-014-04-06 Roy
007,a01-014-04-07 and
007,a01-014-05-00 the
007,a01-014-05-01 talks
007,a01-014-05-02 fall
007,a01-014-05-03 through
007,a01-014-05-05 There
007,a01-014-05-06 are
007,a01-014-05-07 bound
007,a01-014-06-00 to
007,a01-014-06-01 be
007,a01-014-06-06 Sir
007,a01-014-07-00 chief
007,a01-014-07-01 aide
007,a01-014-07-04 Julius
007,a01-014-08-00 his
007,a01-014-08-01 chief
007,a01-014-08-03 report
007,a01-014-08-04 on
007,a01-014-08-05 his
007,a01-014-08-06 talks
007,a01-014-08-07 with
007,a01-014-09-02 at
007,a01-038-00-01 Macleod
007,a01-038-00-02 thought
007,a01-038-00-03 the
007,a01-038-00-04 two
007,a01-038-01-00 parties
007,a01-038-01-01 had
007,a01-038-01-02 refused
007,a01-038-01-03 to
007,a01-038-01-04 attend
007,a01-038-01-05 the
007,a01-038-01-06 talks
007,a01-038-02-00 because
007,a01-038-02-01 Sir
007,a01-038-02-02 Roy
007,a01-038-02-03 had
007,a01-038-02-04 found
007,a01-038-03-00 sent
007,a01-038-03-01 from
007,a01-038-03-02 the
007,a01-038-03-04 were
007,a01-038-04-00 tory
007,a01-038-04-03 African
007,a01-038-04-05 to
007,a01-038-04-06 the
007,a01-038-04-07 talks
007,a01-038-05-00 day
007,a01-038-05-01 called
007,a01-038-05-02 on
007,a01-038-05-05 to
007,a01-038-05-06 cease
007,a01-038-05-07 his
007,a01-038-06-01 with
007,a01-038-06-02 Sir
007,a01-038-07-01 Julius
007,a01-038-07-04 He
007,a01-038-07-05 was
007,a01-038-07-06 at
007,a01-038-08-00 quers
007,a01-038-08-01 last
007,a01-038-08-04 They
007,a01-038-08-05 said
007,a01-038-08-06 they
007,a01-038-09-01 with
007,a01-038-09-03 growing
007,a01-038-09-04 anger
007,a01-038-09-06 the
007,a01-038-09-08 gross
007,a01-038-10-00 and
007,a01-038-10-04 by
007,a01-038-11-00 Sir
007,a01-038-11-02 Federal
007,a01-038-11-04 in
007,a01-038-11-05 the
007,a01-038-12-00 talks
