513,m01-104-00-01 The
513,m01-104-00-02 Thetans
513,m01-104-00-05 he
513,m01-104-00-06 said
513,m01-104-00-09 are
513,m01-104-00-11 here
513,m01-104-00-12 to
513,m01-104-01-00 take
513,m01-104-01-01 charge
513,m01-104-01-03 as
513,m01-104-01-04 it
513,m01-104-01-05 were
513,m01-104-01-07 of
513,m01-104-01-08 the
513,m01-104-01-09 minds
513,m01-104-01-10 of
513,m01-104-01-11 the
513,m01-104-02-00 people
513,m01-104-02-02 who
513,m01-104-02-03 are
513,m01-104-02-05 falling
513,m01-104-02-06 all
513,m01-104-02-07 over
513,m01-104-03-00 selves
513,m01-104-03-01 in
513,m01-104-03-02 their
513,m01-104-03-03 zeal
513,m01-104-03-04 to
513,m01-104-03-05 get
513,m01-104-03-06 their
513,m01-104-03-07 orders
513,m01-104-03-08 and
513,m01-104-03-09 to
513,m01-104-03-10 carry
513,m01-104-04-00 them
513,m01-104-04-01 out
513,m01-104-04-03 Just
513,m01-104-04-04 what
513,m01-104-04-05 these
513,m01-104-04-06 orders
513,m01-104-04-07 will
513,m01-104-04-08 be
513,m01-104-04-10 we
513,m01-104-05-00 know
513,m01-104-05-02 Now
513,m01-104-05-04 because
513,m01-104-05-05 of
513,m01-104-05-06 prior
513,m01-104-05-08 we
513,m01-104-05-09 have
513,m01-104-06-00 caped
513,m01-104-06-01 Thetan
513,m01-104-06-04 This
513,m01-104-06-05 time
513,m01-104-06-07 But
513,m01-104-06-08 we
513,m01-104-06-09 no
513,m01-104-07-00 longer
513,m01-104-07-01 have
513,m01-104-07-02 any
513,m01-121-00-00 There
513,m01-121-00-01 is
513,m01-121-00-02 just
513,m01-121-00-04 hope
513,m01-121-00-05 that
513,m01-121-00-06 we
513,m01-121-00-07 may
513,m01-121-00-08 uncover
513,m01-121-01-00 some
513,m01-121-01-03 and
513,m01-121-01-04 find
513,m01-121-01-06 way
513,m01-121-01-07 of
513,m01-121-02-00 back
513,m01-121-02-01 at
513,m01-121-02-02 them
513,m01-121-02-05 Heather
513,m01-121-02-06 agreed
513,m01-121-02-08 and
513,m01-121-03-00 that
513,m01-121-03-01 they
513,m01-121-03-02 use
513,m01-121-03-03 Dan
513,m01-121-03-04 as
513,m01-121-04-00 ting
513,m01-121-04-01 how
513,m01-121-04-02 the
513,m01-121-04-03 Thetan
513,m01-121-04-05 had
513,m01-121-04-06 been
513,m01-121-05-00 working
513,m01-121-05-01 out
513,m01-121-05-03 It
513,m01-121-05-05 to
513,m01-121-05-06 Steve
513,m01-121-05-07 that
513,m01-121-05-08 this
513,m01-121-05-09 may
513,m01-121-06-00 not
513,m01-121-06-01 have
513,m01-121-06-02 been
513,m01-121-06-04 an
513,m01-121-07-00 on
513,m01-121-07-01 her
513,m01-121-07-02 part
513,m01-121-07-04 but
513,m01-121-07-05 he
513,m01-121-07-06 thought
513,m01-121-07-07 it
513,m01-121-07-09 good
513,m01-121-07-10 idea
