196,d04-111-00-03 Matzo
196,d04-111-00-05 Peshat
196,d04-111-00-10 Moraur
196,d04-111-01-01 Remez
196,d04-111-02-00 Derush
196,d04-111-02-07 Saud
196,d04-111-03-01 This
196,d04-111-03-02 is
196,d04-111-03-03 the
196,d04-111-03-04 PARDUS
196,d04-111-03-07 Matzo
196,d04-111-04-00 the
196,d04-111-04-01 literal
196,d04-111-04-02 meaning
196,d04-111-04-03 of
196,d04-111-04-04 Pesach
196,d04-111-04-05 which
196,d04-111-05-00 is
196,d04-111-05-01 called
196,d04-111-05-03 The
196,d04-111-05-04 Feast
196,d04-111-05-05 of
196,d04-111-05-06 Matzos
196,d04-111-05-08 The
196,d04-111-06-02 the
196,d04-111-07-01 and
196,d04-111-07-02 this
196,d04-111-07-03 gives
196,d04-111-07-04 us
196,d04-111-07-07 wink
196,d04-111-07-10 Remez
196,d04-111-08-00 how
196,d04-111-08-01 to
196,d04-111-08-02 live
196,d04-111-08-03 and
196,d04-111-08-04 accept
196,d04-111-08-05 all
196,d04-111-08-06 the
196,d04-111-09-00 that
196,d04-111-09-01 is
196,d04-111-09-02 hurled
196,d04-111-09-03 against
196,d04-111-09-04 us
196,d04-111-09-06 The
196,d04-111-10-00 and
196,d04-111-10-01 the
196,d04-111-10-02 sweet
196,d04-111-10-03 Mortar
196,d04-111-10-04 in
196,d04-111-10-05 which
196,d04-111-10-06 we
196,d04-111-11-00 the
196,d04-111-11-02 of
196,d04-111-11-03 the
196,d04-111-11-04 Law
196,d04-111-11-05 and
196,d04-111-11-06 that
196,d04-111-11-07 we
196,d04-111-11-08 should
