625,p03-135-00-00 Her
625,p03-135-00-01 figure
625,p03-135-00-02 was
625,p03-135-00-03 small
625,p03-135-00-04 and
625,p03-135-00-07 like
625,p03-135-00-10 still
625,p03-135-00-12 and
625,p03-135-01-00 he
625,p03-135-01-01 admired
625,p03-135-01-02 her
625,p03-135-01-03 legs
625,p03-135-01-05 which
625,p03-135-01-06 the
625,p03-135-01-07 male
625,p03-135-01-08 sex
625,p03-135-01-09 were
625,p03-135-01-11 to
625,p03-135-02-00 regard
625,p03-135-02-01 first
625,p03-135-02-05 would
625,p03-135-02-06 mind
625,p03-135-02-07 if
625,p03-135-02-08 you
625,p03-135-02-11 he
625,p03-135-02-12 told
625,p03-135-02-13 her
625,p03-135-03-00 grimly
625,p03-135-03-02 and
625,p03-135-03-03 tugged
625,p03-135-03-04 her
625,p03-135-03-06 into
625,p03-135-03-07 his
625,p03-135-03-08 arms
625,p03-135-03-11 You
625,p03-135-04-00 right
625,p03-135-04-02 pet
625,p03-135-04-05 do
625,p03-135-04-06 need
625,p03-135-04-07 this
625,p03-135-04-08 leave
625,p03-135-04-13 and
625,p03-135-05-00 broody
625,p03-135-05-01 and
625,p03-135-05-02 going
625,p03-135-05-03 out
625,p03-135-05-04 with
625,p03-135-05-05 brash
625,p03-135-05-06 blondes
625,p03-135-05-10 deserve
625,p03-135-06-00 you
