506,m01-049-00-00 He
506,m01-049-00-01 rose
506,m01-049-00-02 from
506,m01-049-00-03 his
506,m01-049-00-05 bench
506,m01-049-01-00 and
506,m01-049-01-01 came
506,m01-049-01-02 into
506,m01-049-01-03 the
506,m01-049-01-06 where
506,m01-049-02-00 Heather
506,m01-049-02-01 and
506,m01-049-02-02 Steve
506,m01-049-02-03 stood
506,m01-049-02-04 aghast
506,m01-049-02-05 at
506,m01-049-03-00 his
506,m01-049-03-03 He
506,m01-049-03-04 came
506,m01-049-03-06 almost
506,m01-049-03-07 falling
506,m01-049-04-00 forward
506,m01-049-04-01 in
506,m01-049-04-02 an
506,m01-049-04-04 shuffle
506,m01-049-04-06 neck
506,m01-049-05-00 thrust
506,m01-049-05-01 out
506,m01-049-05-03 arms
506,m01-049-05-05 loosely
506,m01-049-06-00 Then
506,m01-049-06-04 he
506,m01-049-06-05 drew
506,m01-049-06-06 himself
506,m01-049-06-07 up
506,m01-049-07-00 and
506,m01-049-07-01 walked
506,m01-049-07-02 on
506,m01-049-07-03 the
506,m01-049-07-04 very
506,m01-049-07-05 tips
506,m01-049-07-06 of
506,m01-049-08-00 his
506,m01-049-08-01 toes
506,m01-049-08-03 He
506,m01-049-08-05 his
506,m01-049-08-06 arms
506,m01-049-09-00 over
506,m01-049-09-01 his
506,m01-049-09-02 head
506,m01-049-09-03 and
506,m01-049-09-04 yawned
506,m01-049-09-05 agape
506,m01-049-10-01 great
506,m01-049-10-02 breaths
506,m01-049-10-03 that
506,m01-049-11-00 became
506,m01-049-11-01 great
506,m01-049-11-02 sighs
506,m01-049-11-03 of
506,m01-049-11-04 ecstacy
