238,e04-079-00-00 Cut
238,e04-079-00-01 the
238,e04-079-00-02 moulds
238,e04-079-00-03 and
238,e04-079-00-04 the
238,e04-079-01-01 to
238,e04-079-01-02 shape
238,e04-079-01-03 as
238,e04-079-01-04 in
238,e04-079-01-05 the
238,e04-079-02-03 If
238,e04-079-02-04 you
238,e04-079-02-05 have
238,e04-079-03-01 wooden
238,e04-079-03-02 floor
238,e04-079-03-03 you
238,e04-079-03-04 can
238,e04-079-03-05 use
238,e04-079-04-03 frames
238,e04-079-04-05 to
238,e04-079-04-06 the
238,e04-079-04-07 floor
238,e04-079-05-00 if
238,e04-079-05-01 not
238,e04-079-05-03 use
238,e04-079-05-05 strong
238,e04-079-06-00 frame
238,e04-079-06-01 that
238,e04-079-06-02 will
238,e04-079-06-03 sit
238,e04-079-06-04 firmly
238,e04-079-06-05 on
238,e04-079-07-00 the
238,e04-079-07-01 ground
238,e04-079-07-02 or
238,e04-079-07-04 floor
238,e04-079-08-00 use
238,e04-079-08-02 heavy
238,e04-079-08-03 old
238,e04-079-08-04 base
238,e04-079-08-05 as
238,e04-079-08-06 in
