568,n02-151-00-00 Their
568,n02-151-00-01 air
568,n02-151-00-02 of
568,n02-151-00-03 smiling
568,n02-151-00-05 showed
568,n02-151-00-06 them
568,n02-151-01-00 to
568,n02-151-01-01 have
568,n02-151-01-02 been
568,n02-151-01-03 guests
568,n02-151-01-04 at
568,n02-151-02-02 and
568,n02-151-02-03 their
568,n02-151-02-05 welcome
568,n02-151-03-00 and
568,n02-151-03-01 warm
568,n02-151-03-04 as
568,n02-151-03-05 she
568,n02-151-04-00 how
568,n02-151-04-01 she
568,n02-151-04-02 had
568,n02-151-04-03 come
568,n02-151-04-04 to
568,n02-151-04-05 miss
568,n02-151-04-06 the
568,n02-151-04-07 party
568,n02-151-05-00 made
568,n02-151-05-01 her
568,n02-151-05-02 send
568,n02-151-05-05 glance
568,n02-151-06-00 in
568,n02-151-06-04 What
568,n02-151-06-07 the
568,n02-151-07-00 man
568,n02-151-07-01 was
568,n02-151-07-03 she
568,n02-151-07-04 thought
568,n02-151-08-00 trying
568,n02-151-08-01 to
568,n02-151-08-02 worry
568,n02-151-08-03 her
568,n02-151-08-04 into
568,n02-151-08-05 the
568,n02-151-08-06 belief
568,n02-151-09-00 that
568,n02-151-09-01 her
568,n02-151-09-02 failure
568,n02-151-09-03 to
568,n02-151-09-04 appear
568,n02-151-09-05 at
568,n02-151-10-00 on
568,n02-151-10-01 the
568,n02-151-10-02 estate
568,n02-151-10-03 was
568,n02-151-10-05 major
568,n02-151-10-06 error
