338,g06-026g-00-02 life
338,g06-026g-00-03 truly
338,g06-026g-00-06 It
338,g06-026g-00-07 so
338,g06-026g-00-08 happens
338,g06-026g-00-09 that
338,g06-026g-00-11 have
338,g06-026g-00-12 an
338,g06-026g-00-13 Italian
338,g06-026g-01-00 who
338,g06-026g-01-01 is
338,g06-026g-01-02 perhaps
338,g06-026g-01-03 the
338,g06-026g-01-04 best
338,g06-026g-01-05 Valet
338,g06-026g-01-06 de
338,g06-026g-01-07 Chambre
338,g06-026g-01-08 that
338,g06-026g-01-09 ever
338,g06-026g-01-10 was
338,g06-026g-01-12 But
338,g06-026g-02-00 he
338,g06-026g-02-01 has
338,g06-026g-02-02 not
338,g06-026g-02-03 one
338,g06-026g-02-04 word
338,g06-026g-02-05 of
338,g06-026g-02-06 English
338,g06-026g-02-09 While
338,g06-026g-02-10 he
338,g06-026g-02-11 was
338,g06-026g-02-12 writing
338,g06-026g-02-13 this
338,g06-026g-03-00 letter
338,g06-026g-03-01 he
338,g06-026g-03-02 heard
338,g06-026g-03-03 of
338,g06-026g-03-04 the
338,g06-026g-03-05 fall
338,g06-026g-03-06 of
338,g06-026g-03-07 the
338,g06-026g-03-08 Whigs
338,g06-026g-03-10 and
338,g06-026g-03-11 the
338,g06-026g-04-01 of
338,g06-026g-04-02 the
338,g06-026g-04-04 by
338,g06-026g-04-05 the
338,g06-026g-04-06 Duke
338,g06-026g-04-07 of
338,g06-042g-00-00 Nor
338,g06-042g-00-01 is
338,g06-042g-00-02 this
338,g06-042g-00-03 to
338,g06-042g-00-04 be
338,g06-042g-00-06 at
338,g06-042g-00-08 for
338,g06-042g-00-09 even
338,g06-042g-00-10 today
338,g06-042g-00-12 in
338,g06-042g-00-13 the
338,g06-042g-01-00 no
338,g06-042g-01-01 cure
338,g06-042g-01-02 has
338,g06-042g-01-03 been
338,g06-042g-01-04 found
338,g06-042g-01-05 for
338,g06-042g-01-06 the
338,g06-042g-01-10 As
338,g06-042g-02-00 early
338,g06-042g-02-01 as
338,g06-042g-02-04 when
338,g06-042g-02-07 himself
338,g06-042g-02-08 to
338,g06-042g-02-09 be
338,g06-042g-02-10 on
338,g06-042g-02-11 the
338,g06-042g-03-00 point
338,g06-042g-03-01 of
338,g06-042g-03-02 death
338,g06-042g-03-04 the
338,g06-042g-03-05 new
338,g06-042g-03-06 German
338,g06-042g-03-08 method
338,g06-042g-03-09 known
338,g06-042g-03-10 as
338,g06-042g-04-01 had
338,g06-042g-04-02 been
338,g06-042g-04-03 brought
338,g06-042g-04-04 to
338,g06-042g-04-05 his
338,g06-042g-04-06 notice
338,g06-037g-00-00 God
338,g06-037g-00-01 grant
338,g06-037g-00-03 however
338,g06-037g-00-05 that
338,g06-037g-00-07 may
338,g06-037g-00-08 be
338,g06-037g-00-10 false
338,g06-037g-00-11 prophet
338,g06-037g-01-01 that
338,g06-037g-01-02 all
338,g06-037g-01-03 may
338,g06-037g-01-04 go
338,g06-037g-01-05 well
338,g06-037g-01-07 Sir
338,g06-037g-01-09 Peel
338,g06-037g-01-10 was
338,g06-037g-01-11 here
338,g06-037g-02-00 but
338,g06-037g-02-01 an
338,g06-037g-02-02 express
338,g06-037g-02-03 took
338,g06-037g-02-04 him
338,g06-037g-02-05 off
338,g06-037g-03-00 While
338,g06-037g-03-01 he
338,g06-037g-03-02 was
338,g06-037g-03-03 in
338,g06-037g-03-04 Naples
338,g06-037g-03-05 there
338,g06-037g-03-06 had
338,g06-037g-03-07 opened
338,g06-037g-03-09 new
338,g06-037g-03-10 chapter
338,g06-037g-03-11 in
338,g06-037g-04-00 the
338,g06-037g-04-01 history
338,g06-037g-04-02 of
338,g06-037g-04-05 search
338,g06-037g-04-06 for
338,g06-037g-04-07 an
338,g06-037g-05-01 of
338,g06-037g-05-02 his
338,g06-037g-05-03 painful
338,g06-037g-05-04 malady
338,g06-037g-05-06 None
338,g06-037g-05-07 of
338,g06-037g-05-08 the
338,g06-037g-06-02 to
338,g06-037g-06-03 which
338,g06-037g-06-04 he
338,g06-037g-06-05 had
338,g06-037g-06-06 been
338,g06-037g-07-00 ever
338,g06-037g-07-01 since
338,g06-037g-07-02 the
338,g06-037g-07-04 had
338,g06-037g-07-05 first
338,g06-037g-07-06 shown
338,g06-037g-08-01 years
338,g06-037g-08-02 before
338,g06-037g-08-03 had
338,g06-037g-08-04 had
338,g06-037g-08-05 the
338,g06-037g-08-07 effect
338,g06-031g-00-01 What
338,g06-031g-00-04 event
338,g06-031g-00-07 he
338,g06-031g-00-08 wrote
338,g06-031g-00-12 tremble
338,g06-031g-00-14 What
338,g06-031g-01-04 am
338,g06-031g-01-07 but
338,g06-031g-01-09 really
338,g06-031g-02-00 tremble
338,g06-031g-02-01 for
338,g06-031g-02-02 my
338,g06-031g-02-03 country
338,g06-031g-02-06 may
338,g06-031g-02-07 be
338,g06-031g-02-12 cannot
338,g06-031g-03-00 but
338,g06-031g-03-01 fear
338,g06-031g-03-02 that
338,g06-031g-03-03 the
338,g06-031g-03-05 of
338,g06-031g-03-06 the
338,g06-031g-03-07 People
338,g06-031g-03-08 will
338,g06-031g-03-09 be
338,g06-031g-03-10 so
338,g06-031g-03-11 great
338,g06-031g-04-00 at
338,g06-031g-04-01 the
338,g06-031g-04-02 return
338,g06-031g-04-03 of
338,g06-031g-04-06 that
338,g06-031g-04-07 the
338,g06-031g-04-08 Commons
338,g06-031g-04-09 House
338,g06-031g-05-00 upon
338,g06-031g-05-04 which
338,g06-031g-05-05 must
338,g06-031g-05-06 be
338,g06-031g-05-07 had
338,g06-031g-05-09 will
338,g06-031g-05-10 be
338,g06-031g-05-12 mass
338,g06-031g-06-00 of
338,g06-031g-06-04 then
338,g06-031g-06-05 God
338,g06-031g-06-06 knows
338,g06-031g-06-07 what
338,g06-031g-06-08 may
338,g06-031g-06-09 happen
338,g06-011g-00-00 By
338,g06-011g-00-01 the
338,g06-011g-00-02 end
338,g06-011g-00-03 of
338,g06-011g-00-04 the
338,g06-011g-00-05 month
338,g06-011g-00-06 he
338,g06-011g-00-07 still
338,g06-011g-00-09 in
338,g06-011g-00-10 Naples
338,g06-011g-00-12 He
338,g06-011g-00-13 told
338,g06-011g-01-01 that
338,g06-011g-01-02 he
338,g06-011g-01-03 enjoyed
338,g06-011g-01-04 it
338,g06-011g-01-05 as
338,g06-011g-01-06 much
338,g06-011g-01-07 as
338,g06-011g-01-08 his
338,g06-011g-01-09 health
338,g06-011g-02-01 him
338,g06-011g-02-02 to
338,g06-011g-02-03 enjoy
338,g06-011g-02-07 The
338,g06-011g-02-08 Pearl
338,g06-011g-02-11 he
338,g06-011g-02-12 wrote
338,g06-011g-02-15 is
338,g06-011g-03-00 arrived
338,g06-011g-03-02 which
338,g06-011g-03-03 is
338,g06-011g-03-05 great
338,g06-011g-03-09 seems
338,g06-011g-03-10 to
338,g06-011g-03-11 be
338,g06-011g-04-00 tired
338,g06-011g-04-02 he
338,g06-011g-04-03 is
338,g06-011g-04-04 going
338,g06-011g-04-05 out
338,g06-011g-04-06 fast
338,g06-011g-04-09 What
338,g06-011g-04-11 gay
338,g06-011g-04-13 lively
338,g06-011g-04-14 people
338,g06-011g-05-00 and
338,g06-011g-05-01 what
338,g06-011g-05-03 busy
338,g06-011g-05-04 town
338,g06-011g-05-06 At
338,g06-011g-05-07 Rome
338,g06-011g-05-09 every
338,g06-011g-05-10 other
338,g06-011g-05-11 man
338,g06-011g-05-12 was
338,g06-011g-06-01 priest
338,g06-011g-06-03 here
338,g06-011g-06-04 the
338,g06-011g-06-05 priest
338,g06-011g-06-06 is
338,g06-011g-06-08 by
338,g06-011g-06-09 the
338,g06-011g-06-10 soldier
338,g06-011g-07-01 change
338,g06-011g-07-02 in
338,g06-011g-07-03 my
338,g06-011g-07-04 eye
338,g06-011g-07-07 as
338,g06-011g-07-08 the
338,g06-011g-07-09 troops
338,g06-011g-08-00 are
338,g06-011g-08-01 very
338,g06-011g-08-02 fine
338,g06-045g-00-00 In
338,g06-045g-00-01 April
338,g06-045g-00-02 of
338,g06-045g-00-03 that
338,g06-045g-00-04 year
338,g06-045g-00-05 his
338,g06-045g-00-06 first
338,g06-045g-00-10 the
338,g06-045g-01-01 Lord
338,g06-045g-01-04 had
338,g06-045g-01-05 written
338,g06-045g-01-06 to
338,g06-045g-01-07 advise
338,g06-045g-02-00 to
338,g06-045g-02-01 give
338,g06-045g-02-02 the
338,g06-045g-02-03 system
338,g06-045g-02-05 trial
338,g06-045g-02-07 adding
338,g06-045g-02-08 that
338,g06-045g-02-09 it
338,g06-045g-02-10 was
338,g06-045g-02-11 being
338,g06-045g-03-00 with
338,g06-045g-03-02 success
338,g06-045g-03-03 in
338,g06-045g-03-04 France
338,g06-045g-03-05 and
338,g06-045g-03-06 Italy
338,g06-045g-03-08 and
338,g06-045g-03-09 that
338,g06-045g-03-10 he
338,g06-045g-04-00 himself
338,g06-045g-04-01 was
338,g06-045g-04-02 being
338,g06-045g-04-03 treated
338,g06-045g-04-04 under
338,g06-045g-04-06 doctor
338,g06-045g-04-07 who
338,g06-045g-04-08 had
338,g06-045g-04-09 studied
338,g06-045g-05-00 under
338,g06-045g-05-01 its
338,g06-045g-05-02 founder
338,g06-045g-05-04 the
338,g06-045g-05-05 aged
338,g06-045g-05-07 Samuel
338,g06-018g-00-00 When
338,g06-018g-00-01 the
338,g06-018g-00-02 sailing
338,g06-018g-00-03 season
338,g06-018g-00-04 was
338,g06-018g-00-05 past
338,g06-018g-00-07 he
338,g06-018g-00-08 sent
338,g06-018g-00-09 Pearl
338,g06-018g-00-10 back
338,g06-018g-00-11 to
338,g06-018g-01-00 England
338,g06-018g-01-02 and
338,g06-018g-01-04 to
338,g06-018g-01-05 Rome
338,g06-018g-01-06 for
338,g06-018g-01-07 the
338,g06-018g-01-08 winter
338,g06-018g-01-10 In
338,g06-018g-01-11 late
338,g06-018g-02-02 he
338,g06-018g-02-03 was
338,g06-018g-02-06 as
338,g06-018g-02-07 usual
338,g06-018g-02-10 but
338,g06-018g-02-11 hoped
338,g06-018g-02-13 he
338,g06-018g-02-14 told
338,g06-018g-03-00 Arthur
338,g06-018g-03-03 to
338,g06-018g-03-04 find
338,g06-018g-03-05 this
338,g06-018g-03-06 place
338,g06-018g-03-07 agree
338,g06-018g-03-08 with
338,g06-018g-03-09 me
338,g06-018g-03-10 better
338,g06-018g-03-11 than
338,g06-018g-03-12 Naples
338,g06-018g-04-00 The
338,g06-018g-04-01 journey
338,g06-018g-04-02 has
338,g06-018g-04-03 been
338,g06-018g-04-04 against
338,g06-018g-04-05 me
338,g06-018g-04-07 as
338,g06-018g-04-08 there
338,g06-018g-04-09 has
338,g06-018g-04-10 been
338,g06-018g-04-11 much
338,g06-018g-05-00 rain
338,g06-018g-05-01 and
338,g06-018g-05-02 damp
338,g06-018g-05-04 but
338,g06-018g-05-05 the
338,g06-018g-05-07 is
338,g06-018g-05-08 high
338,g06-018g-05-11 have
338,g06-018g-05-12 not
338,g06-018g-06-00 yet
338,g06-018g-06-01 thought
338,g06-018g-06-02 of
338,g06-018g-06-04 fire
338,g06-050g-00-01 first
338,g06-050g-00-02 action
338,g06-050g-00-03 was
338,g06-050g-00-04 to
338,g06-050g-00-05 write
338,g06-050g-00-06 to
338,g06-050g-00-07 his
338,g06-050g-00-08 revered
338,g06-050g-00-09 master
338,g06-050g-01-00 at
338,g06-050g-01-03 near
338,g06-050g-01-04 Leipzig
338,g06-050g-01-06 asking
338,g06-050g-01-07 for
338,g06-050g-01-08 advice
338,g06-050g-01-10 In
338,g06-050g-01-11 doing
338,g06-050g-01-12 so
338,g06-050g-01-13 he
338,g06-050g-02-01 his
338,g06-050g-02-03 patient
338,g06-050g-02-04 and
338,g06-050g-02-05 his
338,g06-050g-02-08 He
338,g06-050g-02-09 told
338,g06-050g-03-01 that
338,g06-050g-03-02 he
338,g06-050g-03-03 found
338,g06-050g-03-06 strong
338,g06-050g-03-09 man
338,g06-050g-04-00 with
338,g06-050g-04-02 gentle
338,g06-050g-04-03 and
338,g06-050g-04-08 and
338,g06-050g-05-00 sedate
338,g06-050g-05-02 not
338,g06-050g-05-03 easily
338,g06-050g-05-06 patient
338,g06-050g-05-07 and
338,g06-050g-05-11 but
338,g06-050g-05-12 he
338,g06-050g-06-00 appears
338,g06-050g-06-01 to
338,g06-050g-06-02 despair
338,g06-050g-06-03 of
338,g06-050g-06-04 ever
338,g06-050g-06-05 being
338,g06-050g-06-06 cured
338,g06-047g-00-00 This
338,g06-047g-00-02 man
338,g06-047g-00-03 of
338,g06-047g-00-06 whom
338,g06-047g-00-07 Sir
338,g06-047g-00-08 Francis
338,g06-047g-01-00 Burdett
338,g06-047g-01-02 to
338,g06-047g-01-05 year
338,g06-047g-01-06 or
338,g06-047g-01-07 two
338,g06-047g-01-08 later
338,g06-047g-01-09 as
338,g06-047g-02-01 more
338,g06-047g-02-02 like
338,g06-047g-02-04 God
338,g06-047g-02-05 upon
338,g06-047g-02-06 earth
338,g06-047g-02-07 than
338,g06-047g-02-09 human
338,g06-047g-02-10 being
338,g06-047g-02-13 had
338,g06-047g-02-14 an
338,g06-047g-03-01 number
338,g06-047g-03-02 of
338,g06-047g-03-04 among
338,g06-047g-03-06 medical
338,g06-047g-04-00 men
338,g06-047g-04-01 in
338,g06-047g-04-02 the
338,g06-047g-04-03 cities
338,g06-047g-04-04 of
338,g06-047g-04-05 Europe
338,g06-047g-04-07 One
338,g06-047g-04-08 of
338,g06-047g-04-09 these
338,g06-047g-04-10 was
338,g06-047g-04-11 the
338,g06-047g-05-00 Dr
338,g06-047g-05-02 Mauro
338,g06-047g-05-04 whom
338,g06-047g-05-07 in
338,g06-047g-05-08 May
