291,f07-069-00-02 much
291,f07-069-00-03 more
291,f07-069-00-04 of
291,f07-069-01-00 than
291,f07-069-01-01 is
291,f07-069-01-04 as
291,f07-069-01-05 well
291,f07-069-01-06 as
291,f07-069-01-08 human
291,f07-069-02-01 to
291,f07-069-02-03 greater
291,f07-069-02-04 extent
291,f07-069-02-05 than
291,f07-069-02-06 is
291,f07-069-02-07 usually
291,f07-069-02-08 assumed
291,f07-069-03-00 We
291,f07-069-03-02 cannot
291,f07-069-03-04 that
291,f07-069-03-05 Magyar
291,f07-069-03-06 cookery
291,f07-069-03-07 owes
291,f07-069-04-00 one
291,f07-069-04-01 of
291,f07-069-04-02 its
291,f07-069-04-03 most
291,f07-069-04-04 classic
291,f07-069-04-06 to
291,f07-069-04-07 the
291,f07-069-04-08 Turkish
291,f07-069-04-09 rule
291,f07-069-04-10 under
291,f07-069-05-00 which
291,f07-069-05-01 the
291,f07-069-05-03 groaned
291,f07-069-05-04 for
291,f07-069-05-05 nearly
291,f07-069-05-07 years
291,f07-069-06-00 If
291,f07-069-06-01 that
291,f07-069-06-02 country
291,f07-069-06-03 had
291,f07-069-06-04 not
291,f07-069-06-05 been
291,f07-069-06-06 for
291,f07-069-06-07 so
291,f07-069-06-08 long
291,f07-069-06-11 red
291,f07-069-07-00 with
291,f07-069-07-01 the
291,f07-069-07-02 blood
291,f07-069-07-03 shed
291,f07-069-07-04 to
291,f07-069-07-05 defend
291,f07-069-08-00 Hungary
291,f07-069-08-01 would
291,f07-069-08-02 have
291,f07-069-08-03 been
291,f07-069-08-05 of
291,f07-069-08-06 the
291,f07-069-08-08 which
291,f07-069-09-01 many
291,f07-069-09-02 Magyar
291,f07-069-09-03 dishes
291,f07-069-09-04 with
291,f07-069-09-06 vivid
291,f07-069-09-07 and
291,f07-073-00-00 The
291,f07-073-00-02 cuisine
291,f07-073-00-04 the
291,f07-073-01-01 as
291,f07-073-01-02 well
291,f07-073-01-03 as
291,f07-073-01-04 dishes
291,f07-073-01-05 and
291,f07-073-01-06 stews
291,f07-073-01-08 with
291,f07-073-02-01 where
291,f07-073-02-02 the
291,f07-073-02-03 paprika
291,f07-073-02-05 its
291,f07-073-03-00 fire
291,f07-073-03-02 aerian
291,f07-073-03-03 creams
291,f07-073-03-07 and
291,f07-073-04-02 roll
291,f07-073-04-03 created
291,f07-073-04-04 by
291,f07-073-04-06 pastry
291,f07-073-04-07 cook
291,f07-073-04-08 to
291,f07-073-05-01 the
291,f07-073-05-02 victory
291,f07-073-05-03 against
291,f07-073-05-04 the
291,f07-073-05-05 Turks
291,f07-073-05-06 in
291,f07-073-05-09 Spanish
291,f07-073-06-00 cookery
291,f07-073-06-01 is
291,f07-073-06-03 of
291,f07-073-06-06 of
291,f07-073-06-07 Spanish
291,f07-073-06-08 dancing
291,f07-073-07-00 and
291,f07-073-07-01 of
291,f07-073-07-02 Goja
291,f07-073-07-04 it
291,f07-073-07-05 is
291,f07-073-07-06 vivid
291,f07-073-07-08 highly
291,f07-073-08-01 and
291,f07-073-08-02 withal
291,f07-073-08-03 it
291,f07-073-08-04 has
291,f07-073-08-06 sombre
291,f07-073-08-07 ardour
291,f07-073-08-09 with
291,f07-073-09-00 streaks
291,f07-073-09-01 of
291,f07-073-09-02 poetry
291,f07-073-09-04 meat
291,f07-073-09-06 under
291,f07-073-09-07 heavy
291,f07-073-09-08 and
291,f07-081b-00-00 The
291,f07-081b-00-01 French
291,f07-081b-00-02 have
291,f07-081b-00-03 an
291,f07-081b-00-04 inborn
291,f07-081b-00-06 of
291,f07-081b-00-07 good
291,f07-081b-00-08 food
291,f07-081b-00-09 and
291,f07-081b-01-00 the
291,f07-081b-01-01 gusto
291,f07-081b-01-02 which
291,f07-081b-01-03 they
291,f07-081b-01-04 derive
291,f07-081b-01-05 from
291,f07-081b-01-07 is
291,f07-081b-02-00 and
291,f07-081b-02-02 as
291,f07-081b-02-03 well
291,f07-081b-02-04 as
291,f07-081b-02-07 There
291,f07-081b-02-08 is
291,f07-081b-02-09 the
291,f07-081b-02-10 same
291,f07-081b-02-11 finesse
291,f07-081b-03-00 about
291,f07-081b-03-01 their
291,f07-081b-03-02 feeding
291,f07-081b-03-04 the
291,f07-081b-03-05 same
291,f07-081b-03-06 subtle
291,f07-081b-03-08 of
291,f07-081b-03-09 touch
291,f07-081b-04-00 the
291,f07-081b-04-01 same
291,f07-081b-04-03 sense
291,f07-081b-04-04 of
291,f07-081b-04-06 as
291,f07-081b-04-07 exists
291,f07-081b-04-08 among
291,f07-081b-05-00 her
291,f07-081b-05-01 writers
291,f07-081b-05-03 music
291,f07-081b-05-05 and
291,f07-081b-05-06 other
291,f07-081b-05-08 of
291,f07-081b-06-00 things
291,f07-081b-06-01 that
291,f07-081b-06-02 are
291,f07-081b-06-04 French
291,f07-084b-00-00 The
291,f07-084b-00-04 is
291,f07-084b-00-05 as
291,f07-084b-00-06 much
291,f07-084b-01-00 in
291,f07-084b-01-01 France
291,f07-084b-01-02 as
291,f07-084b-01-03 is
291,f07-084b-01-04 tea
291,f07-084b-01-06 among
291,f07-084b-01-08 and
291,f07-084b-01-09 it
291,f07-084b-01-10 is
291,f07-084b-02-01 at
291,f07-084b-02-02 least
291,f07-084b-02-03 once
291,f07-084b-02-05 week
291,f07-084b-02-06 in
291,f07-084b-02-07 every
291,f07-084b-03-04 of
291,f07-084b-03-05 course
291,f07-084b-03-07 waxed
291,f07-084b-04-00 about
291,f07-084b-04-02 and
291,f07-084b-04-03 sang
291,f07-084b-04-05 This
291,f07-084b-05-00 noble
291,f07-084b-05-01 dish
291,f07-084b-05-02 is
291,f07-084b-05-05 sort
291,f07-084b-05-06 of
291,f07-084b-05-07 soup
291,f07-084b-05-09 or
291,f07-084b-05-10 broth
291,f07-084b-05-12 or
291,f07-084b-05-13 brew
291,f07-084b-06-02 of
291,f07-084b-06-03 all
291,f07-084b-06-04 sorts
291,f07-084b-06-05 of
291,f07-084b-06-06 fishes
291,f07-084b-06-07 That
291,f07-084b-07-00 never
291,f07-084b-07-01 could
291,f07-084b-07-02 outdo
291,f07-084b-07-04 Green
291,f07-084b-07-05 herbs
291,f07-084b-07-07 red
291,f07-084b-07-08 peppers
291,f07-084b-07-10 mussels
291,f07-084b-08-00 saffron
291,f07-084b-08-02 Soles
291,f07-084b-08-04 onions
291,f07-084b-08-06 garlic
291,f07-084b-08-08 roach
291,f07-084b-08-09 and
291,f07-084b-08-10 dace
