191,d04-066-00-00 And
191,d04-066-00-01 the
191,d04-066-00-03 in
191,d04-066-00-04 the
191,d04-066-00-05 text
191,d04-066-00-06 is
191,d04-066-00-08 than
191,d04-066-01-00 in
191,d04-066-01-01 the
191,d04-066-01-02 first
191,d04-066-01-03 part
191,d04-066-01-04 of
191,d04-066-01-05 the
191,d04-066-01-06 Shmah
191,d04-066-01-08 we
191,d04-066-01-09 have
191,d04-066-01-10 first
191,d04-066-01-12 and
191,d04-066-02-00 to
191,d04-066-02-01 bind
191,d04-066-02-02 them
191,d04-066-02-03 for
191,d04-066-02-05 sign
191,d04-066-02-06 upon
191,d04-066-02-07 your
191,d04-066-02-08 hand
191,d04-066-02-10 that
191,d04-066-03-00 they
191,d04-066-03-01 may
191,d04-066-03-02 be
191,d04-066-03-03 as
191,d04-066-03-05 between
191,d04-066-03-06 your
191,d04-066-03-07 eyes
191,d04-066-03-10 First
191,d04-066-03-11 to
191,d04-066-04-00 bind
191,d04-066-04-01 them
191,d04-066-04-02 to
191,d04-066-04-03 have
191,d04-066-04-04 the
191,d04-066-04-05 vision
191,d04-066-04-06 and
191,d04-066-04-07 then
191,d04-066-04-09 And
191,d04-066-05-00 shall
191,d04-066-05-01 teach
191,d04-066-05-02 them
191,d04-066-05-03 to
191,d04-066-05-04 your
191,d04-066-05-08 And
191,d04-066-05-09 as
191,d04-066-05-10 we
191,d04-066-05-11 have
191,d04-066-06-00 ne
191,d04-066-06-01 through
191,d04-066-06-02 the
191,d04-066-06-03 mill
191,d04-066-06-05 we
191,d04-066-06-06 need
191,d04-066-06-07 not
191,d04-066-06-08 teach
191,d04-066-06-09 them
191,d04-066-07-00 to
191,d04-066-07-01 the
191,d04-066-07-03 any
191,d04-066-07-04 more
191,d04-066-07-06 and
191,d04-066-07-07 the
191,d04-066-08-01 will
191,d04-066-08-02 grasp
191,d04-066-08-03 now
191,d04-066-08-04 what
191,d04-066-08-05 will
191,d04-066-08-06 befall
191,d04-066-09-00 them
191,d04-066-09-01 without
191,d04-066-09-03 power
