053,a03-054-00-01 is
053,a03-054-00-02 being
053,a03-054-00-03 done
053,a03-054-00-04 to
053,a03-054-00-05 promote
053,a03-054-01-01 new
053,a03-054-01-02 image
053,a03-054-01-06 he
053,a03-054-01-07 is
053,a03-054-01-08 now
053,a03-054-02-00 much
053,a03-054-02-01 lessly
053,a03-054-02-03 by
053,a03-054-03-00 baker
053,a03-054-03-01 in
053,a03-054-03-02 the
053,a03-054-03-03 House
053,a03-054-03-04 in
053,a03-054-03-05 those
053,a03-054-03-06 early
053,a03-054-04-00 days
053,a03-054-04-02 It
053,a03-054-04-03 has
053,a03-054-04-04 been
053,a03-054-04-06 hard
053,a03-054-04-07 road
053,a03-054-04-08 back
053,a03-054-05-00 but
053,a03-054-05-01 now
053,a03-054-05-03 with
053,a03-054-05-04 plenty
053,a03-054-05-05 of
053,a03-054-06-01 given
053,a03-054-06-02 him
053,a03-054-06-03 by
053,a03-054-06-04 the
053,a03-054-07-00 ernment
053,a03-054-07-01 in
053,a03-054-07-02 recent
053,a03-054-07-05 he
053,a03-054-07-06 is
053,a03-054-08-00 leading
053,a03-054-08-01 the
053,a03-054-08-03 with
053,a03-054-08-04 skill
053,a03-054-08-05 and
053,a03-054-09-01 and
053,a03-054-09-02 is
053,a03-054-09-04 match
053,a03-054-09-05 for
053,a03-054-09-06 the
053,a03-054-10-00 Prime
053,a03-054-10-02 across
053,a03-054-10-03 the
053,a03-054-10-04 floor
