584,n04-084-00-01 Oh
584,n04-084-00-03 the
584,n04-084-00-04 Press
584,n04-084-00-07 said
584,n04-084-00-08 Seaweed
584,n04-084-00-11 Down
584,n04-084-00-12 here
584,n04-084-00-13 on
584,n04-084-01-00 Bawley
584,n04-084-01-06 is
584,n04-084-01-07 always
584,n04-084-01-08 on
584,n04-084-01-09 the
584,n04-084-01-10 job
584,n04-084-02-00 He
584,n04-084-02-01 held
584,n04-084-02-02 out
584,n04-084-02-03 his
584,n04-084-02-04 hand
584,n04-084-02-05 and
584,n04-084-02-06 John
584,n04-084-02-07 could
584,n04-084-02-08 not
584,n04-084-02-09 do
584,n04-084-03-01 than
584,n04-084-03-02 take
584,n04-084-03-03 it
584,n04-084-03-06 Pleased
584,n04-084-03-07 to
584,n04-084-03-08 meet
584,n04-084-03-09 you
584,n04-084-04-03 he
584,n04-084-04-04 said
584,n04-084-04-07 Now
584,n04-084-04-08 what
584,n04-084-04-09 about
584,n04-084-04-10 that
584,n04-084-05-00 drink
584,n04-084-05-03 John
584,n04-084-05-04 nodded
584,n04-084-05-06 he
584,n04-084-05-07 could
584,n04-084-05-08 afford
584,n04-084-05-09 to
584,n04-084-05-10 buy
584,n04-084-06-00 one
584,n04-084-06-01 in
584,n04-084-06-02 return
584,n04-084-06-03 and
584,n04-084-06-04 he
584,n04-084-06-05 was
584,n04-084-06-06 lonely
584,n04-092-00-01 For
584,n04-092-00-02 the
584,n04-092-00-03 sake
584,n04-092-00-04 of
584,n04-092-00-08 he
584,n04-092-00-09 said
584,n04-092-00-12 and
584,n04-092-01-00 know
584,n04-092-01-01 how
584,n04-092-01-02 you
584,n04-092-01-04 people
584,n04-092-01-05 value
584,n04-092-01-06 that
584,n04-092-02-00 please
584,n04-092-02-02 address
584,n04-092-02-03 me
584,n04-092-02-04 as
584,n04-092-03-03 Perhaps
584,n04-092-03-04 we
584,n04-092-03-05 could
584,n04-092-04-00 drop
584,n04-092-04-01 the
584,n04-092-04-02 rank
584,n04-092-04-04 such
584,n04-092-04-10 You
584,n04-092-05-01 right
584,n04-092-05-04 said
584,n04-092-05-05 Bawley
584,n04-092-05-07 as
584,n04-092-05-08 he
584,n04-092-05-09 pushed
584,n04-092-05-10 over
584,n04-092-06-00 his
584,n04-092-06-01 glass
584,n04-092-06-04 Fill
584,n04-092-06-05 it
584,n04-092-06-06 up
584,n04-092-06-08 darling
584,n04-092-06-11 above
584,n04-092-07-00 all
584,n04-092-07-01 else
584,n04-092-07-03 We
584,n04-092-07-04 pride
584,n04-092-07-06 about
584,n04-092-07-08 on
584,n04-092-08-00 the
584,n04-092-08-01 Courier
584,n04-100-00-00 Ever
584,n04-100-00-01 known
584,n04-100-00-02 us
584,n04-100-00-03 bowl
584,n04-100-00-05 wide
584,n04-100-00-06 about
584,n04-100-00-07 your
584,n04-100-00-08 Service
584,n04-100-01-00 Check
584,n04-100-01-01 and
584,n04-100-01-04 nothing
584,n04-100-01-05 but
584,n04-100-01-06 the
584,n04-100-01-07 truth
584,n04-100-02-03 what
584,n04-100-02-07 How
584,n04-100-02-08 can
584,n04-100-02-09 the
584,n04-100-03-00 truth
584,n04-100-03-01 be
584,n04-100-03-05 John
584,n04-100-03-06 sipped
584,n04-100-03-07 his
584,n04-100-03-08 double
584,n04-100-04-00 gin
584,n04-100-04-01 with
584,n04-100-04-02 relish
584,n04-100-04-04 It
584,n04-100-04-05 was
584,n04-100-04-06 his
584,n04-100-04-08 brand
584,n04-100-05-00 he
584,n04-100-05-01 was
584,n04-100-05-02 on
584,n04-100-05-03 the
584,n04-100-05-04 verge
584,n04-100-05-05 of
584,n04-100-05-07 new
584,n04-100-05-08 chapter
584,n04-100-05-09 in
584,n04-100-06-00 his
584,n04-100-06-01 career
584,n04-100-06-03 and
584,n04-100-06-04 his
584,n04-100-06-07 was
584,n04-107-00-00 Life
584,n04-107-00-01 at
584,n04-107-00-02 home
584,n04-107-00-03 and
584,n04-107-00-04 in
584,n04-107-00-05 Bath
584,n04-107-00-06 had
584,n04-107-00-07 been
584,n04-107-01-00 trifle
584,n04-107-01-01 too
584,n04-107-01-03 and
584,n04-107-01-04 humdrum
584,n04-107-02-00 He
584,n04-107-02-02 never
584,n04-107-02-03 before
584,n04-107-02-04 met
584,n04-107-02-07 and
584,n04-107-03-00 found
584,n04-107-03-01 him
584,n04-107-03-06 You
584,n04-107-04-00 bit
584,n04-107-04-01 of
584,n04-107-04-06 you
584,n04-107-04-09 said
584,n04-107-05-00 Bawley
584,n04-107-05-03 The
584,n04-107-05-04 truth
584,n04-107-05-05 is
584,n04-107-05-06 usually
584,n04-107-05-07 very
584,n04-107-06-00 ssing
584,n04-107-06-02 You
584,n04-107-06-04 in
584,n04-107-06-08 you
584,n04-107-07-01 You
584,n04-107-07-02 know
584,n04-107-07-04 great
584,n04-107-07-05 deal
584,n04-107-07-06 about
584,n04-107-07-07 me
584,n04-107-08-00 said
584,n04-107-08-01 John
584,n04-114-00-01 It
584,n04-114-00-03 my
584,n04-114-00-08 tell
584,n04-114-00-09 you
584,n04-114-00-10 more
584,n04-114-00-12 You
584,n04-114-01-00 going
584,n04-114-01-01 to
584,n04-114-01-02 take
584,n04-114-01-03 over
584,n04-114-01-04 command
584,n04-114-01-05 of
584,n04-114-01-08 Am
584,n04-114-02-00 right
584,n04-114-02-04 Who
584,n04-114-02-05 told
584,n04-114-02-06 you
584,n04-114-02-10 Little
584,n04-114-02-11 bird
584,n04-114-03-00 Other
584,n04-114-03-01 half
584,n04-114-03-04 John
584,n04-114-03-05 nodded
584,n04-114-03-08 On
584,n04-114-03-09 me
584,n04-114-03-12 Bawley
584,n04-114-04-00 shook
584,n04-114-04-01 his
584,n04-114-04-02 head
584,n04-114-04-05 All
584,n04-114-04-06 paid
584,n04-114-04-07 for
584,n04-114-04-08 by
584,n04-114-04-09 His
584,n04-114-05-00 he
584,n04-114-05-01 said
584,n04-114-05-04 Expense
584,n04-114-05-05 account
584,n04-114-05-07 You
584,n04-114-05-10 married
584,n04-114-06-00 man
584,n04-114-06-01 with
584,n04-114-06-03 couple
584,n04-114-06-04 of
584,n04-114-06-05 kids
584,n04-114-06-08 go
584,n04-114-06-09 wasting
584,n04-114-07-00 your
584,n04-114-07-02 on
584,n04-114-07-07 Set
584,n04-114-08-01 up
584,n04-114-08-03 darling
