319,g04-022-00-00 After
319,g04-022-00-01 the
319,g04-022-00-02 First
319,g04-022-00-03 World
319,g04-022-00-04 War
319,g04-022-00-09 did
319,g04-022-00-10 not
319,g04-022-00-11 visit
319,g04-022-01-00 Germany
319,g04-022-01-01 for
319,g04-022-01-02 ten
319,g04-022-01-03 years
319,g04-022-01-05 by
319,g04-022-01-06 which
319,g04-022-01-07 time
319,g04-022-01-08 in
319,g04-022-02-02 was
319,g04-022-02-03 in
319,g04-022-02-06 parish
319,g04-022-02-07 in
319,g04-022-02-08 Surrey
319,g04-022-03-00 Towards
319,g04-022-03-01 the
319,g04-022-03-02 end
319,g04-022-03-03 of
319,g04-022-03-04 my
319,g04-022-03-05 five
319,g04-022-03-06 and
319,g04-022-03-08 half
319,g04-022-04-02 was
319,g04-022-04-03 asked
319,g04-022-04-04 if
319,g04-022-04-06 would
319,g04-022-04-07 start
319,g04-022-05-01 village
319,g04-022-05-02 choral
319,g04-022-05-03 society
319,g04-022-05-04 and
319,g04-022-05-05 conduct
319,g04-022-05-06 it
319,g04-022-06-00 This
319,g04-022-06-01 opened
319,g04-022-06-02 up
319,g04-022-06-04 new
319,g04-022-06-07 and
319,g04-022-06-08 we
319,g04-022-06-09 plunged
319,g04-022-07-00 into
319,g04-022-07-01 it
