128,b06-019-00-00 The
128,b06-019-00-01 process
128,b06-019-00-02 has
128,b06-019-00-03 been
128,b06-019-00-04 too
128,b06-019-00-05 slow
128,b06-019-00-06 for
128,b06-019-00-07 Herr
128,b06-019-01-00 Strauss
128,b06-019-01-01 and
128,b06-019-01-02 last
128,b06-019-01-03 month
128,b06-019-01-04 he
128,b06-019-02-00 Britain
128,b06-019-02-01 for
128,b06-019-02-02 being
128,b06-019-02-03 an
128,b06-019-02-05 for
128,b06-019-02-06 West
128,b06-019-03-00 plans
128,b06-019-03-01 for
128,b06-019-03-04 unified
128,b06-019-03-05 supply
128,b06-019-04-00 in
128,b06-019-04-01 Nato
128,b06-019-04-05 supply
128,b06-019-04-07 which
128,b06-019-04-08 would
128,b06-019-05-00 link
128,b06-019-05-02 the
128,b06-019-05-03 various
128,b06-019-05-04 West
128,b06-019-05-05 German
128,b06-019-06-05 By
128,b06-019-06-06 the
128,b06-019-06-07 end
128,b06-019-06-08 of
128,b06-019-06-09 the
128,b06-019-06-10 year
128,b06-019-06-11 there
128,b06-019-07-00 will
128,b06-019-07-01 be
128,b06-019-07-03 German
128,b06-019-07-05 in
128,b06-019-07-06 Nato
128,b06-019-08-01 with
128,b06-019-08-02 four
128,b06-019-08-04 of
128,b06-019-09-00 British
128,b06-019-09-01 troops
128,c06-076-00-01 AM
128,c06-076-00-02 happy
128,c06-076-00-03 to
128,c06-076-00-04 report
128,c06-076-00-05 that
128,c06-076-00-07 saw
128,c06-076-01-00 thing
128,c06-076-01-01 this
128,c06-076-01-02 week
128,c06-076-01-04 have
128,c06-076-01-05 never
128,c06-076-01-06 before
128,c06-076-02-00 either
128,c06-076-02-01 in
128,c06-076-02-03 or
128,c06-076-02-04 outside
128,c06-076-03-00 playing
128,c06-076-03-02 drunk
128,c06-076-03-03 scene
128,c06-076-03-05 and
128,c06-076-03-06 playing
128,c06-076-03-07 it
128,c06-076-03-08 with
128,c06-076-04-00 perfect
128,c06-076-04-01 timing
128,c06-076-04-02 and
128,c06-076-04-05 It
128,c06-076-04-06 gives
128,c06-076-04-07 one
128,c06-076-04-08 loud
128,c06-076-05-00 clear
128,c06-076-05-01 hiccup
128,c06-076-05-02 and
128,c06-076-05-03 falls
128,c06-076-05-04 flat
128,c06-076-05-05 on
128,c06-076-05-06 its
128,c06-076-05-07 back
128,c06-076-05-09 This
128,c06-076-06-01 budge
128,c06-076-06-04 may
128,c06-076-06-05 add
128,c06-076-06-07 gets
128,c06-076-06-08 no
128,c06-076-06-09 credit
128,c06-076-07-00 in
128,c06-076-07-01 the
128,c06-076-07-02 cast
128,c06-076-07-03 list
128,c06-076-07-04 of
128,c06-076-07-05 Come
128,c06-076-07-08 Odeon
128,c06-076-08-03 which
128,c06-076-08-05 that
128,c06-076-08-06 it
128,c06-076-09-00 is
128,c06-076-09-01 either
128,c06-076-09-02 using
128,c06-076-09-05 for
128,c06-076-09-06 the
128,c06-076-09-07 stunt
128,c06-027-00-00 It
128,c06-027-00-03 very
128,c06-027-00-04 free
128,c06-027-00-05 place
128,c06-027-00-06 to
128,c06-027-00-07 write
128,c06-027-00-08 in
128,c06-027-00-10 and
128,c06-027-00-11 there
128,c06-027-01-00 the
128,c06-027-01-02 that
128,c06-027-01-03 no
128,c06-027-01-04 one
128,c06-027-01-05 knows
128,c06-027-01-06 what
128,c06-027-02-00 you
128,c06-027-02-02 writing
128,c06-027-02-03 about
128,c06-027-02-04 anyway
128,c06-027-02-07 Not
128,c06-027-02-08 that
128,c06-027-02-10 did
128,c06-027-03-00 much
128,c06-027-03-01 when
128,c06-027-03-03 was
128,c06-027-03-04 over
128,c06-027-03-05 this
128,c06-027-03-06 past
128,c06-027-03-07 two
128,c06-027-03-08 times
128,c06-027-04-00 not
128,c06-027-04-01 with
128,c06-027-04-02 that
128,c06-027-04-03 great
128,c06-027-04-04 little
128,c06-027-04-05 Irish
128,c06-027-04-06 bar
128,c06-027-04-07 on
128,c06-027-05-00 Seventh
128,c06-027-05-01 Avenue
128,c06-027-05-03 The
128,c06-027-05-04 Pigsty
128,c06-027-05-06 always
128,c06-027-05-07 open
128,c06-027-06-01 was
128,c06-027-06-02 there
128,c06-027-06-04 in
128,c06-027-06-05 even
128,c06-027-06-06 faster
128,c06-027-06-07 orbit
128,c06-027-06-09 when
128,c06-027-06-10 that
128,c06-027-07-00 third
128,c06-027-07-02 went
128,c06-027-07-03 up
128,c06-027-07-05 what
128,c06-027-07-07 his
128,c06-027-07-08 name
128,b06-071-00-01 working
128,b06-071-00-02 people
128,b06-071-00-03 will
128,b06-071-00-04 never
128,b06-071-01-00 rally
128,b06-071-01-01 to
128,b06-071-01-02 defend
128,b06-071-01-04 policy
128,b06-071-01-05 founded
128,b06-071-01-06 on
128,b06-071-02-02 or
128,b06-071-02-03 elect
128,b06-071-02-05 Labour
128,b06-071-03-01 to
128,b06-071-03-02 carry
128,b06-071-03-03 through
128,b06-071-03-04 Tory
128,b06-071-03-05 policy
128,b06-071-04-01 stupid
128,b06-071-04-02 hope
128,b06-071-04-04 The
128,b06-071-04-05 tragedy
128,b06-071-04-06 is
128,b06-071-05-00 that
128,b06-071-05-02 inroads
128,b06-071-05-03 could
128,b06-071-05-04 already
128,b06-071-06-00 have
128,b06-071-06-01 been
128,b06-071-06-02 made
128,b06-071-06-03 into
128,b06-071-06-04 Tory
128,b06-071-06-06 by
128,b06-071-07-02 policy
128,b06-071-07-04 based
128,b06-071-07-05 on
128,b06-071-08-00 THE
128,b06-071-08-01 desire
128,b06-071-08-02 for
128,b06-071-08-03 unity
128,b06-071-08-04 in
128,b06-071-08-05 the
128,b06-071-08-06 Labour
128,b06-071-08-07 and
128,b06-071-09-00 trade
128,b06-071-09-01 union
128,b06-071-09-04 the
128,c06-128-00-00 ON
128,c06-128-00-02 March
128,c06-128-00-03 evening
128,c06-128-00-04 in
128,c06-128-00-06 in
128,c06-128-00-07 the
128,c06-128-00-08 New
128,c06-128-01-00 Jersey
128,c06-128-01-01 family
128,c06-128-01-03 the
128,c06-128-02-00 tiptoed
128,c06-128-02-01 into
128,c06-128-02-02 the
128,c06-128-02-04 room
128,c06-128-02-05 to
128,c06-128-02-06 see
128,c06-128-02-07 that
128,c06-128-03-01 Charles
128,c06-128-03-03 was
128,c06-128-04-00 Bending
128,c06-128-04-01 over
128,c06-128-04-02 the
128,c06-128-04-03 cot
128,c06-128-04-05 she
128,c06-128-05-00 that
128,c06-128-05-01 there
128,c06-128-05-02 was
128,c06-128-05-03 no
128,c06-128-05-04 sound
128,c06-128-05-05 of
128,c06-128-06-00 She
128,c06-128-06-01 thrust
128,c06-128-06-02 out
128,c06-128-06-03 her
128,c06-128-06-04 hand
128,c06-128-06-06 and
128,c06-128-06-07 felt
128,c06-128-07-03 FEW
128,c06-128-07-04 minutes
128,c06-128-07-05 later
128,c06-128-07-06 the
128,c06-128-07-07 father
128,c06-128-08-02 loaded
128,c06-128-08-03 rifle
128,c06-128-08-05 told
128,c06-128-08-06 his
128,c06-128-08-07 wife
