552,m06-031-00-01 But
552,m06-031-00-02 we
552,m06-031-00-06 Stop
552,m06-031-00-07 your
552,m06-031-00-08 stupid
552,m06-031-00-09 talk
552,m06-031-00-11 woman
552,m06-031-00-15 We
552,m06-031-00-16 are
552,m06-031-01-01 Be
552,m06-031-01-02 silent
552,m06-031-01-04 woman
552,m06-031-01-06 and
552,m06-031-01-07 listen
552,m06-031-01-10 Band
552,m06-031-01-11 Appa
552,m06-031-01-12 Bondi
552,m06-031-01-13 said
552,m06-031-02-01 We
552,m06-031-02-02 know
552,m06-031-02-03 much
552,m06-031-02-07 the
552,m06-031-02-08 Chief
552,m06-031-02-09 Captive
552,m06-031-02-12 Some
552,m06-031-03-00 things
552,m06-031-03-01 we
552,m06-031-03-02 will
552,m06-031-03-03 tell
552,m06-031-03-04 you
552,m06-031-03-06 All
552,m06-031-03-07 who
552,m06-031-03-08 make
552,m06-031-03-09 the
552,m06-031-03-10 journey
552,m06-031-03-11 from
552,m06-031-04-00 the
552,m06-031-04-01 Heavy
552,m06-031-04-02 World
552,m06-031-04-03 become
552,m06-031-04-04 changed
552,m06-031-04-06 Some
552,m06-031-04-07 die
552,m06-031-04-09 Most
552,m06-031-04-10 live
552,m06-031-05-00 and
552,m06-031-05-01 grow
552,m06-031-05-02 wings
552,m06-031-05-04 Between
552,m06-031-05-05 the
552,m06-031-05-06 worlds
552,m06-031-05-07 are
552,m06-031-05-08 many
552,m06-031-05-09 strong
552,m06-031-06-00 rays
552,m06-031-06-02 not
552,m06-031-06-03 seen
552,m06-031-06-04 or
552,m06-031-06-05 felt
552,m06-031-06-07 which
552,m06-031-06-08 change
552,m06-031-06-09 our
552,m06-031-06-10 bodies
552,m06-042-00-00 When
552,m06-042-00-01 you
552,m06-042-00-02 come
552,m06-042-00-03 here
552,m06-042-00-05 when
552,m06-042-00-06 you
552,m06-042-00-07 come
552,m06-042-00-08 to
552,m06-042-00-09 the
552,m06-042-00-10 True
552,m06-042-01-00 World
552,m06-042-01-02 you
552,m06-042-01-03 become
552,m06-042-01-05 true
552,m06-042-01-06 human
552,m06-042-01-08 The
552,m06-042-01-09 grub
552,m06-042-01-10 of
552,m06-042-01-11 the
552,m06-042-02-01 is
552,m06-042-02-02 not
552,m06-042-02-05 until
552,m06-042-02-06 it
552,m06-042-02-07 changes
552,m06-042-02-09 So
552,m06-042-02-10 humans
552,m06-042-03-00 change
552,m06-042-03-05 cannot
552,m06-042-03-06 know
552,m06-042-03-07 what
552,m06-042-03-08 he
552,m06-042-03-09 says
552,m06-042-03-12 Haris
552,m06-042-03-13 said
552,m06-042-04-03 himself
552,m06-042-04-04 down
552,m06-042-04-06 But
552,m06-042-04-08 and
552,m06-042-05-00 Flor
552,m06-042-05-01 were
552,m06-048-00-01 To
552,m06-048-00-02 this
552,m06-048-00-03 True
552,m06-048-00-04 World
552,m06-048-00-06 as
552,m06-048-00-07 you
552,m06-048-00-08 call
552,m06-048-00-09 it
552,m06-048-00-11 we
552,m06-048-00-12 come
552,m06-048-00-13 to
552,m06-048-00-14 die
552,m06-048-01-01 said
552,m06-048-01-05 The
552,m06-048-01-06 Captive
552,m06-048-01-07 with
552,m06-048-01-08 the
552,m06-048-02-01 jaw
552,m06-048-02-02 said
552,m06-048-02-05 The
552,m06-048-02-06 grub
552,m06-048-02-07 of
552,m06-048-02-08 the
552,m06-048-02-10 thinks
552,m06-048-03-00 it
552,m06-048-03-01 dies
552,m06-048-03-02 when
552,m06-048-03-03 it
552,m06-048-03-04 changes
552,m06-048-03-05 into
552,m06-048-03-11 You
552,m06-048-03-12 are
552,m06-048-03-13 still
552,m06-048-04-00 young
552,m06-048-04-03 said
552,m06-048-04-04 the
552,m06-048-04-05 Chief
552,m06-048-04-06 Captive
552,m06-048-04-09 You
552,m06-048-04-10 begin
552,m06-048-04-11 newly
552,m06-048-04-12 here
552,m06-048-05-00 Where
552,m06-048-05-01 are
552,m06-048-05-02 your
552,m06-048-05-03 souls
552,m06-048-05-07 and
552,m06-048-05-08 Flor
552,m06-048-05-09 looked
552,m06-048-05-10 at
552,m06-048-06-00 each
552,m06-048-06-01 other
552,m06-048-06-03 In
552,m06-048-06-04 their
552,m06-048-06-05 flight
552,m06-048-06-06 from
552,m06-048-06-07 the
552,m06-048-06-09 they
552,m06-048-06-10 had
552,m06-048-07-01 thrown
552,m06-048-07-02 down
552,m06-048-07-03 their
552,m06-048-07-04 souls
552,m06-056-00-00 Haris
552,m06-056-00-01 had
552,m06-056-00-03 on
552,m06-056-00-04 his
552,m06-056-00-06 It
552,m06-056-00-07 was
552,m06-056-01-01 You
552,m06-056-01-02 see
552,m06-056-01-04 You
552,m06-056-01-05 needed
552,m06-056-01-06 them
552,m06-056-01-07 no
552,m06-056-01-08 more
552,m06-056-01-10 You
552,m06-056-01-11 are
552,m06-056-01-12 still
552,m06-056-02-00 young
552,m06-056-02-02 You
552,m06-056-02-03 may
552,m06-056-02-04 be
552,m06-056-02-05 able
552,m06-056-02-06 to
552,m06-056-02-07 have
552,m06-056-02-08 babies
552,m06-056-02-10 Some
552,m06-056-02-11 of
552,m06-056-02-12 those
552,m06-056-03-00 babies
552,m06-056-03-01 may
552,m06-056-03-02 be
552,m06-056-03-03 born
552,m06-056-03-04 with
552,m06-056-03-05 wings
552,m06-056-03-08 The
552,m06-056-03-09 Captive
552,m06-056-03-10 with
552,m06-056-04-00 the
552,m06-056-04-02 arms
552,m06-056-04-03 added
552,m06-056-04-06 Some
552,m06-056-04-07 may
552,m06-056-04-08 be
552,m06-056-04-09 born
552,m06-056-04-10 wrong
552,m06-056-05-00 as
552,m06-056-05-01 we
552,m06-056-05-02 are
552,m06-056-05-04 Some
552,m06-056-05-05 may
552,m06-056-05-06 be
552,m06-056-05-07 born
552,m06-056-05-08 right
552,m06-067-00-01 You
552,m06-067-00-02 are
552,m06-067-00-03 too
552,m06-067-00-04 foul
552,m06-067-00-05 to
552,m06-067-00-06 live
552,m06-067-00-09 Haris
552,m06-067-00-10 growled
552,m06-067-00-13 Why
552,m06-067-00-14 are
552,m06-067-01-00 you
552,m06-067-01-01 not
552,m06-067-01-02 killed
552,m06-067-01-06 Because
552,m06-067-01-07 we
552,m06-067-01-08 know
552,m06-067-01-09 all
552,m06-067-01-10 things
552,m06-067-01-13 the
552,m06-067-02-00 Chief
552,m06-067-02-01 Captive
552,m06-067-02-02 said
552,m06-067-02-05 his
552,m06-067-02-06 second
552,m06-067-02-07 head
552,m06-067-02-08 roused
552,m06-067-03-00 itself
552,m06-067-03-01 and
552,m06-067-03-05 To
552,m06-067-03-06 be
552,m06-067-03-08 good
552,m06-067-03-09 shape
552,m06-067-03-10 is
552,m06-067-03-11 not
552,m06-067-03-12 all
552,m06-067-04-00 in
552,m06-067-04-01 life
552,m06-067-04-03 To
552,m06-067-04-04 know
552,m06-067-04-05 is
552,m06-067-04-06 also
552,m06-067-04-07 good
552,m06-067-04-09 Because
552,m06-067-04-10 we
552,m06-067-04-11 cannot
552,m06-067-04-12 move
552,m06-067-05-00 well
552,m06-067-05-01 we
552,m06-067-05-02 can
552,m06-067-05-04 think
552,m06-067-05-06 This
552,m06-067-05-07 tribe
552,m06-067-05-08 of
552,m06-067-05-09 the
552,m06-067-05-10 True
552,m06-067-05-11 World
552,m06-067-06-00 is
552,m06-067-06-01 good
552,m06-067-06-02 and
552,m06-067-06-03 knows
552,m06-067-06-04 these
552,m06-067-06-05 things
552,m06-076-00-00 So
552,m06-076-00-01 it
552,m06-076-00-02 lets
552,m06-076-00-03 us
552,m06-076-00-04 rule
552,m06-076-00-05 it
552,m06-076-00-08 Flor
552,m06-076-00-09 and
552,m06-076-01-04 Do
552,m06-076-01-05 you
552,m06-076-01-06 say
552,m06-076-01-07 that
552,m06-076-01-08 you
552,m06-076-01-09 poor
552,m06-076-02-01 rule
552,m06-076-02-02 the
552,m06-076-02-03 True
552,m06-076-02-04 World
552,m06-076-02-08 asked
552,m06-076-03-00 at
552,m06-076-03-01 last
552,m06-076-03-04 We
552,m06-076-03-05 do
552,m06-076-03-09 Then
552,m06-076-03-10 why
552,m06-076-03-11 are
552,m06-076-03-12 you
552,m06-076-04-00 The
552,m06-076-04-01 flyman
552,m06-076-04-02 with
552,m06-076-04-03 ear
552,m06-076-04-04 lobes
552,m06-076-04-05 and
552,m06-076-04-06 thumbs
552,m06-076-05-00 making
552,m06-076-05-01 his
552,m06-076-05-03 little
552,m06-076-05-04 gesture
552,m06-076-05-05 of
552,m06-076-05-06 protest
552,m06-076-06-00 spoke
552,m06-076-06-01 for
552,m06-076-06-02 the
552,m06-076-06-03 first
552,m06-076-06-04 time
552,m06-083-00-01 To
552,m06-083-00-02 rule
552,m06-083-00-03 is
552,m06-083-00-04 to
552,m06-083-00-05 serve
552,m06-083-00-07 woman
552,m06-083-00-09 Those
552,m06-083-00-10 who
552,m06-083-00-11 bear
552,m06-083-00-12 power
552,m06-083-01-00 are
552,m06-083-01-01 slaves
552,m06-083-01-02 to
552,m06-083-01-03 it
552,m06-083-01-05 Only
552,m06-083-01-06 an
552,m06-083-01-07 outcast
552,m06-083-01-08 is
552,m06-083-01-09 free
552,m06-083-01-11 Because
552,m06-083-02-00 we
552,m06-083-02-01 are
552,m06-083-02-04 we
552,m06-083-02-05 have
552,m06-083-02-06 the
552,m06-083-02-07 time
552,m06-083-02-08 to
552,m06-083-02-09 talk
552,m06-083-02-10 and
552,m06-083-03-00 think
552,m06-083-03-01 and
552,m06-083-03-02 plan
552,m06-083-03-03 and
552,m06-083-03-04 know
552,m06-083-03-06 Those
552,m06-083-03-07 who
552,m06-083-03-08 know
552,m06-083-04-00 command
552,m06-083-04-01 the
552,m06-083-04-02 knives
552,m06-083-04-03 of
552,m06-083-04-04 others
552,m06-083-04-08 No
552,m06-083-04-09 hurt
552,m06-083-04-10 will
552,m06-083-05-00 come
552,m06-083-05-01 to
552,m06-083-05-02 you
552,m06-083-05-07 Band
552,m06-083-05-08 Appa
552,m06-083-05-09 Bondi
552,m06-083-05-10 added
552,m06-083-06-01 You
552,m06-083-06-02 will
552,m06-083-06-03 live
552,m06-083-06-04 among
552,m06-083-06-05 us
552,m06-083-06-06 and
552,m06-083-06-07 enjoy
552,m06-083-06-08 your
552,m06-083-06-09 life
552,m06-083-06-10 free
552,m06-083-07-00 from
552,m06-083-07-01 harm
552,m06-091-00-01 No
552,m06-091-00-04 the
552,m06-091-00-05 Chief
552,m06-091-00-06 Captive
552,m06-091-00-07 said
552,m06-091-00-08 with
552,m06-091-00-09 both
552,m06-091-00-10 mouths
552,m06-091-01-01 Before
552,m06-091-01-02 she
552,m06-091-01-03 can
552,m06-091-01-04 enjoy
552,m06-091-01-07 and
552,m06-091-01-08 her
552,m06-091-02-00 Flor
552,m06-091-02-02 this
552,m06-091-02-03 other
552,m06-091-02-04 man
552,m06-091-02-06 is
552,m06-091-02-07 plainly
552,m06-091-02-08 useless
552,m06-091-03-00 must
552,m06-091-03-01 help
552,m06-091-03-02 our
552,m06-091-03-03 great
552,m06-091-03-04 plan
552,m06-091-03-08 The
552,m06-091-03-12 Bondi
552,m06-091-04-00 asked
552,m06-091-04-03 What
552,m06-091-04-04 else
552,m06-091-04-06 Flor
552,m06-091-04-07 and
552,m06-091-04-10 you
552,m06-091-04-11 arrive
552,m06-091-05-00 here
552,m06-091-05-01 at
552,m06-091-05-03 good
552,m06-091-05-04 time
552,m06-091-05-07 of
552,m06-091-05-08 the
552,m06-091-05-09 Heavy
552,m06-091-05-10 World
552,m06-091-06-00 and
552,m06-091-06-01 its
552,m06-091-06-02 savage
552,m06-091-06-03 life
552,m06-091-06-04 are
552,m06-091-06-05 still
552,m06-091-06-06 fresh
552,m06-091-06-07 in
552,m06-091-06-08 you
552,m06-098-00-00 We
552,m06-098-00-01 need
552,m06-098-00-02 such
552,m06-098-00-05 So
552,m06-098-00-06 we
552,m06-098-00-07 ask
552,m06-098-00-08 you
552,m06-098-00-09 to
552,m06-098-00-10 go
552,m06-098-01-00 back
552,m06-098-01-01 there
552,m06-098-01-02 on
552,m06-098-01-04 great
552,m06-098-01-05 plan
552,m06-098-01-06 we
552,m06-098-01-07 have
552,m06-098-01-11 Go
552,m06-098-01-12 back
552,m06-098-02-00 gasped
552,m06-098-02-01 Flor
552,m06-098-02-04 Yes
552,m06-098-02-06 We
552,m06-098-02-07 plan
552,m06-098-02-08 to
552,m06-098-02-09 attack
552,m06-098-02-10 the
552,m06-098-02-11 Heavy
552,m06-098-03-00 World
552,m06-098-03-02 You
552,m06-098-03-03 must
552,m06-098-03-04 help
552,m06-098-03-05 to
552,m06-098-03-06 lead
552,m06-098-03-07 our
552,m06-098-03-08 force
552,m06-098-03-11 The
552,m06-098-03-12 long
552,m06-098-04-01 of
552,m06-098-04-03 wore
552,m06-098-04-04 on
552,m06-098-04-06 that
552,m06-098-04-07 long
552,m06-098-04-08 golden
552,m06-098-04-09 road
552,m06-098-05-00 of
552,m06-098-05-01 an
552,m06-098-05-03 that
552,m06-098-05-04 would
552,m06-098-05-06 lead
552,m06-098-05-07 to
552,m06-098-06-01 night
552,m06-106-00-00 Motion
552,m06-106-00-01 there
552,m06-106-00-02 was
552,m06-106-00-04 but
552,m06-106-00-05 motion
552,m06-106-00-06 without
552,m06-106-00-07 event
552,m06-106-00-09 except
552,m06-106-01-00 for
552,m06-106-01-01 those
552,m06-106-01-03 events
552,m06-106-01-04 that
552,m06-106-01-05 seemed
552,m06-106-01-06 so
552,m06-106-01-07 large
552,m06-106-01-08 to
552,m06-106-02-00 the
552,m06-106-02-03 in
552,m06-106-02-04 them
552,m06-106-02-06 For
552,m06-106-02-09 Flor
552,m06-106-03-00 and
552,m06-106-03-01 Haris
552,m06-106-03-02 there
552,m06-106-03-03 were
552,m06-106-03-04 many
552,m06-106-03-05 events
552,m06-106-03-07 Chief
552,m06-106-03-08 of
552,m06-106-03-09 these
552,m06-106-03-10 was
552,m06-106-04-00 that
552,m06-106-04-01 they
552,m06-106-04-02 learned
552,m06-106-04-03 to
552,m06-106-04-04 fly
552,m06-106-04-07 The
552,m06-106-04-08 pains
552,m06-106-05-00 with
552,m06-106-05-01 their
552,m06-106-05-02 wings
552,m06-106-05-03 soon
552,m06-106-05-04 died
552,m06-106-05-05 away
552,m06-106-05-06 as
552,m06-106-05-07 the
552,m06-106-06-00 new
552,m06-106-06-01 flesh
552,m06-106-06-02 and
552,m06-106-06-03 tendon
552,m06-106-06-06 To
552,m06-106-06-07 sail
552,m06-106-06-08 up
552,m06-106-06-09 in
552,m06-106-06-10 the
552,m06-106-07-00 light
552,m06-106-07-01 gravity
552,m06-106-07-02 became
552,m06-106-07-03 an
552,m06-106-07-05 delight
552,m06-106-07-07 the
552,m06-106-07-08 ugly
552,m06-106-08-02 of
552,m06-106-08-03 flymen
552,m06-106-08-04 on
552,m06-106-08-05 the
552,m06-106-08-06 Heavy
552,m06-106-08-07 World
552,m06-106-09-00 had
552,m06-106-09-01 no
552,m06-106-09-02 place
552,m06-106-09-03 here
