548,m04-145-00-00 But
548,m04-145-00-01 the
548,m04-145-00-02 jet
548,m04-145-00-04 was
548,m04-145-00-05 already
548,m04-145-00-06 miles
548,m04-145-00-07 away
548,m04-145-01-01 down
548,m04-145-01-02 to
548,m04-145-01-03 the
548,m04-145-01-05 earth
548,m04-145-01-08 It
548,m04-145-02-00 passed
548,m04-145-02-01 me
548,m04-145-02-02 at
548,m04-145-02-03 fifty
548,m04-145-02-05 feet
548,m04-145-02-07 sir
548,m04-145-02-09 It
548,m04-145-02-10 was
548,m04-145-03-04 Group
548,m04-145-03-05 Captain
548,m04-145-03-07 Jones
548,m04-145-03-09 Officer
548,m04-145-04-02 Station
548,m04-145-04-04 Dinas
548,m04-145-04-06 looked
548,m04-145-04-07 keenly
548,m04-145-04-08 at
548,m04-145-04-09 the
548,m04-145-05-00 Flying
548,m04-145-05-01 Officer
548,m04-145-05-02 who
548,m04-145-05-03 had
548,m04-145-05-04 burst
548,m04-145-05-05 so
548,m04-145-05-07 into
548,m04-145-05-08 his
548,m04-145-06-00 office
548,m04-145-06-03 And
548,m04-145-06-04 what
548,m04-145-06-05 did
548,m04-145-06-06 it
548,m04-145-06-07 look
548,m04-145-06-08 like
548,m04-145-06-12 Some
548,m04-145-07-00 sort
548,m04-145-07-01 of
548,m04-145-07-02 rocket
548,m04-152-00-00 Flying
548,m04-152-00-01 Officer
548,m04-152-00-04 his
548,m04-152-00-05 feet
548,m04-152-01-01 Well
548,m04-152-01-05 sir
548,m04-152-01-07 it
548,m04-152-01-08 looked
548,m04-152-01-09 like
548,m04-152-01-11 like
548,m04-152-01-13 bus
548,m04-152-02-04 he
548,m04-152-02-07 Daggers
548,m04-152-02-09 the
548,m04-152-03-00 Group
548,m04-152-03-01 Captain
548,m04-152-03-02 looked
548,m04-152-03-08 he
548,m04-152-03-09 said
548,m04-152-03-10 silkily
548,m04-152-04-02 they
548,m04-152-04-03 teach
548,m04-152-04-04 you
548,m04-152-04-05 at
548,m04-152-04-07 that
548,m04-152-04-08 buses
548,m04-152-04-09 are
548,m04-152-05-04 fly
548,m04-152-06-00 Buses
548,m04-152-06-01 crawl
548,m04-152-06-04 Very
548,m04-152-06-05 pale
548,m04-152-06-08 was
548,m04-152-06-10 But
548,m04-152-07-03 It
548,m04-152-07-04 was
548,m04-152-07-06 bus
548,m04-152-07-08 sir
548,m04-164-00-00 They
548,m04-164-00-02 got
548,m04-164-00-03 the
548,m04-164-00-04 lights
548,m04-164-00-05 on
548,m04-164-00-07 There
548,m04-164-00-08 were
548,m04-164-00-09 people
548,m04-164-00-10 inside
548,m04-164-01-00 Waving
548,m04-164-01-03 Like
548,m04-164-01-04 gimlets
548,m04-164-01-06 the
548,m04-164-01-07 Station
548,m04-164-01-09 eyes
548,m04-164-02-01 Did
548,m04-164-02-02 you
548,m04-164-02-03 see
548,m04-164-02-04 the
548,m04-164-02-06 board
548,m04-164-02-10 Yes
548,m04-164-02-12 sir
548,m04-164-02-16 And
548,m04-164-03-00 what
548,m04-164-03-01 did
548,m04-164-03-02 it
548,m04-164-03-03 say
548,m04-164-03-05 Mystery
548,m04-164-03-06 Tour
548,m04-164-03-09 Oh
548,m04-164-03-11 very
548,m04-164-03-12 caustic
548,m04-164-03-14 that
548,m04-164-04-00 Group
548,m04-164-04-01 Captain
548,m04-164-04-03 But
548,m04-164-04-05 stood
548,m04-164-04-06 his
548,m04-164-04-07 ground
548,m04-164-04-10 No
548,m04-164-05-00 sir
548,m04-164-05-02 It
548,m04-164-05-03 said
548,m04-164-05-08 Jones
548,m04-164-05-09 sat
548,m04-164-06-00 back
548,m04-164-06-01 in
548,m04-164-06-02 his
548,m04-164-06-03 chair
548,m04-164-06-07 see
548,m04-164-06-09 So
548,m04-164-06-10 you
548,m04-164-06-11 met
548,m04-164-06-13 bus
548,m04-164-06-14 at
548,m04-164-07-00 fifty
548,m04-164-07-02 feet
548,m04-180-00-00 All
548,m04-180-00-01 lit
548,m04-180-00-02 up
548,m04-180-00-04 Full
548,m04-180-00-05 of
548,m04-180-00-06 people
548,m04-180-00-07 waving
548,m04-180-00-08 as
548,m04-180-00-09 you
548,m04-180-00-10 went
548,m04-180-00-11 past
548,m04-180-01-01 he
548,m04-180-01-03 forward
548,m04-180-01-08 if
548,m04-180-01-10 thought
548,m04-180-02-00 there
548,m04-180-02-01 were
548,m04-180-02-03 in
548,m04-180-02-06 to
548,m04-180-02-07 cover
548,m04-180-02-08 this
548,m04-180-03-02 have
548,m04-180-03-03 you
548,m04-180-03-06 But
548,m04-180-03-08 know
548,m04-180-03-09 there
548,m04-180-04-03 he
548,m04-180-04-04 ended
548,m04-180-04-05 sadly
548,m04-180-04-09 tried
548,m04-180-04-10 to
548,m04-180-04-11 read
548,m04-180-04-12 the
548,m04-180-05-01 number
548,m04-180-05-03 sir
548,m04-180-05-05 But
548,m04-180-05-06 it
548,m04-180-05-07 was
548,m04-180-05-08 getting
548,m04-180-05-09 dark
548,m04-180-06-00 He
548,m04-180-06-01 waited
548,m04-180-06-03 But
548,m04-180-06-04 his
548,m04-180-06-06 officer
548,m04-180-06-08 to
548,m04-180-07-00 have
548,m04-180-07-02 him
548,m04-251-00-01 Then
548,m04-251-00-02 we
548,m04-251-00-03 are
548,m04-251-00-04 saved
548,m04-251-00-07 cried
548,m04-251-00-08 the
548,m04-251-00-10 Edwards
548,m04-251-01-00 Shyly
548,m04-251-01-02 Morfydd
548,m04-251-01-03 Owen
548,m04-251-01-06 block
548,m04-251-01-07 of
