227,e02-094-00-00 Lastly
227,e02-094-00-02 we
227,e02-094-00-03 suggest
227,e02-094-00-04 certain
227,e02-094-00-05 power
227,e02-094-00-06 tools
227,e02-094-00-07 and
227,e02-094-01-02 the
227,e02-094-01-03 choice
227,e02-094-01-04 of
227,e02-094-01-05 which
227,e02-094-01-06 will
227,e02-094-02-00 depend
227,e02-094-02-01 partly
227,e02-094-02-02 upon
227,e02-094-02-03 the
227,e02-094-02-04 space
227,e02-094-03-00 in
227,e02-094-03-01 the
227,e02-094-03-04 the
227,e02-094-03-05 amount
227,e02-094-03-06 one
227,e02-094-04-00 is
227,e02-094-04-02 to
227,e02-094-04-03 pay
227,e02-094-04-05 and
227,e02-094-04-06 the
227,e02-094-04-07 type
227,e02-094-04-08 of
227,e02-094-05-00 work
227,e02-094-05-02 man
227,e02-094-05-04 does
227,e02-094-05-06 First
227,e02-094-06-00 however
227,e02-094-06-03 word
227,e02-094-06-04 of
227,e02-094-06-05 advice
227,e02-094-07-00 Do
227,e02-094-07-01 not
227,e02-094-07-02 buy
227,e02-094-07-04 cheap
227,e02-094-07-05 tools
227,e02-094-07-06 or
227,e02-094-08-02 They
227,e02-094-08-03 never
227,e02-094-08-04 are
227,e02-094-08-05 cheap
227,e02-094-08-06 in
227,e02-094-08-07 the
227,e02-094-09-00 long
227,e02-094-09-01 run
227,e02-094-09-03 They
227,e02-094-09-04 may
227,e02-094-09-05 be
