660,r03-030-00-00 The
660,r03-030-00-01 next
660,r03-030-00-02 thing
660,r03-030-00-03 that
660,r03-030-00-04 Serena
660,r03-030-00-06 was
660,r03-030-00-07 that
660,r03-030-01-00 she
660,r03-030-01-01 could
660,r03-030-01-02 not
660,r03-030-01-03 afford
660,r03-030-01-04 to
660,r03-030-01-05 buy
660,r03-030-01-07 house
660,r03-030-01-08 at
660,r03-030-01-09 all
660,r03-030-02-00 And
660,r03-030-02-01 this
660,r03-030-02-02 in
660,r03-030-02-03 spite
660,r03-030-02-04 of
660,r03-030-02-05 having
660,r03-030-02-06 at
660,r03-030-02-07 last
660,r03-030-02-08 managed
660,r03-030-03-00 to
660,r03-030-03-01 save
660,r03-030-03-02 the
660,r03-030-03-03 ten
660,r03-030-03-04 percent
660,r03-030-03-05 needed
660,r03-030-03-07 Or
660,r03-030-03-08 so
660,r03-030-03-09 she
660,r03-030-04-00 thought
660,r03-030-04-02 being
660,r03-030-04-03 then
660,r03-030-04-04 in
660,r03-030-04-06 of
660,r03-030-04-07 what
660,r03-030-05-00 seemed
660,r03-030-05-01 to
660,r03-030-05-02 her
660,r03-030-05-03 the
660,r03-030-05-05 sum
660,r03-030-05-06 of
660,r03-030-05-07 six
660,r03-030-06-00 red
660,r03-030-06-01 pounds
660,r03-030-06-03 The
660,r03-030-06-04 lawyer
660,r03-030-06-05 said
