253,f01-075-00-00 At
253,f01-075-00-01 one
253,f01-075-00-02 time
253,f01-075-00-03 it
253,f01-075-00-04 was
253,f01-075-00-05 thought
253,f01-075-00-06 that
253,f01-075-00-07 mind
253,f01-075-00-08 could
253,f01-075-00-09 indeed
253,f01-075-01-00 be
253,f01-075-01-02 into
253,f01-075-01-04 bits
253,f01-075-01-06 These
253,f01-075-01-07 bits
253,f01-075-01-08 were
253,f01-075-02-01 as
253,f01-075-02-05 These
253,f01-075-02-06 were
253,f01-075-03-00 thought
253,f01-075-03-01 to
253,f01-075-03-02 combine
253,f01-075-03-04 to
253,f01-075-03-05 form
253,f01-075-04-01 by
253,f01-075-04-02 analogy
253,f01-075-04-03 with
253,f01-075-04-04 the
253,f01-075-04-05 way
253,f01-075-04-06 atoms
253,f01-075-04-07 of
253,f01-075-05-00 matter
253,f01-075-05-01 combine
253,f01-075-05-02 to
253,f01-075-05-03 form
253,f01-075-06-00 But
253,f01-075-06-01 this
253,f01-075-06-02 view
253,f01-075-06-03 led
253,f01-075-06-04 to
253,f01-075-06-05 too
253,f01-075-06-06 many
253,f01-075-06-08 and
253,f01-075-07-00 was
253,f01-075-07-01 finally
253,f01-075-07-05 the
253,f01-075-07-06 search
253,f01-075-08-00 for
253,f01-075-08-01 basic
253,f01-075-08-02 units
253,f01-075-08-03 of
253,f01-075-08-04 mind
253,f01-075-08-05 has
253,f01-075-08-06 gone
253,f01-075-08-07 on
253,f01-075-08-08 and
253,f01-075-08-09 will
253,f01-075-09-03 for
253,f01-075-09-04 it
253,f01-075-09-05 is
253,f01-075-09-06 the
253,f01-075-09-07 aim
253,f01-075-09-08 of
253,f01-075-09-09 science
253,f01-075-09-10 to
253,f01-075-10-02 units
