279,f04-053-00-00 And
279,f04-053-00-01 so
279,f04-053-00-02 the
279,f04-053-00-03 inquest
279,f04-053-00-05 which
279,f04-053-00-06 had
279,f04-053-00-07 dragged
279,f04-053-00-08 on
279,f04-053-00-10 with
279,f04-053-01-02 until
279,f04-053-01-03 April
279,f04-053-01-06 finally
279,f04-053-01-07 had
279,f04-053-01-08 to
279,f04-053-01-09 be
279,f04-053-01-10 content
279,f04-053-01-11 to
279,f04-053-01-12 return
279,f04-053-02-01 verdict
279,f04-053-02-02 of
279,f04-053-02-04 wilful
279,f04-053-02-05 murder
279,f04-053-02-06 against
279,f04-053-02-07 some
279,f04-053-02-08 person
279,f04-053-02-09 or
279,f04-053-03-00 persons
279,f04-053-03-01 unknown
279,f04-053-03-04 The
279,f04-053-03-05 most
279,f04-053-03-06 vital
279,f04-053-03-07 clue
279,f04-053-03-08 of
279,f04-053-03-09 the
279,f04-053-04-00 pestle
279,f04-053-04-01 had
279,f04-053-04-02 been
279,f04-053-04-03 of
279,f04-053-04-04 no
279,f04-053-04-07 The
279,f04-053-04-08 killer
279,f04-053-04-09 must
279,f04-053-05-00 have
279,f04-053-05-01 been
279,f04-053-05-02 very
279,f04-053-05-04 that
279,f04-053-05-05 the
279,f04-053-05-06 science
279,f04-053-05-07 of
279,f04-053-06-01 was
279,f04-053-06-02 only
279,f04-053-06-03 in
279,f04-053-06-04 its
279,f04-057-00-00 The
279,f04-057-00-01 next
279,f04-057-00-02 female
279,f04-057-00-05 eight
279,f04-057-00-06 years
279,f04-057-00-07 later
279,f04-057-01-00 yet
279,f04-057-01-01 so
279,f04-057-01-02 strange
279,f04-057-01-03 were
279,f04-057-01-04 the
279,f04-057-01-06 that
279,f04-057-01-07 it
279,f04-057-01-08 was
279,f04-057-02-01 further
279,f04-057-02-02 seven
279,f04-057-02-03 years
279,f04-057-02-04 before
279,f04-057-02-05 even
279,f04-057-02-07 ghost
279,f04-057-02-08 of
279,f04-057-03-01 emerged
279,f04-057-03-03 There
279,f04-057-03-04 has
279,f04-057-03-05 always
279,f04-057-03-06 been
279,f04-057-04-01 in
279,f04-057-04-02 the
279,f04-057-04-03 idea
279,f04-057-04-04 of
279,f04-057-04-05 tunnels
279,f04-057-04-07 The
279,f04-057-04-09 of
279,f04-057-05-00 them
279,f04-057-05-01 was
279,f04-057-05-02 one
279,f04-057-05-03 of
279,f04-057-05-04 the
279,f04-057-05-05 most
279,f04-057-05-07 jobs
279,f04-057-06-00 nected
279,f04-057-06-01 with
279,f04-057-06-02 railway
279,f04-057-06-05 and
279,f04-057-06-06 there
279,f04-057-07-00 were
279,f04-057-07-01 many
279,f04-057-07-02 people
279,f04-057-07-03 who
279,f04-057-07-05 that
279,f04-057-07-06 to
279,f04-057-07-07 travel
279,f04-057-08-00 through
279,f04-057-08-01 tunnels
279,f04-057-08-02 would
279,f04-057-08-03 be
279,f04-057-08-04 an
279,f04-057-08-05 equally
