647,r02-078-00-00 He
647,r02-078-00-01 climbed
647,r02-078-00-02 the
647,r02-078-00-03 stairs
647,r02-078-00-05 eager
647,r02-078-00-06 to
647,r02-078-00-07 unload
647,r02-078-00-08 the
647,r02-078-01-01 upon
647,r02-078-01-02 the
647,r02-078-01-04 and
647,r02-078-01-05 then
647,r02-078-02-00 to
647,r02-078-02-01 emerge
647,r02-078-02-03 his
647,r02-078-02-04 shame
647,r02-078-02-05 unseen
647,r02-078-02-07 but
647,r02-078-02-08 burning
647,r02-078-03-00 into
647,r02-078-03-01 the
647,r02-078-03-02 night
647,r02-078-03-04 He
647,r02-078-03-05 reached
647,r02-078-03-06 the
647,r02-078-03-07 barrier
647,r02-078-03-08 and
647,r02-078-04-00 fumbled
647,r02-078-04-01 for
647,r02-078-04-02 his
647,r02-078-04-04 before
647,r02-078-04-06 the
647,r02-078-05-01 at
647,r02-078-05-02 the
647,r02-078-05-04 with
647,r02-078-05-05 the
647,r02-078-05-06 firm
647,r02-078-06-01 of
647,r02-078-06-02 playing
647,r02-078-06-03 the
647,r02-078-06-04 dutiful
647,r02-078-06-05 citizen
647,r02-078-07-01 lost
