000,a01-087u-00-01 Brown
000,a01-087u-00-04 and
000,a01-087u-01-00 led
000,a01-087u-01-02 attack
000,a01-087u-01-03 on
000,a01-087u-01-04 the
000,a01-087u-01-05 higher
000,a01-087u-01-06 health
000,a01-087u-02-00 charges
000,a01-087u-02-03 Powell
000,a01-087u-02-06 and
000,a01-087u-03-03 replied
000,a01-087u-03-04 with
000,a01-087u-04-03 and
000,a01-087u-04-04 ended
000,a01-087u-04-05 by
000,a01-087u-05-00 Labour
000,a01-087u-05-02 to
000,a01-087u-05-03 angry
000,a01-087u-05-04 uproar
000,a01-087u-05-06 One
000,a01-087u-05-07 dealt
000,a01-087u-06-00 with
000,a01-087u-06-01 the
000,a01-087u-06-02 human
000,a01-087u-06-03 issue
000,a01-087u-06-04 behind
000,a01-087u-06-05 the
000,a01-087u-06-06 Health
000,a01-087u-07-00 Service
000,a01-087u-07-02 the
000,a01-087u-07-03 other
000,a01-087u-07-04 tried
000,a01-087u-07-05 to
000,a01-087u-07-06 show
000,a01-087u-07-07 that
000,a01-087u-07-08 the
000,a01-087u-08-01 must
000,a01-087u-08-02 always
000,a01-087u-08-03 come
000,a01-087u-08-04 first
000,a05-025-00-01 about
000,a05-025-00-02 Army
000,a05-025-00-04 appear
000,a05-025-01-00 to
000,a05-025-01-01 have
000,a05-025-01-02 come
000,a05-025-01-03 mainly
000,a05-025-01-04 from
000,a05-025-01-05 retired
000,a05-025-02-00 who
000,a05-025-02-01 have
000,a05-025-02-02 held
000,a05-025-02-03 high
000,a05-025-02-05 but
000,a05-025-03-00 are
000,a05-025-03-01 out
000,a05-025-03-02 of
000,a05-025-03-03 touch
000,a05-025-03-04 with
000,a05-025-03-05 the
000,a05-025-04-02 has
000,a05-025-04-03 had
000,a05-025-04-04 the
000,a05-025-04-05 utmost
000,a05-025-04-06 support
000,a05-025-05-00 from
000,a05-025-05-01 the
000,a05-025-05-05 Sir
000,a05-025-06-00 Francis
000,a05-025-06-01 Festing
000,a05-025-06-03 who
000,a05-025-07-00 in
000,a05-025-07-01 the
000,a05-025-07-03 of
000,a05-025-07-04 an
000,a05-025-07-06 army
000,a05-025-08-01 Sir
000,a05-025-08-02 Richard
000,a05-025-08-03 Hull
000,a05-025-08-05 who
000,a05-025-08-06 is
000,a05-025-08-07 to
000,a05-025-08-08 succeed
000,a05-025-09-00 Sir
000,a05-025-09-01 Francis
000,a05-025-09-03 is
000,a05-025-09-04 equally
000,a05-025-10-01 is
000,a05-025-10-02 right
000,a05-044-00-00 The
000,a05-044-00-01 defeat
000,a05-044-00-02 of
000,a05-044-00-03 the
000,a05-044-00-04 leader
000,a05-044-00-05 of
000,a05-044-00-06 the
000,a05-044-01-01 party
000,a05-044-01-06 in
000,a05-044-01-07 Port
000,a05-044-02-01 South
000,a05-044-03-01 by
000,a05-044-03-02 the
000,a05-044-03-03 United
000,a05-044-03-04 party
000,a05-044-04-01 Plewman
000,a05-044-04-03 left
000,a05-044-04-04 the
000,a05-044-05-00 of
000,a05-044-05-01 both
000,a05-044-05-02 their
000,a05-044-05-03 chief
000,a05-044-05-04 figures
000,a05-044-05-08 and
000,a05-044-06-00 the
000,a05-044-06-01 Leader
000,a05-044-06-02 of
000,a05-044-06-03 the
000,a05-044-06-06 Sir
000,a05-044-06-07 de
000,a05-044-07-01 Graaff
000,a05-044-07-03 have
000,a05-044-07-04 been
000,a05-044-08-00 The
000,a05-044-08-02 were
000,a05-044-08-03 for
000,a05-044-08-05 seats
000,a05-044-08-06 as
000,a05-044-09-01 and
000,a05-044-09-03 United
000,a05-044-09-04 party
000,a05-044-10-00 dates
000,a05-044-10-01 are
000,a01-072u-00-00 These
000,a01-072u-00-01 support
000,a01-072u-00-02 costs
000,a01-072u-00-03 are
000,a01-072u-00-05 big
000,a01-072u-00-06 drain
000,a01-072u-00-07 on
000,a01-072u-01-01 dollar
000,a01-072u-02-00 answer
000,a01-072u-02-01 is
000,a01-072u-02-02 the
000,a01-072u-02-04 cash
000,a01-072u-03-00 offer
000,a01-072u-03-01 of
000,a01-072u-04-01 of
000,a01-072u-04-02 it
000,a01-072u-04-03 is
000,a01-072u-04-05 painful
000,a01-072u-04-06 blow
000,a01-072u-04-07 to
000,a01-072u-04-08 the
000,a01-072u-05-00 West
000,a01-072u-05-01 German
000,a01-072u-05-04 It
000,a01-072u-05-05 will
000,a01-072u-05-06 now
000,a01-072u-05-07 have
000,a01-072u-06-00 to
000,a01-072u-06-01 pay
000,a01-072u-06-02 more
000,a01-072u-06-04 and
000,a01-072u-06-07 to
000,a01-072u-06-08 do
000,a01-072u-07-00 so
000,a01-072u-07-02 or
000,a01-072u-07-03 run
000,a01-072u-07-04 the
000,a01-072u-07-05 obvious
000,a01-072u-07-07 risks
000,a01-072u-07-08 in
000,a01-072u-08-00 the
000,a01-072u-08-01 new
000,a05-062-00-00 With
000,a05-062-00-02 vigour
000,a05-062-00-03 and
000,a05-062-00-05 which
000,a05-062-01-00 old
000,a05-062-01-02 friends
000,a05-062-01-03 and
000,a05-062-01-04 foes
000,a05-062-01-05 alike
000,a05-062-02-00 the
000,a05-062-02-01 Earl
000,a05-062-02-02 of
000,a05-062-02-03 Avon
000,a05-062-02-05 the
000,a05-062-02-06 former
000,a05-062-02-07 Sir
000,a05-062-02-08 Anthony
000,a05-062-03-00 Eden
000,a05-062-03-02 in
000,a05-062-03-03 his
000,a05-062-03-04 maiden
000,a05-062-03-05 speech
000,a05-062-03-06 in
000,a05-062-03-07 the
000,a05-062-03-08 House
000,a05-062-04-00 of
000,a05-062-04-01 Lords
000,a05-062-04-02 last
000,a05-062-04-03 night
000,a05-062-04-05 gave
000,a05-062-04-07 warning
000,a05-062-05-00 that
000,a05-062-05-03 over
000,a05-062-05-04 Berlin
000,a05-062-05-05 could
000,a05-062-06-00 only
000,a05-062-06-01 lead
000,a05-062-06-02 to
000,a05-062-06-03 war
000,a05-062-06-05 To
000,a05-062-06-06 stand
000,a05-062-06-07 firm
000,a05-062-06-09 he
000,a05-062-07-02 was
000,a05-062-07-03 not
000,a05-062-07-04 to
000,a05-062-07-05 invite
000,a05-062-07-06 war
000,a05-062-07-08 but
000,a05-062-08-00 the
000,a05-062-08-01 surest
000,a05-062-08-02 way
000,a05-062-08-03 to
000,a05-062-08-04 avert
000,a05-062-08-05 it
000,a05-022-00-00 It
000,a05-022-00-01 is
000,a05-022-00-02 thought
000,a05-022-00-03 this
000,a05-022-00-04 would
000,a05-022-00-05 be
000,a05-022-00-06 the
000,a05-022-00-07 minimum
000,a05-022-01-01 for
000,a05-022-01-02 the
000,a05-022-01-05 modern
000,a05-022-02-00 arms
000,a05-022-02-01 require
000,a05-022-02-02 and
000,a05-022-02-03 to
000,a05-022-02-04 enable
000,a05-022-02-05 each
000,a05-022-02-06 man
000,a05-022-02-07 to
000,a05-022-03-00 serve
000,a05-022-03-01 at
000,a05-022-03-02 least
000,a05-022-03-04 year
000,a05-022-03-07 There
000,a05-022-03-08 is
000,a05-022-04-00 no
000,a05-022-04-01 truth
000,a05-022-04-02 in
000,a05-022-04-04 that
000,a05-022-05-00 is
000,a05-022-05-01 at
000,a05-022-05-02 odds
000,a05-022-05-03 with
000,a05-022-05-04 the
000,a05-022-05-05 Service
000,a05-022-05-06 chiefs
000,a05-022-05-07 over
000,a05-022-06-00 the
000,a05-022-06-02 to
000,a05-022-06-04 with
000,a05-022-07-00 Service
000,a05-022-07-02 or
000,a05-022-07-03 over
000,a05-022-07-04 any
000,a05-022-07-05 other
000,a05-022-07-06 aspect
000,a05-022-07-07 of
000,a05-022-08-00 defence
000,a05-022-08-01 policy
000,a01-063u-00-00 But
000,a01-063u-00-01 he
000,a01-063u-00-02 said
000,a01-063u-00-05 on
000,a01-063u-00-07 higher
000,a01-063u-01-00 level
000,a01-063u-01-01 than
000,a01-063u-01-02 in
000,a01-063u-01-03 the
000,a01-063u-01-04 past
000,a01-063u-01-06 might
000,a01-063u-01-07 be
000,a01-063u-01-08 useful
000,a01-063u-02-00 The
000,a01-063u-02-02 will
000,a01-063u-02-04 discuss
000,a01-063u-02-05 the
000,a01-063u-03-00 problem
000,a01-063u-03-01 with
000,a01-063u-03-05 the
000,a01-063u-03-06 West
000,a01-063u-03-07 German
000,a01-063u-04-00 Foreign
000,a01-063u-04-03 who
000,a01-063u-04-04 is
000,a01-063u-04-05 due
000,a01-063u-04-06 in
000,a01-063u-05-00 next
000,a01-063u-05-01 week
000,a01-063u-05-04 big
000,a01-063u-05-05 slice
000,a01-063u-05-06 of
000,a01-063u-05-09 aid
000,a01-063u-06-00 is
000,a01-063u-06-01 the
000,a01-063u-06-02 early
000,a01-063u-06-03 payment
000,a01-063u-06-04 of
000,a01-063u-07-00 debt
000,a01-063u-07-01 to
000,a01-063u-07-02 America
000,a01-063u-07-04 United
000,a01-063u-07-05 States
000,a01-063u-08-00 quickly
000,a01-063u-08-01 point
000,a01-063u-08-02 out
000,a01-063u-08-03 that
000,a01-063u-08-04 this
000,a01-063u-08-05 is
000,a01-063u-08-06 money
000,a01-063u-08-07 due
000,a01-063u-09-00 to
000,a01-063u-09-01 America
000,a01-063u-09-02 anyway
000,a01-058u-00-01 KENNEDY
000,a01-058u-00-02 is
000,a01-058u-00-03 ready
000,a01-058u-00-04 to
000,a01-058u-00-05 get
000,a01-058u-00-06 tough
000,a01-058u-01-00 over
000,a01-058u-01-01 West
000,a01-058u-01-03 cash
000,a01-058u-01-04 offer
000,a01-058u-01-05 to
000,a01-058u-01-06 help
000,a01-058u-02-01 balance
000,a01-058u-02-02 of
000,a01-058u-02-06 He
000,a01-058u-03-00 said
000,a01-058u-03-01 bluntly
000,a01-058u-03-02 in
000,a01-058u-03-05 that
000,a01-058u-04-00 the
000,a01-058u-04-01 offer
000,a01-058u-04-05 was
000,a01-058u-04-06 not
000,a01-058u-04-07 good
000,a01-058u-04-08 enough
000,a01-058u-05-00 And
000,a01-058u-05-01 he
000,a01-058u-05-03 that
000,a01-058u-05-04 his
000,a01-058u-06-00 would
000,a01-058u-06-01 try
000,a01-058u-06-02 to
000,a01-058u-06-03 get
000,a01-058u-06-04 Germany
000,a01-058u-06-05 to
000,a01-058u-06-06 pay
000,a01-058u-06-07 more
000,a01-058u-06-09 He
000,a01-058u-07-00 did
000,a01-058u-07-01 not
000,a01-058u-07-02 mention
000,a01-058u-07-04 talks
000,a01-058u-07-05 with
000,a01-058u-08-02 the
000,a01-058u-08-03 West
000,a01-058u-08-04 German
000,a05-069-00-00 It
000,a05-069-00-01 was
000,a05-069-00-02 the
000,a05-069-00-03 end
000,a05-069-00-04 of
000,a05-069-00-06 rather
000,a05-069-00-07 curious
000,a05-069-01-00 speech
000,a05-069-01-01 in
000,a05-069-01-02 which
000,a05-069-01-05 wound
000,a05-069-01-06 up
000,a05-069-02-00 the
000,a05-069-02-02 debate
000,a05-069-02-03 on
000,a05-069-02-04 foreign
000,a05-069-02-05 affairs
000,a05-069-03-00 He
000,a05-069-03-01 began
000,a05-069-03-02 in
000,a05-069-03-04 low
000,a05-069-03-06 almost
000,a05-069-03-07 chatty
000,a05-069-04-00 tone
000,a05-069-04-02 and
000,a05-069-04-03 his
000,a05-069-04-04 voice
000,a05-069-04-05 never
000,a05-069-04-06 rose
000,a05-069-04-07 to
000,a05-069-04-08 any
000,a05-069-05-00 accent
000,a05-069-05-01 of
000,a05-069-05-02 urgency
000,a05-069-05-04 He
000,a05-069-05-05 passed
000,a05-069-05-06 in
000,a05-069-05-07 rapid
000,a05-069-06-00 review
000,a05-069-06-01 the
000,a05-069-06-02 United
000,a05-069-06-03 Nations
000,a05-069-07-00 nuclear
000,a05-069-07-01 tests
000,a05-069-07-03 the
000,a05-069-07-04 canard
000,a05-069-07-05 about
000,a05-069-07-06 British
000,a05-069-08-01 with
000,a05-069-08-02 the
000,a05-069-08-03 United
000,a05-069-08-04 Nations
000,a05-069-09-00 in
000,a05-069-09-01 the
000,a05-069-09-02 Congo
000,a05-069-09-04 Kuwait
000,a05-069-09-06 and
000,a05-069-10-00 Asia
000,a01-049x-00-00 Senator
000,a01-049x-00-01 Allen
000,a01-049x-00-04 of
000,a01-049x-01-00 sparked
000,a01-049x-01-01 off
000,a01-049x-01-02 the
000,a01-049x-01-04 by
000,a01-049x-01-05 telling
000,a01-049x-02-02 it
000,a01-049x-02-03 was
000,a01-049x-02-05 current
000,a01-049x-03-00 gossip
000,a01-049x-03-02 that
000,a01-049x-03-03 Weaver
000,a01-049x-03-04 once
000,a01-049x-03-05 had
000,a01-049x-04-00 tions
000,a01-049x-04-02 The
000,a01-049x-04-03 Senate
000,a01-049x-04-04 Banking
000,a01-049x-04-07 which
000,a01-049x-05-00 is
000,a01-049x-05-01 headed
000,a01-049x-05-02 by
000,a01-049x-05-03 another
000,a01-049x-05-05 Senator
000,a01-049x-06-00 Willis
000,a01-049x-06-03 of
000,a01-049x-06-06 met
000,a01-049x-06-07 today
000,a01-049x-06-08 in
000,a01-049x-07-00 closed
000,a01-049x-07-01 session
000,a01-049x-07-02 to
000,a01-049x-07-03 discuss
000,a01-049x-08-00 Senator
000,a01-049x-08-02 later
000,a01-049x-08-04 he
000,a01-049x-08-05 had
000,a01-049x-08-06 sent
000,a01-049x-09-00 letter
000,a01-049x-09-01 to
000,a01-049x-09-03 Kennedy
000,a01-049x-09-04 saying
000,a01-049x-09-05 he
000,a01-049x-09-06 had
000,a01-049x-09-08 several
000,a01-049x-10-01 about
000,a01-049x-10-03 loyalty
000,a01-132u-00-01 That
000,a01-132u-00-02 cannot
000,a01-132u-00-04 without
000,a01-132u-00-05 either
000,a01-132u-01-00 being
000,a01-132u-01-01 limited
000,a01-132u-01-02 or
000,a01-132u-01-03 an
000,a01-132u-01-05 being
000,a01-132u-01-06 made
000,a01-132u-02-00 in
000,a01-132u-02-04 The
000,a01-132u-02-06 decided
000,a01-132u-02-07 to
000,a01-132u-03-00 adjust
000,a01-132u-03-01 the
000,a01-132u-03-04 which
000,a01-132u-03-06 Powell
000,a01-132u-04-00 claimed
000,a01-132u-04-01 was
000,a01-132u-04-04 not
000,a01-132u-05-00 the
000,a01-132u-05-01 service
000,a01-132u-05-04 the
000,a01-132u-05-05 attack
000,a01-132u-05-06 on
000,a01-132u-06-02 charges
000,a01-132u-06-04 for
000,a01-132u-06-05 welfare
000,a01-132u-06-06 foods
000,a01-132u-07-00 Powell
000,a01-132u-07-01 said
000,a01-132u-07-02 that
000,a01-132u-07-03 all
000,a01-132u-07-04 these
000,a01-132u-07-05 foods
000,a01-132u-07-06 would
000,a01-132u-08-00 still
000,a01-132u-08-01 be
000,a01-132u-08-02 free
000,a01-132u-08-03 in
000,a01-132u-08-06 regular
000,a01-132u-09-02 grants
000,a05-113-00-00 True
000,a05-113-00-02 he
000,a05-113-00-03 did
000,a05-113-00-04 tell
000,a05-113-00-05 the
000,a05-113-00-06 House
000,a05-113-00-07 that
000,a05-113-00-08 the
000,a05-113-01-01 had
000,a05-113-01-02 asked
000,a05-113-01-03 the
000,a05-113-01-04 Medical
000,a05-113-02-00 Council
000,a05-113-02-01 to
000,a05-113-02-03 the
000,a05-113-02-06 in
000,a05-113-03-00 view
000,a05-113-03-01 of
000,a05-113-03-02 the
000,a05-113-03-03 Russian
000,a05-113-03-04 tests
000,a05-113-03-06 and
000,a05-113-03-07 said
000,a05-113-03-08 that
000,a05-113-04-00 the
000,a05-113-04-03 would
000,a05-113-04-04 be
000,a05-113-05-00 He
000,a05-113-05-01 was
000,a05-113-05-02 not
000,a05-113-05-03 so
000,a05-113-05-04 happy
000,a05-113-05-05 in
000,a05-113-05-06 his
000,a05-113-05-07 defence
000,a05-113-05-08 of
000,a05-113-06-00 the
000,a05-113-06-02 failure
000,a05-113-06-03 to
000,a05-113-06-04 condemn
000,a05-113-07-00 France
000,a05-113-07-01 for
000,a05-113-07-02 her
000,a05-113-07-03 nuclear
000,a05-113-07-04 tests
000,a05-113-07-05 in
000,a05-113-07-06 the
000,a05-113-08-00 Sahara
000,a05-113-08-01 on
000,a05-113-08-02 the
000,a05-113-08-03 grounds
000,a05-113-08-04 that
000,a05-113-08-05 they
000,a05-113-08-06 were
000,a05-113-09-00 only
000,a05-113-09-01 little
000,a05-113-09-02 ones
000,a01-082u-00-00 This
000,a01-082u-00-03 was
000,a01-082u-00-05 sharp
000,a01-082u-01-00 face
000,a01-082u-01-01 from
000,a01-082u-01-02 his
000,a01-082u-01-04 during
000,a01-082u-01-05 the
000,a01-082u-02-04 He
000,a01-082u-02-05 claimed
000,a01-082u-03-01 in
000,a01-082u-03-02 the
000,a01-082u-04-00 had
000,a01-082u-04-01 caused
000,a01-082u-04-02 America
000,a01-082u-04-03 to
000,a01-082u-04-04 lag
000,a01-082u-04-05 behind
000,a01-082u-04-06 Russia
000,a01-082u-05-00 in
000,a01-082u-05-01 nuclear
000,a01-082u-05-05 Kennedy
000,a01-082u-06-00 did
000,a01-082u-06-01 his
000,a01-082u-06-02 best
000,a01-082u-06-03 to
000,a01-082u-06-04 avoid
000,a01-082u-06-05 giving
000,a01-082u-07-01 direct
000,a01-082u-07-02 answer
000,a01-082u-07-04 George
000,a01-082u-07-05 Brown
000,a01-082u-08-01 TWO
000,a01-082u-08-02 men
000,a01-082u-08-03 who
000,a01-082u-08-04 are
000,a01-082u-08-05 poles
000,a01-082u-08-06 apart
000,a01-082u-09-00 in
000,a01-082u-09-02 last
000,a01-082u-09-03 night
000,a03-050-00-00 On
000,a03-050-00-01 the
000,a03-050-00-02 other
000,a03-050-00-03 hand
000,a03-050-00-06 Pearson
000,a03-050-00-07 excels
000,a03-050-01-00 in
000,a03-050-01-01 meeting
000,a03-050-01-02 people
000,a03-050-01-05 but
000,a03-050-01-06 many
000,a03-050-02-00 still
000,a03-050-02-01 regard
000,a03-050-02-02 him
000,a03-050-02-04 as
000,a03-050-02-05 some
000,a03-050-02-06 sort
000,a03-050-02-07 of
000,a03-050-02-08 cross
000,a03-050-03-00 between
000,a03-050-03-01 an
000,a03-050-03-02 egghead
000,a03-050-03-03 and
000,a03-050-04-00 His
000,a03-050-04-01 party
000,a03-050-04-03 are
000,a03-050-04-04 now
000,a03-050-04-05 trying
000,a03-050-04-06 to
000,a03-050-05-00 correct
000,a03-050-05-01 that
000,a03-050-05-02 image
000,a03-050-05-04 The
000,a03-050-05-05 bow
000,a03-050-05-06 tie
000,a03-050-05-07 has
000,a03-050-06-00 gone
000,a03-050-06-02 he
000,a03-050-06-03 is
000,a03-050-06-04 having
000,a03-050-06-05 lessons
000,a03-050-06-06 on
000,a03-050-07-02 and
000,a03-050-07-03 is
000,a03-050-07-04 being
000,a03-050-07-05 coached
000,a03-050-08-00 by
000,a03-050-08-01 speech
000,a03-050-08-02 experts
000,a01-030u-00-02 is
000,a01-030u-00-04 member
000,a01-030u-00-05 of
000,a01-030u-00-06 the
000,a01-030u-01-01 Macleod
000,a01-030u-01-02 was
000,a01-030u-01-03 not
000,a01-030u-01-04 at
000,a01-030u-01-05 the
000,a01-030u-02-00 meeting
000,a01-030u-02-02 But
000,a01-030u-02-03 he
000,a01-030u-02-04 told
000,a01-030u-03-00 have
000,a01-030u-03-01 no
000,a01-030u-03-03 of
000,a01-030u-03-04 secret
000,a01-030u-04-00 He
000,a01-030u-04-01 said
000,a01-030u-04-02 Britain
000,a01-030u-04-03 had
000,a01-030u-04-04 an
000,a01-030u-04-06 to
000,a01-030u-04-07 consult
000,a01-030u-05-00 the
000,a01-030u-05-01 Federal
000,a01-030u-05-04 But
000,a01-030u-05-05 the
000,a01-030u-05-06 final
000,a01-030u-06-02 with
000,a01-030u-06-03 the
000,a01-030u-06-04 British
000,a01-030u-07-01 James
000,a01-030u-08-02 said
000,a01-030u-08-03 Sir
000,a01-030u-08-04 Roy
000,a01-030u-08-05 had
000,a01-030u-08-06 no
000,a01-030u-08-07 right
000,a01-030u-08-08 to
000,a01-030u-09-00 delay
000,a01-030u-09-02 in
000,a01-030u-09-03 the
000,a01-030u-09-04 talks
000,a01-030u-09-05 by
000,a01-030u-10-00 to
000,a01-030u-10-01 sit
000,a01-030u-10-02 round
000,a01-030u-10-03 the
000,a01-030u-10-05 table
000,a01-107u-00-01 We
000,a01-107u-00-02 believe
000,a01-107u-00-03 that
000,a01-107u-00-06 medical
000,a01-107u-01-00 service
000,a01-107u-01-02 free
000,a01-107u-01-03 to
000,a01-107u-01-04 the
000,a01-107u-01-05 patient
000,a01-107u-01-06 at
000,a01-107u-01-07 the
000,a01-107u-01-08 point
000,a01-107u-02-00 of
000,a01-107u-02-01 need
000,a01-107u-02-02 and
000,a01-107u-02-03 with
000,a01-107u-02-04 one
000,a01-107u-02-06 for
000,a01-107u-02-07 all
000,a01-107u-03-00 sick
000,a01-107u-03-01 people
000,a01-107u-03-03 is
000,a01-107u-03-04 good
000,a01-107u-03-05 and
000,a01-107u-04-01 We
000,a01-107u-04-02 remain
000,a01-107u-04-03 for
000,a01-107u-04-04 it
000,a01-107u-04-06 But
000,a01-107u-04-07 the
000,a01-107u-04-08 Tories
000,a01-107u-05-00 never
000,a01-107u-05-01 were
000,a01-107u-05-05 by
000,a01-107u-05-06 angry
000,a01-107u-05-07 Tories
000,a01-107u-06-01 Brown
000,a01-107u-06-05 The
000,a01-107u-06-06 jackals
000,a01-107u-06-07 bay
000,a01-107u-07-00 when
000,a01-107u-07-01 there
000,a01-107u-07-02 is
000,a01-107u-07-03 nothing
000,a01-107u-07-04 better
000,a01-107u-07-05 they
000,a01-107u-07-06 can
000,a01-107u-07-07 do
000,a01-102u-00-01 After
000,a01-102u-00-04 of
000,a01-102u-00-05 helping
000,a01-102u-00-06 others
000,a01-102u-00-07 and
000,a01-102u-01-00 healing
000,a01-102u-01-01 the
000,a01-102u-01-02 sick
000,a01-102u-01-04 my
000,a01-102u-01-06 opinion
000,a01-102u-01-07 is
000,a01-102u-01-08 that
000,a01-102u-02-00 anybody
000,a01-102u-02-02 the
000,a01-102u-02-04 charges
000,a01-102u-02-05 is
000,a01-102u-03-00 wicked
000,a01-102u-03-02 old
000,a01-102u-03-07 Brown
000,a01-102u-03-08 went
000,a01-102u-03-09 on
000,a01-102u-03-12 We
000,a01-102u-04-00 are
000,a01-102u-04-01 dealing
000,a01-102u-04-02 with
000,a01-102u-04-04 noble
000,a01-102u-04-05 edifice
000,a01-102u-04-06 which
000,a01-102u-05-00 needs
000,a01-102u-05-01 an
000,a01-102u-05-04 to
000,a01-102u-05-05 improve
000,a01-102u-06-00 it
000,a01-102u-06-02 but
000,a01-102u-06-03 it
000,a01-102u-06-04 has
000,a01-102u-06-05 got
000,a01-102u-06-10 We
000,a01-102u-07-00 have
000,a01-102u-07-02 from
000,a01-102u-07-03 the
000,a01-102u-07-04 real
000,a01-102u-07-06 to
000,a01-102u-08-01 about
000,a01-102u-08-02 with
000,a01-102u-08-03 bills
000,a01-102u-08-04 of
000,a01-102u-08-05 cost
000,a05-000-00-00 THE
000,a05-000-00-01 next
000,a05-000-00-02 White
000,a05-000-00-03 Paper
000,a05-000-00-04 on
000,a05-000-00-05 defence
000,a05-000-00-07 to
000,a05-000-01-00 be
000,a05-000-01-02 in
000,a05-000-01-03 March
000,a05-000-01-05 is
000,a05-000-01-06 likely
000,a05-000-01-07 to
000,a05-000-02-00 contain
000,a05-000-02-03 plan
000,a05-000-02-04 for
000,a05-000-02-05 the
000,a05-000-02-06 three
000,a05-000-03-02 Its
000,a05-000-03-03 aim
000,a05-000-03-04 will
000,a05-000-03-05 be
000,a05-000-03-06 to
000,a05-000-03-07 produce
000,a05-000-04-03 forces
000,a05-000-04-04 of
000,a05-000-05-00 about
000,a05-000-05-02 men
000,a05-000-05-04 The
000,a05-000-05-05 three
000,a05-000-06-00 would
000,a05-000-06-01 be
000,a05-000-06-05 to
000,a05-000-06-07 greater
000,a05-000-07-00 extent
000,a05-000-07-01 than
000,a05-000-07-02 ever
000,a05-000-07-03 before
000,a05-099-00-02 to
000,a05-099-00-03 the
000,a05-099-00-05 of
000,a05-099-00-06 Germany
000,a05-099-01-00 brought
000,a05-099-01-02 bark
000,a05-099-01-03 of
000,a05-099-01-05 Start
000,a05-099-01-06 another
000,a05-099-01-07 war
000,a05-099-02-00 from
000,a05-099-02-02 Ellis
000,a05-099-02-03 Smith
000,a05-099-02-07 Stoke
000,a05-099-02-08 on
000,a05-099-02-09 Trent
000,a05-099-03-00 Then
000,a05-099-03-02 Healey
000,a05-099-03-04 out
000,a05-099-03-05 on
000,a05-099-03-06 his
000,a05-099-03-07 pet
000,a05-099-04-00 theme
000,a05-099-04-01 of
000,a05-099-04-03 of
000,a05-099-04-05 in
000,a05-099-04-06 Europe
000,a05-099-05-00 This
000,a05-099-05-01 could
000,a05-099-05-03 he
000,a05-099-05-06 be
000,a05-099-05-07 linked
000,a05-099-05-08 with
000,a05-099-06-01 of
000,a05-099-06-02 the
000,a05-099-06-04 of
000,a05-099-06-05 atomic
000,a05-099-07-00 weapons
000,a05-099-07-01 in
000,a05-099-07-02 any
000,a05-099-07-03 part
000,a05-099-07-04 of
000,a05-099-07-05 Europe
000,a05-099-08-00 and
000,a05-099-08-01 control
000,a05-099-08-02 would
000,a05-099-08-03 be
000,a05-099-08-04 much
000,a05-099-08-05 easier
000,a05-099-08-06 to
000,a05-099-09-01 in
000,a05-099-09-02 these
000,a05-073-00-00 He
000,a05-073-00-01 spent
000,a05-073-00-02 most
000,a05-073-00-03 of
000,a05-073-00-04 his
000,a05-073-00-05 short
000,a05-073-00-07 on
000,a05-073-01-00 Berlin
000,a05-073-01-02 He
000,a05-073-01-04 the
000,a05-073-01-06 of
000,a05-073-02-00 some
000,a05-073-02-02 new
000,a05-073-02-03 myth
000,a05-073-02-05 about
000,a05-073-02-07 of
000,a05-073-02-08 Germany
000,a05-073-03-00 by
000,a05-073-03-01 the
000,a05-073-03-02 Allies
000,a05-073-03-05 We
000,a05-073-03-06 do
000,a05-073-03-07 not
000,a05-073-03-10 he
000,a05-073-03-11 said
000,a05-073-03-14 really
000,a05-073-04-00 know
000,a05-073-04-01 what
000,a05-073-04-02 the
000,a05-073-04-04 want
000,a05-073-04-07 But
000,a05-073-04-08 he
000,a05-073-04-09 was
000,a05-073-05-00 certain
000,a05-073-05-01 that
000,a05-073-05-02 they
000,a05-073-05-03 wanted
000,a05-073-05-04 to
000,a05-073-06-00 final
000,a05-073-06-01 and
000,a05-073-06-04 of
000,a05-073-06-05 Germany
000,a05-073-07-00 Britain
000,a05-073-07-01 could
000,a05-073-07-02 not
000,a05-073-07-03 be
000,a05-073-07-05 party
000,a05-073-07-06 to
000,a05-073-07-07 an
000,a05-073-07-08 imposed
000,a05-073-08-02 But
000,a05-073-08-05 as
000,a05-073-08-06 the
000,a05-073-08-07 debate
000,a05-073-08-08 had
000,a05-073-09-00 shown
000,a05-073-09-02 could
000,a05-073-09-03 be
000,a05-073-09-05 on
000,a05-073-09-07 variety
000,a05-073-10-00 of
000,a05-073-10-01 bases
000,a01-096u-00-00 The
000,a01-096u-00-01 Press
000,a01-096u-00-03 many
000,a01-096u-00-04 doctors
000,a01-096u-00-05 and
000,a01-096u-00-06 public
000,a01-096u-00-07 were
000,a01-096u-01-01 the
000,a01-096u-01-04 He
000,a01-096u-01-05 quoted
000,a01-096u-01-06 from
000,a01-096u-02-00 this
000,a01-096u-02-01 letter
000,a01-096u-02-02 which
000,a01-096u-02-05 had
000,a01-096u-03-01 My
000,a01-096u-03-03 is
000,a01-096u-03-05 doctor
000,a01-096u-03-06 of
000,a01-096u-03-09 who
000,a01-096u-04-00 has
000,a01-096u-04-03 for
000,a01-096u-04-05 years
000,a01-096u-04-07 chiefly
000,a01-096u-05-00 as
000,a01-096u-05-02 panel
000,a01-096u-05-03 doctor
000,a01-096u-05-07 am
000,a01-096u-06-03 am
000,a01-096u-06-05 and
000,a01-096u-06-06 amazed
000,a01-096u-07-00 by
000,a01-096u-07-01 my
000,a01-096u-07-04 to
000,a01-096u-07-06 the
000,a01-096u-08-00 whole
000,a01-096u-08-02 of
000,a01-096u-08-03 the
000,a01-096u-08-04 State
000,a01-096u-08-05 service
000,a01-096u-08-06 and
000,a01-096u-09-00 to
000,a01-096u-09-01 render
000,a01-096u-09-02 that
000,a01-096u-09-03 service
000,a01-096u-09-06 to
000,a01-096u-09-07 poor
000,a01-096u-10-00 people
000,a05-089-00-00 The
000,a05-089-00-01 early
000,a05-089-00-03 in
000,a05-089-00-04 the
000,a05-089-00-05 debate
000,a05-089-00-06 each
000,a05-089-01-01 rated
000,a05-089-01-02 the
000,a05-089-01-03 speech
000,a05-089-01-04 of
000,a05-089-01-05 his
000,a05-089-02-00 These
000,a05-089-02-02 were
000,a05-089-02-03 all
000,a05-089-02-04 too
000,a05-089-02-05 well
000,a05-089-03-00 We
000,a05-089-03-01 started
000,a05-089-03-02 with
000,a05-089-03-03 the
000,a05-089-04-00 of
000,a05-089-04-02 Healey
000,a05-089-04-05 Shadow
000,a05-089-04-07 Foreign
000,a05-089-05-01 by
000,a05-089-05-03 Godber
000,a05-089-05-06 of
000,a05-089-06-00 State
000,a05-089-06-02 Foreign
000,a05-089-06-03 Office
000,a05-089-06-05 as
000,a05-089-06-08 and
000,a05-089-07-00 obscure
000,a05-089-07-01 on
000,a05-089-07-02 Berlin
000,a05-089-07-05 and
000,a05-089-07-06 obscure
000,a05-089-08-00 on
000,a05-089-08-01 the
000,a05-089-08-02 Congo
000,a05-089-08-05 In
000,a05-089-08-06 turn
000,a05-089-08-09 Godber
000,a05-089-08-10 was
000,a05-089-09-01 by
000,a05-089-09-05 former
000,a05-089-09-06 Labour
000,a05-089-10-00 Defence
000,a05-089-10-03 for
000,a05-089-10-04 having
000,a05-089-10-05 read
000,a05-089-10-06 the
000,a01-068u-00-00 And
000,a01-068u-00-01 they
000,a01-068u-00-02 are
000,a01-068u-00-04 by
000,a01-068u-00-05 the
000,a01-068u-00-07 claim
000,a01-068u-01-00 that
000,a01-068u-01-01 they
000,a01-068u-01-02 cannot
000,a01-068u-01-03 pay
000,a01-068u-01-04 more
000,a01-068u-01-05 than
000,a01-068u-02-00 without
000,a01-068u-02-02 their
000,a01-068u-02-03 own
000,a01-068u-02-04 economy
000,a01-068u-02-06 The
000,a01-068u-03-01 say
000,a01-068u-03-02 Germany
000,a01-068u-03-03 is
000,a01-068u-03-04 having
000,a01-068u-03-05 it
000,a01-068u-03-06 too
000,a01-068u-04-00 good
000,a01-068u-04-01 and
000,a01-068u-04-02 is
000,a01-068u-04-03 not
000,a01-068u-04-04 paying
000,a01-068u-04-05 for
000,a01-068u-04-06 the
000,a01-068u-04-07 past
000,a01-068u-05-00 or
000,a01-068u-05-01 for
000,a01-068u-05-02 the
000,a01-068u-05-03 present
000,a01-068u-05-05 The
000,a01-068u-06-00 flatly
000,a01-068u-06-03 by
000,a01-068u-06-04 the
000,a01-068u-07-01 to
000,a01-068u-07-02 get
000,a01-068u-07-03 them
000,a01-068u-07-04 to
000,a01-068u-07-05 pay
000,a01-068u-07-07 regular
000,a01-068u-08-00 sum
000,a01-068u-08-01 towards
000,a01-068u-08-02 the
000,a01-068u-08-03 cost
000,a01-068u-08-04 of
000,a01-068u-08-05 keeping
000,a01-068u-09-00 troops
000,a01-068u-09-01 in
000,a01-068u-09-02 Germany
000,a01-020u-00-01 Macleod
000,a01-020u-00-02 went
000,a01-020u-00-03 on
000,a01-020u-00-04 with
000,a01-020u-00-05 the
000,a01-020u-01-00 at
000,a01-020u-01-02 House
000,a01-020u-01-03 despite
000,a01-020u-01-04 the
000,a01-020u-01-05 crisis
000,a01-020u-02-00 which
000,a01-020u-02-01 had
000,a01-020u-02-02 blown
000,a01-020u-02-03 up
000,a01-020u-02-05 He
000,a01-020u-02-06 has
000,a01-020u-02-07 now
000,a01-020u-03-00 his
000,a01-020u-03-01 full
000,a01-020u-03-02 plans
000,a01-020u-03-03 to
000,a01-020u-03-04 the
000,a01-020u-03-06 and
000,a01-020u-04-02 These
000,a01-020u-04-03 plans
000,a01-020u-04-04 do
000,a01-020u-04-05 not
000,a01-020u-04-06 give
000,a01-020u-04-07 the
000,a01-020u-05-01 the
000,a01-020u-05-02 overall
000,a01-020u-05-04 they
000,a01-020u-05-05 are
000,a01-020u-06-00 seeking
000,a01-020u-06-02 African
000,a01-020u-06-04 are
000,a01-020u-07-00 them
000,a01-020u-07-01 today
000,a01-020u-07-03 The
000,a01-020u-07-05 will
000,a01-020u-07-06 meet
000,a01-020u-08-00 to
000,a01-020u-08-01 discuss
000,a01-020u-08-02 the
000,a01-020u-08-04 of
000,a01-020u-09-00 House
000,a01-020u-09-01 of
000,a01-020u-09-02 Chiefs
000,a01-113u-00-00 He
000,a01-113u-00-01 told
000,a01-113u-00-02 them
000,a01-113u-00-03 that
000,a01-113u-00-04 their
000,a01-113u-00-06 of
000,a01-113u-00-07 social
000,a01-113u-01-01 was
000,a01-113u-01-02 wholly
000,a01-113u-02-01 from
000,a01-113u-02-02 that
000,a01-113u-02-03 of
000,a01-113u-02-04 Labour
000,a01-113u-02-06 They
000,a01-113u-02-07 would
000,a01-113u-03-00 provide
000,a01-113u-03-01 an
000,a01-113u-03-03 service
000,a01-113u-03-04 for
000,a01-113u-03-05 the
000,a01-113u-04-02 but
000,a01-113u-04-03 it
000,a01-113u-04-04 would
000,a01-113u-04-05 not
000,a01-113u-04-06 be
000,a01-113u-04-07 too
000,a01-113u-05-00 nor
000,a01-113u-05-01 too
000,a01-113u-05-02 easy
000,a01-113u-05-03 to
000,a01-113u-05-04 get
000,a01-113u-05-07 jeers
000,a01-113u-05-08 that
000,a01-113u-06-00 it
000,a01-113u-06-01 was
000,a01-113u-06-02 Labour
000,a01-113u-06-03 which
000,a01-113u-06-04 first
000,a01-113u-06-05 put
000,a01-113u-06-07 ceiling
000,a01-113u-07-00 on
000,a01-113u-07-01 health
000,a01-113u-07-03 and
000,a01-113u-07-04 started
000,a01-113u-07-05 charges
000,a01-113u-08-00 Brown
000,a01-113u-08-02 the
000,a01-113u-08-03 hostile
000,a01-113u-08-05 benches
000,a01-113u-09-00 that
000,a01-113u-09-01 was
000,a01-113u-09-02 done
000,a01-113u-09-03 in
000,a01-113u-09-05 because
000,a01-113u-09-06 of
000,a01-113u-09-07 the
000,a01-113u-10-00 strain
000,a01-113u-10-01 of
000,a01-113u-10-02 the
000,a01-113u-10-03 Korean
000,a01-113u-10-04 war
000,a05-116-00-00 This
000,a05-116-00-01 was
000,a05-116-00-02 too
000,a05-116-00-04 of
000,a05-116-00-05 the
000,a05-116-01-00 and
000,a05-116-01-01 her
000,a05-116-01-03 baby
000,a05-116-01-05 For
000,a05-116-01-06 the
000,a05-116-01-07 most
000,a05-116-02-00 part
000,a05-116-02-03 Godber
000,a05-116-02-05 his
000,a05-116-02-06 way
000,a05-116-03-00 through
000,a05-116-03-03 Foreign
000,a05-116-03-04 Office
000,a05-116-04-00 brief
000,a05-116-04-02 He
000,a05-116-04-04 the
000,a05-116-04-06 seal
000,a05-116-04-08 an
000,a05-116-05-04 whose
000,a05-116-06-01 is
000,a05-116-06-02 limited
000,a05-116-06-04 we
000,a05-116-06-05 are
000,a05-116-06-06 told
000,a05-116-06-08 to
000,a05-116-07-00 series
000,a05-116-07-01 of
000,a05-116-07-02 heavy
000,a05-116-07-03 sighs
000,a05-116-07-05 Sir
000,a05-116-07-06 Lynn
000,a05-116-08-00 Thomas
000,a05-116-08-03 for
000,a05-116-08-08 former
000,a05-116-09-00 Labour
000,a05-116-09-03 and
000,a05-116-09-05 Barbara
000,a01-117u-00-00 In
000,a01-117u-00-01 fact
000,a01-117u-00-03 the
000,a01-117u-00-04 Tories
000,a01-117u-00-05 made
000,a01-117u-00-06 it
000,a01-117u-00-07 worse
000,a01-117u-00-08 now
000,a01-117u-01-00 for
000,a01-117u-01-01 the
000,a01-117u-01-02 sick
000,a01-117u-01-03 and
000,a01-117u-01-04 needy
000,a01-117u-01-05 than
000,a01-117u-01-06 Labour
000,a01-117u-01-07 had
000,a01-117u-02-00 to
000,a01-117u-02-01 make
000,a01-117u-02-02 it
000,a01-117u-02-03 in
000,a01-117u-02-06 And
000,a01-117u-02-07 as
000,a01-117u-03-00 of
000,a01-117u-03-01 social
000,a01-117u-03-02 service
000,a01-117u-03-05 health
000,a01-117u-03-06 had
000,a01-117u-04-00 fallen
000,a01-117u-04-01 from
000,a01-117u-04-03 to
000,a01-117u-04-05 per
000,a01-117u-04-07 Then
000,a01-117u-05-01 Brown
000,a01-117u-05-02 swung
000,a01-117u-05-03 his
000,a01-117u-05-04 attack
000,a01-117u-05-06 to
000,a01-117u-06-00 the
000,a01-117u-06-03 Powell
000,a01-117u-06-05 He
000,a01-117u-07-00 that
000,a01-117u-07-01 instead
000,a01-117u-07-02 of
000,a01-117u-07-03 taking
000,a01-117u-07-04 it
000,a01-117u-07-05 out
000,a01-117u-07-06 of
000,a01-117u-07-07 the
000,a01-117u-08-02 Powell
000,a01-117u-08-03 should
000,a01-117u-08-04 take
000,a01-117u-09-00 action
000,a01-117u-09-01 against
000,a01-117u-09-02 the
000,a01-117u-09-03 drug
000,a01-117u-09-04 making
000,a01-117u-10-00 whose
000,a01-117u-10-01 profits
000,a01-117u-10-02 had
000,a01-117u-10-03 risen
000,a01-117u-10-04 by
000,a01-117u-10-05 up
000,a01-117u-10-06 to
000,a01-117u-10-08 per
000,a05-121-00-00 It
000,a05-121-00-01 was
000,a05-121-00-02 signed
000,a05-121-00-03 by
000,a05-121-00-05 Labour
000,a05-121-00-08 many
000,a05-121-01-00 of
000,a05-121-01-01 them
000,a05-121-02-00 It
000,a05-121-02-03 the
000,a05-121-02-05 of
000,a05-121-02-06 the
000,a05-121-03-01 as
000,a05-121-03-03 crime
000,a05-121-03-04 against
000,a05-121-04-02 letter
000,a05-121-04-03 of
000,a05-121-04-04 protest
000,a05-121-04-05 against
000,a05-121-04-06 the
000,a05-121-05-00 tests
000,a05-121-05-01 from
000,a05-121-05-02 Canon
000,a05-121-05-03 Collins
000,a05-121-06-00 of
000,a05-121-06-01 the
000,a05-121-06-03 for
000,a05-121-06-04 Nuclear
000,a05-121-07-03 to
000,a05-121-08-03 was
000,a05-121-08-04 also
000,a05-121-08-05 taken
000,a05-121-08-06 to
000,a05-121-08-07 the
000,a05-121-09-00 Russian
000,a05-121-09-01 Embassy
000,a05-125-00-03 writes
000,a05-125-01-00 bomb
000,a05-125-01-03 the
000,a05-125-01-04 Central
000,a05-125-02-00 Lobby
000,a05-125-02-01 of
000,a05-125-02-02 the
000,a05-125-02-03 House
000,a05-125-02-04 of
000,a05-125-02-05 Commons
000,a05-125-02-06 last
000,a05-125-03-00 night
000,a05-125-03-01 and
000,a05-125-03-02 formed
000,a05-125-03-04 queue
000,a05-125-04-00 for
000,a05-125-04-01 more
000,a05-125-04-02 than
000,a05-125-04-04 yards
000,a05-125-04-05 outside
000,a05-125-05-00 in
000,a05-125-05-01 Old
000,a05-125-05-02 Palace
000,a05-125-05-03 Yard
000,a05-125-05-05 About
000,a05-125-06-00 lobbied
000,a05-125-06-02 and
000,a05-125-06-04 them
000,a05-125-07-00 on
000,a03-089-00-00 This
000,a03-089-00-01 is
000,a03-089-00-04 to
000,a03-089-00-05 replace
000,a03-089-00-06 the
000,a03-089-01-00 Fiat
000,a03-089-01-03 and
000,a03-089-01-04 the
000,a03-089-02-00 the
000,a03-089-02-02 of
000,a03-089-02-03 the
000,a03-089-02-04 German
000,a03-089-02-05 Air
000,a03-089-03-00 Force
000,a05-017-00-00 The
000,a05-017-00-02 regards
000,a05-017-00-03 the
000,a05-017-00-04 recent
000,a05-017-00-05 trend
000,a05-017-01-00 of
000,a05-017-01-02 figures
000,a05-017-01-03 as
000,a05-017-02-00 He
000,a05-017-02-01 is
000,a05-017-02-03 the
000,a05-017-02-04 aim
000,a05-017-02-05 can
000,a05-017-02-06 be
000,a05-017-03-00 While
000,a05-017-03-01 the
000,a05-017-03-03 of
000,a05-017-03-04 an
000,a05-017-03-06 return
000,a05-017-04-00 to
000,a05-017-04-02 Service
000,a05-017-04-03 in
000,a05-017-04-04 some
000,a05-017-04-05 form
000,a05-017-05-00 cannot
000,a05-017-05-01 be
000,a05-017-05-05 he
000,a05-017-05-06 does
000,a05-017-06-00 not
000,a05-017-06-01 agree
000,a05-017-06-02 that
000,a05-017-06-03 the
000,a05-017-06-04 point
000,a05-017-06-05 has
000,a05-017-06-06 been
000,a05-017-06-07 reached
000,a05-017-07-00 where
000,a05-017-07-01 this
000,a05-017-07-02 need
000,a05-017-07-03 even
000,a05-017-07-04 be
000,a05-017-07-07 If
000,a05-017-08-01 Service
000,a05-017-08-02 is
000,a05-017-08-03 ever
000,a05-017-08-05 to
000,a05-017-09-01 would
000,a05-017-09-03 have
000,a05-017-09-04 to
000,a05-017-09-05 be
000,a05-017-09-06 for
000,a05-017-10-00 three
000,a05-017-10-01 years
000,a01-091u-00-00 The
000,a01-091u-00-01 result
000,a01-091u-00-02 of
000,a01-091u-00-03 the
000,a01-091u-00-04 vote
000,a01-091u-00-05 was
000,a01-091u-00-06 not
000,a01-091u-00-07 in
000,a01-091u-00-08 doubt
000,a01-091u-01-00 For
000,a01-091u-01-01 the
000,a01-091u-01-02 Tories
000,a01-091u-01-03 were
000,a01-091u-01-04 massed
000,a01-091u-01-05 in
000,a01-091u-01-06 answer
000,a01-091u-01-07 to
000,a01-091u-02-00 their
000,a01-091u-02-01 whips
000,a01-091u-02-02 to
000,a01-091u-02-03 defeat
000,a01-091u-02-05 censure
000,a01-091u-02-06 motion
000,a01-091u-03-00 on
000,a01-091u-03-01 the
000,a01-091u-03-03 for
000,a01-091u-03-06 the
000,a01-091u-04-00 Health
000,a01-091u-04-01 Service
000,a01-091u-04-03 and
000,a01-091u-04-04 placing
000,a01-091u-04-05 heavy
000,a01-091u-04-06 burdens
000,a01-091u-05-00 on
000,a01-091u-05-01 those
000,a01-091u-05-02 least
000,a01-091u-05-03 able
000,a01-091u-05-04 to
000,a01-091u-05-05 bear
000,a01-091u-05-06 them
000,a01-091u-06-00 Brown
000,a01-091u-06-02 that
000,a01-091u-06-03 the
000,a01-091u-06-04 policy
000,a01-091u-06-05 under
000,a01-091u-07-00 censure
000,a01-091u-07-01 was
000,a01-091u-07-04 It
000,a01-091u-07-05 had
000,a01-091u-08-00 many
000,a01-091u-08-01 people
000,a01-091u-08-02 far
000,a01-091u-08-03 beyond
000,a01-091u-08-04 the
000,a01-091u-08-05 ranks
000,a01-091u-08-06 of
000,a01-091u-09-00 Labour
000,a01-000u-00-01 MOVE
000,a01-000u-00-02 to
000,a01-000u-00-03 stop
000,a01-000u-00-06 from
000,a01-000u-01-01 any
000,a01-000u-01-02 more
000,a01-000u-01-03 Labour
000,a01-000u-01-04 life
000,a01-000u-01-05 Peers
000,a01-000u-02-00 is
000,a01-000u-02-01 to
000,a01-000u-02-02 be
000,a01-000u-02-03 made
000,a01-000u-02-04 at
000,a01-000u-02-06 meeting
000,a01-000u-02-07 of
000,a01-000u-02-08 Labour
000,a01-000u-03-04 Michael
000,a01-000u-03-05 Foot
000,a01-000u-03-06 has
000,a01-000u-04-00 put
000,a01-000u-04-01 down
000,a01-000u-04-04 on
000,a01-000u-04-05 the
000,a01-000u-04-06 subject
000,a01-000u-05-00 and
000,a01-000u-05-01 he
000,a01-000u-05-02 is
000,a01-000u-05-03 to
000,a01-000u-05-04 be
000,a01-000u-05-05 backed
000,a01-000u-05-06 by
000,a01-000u-05-08 Will
000,a01-000u-06-03 for
000,a01-053u-00-00 He
000,a01-053u-00-01 said
000,a01-053u-00-02 these
000,a01-053u-01-00 alleged
000,a01-053u-01-02 with
000,a01-053u-02-00 listed
000,a01-053u-02-01 by
000,a01-053u-02-02 the
000,a01-053u-03-00 Kennedy
000,a01-053u-03-01 rushed
000,a01-053u-03-03 letter
000,a01-053u-03-04 to
000,a01-053u-03-05 Senator
000,a01-053u-04-00 saying
000,a01-053u-04-01 the
000,a01-053u-04-02 Federal
000,a01-053u-04-03 Bureau
000,a01-053u-04-04 of
000,a01-053u-04-06 had
000,a01-053u-05-01 on
000,a01-053u-05-03 Weaver
000,a01-053u-05-05 He
000,a01-053u-06-00 he
000,a01-053u-06-01 would
000,a01-053u-06-02 perform
000,a01-053u-06-05 service
000,a01-053u-07-00 in
000,a01-053u-07-01 his
000,a01-053u-07-02 post
000,a01-053u-07-04 Senator
000,a01-053u-08-00 has
000,a01-053u-08-01 to
000,a01-053u-08-02 pass
000,a01-053u-08-06 before
000,a01-053u-08-07 it
000,a01-053u-09-00 can
000,a01-053u-09-01 be
000,a01-053u-09-03 by
000,a01-053u-09-04 the
000,a01-053u-09-05 full
000,a01-053u-09-06 Senate
000,a01-043u-00-01 talks
000,a01-043u-00-02 at
000,a01-043u-00-04 House
000,a01-043u-00-05 will
000,a01-043u-01-00 resume
000,a01-043u-01-01 today
000,a01-043u-01-04 KENNEDY
000,a01-043u-01-05 today
000,a01-043u-02-01 the
000,a01-043u-02-03 of
000,a01-043u-02-05 Negro
000,a01-043u-02-06 as
000,a01-043u-03-00 his
000,a01-043u-03-01 Housing
000,a01-043u-03-04 It
000,a01-043u-03-05 has
000,a01-043u-03-06 aroused
000,a01-043u-03-07 strong
000,a01-043u-04-01 from
000,a01-043u-04-02 the
000,a01-043u-04-05 of
000,a01-043u-04-06 the
000,a01-043u-05-00 Deep
000,a01-043u-05-01 South
000,a01-043u-05-03 The
000,a01-043u-05-04 negro
000,a01-043u-05-05 is
000,a01-043u-05-07 Robert
000,a01-043u-06-00 Weaver
000,a01-043u-06-01 of
000,a01-043u-06-02 New
000,a01-043u-06-03 York
000,a01-043u-06-05 One
000,a01-043u-06-06 of
000,a01-043u-06-07 his
000,a01-043u-06-08 tasks
000,a01-043u-06-09 will
000,a01-043u-07-00 be
000,a01-043u-07-01 to
000,a01-043u-07-02 see
000,a01-043u-07-03 there
000,a01-043u-07-04 is
000,a01-043u-07-05 no
000,a01-043u-07-06 racial
000,a01-043u-08-00 in
000,a01-043u-08-02 and
000,a01-043u-08-03 State
000,a01-043u-08-04 housing
000,a05-048-00-00 Long
000,a05-048-00-01 before
000,a05-048-00-02 polling
000,a05-048-00-03 closed
000,a05-048-00-04 at
000,a05-048-00-07 it
000,a05-048-00-08 was
000,a05-048-01-00 evident
000,a05-048-01-01 that
000,a05-048-01-02 voters
000,a05-048-01-03 were
000,a05-048-01-04 bored
000,a05-048-01-05 by
000,a05-048-01-06 the
000,a05-048-02-02 appeals
000,a05-048-02-03 to
000,a05-048-02-04 the
000,a05-048-03-00 The
000,a05-048-03-02 was
000,a05-048-03-03 the
000,a05-048-03-04 fourth
000,a05-048-03-05 in
000,a05-048-03-06 four
000,a05-048-03-07 years
000,a05-048-04-00 In
000,a05-048-04-01 most
000,a05-048-04-03 it
000,a05-048-04-04 may
000,a05-048-04-05 go
000,a05-048-04-06 down
000,a05-048-04-07 as
000,a05-048-05-00 the
000,a05-048-05-01 most
000,a05-048-05-03 in
000,a05-048-05-04 the
000,a05-048-05-06 history
000,a05-048-06-00 THE
000,a05-048-06-01 Prime
000,a05-048-06-04 in
000,a05-048-06-05 the
000,a05-048-06-06 Commons
000,a05-048-07-00 last
000,a05-048-07-01 night
000,a05-048-07-02 that
000,a05-048-07-03 he
000,a05-048-07-04 had
000,a05-048-07-06 early
000,a05-048-08-00 in
000,a05-048-08-01 the
000,a05-048-08-03 recess
000,a05-048-08-04 whether
000,a05-048-08-05 to
000,a05-048-09-03 to
000,a05-048-09-04 bring
000,a05-048-09-05 the
000,a05-048-10-00 British
000,a05-048-10-01 Army
000,a05-048-10-02 of
000,a05-048-10-03 the
000,a05-048-10-04 Rhine
000,a05-048-10-05 on
000,a05-048-10-06 to
000,a05-048-10-08 war
000,a05-048-10-09 footing
000,a01-003u-00-00 Though
000,a01-003u-00-01 they
000,a01-003u-00-02 may
000,a01-003u-00-03 gather
000,a01-003u-00-04 some
000,a01-003u-01-00 support
000,a01-003u-01-03 large
000,a01-003u-01-05 of
000,a01-003u-01-06 Labour
000,a01-003u-02-01 are
000,a01-003u-02-02 likely
000,a01-003u-02-03 to
000,a01-003u-02-04 turn
000,a01-003u-02-05 down
000,a01-003u-02-06 the
000,a01-003u-03-05 line
000,a01-003u-03-06 will
000,a01-003u-04-00 be
000,a01-003u-04-01 that
000,a01-003u-04-02 as
000,a01-003u-04-03 Labour
000,a01-003u-04-05 opposed
000,a01-003u-04-06 the
000,a01-003u-05-01 Bill
000,a01-003u-05-02 which
000,a01-003u-05-03 brought
000,a01-003u-05-04 life
000,a01-003u-05-05 peers
000,a01-003u-06-00 into
000,a01-003u-06-03 they
000,a01-003u-06-04 should
000,a01-003u-06-05 not
000,a01-003u-06-06 now
000,a01-003u-06-07 put
000,a01-003u-07-00 forward
000,a01-003u-07-03 He
000,a01-003u-07-05 that
000,a01-003u-07-06 the
000,a01-003u-08-00 House
000,a01-003u-08-01 of
000,a01-003u-08-02 Lords
000,a01-003u-08-03 should
000,a01-003u-08-04 be
000,a01-003u-08-06 and
000,a01-003u-09-00 that
000,a01-003u-09-01 Labour
000,a01-003u-09-02 should
000,a01-003u-09-03 not
000,a01-003u-09-04 take
000,a01-003u-09-05 any
000,a01-003u-09-06 steps
000,a01-003u-10-00 which
000,a01-003u-10-01 would
000,a01-003u-10-02 appear
000,a01-003u-10-03 to
000,a01-003u-10-05 prop
000,a01-003u-10-06 up
000,a01-003u-10-08 an
000,a01-026u-00-01 IAIN
000,a01-026u-00-02 MACLEOD
000,a01-026u-00-04 the
000,a01-026u-01-00 denied
000,a01-026u-01-01 in
000,a01-026u-01-02 the
000,a01-026u-01-03 Commons
000,a01-026u-01-04 last
000,a01-026u-01-05 night
000,a01-026u-01-06 that
000,a01-026u-02-00 there
000,a01-026u-02-01 have
000,a01-026u-02-02 been
000,a01-026u-02-03 secret
000,a01-026u-02-05 on
000,a01-026u-03-02 future
000,a01-026u-03-04 The
000,a01-026u-04-02 in
000,a01-026u-04-03 London
000,a01-026u-04-04 has
000,a01-026u-04-05 been
000,a01-026u-05-01 by
000,a01-026u-05-02 the
000,a01-026u-05-03 two
000,a01-026u-05-04 main
000,a01-026u-05-06 parties
000,a01-026u-06-00 the
000,a01-026u-06-01 United
000,a01-026u-06-02 Federal
000,a01-026u-06-03 Party
000,a01-026u-06-04 and
000,a01-026u-06-05 the
000,a01-026u-07-00 Party
000,a01-026u-07-02 But
000,a01-026u-07-04 of
000,a01-026u-07-05 Sir
000,a01-026u-07-06 Roy
000,a01-026u-08-02 Prime
000,a01-026u-08-04 of
000,a01-026u-08-05 the
000,a01-026u-08-06 Central
000,a01-026u-09-00 African
000,a01-026u-09-03 went
000,a01-026u-09-04 to
000,a01-026u-09-06 at
000,a01-026u-10-00 the
000,a01-026u-10-02 for
000,a01-026u-10-03 talks
000,a01-026u-10-04 with
000,a05-108-00-00 This
000,a05-108-00-01 puzzled
000,a05-108-00-02 such
000,a05-108-00-04 of
000,a05-108-01-01 as
000,a05-108-01-02 had
000,a05-108-01-03 failed
000,a05-108-01-04 to
000,a05-108-01-05 detect
000,a05-108-01-06 this
000,a05-108-01-07 cult
000,a05-108-02-00 But
000,a05-108-02-02 Healey
000,a05-108-02-03 had
000,a05-108-02-05 partial
000,a05-108-02-06 and
000,a05-108-03-00 limited
000,a05-108-03-01 success
000,a05-108-03-03 He
000,a05-108-03-04 rallied
000,a05-108-03-05 behind
000,a05-108-03-06 him
000,a05-108-04-00 the
000,a05-108-04-02 opinion
000,a05-108-04-03 so
000,a05-108-04-04 coolly
000,a05-108-04-05 snubbed
000,a05-108-04-06 last
000,a05-108-05-00 night
000,a05-108-05-01 by
000,a05-108-05-02 his
000,a05-108-05-03 leader
000,a05-108-06-02 merited
000,a05-108-06-03 all
000,a05-108-06-04 the
000,a05-108-06-05 mild
000,a05-108-07-00 scorn
000,a05-108-07-01 heaped
000,a05-108-07-02 on
000,a05-108-07-03 it
000,a05-108-07-04 by
000,a01-014u-00-00 Sir
000,a01-014u-00-02 United
000,a01-014u-00-03 Federal
000,a01-014u-00-04 Party
000,a01-014u-00-05 is
000,a01-014u-01-01 the
000,a01-014u-01-02 London
000,a01-014u-01-03 talks
000,a01-014u-01-04 on
000,a01-014u-01-05 the
000,a01-014u-02-01 future
000,a01-014u-02-03 Said
000,a01-014u-03-00 last
000,a01-014u-03-01 night
000,a01-014u-03-04 We
000,a01-014u-03-05 want
000,a01-014u-03-06 to
000,a01-014u-03-07 discuss
000,a01-014u-03-08 what
000,a01-014u-03-09 to
000,a01-014u-04-00 do
000,a01-014u-04-01 if
000,a01-014u-04-02 the
000,a01-014u-04-03 British
000,a01-014u-05-01 Sir
000,a01-014u-05-03 chief
000,a01-014u-05-04 aide
000,a01-014u-06-00 Julius
000,a01-014u-06-04 his
000,a01-014u-06-05 chief
000,a01-014u-07-01 report
000,a01-014u-07-02 on
000,a01-014u-07-03 his
000,a01-014u-07-04 talks
000,a01-014u-07-05 with
000,a01-014u-08-00 at
000,a05-104-00-01 Healey
000,a05-104-00-03 the
000,a05-104-00-05 for
000,a05-104-01-00 using
000,a05-104-01-01 double
000,a05-104-01-05 had
000,a05-104-02-00 rebuked
000,a05-104-02-01 the
000,a05-104-02-03 nations
000,a05-104-02-04 for
000,a05-104-02-05 not
000,a05-104-03-01 the
000,a05-104-03-02 new
000,a05-104-03-03 Russian
000,a05-104-03-04 tests
000,a05-104-03-06 but
000,a05-104-04-00 they
000,a05-104-04-02 had
000,a05-104-04-03 no
000,a05-104-04-05 for
000,a05-104-05-00 events
000,a05-104-05-01 in
000,a05-104-05-02 Angola
000,a05-104-05-03 or
000,a05-104-05-04 Algeria
000,a05-104-05-06 It
000,a05-104-05-07 was
000,a05-104-05-08 not
000,a05-104-05-09 for
000,a05-104-06-00 the
000,a05-104-06-03 said
000,a05-104-06-05 Healey
000,a05-104-06-07 to
000,a05-104-07-00 take
000,a05-104-07-01 up
000,a05-104-07-02 moral
000,a05-104-07-07 when
000,a05-104-08-00 the
000,a05-104-08-01 temple
000,a05-104-08-02 of
000,a05-104-08-03 their
000,a05-104-08-05 is
000,a05-104-08-06 the
000,a05-053-00-00 He
000,a05-053-00-01 decided
000,a05-053-00-02 that
000,a05-053-00-03 it
000,a05-053-00-04 would
000,a05-053-00-05 be
000,a05-053-00-07 great
000,a05-053-00-08 error
000,a05-053-01-00 to
000,a05-053-01-01 do
000,a05-053-01-02 so
000,a05-053-01-03 and
000,a05-053-01-04 to
000,a05-053-01-05 recall
000,a05-053-01-08 But
000,a05-053-02-00 there
000,a05-053-02-01 would
000,a05-053-02-02 be
000,a05-053-02-03 no
000,a05-053-02-05 in
000,a05-053-03-00 if
000,a05-053-03-02 further
000,a05-053-03-04 in
000,a05-053-03-05 the
000,a05-053-04-01 such
000,a05-053-04-03 step
000,a05-053-04-05 It
000,a05-053-04-06 would
000,a05-053-04-07 have
000,a05-053-04-08 to
000,a05-053-04-09 be
000,a05-053-05-01 by
000,a05-053-05-02 other
000,a05-053-05-04 of
000,a05-053-06-01 and
000,a05-053-06-03 kind
000,a05-053-07-00 who
000,a05-053-07-01 was
000,a05-053-07-02 winding
000,a05-053-07-03 up
000,a05-053-07-04 the
000,a05-053-07-05 foreign
000,a05-053-07-06 affairs
000,a05-053-08-00 debate
000,a05-053-08-02 said
000,a05-053-08-03 the
000,a05-053-08-05 could
000,a05-053-08-06 not
000,a05-053-09-00 be
000,a05-053-09-01 party
000,a05-053-09-02 to
000,a05-053-09-04 as
000,a05-053-09-06 matter
000,a05-053-09-07 of
000,a05-053-10-01 the
000,a05-053-10-02 imposed
000,a05-053-10-04 of
000,a05-053-10-05 Germany
000,a03-073-00-00 On
000,a03-073-00-01 the
000,a03-073-00-04 of
000,a03-073-00-05 the
000,a03-073-00-06 use
000,a03-073-00-07 of
000,a03-073-00-08 Blue
000,a03-073-01-00 Streak
000,a03-073-01-04 task
000,a03-073-01-05 will
000,a03-073-01-06 be
000,a03-073-02-00 easier
000,a03-073-02-02 He
000,a03-073-02-03 can
000,a03-073-02-04 point
000,a03-073-02-05 out
000,a03-073-02-06 that
000,a03-073-02-07 this
000,a03-073-02-08 is
000,a03-073-02-09 the
000,a03-073-03-00 only
000,a03-073-03-01 rocket
000,a03-073-03-02 and
000,a03-073-03-04 in
000,a03-073-03-05 Europe
000,a03-073-03-06 to
000,a03-073-04-00 have
000,a03-073-04-01 reached
000,a03-073-04-04 stage
000,a03-073-04-05 of
000,a03-073-05-00 for
000,a03-073-05-02 as
000,a03-073-05-03 the
000,a03-073-05-04 first
000,a03-073-05-05 stage
000,a03-073-05-06 in
000,a03-073-06-00 putting
000,a03-073-06-02 heavy
000,a03-073-06-04 into
000,a03-073-06-05 outer
000,a03-073-06-06 space
000,a03-073-07-00 There
000,a03-073-07-01 has
000,a03-073-07-02 also
000,a03-073-07-03 been
000,a03-073-07-04 some
000,a03-073-07-05 talk
000,a03-073-07-06 of
000,a03-073-07-08 another
000,a03-073-08-00 British
000,a03-073-08-01 rocket
000,a03-073-08-03 Black
000,a03-073-08-04 Knight
000,a03-073-08-06 for
000,a03-073-08-07 the
000,a03-073-08-08 second
000,a03-073-09-00 stage
000,a03-073-09-02 but
000,a03-073-09-03 the
000,a03-073-09-04 French
000,a03-073-09-05 have
000,a03-073-09-06 one
000,a03-073-09-07 of
000,a03-073-09-08 their
000,a03-073-10-00 own
000,a03-073-10-01 called
000,a03-073-10-03 which
000,a03-073-10-04 they
000,a03-073-10-05 would
000,a03-073-11-00 like
000,a03-073-11-01 to
000,a03-073-11-02 see
000,a03-073-11-03 used
000,a05-013-00-00 The
000,a05-013-00-01 scheme
000,a05-013-00-02 will
000,a05-013-00-03 be
000,a05-013-00-04 subject
000,a05-013-00-05 to
000,a05-013-00-06 Cabinet
000,a05-013-01-04 remains
000,a05-013-02-00 vinced
000,a05-013-02-01 that
000,a05-013-02-02 the
000,a05-013-02-03 policy
000,a05-013-02-05 in
000,a05-013-03-02 in
000,a05-013-03-05 time
000,a05-013-03-06 as
000,a05-013-04-00 of
000,a05-013-04-01 Defence
000,a05-013-04-03 is
000,a05-013-04-04 still
000,a05-013-04-05 correct
000,a05-013-04-07 This
000,a05-013-04-08 was
000,a05-013-04-09 to
000,a05-013-05-00 return
000,a05-013-05-01 to
000,a05-013-05-02 the
000,a05-013-05-04 of
000,a05-013-06-01 forces
000,a05-013-06-03 with
000,a05-013-06-04 the
000,a05-013-06-05 last
000,a05-013-07-01 out
000,a05-013-07-02 of
000,a05-013-07-03 uniform
000,a05-013-07-04 by
000,a05-013-07-05 the
000,a05-013-07-06 end
000,a05-013-08-00 of
000,a05-039-00-00 There
000,a05-039-00-01 was
000,a05-039-00-05 per
000,a05-039-00-07 swing
000,a05-039-01-00 towards
000,a05-039-01-01 the
000,a05-039-01-03 party
000,a05-039-01-04 of
000,a05-039-02-00 the
000,a05-039-02-01 Prime
000,a05-039-02-04 This
000,a05-039-02-05 implies
000,a05-039-02-06 the
000,a05-039-03-01 of
000,a05-039-03-02 the
000,a05-039-03-04 party
000,a05-039-03-05 from
000,a05-039-04-00 the
000,a05-039-04-01 House
000,a05-039-04-03 Early
000,a05-039-04-04 results
000,a05-039-04-05 in
000,a05-039-05-00 general
000,a05-039-05-02 showed
000,a05-039-05-04 being
000,a05-039-06-01 in
000,a05-039-06-02 their
000,a05-039-06-05 like
000,a05-039-07-00 fontein
000,a05-039-07-01 and
000,a05-039-07-02 the
000,a05-039-07-05 with
000,a05-039-08-03 In
000,a05-039-08-04 the
000,a05-039-08-05 Cape
000,a05-039-08-07 the
000,a05-039-09-00 veteran
000,a05-039-09-01 United
000,a05-039-09-02 Party
000,a05-039-09-06 Harry
000,a05-039-10-03 as
000,a05-039-10-07 was
000,a05-084-00-00 The
000,a05-084-00-02 now
000,a05-084-00-04 its
000,a05-084-00-07 The
000,a05-084-01-00 French
000,a05-084-01-01 doubts
000,a05-084-01-02 were
000,a05-084-01-03 more
000,a05-084-01-04 about
000,a05-084-02-00 than
000,a05-084-02-01 about
000,a05-084-02-04 The
000,a05-084-02-05 Prime
000,a05-084-03-01 of
000,a05-084-03-02 studied
000,a05-084-03-03 calm
000,a05-084-03-04 brought
000,a05-084-03-05 down
000,a05-084-03-06 the
000,a05-084-04-01 of
000,a05-084-04-02 the
000,a05-084-04-03 debate
000,a05-084-04-05 which
000,a05-084-04-06 never
000,a05-084-05-00 at
000,a05-084-05-01 any
000,a05-084-05-02 time
000,a05-084-05-03 rose
000,a05-084-05-04 to
000,a05-084-05-05 fever
000,a05-084-05-06 pitch
000,a05-084-05-08 to
000,a05-084-06-01 degree
000,a05-084-06-02 of
000,a05-084-07-03 speech
000,a05-084-07-04 the
000,a05-084-07-05 Earl
000,a05-084-08-00 of
000,a05-084-08-01 Home
000,a05-084-08-03 Foreign
000,a05-084-08-06 was
000,a05-084-09-00 in
000,a05-084-09-01 the
000,a05-084-09-03 Gallery
000,a05-058-00-01 We
000,a05-058-00-02 must
000,a05-058-00-03 not
000,a05-058-00-04 be
000,a05-058-00-05 rattled
000,a05-058-00-06 into
000,a05-058-01-00 but
000,a05-058-01-01 we
000,a05-058-01-02 must
000,a05-058-01-03 not
000,a05-058-01-05 and
000,a05-058-01-07 am
000,a05-058-01-08 not
000,a05-058-01-10 be
000,a05-058-02-00 afraid
000,a05-058-02-01 of
000,a05-058-02-06 Godber
000,a05-058-03-01 of
000,a05-058-03-02 State
000,a05-058-03-04 Foreign
000,a05-058-03-05 Office
000,a05-058-03-07 said
000,a05-058-04-00 earlier
000,a05-058-04-01 that
000,a05-058-04-02 the
000,a05-058-04-04 had
000,a05-058-04-05 asked
000,a05-058-05-00 the
000,a05-058-05-01 Medical
000,a05-058-05-03 Council
000,a05-058-05-04 to
000,a05-058-06-00 the
000,a05-058-06-03 in
000,a05-058-06-04 view
000,a05-058-06-05 of
000,a05-058-06-06 the
000,a05-058-06-07 Russian
000,a05-058-07-00 tests
000,a05-058-07-02 The
000,a05-058-07-05 would
000,a05-058-07-06 be
000,a05-058-08-00 made
000,a05-058-08-01 public
000,a03-071-00-00 But
000,a03-071-00-02 at
000,a03-071-00-03 the
000,a03-071-00-04 same
000,a03-071-00-05 time
000,a03-071-00-07 there
000,a03-071-00-08 is
000,a03-071-00-09 reason
000,a03-071-00-10 to
000,a03-071-01-00 believe
000,a03-071-01-01 that
000,a03-071-01-02 the
000,a03-071-01-03 Federal
000,a03-071-01-05 is
000,a03-071-01-06 not
000,a03-071-02-02 on
000,a03-071-02-03 the
000,a03-071-02-04 basis
000,a03-071-02-05 of
000,a03-071-02-06 the
000,a03-071-03-00 it
000,a03-071-03-01 has
000,a03-071-03-02 so
000,a03-071-03-03 far
000,a03-071-03-05 that
000,a03-071-03-06 such
000,a03-071-03-08 project
000,a03-071-03-09 would
000,a03-071-04-00 be
000,a03-071-04-02 from
000,a03-071-04-05 point
000,a03-071-04-06 of
000,a03-071-04-07 view
000,a03-071-05-00 and
000,a03-071-05-01 not
000,a03-071-05-02 merely
000,a03-071-06-03 to
000,a03-071-06-04 some
000,a03-071-06-05 extent
000,a03-071-07-00 efforts
000,a03-071-07-02 as
000,a03-071-07-03 Die
000,a03-071-07-04 Welt
000,a03-071-07-06 today
000,a03-071-07-07 in
000,a03-071-08-01 highly
000,a03-071-08-04 article
000,a05-094-00-00 The
000,a05-094-00-01 trouble
000,a05-094-00-02 about
000,a05-094-00-03 such
000,a05-094-00-04 debates
000,a05-094-00-05 is
000,a05-094-00-06 that
000,a05-094-01-00 they
000,a05-094-01-01 range
000,a05-094-01-02 too
000,a05-094-01-03 widely
000,a05-094-01-05 They
000,a05-094-01-06 remind
000,a05-094-01-07 one
000,a05-094-01-08 of
000,a05-094-02-00 the
000,a05-094-02-01 Rugby
000,a05-094-02-02 match
000,a05-094-02-03 in
000,a05-094-02-05 Tom
000,a05-094-03-00 in
000,a05-094-03-01 which
000,a05-094-03-02 all
000,a05-094-03-03 the
000,a05-094-03-04 boys
000,a05-094-03-05 were
000,a05-094-03-06 welcome
000,a05-094-03-07 to
000,a05-094-04-00 take
000,a05-094-04-01 part
000,a05-094-04-03 and
000,a05-094-04-04 only
000,a05-094-04-05 those
000,a05-094-04-06 who
000,a05-094-04-08 really
000,a05-094-04-09 meant
000,a05-094-05-02 removed
000,a05-094-05-03 their
000,a05-094-05-04 jackets
000,a05-094-05-06 Not
000,a05-094-05-07 many
000,a05-094-06-01 braces
000,a05-094-06-02 were
000,a05-094-06-03 visible
000,a05-094-06-04 in
000,a05-094-06-05 the
000,a05-094-07-00 early
000,a05-094-07-01 stages
000,a05-094-07-02 of
000,a05-094-07-04 debate
000,a05-094-08-00 Healey
000,a05-094-08-01 had
000,a05-094-08-02 another
000,a05-094-08-03 tilt
000,a05-094-08-04 at
000,a05-094-08-05 the
000,a05-094-08-06 Prime
000,a05-094-09-01 Press
000,a05-094-09-04 which
000,a05-094-09-05 he
000,a05-094-10-01 as
000,a05-094-10-04 display
000,a05-094-10-05 of
000,a05-094-10-06 flabby
000,a05-094-10-07 and
000,a01-077u-00-00 And
000,a01-077u-00-02 since
000,a01-077u-00-03 this
000,a01-077u-00-04 is
000,a01-077u-00-06 year
000,a01-077u-00-07 in
000,a01-077u-00-08 West
000,a01-077u-01-00 Germany
000,a01-077u-01-04 is
000,a01-077u-01-05 in
000,a01-077u-01-07 tough
000,a01-077u-01-08 spot
000,a01-077u-02-00 Joyce
000,a01-077u-02-02 cables
000,a01-077u-02-05 Kennedy
000,a01-077u-03-00 at
000,a01-077u-03-01 his
000,a01-077u-03-03 Press
000,a01-077u-04-00 he
000,a01-077u-04-01 did
000,a01-077u-04-02 not
000,a01-077u-04-03 know
000,a01-077u-04-04 whether
000,a01-077u-04-05 America
000,a01-077u-04-06 was
000,a01-077u-05-00 lagging
000,a01-077u-05-01 behind
000,a01-077u-05-02 Russia
000,a01-077u-05-03 in
000,a01-077u-05-04 missile
000,a01-077u-05-05 power
000,a01-077u-06-00 He
000,a01-077u-06-01 said
000,a01-077u-06-02 he
000,a01-077u-06-03 was
000,a01-077u-06-04 waiting
000,a01-077u-06-05 for
000,a01-077u-06-06 his
000,a01-077u-06-07 senior
000,a01-077u-07-01 aides
000,a01-077u-07-02 to
000,a01-077u-07-03 come
000,a01-077u-07-04 up
000,a01-077u-07-05 with
000,a01-077u-07-06 the
000,a01-077u-07-07 answer
000,a01-077u-08-00 on
000,a01-122u-00-02 Powell
000,a01-122u-00-03 finds
000,a01-122u-00-04 it
000,a01-122u-00-05 easier
000,a01-122u-00-06 to
000,a01-122u-00-07 take
000,a01-122u-00-08 it
000,a01-122u-00-09 out
000,a01-122u-01-00 of
000,a01-122u-01-01 mothers
000,a01-122u-01-04 and
000,a01-122u-01-05 sick
000,a01-122u-01-06 people
000,a01-122u-01-07 than
000,a01-122u-02-00 to
000,a01-122u-02-01 take
000,a01-122u-02-02 on
000,a01-122u-02-03 this
000,a01-122u-02-04 vast
000,a01-122u-03-00 Brown
000,a01-122u-03-02 icily
000,a01-122u-03-05 Let
000,a01-122u-03-06 us
000,a01-122u-03-07 have
000,a01-122u-04-00 full
000,a01-122u-04-01 inquiry
000,a01-122u-04-02 into
000,a01-122u-04-03 the
000,a01-122u-04-04 cost
000,a01-122u-04-05 of
000,a01-122u-04-06 drugs
000,a01-122u-04-07 and
000,a01-122u-05-00 the
000,a01-122u-05-05 The
000,a01-122u-05-06 health
000,a01-122u-06-00 of
000,a01-122u-06-02 today
000,a01-122u-06-03 owed
000,a01-122u-06-04 much
000,a01-122u-06-05 to
000,a01-122u-06-06 the
000,a01-122u-06-07 welfare
000,a01-122u-07-00 food
000,a01-122u-07-01 scheme
000,a01-122u-07-03 It
000,a01-122u-07-04 was
000,a01-122u-07-06 during
000,a01-122u-08-00 the
000,a01-122u-08-01 war
000,a01-122u-08-03 Now
000,a01-122u-08-04 in
000,a01-122u-08-06 of
000,a01-122u-08-07 Tory
000,a01-122u-09-01 it
000,a01-122u-09-02 seemed
000,a01-122u-09-03 it
000,a01-122u-09-04 could
000,a01-122u-09-05 not
000,a01-122u-09-06 be
000,a01-122u-10-00 carried
000,a01-122u-10-01 on
000,a01-011u-00-01 from
000,a01-011u-00-03 Kenneth
000,a01-011u-01-00 United
000,a01-011u-01-03 Party
000,a01-011u-02-02 members
000,a01-011u-02-04 and
000,a01-011u-02-06 Harry
000,a01-011u-03-00 African
000,a01-011u-03-06 will
000,a01-011u-04-00 meet
000,a01-011u-04-01 in
000,a01-011u-04-02 London
000,a01-011u-04-03 today
000,a01-011u-04-04 to
000,a01-011u-04-05 discuss
000,a01-011u-04-07 common
000,a01-011u-05-00 course
000,a01-011u-05-01 of
000,a01-011u-05-02 action
000,a01-011u-05-04 Sir
000,a01-011u-05-05 Roy
000,a01-011u-05-06 is
000,a01-011u-06-00 opposed
000,a01-011u-06-01 to
000,a01-011u-06-03 getting
000,a01-011u-06-04 an
000,a01-011u-06-05 elected
000,a01-011u-07-01 in
000,a01-011u-07-05 but
000,a01-011u-07-06 the
000,a01-011u-08-04 Iain
000,a01-011u-08-05 Macleod
000,a01-011u-09-00 is
000,a01-011u-09-02 on
000,a01-011u-09-04 policy
000,a01-011u-09-05 of
000,a01-011u-09-06 change
000,a05-080-00-03 that
000,a05-080-00-04 he
000,a05-080-00-05 had
000,a05-080-01-00 ately
000,a05-080-01-02 during
000,a05-080-01-03 the
000,a05-080-01-04 summer
000,a05-080-01-05 from
000,a05-080-02-02 or
000,a05-080-03-00 by
000,a05-080-03-03 such
000,a05-080-03-04 as
000,a05-080-03-05 would
000,a05-080-03-06 be
000,a05-080-04-01 to
000,a05-080-04-02 bring
000,a05-080-04-03 the
000,a05-080-04-04 British
000,a05-080-04-05 Army
000,a05-080-04-06 of
000,a05-080-04-07 the
000,a05-080-04-08 Rhine
000,a05-080-05-00 on
000,a05-080-05-01 to
000,a05-080-05-03 fully
000,a05-080-05-04 active
000,a05-080-05-05 footing
000,a05-080-05-07 That
000,a05-080-06-00 would
000,a05-080-06-01 have
000,a05-080-06-02 created
000,a05-080-07-00 sirable
000,a05-080-07-02 of
000,a05-080-07-03 panic
000,a05-080-07-05 He
000,a05-080-07-06 thought
000,a05-080-08-00 that
000,a05-080-08-01 the
000,a05-080-08-03 was
000,a05-080-08-04 rather
000,a05-080-08-05 more
000,a05-080-09-00 hopeful
000,a01-049u-00-00 Senator
000,a01-049u-00-01 Allen
000,a01-049u-00-04 of
000,a01-049u-01-00 sparked
000,a01-049u-01-01 off
000,a01-049u-01-02 the
000,a01-049u-01-04 by
000,a01-049u-01-05 telling
000,a01-049u-02-02 it
000,a01-049u-02-03 was
000,a01-049u-02-05 current
000,a01-049u-03-01 gossip
000,a01-049u-03-03 that
000,a01-049u-03-04 Weaver
000,a01-049u-03-05 once
000,a01-049u-03-06 had
000,a01-049u-04-03 The
000,a01-049u-04-04 Senate
000,a01-049u-04-05 Banking
000,a01-049u-05-02 which
000,a01-049u-05-03 is
000,a01-049u-05-04 headed
000,a01-049u-05-05 by
000,a01-049u-05-06 another
000,a01-049u-06-01 Senator
000,a01-049u-06-03 Willis
000,a01-049u-06-06 of
000,a01-049u-07-02 met
000,a01-049u-07-03 today
000,a01-049u-07-04 in
000,a01-049u-07-05 closed
000,a01-049u-07-06 session
000,a01-049u-07-07 to
000,a01-049u-08-00 discuss
000,a01-049u-08-04 Senator
000,a01-049u-09-01 later
000,a01-049u-09-03 he
000,a01-049u-09-04 had
000,a01-049u-09-05 sent
000,a01-049u-09-07 letter
000,a01-049u-10-00 to
000,a01-049u-10-02 Kennedy
000,a01-049u-10-03 saying
000,a01-049u-10-04 he
000,a01-049u-10-05 had
000,a03-080-00-00 The
000,a03-080-00-01 Foreign
000,a03-080-00-04 added
000,a03-080-01-00 today
000,a03-080-01-02 however
000,a03-080-01-04 that
000,a03-080-01-05 the
000,a03-080-01-07 Treaty
000,a03-080-02-00 was
000,a03-080-02-03 because
000,a03-080-02-05 on
000,a03-080-02-06 the
000,a03-080-03-00 various
000,a03-080-03-01 rocket
000,a03-080-03-02 stages
000,a03-080-03-03 had
000,a03-080-03-04 already
000,a03-080-03-05 been
000,a03-080-04-02 and
000,a03-080-04-03 only
000,a03-080-04-05 on
000,a03-080-04-06 the
000,a03-080-04-07 type
000,a03-080-05-00 of
000,a03-080-05-01 capsule
000,a03-080-05-02 was
000,a03-080-05-06 lesser
000,a03-080-06-00 to
000,a03-080-06-01 German
000,a03-080-06-03 is
000,a03-080-06-04 the
000,a03-080-06-05 absence
000,a03-080-06-06 of
000,a03-080-07-00 any
000,a03-080-07-02 or
000,a03-080-08-00 for
000,a03-080-08-01 it
000,a03-080-08-03 and
000,a03-080-08-05 of
000,a03-080-08-06 any
000,a03-080-08-07 budget
000,a03-080-09-00 under
000,a03-080-09-01 which
000,a03-080-09-02 funds
000,a03-080-09-03 could
000,a03-080-09-04 be
000,a05-029-00-00 Sir
000,a05-029-00-01 Francis
000,a05-029-00-02 is
000,a05-029-00-03 to
000,a05-029-00-04 hand
000,a05-029-00-05 over
000,a05-029-00-06 to
000,a05-029-00-07 Sir
000,a05-029-00-08 Richard
000,a05-029-01-00 as
000,a05-029-01-01 from
000,a05-029-01-05 The
000,a05-029-01-08 due
000,a05-029-01-09 in
000,a05-029-02-02 was
000,a05-029-02-03 delayed
000,a05-029-02-04 because
000,a05-029-02-05 of
000,a05-029-02-06 the
000,a05-029-03-00 Berlin
000,a05-029-03-01 crisis
000,a05-029-03-05 and
000,a05-029-03-06 his
000,a05-029-04-00 felt
000,a05-029-04-01 the
000,a05-029-04-02 change
000,a05-029-04-03 would
000,a05-029-04-04 be
000,a05-029-04-05 unwise
000,a05-029-04-06 at
000,a05-029-05-00 moment
000,a05-029-05-02 when
000,a05-029-05-04 had
000,a05-029-05-05 to
000,a05-029-05-06 be
000,a05-029-06-01 on
000,a05-029-06-03 need
000,a05-029-06-04 for
000,a05-029-07-03 For
000,a05-029-07-04 this
000,a05-029-07-05 reason
000,a05-029-07-06 Sir
000,a05-029-08-00 Francis
000,a05-029-08-01 stayed
000,a05-029-08-02 on
000,a05-029-08-04 and
000,a05-029-09-00 his
000,a05-029-09-01 leave
000,a01-007u-00-00 Since
000,a01-007u-00-04 Labour
000,a01-007u-00-05 life
000,a01-007u-00-06 Peers
000,a01-007u-00-07 and
000,a01-007u-01-01 have
000,a01-007u-01-02 been
000,a01-007u-01-03 created
000,a01-007u-01-05 Most
000,a01-007u-01-06 Labour
000,a01-007u-02-01 would
000,a01-007u-02-02 still
000,a01-007u-02-03 favour
000,a01-007u-02-04 the
000,a01-007u-03-00 of
000,a01-007u-03-01 the
000,a01-007u-03-02 House
000,a01-007u-03-03 of
000,a01-007u-03-04 Lords
000,a01-007u-03-06 but
000,a01-007u-03-07 while
000,a01-007u-03-08 it
000,a01-007u-03-09 remains
000,a01-007u-04-00 Labour
000,a01-007u-04-01 has
000,a01-007u-04-02 to
000,a01-007u-04-03 have
000,a01-007u-04-04 an
000,a01-007u-04-06 number
000,a01-007u-05-00 of
000,a01-007u-05-01 members
000,a01-007u-05-03 THE
000,a01-007u-05-04 two
000,a01-007u-05-05 rival
000,a01-007u-05-06 African
000,a01-007u-06-01 Parties
000,a01-007u-06-02 of
000,a01-007u-07-00 have
000,a01-007u-07-01 agreed
000,a01-007u-07-02 to
000,a01-007u-07-03 get
000,a01-007u-07-05 to
000,a01-007u-07-06 face
000,a01-007u-08-00 the
000,a01-007u-08-02 from
000,a01-007u-08-03 Sir
000,a01-007u-08-04 Roy
000,a01-007u-09-00 the
000,a01-007u-09-01 Federal
000,a01-007u-09-02 Premier
000,a01-132x-00-01 That
000,a01-132x-00-02 cannot
000,a01-132x-00-04 without
000,a01-132x-00-05 either
000,a01-132x-01-00 being
000,a01-132x-01-01 limited
000,a01-132x-01-02 or
000,a01-132x-01-03 an
000,a01-132x-01-05 being
000,a01-132x-01-06 made
000,a01-132x-02-00 in
000,a01-132x-02-04 The
000,a01-132x-02-06 decided
000,a01-132x-02-07 to
000,a01-132x-02-08 adjust
000,a01-132x-03-00 the
000,a01-132x-03-03 which
000,a01-132x-03-05 Powell
000,a01-132x-03-06 claimed
000,a01-132x-03-07 was
000,a01-132x-04-02 not
000,a01-132x-04-05 the
000,a01-132x-04-06 service
000,a01-132x-05-01 the
000,a01-132x-05-02 attack
000,a01-132x-05-03 on
000,a01-132x-05-06 charges
000,a01-132x-06-00 for
000,a01-132x-06-01 welfare
000,a01-132x-06-04 Powell
000,a01-132x-06-05 said
000,a01-132x-06-06 that
000,a01-132x-06-07 all
000,a01-132x-06-08 these
000,a01-132x-07-00 foods
000,a01-132x-07-01 would
000,a01-132x-07-02 still
000,a01-132x-07-03 be
000,a01-132x-07-04 free
000,a01-132x-07-05 in
000,a01-132x-08-00 regular
000,a01-132x-08-03 grants
000,a01-128u-00-00 When
000,a01-128u-00-02 Brown
000,a01-128u-00-03 sat
000,a01-128u-00-04 down
000,a01-128u-00-05 Labour
000,a01-128u-01-00 cheered
000,a01-128u-01-01 for
000,a01-128u-01-03 full
000,a01-128u-01-04 minute
000,a01-128u-01-06 and
000,a01-128u-01-07 even
000,a01-128u-01-08 his
000,a01-128u-02-02 on
000,a01-128u-02-03 defence
000,a01-128u-02-04 joined
000,a01-128u-02-05 in
000,a01-128u-03-01 Powell
000,a01-128u-03-02 devoted
000,a01-128u-03-03 half
000,a01-128u-03-04 his
000,a01-128u-03-05 speech
000,a01-128u-03-06 to
000,a01-128u-03-07 giving
000,a01-128u-04-00 details
000,a01-128u-04-01 of
000,a01-128u-04-02 plans
000,a01-128u-04-03 for
000,a01-128u-04-05 the
000,a01-128u-05-00 service
000,a01-128u-05-02 on
000,a01-128u-05-03 which
000,a01-128u-05-04 indeed
000,a01-128u-05-05 the
000,a01-128u-05-07 is
000,a01-128u-06-00 making
000,a01-128u-06-03 His
000,a01-128u-06-04 basic
000,a01-128u-06-05 defence
000,a01-128u-06-06 of
000,a01-128u-06-07 the
000,a01-128u-07-00 Health
000,a01-128u-07-01 Service
000,a01-128u-07-02 cuts
000,a01-128u-07-03 was
000,a01-128u-07-04 that
000,a01-128u-07-06 even
000,a01-128u-07-07 after
000,a01-128u-08-00 the
000,a01-128u-08-02 changes
000,a01-128u-08-03 the
000,a01-128u-08-04 net
000,a01-128u-08-05 cost
000,a01-128u-08-06 of
000,a01-128u-08-07 the
000,a01-128u-09-00 service
000,a01-128u-09-01 to
000,a01-128u-09-02 the
000,a01-128u-09-04 will
000,a01-128u-09-05 have
000,a01-128u-10-00 over
000,a01-128u-10-01 three
000,a01-128u-10-02 years
000,a01-128u-10-03 by
000,a01-128u-10-05 per
