315,g03-049-00-01 his
315,g03-049-00-02 ideas
315,g03-049-00-03 were
315,g03-049-00-05 opposed
315,g03-049-01-00 to
315,g03-049-01-01 those
315,g03-049-01-02 of
315,g03-049-01-03 parsons
315,g03-049-01-04 he
315,g03-049-01-05 got
315,g03-049-01-06 on
315,g03-049-01-08 well
315,g03-049-02-00 with
315,g03-049-02-01 them
315,g03-049-02-04 those
315,g03-049-02-05 who
315,g03-049-02-07 like
315,g03-049-02-08 the
315,g03-049-03-00 Conrad
315,g03-049-03-01 Noel
315,g03-049-03-03 the
315,g03-049-03-05 leader
315,g03-049-03-06 of
315,g03-049-04-00 the
315,g03-049-04-01 Church
315,g03-049-04-03 League
315,g03-049-05-02 With
315,g03-049-05-03 such
315,g03-049-05-04 men
315,g03-049-05-06 who
315,g03-049-05-07 had
315,g03-049-05-08 the
315,g03-049-06-00 courage
315,g03-049-06-01 of
315,g03-049-06-02 their
315,g03-049-06-04 and
315,g03-049-06-05 their
315,g03-049-07-02 common
315,g03-049-07-03 ground
315,g03-049-07-04 could
315,g03-049-07-05 be
315,g03-049-07-06 found
315,n02-104-00-02 know
315,n02-104-00-04 Absurd
315,n02-104-00-05 as
315,n02-104-00-06 it
315,n02-104-00-07 may
315,n02-104-00-08 seem
315,n02-104-00-12 want
315,n02-104-01-00 you
315,n02-104-01-01 to
315,n02-104-01-02 think
315,n02-104-01-03 badly
315,n02-104-01-04 of
315,n02-104-01-05 me
315,n02-104-01-08 She
315,n02-104-01-09 turned
315,n02-104-01-10 away
315,n02-104-02-00 from
315,n02-104-02-01 him
315,n02-104-02-02 to
315,n02-104-02-03 fondle
315,n02-104-02-04 Judy
315,n02-104-02-06 who
315,n02-104-02-08 sensing
315,n02-104-03-00 amiss
315,n02-104-03-02 was
315,n02-104-03-03 nudging
315,n02-104-03-04 her
315,n02-104-03-05 in
315,n02-104-03-06 the
315,n02-104-03-08 to
315,n02-104-04-00 gain
315,n02-104-04-01 her
315,n02-104-04-05 The
315,n02-104-04-06 truth
315,n02-104-04-07 is
315,n02-104-04-08 that
315,n02-104-05-00 if
315,n02-104-05-02 had
315,n02-104-05-05 on
315,n02-104-05-06 sailing
315,n02-104-05-07 at
315,n02-104-05-08 the
315,n02-104-06-00 time
315,n02-104-06-04 Sir
315,n02-104-06-05 John
315,n02-104-06-06 would
315,n02-104-07-00 have
315,n02-104-07-01 had
315,n02-104-07-02 it
315,n02-104-07-03 in
315,n02-104-07-04 for
315,n02-104-07-05 Guy
315,n02-109-00-00 You
315,n02-109-00-01 see
315,n02-109-00-03 it
315,n02-109-00-04 was
315,n02-109-00-08 through
315,n02-109-00-10 mistake
315,n02-109-01-00 on
315,n02-109-01-02 part
315,n02-109-01-03 that
315,n02-109-01-04 we
315,n02-109-01-05 missed
315,n02-109-01-06 seeing
315,n02-109-01-07 the
315,n02-109-02-01 our
315,n02-109-02-02 first
315,n02-109-02-03 morning
315,n02-109-02-04 on
315,n02-109-02-05 the
315,n02-109-02-06 island
315,n02-109-03-01 What
315,n02-109-03-02 harm
315,n02-109-03-03 could
315,n02-109-03-05 have
315,n02-109-03-06 come
315,n02-109-03-07 to
315,n02-109-03-08 Forrest
315,n02-109-04-00 through
315,n02-109-04-01 Sir
315,n02-109-04-06 Piers
315,n02-109-04-07 could
315,n02-109-05-00 hardly
315,n02-109-05-01 have
315,n02-109-05-02 spoken
315,n02-109-05-03 with
315,n02-109-05-04 more
315,n02-109-06-01 bully
315,n02-109-06-02 like
315,n02-109-06-03 that
315,n02-109-06-05 anyone
315,n02-109-06-06 who
315,n02-109-07-00 dares
315,n02-109-07-01 to
315,n02-109-07-02 stand
315,n02-109-07-03 up
315,n02-109-07-04 to
315,n02-109-07-05 him
315,n02-114-00-00 Beryl
315,n02-114-00-01 tried
315,n02-114-00-02 to
315,n02-114-00-04 the
315,n02-114-00-05 thought
315,n02-114-00-06 that
315,n02-114-00-07 this
315,n02-114-00-08 was
315,n02-114-01-01 the
315,n02-114-01-02 remark
315,n02-114-01-03 she
315,n02-114-01-04 had
315,n02-114-01-05 made
315,n02-114-01-06 to
315,n02-114-01-07 Guy
315,n02-114-02-00 She
315,n02-114-02-01 said
315,n02-114-02-02 icily
315,n02-114-02-05 As
315,n02-114-02-06 you
315,n02-114-02-07 pride
315,n02-114-02-09 on
315,n02-114-03-00 your
315,n02-114-03-02 of
315,n02-114-03-03 all
315,n02-114-03-04 the
315,n02-114-03-05 affairs
315,n02-114-03-06 of
315,n02-114-03-07 the
315,n02-114-04-00 island
315,n02-114-04-03 tell
315,n02-114-04-04 you
315,n02-114-04-05 that
315,n02-114-04-06 Sir
315,n02-114-04-07 John
315,n02-114-05-01 is
315,n02-114-05-02 one
315,n02-114-05-03 of
315,n02-114-05-06 most
315,n02-114-06-05 So
315,n02-114-06-06 what
315,n02-114-06-08 You
315,n02-114-06-10 not
315,n02-114-07-00 trying
315,n02-114-07-01 to
315,n02-114-07-02 say
315,n02-114-07-03 that
315,n02-114-07-04 Hewson
315,n02-114-07-05 would
315,n02-114-08-00 Forrest
315,n02-114-08-01 for
315,n02-114-08-03 with
315,n02-114-08-05 moral
315,n02-114-09-00 courage
315,n02-120-00-00 He
315,n02-120-00-02 quite
315,n02-120-00-03 capable
315,n02-120-00-04 of
315,n02-120-00-05 telling
315,n02-120-00-06 Sir
315,n02-120-00-07 John
315,n02-120-00-08 to
315,n02-120-00-09 take
315,n02-120-01-00 himself
315,n02-120-01-01 and
315,n02-120-01-02 his
315,n02-120-01-04 to
315,n02-120-01-05 an
315,n02-120-02-00 able
315,n02-120-02-05 There
315,n02-120-03-00 between
315,n02-120-03-01 what
315,n02-120-03-03 senior
315,n02-120-03-04 and
315,n02-120-03-06 junior
315,n02-120-04-00 partner
315,n02-120-04-01 can
315,n02-120-04-02 do
315,n02-120-04-05 was
315,n02-120-04-06 her
315,n02-120-04-07 quick
315,n02-120-04-08 reply
315,n02-120-05-01 What
315,n02-120-05-02 they
315,n02-120-05-03 can
315,n02-120-05-04 bring
315,n02-120-05-05 off
315,n02-120-05-09 admit
315,n02-120-05-10 that
315,n02-120-06-00 But
315,n02-120-06-01 Forrest
315,n02-120-06-02 might
315,n02-120-06-03 at
315,n02-120-06-04 least
315,n02-120-06-05 have
315,n02-120-06-06 tried
315,n02-120-06-08 He
315,n02-120-07-00 pretty
315,n02-127-00-01 You
315,n02-127-00-02 think
315,n02-127-00-03 you
315,n02-127-00-04 could
315,n02-127-00-05 have
315,n02-127-00-06 carried
315,n02-127-00-07 more
315,n02-127-00-08 weight
315,n02-127-01-00 with
315,n02-127-01-01 Sir
315,n02-127-01-02 John
315,n02-127-01-05 she
315,n02-127-02-01 For
315,n02-127-02-02 all
315,n02-127-02-03 your
315,n02-127-02-04 good
315,n02-127-02-05 opinion
315,n02-127-02-06 of
315,n02-127-03-01 doubt
315,n02-127-03-02 it
315,n02-127-03-04 He
315,n02-127-03-06 about
315,n02-127-03-07 as
315,n02-127-03-08 easy
315,n02-127-03-09 to
315,n02-127-03-10 push
315,n02-127-03-11 around
315,n02-127-04-00 as
315,n02-127-04-02 as
315,n02-127-04-05 whale
315,n02-127-04-08 He
315,n02-127-04-09 had
315,n02-127-04-10 to
315,n02-127-04-11 smile
315,n02-127-05-00 at
315,n02-127-05-01 that
315,n02-127-05-03 but
315,n02-127-05-04 went
315,n02-127-05-05 on
315,n02-127-05-06 airily
315,n02-127-05-11 have
315,n02-127-05-12 made
315,n02-127-06-00 an
315,n02-127-06-01 attempt
315,n02-127-06-02 to
315,n02-127-06-03 show
315,n02-127-06-04 my
315,n02-127-06-06 that
315,n02-127-07-00 put
315,n02-127-07-01 her
315,n02-127-07-03 before
315,n02-127-07-04 my
315,n02-127-07-05 own
315,r03-053-00-00 His
315,r03-053-00-01 voice
315,r03-053-00-02 was
315,r03-053-00-03 like
315,r03-053-00-04 his
315,r03-053-00-05 black
315,r03-053-00-06 and
315,r03-053-01-01 grey
315,r03-053-01-03 of
315,r03-053-01-05 over
315,r03-053-02-00 the
315,r03-053-02-02 colour
315,r03-053-02-03 of
315,r03-053-02-04 his
315,r03-053-02-05 own
315,r03-053-02-06 natural
315,r03-053-02-07 vowels
315,r03-053-03-00 the
315,r03-053-03-01 result
315,r03-053-03-02 being
315,r03-053-03-03 somehow
315,r03-053-03-04 as
315,r03-053-03-07 not
315,r03-053-04-00 just
315,r03-053-04-02 but
315,r03-053-04-03 muddy
315,r03-053-04-05 slimy
315,r03-053-04-06 even
315,r03-053-05-00 His
315,r03-053-05-02 too
315,r03-053-05-04 seemed
315,r03-053-05-05 to
315,r03-053-05-06 have
315,r03-053-05-07 no
315,r03-053-05-08 other
315,r03-053-06-00 purpose
315,r03-053-06-01 than
315,r03-053-06-02 the
315,r03-053-06-04 of
315,r03-053-06-05 dust
315,r03-053-06-06 in
315,r03-053-06-07 his
315,r03-053-07-01 eyes
315,r03-053-07-03 the
315,r03-053-07-04 dust
315,r03-053-07-05 of
315,r03-053-07-06 fake
315,r03-053-07-09 of
315,r03-053-08-00 the
315,r03-053-08-01 fake
315,r03-053-08-02 friend
315,r03-053-08-03 of
315,r03-053-08-04 the
315,r03-053-08-05 family
315,r03-053-08-07 like
315,r03-053-08-08 the
