634,p06-030-00-00 His
634,p06-030-00-01 mouth
634,p06-030-00-04 his
634,p06-030-00-05 eyes
634,p06-030-00-06 became
634,p06-030-01-00 steely
634,p06-030-01-04 see
634,p06-030-01-07 Scorn
634,p06-030-01-08 lashed
634,p06-030-01-09 his
634,p06-030-02-00 words
634,p06-030-02-04 wonder
634,p06-030-02-05 you
634,p06-030-02-06 dared
634,p06-030-02-07 trust
634,p06-030-03-00 him
634,p06-030-03-01 to
634,p06-030-03-02 my
634,p06-030-03-03 care
634,p06-030-04-01 Well
634,p06-030-04-03 At
634,p06-030-04-04 least
634,p06-030-04-06 know
634,p06-030-04-07 the
634,p06-030-04-08 truth
634,p06-030-05-00 Truth
634,p06-030-05-03 His
634,p06-030-05-04 gaze
634,p06-030-05-05 held
634,p06-030-05-06 hers
634,p06-030-06-03 You
634,p06-030-06-04 wanted
634,p06-030-06-05 it
634,p06-030-06-06 so
634,p06-030-07-00 badly
634,p06-030-07-02 at
634,p06-030-07-03 any
634,p06-030-07-04 price
634,p06-030-07-07 hope
634,p06-030-08-00 you
634,p06-030-08-01 are
634,p06-042-00-00 And
634,p06-042-00-01 as
634,p06-042-00-02 he
634,p06-042-00-03 spoke
634,p06-042-00-05 the
634,p06-042-00-06 thought
634,p06-042-01-00 of
634,p06-042-01-01 Philip
634,p06-042-01-02 lying
634,p06-042-01-03 in
634,p06-042-01-04 the
634,p06-042-01-05 other
634,p06-042-02-00 room
634,p06-042-02-01 filled
634,p06-042-02-02 him
634,p06-042-02-03 with
634,p06-042-03-00 vulsion
634,p06-042-03-01 that
634,p06-042-03-02 was
634,p06-042-04-00 Even
634,p06-042-04-01 in
634,p06-042-04-02 that
634,p06-042-04-04 his
634,p06-042-04-05 hands
634,p06-042-04-06 were
634,p06-042-05-00 tied
634,p06-042-05-02 He
634,p06-042-05-03 dare
634,p06-042-05-04 not
634,p06-042-06-00 what
634,p06-042-06-01 might
634,p06-042-06-02 well
634,p06-042-06-03 be
634,p06-042-06-04 another
634,p06-042-07-02 And
634,p06-042-07-03 in
634,p06-042-07-04 that
634,p06-042-07-05 second
634,p06-042-08-00 he
634,p06-042-08-01 put
634,p06-042-08-02 back
634,p06-042-08-03 his
634,p06-042-09-00 mantle
634,p06-042-09-02 and
634,p06-042-09-03 said
634,p06-042-09-04 with
634,p06-042-09-05 such
634,p06-042-10-00 icy
634,p06-042-10-03 such
634,p06-047-00-02 will
634,p06-047-00-03 leave
634,p06-047-00-04 you
634,p06-047-00-05 the
634,p06-047-01-01 for
634,p06-047-01-02 the
634,p06-047-01-05 You
634,p06-047-02-00 will
634,p06-047-02-01 contact
634,p06-047-02-02 your
634,p06-047-02-03 new
634,p06-047-02-04 doctor
634,p06-047-03-00 when
634,p06-047-03-01 you
634,p06-047-03-02 reach
634,p06-047-03-03 your
634,p06-047-04-00 house
634,p06-047-04-03 She
634,p06-047-04-04 watched
634,p06-047-04-05 him
634,p06-047-04-06 flick
634,p06-047-05-00 his
634,p06-047-05-02 from
634,p06-047-05-03 his
634,p06-047-06-01 pocket
634,p06-047-06-03 take
634,p06-047-06-04 out
634,p06-047-07-00 his
634,p06-047-07-03 pad
634,p06-047-07-05 and
634,p06-047-08-02 on
634,p06-047-08-03 it
634,p06-047-08-05 Then
634,p06-047-09-00 with
634,p06-047-09-02 gesture
634,p06-047-09-03 she
634,p06-047-09-04 knew
634,p06-047-09-05 so
634,p06-047-09-06 well
634,p06-047-10-00 he
634,p06-047-10-01 tore
634,p06-047-10-02 off
634,p06-047-10-03 the
634,p06-047-10-04 leaflet
634,p06-047-10-05 and
634,p06-052-00-03 Sandra
634,p06-052-00-06 he
634,p06-052-00-07 said
634,p06-052-01-00 with
634,p06-052-01-02 deadly
634,p06-052-02-00 him
634,p06-052-02-01 go
634,p06-052-02-03 unable
634,p06-052-02-04 to
634,p06-052-02-05 speak
634,p06-052-02-07 she
634,p06-052-03-00 felt
634,p06-052-03-01 that
634,p06-052-03-02 part
634,p06-052-03-03 of
634,p06-052-03-04 her
634,p06-052-03-05 was
634,p06-052-03-06 leaving
634,p06-052-04-00 him
634,p06-052-04-02 She
634,p06-052-04-04 hate
634,p06-052-04-05 him
634,p06-052-05-00 If
634,p06-052-05-01 only
634,p06-052-05-02 he
634,p06-052-05-03 would
634,p06-052-05-04 have
634,p06-052-06-00 fided
634,p06-052-06-01 in
634,p06-052-06-02 her
634,p06-052-06-04 given
634,p06-052-06-05 some
634,p06-052-07-00 nation
634,p06-052-07-02 Now
634,p06-052-07-03 there
634,p06-052-07-04 was
634,p06-052-08-00 thing
634,p06-052-08-02 not
634,p06-052-08-03 even
634,p06-058-00-00 She
634,p06-058-00-01 went
634,p06-058-00-02 back
634,p06-058-00-03 to
634,p06-058-00-04 Philip
634,p06-058-00-06 But
634,p06-058-01-00 all
634,p06-058-01-01 she
634,p06-058-01-02 could
634,p06-058-01-03 hear
634,p06-058-01-04 were
634,p06-058-02-00 words
634,p06-058-02-04 love
634,p06-058-02-05 you
634,p06-058-02-07 oh
634,p06-058-02-09 you
634,p06-058-03-00 know
634,p06-058-03-01 that
634,p06-058-03-02 well
634,p06-058-03-03 enough
634,p06-058-04-00 Love
634,p06-058-04-02 She
634,p06-058-04-04 against
634,p06-058-05-00 the
634,p06-058-05-01 word
634,p06-058-05-05 Philip
634,p06-058-06-00 where
634,p06-058-06-01 was
634,p06-058-06-04 or
634,p06-058-07-00 peace
634,p06-058-07-01 of
634,p06-058-07-02 mind
634,p06-058-07-04 Philip
634,p06-058-07-05 put
634,p06-058-07-06 out
634,p06-058-08-01 hand
634,p06-058-08-02 and
634,p06-058-08-03 grasped
634,p06-058-08-04 hers
634,p06-058-09-00 He
634,p06-058-09-01 needed
634,p06-058-09-02 her
634,p06-058-09-04 She
634,p06-058-09-05 would
634,p06-058-09-06 find
634,p06-058-10-00 solace
634,p06-058-10-01 in
634,p06-058-10-02 that
634,p06-058-10-03 fact
634,p06-058-10-04 at
634,p06-058-10-05 least
634,p06-069-00-00 She
634,p06-069-00-01 had
634,p06-069-00-02 her
634,p06-069-00-03 truth
634,p06-069-00-05 How
634,p06-069-00-06 much
634,p06-069-00-07 had
634,p06-069-00-08 built
634,p06-069-01-00 up
634,p06-069-01-01 from
634,p06-069-01-02 that
634,p06-069-01-03 first
634,p06-069-01-04 ideal
634,p06-069-01-06 and
634,p06-069-01-07 how
634,p06-069-02-00 little
634,p06-069-02-01 joy
634,p06-069-02-03 or
634,p06-069-02-06 it
634,p06-069-02-07 had
634,p06-069-03-00 given
634,p06-069-03-01 her
634,p06-069-03-06 sorry
634,p06-069-03-08 darling
634,p06-069-04-00 He
634,p06-069-04-01 looked
634,p06-069-04-02 nervous
634,p06-069-04-04 It
634,p06-069-04-05 had
634,p06-069-04-06 been
634,p06-069-05-00 hell
634,p06-069-05-01 lying
634,p06-069-05-02 there
634,p06-069-05-04 knowing
634,p06-069-05-05 she
634,p06-069-05-06 was
634,p06-069-06-00 talking
634,p06-069-06-01 to
634,p06-069-06-03 and
634,p06-069-07-00 what
634,p06-069-07-01 they
634,p06-069-07-02 were
634,p06-069-07-03 saying
634,p06-069-07-05 Sandra
634,p06-069-08-00 said
634,p06-069-08-05 told
634,p06-069-08-06 him
634,p06-069-09-01 knew
634,p06-069-09-02 he
634,p06-069-09-03 was
634,p06-069-09-05 for
634,p06-069-10-01 death
634,p06-088-00-00 Her
634,p06-088-00-01 eyes
634,p06-088-00-03 in
634,p06-088-00-04 torment
634,p06-088-00-07 Are
634,p06-088-01-00 you
634,p06-088-01-01 sure
634,p06-088-01-02 that
634,p06-088-01-03 she
634,p06-088-01-04 was
634,p06-088-01-05 telling
634,p06-088-01-06 the
634,p06-088-01-07 truth
634,p06-088-02-01 Good
634,p06-088-02-02 heavens
634,p06-088-02-04 darling
634,p06-088-02-06 why
634,p06-088-02-07 on
634,p06-088-02-08 earth
634,p06-088-03-00 should
634,p06-088-03-01 she
634,p06-088-03-02 lie
634,p06-088-03-04 Besides
634,p06-088-03-06 it
634,p06-088-03-08 just
634,p06-088-04-00 her
634,p06-088-04-01 word
634,p06-088-04-03 There
634,p06-088-04-04 was
634,p06-088-04-05 enough
634,p06-088-05-00 no
634,p06-088-05-01 matter
634,p06-088-05-02 how
634,p06-088-05-03 one
634,p06-088-05-04 might
634,p06-088-05-05 want
634,p06-088-05-06 to
634,p06-088-06-01 the
634,p06-088-06-02 facts
634,p06-088-06-05 Elation
634,p06-088-07-00 touched
634,p06-088-07-01 him
634,p06-088-07-02 after
634,p06-088-07-03 the
634,p06-088-07-04 cold
634,p06-088-07-05 wind
634,p06-088-08-00 of
634,p06-088-08-04 It
634,p06-088-08-05 will
634,p06-088-08-06 be
634,p06-088-09-00 to
634,p06-088-09-01 see
634,p06-088-09-02 what
634,p06-088-09-03 comes
634,p06-088-09-04 out
634,p06-088-09-05 at
634,p06-088-09-06 the
634,p06-088-09-07 inquest
634,p06-096-00-00 What
634,p06-096-00-01 his
634,p06-096-00-02 story
634,p06-096-00-03 will
634,p06-096-00-04 be
634,p06-096-00-07 reckon
634,p06-096-01-00 he
634,p06-096-01-02 confine
634,p06-096-01-03 himself
634,p06-096-01-04 to
634,p06-096-01-05 the
634,p06-096-01-06 nervous
634,p06-096-02-00 origin
634,p06-096-02-01 of
634,p06-096-02-02 her
634,p06-096-02-03 recent
634,p06-096-02-04 illness
634,p06-096-02-06 His
634,p06-096-02-07 notes
634,p06-096-03-00 will
634,p06-096-03-01 be
634,p06-096-03-04 but
634,p06-096-03-05 what
634,p06-096-03-06 he
634,p06-096-03-07 leaves
634,p06-096-03-08 out
634,p06-096-04-00 will
634,p06-096-04-01 matter
634,p06-096-04-02 most
634,p06-096-04-05 Strange
634,p06-096-04-06 how
634,p06-096-04-07 just
634,p06-096-05-00 then
634,p06-096-05-01 Philip
634,p06-096-05-02 was
634,p06-096-05-03 so
634,p06-096-05-04 certain
634,p06-096-05-05 that
634,p06-096-06-00 would
634,p06-096-06-01 never
634,p06-096-06-02 betray
634,p06-096-06-03 him
634,p06-096-06-05 He
634,p06-096-06-06 loved
634,p06-096-07-00 Sandra
634,p06-096-07-01 too
634,p06-096-07-02 deeply
634,p06-096-07-03 to
634,p06-096-07-04 ruin
634,p06-096-07-05 her
634,p06-096-08-00 future
634,p06-096-08-03 Had
634,p06-096-08-04 ever
634,p06-096-09-00 stances
634,p06-096-09-02 so
634,p06-096-10-01 spirits
634,p06-096-10-02 soared
634,p06-104-00-00 He
634,p06-104-00-01 was
634,p06-104-00-02 better
634,p06-104-00-04 he
634,p06-104-00-05 had
634,p06-104-00-06 made
634,p06-104-01-02 and
634,p06-104-01-03 Sandra
634,p06-104-01-04 would
634,p06-104-02-00 soon
634,p06-104-02-01 be
634,p06-104-02-02 his
634,p06-104-02-03 wife
634,p06-104-02-05 The
634,p06-104-02-06 Devil
634,p06-104-02-08 he
634,p06-104-02-09 thought
634,p06-104-03-01 looked
634,p06-104-03-02 after
634,p06-104-03-03 his
634,p06-104-03-04 own
634,p06-104-04-01 in
634,p06-104-04-04 struck
634,p06-104-05-00 him
634,p06-104-05-03 making
634,p06-104-05-04 him
634,p06-104-05-05 say
634,p06-104-06-01 You
634,p06-104-06-03 forgive
634,p06-104-06-04 him
634,p06-104-06-05 for
634,p06-104-06-06 this
634,p06-104-07-00 can
634,p06-104-07-01 you
634,p06-104-07-05 Forgive
634,p06-104-07-06 is
634,p06-104-07-07 an
634,p06-104-08-01 word
634,p06-104-08-04 she
634,p06-104-08-05 replied
634,p06-104-08-09 despise
634,p06-104-09-00 the
634,p06-104-09-01 deceit
634,p06-104-09-03 The
634,p06-104-09-04 lies
