201,d05-040-00-00 Or
201,d05-040-00-01 when
201,d05-040-00-02 he
201,d05-040-00-03 found
201,d05-040-00-05 going
201,d05-040-00-06 on
201,d05-040-00-07 in
201,d05-040-00-08 church
201,d05-040-01-00 Laud
201,d05-040-01-01 made
201,d05-040-01-06 He
201,d05-040-01-07 set
201,d05-040-01-08 out
201,d05-040-01-09 to
201,d05-040-02-01 sense
201,d05-040-02-02 of
201,d05-040-02-05 The
201,d05-040-02-06 Prayer
201,d05-040-02-07 Book
201,d05-040-02-08 was
201,d05-040-02-09 to
201,d05-040-02-10 be
201,d05-040-03-00 and
201,d05-040-03-01 so
201,d05-040-03-02 was
201,d05-040-03-03 the
201,d05-040-03-04 office
201,d05-040-03-05 of
201,d05-040-03-07 bishop
201,d05-040-03-09 Altars
201,d05-040-03-10 should
201,d05-040-03-11 be
201,d05-040-04-00 altars
201,d05-040-04-01 and
201,d05-040-04-02 not
201,d05-040-04-03 any
201,d05-040-04-04 broken
201,d05-040-04-05 down
201,d05-040-05-00 table
201,d05-040-05-01 which
201,d05-040-05-02 was
201,d05-040-05-03 handy
201,d05-040-05-04 for
201,d05-040-05-05 the
201,d05-040-05-06 most
201,d05-040-05-08 uses
