263,f02-038-00-00 The
263,f02-038-00-01 large
263,f02-038-00-03 and
263,f02-038-00-05 of
263,f02-038-01-00 this
263,f02-038-01-03 held
263,f02-038-01-04 in
263,f02-038-01-05 October
263,f02-038-02-01 not
263,f02-038-02-02 only
263,f02-038-02-03 an
263,f02-038-03-00 of
263,f02-038-03-01 the
263,f02-038-03-03 of
263,f02-038-03-04 men
263,f02-038-03-05 and
263,f02-038-03-06 women
263,f02-038-03-07 nearing
263,f02-038-04-00 or
263,f02-038-04-01 already
263,f02-038-04-02 in
263,f02-038-04-04 but
263,f02-038-04-05 also
263,f02-038-04-07 strong
263,f02-038-05-00 desire
263,f02-038-05-01 on
263,f02-038-05-02 the
263,f02-038-05-03 part
263,f02-038-05-04 of
263,f02-038-05-05 all
263,f02-038-05-07 for
263,f02-038-06-01 action
263,f02-038-06-02 towards
263,f02-038-06-04 men
263,f02-038-07-00 and
263,f02-038-07-01 women
263,f02-038-07-02 for
263,f02-038-07-03 life
263,f02-038-07-04 in
263,f02-038-07-06 and
263,f02-038-07-07 more
263,f02-038-08-02 of
263,f02-038-08-04 for
263,f02-038-09-00 crafts
263,f02-038-09-02 hobbies
263,f02-038-09-03 and
263,f02-038-10-00 for
263,f02-038-10-01 those
263,f02-038-10-02 who
263,f02-038-10-03 are
263,f02-038-10-04 retired
