002,a01-003-00-00 Though
002,a01-003-00-01 they
002,a01-003-00-02 may
002,a01-003-00-03 gather
002,a01-003-00-04 some
002,a01-003-00-06 support
002,a01-003-01-00 large
002,a01-003-01-02 of
002,a01-003-01-03 Labour
002,a01-003-01-05 are
002,a01-003-01-06 likely
002,a01-003-01-07 to
002,a01-003-02-00 turn
002,a01-003-02-01 down
002,a01-003-02-02 the
002,a01-003-03-01 line
002,a01-003-03-02 will
002,a01-003-03-03 be
002,a01-003-03-04 that
002,a01-003-03-05 as
002,a01-003-03-06 Labour
002,a01-003-04-00 opposed
002,a01-003-04-01 the
002,a01-003-04-03 Bill
002,a01-003-04-04 which
002,a01-003-04-05 brought
002,a01-003-05-00 life
002,a01-003-05-01 peers
002,a01-003-05-02 into
002,a01-003-05-05 they
002,a01-003-05-06 should
002,a01-003-05-07 not
002,a01-003-06-00 now
002,a01-003-06-01 put
002,a01-003-06-02 forward
002,a01-003-06-05 He
002,a01-003-07-00 that
002,a01-003-07-01 the
002,a01-003-07-02 House
002,a01-003-07-03 of
002,a01-003-07-04 Lords
002,a01-003-07-05 should
002,a01-003-07-06 be
002,a01-003-08-00 and
002,a01-003-08-01 that
002,a01-003-08-02 Labour
002,a01-003-08-03 should
002,a01-003-08-04 not
002,a01-003-08-05 take
002,a01-003-08-06 any
002,a01-003-08-07 steps
002,a01-003-09-00 which
002,a01-003-09-01 would
002,a01-003-09-02 appear
002,a01-003-09-03 to
002,a01-003-09-05 prop
002,a01-003-09-06 up
002,a01-003-09-08 an
