275,f04-028-00-00 But
275,f04-028-00-01 in
275,f04-028-00-04 alas
275,f04-028-00-06 there
275,f04-028-00-07 was
275,f04-028-00-08 no
275,f04-028-00-10 bureau
275,f04-028-01-00 no
275,f04-028-01-01 experts
275,f04-028-01-02 to
275,f04-028-01-03 check
275,f04-028-01-04 and
275,f04-028-01-06 any
275,f04-028-01-08 dabs
275,f04-028-01-10 it
275,f04-028-02-00 might
275,f04-028-02-01 have
275,f04-028-02-02 yielded
275,f04-028-02-04 It
275,f04-028-02-05 was
275,f04-028-02-07 tough
275,f04-028-02-08 case
275,f04-028-02-09 to
275,f04-028-03-00 tackle
275,f04-028-03-02 and
275,f04-028-03-06 of
275,f04-028-03-07 the
275,f04-028-04-00 Police
275,f04-028-04-02 and
275,f04-028-04-03 Chief
275,f04-028-04-07 of
275,f04-028-05-00 Yard
275,f04-028-05-03 forces
275,f04-028-05-04 in
275,f04-028-05-05 the
275,f04-028-05-08 While
275,f04-028-06-01 the
275,f04-028-06-03 that
275,f04-028-06-04 Miss
275,f04-028-06-05 Camp
275,f04-028-06-06 had
275,f04-028-06-07 been
275,f04-028-07-01 for
275,f04-028-07-02 the
275,f04-028-07-03 sake
275,f04-028-07-04 of
275,f04-028-07-05 robbery
275,f04-028-07-07 they
275,f04-028-07-08 did
275,f04-028-07-09 not
275,f04-028-08-01 the
275,f04-028-08-03 that
275,f04-028-08-04 this
275,f04-028-08-05 might
275,f04-028-08-06 have
275,f04-028-09-01 another
275,f04-028-09-02 motive
275,f04-028-09-04 and
275,f04-028-09-07 check
275,f04-028-10-00 of
275,f04-028-10-01 her
275,f04-028-10-02 former
275,f04-028-10-03 men
275,f04-028-10-04 friends
275,f04-028-10-05 and
275,f04-028-10-07 began
275,f04-024-00-00 The
275,f04-024-00-01 police
275,f04-024-00-02 began
275,f04-024-00-05 search
275,f04-024-00-06 of
275,f04-024-00-07 the
275,f04-024-00-08 line
275,f04-024-01-00 no
275,f04-024-01-01 easy
275,f04-024-01-02 task
275,f04-024-01-04 but
275,f04-024-01-05 one
275,f04-024-01-06 in
275,f04-024-01-07 which
275,f04-024-01-09 and
275,f04-024-01-10 method
275,f04-024-02-00 paid
275,f04-024-02-01 off
275,f04-024-02-03 At
275,f04-024-02-05 spot
275,f04-024-02-06 on
275,f04-024-02-07 the
275,f04-024-02-09 between
275,f04-024-03-00 Putney
275,f04-024-03-01 and
275,f04-024-03-03 they
275,f04-024-03-04 found
275,f04-024-04-00 pestle
275,f04-024-04-01 such
275,f04-024-04-02 as
275,f04-024-04-04 use
275,f04-024-04-06 with
275,f04-024-04-07 some
275,f04-024-04-08 hairs
275,f04-024-05-01 to
275,f04-024-05-02 it
275,f04-024-05-04 The
275,f04-024-05-05 murder
275,f04-024-05-06 weapon
275,f04-024-05-08 more
275,f04-024-05-09 than
275,f04-024-05-10 likely
275,f04-024-06-00 and
275,f04-024-06-01 perhaps
275,f04-024-06-03 enough
275,f04-024-06-04 to
275,f04-024-06-05 have
275,f04-024-06-06 brought
275,f04-024-07-00 killer
275,f04-024-07-01 to
275,f04-024-07-02 book
275,f04-024-07-03 in
275,f04-024-07-04 modern
275,f04-024-07-05 times
