207,d06-037-00-00 To
207,d06-037-00-01 others
207,d06-037-00-03 the
207,d06-037-00-04 long
207,d06-037-00-05 hours
207,d06-037-00-06 of
207,d06-037-00-07 the
207,d06-037-00-08 night
207,d06-037-00-09 bring
207,d06-037-01-00 only
207,d06-037-01-03 tossing
207,d06-037-01-04 and
207,d06-037-01-05 turning
207,d06-037-02-00 which
207,d06-037-02-01 causes
207,d06-037-02-02 them
207,d06-037-02-03 to
207,d06-037-02-04 wake
207,d06-037-02-05 feeling
207,d06-037-02-06 worse
207,d06-037-03-00 than
207,d06-037-03-01 when
207,d06-037-03-02 they
207,d06-037-03-03 went
207,d06-037-03-04 to
207,d06-037-03-05 bed
207,d06-037-03-07 We
207,d06-037-03-08 may
207,d06-037-03-09 begin
207,d06-037-04-00 to
207,d06-037-04-02 this
207,d06-037-04-04 little
207,d06-037-04-05 better
207,d06-037-04-06 when
207,d06-037-04-07 we
207,d06-037-05-00 realize
207,d06-037-05-01 that
207,d06-037-05-03 itself
207,d06-037-05-04 is
207,d06-037-05-05 largely
207,d06-037-05-06 in
207,d06-037-06-00 the
207,d06-037-06-01 mind
207,d06-037-06-03 Very
207,d06-037-06-04 few
207,d06-037-06-05 people
207,d06-037-06-07 under
207,d06-037-06-08 normal
207,d06-037-07-02 work
207,d06-037-07-04 to
207,d06-072-00-00 In
207,d06-072-00-01 many
207,d06-072-00-02 cases
207,d06-072-00-04 their
207,d06-072-00-05 homes
207,d06-072-00-06 know
207,d06-072-00-07 little
207,d06-072-00-08 of
207,d06-072-01-00 their
207,d06-072-01-01 place
207,d06-072-01-02 of
207,d06-072-01-03 work
207,d06-072-01-04 and
207,d06-072-01-05 their
207,d06-072-01-07 at
207,d06-072-02-00 the
207,d06-072-02-01 office
207,d06-072-02-02 or
207,d06-072-02-03 works
207,d06-072-02-04 wonder
207,d06-072-02-05 what
207,d06-072-02-06 they
207,d06-072-03-00 are
207,d06-072-03-02 like
207,d06-072-03-03 in
207,d06-072-03-04 the
207,d06-072-03-06 of
207,d06-072-03-07 their
207,d06-072-04-00 homes
207,d06-072-04-02 It
207,d06-072-04-03 is
207,d06-072-04-04 easy
207,d06-072-04-07 easy
207,d06-072-04-09 to
207,d06-072-04-10 lead
207,d06-072-05-02 double
207,d06-072-05-04 life
207,d06-072-05-05 without
207,d06-072-05-06 ever
207,d06-072-06-01 to
207,d06-072-06-02 do
207,d06-072-06-03 so
207,d06-072-06-04 or
207,d06-072-06-05 in
207,d06-072-06-06 fact
207,d06-072-06-07 being
207,d06-072-07-00 of
207,d06-072-07-01 what
207,d06-072-07-02 is
207,d06-072-07-03 going
207,d06-072-07-04 on
207,d06-072-07-06 It
207,d06-072-07-07 is
207,d06-072-07-08 easier
207,d06-072-07-09 to
207,d06-072-07-10 live
207,d06-072-07-11 life
207,d06-072-07-12 in
207,d06-072-08-01 but
207,d06-072-08-02 over
207,d06-072-08-03 the
207,d06-072-08-04 years
207,d06-072-08-05 it
207,d06-072-08-06 builds
207,d06-072-08-07 up
207,d06-072-09-00 and
207,d06-072-09-01 to
207,d06-072-09-02 do
207,d06-072-09-03 so
207,d06-072-09-05 builds
207,d06-072-09-06 up
207,d06-072-09-08 which
207,d06-072-10-00 need
207,d06-072-10-01 to
207,d06-072-10-02 be
207,d06-072-10-03 handled
207,d06-100-00-00 As
207,d06-100-00-01 it
207,d06-100-00-02 is
207,d06-100-00-04 with
207,d06-100-00-05 so
207,d06-100-00-06 much
207,d06-100-00-07 of
207,d06-100-00-08 our
207,d06-100-00-09 life
207,d06-100-00-10 already
207,d06-100-01-00 in
207,d06-100-01-03 groove
207,d06-100-01-06 would
207,d06-100-02-00 hardly
207,d06-100-02-01 like
207,d06-100-02-02 to
207,d06-100-02-03 add
207,d06-100-02-04 further
207,d06-100-02-05 to
207,d06-100-02-06 the
207,d06-100-03-00 which
207,d06-100-03-01 it
207,d06-100-03-04 But
207,d06-100-03-06 am
207,d06-100-03-07 not
207,d06-100-03-08 arguing
207,d06-100-04-00 for
207,d06-100-04-01 this
207,d06-100-04-04 know
207,d06-100-04-05 how
207,d06-100-04-06 much
207,d06-100-04-07 of
207,d06-100-04-09 drag
207,d06-100-04-10 it
207,d06-100-04-11 can
207,d06-100-04-12 be
207,d06-100-05-00 and
207,d06-100-05-02 was
207,d06-100-05-04 some
207,d06-100-05-05 little
207,d06-100-05-06 while
207,d06-100-06-00 ago
207,d06-100-06-01 to
207,d06-100-06-02 hear
207,d06-100-06-03 of
207,d06-100-06-05 school
207,d06-100-06-06 who
207,d06-100-06-07 tried
207,d06-100-07-00 day
207,e06-033-00-00 Herring
207,e06-033-00-02 call
207,e06-033-00-03 this
207,e06-033-00-05 the
207,e06-033-00-06 outset
207,e06-033-00-09 It
207,e06-033-01-00 is
207,e06-033-01-02 at
207,e06-033-01-03 spring
207,e06-033-01-04 tides
207,e06-033-01-06 when
207,e06-033-01-07 without
207,e06-033-02-00 wind
207,e06-033-02-01 you
207,e06-033-02-02 will
207,e06-033-02-04 set
207,e06-033-02-06 out
207,e06-033-02-08 or
207,e06-033-02-09 drift
207,e06-033-02-10 to
207,e06-033-02-11 the
207,e06-033-03-00 ward
207,e06-033-03-02 the
207,e06-033-03-03 length
207,e06-033-03-04 of
207,e06-033-03-05 half
207,e06-033-03-07 fleet
207,e06-033-03-08 of
207,e06-033-03-09 nets
207,e06-033-04-00 almost
207,e06-033-04-02 mile
207,e06-033-04-03 on
207,e06-033-04-04 every
207,e06-033-04-05 tide
207,e06-033-04-06 at
207,e06-033-04-07 the
207,e06-033-05-00 Knoll
207,e06-033-05-02 Without
207,e06-033-05-03 an
207,e06-033-05-05 of
207,e06-033-05-06 how
207,e06-033-05-07 it
207,e06-033-06-00 works
207,e06-033-06-02 it
207,e06-033-06-03 may
207,e06-033-06-04 well
207,e06-033-06-05 be
207,e06-033-06-06 that
207,e06-033-06-07 this
207,e06-033-06-08 outset
207,e06-033-06-10 akin
207,e06-033-07-00 to
207,e06-033-07-01 the
207,e06-033-07-02 mouth
207,e06-033-07-03 of
207,e06-033-07-05 great
207,e06-033-07-06 salmon
207,e06-033-07-07 river
207,e06-033-07-09 has
207,e06-033-08-00 been
207,e06-033-08-01 the
207,e06-033-08-02 biggest
207,e06-033-08-03 factor
207,e06-033-08-04 through
207,e06-033-08-05 the
207,e06-033-08-06 ages
207,e06-033-09-00 in
207,e06-033-09-01 the
207,e06-033-09-03 of
207,e06-033-09-04 this
207,e06-033-09-05 great
207,e06-033-09-06 herring
207,e06-033-09-07 fishery
207,e06-070-00-01 the
207,e06-070-00-02 seine
207,e06-070-00-03 net
207,e06-070-00-04 has
207,e06-070-00-05 little
207,e06-070-00-06 or
207,e06-070-00-07 no
207,e06-070-00-08 cover
207,e06-070-01-00 And
207,e06-070-01-01 in
207,e06-070-01-02 this
207,e06-070-01-03 film
207,e06-070-01-04 the
207,e06-070-01-05 rise
207,e06-070-01-06 of
207,e06-070-01-07 the
207,e06-070-01-08 fish
207,e06-070-01-09 was
207,e06-070-02-00 small
207,e06-070-02-03 matter
207,e06-070-02-04 of
207,e06-070-02-06 foot
207,e06-070-02-07 or
207,e06-070-02-08 two
207,e06-070-02-10 With
207,e06-070-02-11 round
207,e06-070-03-00 fish
207,e06-070-03-01 like
207,e06-070-03-02 haddock
207,e06-070-03-04 which
207,e06-070-03-05 would
207,e06-070-03-06 hardly
207,e06-070-04-00 find
207,e06-070-04-01 safety
207,e06-070-04-02 on
207,e06-070-04-03 the
207,e06-070-04-04 bottom
207,e06-070-04-06 this
207,e06-070-04-07 cover
207,e06-070-05-00 would
207,e06-070-05-01 seem
207,e06-070-05-02 to
207,e06-070-05-03 be
207,e06-070-05-04 even
207,e06-070-05-05 more
207,e06-070-06-00 but
207,e06-070-06-01 more
207,e06-070-06-02 films
207,e06-070-06-03 are
207,e06-070-06-04 needed
207,e06-070-06-05 to
207,e06-070-06-06 prove
207,e06-070-06-07 this
207,e06-070-07-00 Cover
207,e06-070-07-01 in
207,e06-070-07-02 the
207,e06-070-07-04 trawl
207,e06-070-07-05 is
207,e06-070-08-01 to
207,e06-070-08-02 catch
207,e06-070-08-03 round
207,e06-070-08-04 fish
207,e06-070-08-05 whose
207,e06-070-09-01 to
207,e06-070-09-03 would
207,e06-070-09-04 be
207,e06-070-09-05 upwards
