064,a04-092-00-00 There
064,a04-092-00-01 are
064,a04-092-00-02 three
064,a04-092-00-03 kinds
064,a04-092-00-04 of
064,a04-092-00-05 reasons
064,a04-092-00-06 that
064,a04-092-00-07 justify
064,a04-092-01-00 the
064,a04-092-01-02 and
064,a04-092-01-03 these
064,a04-092-01-04 should
064,a04-092-01-05 carry
064,a04-092-01-06 weight
064,a04-092-01-07 with
064,a04-092-02-00 the
064,a04-092-02-04 Earl
064,a04-092-02-05 Russell
064,a04-092-02-09 The
064,a04-092-03-00 first
064,a04-092-03-01 of
064,a04-092-03-02 these
064,a04-092-03-03 reasons
064,a04-092-03-04 is
064,a04-092-03-05 the
064,a04-092-03-07 of
064,a04-092-04-00 serving
064,a04-092-04-01 the
064,a04-092-04-03 cordial
064,a04-092-04-05 between
064,a04-092-04-06 the
064,a04-092-05-01 and
064,a04-092-05-02 Great
064,a04-092-05-03 Britain
064,a04-092-05-05 not
064,a04-092-05-06 only
064,a04-092-05-07 in
064,a04-092-06-00 circles
064,a04-092-06-02 but
064,a04-092-06-03 in
064,a04-092-06-04 public
064,a04-092-06-05 opinion
064,a04-092-06-08 Earl
064,a04-092-06-09 Russell
064,a04-092-07-00 says
064,a04-092-07-01 it
064,a04-092-07-02 is
064,a04-092-07-05 though
064,a04-092-08-02 that
064,a04-092-08-03 the
064,a04-092-08-05 against
064,a04-092-09-00 the
064,a04-092-09-01 Polaris
064,a04-092-09-02 base
064,a04-092-09-03 has
064,a04-092-09-05 some
064,a04-092-10-00 to
064,a04-092-10-01 the
064,a04-092-10-02 policy
064,a04-092-10-03 of
064,a04-092-10-04 the
064,a04-092-10-05 United
064,a04-092-10-06 States
064,a04-103-00-00 The
064,a04-103-00-01 third
064,a04-103-00-02 reason
064,a04-103-00-03 is
064,a04-103-00-04 that
064,a04-103-00-05 the
064,a04-103-00-06 supreme
064,a04-103-01-01 for
064,a04-103-01-02 the
064,a04-103-01-03 whole
064,a04-103-01-04 world
064,a04-103-01-06 East
064,a04-103-01-07 and
064,a04-103-02-00 West
064,a04-103-02-01 and
064,a04-103-02-03 nations
064,a04-103-02-05 is
064,a04-103-02-06 the
064,a04-103-03-01 of
064,a04-103-03-02 nuclear
064,a04-103-03-03 war
064,a04-103-03-07 rapidly
064,a04-103-04-00 growing
064,a04-103-04-01 body
064,a04-103-04-02 of
064,a04-103-04-03 opinion
064,a04-103-04-04 in
064,a04-103-04-05 this
064,a04-103-04-06 country
064,a04-103-05-01 that
064,a04-103-05-02 Britain
064,a04-103-05-03 could
064,a04-103-05-04 be
064,a04-103-05-05 more
064,a04-103-06-00 in
064,a04-103-06-03 nuclear
064,a04-103-06-04 war
064,a04-103-06-05 as
064,a04-103-06-07 neutral
064,a04-103-07-00 by
064,a04-103-07-01 helping
064,a04-103-07-02 to
064,a04-103-07-03 suggest
064,a04-103-07-05 which
064,a04-103-07-06 could
064,a04-103-08-00 be
064,a04-103-08-02 by
064,a04-103-08-03 both
064,a04-103-08-04 East
064,a04-103-08-05 and
064,a04-103-08-06 West
064,a04-099-00-01 Such
064,a04-099-00-03 might
064,a04-099-00-05 and
064,a04-099-00-07 would
064,a04-099-01-00 destroy
064,a04-099-01-01 the
064,a04-099-01-02 whole
064,a04-099-01-04 of
064,a04-099-01-05 Britain
064,a04-099-01-06 in
064,a04-099-02-00 the
064,a04-099-02-01 course
064,a04-099-02-02 of
064,a04-099-02-04 at
064,a04-099-02-05 the
064,a04-099-02-06 most
064,a04-099-02-08 an
064,a04-099-02-09 hour
064,a04-099-02-11 without
064,a04-099-03-04 Earl
064,a04-099-03-05 Russell
064,a04-099-04-03 It
064,a04-099-04-04 is
064,a04-099-04-05 very
064,a04-099-04-07 whether
064,a04-099-05-00 British
064,a04-099-05-02 of
064,a04-099-05-03 Nato
064,a04-099-05-04 and
064,a04-099-05-05 British
064,a04-099-06-01 of
064,a04-099-06-03 bases
064,a04-099-06-04 on
064,a04-099-06-05 our
064,a04-099-07-00 add
064,a04-099-07-02 to
064,a04-099-07-03 the
064,a04-099-07-05 of
064,a04-099-07-06 America
064,a04-099-08-00 while
064,a04-099-08-02 on
064,a04-099-08-03 the
064,a04-099-08-06 they
064,a04-099-08-07 impose
064,a04-099-08-08 upon
064,a04-099-09-00 America
064,a04-099-09-01 an
064,a04-099-09-02 onerous
064,a04-099-09-04 which
064,a04-099-09-05 it
064,a04-099-10-00 may
064,a04-099-10-01 prove
064,a04-099-10-03 to
064,a04-099-10-04 fulfil
064,a04-096-00-00 The
064,a04-096-00-01 second
064,a04-096-00-02 reason
064,a04-096-00-03 is
064,a04-096-00-05 with
064,a04-096-00-06 doubts
064,a04-096-01-00 as
064,a04-096-01-01 to
064,a04-096-01-02 the
064,a04-096-01-03 safety
064,a04-096-01-04 of
064,a04-096-01-05 the
064,a04-096-01-06 people
064,a04-096-01-07 of
064,a04-096-01-08 Great
064,a04-096-01-09 Britain
064,a04-096-02-01 in
064,a04-096-02-02 the
064,a04-096-02-03 time
064,a04-096-02-04 of
064,a04-096-02-05 crisis
064,a04-096-02-06 it
064,a04-096-02-07 would
064,a04-096-02-09 be
064,a04-096-03-01 for
064,a04-096-03-02 the
064,a04-096-03-03 British
064,a04-096-03-05 to
064,a04-096-04-01 any
064,a04-096-04-02 degree
064,a04-096-04-03 of
064,a04-096-04-04 control
064,a04-096-04-05 over
064,a04-096-04-06 the
064,a04-096-04-07 action
064,a04-096-05-00 of
064,a04-096-05-01 Polaris
064,a04-096-05-05 He
064,a04-096-05-06 argues
064,a04-096-05-07 that
064,a04-096-06-00 there
064,a04-096-06-01 is
064,a04-096-06-05 that
064,a04-096-06-06 so
064,a04-096-06-07 long
064,a04-096-07-00 as
064,a04-096-07-01 there
064,a04-096-07-02 is
064,a04-096-07-04 Polaris
064,a04-096-07-05 base
064,a04-096-07-06 in
064,a04-096-07-07 Britain
064,a04-096-07-08 the
064,a04-096-08-00 Soviet
064,a04-096-08-01 Union
064,a04-096-08-02 might
064,a04-096-08-04 against
064,a04-096-09-00 Britain
064,a04-096-09-01 alone
