576,n03-091-00-00 Bill
576,n03-091-00-01 is
576,n03-091-00-02 good
576,n03-091-00-03 man
576,n03-091-00-05 and
576,n03-091-00-06 Bueno
576,n03-091-00-07 Buck
576,n03-091-00-08 is
576,n03-091-00-09 raised
576,n03-091-00-10 on
576,n03-091-00-11 lake
576,n03-091-01-00 He
576,n03-091-01-01 no
576,n03-091-01-02 drown
576,n03-091-01-04 too
576,n03-091-01-06 Him
576,n03-091-01-08 his
576,n03-091-01-09 mother
576,n03-091-01-10 throw
576,n03-091-01-11 him
576,n03-091-01-12 into
576,n03-091-02-00 water
576,n03-091-02-01 to
576,n03-091-02-02 make
576,n03-091-02-03 him
576,n03-091-02-04 swim
576,n03-091-02-05 when
576,n03-091-02-06 he
576,n03-091-02-07 is
576,n03-091-02-08 born
576,n03-091-03-00 Maybe
576,n03-091-03-01 so
576,n03-091-03-02 Bill
576,n03-091-03-04 he
576,n03-091-03-05 can
576,n03-091-03-06 swim
576,n03-091-03-07 that
576,n03-091-03-08 good
576,n03-091-03-10 too
576,n03-091-04-00 The
576,n03-091-04-01 yawl
576,n03-091-04-03 riding
576,n03-091-04-04 the
576,n03-091-04-05 high
576,n03-091-04-06 waves
576,n03-091-04-07 with
576,n03-091-04-08 an
576,n03-091-04-09 air
576,n03-091-04-10 that
576,n03-091-05-00 might
576,n03-091-05-01 have
576,n03-091-05-02 made
576,n03-091-05-03 an
576,n03-091-05-04 ocean
576,n03-091-05-05 liner
576,n03-091-05-06 envious
576,n03-091-05-08 seemed
576,n03-091-06-01 to
576,n03-091-06-02 make
576,n03-091-06-04 safe
576,n03-091-06-05 though
576,n03-091-06-06 violent
576,n03-091-06-07 landing
576,n03-091-07-00 when
576,n03-091-07-01 there
576,n03-091-07-02 came
576,n03-091-07-04 sudden
576,n03-091-07-05 gust
576,n03-091-07-06 of
576,n03-091-07-07 wind
576,n03-091-08-00 from
576,n03-091-08-01 the
576,n03-091-08-02 west
