073,a06-044-00-01 Anthony
073,a06-044-00-02 Fell
073,a06-044-00-06 called
073,a06-044-00-07 the
073,a06-044-01-00 and
073,a06-044-01-01 added
073,a06-044-01-04 It
073,a06-044-01-05 is
073,a06-044-01-06 the
073,a06-044-01-07 most
073,a06-044-01-09 thing
073,a06-044-01-10 any
073,a06-044-01-11 Prime
073,a06-044-02-01 has
073,a06-044-02-02 done
073,a06-044-02-03 for
073,a06-044-02-04 many
073,a06-044-02-06 many
073,a06-044-02-10 He
073,a06-044-03-03 The
073,a06-044-03-04 best
073,a06-044-03-05 service
073,a06-044-03-06 the
073,a06-044-03-07 Prime
073,a06-044-03-09 can
073,a06-044-03-10 do
073,a06-044-04-00 would
073,a06-044-04-01 be
073,a06-044-04-02 to
073,a06-044-04-03 resign
073,a06-044-04-06 The
073,a06-044-04-08 shocked
073,a06-044-04-09 MPs
073,a06-044-04-10 of
073,a06-044-05-00 all
073,a06-044-05-01 parties
073,a06-044-05-03 Even
073,a06-044-05-04 close
073,a06-044-05-05 friends
073,a06-044-05-06 were
073,a06-044-05-09 Fell
073,a06-044-06-00 to
073,a06-044-06-01 stop
