567,n02-098-00-00 She
567,n02-098-00-01 wavered
567,n02-098-00-03 and
567,n02-098-00-04 at
567,n02-098-00-05 last
567,n02-098-00-06 said
567,n02-098-01-00 slowly
567,n02-098-01-03 If
567,n02-098-01-04 you
567,n02-098-01-05 must
567,n02-098-01-06 drag
567,n02-098-01-07 the
567,n02-098-01-08 truth
567,n02-098-02-00 out
567,n02-098-02-01 of
567,n02-098-02-02 me
567,n02-098-02-05 must
567,n02-098-02-06 ask
567,n02-098-02-07 you
567,n02-098-02-08 to
567,n02-098-02-09 regard
567,n02-098-03-00 it
567,n02-098-03-01 as
567,n02-098-03-06 My
567,n02-098-03-07 dear
567,n02-098-03-08 Beryl
567,n02-098-04-01 tell
567,n02-098-04-02 me
567,n02-098-04-05 if
567,n02-098-04-06 you
567,n02-098-04-08 rather
567,n02-098-05-00 not
567,n02-098-05-03 He
567,n02-098-05-04 was
567,n02-098-05-05 clearly
567,n02-098-05-07 by
567,n02-098-05-08 her
567,n02-098-06-00 words
567,n02-098-06-03 But
567,n02-098-06-06 it
567,n02-098-06-07 was
567,n02-098-06-08 you
567,n02-098-07-00 not
567,n02-098-07-03 who
567,n02-098-07-04 started
567,n02-098-07-05 this
567,p03-057-00-01 Neither
567,p03-057-00-02 can
567,p03-057-00-03 Nigel
567,p03-057-00-06 smiled
567,p03-057-00-07 Diana
567,p03-057-01-01 He
567,p03-057-01-03 saving
567,p03-057-01-04 up
567,p03-057-01-05 to
567,p03-057-01-06 get
567,p03-057-01-07 married
567,p03-057-02-05 quipped
567,p03-057-02-06 the
567,p03-057-03-00 meaning
567,p03-057-03-01 no
567,p03-057-03-02 offence
567,p03-057-03-05 but
567,p03-057-03-06 does
567,p03-057-03-07 he
567,p03-057-04-00 That
567,p03-057-04-01 blonde
567,p03-057-04-02 was
567,p03-057-04-07 Anybody
567,p03-057-05-01 know
567,p03-057-05-04 she
567,p03-057-05-05 smiled
567,p03-057-05-09 think
567,p03-057-05-10 so
567,p03-057-06-01 got
567,p03-057-06-03 good
567,p03-057-06-04 look
567,p03-057-06-05 at
567,p03-057-06-06 her
567,p03-057-06-08 But
567,p03-057-06-09 if
567,p03-057-06-10 Nigel
567,p03-057-07-01 there
567,p03-057-07-02 it
567,p03-057-07-06 is
567,p03-057-07-07 it
567,p03-057-08-01 No
567,p03-057-08-04 Di
567,p03-057-08-05 said
567,p03-057-08-09 It
567,p03-057-08-11 at
567,p03-057-09-00 all
567,p03-087-00-01 Oh
567,p03-087-00-03 he
567,p03-087-00-06 His
567,p03-087-00-08 had
567,p03-087-01-00 broken
567,p03-087-01-01 down
567,p03-087-01-02 outside
567,p03-087-01-03 and
567,p03-087-01-04 he
567,p03-087-01-05 noticed
567,p03-087-02-00 your
567,p03-087-02-01 car
567,p03-087-02-02 and
567,p03-087-02-03 then
567,p03-087-02-04 you
567,p03-087-02-05 dancing
567,p03-087-02-06 with
567,p03-087-03-00 this
567,p03-087-03-01 blonde
567,p03-087-03-05 Really
567,p03-087-03-08 Nigel
567,p03-087-03-09 cocked
567,p03-087-04-00 one
567,p03-087-04-01 eyebrow
567,p03-087-04-05 she
567,p03-087-04-06 was
567,p03-087-05-00 at
567,p03-087-05-01 the
567,p03-087-05-02 roots
567,p03-087-05-03 and
567,p03-087-05-05 had
567,p03-087-05-07 redhead
567,p03-087-05-08 on
567,p03-087-06-00 the
567,p03-087-06-01 other
567,p03-087-06-02 arm
567,p03-087-06-04 He
567,p03-087-06-05 would
567,p03-087-06-06 have
567,p03-087-06-07 told
567,p03-087-07-00 you
567,p03-087-07-01 this
567,p03-087-07-03 too
567,p03-087-07-07 No
567,p03-087-07-10 she
567,p03-087-07-11 laughed
567,p03-087-08-01 He
567,p03-087-08-04 see
567,p03-087-08-05 you
567,p03-087-08-07 Because
567,p03-087-09-00 it
567,p03-087-09-01 was
567,p03-087-09-02 your
567,p03-087-09-03 car
567,p03-087-09-05 suppose
567,p03-087-09-06 he
567,p03-087-10-01 it
567,p03-087-10-02 was
567,p03-087-10-03 you
567,p03-087-10-05 all
567,p03-087-10-06 dressed
567,p03-087-10-07 up
567,p03-087-10-08 in
567,p03-096-00-01 My
567,p03-096-00-02 white
567,p03-096-00-03 or
567,p03-096-00-04 my
567,p03-096-00-05 black
567,p03-096-00-08 Nigel
567,p03-096-01-01 Now
567,p03-096-01-03 wonder
567,p03-096-01-04 which
567,p03-096-01-06 wore
567,p03-096-01-07 at
567,p03-096-01-08 that
567,p03-096-02-01 surgery
567,p03-096-02-05 You
567,p03-096-02-06 are
567,p03-096-02-08 fool
567,p03-096-03-00 darling
567,p03-096-03-03 Di
567,p03-096-03-04 said
567,p03-096-03-05 happily
567,p03-096-03-09 shall
567,p03-096-03-10 take
567,p03-096-04-00 great
567,p03-096-04-02 in
567,p03-096-04-03 telling
567,p03-096-04-04 that
567,p03-096-04-05 young
567,p03-096-04-06 man
567,p03-096-05-00 exactly
567,p03-096-05-01 what
567,p03-096-05-02 you
567,p03-096-05-03 were
567,p03-096-05-04 doing
567,p03-096-05-05 that
567,p03-096-06-00 evening
567,p03-096-06-04 No
567,p03-096-06-09 he
567,p03-096-06-10 said
567,p03-096-06-12 after
567,p03-096-07-00 kissing
567,p03-096-07-01 her
567,p03-096-07-02 again
567,p03-096-07-06 rather
567,p03-096-07-07 like
567,p03-096-07-08 to
567,p03-096-07-09 have
567,p03-096-08-00 the
567,p03-096-08-02 think
567,p03-096-08-03 of
567,p03-096-08-04 me
567,p03-096-08-05 as
567,p03-096-09-01 Don
567,p03-096-09-02 Juan
567,p03-103-00-02 such
567,p03-103-00-04 dull
567,p03-103-00-05 fellow
567,p03-103-00-07 really
567,p03-103-00-11 Dull
567,p03-103-00-14 She
567,p03-103-01-01 believe
567,p03-103-01-02 it
567,p03-103-02-00 was
567,p03-103-02-01 not
567,p03-103-02-02 one
567,p03-103-02-03 of
567,p03-103-02-05 usual
567,p03-103-03-01 You
567,p03-103-03-02 need
567,p03-103-03-03 your
567,p03-103-03-04 holiday
567,p03-103-03-06 darling
567,p03-103-03-09 only
567,p03-103-04-00 wish
567,p03-103-04-02 could
567,p03-103-04-03 go
567,p03-103-04-04 with
567,p03-103-04-05 you
567,p03-103-04-09 Doctor
567,p03-103-05-00 Wills
567,p03-103-05-02 if
567,p03-103-05-03 you
567,p03-103-05-05 making
567,p03-103-06-01 It
567,p03-103-06-02 would
567,p03-103-06-03 make
567,p03-103-06-04 me
567,p03-103-06-05 more
567,p03-103-07-01 suppose
567,p03-103-07-04 she
567,p03-103-07-06 archly
567,p03-112-00-01 No
567,p03-112-00-03 it
567,p03-112-00-07 he
567,p03-112-00-08 almost
567,p03-112-00-09 snapped
567,p03-112-01-01 her
567,p03-112-01-04 You
567,p03-112-01-05 sounded
567,p03-112-01-06 like
567,p03-112-02-00 body
567,p03-112-02-01 else
567,p03-112-02-02 for
567,p03-112-02-04 moment
567,p03-112-02-05 there
567,p03-112-02-07 It
567,p03-112-03-00 become
567,p03-112-03-01 you
567,p03-112-03-02 to
567,p03-112-03-03 behave
567,p03-112-03-04 like
567,p03-112-03-08 tart
567,p03-112-03-10 Di
567,p03-112-04-01 Nigel
567,p03-112-04-05 she
567,p03-112-04-06 gasped
567,p03-112-04-11 mean
567,p03-112-04-12 to
567,p03-112-05-00 behave
567,p03-112-05-01 like
567,p03-112-05-03 of
567,p03-112-05-04 the
567,p03-112-05-05 kind
567,p03-112-06-00 was
567,p03-112-06-01 only
567,p03-112-06-02 joking
567,p03-112-06-06 Well
567,p03-112-06-10 It
567,p03-112-07-01 enough
567,p03-112-07-02 my
567,p03-112-07-03 having
567,p03-112-07-04 to
567,p03-112-07-05 take
567,p03-112-07-06 my
567,p03-112-08-00 leave
567,p03-112-08-01 in
567,p03-112-08-02 the
567,p03-112-08-03 autumn
567,p03-112-08-04 without
567,p03-112-08-05 you
567,p03-112-09-00 trying
567,p03-112-09-01 to
567,p03-112-09-02 be
567,p03-112-09-03 bright
567,p03-112-09-04 and
567,p03-112-09-05 gay
567,p03-112-09-06 about
567,p03-112-09-07 it
