147,c02-078-00-00 It
147,c02-078-00-01 has
147,c02-078-00-03 great
147,c02-078-00-04 look
147,c02-078-00-05 of
147,c02-078-00-06 speed
147,c02-078-00-07 and
147,c02-078-00-09 fun
147,c02-078-01-00 about
147,c02-078-01-01 it
147,c02-078-01-03 of
147,c02-078-01-08 and
147,c02-078-02-00 above
147,c02-078-02-01 all
147,c02-078-02-02 of
147,c02-078-02-04 sense
147,c02-078-02-06 Much
147,c02-078-02-07 of
147,c02-078-02-08 it
147,c02-078-02-09 has
147,c02-078-03-00 that
147,c02-078-03-01 air
147,c02-078-03-02 of
147,c02-078-03-05 as
147,c02-078-03-06 of
147,c02-078-04-00 living
147,c02-078-04-02 that
147,c02-078-04-03 once
147,c02-078-04-04 seemed
147,c02-078-04-05 so
147,c02-078-04-06 new
147,c02-078-04-07 and
147,c02-078-04-08 so
147,c02-078-05-02 The
147,c02-078-05-03 story
147,c02-078-05-05 not
147,c02-078-05-06 that
147,c02-078-05-07 the
147,c02-078-05-08 story
147,c02-078-05-10 in
147,c02-078-05-11 the
147,c02-078-06-00 sense
147,c02-078-06-01 of
147,c02-078-06-02 plot
147,c02-078-06-04 matters
147,c02-078-06-05 much
147,c02-078-06-07 but
147,c02-078-06-08 in
147,c02-078-06-09 the
147,c02-078-06-10 sense
147,c02-078-06-11 of
147,c02-078-07-01 and
147,c02-078-07-03 it
147,c02-078-07-04 matters
147,c02-078-07-06 lot
147,c02-078-07-08 is
147,c02-078-08-00 that
147,c02-078-08-01 of
147,c02-078-08-03 man
147,c02-078-08-04 on
147,c02-078-08-05 the
147,c02-078-08-06 run
147,c02-078-09-00 who
147,c02-078-09-01 spends
147,c02-078-09-03 few
147,c02-078-09-04 days
147,c02-078-09-05 with
147,c02-078-09-06 an
147,c02-078-09-08 girl
