236,e04-058-00-00 If
236,e04-058-00-01 you
236,e04-058-00-02 do
236,e04-058-00-03 not
236,e04-058-00-04 have
236,e04-058-00-06 wooden
236,e04-058-00-07 floor
236,e04-058-00-08 on
236,e04-058-00-09 which
236,e04-058-00-10 to
236,e04-058-00-11 anchor
236,e04-058-01-00 the
236,e04-058-01-01 moulds
236,e04-058-01-03 make
236,e04-058-01-05 frame
236,e04-058-01-06 of
236,e04-058-01-07 rough
236,e04-058-01-08 lumber
236,e04-058-01-09 as
236,e04-058-01-10 shown
236,e04-058-01-11 in
236,e04-058-02-03 The
236,e04-058-02-04 main
236,e04-058-02-05 idea
236,e04-058-02-06 is
236,e04-058-02-07 to
236,e04-058-02-08 have
236,e04-058-02-09 the
236,e04-058-02-10 moulds
236,e04-058-02-12 as
236,e04-058-03-00 rigid
236,e04-058-03-01 as
236,e04-058-03-04 for
236,e04-058-03-05 it
236,e04-058-03-06 is
236,e04-058-03-07 on
236,e04-058-03-08 these
236,e04-058-03-09 you
236,e04-058-03-10 will
236,e04-058-03-11 be
236,e04-058-04-00 and
236,e04-058-04-01 shaping
236,e04-058-04-02 your
236,e04-058-04-03 little
236,e04-058-04-04 craft
236,e04-058-04-08 For
236,e04-058-05-02 using
236,e04-058-05-03 Douglas
236,e04-058-05-04 Fir
236,e04-058-05-05 Plywood
236,e04-058-05-06 from
236,e04-058-05-07 British
