090,b01-053-00-00 That
090,b01-053-00-01 is
090,b01-053-00-04 If
090,b01-053-00-05 however
090,b01-053-00-07 in
090,b01-053-00-09 to
090,b01-053-00-10 her
090,b01-053-00-11 new
090,b01-053-01-01 gesture
090,b01-053-01-03 Germany
090,b01-053-01-04 takes
090,b01-053-01-06 really
090,b01-053-01-07 big
090,b01-053-02-00 share
090,b01-053-02-01 in
090,b01-053-02-02 giving
090,b01-053-02-03 aid
090,b01-053-02-04 to
090,b01-053-02-06 nations
090,b01-053-02-08 the
090,b01-053-03-00 world
090,b01-053-03-01 outlook
090,b01-053-03-02 will
090,b01-053-03-03 be
090,b01-053-03-06 What
090,b01-053-03-07 gives
090,b01-053-03-08 rise
090,b01-053-04-00 to
090,b01-053-04-02 is
090,b01-053-04-03 the
090,b01-053-04-04 sign
090,b01-053-04-05 that
090,b01-053-04-06 Germany
090,b01-053-04-07 and
090,b01-053-04-08 the
090,b01-053-05-00 other
090,b01-053-05-01 leading
090,b01-053-05-02 Western
090,b01-053-05-03 nations
090,b01-053-05-04 are
090,b01-053-05-05 at
090,b01-053-05-06 long
090,b01-053-05-07 last
090,b01-053-06-00 moving
090,b01-053-06-01 towards
090,b01-053-06-04 of
090,b01-053-07-00 by
090,b01-044-00-00 Booming
090,b01-044-00-01 Germany
090,b01-044-00-02 is
090,b01-044-00-05 more
090,b01-044-00-06 imports
090,b01-044-01-00 as
090,b01-044-01-02 means
090,b01-044-01-03 to
090,b01-044-01-04 curb
090,b01-044-01-05 rising
090,b01-044-01-06 prices
090,b01-044-01-07 at
090,b01-044-01-08 home
090,b01-044-01-10 She
090,b01-044-01-11 is
090,b01-044-02-00 also
090,b01-044-02-01 aware
090,b01-044-02-02 how
090,b01-044-02-05 she
090,b01-044-02-06 has
090,b01-044-02-07 been
090,b01-044-02-08 growing
090,b01-044-03-00 by
090,b01-044-03-01 failing
090,b01-044-03-02 until
090,b01-044-03-03 now
090,b01-044-03-04 to
090,b01-044-03-06 as
090,b01-044-03-09 nation
090,b01-044-04-00 should
090,b01-044-04-02 Germany
090,b01-044-04-03 exports
090,b01-044-04-04 much
090,b01-044-04-05 more
090,b01-044-04-06 than
090,b01-044-04-07 she
090,b01-044-04-08 imports
090,b01-044-05-00 For
090,b01-044-05-01 upwards
090,b01-044-05-02 of
090,b01-044-05-03 five
090,b01-044-05-04 years
090,b01-044-05-05 the
090,b01-044-05-08 of
090,b01-044-06-00 dollars
090,b01-044-06-01 have
090,b01-044-06-02 been
090,b01-044-06-03 drained
090,b01-044-06-04 into
090,b01-044-06-05 Germany
090,b01-049-00-00 There
090,b01-049-00-01 they
090,b01-049-00-02 have
090,b01-049-00-03 stayed
090,b01-049-00-05 locked
090,b01-049-00-06 up
090,b01-049-00-07 because
090,b01-049-01-00 Germany
090,b01-049-01-01 has
090,b01-049-01-02 no
090,b01-049-01-04 of
090,b01-049-01-05 trading
090,b01-049-01-06 abroad
090,b01-049-01-08 In
090,b01-049-02-00 the
090,b01-049-02-02 of
090,b01-049-02-04 trading
090,b01-049-02-06 has
090,b01-049-03-01 to
090,b01-049-03-02 hold
090,b01-049-03-03 marks
090,b01-049-03-04 rather
090,b01-049-03-05 than
090,b01-049-03-06 pounds
090,b01-049-03-07 or
090,b01-049-03-08 dollars
090,b01-049-04-00 hoping
090,b01-049-04-01 for
090,b01-049-04-02 the
090,b01-049-04-03 mark
090,b01-049-04-04 to
090,b01-049-04-05 rise
090,b01-049-04-07 as
090,b01-049-04-08 has
090,b01-049-04-09 now
090,b01-049-05-00 WILL
090,b01-049-05-01 the
090,b01-049-05-02 new
090,b01-049-05-04 be
090,b01-049-05-05 enough
090,b01-049-05-06 to
090,b01-049-05-07 correct
090,b01-049-06-01 massive
090,b01-049-06-02 trading
090,b01-049-06-03 surplus
090,b01-049-06-04 and
090,b01-049-06-05 choke
090,b01-049-07-00 off
090,b01-049-07-02 against
090,b01-049-07-03 dollar
090,b01-049-07-04 and
090,b01-049-07-05 pound
