543,m03-118-00-00 But
543,m03-118-00-01 after
543,m03-118-00-02 what
543,m03-118-00-03 Mrs
543,m03-118-00-04 Caine
543,m03-118-00-05 had
543,m03-118-00-06 said
543,m03-118-00-07 it
543,m03-118-00-08 was
543,m03-118-00-09 never
543,m03-118-01-00 far
543,m03-118-01-01 from
543,m03-118-01-02 our
543,m03-118-01-03 minds
543,m03-118-01-04 that
543,m03-118-01-05 at
543,m03-118-01-06 any
543,m03-118-01-07 moment
543,m03-118-01-08 we
543,m03-118-01-09 were
543,m03-118-02-00 to
543,m03-118-02-01 receive
543,m03-118-02-03 summons
543,m03-118-02-06 could
543,m03-118-02-07 see
543,m03-118-02-08 that
543,m03-118-02-09 Mr
543,m03-118-03-00 was
543,m03-118-03-02 for
543,m03-118-03-03 it
543,m03-118-03-05 This
543,m03-118-03-08 then
543,m03-118-03-10 we
543,m03-118-03-11 climbed
543,m03-118-04-04 mass
543,m03-118-04-05 of
543,m03-118-04-06 clean
543,m03-118-04-07 rock
543,m03-118-04-08 crowned
543,m03-118-04-09 with
543,m03-118-05-00 trees
543,m03-118-05-01 and
543,m03-118-05-02 bushes
543,m03-118-05-04 that
543,m03-118-05-05 stood
543,m03-118-05-06 well
543,m03-118-05-07 out
543,m03-118-05-08 over
543,m03-118-05-09 the
543,m03-118-05-10 lake
