125,c06-005-00-00 Where
125,c06-005-00-01 the
125,c06-005-00-03 are
125,c06-005-00-05 In
125,c06-005-00-06 the
125,c06-005-00-07 hallway
125,c06-005-00-08 are
125,c06-005-01-00 the
125,c06-005-01-01 empties
125,c06-005-01-03 through
125,c06-005-01-04 the
125,c06-005-01-05 door
125,c06-005-01-06 hearts
125,c06-005-01-07 are
125,c06-005-02-00 full
125,c06-005-02-02 hopes
125,c06-005-02-03 are
125,c06-005-02-04 high
125,c06-005-02-06 There
125,c06-005-02-07 are
125,c06-005-02-08 still
125,c06-005-02-10 few
125,c06-005-03-00 amber
125,c06-005-03-01 inches
125,c06-005-03-02 in
125,c06-005-03-03 the
125,c06-005-03-04 bottle
125,c06-005-03-06 Present
125,c06-005-03-07 are
125,c06-005-03-08 some
125,c06-005-04-01 Friends
125,c06-005-04-02 of
125,c06-005-04-03 Brendan
125,c06-005-04-05 They
125,c06-005-04-06 listen
125,c06-005-05-00 with
125,c06-005-05-01 many
125,c06-005-05-02 an
125,c06-005-05-04 guffaw
125,c06-005-05-05 to
125,c06-005-05-06 the
125,c06-005-06-00 brandy
125,c06-005-06-02 solo
125,c06-005-06-03 swish
125,c06-005-06-04 on
125,c06-005-06-05 his
125,c06-005-07-02 with
125,c06-005-07-04 stops
125,c06-005-07-05 for
125,c06-005-07-06 an
125,c06-005-07-07 old
125,c06-005-08-01 air
125,c06-005-08-02 or
125,b06-093-00-00 This
125,b06-093-00-01 should
125,b06-093-00-03 the
125,b06-093-00-05 to
125,b06-093-01-00 end
125,b06-093-01-01 the
125,b06-093-01-03 and
125,b06-093-01-04 use
125,b06-093-01-05 of
125,b06-093-02-00 nuclear
125,b06-093-02-01 weapons
125,b06-093-02-02 in
125,b06-093-02-03 Britain
125,b06-093-02-05 Britain
125,b06-093-02-06 then
125,b06-093-03-00 could
125,b06-093-03-01 play
125,b06-093-03-03 leading
125,b06-093-03-04 and
125,b06-093-04-00 role
125,b06-093-04-01 for
125,b06-093-04-02 an
125,b06-093-04-05 to
125,b06-093-04-06 ban
125,b06-093-05-00 all
125,b06-093-05-01 nuclear
125,b06-093-05-03 and
125,b06-093-05-04 weapons
125,b06-093-05-05 of
125,b06-093-05-06 mass
125,b06-093-06-02 and
125,b06-093-06-03 lay
125,b06-093-06-04 the
125,b06-093-06-05 basis
125,b06-093-06-06 for
125,b06-093-06-07 real
125,b06-093-07-00 peace
125,b06-093-07-01 and
125,b06-093-07-04 WHEN
125,b06-093-07-05 all
125,b06-093-07-06 the
125,b06-093-08-01 about
125,b06-093-09-00 Week
125,b06-093-09-02 it
125,b06-093-09-03 is
125,b06-093-09-05 whether
125,b06-093-09-06 more
125,b06-093-10-00 than
125,b06-093-10-02 handful
125,b06-093-10-03 of
125,b06-093-10-04 new
125,b06-008-00-01 West
125,b06-008-00-02 German
125,b06-008-00-03 Defence
125,b06-008-01-00 Herr
125,b06-008-01-01 Strauss
125,b06-008-01-03 started
125,b06-008-01-04 talks
125,b06-008-01-05 with
125,b06-008-01-06 the
125,b06-008-01-07 British
125,b06-008-02-00 Defence
125,b06-008-02-06 Their
125,b06-008-02-07 talks
125,b06-008-03-00 are
125,b06-008-03-01 another
125,b06-008-03-02 stage
125,b06-008-03-03 in
125,b06-008-03-04 the
125,b06-008-03-05 cloak
125,b06-008-04-01 variety
125,b06-008-04-03 by
125,b06-008-04-04 which
125,b06-008-04-05 the
125,b06-008-04-06 West
125,b06-008-04-07 German
125,b06-008-05-01 are
125,b06-008-05-03 their
125,b06-008-06-00 Herr
125,b06-008-06-01 Strauss
125,b06-008-06-02 told
125,b06-008-06-03 the
125,b06-008-06-04 Daily
125,b06-008-06-05 Mail
125,b06-008-06-06 last
125,b06-008-06-07 October
125,b06-008-07-00 that
125,b06-008-07-01 his
125,b06-008-07-02 policy
125,b06-008-07-03 was
125,b06-008-07-04 to
125,b06-008-07-05 make
125,b06-008-07-06 his
125,b06-008-07-07 country
125,b06-008-08-00 the
125,b06-008-08-04 in
125,b06-008-08-05 Europe
125,b06-008-08-06 and
125,b06-008-08-07 the
125,b06-008-09-00 United
125,b06-008-09-03 Nato
125,b06-008-09-04 ally
125,c06-020-00-00 That
125,c06-020-00-02 as
125,c06-020-00-03 bloody
125,c06-020-00-04 silly
125,c06-020-00-05 as
125,c06-020-00-06 calling
125,c06-020-01-00 Royce
125,c06-020-01-02 type
125,c06-020-01-03 of
125,c06-020-01-06 She
125,c06-020-01-08 the
125,c06-020-02-00 flower
125,c06-020-02-01 in
125,c06-020-02-04 desert
125,c06-020-02-07 Now
125,c06-020-02-09 me
125,c06-020-03-04 write
125,c06-020-03-05 to
125,c06-020-03-07 rather
125,c06-020-04-00 than
125,c06-020-04-01 educate
125,c06-020-04-03 And
125,c06-020-04-06 write
125,c06-020-04-07 at
125,c06-020-04-08 all
125,c06-020-05-00 unless
125,c06-020-05-07 But
125,c06-020-06-00 say
125,c06-020-06-01 this
125,c06-020-06-05 like
125,c06-020-06-06 to
125,c06-020-06-07 live
125,c06-020-06-08 in
125,c06-020-06-09 America
125,c06-020-07-00 and
125,c06-020-07-01 do
125,c06-020-07-02 some
125,c06-020-07-03 writing
125,c06-020-07-04 there
125,b06-056-00-00 They
125,b06-056-00-02 every
125,b06-056-00-03 effort
125,b06-056-00-04 to
125,b06-056-00-05 fight
125,b06-056-00-06 for
125,b06-056-00-07 the
125,b06-056-01-03 while
125,b06-056-02-00 around
125,b06-056-02-02 to
125,b06-056-02-04 them
125,b06-056-02-05 next
125,b06-056-03-00 time
125,b06-056-03-03 of
125,b06-056-03-04 the
125,b06-056-03-06 issue
125,b06-056-04-00 by
125,b06-056-04-02 of
125,b06-056-04-03 the
125,b06-056-05-00 the
125,b06-056-05-02 of
125,b06-056-05-04 pseudo
125,b06-056-05-05 third
125,b06-056-05-06 way
125,b06-056-06-00 and
125,b06-056-06-01 the
125,b06-056-06-02 call
125,b06-056-06-03 for
125,b06-056-06-04 party
125,b06-056-06-05 unity
125,b06-056-06-07 in
125,b06-056-06-08 effect
125,b06-056-07-01 demand
125,b06-056-07-02 that
125,b06-056-07-03 the
125,b06-056-07-05 unite
125,b06-056-08-00 with
125,b06-056-08-01 the
125,b06-056-08-03 on
125,b06-056-08-04 their
125,b06-056-08-05 policy
125,b06-056-09-00 and
125,b06-056-09-01 no
125,b06-056-09-02 other
125,b06-056-09-03 seems
125,b06-056-09-04 to
125,b06-056-09-05 have
125,b06-056-09-06 done
125,b06-056-09-07 the
125,b06-056-10-00 trick
125,b06-056-10-01 of
125,b06-056-10-02 moving
125,b06-056-10-04 number
125,b06-056-10-05 of
125,b06-056-10-06 unions
