323,g04-055-00-00 We
323,g04-055-00-01 also
323,g04-055-00-02 had
323,g04-055-00-04 little
323,g04-055-00-05 Mission
323,g04-055-00-06 Hall
323,g04-055-00-07 leading
323,g04-055-00-08 off
323,g04-055-01-00 the
323,g04-055-01-02 Road
323,g04-055-01-04 in
323,g04-055-01-06 street
323,g04-055-01-07 full
323,g04-055-01-08 of
323,g04-055-01-09 small
323,g04-055-01-10 houses
323,g04-055-02-00 This
323,g04-055-02-01 was
323,g04-055-02-02 called
323,g04-055-02-03 Ellen
323,g04-055-02-04 Avenue
323,g04-055-02-05 when
323,g04-055-02-07 first
323,g04-055-02-08 went
323,g04-055-03-00 there
323,g04-055-03-02 but
323,g04-055-03-03 was
323,g04-055-03-04 soon
323,g04-055-03-05 changed
323,g04-055-03-06 into
323,g04-055-03-07 the
323,g04-055-04-01 name
323,g04-055-04-02 of
323,g04-055-04-04 Road
323,g04-055-04-06 There
323,g04-055-05-00 were
323,g04-055-05-01 lots
323,g04-055-05-02 of
323,g04-055-05-04 there
323,g04-055-05-06 and
323,g04-055-05-07 we
323,g04-055-05-08 had
323,g04-055-06-02 Sunday
323,g04-055-06-03 School
323,g04-055-06-04 and
323,g04-055-06-05 an
323,g04-055-06-06 evening
323,g04-055-07-00 service
323,g04-055-07-03 soon
323,g04-055-07-04 saw
323,g04-055-07-05 that
323,g04-055-07-06 the
323,g04-055-07-07 parish
323,g04-055-07-08 needed
323,g04-055-08-00 more
323,g04-055-08-01 help
323,g04-055-08-02 both
323,g04-055-08-03 at
323,g04-055-08-04 the
323,g04-055-08-05 church
323,g04-055-08-06 and
323,g04-055-08-07 Mission
