618,p03-033-00-01 Bless
618,p03-033-00-02 you
618,p03-033-00-05 hope
618,p03-033-00-06 Luke
618,p03-033-00-07 is
618,p03-033-00-11 darling
618,p03-033-00-15 Oh
618,p03-033-00-17 well
618,p03-033-01-00 he
618,p03-033-01-06 like
618,p03-033-01-07 the
618,p03-033-01-08 work
618,p03-033-01-10 One
618,p03-033-01-11 gets
618,p03-033-01-12 plenty
618,p03-033-02-00 of
618,p03-033-02-01 variety
618,p03-033-02-02 and
618,p03-033-02-03 it
618,p03-033-02-06 change
618,p03-033-02-09 Nigel
618,p03-033-02-10 was
618,p03-033-02-11 the
618,p03-033-03-00 Junior
618,p03-033-03-01 Medical
618,p03-033-03-02 Officer
618,p03-033-03-05 You
618,p03-033-03-07 be
618,p03-033-03-08 free
618,p03-033-03-09 about
618,p03-033-03-10 nine
618,p03-033-04-00 suppose
618,p03-033-04-02 to
618,p03-033-04-03 meet
618,p03-033-04-04 me
618,p03-033-04-05 for
618,p03-033-04-06 supper
618,p03-033-04-10 she
618,p03-033-04-11 had
618,p03-033-05-00 asked
