327,g04-081-00-00 On
327,g04-081-00-01 hearing
327,g04-081-00-02 that
327,g04-081-00-04 was
327,g04-081-00-05 to
327,g04-081-00-06 leave
327,g04-081-00-08 and
327,g04-081-00-09 come
327,g04-081-00-10 to
327,g04-081-01-00 Purley
327,g04-081-01-01 she
327,g04-081-01-02 offered
327,g04-081-01-03 to
327,g04-081-01-04 come
327,g04-081-01-05 and
327,g04-081-01-06 look
327,g04-081-01-07 after
327,g04-081-01-08 me
327,g04-081-01-10 She
327,g04-081-01-11 was
327,g04-081-02-01 real
327,g04-081-02-04 of
327,g04-081-02-05 yeoman
327,g04-081-02-06 stock
327,g04-081-02-07 and
327,g04-081-02-08 clever
327,g04-081-02-09 in
327,g04-081-02-10 all
327,g04-081-03-00 things
327,g04-081-03-03 widow
327,g04-081-03-04 who
327,g04-081-03-05 knew
327,g04-081-03-06 how
327,g04-081-03-07 to
327,g04-081-03-08 look
327,g04-081-03-09 after
327,g04-081-03-10 the
327,g04-081-03-12 boy
327,g04-081-04-00 who
327,g04-081-04-01 was
327,g04-081-04-02 the
327,g04-081-04-03 only
327,g04-081-04-04 other
327,g04-081-04-06 of
327,g04-081-04-07 the
327,g04-081-04-08 house
327,g04-081-04-09 when
327,g04-081-05-01 Evitt
327,g04-081-05-02 had
327,g04-081-05-03 gone
