623,p03-080-00-01 Gubbins
623,p03-080-00-03 Gubbins
623,p03-080-00-06 he
623,p03-080-00-07 fretted
623,p03-080-00-10 Who
623,p03-080-00-12 he
623,p03-080-01-00 Though
623,p03-080-01-01 Diana
623,p03-080-01-02 knew
623,p03-080-01-03 the
623,p03-080-01-04 name
623,p03-080-01-05 of
623,p03-080-01-06 every
623,p03-080-02-00 member
623,p03-080-02-01 of
623,p03-080-02-02 the
623,p03-080-02-03 staff
623,p03-080-02-06 or
623,p03-080-02-07 not
623,p03-080-03-00 Nigel
623,p03-080-03-01 often
623,p03-080-03-02 had
623,p03-080-03-03 to
623,p03-080-03-04 think
623,p03-080-03-05 hard
623,p03-080-03-06 to
623,p03-080-03-07 sort
623,p03-080-04-00 them
623,p03-080-04-01 out
623,p03-080-04-04 He
623,p03-080-04-06 the
623,p03-080-04-08 lad
623,p03-080-04-11 he
623,p03-080-05-00 he
623,p03-080-05-01 now
623,p03-080-05-05 What
623,p03-080-05-06 was
623,p03-080-05-07 he
623,p03-080-06-00 doing
623,p03-080-06-01 at
623,p03-080-06-02 the
623,p03-080-06-03 Load
623,p03-080-06-04 of
623,p03-080-06-05 Trouble
