206,d06-027-00-01 Kagawa
206,d06-027-00-03 Loving
206,d06-027-00-04 Saviour
206,d06-027-00-06 who
206,d06-027-01-00 all
206,d06-027-01-01 human
206,d06-027-01-02 emotion
206,d06-027-01-04 and
206,d06-027-01-05 whose
206,d06-027-02-00 nature
206,d06-027-02-01 knows
206,d06-027-02-02 better
206,d06-027-02-03 than
206,d06-027-02-04 we
206,d06-027-02-05 do
206,d06-027-02-07 what
206,d06-027-02-08 it
206,d06-027-02-09 is
206,d06-027-02-10 to
206,d06-027-03-00 be
206,d06-027-03-01 really
206,d06-027-03-02 afraid
206,d06-027-03-04 help
206,d06-027-03-05 us
206,d06-027-03-06 to
206,d06-027-03-07 know
206,d06-027-03-08 that
206,d06-027-03-09 when
206,d06-027-04-00 we
206,d06-027-04-01 face
206,d06-027-04-02 life
206,d06-027-04-03 boldly
206,d06-027-04-05 many
206,d06-027-04-06 of
206,d06-027-04-07 the
206,d06-027-04-08 shadows
206,d06-027-04-09 are
206,d06-027-05-00 seen
206,d06-027-05-01 to
206,d06-027-05-02 be
206,d06-027-05-03 allies
206,d06-027-05-04 and
206,d06-027-05-05 not
206,d06-027-05-06 enemies
206,d06-027-05-07 and
206,d06-027-05-08 that
206,d06-027-06-00 come
206,d06-027-06-01 what
206,d06-027-06-02 may
206,d06-027-06-04 we
206,d06-027-06-05 are
206,d06-027-06-06 never
206,d06-027-06-07 alone
206,d06-027-06-08 when
206,d06-027-07-00 we
206,d06-027-07-01 are
206,d06-027-07-02 with
206,d06-027-07-03 Thee
206,d06-056-00-00 They
206,d06-056-00-01 drag
206,d06-056-00-03 around
206,d06-056-00-04 and
206,d06-056-00-05 can
206,d06-056-00-06 become
206,d06-056-01-01 burden
206,d06-056-01-02 to
206,d06-056-01-03 their
206,d06-056-01-05 and
206,d06-056-01-06 their
206,d06-056-01-07 friends
206,d06-056-02-00 Any
206,d06-056-02-01 mental
206,d06-056-02-03 can
206,d06-056-02-04 cause
206,d06-056-02-05 this
206,d06-056-02-06 and
206,d06-056-03-00 the
206,d06-056-03-01 best
206,d06-056-03-02 way
206,d06-056-03-03 is
206,d06-056-03-05 to
206,d06-056-03-06 seek
206,d06-056-03-07 advice
206,d06-056-04-00 As
206,d06-056-04-01 we
206,d06-056-04-02 are
206,d06-056-04-03 unable
206,d06-056-04-04 to
206,d06-056-04-05 cure
206,d06-056-04-06 our
206,d06-056-04-07 own
206,d06-056-04-08 bodies
206,d06-056-05-00 if
206,d06-056-05-01 the
206,d06-056-05-02 cause
206,d06-056-05-03 of
206,d06-056-05-04 our
206,d06-056-05-05 pain
206,d06-056-05-06 is
206,d06-056-05-07 too
206,d06-056-05-08 deep
206,d06-056-05-09 seated
206,d06-056-06-00 so
206,d06-056-06-01 we
206,d06-056-06-02 are
206,d06-056-06-03 unable
206,d06-056-06-04 to
206,d06-056-06-05 cure
206,d06-056-06-06 our
206,d06-056-06-07 own
206,d06-056-06-08 minds
206,d06-056-07-00 if
206,d06-056-07-01 the
206,d06-056-07-02 trouble
206,d06-056-07-03 is
206,d06-056-07-06 one
206,d06-056-08-01 careful
206,d06-056-08-02 and
206,d06-056-08-03 patient
206,d06-096-00-01 am
206,d06-096-00-02 more
206,d06-096-00-03 than
206,d06-096-00-05 of
206,d06-096-00-06 this
206,d06-096-00-08 How
206,d06-096-00-09 anybody
206,d06-096-01-00 can
206,d06-096-01-01 go
206,d06-096-01-02 through
206,d06-096-01-03 the
206,d06-096-01-04 same
206,d06-096-01-05 routine
206,d06-096-01-06 day
206,d06-096-01-07 in
206,d06-096-01-08 and
206,d06-096-01-09 day
206,d06-096-02-00 out
206,d06-096-02-01 for
206,d06-096-02-02 forty
206,d06-096-02-03 years
206,d06-096-02-05 find
206,d06-096-02-07 to
206,d06-096-03-01 lot
206,d06-096-03-02 of
206,d06-096-03-03 it
206,d06-096-03-04 is
206,d06-096-03-06 so
206,d06-096-03-07 that
206,d06-096-03-09 and
206,d06-096-04-01 may
206,d06-096-04-02 be
206,d06-096-04-03 kept
206,d06-096-04-04 going
206,d06-096-04-06 though
206,d06-096-04-07 if
206,d06-096-04-08 ever
206,d06-096-05-00 it
206,d06-096-05-01 becomes
206,d06-096-05-03 to
206,d06-096-05-04 work
206,d06-096-05-05 out
206,d06-096-05-07 system
206,d06-096-06-00 of
206,d06-096-06-04 hours
206,d06-096-06-05 it
206,d06-096-06-06 may
206,d06-096-06-07 do
206,d06-096-06-08 an
206,d06-096-06-09 immense
206,d06-096-07-00 amount
206,d06-096-07-01 of
206,d06-096-07-02 good
206,d06-096-07-03 over
206,d06-096-07-04 and
206,d06-096-07-05 above
206,d06-096-08-00 the
206,d06-096-08-02 on
206,d06-096-08-04 trains
206,e06-000-00-00 This
206,e06-000-00-01 could
206,e06-000-00-02 hardly
206,e06-000-00-03 happen
206,e06-000-00-04 without
206,e06-000-00-05 the
206,e06-000-01-00 herring
206,e06-000-01-01 having
206,e06-000-01-02 some
206,e06-000-01-04 with
206,e06-000-01-05 the
206,e06-000-02-00 sea
206,e06-000-02-01 bottom
206,e06-000-02-03 It
206,e06-000-02-04 means
206,e06-000-02-05 that
206,e06-000-02-06 the
206,e06-000-03-00 is
206,e06-000-03-01 caused
206,e06-000-03-02 during
206,e06-000-03-03 the
206,e06-000-03-04 daytime
206,e06-000-03-06 and
206,e06-000-03-07 that
206,e06-000-04-00 the
206,e06-000-04-01 herring
206,e06-000-04-02 must
206,e06-000-04-04 to
206,e06-000-04-05 migrate
206,e06-000-04-06 over
206,e06-000-05-00 the
206,e06-000-05-01 ground
206,e06-000-05-02 as
206,e06-000-05-03 well
206,e06-000-05-04 as
206,e06-000-05-05 in
206,e06-000-05-07 and
206,e06-000-06-00 during
206,e06-000-06-01 the
206,e06-000-06-02 swim
206,e06-000-06-04 the
206,e06-000-06-05 swim
206,e06-000-06-06 at
206,e06-000-06-07 East
206,e06-000-06-08 Anglia
206,e06-000-07-00 is
206,e06-000-07-01 always
206,e06-000-07-02 from
206,e06-000-07-03 the
206,e06-000-07-04 north
206,e06-021-00-00 So
206,e06-021-00-01 the
206,e06-021-00-02 arrival
206,e06-021-00-03 of
206,e06-021-00-04 any
206,e06-021-00-06 shoal
206,e06-021-01-00 fish
206,e06-021-01-01 at
206,e06-021-01-03 certain
206,e06-021-01-05 ground
206,e06-021-01-06 may
206,e06-021-02-00 be
206,e06-021-02-03 Yet
206,e06-021-02-04 there
206,e06-021-02-05 will
206,e06-021-02-06 always
206,e06-021-02-07 be
206,e06-021-02-08 some
206,e06-021-03-00 that
206,e06-021-03-01 find
206,e06-021-03-02 it
206,e06-021-03-03 if
206,e06-021-03-04 enough
206,e06-021-03-05 are
206,e06-021-03-08 just
206,e06-021-03-09 as
206,e06-021-04-00 the
206,e06-021-04-01 robin
206,e06-021-04-02 who
206,e06-021-04-03 gets
206,e06-021-04-04 back
206,e06-021-04-05 exactly
206,e06-021-04-06 may
206,e06-021-04-07 be
206,e06-021-05-00 only
206,e06-021-05-01 one
206,e06-021-05-02 among
206,e06-021-05-04 who
206,e06-021-05-05 do
206,e06-021-05-06 not
206,e06-021-06-00 But
206,e06-021-06-01 this
206,e06-021-06-04 is
206,e06-021-06-05 not
206,e06-021-07-02 Being
206,e06-021-07-04 or
206,e06-021-07-05 against
206,e06-021-08-00 the
206,e06-021-08-01 drift
206,e06-021-08-03 it
206,e06-021-08-05 has
206,e06-021-08-08 value
206,e06-021-09-00 in
206,e06-021-09-02 that
206,e06-021-09-03 the
206,e06-021-09-04 fry
206,e06-021-09-05 after
206,e06-021-10-00 are
206,e06-021-10-01 drifted
206,e06-021-10-02 back
206,e06-021-10-03 into
206,e06-021-10-04 the
206,e06-021-10-05 normal
206,e06-021-10-06 home
