137,c02-000-00-00 AFTER
137,c02-000-00-01 ten
137,c02-000-00-02 days
137,c02-000-00-03 of
137,c02-000-00-06 near
137,c02-000-00-07 fatal
137,c02-000-01-00 ennui
137,c02-000-01-02 the
137,c02-000-01-04 Berlin
137,c02-000-02-00 Film
137,c02-000-02-02 was
137,c02-000-02-04 jolted
137,c02-000-02-05 back
137,c02-000-02-06 to
137,c02-000-03-00 life
137,c02-000-03-01 by
137,c02-000-03-02 two
137,c02-000-03-04 films
137,c02-000-04-02 Das
137,c02-000-04-03 Wunder
137,c02-000-04-04 des
137,c02-000-04-09 The
137,c02-000-05-00 Miracle
137,c02-000-05-01 of
137,c02-000-05-02 Father
137,c02-000-05-06 and
137,c02-000-06-00 angelo
137,c02-000-06-03 La
137,c02-000-06-04 Notte
137,c02-000-06-07 The
137,c02-000-07-00 ber
137,c02-000-07-01 of
137,c02-000-07-02 German
137,c02-000-07-03 film
137,c02-000-07-05 who
137,c02-000-07-06 have
137,c02-000-08-00 made
137,c02-000-08-01 first
137,c02-000-08-02 rate
137,c02-000-08-03 works
137,c02-000-08-04 in
137,c02-000-08-05 the
137,c02-000-08-06 last
137,c02-000-08-08 years
137,c02-000-09-00 can
137,c02-000-09-01 be
137,c02-000-09-02 counted
137,c02-000-09-03 on
137,c02-000-09-04 the
137,c02-000-09-05 fingers
137,c02-000-09-06 of
137,c02-000-09-07 one
