614,p03-012-00-01 There
614,p03-012-00-02 are
614,p03-012-00-03 all
614,p03-012-00-04 sorts
614,p03-012-00-05 of
614,p03-012-01-00 ful
614,p03-012-01-01 jobs
614,p03-012-01-02 in
614,p03-012-01-03 London
614,p03-012-01-04 and
614,p03-012-01-06 could
614,p03-012-02-00 take
614,p03-012-02-01 my
614,p03-012-02-02 pick
614,p03-012-02-04 whereas
614,p03-012-02-05 in
614,p03-012-03-00 one
614,p03-012-03-01 has
614,p03-012-03-02 to
614,p03-012-03-03 know
614,p03-012-03-05 about
614,p03-012-03-06 fishing
614,p03-012-04-00 and
614,p03-012-04-01 in
614,p03-012-04-03 they
614,p03-012-04-05 want
614,p03-012-05-02 think
614,p03-012-05-05 go
614,p03-012-05-06 to
614,p03-012-06-00 less
614,p03-012-06-02 was
614,p03-012-06-04 Scot
614,p03-012-06-05 and
614,p03-012-06-06 wanting
614,p03-012-06-07 to
614,p03-012-06-08 get
614,p03-012-07-00 home
614,p03-012-07-02 or
614,p03-012-07-03 perhaps
614,p03-012-07-05 student
614,p03-012-07-07 to
614,p03-012-08-00 be
614,p03-012-08-02 doctor
614,p03-012-08-04 and
614,p03-012-08-06 already
614,p03-012-08-07 know
614,p03-012-09-00 all
614,p03-012-09-01 about
614,p03-012-09-02 that
