219,e02-014-00-00 For
219,e02-014-00-01 short
219,e02-014-00-02 ones
219,e02-014-00-05 plane
219,e02-014-00-06 can
219,e02-014-00-07 be
219,e02-014-00-08 used
219,e02-014-01-00 The
219,e02-014-01-01 gauge
219,e02-014-01-02 can
219,e02-014-01-03 now
219,e02-014-01-04 be
219,e02-014-01-05 used
219,e02-014-01-06 to
219,e02-014-01-07 nick
219,e02-014-01-08 in
219,e02-014-01-09 the
219,e02-014-01-10 tapers
219,e02-014-02-00 on
219,e02-014-02-01 the
219,e02-014-02-02 newly
219,e02-014-02-03 planed
219,e02-014-02-06 and
219,e02-014-02-07 these
219,e02-014-02-08 treated
219,e02-014-03-00 as
219,e02-014-03-01 before
219,e02-014-03-03 It
219,e02-014-03-04 is
219,e02-014-03-06 to
219,e02-014-03-07 mark
219,e02-014-03-08 the
219,e02-014-03-09 taper
219,e02-014-03-10 with
219,e02-014-04-00 the
219,e02-014-04-02 as
219,e02-014-04-03 one
219,e02-014-04-04 relies
219,e02-014-04-05 upon
219,e02-014-04-06 the
219,e02-014-04-07 truth
219,e02-014-05-00 of
219,e02-014-05-01 the
219,e02-014-05-02 plane
219,e02-014-05-03 sole
219,e02-014-05-04 to
219,e02-014-05-05 make
219,e02-014-05-06 the
219,e02-014-05-07 tapered
