212,e01-032-00-00 The
212,e01-032-00-01 more
212,e01-032-00-04 and
212,e01-032-00-05 finer
212,e01-032-01-00 threads
212,e01-032-01-01 may
212,e01-032-01-02 be
212,e01-032-01-04 to
212,e01-032-01-05 bring
212,e01-032-01-07 light
212,e01-032-02-00 and
212,e01-032-02-01 lovely
212,e01-032-02-02 touch
212,e01-032-02-03 to
212,e01-032-03-01 lace
212,e01-032-03-02 border
212,e01-032-03-03 to
212,e01-032-04-01 on
212,e01-032-04-04 or
212,e01-032-04-05 blouse
212,e01-032-04-08 tatted
212,e01-032-04-09 edge
212,e01-032-05-00 to
212,e01-032-05-02 collar
212,e01-032-05-04 these
212,e01-032-05-05 add
212,e01-032-06-01 that
212,e01-032-06-02 nothing
212,e01-032-06-03 else
212,e01-032-06-04 can
212,e01-032-06-05 give
212,e01-032-07-01 we
212,e01-032-07-02 assess
212,e01-032-07-04 as
212,e01-032-07-05 one
212,e01-032-07-06 of
212,e01-032-08-00 the
212,e01-032-08-02 skills
212,e01-032-08-05 number
212,e01-032-08-06 of
212,e01-032-08-07 the
212,e01-032-09-02 that
212,e01-032-09-03 we
212,e01-032-09-04 follow
212,e01-032-09-05 today
212,e01-032-09-06 were
212,e01-032-10-00 in
212,e01-032-10-01 fact
212,e01-032-10-03 the
212,e01-032-10-05 of
212,e01-032-10-07 men
212,e01-035-00-00 For
212,e01-035-00-01 in
212,e01-035-00-02 the
212,e01-035-00-03 old
212,e01-035-00-04 order
212,e01-035-00-05 of
212,e01-035-00-06 things
212,e01-035-00-08 men
212,e01-035-01-00 and
212,e01-035-01-01 worked
212,e01-035-01-02 lace
212,e01-035-01-03 as
212,e01-035-01-04 well
212,e01-035-01-05 as
212,e01-035-01-06 women
212,e01-035-01-07 and
212,e01-035-02-00 special
212,e01-035-02-01 schools
212,e01-035-02-02 were
212,e01-035-02-03 set
212,e01-035-02-04 up
212,e01-035-02-05 to
212,e01-035-02-06 teach
212,e01-035-03-00 making
212,e01-035-03-01 not
212,e01-035-03-02 only
212,e01-035-03-03 to
212,e01-035-03-04 young
212,e01-035-03-05 girls
212,e01-035-03-07 but
212,e01-035-03-08 to
212,e01-035-03-09 little
212,e01-035-04-00 boys
212,e01-035-04-01 as
212,e01-035-04-02 well
212,e01-035-04-04 Whole
212,e01-035-04-06 made
212,e01-035-04-07 their
212,e01-035-05-01 by
212,e01-035-05-03 and
212,e01-035-06-02 of
212,e01-035-06-03 song
212,e01-035-06-06 and
212,e01-035-06-08 grew
212,e01-035-07-00 up
212,e01-035-07-01 around
212,e01-035-07-02 the
212,e01-035-07-03 lace
212,e01-029-00-00 It
212,e01-029-00-01 will
212,e01-029-00-02 be
212,e01-029-00-03 seen
212,e01-029-00-04 how
212,e01-029-00-06 with
212,e01-029-00-07 bold
212,e01-029-00-08 design
212,e01-029-01-00 and
212,e01-029-01-01 rich
212,e01-029-01-02 colour
212,e01-029-01-06 crochet
212,e01-029-01-07 and
212,e01-029-02-00 tatting
212,e01-029-02-01 in
212,e01-029-02-02 fine
212,e01-029-02-03 and
212,e01-029-02-05 cottons
212,e01-029-03-00 can
212,e01-029-03-01 give
212,e01-029-03-04 to
212,e01-029-03-05 many
212,e01-029-03-06 things
212,e01-029-04-00 in
212,e01-029-04-01 the
212,e01-029-04-02 home
212,e01-029-05-00 to
212,e01-029-05-01 mention
212,e01-029-05-02 only
212,e01-029-05-03 three
212,e01-029-05-05 how
212,e01-029-05-07 it
212,e01-029-05-08 is
212,e01-029-06-00 to
212,e01-029-06-01 avoid
212,e01-029-06-02 the
212,e01-029-06-04 in
212,e01-029-06-05 these
212,e01-029-06-06 and
212,e01-029-06-07 by
212,e01-029-07-01 own
212,e01-029-07-03 produce
212,e01-029-08-00 that
212,e01-029-08-02 true
212,e01-029-08-04 talent
