131,b06-068-00-00 All
131,b06-068-00-01 recent
131,b06-068-00-02 events
131,b06-068-00-03 show
131,b06-068-00-04 how
131,b06-068-00-05 correct
131,b06-068-00-06 the
131,b06-068-01-02 were
131,b06-068-01-04 The
131,b06-068-01-05 Kennedy
131,b06-068-02-04 the
131,b06-068-03-01 drive
131,b06-068-03-02 to
131,b06-068-03-03 improve
131,b06-068-03-04 West
131,b06-068-04-03 the
131,b06-068-04-04 new
131,b06-068-04-05 attempt
131,b06-068-05-00 to
131,b06-068-05-01 rush
131,b06-068-05-02 Britain
131,b06-068-05-03 into
131,b06-068-05-04 the
131,b06-068-05-06 Common
131,b06-068-06-00 Market
131,b06-068-06-02 and
131,b06-068-06-03 the
131,b06-068-06-05 on
131,b06-068-06-06 Spain
131,b06-068-07-00 present
131,b06-068-07-02 whole
131,b06-068-07-03 new
131,b06-068-07-04 proof
131,b06-068-07-05 that
131,b06-068-07-06 to
131,b06-068-07-07 abandon
131,b06-068-08-01 is
131,b06-068-08-02 to
131,b06-068-08-03 expose
131,b06-068-08-04 Britain
131,b06-068-08-05 and
131,b06-068-08-06 her
131,b06-068-09-00 working
131,b06-068-09-01 class
131,b06-068-09-02 to
131,b06-068-09-03 sharp
131,b06-068-09-04 new
131,b06-068-09-05 dangers
131,b06-068-09-07 that
131,b06-068-10-01 is
131,c06-058-00-00 It
131,c06-058-00-01 is
131,c06-058-00-02 ribald
131,c06-058-00-04 funny
131,c06-058-01-00 of
131,c06-058-01-03 and
131,c06-058-01-05 as
131,c06-058-01-07 glass
131,c06-058-02-00 of
131,c06-058-02-01 draught
131,c06-058-02-02 porter
131,c06-058-02-04 But
131,c06-058-02-05 will
131,c06-058-02-06 we
131,c06-058-02-07 see
131,c06-058-02-08 its
131,c06-058-03-00 end
131,c06-058-03-02 The
131,c06-058-03-03 last
131,c06-058-03-04 scene
131,c06-058-03-05 of
131,c06-058-03-06 this
131,c06-058-04-00 is
131,c06-058-04-01 in
131,c06-058-04-03 pub
131,c06-058-04-04 where
131,c06-058-04-05 the
131,c06-058-04-06 author
131,c06-058-04-07 throws
131,c06-058-05-01 note
131,c06-058-05-02 on
131,c06-058-05-03 to
131,c06-058-05-04 the
131,c06-058-05-05 bar
131,c06-058-05-06 and
131,c06-058-05-07 orders
131,c06-058-06-00 round
131,c06-058-06-01 for
131,c06-058-06-02 the
131,c06-058-06-03 pals
131,c06-058-06-05 one
131,c06-058-06-06 of
131,c06-058-06-07 whom
131,c06-058-06-08 cries
131,c06-095-00-01 That
131,c06-095-00-03 how
131,c06-095-00-05 got
131,c06-095-00-06 into
131,c06-095-00-07 all
131,c06-095-00-08 this
131,c06-095-00-09 trouble
131,c06-095-01-01 He
131,c06-095-01-03 got
131,c06-095-01-04 to
131,c06-095-01-05 be
131,c06-095-01-09 says
131,c06-095-01-10 Bobby
131,c06-095-01-11 Darin
131,c06-095-02-00 the
131,c06-095-02-01 chief
131,c06-095-02-03 of
131,c06-095-02-04 the
131,c06-095-03-00 Jeep
131,c06-095-03-02 as
131,c06-095-03-03 they
131,c06-095-03-06 to
131,c06-095-04-00 get
131,c06-095-04-01 rid
131,c06-095-04-02 of
131,c06-095-04-03 old
131,c06-095-04-04 man
131,c06-095-04-06 solid
131,c06-095-04-07 Rock
131,c06-095-04-10 How
131,c06-095-05-00 many
131,c06-095-05-01 hills
131,c06-095-05-02 can
131,c06-095-05-03 he
131,c06-095-05-04 take
131,c06-095-05-07 Of
131,c06-095-05-08 course
131,c06-095-06-00 Hudson
131,c06-095-06-01 can
131,c06-095-06-02 take
131,c06-095-06-03 one
131,c06-095-06-04 more
131,c06-095-06-05 hill
131,c06-095-06-06 than
131,c06-095-06-07 the
131,b06-042-00-01 policy
131,b06-042-00-02 which
131,b06-042-00-03 breaks
131,b06-042-00-04 with
131,b06-042-01-01 like
131,b06-042-01-02 Nato
131,b06-042-01-03 and
131,b06-042-01-04 seeks
131,b06-042-02-00 with
131,b06-042-02-01 the
131,b06-042-02-02 Soviet
131,b06-042-02-03 Union
131,b06-042-02-04 can
131,b06-042-02-05 prevent
131,b06-042-02-06 another
131,b06-042-03-01 like
131,b06-042-03-02 that
131,b06-042-03-03 of
131,b06-042-03-04 the
131,b06-042-04-02 writing
131,b06-042-04-03 in
131,b06-042-04-04 his
131,b06-042-05-00 city
131,b06-042-05-05 WAS
131,b06-042-05-06 pleased
131,b06-042-05-07 to
131,b06-042-05-08 read
131,b06-042-06-01 article
131,b06-042-06-03 for
131,b06-042-06-05 as
131,b06-042-06-07 of
131,b06-042-06-09 union
131,b06-042-07-00 which
131,b06-042-07-01 fought
131,b06-042-07-02 for
131,b06-042-07-03 and
131,b06-042-07-04 still
131,b06-042-07-05 stands
131,b06-042-07-06 on
131,b06-042-07-07 the
131,b06-042-08-00 policy
131,b06-042-08-03 at
131,b06-042-08-04 the
131,b06-042-09-00 borough
131,b06-042-09-01 Labour
131,b06-042-09-02 Party
131,b06-042-09-05 am
131,b06-042-10-01 at
131,b06-042-10-02 the
131,b06-042-10-04 of
131,b06-042-10-05 the
131,b06-042-10-06 current
