592,p01-174-00-01 Yes
592,p01-174-00-05 down
592,p01-174-00-06 from
592,p01-174-00-07 London
592,p01-174-01-00 as
592,p01-174-01-01 the
592,p01-174-01-02 dawn
592,p01-174-01-03 was
592,p01-174-01-06 and
592,p01-174-02-00 the
592,p01-174-02-01 thought
592,p01-174-02-02 came
592,p01-174-02-03 to
592,p01-174-02-04 me
592,p01-174-02-07 like
592,p01-174-03-00 to
592,p01-174-03-01 take
592,p01-174-03-03 look
592,p01-174-03-04 at
592,p01-174-03-05 the
592,p01-174-03-06 church
592,p01-174-04-00 never
592,p01-174-04-01 been
592,p01-174-04-02 inside
592,p01-174-04-04 Very
592,p01-174-04-05 remiss
592,p01-174-04-06 of
592,p01-174-05-00 me
592,p01-174-05-03 said
592,p01-174-05-07 The
592,p01-174-05-08 verger
592,p01-174-06-00 led
592,p01-174-06-01 the
592,p01-174-06-02 way
592,p01-174-06-03 in
592,p01-174-06-06 The
592,p01-174-06-07 stained
592,p01-174-06-08 glass
592,p01-174-07-00 windows
592,p01-174-07-02 sir
592,p01-174-07-04 they
592,p01-174-07-05 date
592,p01-174-07-06 back
592,p01-174-07-07 to
592,p01-174-08-00 the
592,p01-174-08-02 century
