604,p02-121-00-00 Hell
604,p02-121-00-03 Doc
604,p02-121-00-05 for
604,p02-121-00-06 her
604,p02-121-00-09 Just
604,p02-121-00-10 Hell
604,p02-121-00-12 Never
604,p02-121-00-13 able
604,p02-121-00-14 to
604,p02-121-01-00 trust
604,p02-121-01-01 him
604,p02-121-01-02 out
604,p02-121-01-03 of
604,p02-121-01-04 your
604,p02-121-01-05 sight
604,p02-121-01-06 and
604,p02-121-01-07 having
604,p02-121-01-08 to
604,p02-121-01-09 put
604,p02-121-01-10 on
604,p02-121-02-01 brave
604,p02-121-02-02 face
604,p02-121-02-03 and
604,p02-121-02-04 pretend
604,p02-121-02-05 that
604,p02-121-02-06 you
604,p02-121-02-08 mind
604,p02-121-03-01 he
604,p02-121-03-02 flirts
604,p02-121-03-03 with
604,p02-121-03-04 another
604,p02-121-03-05 woman
604,p02-121-03-07 He
604,p02-121-03-08 will
604,p02-121-04-00 you
604,p02-121-04-01 know
604,p02-121-04-03 always
604,p02-121-04-05 and
604,p02-121-04-06 you
604,p02-121-04-08 the
604,p02-121-04-09 type
604,p02-121-05-00 who
604,p02-121-05-01 is
604,p02-121-05-02 tough
604,p02-121-05-03 enough
604,p02-121-05-04 to
604,p02-121-05-05 change
604,p02-121-05-06 him
