159,c04-035-00-01 Sid
159,c04-035-00-02 is
159,c04-035-00-04 tower
159,c04-035-00-05 of
159,c04-035-00-07 when
159,c04-035-01-01 Ian
159,c04-035-01-03 and
159,c04-035-01-04 Janette
159,c04-035-01-05 Scott
159,c04-035-01-06 let
159,c04-035-02-00 loose
159,c04-035-02-01 their
159,c04-035-02-02 ancient
159,c04-035-02-04 on
159,c04-035-02-07 trip
159,c04-035-02-08 down
159,c04-035-03-00 the
159,c04-035-03-01 river
159,c04-035-03-03 The
159,c04-035-03-04 film
159,c04-035-03-05 starts
159,c04-035-03-06 off
159,c04-035-03-08 enough
159,c04-035-03-09 but
159,c04-035-04-01 through
159,c04-035-04-03 the
159,c04-035-04-04 plot
159,c04-035-04-06 as
159,c04-035-04-07 well
159,c04-035-04-08 as
159,c04-035-04-09 the
159,c04-035-04-10 boat
159,c04-035-04-12 springs
159,c04-035-05-02 leak
159,c04-035-05-05 members
159,c04-035-05-06 of
159,c04-035-06-01 team
159,c04-035-06-02 of
159,c04-035-06-03 comedy
159,c04-035-06-05 jump
159,c04-035-06-06 through
159,c04-035-07-00 equally
159,c04-035-07-02 hoops
159,c04-035-07-03 to
159,c04-035-07-04 mild
159,c04-017-00-00 But
159,c04-017-00-02 miles
159,c04-017-00-03 seems
159,c04-017-00-05 heck
159,c04-017-00-06 of
159,c04-017-00-08 way
159,c04-017-00-09 to
159,c04-017-00-10 go
159,c04-017-01-00 for
159,c04-017-01-02 new
159,c04-017-01-03 hit
159,c04-017-01-04 song
159,c04-017-01-06 He
159,c04-017-01-07 might
159,c04-017-01-08 be
159,c04-017-01-09 well
159,c04-017-01-10 advised
159,c04-017-01-11 to
159,c04-017-02-00 think
159,c04-017-02-01 hard
159,c04-017-02-02 and
159,c04-017-02-03 long
159,c04-017-02-04 before
159,c04-017-02-05 his
159,c04-017-02-06 next
159,c04-017-02-07 jump
159,c04-017-02-08 into
159,c04-017-02-09 the
159,c04-017-03-01 arena
159,c04-017-04-00 VERDICT
159,c04-017-04-02 Vaughan
159,c04-017-04-03 should
159,c04-017-04-04 have
159,c04-017-04-06 this
159,c04-017-05-00 RONALD
159,c04-017-05-01 Lewis
159,c04-017-05-02 has
159,c04-017-05-03 just
159,c04-017-05-04 left
159,c04-017-05-05 for
159,c04-017-05-06 his
159,c04-017-05-07 first
159,c04-017-05-08 taste
159,c04-017-05-09 of
159,c04-017-05-10 the
159,c04-017-06-03 thanks
159,c04-017-06-04 to
159,c04-017-06-06 sound
159,c04-017-06-08 in
159,c04-017-07-01 Taste
159,c04-017-07-02 of
159,c04-017-07-03 Fear
159,c04-017-07-06 Warner
159,c04-017-07-07 Theatre
