067,a06-008-00-01 Harold
067,a06-008-00-02 Wilson
067,a06-008-00-04 Shadow
067,a06-008-00-07 jumped
067,a06-008-00-08 up
067,a06-008-00-09 to
067,a06-008-01-00 offer
067,a06-008-01-01 the
067,a06-008-01-03 an
067,a06-008-01-04 easy
067,a06-008-01-05 passage
067,a06-008-01-06 for
067,a06-008-01-07 such
067,a06-008-02-03 Why
067,a06-008-02-05 you
067,a06-008-02-06 make
067,a06-008-02-08 to
067,a06-008-03-00 in
067,a06-008-03-01 the
067,a06-008-03-02 autumn
067,a06-008-03-06 Wilson
067,a06-008-03-07 asked
067,a06-008-03-10 We
067,a06-008-03-12 call
067,a06-008-04-00 it
067,a06-008-04-01 an
067,a06-008-04-02 Autumn
067,a06-008-04-03 Budget
067,a06-008-04-05 You
067,a06-008-04-06 can
067,a06-008-04-07 call
067,a06-008-04-08 it
067,a06-008-05-01 Bill
067,a06-008-05-03 if
067,a06-008-05-04 you
067,a06-008-05-05 like
067,a06-008-05-08 While
067,a06-008-05-10 Wilson
067,a06-008-06-00 was
067,a06-008-06-03 the
067,a06-008-06-04 Prime
067,a06-008-06-06 and
067,a06-008-06-08 Lloyd
067,a06-008-07-00 had
