074,a06-051-00-00 There
074,a06-051-00-01 were
074,a06-051-00-02 loud
074,a06-051-00-03 cries
074,a06-051-00-04 of
074,a06-051-00-06 shame
074,a06-051-00-08 from
074,a06-051-01-00 all
074,a06-051-01-01 parts
074,a06-051-01-02 of
074,a06-051-01-03 the
074,a06-051-01-05 side
074,a06-051-02-00 Fell
074,a06-051-02-02 to
074,a06-051-02-03 be
074,a06-051-02-04 in
074,a06-051-02-05 tears
074,a06-051-02-06 as
074,a06-051-02-07 he
074,a06-051-02-08 sat
074,a06-051-03-00 down
074,a06-051-03-03 few
074,a06-051-03-04 minutes
074,a06-051-03-05 later
074,a06-051-03-08 Fell
074,a06-051-03-09 got
074,a06-051-03-10 up
074,a06-051-04-00 and
074,a06-051-04-01 left
074,a06-051-04-02 the
074,a06-051-04-03 chamber
074,a06-051-04-05 He
074,a06-051-04-07 five
074,a06-051-05-00 minutes
074,a06-051-05-01 later
074,a06-051-05-02 to
074,a06-051-05-03 stand
074,a06-051-05-04 just
074,a06-051-05-05 inside
074,a06-051-05-06 the
074,a06-051-06-00 doorway
074,a06-051-06-01 looking
074,a06-051-06-02 more
074,a06-051-06-05 In
074,a06-051-06-06 the
074,a06-051-07-00 middle
074,a06-051-07-01 of
074,a06-051-07-02 the
074,a06-051-07-03 amazing
074,a06-051-07-04 scene
074,a06-051-08-00 waved
074,a06-051-08-01 his
074,a06-051-08-02 hand
074,a06-051-08-03 at
074,a06-051-08-05 Fell
