289,f07-028b-00-00 When
289,f07-028b-00-02 however
289,f07-028b-00-04 the
289,f07-028b-00-05 Greeks
289,f07-028b-00-06 did
289,f07-028b-00-07 learn
289,f07-028b-00-08 the
289,f07-028b-01-00 art
289,f07-028b-01-01 of
289,f07-028b-01-02 making
289,f07-028b-01-05 from
289,f07-028b-02-00 the
289,f07-028b-02-03 their
289,f07-028b-02-04 cookery
289,f07-028b-02-05 made
289,f07-028b-02-06 rapid
289,f07-028b-03-02 because
289,f07-028b-03-03 they
289,f07-028b-03-04 were
289,f07-028b-03-05 men
289,f07-028b-03-06 of
289,f07-028b-03-07 taste
289,f07-028b-04-00 and
289,f07-028b-04-06 in
289,f07-028b-05-00 the
289,f07-028b-05-02 of
289,f07-028b-05-03 the
289,f07-028b-05-04 ancient
289,f07-028b-05-05 world
289,f07-028b-05-06 was
289,f07-028b-05-07 the
289,f07-028b-06-00 fact
289,f07-028b-06-01 that
289,f07-028b-06-02 they
289,f07-028b-06-03 did
289,f07-028b-06-04 not
289,f07-028b-06-05 confine
289,f07-028b-06-06 the
289,f07-028b-07-00 of
289,f07-028b-07-01 the
289,f07-028b-07-02 table
289,f07-028b-07-03 to
289,f07-028b-07-04 the
289,f07-028b-07-06 of
289,f07-028b-07-07 one
289,f07-028b-08-00 sense
289,f07-028b-08-01 alone
289,f07-028b-08-03 Having
289,f07-028b-08-05 their
289,f07-028b-09-00 in
289,f07-028b-09-01 the
289,f07-028b-09-03 of
289,f07-028b-09-05 for
289,f07-028b-09-06 the
289,f07-028b-10-00 palate
289,f07-028b-10-02 they
289,f07-028b-10-03 broke
289,f07-028b-10-04 fresh
289,f07-028b-10-05 ground
289,f07-028b-10-06 and
289,f07-028b-10-07 called
289,f07-028b-11-00 another
289,f07-028b-11-01 sense
289,f07-028b-11-02 to
289,f07-028b-11-03 their
289,f07-028b-11-04 aid
289,f07-032b-00-00 By
289,f07-032b-00-03 of
289,f07-032b-00-04 odours
289,f07-032b-00-05 and
289,f07-032b-01-03 these
289,f07-032b-01-04 refined
289,f07-032b-02-00 aroused
289,f07-032b-02-01 the
289,f07-032b-02-04 and
289,f07-032b-02-05 added
289,f07-032b-03-00 more
289,f07-032b-03-02 and
289,f07-032b-03-05 to
289,f07-032b-04-00 the
289,f07-032b-04-01 grosser
289,f07-032b-04-03 of
289,f07-032b-04-04 the
289,f07-032b-04-05 board
289,f07-032b-04-07 The
289,f07-032b-05-01 of
289,f07-032b-05-02 the
289,f07-032b-05-03 sense
289,f07-032b-05-04 of
289,f07-032b-05-06 was
289,f07-032b-06-00 subject
289,f07-032b-06-01 of
289,f07-032b-06-02 no
289,f07-032b-06-03 little
289,f07-032b-06-05 to
289,f07-032b-06-06 the
289,f07-032b-06-07 Romans
289,f07-032b-07-00 They
289,f07-032b-07-02 flowers
289,f07-032b-07-03 as
289,f07-032b-07-04 forming
289,f07-032b-07-06 very
289,f07-032b-08-01 article
289,f07-032b-08-02 in
289,f07-032b-08-03 their
289,f07-032b-08-04 festal
289,f07-032b-09-00 and
289,f07-032b-09-01 it
289,f07-032b-09-02 is
289,f07-032b-09-03 the
289,f07-032b-09-04 opinion
289,f07-032b-09-05 of
289,f07-032b-09-06 Bassius
289,f07-032b-09-07 that
289,f07-032b-10-00 at
289,f07-032b-10-01 their
289,f07-032b-10-03 the
289,f07-032b-10-04 number
289,f07-032b-10-05 of
289,f07-032b-10-06 flowers
289,f07-032b-11-00 far
289,f07-032b-11-02 the
289,f07-032b-11-03 number
289,f07-032b-11-04 of
289,f07-032b-11-05 fruits
289,f07-036-00-00 When
289,f07-036-00-01 Nero
289,f07-036-00-02 supped
289,f07-036-00-03 in
289,f07-036-00-05 his
289,f07-036-00-06 Golden
289,f07-036-00-07 House
289,f07-036-01-01 mingled
289,f07-036-01-02 shower
289,f07-036-01-03 of
289,f07-036-01-04 flowers
289,f07-036-01-05 and
289,f07-036-01-06 odorous
289,f07-036-02-01 fell
289,f07-036-02-02 upon
289,f07-036-02-03 him
289,f07-036-02-05 and
289,f07-036-02-06 one
289,f07-036-02-07 of
289,f07-036-02-08 the
289,f07-036-03-01 of
289,f07-036-03-03 was
289,f07-036-03-04 to
289,f07-036-04-00 smother
289,f07-036-04-01 his
289,f07-036-04-03 with
289,f07-036-04-04 flowers
289,f07-036-04-06 Nor
289,f07-036-04-07 was
289,f07-036-05-00 it
289,f07-036-05-02 as
289,f07-036-05-03 an
289,f07-036-05-04 object
289,f07-036-05-05 of
289,f07-036-05-06 luxury
289,f07-036-05-07 that
289,f07-036-05-08 the
289,f07-036-06-01 made
289,f07-036-06-02 use
289,f07-036-06-03 of
289,f07-036-06-04 flowers
289,f07-036-06-06 they
289,f07-036-06-07 were
289,f07-036-07-01 to
289,f07-036-07-02 possess
289,f07-036-07-04 and
289,f07-039b-00-01 to
289,f07-039b-00-02 Pliny
289,f07-039b-00-04 and
289,f07-039b-00-05 others
289,f07-039b-00-07 certain
289,f07-039b-01-00 herbs
289,f07-039b-01-01 and
289,f07-039b-01-02 flowers
289,f07-039b-01-03 proved
289,f07-039b-01-04 of
289,f07-039b-02-00 power
289,f07-039b-02-01 in
289,f07-039b-02-03 the
289,f07-039b-02-05 of
289,f07-039b-03-00 ebriety
289,f07-039b-03-02 or
289,f07-039b-03-04 as
289,f07-039b-03-05 Bassius
289,f07-039b-03-06 less
289,f07-039b-03-07 clearly
289,f07-039b-04-01 it
289,f07-039b-04-03 in
289,f07-039b-04-05 the
289,f07-039b-05-00 of
289,f07-039b-05-01 the
289,f07-039b-05-02 brain
289,f07-039b-05-04 It
289,f07-039b-05-05 is
289,f07-039b-05-06 said
289,f07-039b-05-07 that
289,f07-039b-05-08 there
289,f07-039b-05-09 is
289,f07-039b-06-00 nothing
289,f07-039b-06-01 new
289,f07-039b-06-02 under
289,f07-039b-06-03 the
289,f07-039b-06-04 sun
289,f07-039b-06-06 but
289,f07-039b-07-01 the
289,f07-039b-08-02 certain
289,f07-039b-08-03 measure
289,f07-039b-08-04 of
289,f07-039b-08-05 novelty
289,f07-042b-00-00 In
289,f07-042b-00-01 China
289,f07-042b-00-03 for
289,f07-042b-00-06 dried
289,f07-042b-00-07 rats
289,f07-042b-00-08 are
289,f07-042b-01-04 The
289,f07-042b-01-05 visitor
289,f07-042b-01-06 is
289,f07-042b-01-07 told
289,f07-042b-02-00 that
289,f07-042b-02-01 they
289,f07-042b-02-02 restore
289,f07-042b-02-03 the
289,f07-042b-02-04 hair
289,f07-042b-02-05 of
289,f07-042b-02-06 the
289,f07-042b-02-07 bald
289,f07-042b-03-00 and
289,f07-042b-03-01 that
289,f07-042b-03-03 stewed
289,f07-042b-03-04 black
289,f07-042b-03-05 rat
289,f07-042b-03-06 will
289,f07-042b-03-07 ward
289,f07-042b-04-00 off
289,f07-042b-04-02 fever
289,f07-042b-04-05 number
289,f07-042b-04-06 of
289,f07-042b-05-00 white
289,f07-042b-05-01 mice
289,f07-042b-05-02 served
289,f07-042b-05-03 alive
289,f07-042b-05-05 dipped
289,f07-042b-05-06 in
289,f07-042b-05-07 treacle
289,f07-042b-06-00 and
289,f07-042b-06-02 like
289,f07-042b-06-04 prairie
289,f07-042b-06-05 oyster
289,f07-042b-06-06 is
289,f07-042b-07-02 piece
289,f07-042b-07-03 of
