515,m01-115-00-01 Now
515,m01-115-00-03 to
515,m01-115-00-05 what
515,m01-115-00-07 think
515,m01-115-00-08 our
515,m01-115-01-00 course
515,m01-115-01-01 of
515,m01-115-01-02 action
515,m01-115-01-03 should
515,m01-115-01-04 be
515,m01-115-01-06 First
515,m01-115-01-08 to
515,m01-115-01-09 avoid
515,m01-115-01-10 the
515,m01-115-02-00 Thetans
515,m01-115-02-01 like
515,m01-115-02-02 the
515,m01-115-02-03 plague
515,m01-115-02-05 for
515,m01-115-02-06 they
515,m01-115-02-07 must
515,m01-115-02-08 not
515,m01-115-03-00 find
515,m01-115-03-01 us
515,m01-115-03-02 out
515,m01-115-03-04 Second
515,m01-115-03-06 to
515,m01-115-03-07 tread
515,m01-115-03-08 pretty
515,m01-115-03-09 warily
515,m01-115-04-00 among
515,m01-115-04-01 our
515,m01-115-04-02 own
515,m01-115-04-03 people
515,m01-115-04-05 finding
515,m01-115-04-06 out
515,m01-115-04-07 just
515,m01-115-04-08 how
515,m01-115-05-00 much
515,m01-115-05-01 freedom
515,m01-115-05-02 we
515,m01-115-05-03 can
515,m01-115-05-04 take
515,m01-115-05-05 with
515,m01-115-05-06 safety
515,m01-115-06-00 And
515,m01-115-06-01 third
515,m01-115-06-03 to
515,m01-115-06-04 study
515,m01-115-06-05 these
515,m01-115-06-06 damned
515,m01-115-06-07 Thetans
515,m01-115-07-00 We
515,m01-115-07-01 must
515,m01-115-07-02 learn
515,m01-115-07-03 all
515,m01-115-07-04 we
515,m01-115-07-05 can
515,m01-115-07-06 about
515,m01-115-08-00 them
