049,a03-034-00-00 Members
049,a03-034-00-01 of
049,a03-034-00-02 the
049,a03-034-00-03 Cabinet
049,a03-034-00-04 are
049,a03-034-00-05 basing
049,a03-034-00-06 their
049,a03-034-00-08 on
049,a03-034-01-01 new
049,a03-034-01-03 booklet
049,a03-034-01-04 called
049,a03-034-01-05 The
049,a03-034-01-06 Record
049,a03-034-01-07 Speaks
049,a03-034-02-00 which
049,a03-034-02-02 in
049,a03-034-02-03 some
049,a03-034-02-04 detail
049,a03-034-02-05 the
049,a03-034-03-00 of
049,a03-034-03-01 the
049,a03-034-03-02 party
049,a03-034-03-03 since
049,a03-034-03-04 it
049,a03-034-03-05 came
049,a03-034-03-06 to
049,a03-034-03-07 office
049,a03-034-03-08 three
049,a03-034-03-09 and
049,a03-034-04-01 half
049,a03-034-04-02 years
049,a03-034-04-03 ago
049,a03-034-04-06 there
049,a03-034-04-07 is
049,a03-034-04-08 little
049,a03-034-05-01 in
049,a03-034-05-02 the
049,a03-034-05-04 Party
049,a03-034-05-05 that
049,a03-034-05-06 their
049,a03-034-06-00 stock
049,a03-034-06-01 at
049,a03-034-06-02 home
049,a03-034-06-03 has
049,a03-034-06-04 fallen
049,a03-034-06-05 in
049,a03-034-06-06 the
049,a03-034-06-07 face
049,a03-034-06-08 of
049,a03-034-07-00 heavy
049,a03-034-07-02 and
049,a03-034-07-03 an
049,a03-034-07-05 economy
