537,m03-013-00-04 Lord
537,m03-013-00-06 said
537,m03-013-00-08 gazing
537,m03-013-01-00 on
537,m03-013-01-01 the
537,m03-013-01-02 cosmic
537,m03-013-01-06 All
537,m03-013-01-07 those
537,m03-013-01-08 stars
537,m03-013-01-10 But
537,m03-013-02-01 bit
537,m03-013-02-03 tonight
537,m03-013-02-05 Trout
537,m03-013-02-09 got
537,m03-013-02-11 queer
537,m03-013-03-00 feeling
537,m03-013-03-02 like
537,m03-013-03-04 always
537,m03-013-03-05 get
537,m03-013-03-06 when
537,m03-013-04-02 going
537,m03-013-04-03 to
537,m03-013-04-04 happen
537,m03-013-04-06 There
537,m03-013-04-08 things
537,m03-013-04-09 lurking
537,m03-013-05-00 if
537,m03-013-05-01 you
537,m03-013-05-02 ask
537,m03-013-05-03 me
537,m03-013-05-05 Might
537,m03-013-05-06 be
537,m03-013-05-07 jaguar
537,m03-013-05-09 might
537,m03-013-05-10 be
