251,f01-066-00-00 And
251,f01-066-00-01 then
251,f01-066-00-02 you
251,f01-066-00-03 get
251,f01-066-00-05 knock
251,f01-066-00-06 on
251,f01-066-00-07 the
251,f01-066-00-08 head
251,f01-066-00-09 and
251,f01-066-00-10 all
251,f01-066-00-12 of
251,f01-066-01-01 mind
251,f01-066-01-05 at
251,f01-066-01-06 any
251,f01-066-01-07 rate
251,f01-066-01-08 for
251,f01-066-01-09 some
251,f01-066-01-10 time
251,f01-066-01-12 It
251,f01-066-01-13 seems
251,f01-066-01-14 very
251,f01-066-02-00 to
251,f01-066-02-01 detach
251,f01-066-02-02 the
251,f01-066-02-03 mind
251,f01-066-02-04 from
251,f01-066-02-05 the
251,f01-066-02-06 brain
251,f01-066-02-08 and
251,f01-066-02-09 all
251,f01-066-02-10 the
251,f01-066-03-01 and
251,f01-066-03-04 points
251,f01-066-03-05 to
251,f01-066-03-07 very
251,f01-066-04-00 close
251,f01-066-04-03 There
251,f01-066-04-04 is
251,f01-066-04-06 lot
251,f01-066-04-07 to
251,f01-066-04-08 be
251,f01-066-04-09 said
251,f01-066-04-10 for
251,f01-066-04-11 keeping
251,f01-066-04-12 the
251,f01-066-05-00 word
251,f01-066-05-02 soul
251,f01-066-05-04 to
251,f01-066-05-05 stand
251,f01-066-05-06 for
251,f01-066-05-07 what
251,f01-066-05-08 many
251,f01-066-05-09 believe
251,f01-066-05-10 to
251,f01-066-05-11 be
251,f01-066-05-12 the
251,f01-066-06-00 essence
251,f01-066-06-01 of
251,f01-066-06-03 man
251,f01-066-06-04 which
251,f01-066-06-05 is
251,f01-066-06-07 to
251,f01-066-06-08 persist
251,f01-066-06-09 apart
251,f01-066-06-10 from
251,f01-066-07-00 the
251,f01-066-07-01 body
251,f01-066-07-03 and
251,f01-066-07-04 to
251,f01-066-07-05 reserve
251,f01-066-07-06 the
251,f01-066-07-07 more
251,f01-066-07-08 prosaic
251,f01-066-07-09 word
251,f01-066-07-11 mind
251,f01-066-07-13 for
251,f01-066-08-00 the
251,f01-066-08-01 basis
251,f01-066-08-02 of
251,f01-066-08-03 all
251,f01-066-08-04 those
251,f01-066-08-06 and
251,f01-066-08-08 which
251,f01-066-09-00 are
251,f01-066-09-01 clearly
251,f01-066-09-03 with
251,f01-066-09-04 the
251,f01-066-09-05 brain
