102,b03-087-00-00 The
102,b03-087-00-02 he
102,b03-087-00-04 must
102,b03-087-00-05 be
102,b03-087-00-06 given
102,b03-087-00-07 at
102,b03-087-00-08 least
102,b03-087-00-09 two
102,b03-087-00-10 days
102,b03-087-00-11 before
102,b03-087-00-12 the
102,b03-087-01-01 is
102,b03-087-01-02 signed
102,b03-087-01-04 To
102,b03-087-01-05 this
102,b03-087-01-06 there
102,b03-087-01-07 will
102,b03-087-01-08 be
102,b03-087-01-09 some
102,b03-087-01-12 The
102,b03-087-01-13 Bill
102,b03-087-01-14 is
102,b03-087-02-00 short
102,b03-087-02-01 and
102,b03-087-02-02 modest
102,b03-087-02-03 in
102,b03-087-02-04 scope
102,b03-087-02-06 and
102,b03-087-02-07 it
102,b03-087-02-08 is
102,b03-087-02-10 whether
102,b03-087-02-11 the
102,b03-087-02-12 other
102,b03-087-02-13 Private
102,b03-087-03-01 Bills
102,b03-087-03-02 in
102,b03-087-03-03 the
102,b03-087-03-04 offing
102,b03-087-03-05 will
102,b03-087-03-06 fill
102,b03-087-03-07 all
102,b03-087-03-08 the
102,b03-087-03-09 gaps
102,b03-087-03-11 This
102,b03-087-03-12 fact
102,b03-087-03-13 may
102,b03-087-03-14 give
102,b03-087-04-00 the
102,b03-087-04-02 an
102,b03-087-04-03 extra
102,b03-087-04-04 excuse
102,b03-087-04-05 for
102,b03-087-04-08 until
102,b03-087-04-09 the
102,b03-087-05-00 next
102,b03-087-05-01 report
102,b03-087-05-02 from
102,b03-087-05-03 the
102,b03-087-05-04 Molony
102,b03-092-00-02 is
102,b03-092-00-06 They
102,b03-092-00-07 should
102,b03-092-00-08 not
102,b03-092-01-00 however
102,b03-092-01-02 disdain
102,b03-092-01-03 this
102,b03-092-01-05 of
102,b03-092-01-08 useful
102,b03-092-01-09 sample
102,b03-092-01-10 of
102,b03-092-02-01 opinion
102,b03-092-02-02 by
102,b03-092-02-03 at
102,b03-092-02-04 least
102,b03-092-02-06 these
102,b03-092-02-07 Bills
102,b03-092-02-09 fair
102,b03-092-02-10 run
102,b03-092-03-04 The
102,b03-092-03-05 fight
102,b03-092-03-06 is
102,b03-092-03-07 on
102,b03-092-03-09 The
102,b03-092-03-11 has
102,b03-092-03-12 behind
102,b03-092-04-00 it
102,b03-092-04-01 not
102,b03-092-04-02 only
102,b03-092-04-03 the
102,b03-092-04-05 of
102,b03-092-04-06 the
102,b03-092-04-08 of
102,b03-092-04-09 STATE
102,b03-092-04-10 for
102,b03-092-04-11 AIR
102,b03-092-05-00 but
102,b03-092-05-01 also
102,b03-092-05-02 the
102,b03-092-05-03 backing
102,b03-092-05-04 of
102,b03-092-05-05 the
102,b03-092-05-07 GENERAL
102,b03-092-05-08 of
102,b03-092-05-09 the
102,b03-092-06-00 logical
102,b03-092-06-01 Office
