527,m02-075-00-00 Know
527,m02-075-00-01 how
527,m02-075-00-02 he
527,m02-075-00-03 did
527,m02-075-00-04 it
527,m02-075-00-06 He
527,m02-075-00-08 clever
527,m02-075-00-09 on
527,m02-075-01-00 the
527,m02-075-01-03 So
527,m02-075-01-04 when
527,m02-075-01-05 he
527,m02-075-01-06 visited
527,m02-075-01-07 some
527,m02-075-02-01 on
527,m02-075-02-02 Face
527,m02-075-02-04 ours
527,m02-075-02-05 is
527,m02-075-02-06 an
527,m02-075-03-01 area
527,m02-075-03-03 the
527,m02-075-03-04 cry
527,m02-075-03-05 would
527,m02-075-03-06 go
527,m02-075-03-07 up
527,m02-075-04-00 as
527,m02-075-04-01 soon
527,m02-075-04-02 as
527,m02-075-04-03 he
527,m02-075-04-04 had
527,m02-075-04-05 spoken
527,m02-075-04-07 few
527,m02-075-05-01 of
527,m02-075-05-02 his
527,m02-075-05-03 speech
527,m02-075-05-06 Cut
527,m02-075-05-07 the
527,m02-075-06-02 Lester
527,m02-075-06-04 give
527,m02-075-06-05 us
527,m02-075-06-07 on
527,m02-075-07-00 your
527,m02-106-00-00 But
527,m02-106-00-01 since
527,m02-106-00-04 would
527,m02-106-00-05 depend
527,m02-106-00-06 on
527,m02-106-00-07 grade
527,m02-106-01-00 or
527,m02-106-01-02 in
527,m02-106-01-03 the
527,m02-106-01-04 finals
527,m02-106-01-05 next
527,m02-106-01-06 May
527,m02-106-01-08 and
527,m02-106-01-09 since
527,m02-106-01-10 mating
527,m02-106-02-01 would
527,m02-106-02-02 depend
527,m02-106-02-03 upon
527,m02-106-02-07 for
527,m02-106-03-00 these
527,m02-106-03-01 fine
527,m02-106-03-02 young
527,m02-106-03-03 people
527,m02-106-03-04 was
527,m02-106-03-05 closely
527,m02-106-03-06 geared
527,m02-106-03-07 to
527,m02-106-04-01 and
527,m02-106-04-03 ends
527,m02-106-04-04 which
527,m02-106-05-00 were
527,m02-106-05-01 really
527,m02-106-05-02 means
527,m02-106-05-04 So
527,m02-106-05-06 seeing
527,m02-106-05-07 them
527,m02-106-05-08 revolve
527,m02-106-05-09 in
527,m02-106-06-00 circles
527,m02-106-06-02 Harry
527,m02-106-06-03 had
527,m02-106-06-04 the
527,m02-106-06-05 feeling
527,m02-106-06-06 that
527,m02-106-06-07 Moke
527,m02-106-06-09 or
527,m02-106-06-10 what
527,m02-106-07-00 Moke
527,m02-106-07-02 or
527,m02-106-08-00 way
527,m02-106-08-01 in
527,m02-106-08-03 mind
527,m02-106-08-05 had
527,m02-106-08-06 these
527,m02-106-08-08 young
527,m02-106-09-00 people
527,m02-106-09-01 by
527,m02-106-09-02 the
527,m02-106-09-03 short
527,m02-106-09-04 hairs
527,m02-106-09-06 and
527,m02-106-09-07 was
527,m02-106-09-09 them
