645,r02-070-00-00 Cecil
645,r02-070-00-01 frowned
645,r02-070-00-02 in
645,r02-070-00-04 as
645,r02-070-00-05 he
645,r02-070-00-07 upon
645,r02-070-00-08 the
645,r02-070-01-01 to
645,r02-070-01-02 find
645,r02-070-01-03 no
645,r02-070-01-06 no
645,r02-070-01-09 in
645,r02-070-01-10 fact
645,r02-070-01-11 no
645,r02-070-01-12 five
645,r02-070-01-13 pound
645,r02-070-01-14 notes
645,r02-070-02-00 at
645,r02-070-02-01 all
645,r02-070-02-03 He
645,r02-070-02-04 was
645,r02-070-02-05 holding
645,r02-070-02-07 paper
645,r02-070-02-08 booklet
645,r02-070-02-10 the
645,r02-070-02-11 top
645,r02-070-02-12 sheet
645,r02-070-02-13 of
645,r02-070-02-14 which
645,r02-070-03-00 bore
645,r02-070-03-02 in
645,r02-070-03-03 large
645,r02-070-03-05 type
645,r02-070-03-07 the
645,r02-070-03-08 words
645,r02-070-05-00 COURSE
645,r02-070-05-04 He
645,r02-070-05-05 ruffled
645,r02-070-05-06 the
645,r02-070-05-07 sheets
645,r02-070-05-09 and
645,r02-070-06-01 at
645,r02-070-06-02 his
645,r02-070-06-03 own
645,r02-070-06-04 breach
645,r02-070-06-05 of
645,r02-070-06-06 social
