237,e04-068-00-01 have
237,e04-068-00-02 also
237,e04-068-00-05 sketch
237,e04-068-00-06 of
237,e04-068-00-07 paddles
237,e04-068-00-09 make
237,e04-068-00-10 for
237,e04-068-01-00 rowing
237,e04-068-01-01 this
237,e04-068-01-02 dinghy
237,e04-068-01-08 They
237,e04-068-01-09 are
237,e04-068-01-10 very
237,e04-068-01-11 simple
237,e04-068-01-13 cheap
237,e04-068-02-00 and
237,e04-068-02-01 easy
237,e04-068-02-02 to
237,e04-068-02-03 make
237,e04-068-02-05 As
237,e04-068-02-06 will
237,e04-068-02-07 be
237,e04-068-02-08 seen
237,e04-068-02-09 from
237,e04-068-02-10 the
237,e04-068-02-11 plan
237,e04-068-03-00 there
237,e04-068-03-01 is
237,e04-068-03-02 only
237,e04-068-03-04 single
237,e04-068-03-05 gunwale
237,e04-068-03-06 on
237,e04-068-03-07 the
237,e04-068-03-08 outside
237,e04-068-04-01 find
237,e04-068-04-02 that
237,e04-068-04-03 the
237,e04-068-04-04 type
237,e04-068-04-05 of
237,e04-068-04-06 rowlock
237,e04-068-04-07 we
237,e04-068-04-08 use
237,e04-068-04-09 in
237,e04-068-04-10 Canada
237,e04-068-05-00 is
237,e04-068-05-02 to
237,e04-068-05-03 obtain
237,e04-068-05-04 here
237,e04-068-05-05 and
237,e04-068-06-00 this
237,e04-068-06-01 in
237,e04-068-06-02 another
237,e04-068-06-03 way
237,e04-068-06-04 as
237,e04-068-06-05 shown
237,e04-068-06-06 in
237,e04-062-00-00 This
237,e04-062-00-01 is
237,e04-062-00-02 hot
237,e04-062-00-03 pressed
237,e04-062-00-04 and
237,e04-062-00-05 resin
237,e04-062-00-06 bonded
237,e04-062-00-07 to
237,e04-062-00-08 ensure
237,e04-062-01-02 water
237,e04-062-01-03 proof
237,e04-062-01-04 glue
237,e04-062-01-05 line
237,e04-062-01-07 Be
237,e04-062-01-08 sure
237,e04-062-01-09 to
237,e04-062-02-00 see
237,e04-062-02-01 that
237,e04-062-02-02 the
237,e04-062-02-03 edge
237,e04-062-02-04 bears
237,e04-062-02-05 the
237,e04-062-02-06 mark
237,e04-062-03-00 This
237,e04-062-03-01 may
237,e04-062-03-02 be
237,e04-062-03-03 bought
237,e04-062-03-04 at
237,e04-062-03-05 any
237,e04-062-03-06 good
237,e04-062-03-07 timber
237,e04-062-04-00 The
237,e04-062-04-02 can
237,e04-062-04-03 be
237,e04-062-04-04 made
237,e04-062-04-05 of
237,e04-062-04-06 any
237,e04-062-04-07 sound
237,e04-062-05-00 wood
237,e04-062-05-01 of
237,e04-062-05-02 the
237,e04-062-05-03 same
237,e04-062-05-04 make
237,e04-062-05-06 or
237,e04-062-05-07 oak
237,e04-062-05-08 or
237,e04-062-05-11 For
237,e04-062-05-12 the
237,e04-062-06-00 last
237,e04-062-06-01 one
237,e04-062-06-03 made
237,e04-062-06-06 used
237,e04-062-06-07 the
237,e04-062-06-08 two
237,e04-062-06-09 flaps
237,e04-062-06-10 from
237,e04-062-06-11 an
237,e04-062-06-12 old
237,e04-062-07-01 table
237,e04-062-07-02 which
237,e04-062-07-04 bought
237,e04-062-07-05 at
237,e04-062-07-07 sale
237,e04-062-07-08 for
237,e04-062-07-09 one
