628,p03-158-00-00 If
628,p03-158-00-01 it
628,p03-158-00-02 is
628,p03-158-00-05 she
628,p03-158-00-06 laughed
628,p03-158-00-10 you
628,p03-158-00-11 can
628,p03-158-00-12 have
628,p03-158-01-00 your
628,p03-158-01-01 ring
628,p03-158-01-02 back
628,p03-158-01-05 She
628,p03-158-01-07 the
628,p03-158-01-09 of
628,p03-158-02-01 on
628,p03-158-02-02 her
628,p03-158-02-03 left
628,p03-158-02-04 hand
628,p03-158-02-05 third
628,p03-158-02-06 finger
628,p03-158-02-07 and
628,p03-158-02-08 held
628,p03-158-02-09 it
628,p03-158-03-00 out
628,p03-158-03-01 to
628,p03-158-03-02 him
628,p03-158-03-04 still
628,p03-158-03-07 Without
628,p03-158-03-09 glimmer
628,p03-158-04-00 of
628,p03-158-04-02 in
628,p03-158-04-03 his
628,p03-158-04-04 own
628,p03-158-04-05 eyes
628,p03-158-04-07 however
628,p03-158-04-09 he
628,p03-158-04-10 took
628,p03-158-05-00 it
628,p03-158-05-02 looking
628,p03-158-05-03 moodily
628,p03-158-05-04 beyond
628,p03-158-05-05 her
628,p03-158-05-08 Perhaps
628,p03-158-05-09 it
628,p03-158-05-11 as
628,p03-158-06-00 well
628,p03-158-06-01 if
628,p03-158-06-02 you
628,p03-158-06-04 wear
628,p03-158-06-05 it
628,p03-158-06-06 for
628,p03-158-06-08 bit
628,p03-158-06-10 Di
628,p03-158-06-13 he
628,p03-158-07-00 told
628,p03-158-07-01 her
