651,r02-117-00-00 Cecil
651,r02-117-00-01 stepped
651,r02-117-00-02 towards
651,r02-117-00-03 the
651,r02-117-00-04 dining
651,r02-117-00-05 room
651,r02-117-01-00 sure
651,r02-117-01-01 you
651,r02-117-01-02 must
651,r02-117-01-03 be
651,r02-117-01-04 tired
651,r02-117-01-07 his
651,r02-117-01-08 mother
651,r02-117-02-01 You
651,r02-117-02-03 very
651,r02-117-02-06 anyway
651,r02-117-02-12 NOT
651,r02-117-02-13 tired
651,r02-117-03-00 and
651,r02-117-03-03 NOT
651,r02-117-03-08 Very
651,r02-117-03-09 well
651,r02-117-03-10 then
651,r02-117-03-13 His
651,r02-117-04-00 mother
651,r02-117-04-01 nodded
651,r02-117-04-02 with
651,r02-117-04-06 You
651,r02-117-04-08 not
651,r02-117-04-09 tired
651,r02-117-05-00 Nobody
651,r02-117-05-02 tired
651,r02-117-05-04 Now
651,r02-117-05-05 just
651,r02-117-05-06 you
651,r02-117-05-07 run
651,r02-117-05-08 along
651,r02-117-06-01 and
651,r02-117-06-02 wash
651,r02-117-06-03 your
651,r02-117-06-04 hands
651,r02-117-06-05 whilst
651,r02-117-06-07 get
651,r02-117-07-00 dinner
651,r02-117-07-01 ready
