241,e04-099-00-00 Cut
241,e04-099-00-01 out
241,e04-099-00-02 the
241,e04-099-00-03 bottom
241,e04-099-00-04 and
241,e04-099-00-05 sides
241,e04-099-00-07 from
241,e04-099-00-08 the
241,e04-099-01-00 plan
241,e04-099-01-02 but
241,e04-099-01-03 leave
241,e04-099-01-05 margin
241,e04-099-01-06 for
241,e04-099-02-00 planing
241,e04-099-02-01 after
241,e04-099-02-02 fixing
241,e04-099-02-03 to
241,e04-099-02-04 the
241,e04-099-02-05 boat
241,e04-099-02-07 Use
241,e04-099-02-08 your
241,e04-099-02-09 two
241,e04-099-03-00 lengths
241,e04-099-03-01 of
241,e04-099-03-04 by
241,e04-099-03-07 ply
241,e04-099-03-08 for
241,e04-099-03-09 this
241,e04-099-04-00 purpose
241,e04-099-04-02 the
241,e04-099-04-03 sides
241,e04-099-04-04 from
241,e04-099-04-05 one
241,e04-099-04-07 and
241,e04-099-04-08 the
241,e04-099-04-09 bottom
241,e04-099-04-10 from
241,e04-099-05-00 the
241,e04-099-05-01 other
241,e04-099-05-03 If
241,e04-099-05-04 care
241,e04-099-05-05 is
241,e04-099-05-06 taken
241,e04-099-05-07 not
241,e04-099-05-08 to
241,e04-099-05-09 waste
241,e04-099-05-10 the
241,e04-099-06-00 ply
241,e04-099-06-02 plenty
241,e04-099-06-03 of
241,e04-099-06-05 is
241,e04-099-06-06 left
241,e04-099-06-07 over
241,e04-099-06-08 for
241,e04-099-06-09 the
241,e04-099-06-10 thwarts
241,e04-132-00-00 While
241,e04-132-00-01 these
241,e04-132-00-02 may
241,e04-132-00-04 be
241,e04-132-00-05 made
241,e04-132-00-06 into
241,e04-132-00-08 picture
241,e04-132-01-00 for
241,e04-132-01-01 framing
241,e04-132-01-02 and
241,e04-132-01-03 hanging
241,e04-132-01-04 on
241,e04-132-01-06 wall
241,e04-132-01-08 they
241,e04-132-01-09 may
241,e04-132-02-00 also
241,e04-132-02-01 be
241,e04-132-02-03 into
241,e04-132-02-05 design
241,e04-132-02-07 and
241,e04-132-02-08 the
241,e04-132-03-01 panel
241,e04-132-03-03 for
241,e04-132-03-06 useful
241,e04-132-04-00 article
241,e04-091-00-00 The
241,e04-091-00-01 chines
241,e04-091-00-02 are
241,e04-091-00-04 into
241,e04-091-00-05 this
241,e04-091-00-06 and
241,e04-091-00-07 butt
241,e04-091-00-08 up
241,e04-091-01-00 against
241,e04-091-01-01 the
241,e04-091-01-02 transom
241,e04-091-01-04 Start
241,e04-091-01-05 at
241,e04-091-01-06 the
241,e04-091-01-07 bow
241,e04-091-01-08 and
241,e04-091-02-00 spring
241,e04-091-02-01 them
241,e04-091-02-02 both
241,e04-091-02-03 at
241,e04-091-02-04 the
241,e04-091-02-05 same
241,e04-091-02-06 time
241,e04-091-02-07 over
241,e04-091-02-08 the
241,e04-091-03-00 slots
241,e04-091-03-01 cut
241,e04-091-03-02 in
241,e04-091-03-03 the
241,e04-091-03-04 moulds
241,e04-091-03-05 and
241,e04-091-03-06 into
241,e04-091-03-07 the
241,e04-091-03-08 notches
241,e04-091-04-00 cut
241,e04-091-04-01 for
241,e04-091-04-02 this
241,e04-091-04-03 purpose
241,e04-091-04-04 in
241,e04-091-04-05 the
241,e04-091-04-06 stern
241,e04-091-04-07 or
241,e04-091-04-08 after
241,e04-091-05-00 transom
241,e04-091-05-01 framing
241,e04-091-05-03 Glue
241,e04-091-05-05 screw
241,e04-091-05-06 and
241,e04-091-05-07 make
241,e04-091-05-08 fast
241,e04-095-00-00 The
241,e04-095-00-02 of
241,e04-095-00-03 the
241,e04-095-00-04 boat
241,e04-095-00-05 will
241,e04-095-00-06 now
241,e04-095-00-07 take
241,e04-095-00-08 shape
241,e04-095-01-00 and
241,e04-095-01-01 this
241,e04-095-01-02 is
241,e04-095-01-03 the
241,e04-095-01-04 time
241,e04-095-01-05 to
241,e04-095-01-06 check
241,e04-095-01-07 before
241,e04-095-01-08 making
241,e04-095-01-09 fast
241,e04-095-02-00 to
241,e04-095-02-01 see
241,e04-095-02-02 that
241,e04-095-02-03 nothing
241,e04-095-02-04 is
241,e04-095-02-07 Ensure
241,e04-095-02-08 that
241,e04-095-03-00 the
241,e04-095-03-01 outside
241,e04-095-03-03 from
241,e04-095-03-04 transom
241,e04-095-03-05 to
241,e04-095-03-06 transom
241,e04-095-04-00 are
241,e04-095-04-01 equal
241,e04-095-04-02 on
241,e04-095-04-03 each
241,e04-095-04-04 side
241,e04-095-04-05 and
241,e04-095-04-06 that
241,e04-095-04-07 the
241,e04-095-05-00 are
241,e04-095-05-04 Next
241,e04-095-05-05 bevel
241,e04-095-05-06 the
241,e04-095-05-07 chines
241,e04-095-06-00 with
241,e04-095-06-02 plane
241,e04-095-06-03 so
241,e04-095-06-04 that
241,e04-095-06-05 the
241,e04-095-06-06 bottom
241,e04-095-06-07 will
241,e04-095-06-08 fit
241,e04-095-06-09 snugly
