222,e02-025-00-00 Note
222,e02-025-00-01 that
222,e02-025-00-02 squared
222,e02-025-00-03 lines
222,e02-025-00-04 marking
222,e02-025-01-00 the
222,e02-025-01-01 top
222,e02-025-01-02 member
222,e02-025-01-03 of
222,e02-025-01-04 the
222,e02-025-01-05 toe
222,e02-025-01-06 are
222,e02-025-02-00 needed
222,e02-025-02-01 as
222,e02-025-02-02 well
222,e02-025-02-03 as
222,e02-025-02-04 the
222,e02-025-02-05 upper
222,e02-025-03-00 tent
222,e02-025-03-01 of
222,e02-025-03-02 the
222,e02-025-03-03 taper
222,e02-025-03-05 and
222,e02-025-03-06 in
222,e02-025-04-00 this
222,e02-025-04-01 case
222,e02-025-04-02 it
222,e02-025-04-03 is
222,e02-025-04-05 to
222,e02-025-05-00 mark
222,e02-025-05-01 in
222,e02-025-05-02 the
222,e02-025-05-03 line
222,e02-025-05-04 of
222,e02-025-05-05 the
222,e02-025-05-06 taper
222,e02-025-06-00 with
222,e02-025-06-01 pencil
222,e02-025-06-02 and
222,e02-025-07-00 as
222,e02-025-07-01 at
222,e02-025-07-10 saw
222,e02-025-07-11 cut
222,e02-025-07-12 is
222,e02-025-08-00 made
222,e02-025-08-01 at
222,e02-025-08-02 the
222,e02-025-08-03 upper
222,e02-025-08-04 toe
222,e02-025-08-05 line
222,e02-025-09-00 exactly
222,e02-025-09-01 down
222,e02-025-09-02 to
222,e02-025-09-03 the
222,e02-025-09-04 taper
222,e02-025-09-05 line
222,e02-025-10-00 no
222,e02-025-10-01 farther
