558,n01-057-00-01 set
558,n01-057-00-02 himself
558,n01-057-00-03 to
558,n01-057-00-05 the
558,n01-057-01-01 of
558,n01-057-01-02 the
558,n01-057-01-03 Bentley
558,n01-057-01-05 It
558,n01-057-01-06 had
558,n01-057-01-07 passed
558,n01-057-02-00 him
558,n01-057-02-01 at
558,n01-057-02-02 the
558,n01-057-02-04 bridge
558,n01-057-02-05 over
558,n01-057-02-06 the
558,n01-057-03-00 Tartaro
558,n01-057-03-01 at
558,n01-057-03-03 few
558,n01-057-03-04 minutes
558,n01-057-03-05 past
558,n01-057-03-06 ten
558,n01-057-03-07 on
558,n01-057-03-08 the
558,n01-057-04-01 night
558,n01-057-04-03 He
558,n01-057-04-04 worked
558,n01-057-04-05 out
558,n01-057-04-06 the
558,n01-057-05-00 on
558,n01-057-05-01 the
558,n01-057-05-03 that
558,n01-057-05-04 its
558,n01-057-05-05 route
558,n01-057-05-06 had
558,n01-057-05-07 been
558,n01-057-06-00 through
558,n01-057-06-02 and
558,n01-057-06-03 Rome
558,n01-057-06-04 and
558,n01-057-06-05 then
558,n01-057-07-00 across
558,n01-057-07-01 Italy
558,n01-057-07-02 via
558,n01-057-07-03 Foggia
558,n01-057-07-04 to
558,n01-057-08-00 It
558,n01-057-08-01 came
558,n01-057-08-02 to
558,n01-057-08-03 just
558,n01-057-08-04 over
558,n01-057-08-05 six
558,n01-057-08-06 hundred
558,n01-057-09-00 miles
