314,g03-043-00-00 One
314,g03-043-00-01 of
314,g03-043-00-02 the
314,g03-043-00-04 was
314,g03-043-00-05 young
314,g03-043-01-00 George
314,g03-043-01-02 and
314,g03-043-01-03 another
314,g03-043-01-04 the
314,g03-043-02-00 little
314,g03-043-02-02 of
314,g03-043-02-03 Charlie
314,g03-043-02-04 Grant
314,g03-043-03-00 George
314,g03-043-03-01 often
314,g03-043-03-02 spoke
314,g03-043-03-03 at
314,g03-043-03-04 the
314,g03-043-03-05 Sunday
314,g03-043-03-06 school
314,g03-043-04-00 He
314,g03-043-04-02 the
314,g03-043-04-03 babies
314,g03-043-04-05 Also
314,g03-043-04-07 when
314,g03-043-05-00 called
314,g03-043-05-01 upon
314,g03-043-05-02 to
314,g03-043-05-03 do
314,g03-043-05-04 so
314,g03-043-05-06 he
314,g03-043-05-07 would
314,g03-043-06-00 at
314,g03-043-06-04 was
314,g03-043-06-05 one
314,g03-043-06-06 of
314,g03-043-06-07 his
314,g03-043-06-08 pet
314,g03-043-07-02 for
314,g03-043-07-03 being
314,g03-043-07-04 well
314,g03-043-08-00 with
314,g03-043-08-01 the
314,g03-043-08-02 Bible
314,g03-043-08-04 which
314,g03-043-08-05 he
314,g03-043-08-06 had
314,g03-043-09-00 read
314,g03-043-09-01 in
314,g03-043-09-02 prison
314,g03-043-09-03 where
314,g03-043-09-04 it
314,g03-043-09-05 was
314,g03-043-09-06 the
314,g03-043-10-00 only
314,g03-043-10-01 book
314,g03-043-10-02 they
314,g03-043-10-03 were
314,g03-043-10-04 allowed
