288,f07-019a-00-01 and
288,f07-019a-00-04 sated
288,f07-019a-00-05 by
288,f07-019a-00-06 the
288,f07-019a-01-01 of
288,f07-019a-01-02 dishes
288,f07-019a-01-03 from
288,f07-019a-01-04 those
288,f07-019a-01-05 mammoth
288,f07-019a-02-00 of
288,f07-019a-02-01 the
288,f07-019a-02-03 century
288,f07-019a-02-05 that
288,f07-019a-02-06 amazing
288,f07-019a-02-07 epoch
288,f07-019a-02-08 of
288,f07-019a-03-01 and
288,f07-019a-03-04 sought
288,f07-019a-03-06 at
288,f07-019a-03-07 last
288,f07-019a-03-08 from
288,f07-019a-04-00 the
288,f07-019a-04-01 dishes
288,f07-019a-04-02 of
288,f07-019a-04-03 the
288,f07-019a-04-04 country
288,f07-019a-04-06 and
288,f07-019a-04-08 instead
288,f07-019a-04-09 of
288,f07-019a-04-10 gorging
288,f07-019a-04-11 the
288,f07-019a-05-00 eye
288,f07-019a-05-01 with
288,f07-019a-05-04 began
288,f07-019a-05-05 to
288,f07-019a-05-07 the
288,f07-019a-05-08 value
288,f07-019a-05-09 of
288,f07-019a-06-02 and
288,f07-019a-06-06 though
288,f07-019a-07-01 their
288,f07-019a-07-03 meals
288,f07-019a-07-04 would
288,f07-019a-07-05 seem
288,f07-019a-07-06 quite
288,f07-021a-00-00 Does
288,f07-021a-00-01 one
288,f07-021a-00-03 however
288,f07-021a-00-05 know
288,f07-021a-00-06 who
288,f07-021a-00-07 first
288,f07-021a-00-08 thought
288,f07-021a-00-09 of
288,f07-021a-00-10 boiling
288,f07-021a-01-00 water
288,f07-021a-01-01 and
288,f07-021a-01-02 food
288,f07-021a-01-04 The
288,f07-021a-01-05 ancient
288,f07-021a-01-06 Britons
288,f07-021a-01-09 believe
288,f07-021a-01-11 used
288,f07-021a-01-12 to
288,f07-021a-02-00 make
288,f07-021a-02-01 water
288,f07-021a-02-02 hot
288,f07-021a-02-03 by
288,f07-021a-02-07 poker
288,f07-021a-02-08 into
288,f07-021a-02-09 it
288,f07-021a-03-00 because
288,f07-021a-03-01 their
288,f07-021a-03-02 pots
288,f07-021a-03-03 would
288,f07-021a-03-04 not
288,f07-021a-03-05 stand
288,f07-021a-03-06 fire
288,f07-021a-03-08 but
288,f07-021a-03-09 Jacob
288,f07-021a-04-00 must
288,f07-021a-04-01 have
288,f07-021a-04-02 had
288,f07-021a-04-03 one
288,f07-021a-04-04 that
288,f07-021a-04-05 would
288,f07-021a-04-07 because
288,f07-021a-04-08 Esau
288,f07-021a-04-09 sold
288,f07-021a-05-00 his
288,f07-021a-05-02 to
288,f07-021a-05-03 him
288,f07-021a-05-04 for
288,f07-021a-05-06 mess
288,f07-021a-05-07 of
288,f07-021a-05-08 pottage
288,f07-021a-05-10 and
288,f07-021a-06-00 then
288,f07-021a-06-01 we
288,f07-021a-06-02 hear
288,f07-021a-06-03 of
288,f07-021a-06-04 the
288,f07-021a-06-06 of
288,f07-021a-06-07 Egypt
288,f07-021a-06-08 after
288,f07-021a-07-00 which
288,f07-021a-07-01 the
288,f07-021a-07-03 sighed
288,f07-024a-00-00 Anyhow
288,f07-024a-00-02 Homer
288,f07-024a-00-03 does
288,f07-024a-00-04 not
288,f07-024a-00-05 seem
288,f07-024a-00-06 to
288,f07-024a-00-07 have
288,f07-024a-00-08 known
288,f07-024a-00-09 any
288,f07-024a-01-00 way
288,f07-024a-01-01 of
288,f07-024a-01-02 cooking
288,f07-024a-01-03 meat
288,f07-024a-01-04 except
288,f07-024a-01-05 by
288,f07-024a-01-07 and
288,f07-024a-01-08 boiling
288,f07-024a-02-00 When
288,f07-024a-02-02 gave
288,f07-024a-02-04 royal
288,f07-024a-02-05 feast
288,f07-024a-02-06 the
288,f07-024a-02-08 dish
288,f07-024a-03-00 was
288,f07-024a-03-02 grill
288,f07-024a-03-04 which
288,f07-024a-03-05 he
288,f07-024a-03-06 cooked
288,f07-024a-03-07 himself
288,f07-024a-03-09 and
288,f07-024a-03-10 he
288,f07-024a-03-11 knew
288,f07-024a-04-00 how
288,f07-024a-04-01 to
288,f07-024a-04-02 do
288,f07-024a-04-03 it
288,f07-024a-04-05 too
288,f07-024a-04-08 When
288,f07-024a-04-09 the
288,f07-024a-04-10 languid
288,f07-024a-04-11 flames
288,f07-024a-04-12 at
288,f07-024a-05-00 length
288,f07-024a-05-01 subside
288,f07-024a-05-03 He
288,f07-024a-05-04 throws
288,f07-024a-05-06 bed
288,f07-024a-05-07 of
288,f07-024a-05-08 glowing
288,f07-024a-06-00 embers
288,f07-024a-06-01 wide
288,f07-024a-06-03 Above
288,f07-024a-06-04 the
288,f07-024a-06-05 coals
288,f07-024a-06-06 the
288,f07-024a-06-07 smoking
288,f07-024a-07-01 turns
288,f07-024a-07-03 And
288,f07-024a-07-05 sacred
288,f07-024a-07-06 salt
288,f07-024a-07-07 from
288,f07-024a-08-00 lifted
288,f07-024a-08-01 urns
288,f07-028a-00-00 When
288,f07-028a-00-02 however
288,f07-028a-00-04 the
288,f07-028a-00-05 Greeks
288,f07-028a-00-06 did
288,f07-028a-00-07 learn
288,f07-028a-00-08 the
288,f07-028a-00-09 art
288,f07-028a-00-10 of
288,f07-028a-00-11 making
288,f07-028a-01-02 from
288,f07-028a-01-03 the
288,f07-028a-01-06 their
288,f07-028a-01-07 cookery
288,f07-028a-02-00 made
288,f07-028a-02-01 rapid
288,f07-028a-02-04 because
288,f07-028a-02-05 they
288,f07-028a-02-06 were
288,f07-028a-02-07 men
288,f07-028a-02-08 of
288,f07-028a-02-09 taste
288,f07-028a-03-00 and
288,f07-028a-03-06 in
288,f07-028a-03-07 the
288,f07-028a-04-00 of
288,f07-028a-04-01 the
288,f07-028a-04-02 ancient
288,f07-028a-04-03 world
288,f07-028a-04-04 was
288,f07-028a-04-05 the
288,f07-028a-04-06 fact
288,f07-028a-04-07 that
288,f07-028a-04-08 they
288,f07-028a-04-09 did
288,f07-028a-04-10 not
288,f07-028a-05-00 confine
288,f07-028a-05-01 the
288,f07-028a-05-03 of
288,f07-028a-05-04 the
288,f07-028a-05-05 table
288,f07-028a-05-06 to
288,f07-028a-05-07 the
288,f07-028a-06-00 of
288,f07-028a-06-01 one
288,f07-028a-06-02 sense
288,f07-028a-06-03 alone
288,f07-028a-06-05 Having
288,f07-028a-06-07 their
288,f07-028a-07-00 in
288,f07-028a-07-01 the
288,f07-028a-07-03 of
288,f07-028a-07-05 for
288,f07-028a-07-06 the
288,f07-028a-07-07 palate
288,f07-028a-08-00 they
288,f07-028a-08-01 broke
288,f07-028a-08-02 fresh
288,f07-028a-08-03 ground
288,f07-028a-08-04 and
288,f07-028a-08-05 called
288,f07-028a-08-06 another
288,f07-028a-08-07 sense
288,f07-028a-09-00 to
288,f07-028a-09-01 their
288,f07-028a-09-02 aid
288,f07-032a-00-00 By
288,f07-032a-00-03 of
288,f07-032a-00-04 odours
288,f07-032a-00-05 and
288,f07-032a-01-02 these
288,f07-032a-01-03 refined
288,f07-032a-01-05 aroused
288,f07-032a-01-06 the
288,f07-032a-02-02 and
288,f07-032a-02-03 added
288,f07-032a-02-05 more
288,f07-032a-02-07 and
288,f07-032a-03-02 to
288,f07-032a-03-03 the
288,f07-032a-03-04 grosser
288,f07-032a-03-06 of
288,f07-032a-03-07 the
288,f07-032a-04-00 board
288,f07-032a-04-02 The
288,f07-032a-04-04 of
288,f07-032a-04-05 the
288,f07-032a-04-06 sense
288,f07-032a-04-07 of
288,f07-032a-05-00 was
288,f07-032a-05-02 subject
288,f07-032a-05-03 of
288,f07-032a-05-04 no
288,f07-032a-05-05 little
288,f07-032a-05-07 to
288,f07-032a-05-08 the
288,f07-032a-05-09 Romans
288,f07-032a-06-00 They
288,f07-032a-06-02 flowers
288,f07-032a-06-03 as
288,f07-032a-06-04 forming
288,f07-032a-06-06 very
288,f07-032a-07-00 article
288,f07-032a-07-01 in
288,f07-032a-07-02 their
288,f07-032a-07-03 festal
288,f07-032a-07-06 and
288,f07-032a-07-07 it
288,f07-032a-07-08 is
288,f07-032a-07-09 the
288,f07-032a-08-00 opinion
288,f07-032a-08-01 of
288,f07-032a-08-02 Bassius
288,f07-032a-08-03 that
288,f07-032a-08-04 at
288,f07-032a-08-05 their
288,f07-032a-08-07 the
288,f07-032a-09-00 number
288,f07-032a-09-01 of
288,f07-032a-09-02 flowers
288,f07-032a-09-03 far
288,f07-032a-09-05 the
288,f07-032a-09-06 number
288,f07-032a-10-00 of
288,f07-032a-10-01 fruits
