596,p02-022-00-01 And
596,p02-022-00-02 then
596,p02-022-00-03 we
596,p02-022-00-05 go
596,p02-022-00-06 for
596,p02-022-00-08 stroll
596,p02-022-00-09 along
596,p02-022-00-10 the
596,p02-022-01-00 beach
596,p02-022-01-03 moon
596,p02-022-01-04 like
596,p02-022-01-05 this
596,p02-022-01-07 be
596,p02-022-01-08 wasted
596,p02-022-02-00 He
596,p02-022-02-02 towards
596,p02-022-02-03 the
596,p02-022-02-04 bay
596,p02-022-02-05 where
596,p02-022-02-06 the
596,p02-022-02-07 full
596,p02-022-03-00 moon
596,p02-022-03-01 was
596,p02-022-03-02 just
596,p02-022-03-03 rising
596,p02-022-03-04 over
596,p02-022-03-05 the
596,p02-022-03-06 rocks
596,p02-022-03-08 then
596,p02-022-04-00 laid
596,p02-022-04-01 his
596,p02-022-04-02 hand
596,p02-022-04-03 on
596,p02-022-04-04 hers
596,p02-022-04-06 Gay
596,p02-022-04-07 smiled
596,p02-022-04-08 at
596,p02-022-04-09 him
596,p02-022-05-00 again
596,p02-022-05-02 happy
596,p02-022-05-03 beyond
596,p02-022-05-04 belief
596,p02-022-05-06 knowing
596,p02-022-05-07 that
596,p02-022-06-00 now
596,p02-022-06-01 Gavin
596,p02-022-06-02 was
596,p02-022-06-03 in
596,p02-022-06-04 love
596,p02-022-06-05 with
596,p02-022-06-06 her
596,p02-022-06-07 and
596,p02-022-06-08 her
596,p02-022-07-00 only
596,p02-022-07-02 yet
596,p02-022-07-04 for
596,p02-022-07-06 second
596,p02-022-07-07 the
596,p02-022-08-00 kisses
596,p02-022-08-01 she
596,p02-022-08-02 had
596,p02-022-08-03 seen
596,p02-022-08-04 him
596,p02-022-08-05 giving
596,p02-022-08-06 Elaine
