630,p03-173-00-00 Almost
630,p03-173-00-01 in
630,p03-173-00-03 she
630,p03-173-00-07 Will
630,p03-173-00-08 you
630,p03-173-00-09 meet
630,p03-173-01-00 me
630,p03-173-01-01 at
630,p03-173-01-02 the
630,p03-173-01-03 gate
630,p03-173-01-05 four
630,p03-173-01-11 Why
630,p03-173-01-14 he
630,p03-173-02-02 combing
630,p03-173-02-03 his
630,p03-173-02-04 thick
630,p03-173-02-06 tawny
630,p03-173-02-07 hair
630,p03-173-02-10 To
630,p03-173-02-11 bring
630,p03-173-03-00 me
630,p03-173-03-01 up
630,p03-173-03-02 for
630,p03-173-03-03 tea
630,p03-173-03-05 of
630,p03-173-03-06 course
630,p03-173-03-09 just
630,p03-173-03-10 thought
630,p03-173-03-16 see
630,p03-173-04-00 he
630,p03-173-04-01 told
630,p03-173-04-02 her
630,p03-173-04-04 and
630,p03-173-04-06 seized
630,p03-173-04-07 her
630,p03-173-04-08 in
630,p03-173-04-09 an
630,p03-173-04-10 embrace
630,p03-173-05-00 which
630,p03-173-05-01 really
630,p03-173-05-02 hurt
630,p03-173-05-05 Without
630,p03-173-05-06 your
630,p03-173-05-07 ring
630,p03-173-05-08 it
630,p03-173-05-10 just
630,p03-173-05-11 like
630,p03-173-06-00 kissing
630,p03-173-06-03 girl
630,p03-173-06-06 he
630,p03-173-06-07 decided
630,p03-173-07-00 and
630,p03-173-07-01 kissed
630,p03-173-07-02 her
630,p03-173-07-03 again
630,p03-173-07-07 to
630,p03-173-08-00 receive
630,p03-173-08-02 sharp
630,p03-173-08-03 slap
630,p03-173-08-04 for
630,p03-173-08-05 his
630,p03-173-08-06 pains
