114,b04-208-00-00 At
114,b04-208-00-01 the
114,b04-208-00-03 of
114,b04-208-00-04 this
114,b04-208-00-06 century
114,b04-208-00-07 many
114,b04-208-01-00 people
114,b04-208-01-02 that
114,b04-208-01-03 there
114,b04-208-01-04 were
114,b04-208-01-05 no
114,b04-208-01-06 more
114,b04-208-01-07 worlds
114,b04-208-01-08 to
114,b04-208-02-00 conquer
114,b04-187-00-00 THE
114,b04-187-00-01 Palace
114,b04-187-00-02 cinema
114,b04-187-00-03 at
114,b04-187-00-04 Buckley
114,b04-187-00-06 near
114,b04-187-00-07 Chester
114,b04-187-00-09 will
114,b04-187-00-10 be
114,b04-187-01-01 next
114,b04-187-01-02 week
114,b04-187-01-03 by
114,b04-187-01-04 Barry
114,b04-187-01-06 and
114,b04-187-01-07 Eric
114,b04-187-02-00 Platt
114,b04-187-02-02 both
114,b04-187-02-03 aged
114,b04-187-02-06 Eric
114,b04-187-02-07 says
114,b04-187-02-10 We
114,b04-187-02-11 believe
114,b04-187-02-12 in
114,b04-187-02-13 the
114,b04-187-03-00 cinema
114,b04-187-03-02 And
114,b04-187-03-03 we
114,b04-187-03-04 know
114,b04-187-03-05 what
114,b04-187-03-06 people
114,b04-187-03-07 want
114,b04-187-03-10 The
114,b04-187-04-01 of
114,b04-187-04-03 and
114,b04-187-04-04 shrewd
114,b04-187-05-00 of
114,b04-187-05-01 public
114,b04-187-05-02 taste
114,b04-187-05-03 has
114,b04-187-05-05 many
114,b04-187-05-06 great
114,b04-187-06-02 Barry
114,b04-187-06-03 and
114,b04-187-06-04 Eric
114,b04-187-06-05 have
114,b04-187-06-08 They
114,b04-187-07-00 are
114,b04-187-07-01 backed
114,b04-187-07-02 by
114,b04-187-07-05 film
114,b04-195-00-00 It
114,b04-195-00-01 could
114,b04-195-00-02 be
114,b04-195-00-03 curtain
114,b04-195-00-04 up
114,b04-195-00-05 on
114,b04-195-00-06 two
114,b04-195-00-07 success
114,b04-195-00-08 stories
114,b04-195-00-10 Of
114,b04-195-01-00 the
114,b04-195-01-01 old
114,b04-195-01-02 Palace
114,b04-195-01-04 And
114,b04-195-01-05 Barry
114,b04-195-01-06 and
114,b04-195-01-07 Eric
114,b04-195-01-09 DONS
114,b04-195-01-10 at
114,b04-195-02-01 want
114,b04-195-02-02 the
114,b04-195-02-03 study
114,b04-195-02-04 of
114,b04-195-02-06 to
114,b04-195-02-07 become
114,b04-195-03-00 an
114,b04-195-03-01 honours
114,b04-195-03-02 degree
114,b04-195-03-03 course
114,b04-195-03-05 Farming
114,b04-195-03-06 is
114,b04-195-04-00 most
114,b04-195-04-01 vital
114,b04-195-04-04 It
114,b04-195-04-05 is
114,b04-195-05-00 on
114,b04-195-05-01 new
114,b04-195-05-04 and
114,b04-195-05-05 on
114,b04-195-05-06 the
114,b04-195-05-08 to
114,b04-195-06-00 provide
114,b04-195-06-01 men
114,b04-195-06-02 of
114,b04-195-06-04 and
114,b04-195-06-05 skill
114,b04-202-00-00 The
114,b04-202-00-01 older
114,b04-202-00-03 are
114,b04-202-00-04 often
114,b04-202-00-05 accused
114,b04-202-00-06 of
114,b04-202-00-07 being
114,b04-202-01-01 only
114,b04-202-01-02 in
114,b04-202-01-03 dead
114,b04-202-01-06 Now
114,b04-202-01-08 has
114,b04-202-02-00 the
114,b04-202-02-02 to
114,b04-202-02-03 show
114,b04-202-02-04 is
114,b04-202-02-05 just
114,b04-202-02-06 as
114,b04-202-02-08 in
114,b04-202-02-09 the
114,b04-202-03-00 living
114,b04-202-03-03 as
114,b04-202-03-04 its
114,b04-202-03-05 rival
114,b04-202-03-07 Oxford
114,b04-202-03-09 has
114,b04-202-03-10 had
114,b04-202-04-00 similar
114,b04-202-04-01 course
114,b04-202-04-02 in
114,b04-202-04-03 farming
114,b04-202-04-04 for
114,b04-202-04-06 years
114,b04-202-05-00 JOHN
114,b04-202-05-01 GLENN
114,b04-202-05-03 Virgil
114,b04-202-05-04 Grissom
114,b04-202-05-06 Alan
114,b04-202-05-07 Shepard
114,b04-202-05-09 One
114,b04-202-05-10 of
114,b04-202-06-00 these
114,b04-202-06-01 three
114,b04-202-06-02 men
114,b04-202-06-03 has
114,b04-202-06-05 date
114,b04-202-06-06 with
114,b04-202-06-07 destiny
114,b04-202-06-09 the
114,b04-202-07-00 first
114,b04-202-07-01 journey
114,b04-202-07-02 into
114,b04-202-07-03 Space
