225,e02-086-00-00 Coming
225,e02-086-00-01 now
225,e02-086-00-02 to
225,e02-086-00-03 the
225,e02-086-00-04 actual
225,e02-086-00-05 tools
225,e02-086-00-06 and
225,e02-086-00-07 their
225,e02-086-00-08 cost
225,e02-086-00-10 we
225,e02-086-00-11 begin
225,e02-086-01-00 with
225,e02-086-01-01 what
225,e02-086-01-02 we
225,e02-086-01-03 have
225,e02-086-01-04 called
225,e02-086-01-06 bare
225,e02-086-01-07 minimum
225,e02-086-01-08 kit
225,e02-086-02-00 most
225,e02-086-02-01 men
225,e02-086-02-02 have
225,e02-086-02-03 some
225,e02-086-02-04 of
225,e02-086-02-05 the
225,e02-086-02-06 tools
225,e02-086-02-07 already
225,e02-086-02-09 It
225,e02-086-02-10 will
225,e02-086-02-11 enable
225,e02-086-03-01 man
225,e02-086-03-02 to
225,e02-086-03-03 make
225,e02-086-03-04 simple
225,e02-086-03-07 things
225,e02-086-03-09 and
225,e02-086-03-10 in
225,e02-086-04-00 any
225,e02-086-04-01 case
225,e02-086-04-02 may
225,e02-086-04-03 be
225,e02-086-04-05 as
225,e02-086-04-07 good
225,e02-086-04-09 to
225,e02-086-05-00 which
225,e02-086-05-01 other
225,e02-086-05-02 tools
225,e02-086-05-03 can
225,e02-086-05-04 be
225,e02-086-05-05 added
225,e02-086-05-06 as
225,e02-086-05-07 the
225,e02-086-05-08 need
225,e02-086-05-09 arises
225,e02-086-05-11 The
225,e02-086-06-00 nature
225,e02-086-06-01 of
225,e02-086-06-02 the
225,e02-086-06-03 work
225,e02-086-06-04 will
225,e02-086-06-06 dictate
225,e02-086-06-07 the
225,e02-086-07-00 to
225,e02-086-07-01 be
225,e02-086-07-02 made
225,e02-086-07-04 but
225,e02-086-07-05 as
225,e02-086-07-07 guide
225,e02-086-07-08 we
225,e02-086-07-09 have
225,e02-086-07-10 given
225,e02-086-07-12 fuller
225,e02-086-07-13 kit
225,e02-086-08-00 which
225,e02-086-08-02 the
225,e02-086-08-03 range
225,e02-086-08-04 of
225,e02-086-08-05 things
225,e02-086-08-06 that
225,e02-086-08-07 can
225,e02-086-08-08 be
225,e02-086-09-00 made
