556,n01-036-00-00 He
556,n01-036-00-01 was
556,n01-036-00-02 able
556,n01-036-00-03 to
556,n01-036-00-04 pick
556,n01-036-00-05 out
556,n01-036-00-06 towns
556,n01-036-00-09 to
556,n01-036-00-10 the
556,n01-036-01-00 naked
556,n01-036-01-01 eye
556,n01-036-01-04 by
556,n01-036-01-05 the
556,n01-036-01-06 ground
556,n01-036-01-07 haze
556,n01-036-01-08 which
556,n01-036-01-09 even
556,n01-036-02-00 on
556,n01-036-02-01 the
556,n01-036-02-03 night
556,n01-036-02-04 limited
556,n01-036-02-05 angular
556,n01-036-02-06 vision
556,n01-036-02-08 He
556,n01-036-02-09 glanced
556,n01-036-03-00 at
556,n01-036-03-01 the
556,n01-036-03-02 speed
556,n01-036-03-05 It
556,n01-036-03-06 seemed
556,n01-036-03-07 almost
556,n01-036-03-09 that
556,n01-036-04-00 the
556,n01-036-04-01 tiny
556,n01-036-04-02 white
556,n01-036-04-03 figure
556,n01-036-04-04 of
556,n01-036-04-06 against
556,n01-036-04-07 which
556,n01-036-04-08 the
556,n01-036-04-09 needle
556,n01-036-05-00 was
556,n01-036-05-01 resting
556,n01-036-05-02 could
556,n01-036-05-03 really
556,n01-036-05-04 mean
556,n01-036-05-06 of
556,n01-036-05-07 knots
