213,e01-062-00-00 In
213,e01-062-00-01 the
213,e01-062-00-02 home
213,e01-062-00-04 crochet
213,e01-062-00-05 lace
213,e01-062-00-06 can
213,e01-062-00-07 be
213,e01-062-00-08 used
213,e01-062-00-09 to
213,e01-062-00-10 make
213,e01-062-01-03 and
213,e01-062-01-04 runners
213,e01-062-01-06 and
213,e01-062-01-07 edgings
213,e01-062-02-00 from
213,e01-062-02-01 heavy
213,e01-062-02-02 to
213,e01-062-02-03 fine
213,e01-062-02-04 can
213,e01-062-02-05 fulfil
213,e01-062-02-07 variety
213,e01-062-02-08 of
213,e01-062-03-02 The
213,e01-062-03-03 art
213,e01-062-03-04 of
213,e01-062-03-05 crochet
213,e01-062-03-06 is
213,e01-062-03-07 not
213,e01-062-03-09 and
213,e01-062-04-00 it
213,e01-062-04-01 is
213,e01-062-04-03 quick
213,e01-062-04-04 to
213,e01-062-04-05 work
213,e01-062-04-07 In
213,e01-062-04-08 the
213,e01-062-05-00 pages
213,e01-062-05-01 simple
213,e01-062-05-03 and
213,e01-062-05-05 are
213,e01-062-05-06 given
213,e01-062-06-00 to
213,e01-062-06-01 enable
213,e01-062-06-02 the
213,e01-062-06-04 to
213,e01-062-06-05 master
213,e01-062-06-06 all
213,e01-062-06-07 the
213,e01-062-07-00 crochet
213,e01-050-00-00 During
213,e01-050-00-01 the
213,e01-050-00-03 century
213,e01-050-01-00 amount
213,e01-050-01-01 of
213,e01-050-01-02 crochet
213,e01-050-01-03 was
213,e01-050-01-05 in
213,e01-050-01-06 the
213,e01-050-02-01 of
213,e01-050-02-02 Europe
213,e01-050-02-04 Without
213,e01-050-02-05 doubt
213,e01-050-02-06 it
213,e01-050-02-07 was
213,e01-050-02-08 the
213,e01-050-03-00 nuns
213,e01-050-03-01 who
213,e01-050-03-02 carried
213,e01-050-03-03 the
213,e01-050-03-04 craft
213,e01-050-03-05 to
213,e01-050-03-06 Ireland
213,e01-050-03-08 There
213,e01-050-03-09 it
213,e01-050-04-00 was
213,e01-050-04-02 into
213,e01-050-04-03 quite
213,e01-050-04-04 an
213,e01-050-04-06 and
213,e01-050-05-00 form
213,e01-050-05-01 with
213,e01-050-05-04 leaves
213,e01-050-05-05 and
213,e01-050-05-06 lace
213,e01-050-05-09 During
213,e01-050-06-00 the
213,e01-050-06-01 time
213,e01-050-06-02 of
213,e01-050-06-04 this
213,e01-050-06-05 gentle
213,e01-050-06-06 craft
213,e01-050-06-07 was
213,e01-050-07-00 greatly
213,e01-050-07-01 abused
213,e01-059-00-00 In
213,e01-059-00-01 some
213,e01-059-00-02 of
213,e01-059-00-03 the
213,e01-059-00-04 elegant
213,e01-059-00-06 of
213,e01-059-00-07 Paris
213,e01-059-01-01 blouses
213,e01-059-01-04 fine
213,e01-059-01-05 in
213,e01-059-02-00 texture
213,e01-059-02-02 are
213,e01-059-02-03 sold
213,e01-059-02-04 at
213,e01-059-02-06 very
213,e01-059-02-07 high
213,e01-059-02-08 price
213,e01-059-02-10 With
213,e01-059-03-00 little
213,e01-059-03-01 time
213,e01-059-03-02 and
213,e01-059-03-04 the
213,e01-059-03-05 woman
213,e01-059-03-06 at
213,e01-059-03-07 home
213,e01-059-03-08 can
213,e01-059-04-00 produce
213,e01-059-04-01 fashion
213,e01-059-04-03 as
213,e01-059-04-04 elegant
213,e01-059-04-05 as
213,e01-059-04-06 those
213,e01-059-04-07 of
213,e01-059-05-00 Paris
213,e01-059-05-03 blouse
213,e01-059-05-06 gloves
213,e01-059-05-07 or
213,e01-059-05-09 fine
213,e01-059-06-00 edging
213,e01-059-06-01 for
213,e01-059-06-02 collar
213,e01-059-06-04 cuffs
213,e01-059-06-05 or
