593,p02-000-00-00 There
593,p02-000-00-01 were
593,p02-000-00-02 few
593,p02-000-00-04 on
593,p02-000-00-05 the
593,p02-000-00-06 plane
593,p02-000-00-07 and
593,p02-000-00-08 Gavin
593,p02-000-00-09 was
593,p02-000-01-00 quickly
593,p02-000-01-01 through
593,p02-000-01-02 the
593,p02-000-01-03 customs
593,p02-000-01-06 Gay
593,p02-000-01-10 Gavin
593,p02-000-01-13 The
593,p02-000-01-14 girl
593,p02-000-02-00 and
593,p02-000-02-01 her
593,p02-000-02-02 luggage
593,p02-000-02-03 had
593,p02-000-02-05 and
593,p02-000-02-06 they
593,p02-000-02-07 were
593,p02-000-02-08 alone
593,p02-000-03-02 The
593,p02-000-03-03 porter
593,p02-000-03-04 brought
593,p02-000-03-06 bag
593,p02-000-03-07 out
593,p02-000-03-08 to
593,p02-000-03-09 the
593,p02-000-04-00 taxi
593,p02-000-04-03 Just
593,p02-000-04-05 moment
593,p02-000-04-07 darling
593,p02-000-04-10 Gavin
593,p02-000-04-11 pressed
593,p02-000-04-12 her
593,p02-000-05-00 hand
593,p02-000-05-01 and
593,p02-000-05-02 smiled
593,p02-000-05-06 want
593,p02-000-05-07 to
593,p02-000-05-08 check
593,p02-000-05-09 up
593,p02-000-05-10 on
593,p02-000-05-11 the
593,p02-000-06-00 flights
593,p02-000-06-01 back
