562,n02-033-00-00 It
562,n02-033-00-01 was
562,n02-033-00-02 all
562,n02-033-00-03 over
562,n02-033-00-04 and
562,n02-033-00-05 done
562,n02-033-00-06 with
562,n02-033-01-00 For
562,n02-033-01-01 the
562,n02-033-01-02 time
562,n02-033-01-03 being
562,n02-033-01-04 Beryl
562,n02-033-01-05 was
562,n02-033-01-06 content
562,n02-033-01-07 to
562,n02-033-01-08 let
562,n02-033-02-00 it
562,n02-033-02-01 go
562,n02-033-02-02 at
562,n02-033-02-03 that
562,n02-033-02-05 but
562,n02-033-02-06 she
562,n02-033-02-08 to
562,n02-033-02-09 have
562,n02-033-03-00 it
562,n02-033-03-01 out
562,n02-033-03-02 with
562,n02-033-03-03 Piers
562,n02-033-03-04 when
562,n02-033-04-02 itself
562,n02-033-04-04 He
562,n02-033-04-05 must
562,n02-033-05-00 learn
562,n02-033-05-01 that
562,n02-033-05-02 he
562,n02-033-05-03 could
562,n02-033-05-04 not
562,n02-033-05-05 treat
562,n02-033-05-06 her
562,n02-033-06-00 with
562,n02-033-06-02 and
562,n02-033-07-00 her
562,n02-033-07-02 as
562,n02-033-07-03 though
562,n02-033-07-04 he
562,n02-033-07-05 were
562,n02-033-08-02 and
562,n02-033-08-03 she
562,n02-033-08-05 small
562,n02-033-09-01 child
562,n02-037-00-00 He
562,n02-037-00-01 gave
562,n02-037-00-02 her
562,n02-037-00-03 no
562,n02-037-00-04 chance
562,n02-037-00-05 of
562,n02-037-00-06 any
562,n02-037-00-07 private
562,n02-037-01-01 that
562,n02-037-01-02 evening
562,n02-037-01-04 for
562,n02-037-01-05 when
562,n02-037-02-00 Blanche
562,n02-037-02-01 and
562,n02-037-02-02 Jack
562,n02-037-02-03 left
562,n02-037-02-05 he
562,n02-037-02-06 went
562,n02-037-02-07 with
562,n02-037-03-00 them
562,n02-037-03-02 But
562,n02-037-03-03 next
562,n02-037-03-04 morning
562,n02-037-03-05 she
562,n02-037-04-00 on
562,n02-037-04-01 his
562,n02-037-04-02 taking
562,n02-037-04-03 her
562,n02-037-04-04 out
562,n02-037-04-05 in
562,n02-037-04-06 the
562,n02-037-04-07 jeep
562,n02-037-05-00 to
562,n02-037-05-01 find
562,n02-037-05-03 if
562,n02-037-05-06 Hubert
562,n02-037-05-07 and
562,n02-037-05-08 his
562,n02-037-06-02 and
562,n02-037-06-03 tell
562,n02-037-06-04 them
562,n02-037-06-05 of
562,n02-037-07-00 her
562,n02-037-07-01 great
562,n02-037-07-03 at
562,n02-037-07-04 being
562,n02-037-08-00 held
562,n02-037-08-01 up
562,n02-037-08-02 in
562,n02-037-08-03 Balicou
