210,e01-014-00-00 We
210,e01-014-00-01 know
210,e01-014-00-02 from
210,e01-014-00-03 the
210,e01-014-00-04 diaries
210,e01-014-00-05 of
210,e01-014-00-06 Samuel
210,e01-014-00-07 Pepys
210,e01-014-01-00 that
210,e01-014-01-01 he
210,e01-014-01-02 was
210,e01-014-01-04 great
210,e01-014-01-05 man
210,e01-014-01-06 for
210,e01-014-01-07 lace
210,e01-014-01-09 paying
210,e01-014-02-00 as
210,e01-014-02-01 much
210,e01-014-02-02 as
210,e01-014-02-04 for
210,e01-014-02-06 lace
210,e01-014-02-07 collar
210,e01-014-02-09 But
210,e01-014-02-10 this
210,e01-014-03-01 mean
210,e01-014-03-02 he
210,e01-014-03-03 was
210,e01-014-03-05 to
210,e01-014-03-06 do
210,e01-014-03-07 as
210,e01-014-03-08 much
210,e01-014-04-00 for
210,e01-014-04-01 his
210,e01-014-04-02 lady
210,e01-014-04-04 for
210,e01-014-04-05 he
210,e01-014-04-06 records
210,e01-014-04-07 testily
210,e01-014-04-10 My
210,e01-014-04-11 wife
210,e01-014-05-00 and
210,e01-014-05-02 fell
210,e01-014-05-03 out
210,e01-014-05-04 about
210,e01-014-05-05 my
210,e01-014-05-06 not
210,e01-014-05-07 being
210,e01-014-05-08 willing
210,e01-014-06-00 to
210,e01-014-06-01 have
210,e01-014-06-02 her
210,e01-014-06-03 gown
210,e01-014-06-04 laced
210,e01-018-00-00 We
210,e01-018-00-01 read
210,e01-018-00-03 with
210,e01-018-00-06 an
210,e01-018-00-08 in
210,e01-018-00-09 the
210,e01-018-01-00 reign
210,e01-018-01-01 of
210,e01-018-01-02 Charles
210,e01-018-01-04 stating
210,e01-018-01-07 Lost
210,e01-018-01-10 lawn
210,e01-018-02-00 kercher
210,e01-018-02-01 with
210,e01-018-02-03 broad
210,e01-018-02-04 hem
210,e01-018-02-05 laced
210,e01-018-02-06 round
210,e01-018-02-07 with
210,e01-018-03-00 fine
210,e01-018-03-01 Point
210,e01-018-03-02 lace
210,e01-018-03-03 about
210,e01-018-03-04 four
210,e01-018-03-05 fingers
210,e01-018-03-06 broad
210,e01-018-03-08 and
210,e01-018-04-00 among
210,e01-018-04-01 the
210,e01-018-04-02 effects
210,e01-018-04-03 left
210,e01-018-04-04 by
210,e01-018-04-05 Nell
210,e01-018-04-06 Gwyn
210,e01-018-04-07 is
210,e01-018-04-08 an
210,e01-018-05-00 unpaid
210,e01-018-05-01 bill
210,e01-018-05-02 for
210,e01-018-05-04 scarlet
210,e01-018-05-05 satin
210,e01-018-05-06 shoes
210,e01-018-05-07 with
210,e01-018-06-00 silver
210,e01-018-06-01 lace
210,e01-018-06-04 The
210,e01-018-06-05 records
210,e01-018-06-06 of
210,e01-018-06-07 these
210,e01-018-06-08 tender
210,e01-018-06-09 trifles
210,e01-018-07-00 are
210,e01-018-07-01 very
210,e01-018-07-03 but
210,e01-018-07-04 then
210,e01-018-07-05 lace
210,e01-018-07-06 does
210,e01-018-07-07 place
210,e01-018-08-00 upon
