549,m04-190-00-00 He
549,m04-190-00-01 saluted
549,m04-190-00-03 and
549,m04-190-00-04 left
549,m04-190-00-05 the
549,m04-190-00-08 very
549,m04-190-01-00 Time
549,m04-190-01-01 passed
549,m04-190-01-03 The
549,m04-190-01-04 bus
549,m04-190-01-05 climbed
549,m04-190-01-07 and
549,m04-190-01-08 went
549,m04-190-01-09 quietly
549,m04-190-02-00 into
549,m04-190-02-01 orbit
549,m04-190-02-03 Time
549,m04-190-02-04 passed
549,m04-190-02-06 The
549,m04-190-02-09 pulpit
549,m04-190-03-01 empty
549,m04-190-03-03 And
549,m04-190-03-04 so
549,m04-190-03-05 did
549,m04-190-03-06 the
549,m04-190-03-07 arms
549,m04-190-03-08 of
549,m04-190-03-09 Dai
549,m04-190-04-00 Pugh
549,m04-190-04-02 How
549,m04-190-04-03 could
549,m04-190-04-04 they
549,m04-190-04-05 be
549,m04-190-04-08 when
549,m04-190-04-09 his
549,m04-190-05-00 beloved
549,m04-190-05-01 was
549,m04-190-05-03 the
549,m04-190-05-04 Poles
549,m04-190-05-05 at
549,m04-190-06-03 regular
549,m04-190-06-04 as
549,m04-190-07-00 Time
549,m04-190-07-01 passed
549,m04-190-07-04 said
549,m04-190-07-07 Pity
549,m04-190-07-08 about
549,m04-190-07-09 Megan
549,m04-190-08-00 Thomas
549,m04-190-08-03 it
549,m04-190-08-06 as
549,m04-190-08-07 though
549,m04-190-08-08 they
549,m04-190-08-10 really
549,m04-190-08-11 think
549,m04-190-09-00 it
549,m04-190-09-01 was
549,m04-190-09-03 pity
549,m04-190-09-04 at
549,m04-190-09-05 all
549,m04-190-09-07 as
549,m04-190-09-09 indeed
549,m04-190-09-11 they
549,m04-200-00-00 LOCAL
549,m04-200-00-01 BUS
549,m04-200-00-04 the
549,m04-200-01-00 Dinas
549,m04-200-01-03 But
549,m04-200-01-04 the
549,m04-200-01-05 London
549,m04-200-01-06 papers
549,m04-200-01-07 ignored
549,m04-200-02-00 the
549,m04-200-02-01 whole
549,m04-200-02-02 affair
549,m04-200-02-04 Ifor
549,m04-200-02-05 Evans
549,m04-200-02-07 his
549,m04-200-02-08 loss
549,m04-200-03-00 to
549,m04-200-03-01 the
549,m04-200-03-02 police
549,m04-200-03-04 But
549,m04-200-03-05 they
549,m04-200-03-06 only
549,m04-200-03-10 Lost
549,m04-200-04-01 bus
549,m04-200-04-03 is
549,m04-200-04-04 it
549,m04-200-04-06 Very
549,m04-200-04-10 That
549,m04-200-04-11 was
549,m04-200-04-12 their
549,m04-200-05-02 Now
549,m04-200-05-03 if
549,m04-200-05-04 there
549,m04-200-05-06 been
549,m04-200-05-08 good
549,m04-200-05-09 old
549,m04-200-06-00 they
549,m04-200-06-01 could
549,m04-200-06-02 have
549,m04-200-06-04 up
549,m04-200-06-05 the
549,m04-200-06-06 road
549,m04-200-06-07 and
549,m04-200-07-00 taken
549,m04-200-07-01 an
549,m04-209-00-00 But
549,m04-209-00-01 losing
549,m04-209-00-03 bus
549,m04-209-00-05 People
549,m04-209-00-06 were
549,m04-209-00-07 always
549,m04-209-00-08 losing
549,m04-209-01-00 things
549,m04-209-01-02 You
549,m04-209-01-04 be
549,m04-209-01-07 they
549,m04-209-01-08 said
549,m04-209-01-10 So
549,m04-209-01-11 it
549,m04-209-02-00 seemed
549,m04-209-02-02 for
549,m04-209-02-04 time
549,m04-209-02-06 that
549,m04-209-02-07 the
549,m04-209-02-08 whole
549,m04-209-02-09 affair
549,m04-209-02-10 would
549,m04-209-03-00 be
549,m04-209-03-01 written
549,m04-209-03-02 off
549,m04-209-03-03 as
549,m04-209-03-04 one
549,m04-209-03-05 of
549,m04-209-03-06 those
549,m04-209-04-02 like
549,m04-209-04-03 the
549,m04-209-04-04 Marie
549,m04-209-04-05 Celeste
549,m04-209-04-07 Then
549,m04-209-04-08 things
549,m04-209-05-00 began
549,m04-209-05-01 to
549,m04-209-05-02 happen
549,m04-209-05-04 But
549,m04-209-05-05 what
549,m04-209-05-06 about
549,m04-209-05-07 the
549,m04-209-06-00 you
549,m04-209-06-01 will
549,m04-209-06-02 be
549,m04-209-06-03 asking
549,m04-216-00-00 Well
549,m04-216-00-02 the
549,m04-216-00-04 Edwards
549,m04-216-00-05 had
549,m04-216-00-06 taken
549,m04-216-00-07 command
549,m04-216-00-10 Our
549,m04-216-01-03 he
549,m04-216-01-04 said
549,m04-216-01-07 is
549,m04-216-01-10 to
549,m04-216-02-00 that
549,m04-216-02-01 of
549,m04-216-02-04 on
549,m04-216-02-06 desert
549,m04-216-02-07 island
549,m04-216-02-09 Now
549,m04-216-03-00 what
549,m04-216-03-01 does
549,m04-216-03-02 such
549,m04-216-03-04 person
549,m04-216-03-05 do
549,m04-216-03-07 He
549,m04-216-03-08 signals
549,m04-216-04-00 his
549,m04-216-04-02 by
549,m04-216-04-05 or
549,m04-216-05-00 flag
549,m04-216-05-01 on
549,m04-216-05-03 palm
549,m04-216-05-04 tree
549,m04-216-05-06 And
549,m04-216-05-07 he
549,m04-216-05-08 tries
549,m04-216-05-09 to
549,m04-216-05-10 ensure
549,m04-216-06-01 supply
549,m04-216-06-02 of
549,m04-216-06-03 food
549,m04-222-00-02 go
549,m04-222-00-05 on
549,m04-222-00-06 this
549,m04-222-00-07 bus
549,m04-222-01-00 the
549,m04-222-01-02 said
549,m04-222-01-03 firmly
549,m04-222-01-07 to
549,m04-222-01-08 the
549,m04-222-02-05 Of
549,m04-222-02-06 course
549,m04-222-02-07 not
549,m04-222-02-10 agreed
549,m04-222-03-00 the
549,m04-222-03-04 No
549,m04-222-03-06 we
549,m04-222-03-07 have
549,m04-222-03-08 another
549,m04-222-03-09 way
549,m04-222-03-10 of
549,m04-222-04-00 our
549,m04-222-04-03 The
549,m04-222-04-04 driver
549,m04-222-04-05 must
549,m04-222-04-06 sound
549,m04-222-04-07 his
549,m04-222-04-08 horn
549,m04-222-05-03 Gave
549,m04-222-05-04 him
549,m04-222-05-06 look
549,m04-222-05-08 the
549,m04-222-05-09 driver
549,m04-222-05-10 did
549,m04-222-06-01 Where
549,m04-222-06-02 you
549,m04-222-06-03 think
549,m04-222-06-04 we
549,m04-222-06-05 are
549,m04-222-06-08 he
549,m04-222-06-09 asked
549,m04-222-06-10 rudely
549,m04-222-07-01 Dinas
549,m04-222-07-02 High
549,m04-222-07-03 Street
