018,a01-107-00-00 We
018,a01-107-00-01 believe
018,a01-107-00-02 that
018,a01-107-00-05 medical
018,a01-107-00-06 service
018,a01-107-00-08 free
018,a01-107-00-09 to
018,a01-107-00-10 the
018,a01-107-00-11 patient
018,a01-107-01-00 at
018,a01-107-01-01 the
018,a01-107-01-02 point
018,a01-107-01-03 of
018,a01-107-01-04 need
018,a01-107-01-05 and
018,a01-107-01-06 with
018,a01-107-01-07 one
018,a01-107-01-09 for
018,a01-107-01-10 all
018,a01-107-01-11 sick
018,a01-107-02-00 people
018,a01-107-02-02 is
018,a01-107-02-03 good
018,a01-107-02-04 and
018,a01-107-02-08 We
018,a01-107-02-09 remain
018,a01-107-02-10 for
018,a01-107-02-11 it
018,a01-107-02-13 But
018,a01-107-02-14 the
018,a01-107-02-15 Tories
018,a01-107-03-00 never
018,a01-107-03-01 were
018,a01-107-03-05 by
018,a01-107-03-06 angry
018,a01-107-03-07 Tories
018,a01-107-03-10 Brown
018,a01-107-04-01 The
018,a01-107-04-02 jackals
018,a01-107-04-03 bay
018,a01-107-04-04 when
018,a01-107-04-05 there
018,a01-107-04-06 is
018,a01-107-04-07 nothing
018,a01-107-04-08 better
018,a01-107-04-09 they
018,a01-107-04-10 can
018,a01-107-04-11 do
018,a01-113-00-00 He
018,a01-113-00-01 told
018,a01-113-00-02 them
018,a01-113-00-03 that
018,a01-113-00-04 their
018,a01-113-00-06 of
018,a01-113-00-07 social
018,a01-113-00-09 was
018,a01-113-00-10 wholly
018,a01-113-01-04 from
018,a01-113-01-05 that
018,a01-113-01-06 of
018,a01-113-01-07 Labour
018,a01-113-01-09 They
018,a01-113-02-00 would
018,a01-113-02-01 provide
018,a01-113-02-02 an
018,a01-113-02-04 service
018,a01-113-02-05 for
018,a01-113-02-06 the
018,a01-113-03-02 but
018,a01-113-03-03 it
018,a01-113-03-04 would
018,a01-113-03-05 not
018,a01-113-03-06 be
018,a01-113-03-07 too
018,a01-113-03-09 nor
018,a01-113-03-10 too
018,a01-113-03-11 easy
018,a01-113-03-12 to
018,a01-113-04-00 get
018,a01-113-04-03 jeers
018,a01-113-04-04 that
018,a01-113-04-05 it
018,a01-113-04-06 was
018,a01-113-04-07 Labour
018,a01-113-04-08 which
018,a01-113-04-09 first
018,a01-113-04-10 put
018,a01-113-05-00 ceiling
018,a01-113-05-01 on
018,a01-113-05-02 health
018,a01-113-05-04 and
018,a01-113-05-05 started
018,a01-113-05-06 charges
018,a01-113-05-09 Brown
018,a01-113-06-01 the
018,a01-113-06-02 hostile
018,a01-113-06-04 benches
018,a01-113-06-05 that
018,a01-113-06-06 was
018,a01-113-07-00 done
018,a01-113-07-01 in
018,a01-113-07-03 because
018,a01-113-07-04 of
018,a01-113-07-05 the
018,a01-113-07-07 strain
018,a01-113-07-08 of
018,a01-113-08-00 the
018,a01-113-08-01 Korean
018,a01-113-08-02 war
