276,f04-032-00-00 They
276,f04-032-00-01 also
276,f04-032-00-02 had
276,f04-032-00-03 to
276,f04-032-00-04 cope
276,f04-032-00-05 with
276,f04-032-00-06 the
276,f04-032-00-07 usual
276,f04-032-00-08 flood
276,f04-032-00-09 of
276,f04-032-00-10 rumours
276,f04-032-01-00 me
276,f04-032-01-01 well
276,f04-032-01-02 meant
276,f04-032-01-04 some
276,f04-032-01-08 one
276,f04-032-01-09 that
276,f04-032-02-00 man
276,f04-032-02-01 had
276,f04-032-02-02 been
276,f04-032-02-03 seen
276,f04-032-02-04 fleeing
276,f04-032-02-05 from
276,f04-032-02-07 station
276,f04-032-02-08 on
276,f04-032-03-00 the
276,f04-032-03-02 evening
276,f04-032-03-04 with
276,f04-032-03-05 blood
276,f04-032-03-08 from
276,f04-032-04-00 his
276,f04-032-04-01 hands
276,f04-032-04-03 The
276,f04-032-04-04 inquest
276,f04-032-04-05 was
276,f04-032-04-06 opened
276,f04-032-04-07 on
276,f04-032-04-11 but
276,f04-032-05-00 beyond
276,f04-032-05-01 the
276,f04-032-05-02 jury
276,f04-032-05-03 hearing
276,f04-032-05-05 formal
276,f04-032-05-07 of
276,f04-032-06-00 the
276,f04-032-06-01 victim
276,f04-032-06-02 and
276,f04-032-06-04 at
276,f04-032-06-06 the
276,f04-032-07-00 in
276,f04-032-07-01 which
276,f04-032-07-02 she
276,f04-032-07-03 had
276,f04-032-07-04 died
276,f04-032-07-06 there
276,f04-032-07-07 was
276,f04-032-07-08 nothing
276,f04-032-07-09 on
276,f04-032-08-00 which
276,f04-032-08-01 to
276,f04-032-08-02 proceed
276,f04-032-08-04 and
276,f04-032-08-05 the
276,f04-032-08-06 inquest
276,f04-032-08-07 was
276,f04-035-00-00 Day
276,f04-035-00-01 by
276,f04-035-00-02 day
276,f04-035-00-03 the
276,f04-035-00-04 police
276,f04-035-00-06 up
276,f04-035-00-07 likely
276,f04-035-00-08 and
276,f04-035-00-09 even
276,f04-035-01-00 trails
276,f04-035-01-02 It
276,f04-035-01-03 was
276,f04-035-01-04 learned
276,f04-035-01-05 that
276,f04-035-01-07 Camp
276,f04-035-01-08 had
276,f04-035-01-09 been
276,f04-035-01-10 lending
276,f04-035-02-00 money
276,f04-035-02-01 to
276,f04-035-02-02 her
276,f04-035-02-05 and
276,f04-035-02-06 her
276,f04-035-02-08 was
276,f04-035-02-09 asked
276,f04-035-02-10 for
276,f04-035-03-02 account
276,f04-035-03-03 of
276,f04-035-03-04 his
276,f04-035-03-06 on
276,f04-035-03-07 the
276,f04-035-03-10 The
276,f04-035-03-11 dead
276,f04-035-04-00 woman
276,f04-035-04-01 had
276,f04-035-04-02 been
276,f04-035-04-03 engaged
276,f04-035-04-04 once
276,f04-035-04-05 before
276,f04-035-04-07 to
276,f04-035-04-09 barman
276,f04-035-05-00 named
276,f04-035-05-01 Brown
