037,a03-047-00-00 It
037,a03-047-00-01 is
037,a03-047-00-03 for
037,a03-047-00-04 many
037,a03-047-00-05 to
037,a03-047-00-06 see
037,a03-047-00-08 Pearson
037,a03-047-01-00 in
037,a03-047-01-01 the
037,a03-047-01-02 role
037,a03-047-01-03 of
037,a03-047-01-05 popular
037,a03-047-01-06 orator
037,a03-047-01-07 at
037,a03-047-01-08 the
037,a03-047-02-02 the
037,a03-047-02-04 that
037,a03-047-03-00 baker
037,a03-047-03-01 was
037,a03-047-03-02 in
037,a03-047-03-03 the
037,a03-047-03-04 last
037,a03-047-03-05 two
037,a03-047-03-08 The
037,a03-047-04-01 remains
037,a03-047-04-02 that
037,a03-047-04-03 the
037,a03-047-04-04 Liberal
037,a03-047-04-05 leader
037,a03-047-05-00 is
037,a03-047-05-01 still
037,a03-047-05-02 the
037,a03-047-05-05 more
037,a03-047-05-06 at
037,a03-047-05-07 home
037,a03-047-06-00 in
037,a03-047-06-01 the
037,a03-047-06-04 or
037,a03-047-06-05 the
037,a03-047-06-07 of
037,a03-047-06-08 the
037,a03-047-06-09 United
037,a03-047-07-00 Nations
037,a03-047-07-02 not
037,a03-047-07-03 the
037,a03-047-07-04 father
037,a03-047-07-05 figure
037,a03-047-07-07 so
037,a03-047-08-00 in
037,a03-047-08-04 or
037,a03-047-08-05 the
037,a03-047-09-02 able
037,a03-047-09-03 to
037,a03-047-09-04 talk
037,a03-047-09-05 about
037,a03-047-09-06 sewage
037,a03-047-10-00 in
037,a03-047-10-01 Algoma
037,a03-047-10-02 East
037,a02-102-00-01 ROYAL
037,a02-102-00-02 welcome
037,a02-102-00-03 for
037,a02-102-00-04 the
037,a02-102-00-05 Kabaka
037,a02-102-00-06 of
037,a02-102-01-00 Buganda
037,a02-102-01-02 King
037,a02-102-01-03 Freddie
037,a02-102-01-05 from
037,a02-102-02-01 Bagaya
037,a02-102-02-02 of
037,a02-102-02-03 Toro
037,a02-102-02-06 at
037,a02-102-02-07 the
037,a02-102-03-00 foot
037,a02-102-03-01 of
037,a02-102-03-02 his
037,a02-102-03-04 steps
037,a02-102-03-05 at
037,a02-102-03-06 London
037,a02-102-03-07 Airport
037,a02-102-04-02 Forty
037,a02-102-04-03 other
037,a02-102-04-05 greeted
037,a02-102-04-06 him
037,a02-102-05-01 with
037,a02-102-05-02 heads
037,a02-102-05-03 bowed
037,a02-102-05-05 The
037,a02-102-06-00 aged
037,a02-102-06-03 is
037,a02-102-06-04 now
037,a02-102-06-06 history
037,a02-102-06-07 at
037,a02-102-07-00 dge
037,a02-102-07-02 where
037,a02-102-07-03 she
037,a02-102-07-04 is
037,a02-102-07-06 friend
037,a02-102-07-07 of
037,a02-102-07-08 Prince
037,a02-102-07-09 William
037,a02-102-08-00 of
037,a02-106-00-00 King
037,a02-106-00-01 Freddie
037,a02-106-00-02 and
037,a02-106-00-03 three
037,a02-106-00-04 other
037,a02-106-00-06 rulers
037,a02-106-00-07 of
037,a02-106-01-00 native
037,a02-106-01-02 in
037,a02-106-01-03 Uganda
037,a02-106-01-04 arrived
037,a02-106-01-05 for
037,a02-106-01-06 talks
037,a02-106-01-07 with
037,a02-106-02-03 Iain
037,a02-106-02-04 Macleod
037,a02-106-02-06 before
037,a02-106-02-07 the
037,a02-106-03-00 Uganda
037,a02-106-03-03 opens
037,a02-106-03-04 next
037,a02-106-03-05 Monday
037,a02-106-04-00 The
037,a02-106-04-03 Their
037,a02-106-04-04 status
037,a02-106-04-05 in
037,a02-106-04-06 an
037,a02-106-04-08 Uganda
037,a02-106-05-00 The
037,a02-106-05-02 problem
037,a02-106-05-03 for
037,a02-106-05-04 next
037,a02-106-05-07 is
037,a02-106-06-00 to
037,a02-106-06-01 settle
037,a02-106-06-02 the
037,a02-106-06-04 between
037,a02-106-06-05 them
037,a02-106-06-06 and
037,a02-106-06-07 the
037,a02-106-07-00 rest
037,a02-106-07-01 of
037,a02-106-07-02 the
037,a02-106-07-03 country
037,a02-106-07-07 report
037,a02-106-07-08 has
037,a02-106-08-01 their
037,a02-106-08-02 rights
037,a02-106-08-03 and
037,a02-106-08-06 form
037,a02-106-08-07 of
037,a02-106-09-00 federal
037,a02-106-09-03 but
037,a02-106-09-04 the
037,a02-106-09-05 four
037,a02-106-09-06 kings
037,a02-106-09-07 are
037,a02-106-09-08 not
037,a02-111-00-00 Instead
037,a02-111-00-02 the
037,a02-111-00-03 kings
037,a02-111-00-04 will
037,a02-111-00-05 remain
037,a02-111-00-06 in
037,a02-111-00-07 London
037,a02-111-01-00 and
037,a02-111-01-01 wait
037,a02-111-01-02 to
037,a02-111-01-03 hear
037,a02-111-01-04 the
037,a02-111-02-00 Then
037,a02-111-02-01 their
037,a02-111-02-02 views
037,a02-111-02-03 will
037,a02-111-02-04 be
037,a02-111-02-06 back
037,a02-111-03-01 BUTLER
037,a02-111-03-03 the
037,a02-111-03-04 Home
037,a02-111-03-07 has
037,a02-111-03-08 decided
037,a02-111-04-00 to
037,a02-111-04-01 meet
037,a02-111-04-03 the
037,a02-111-04-04 biggest
037,a02-111-04-06 to
037,a02-111-05-02 yet
037,a02-111-05-04 by
037,a02-111-05-05 the
037,a02-111-06-05 Police
037,a02-111-06-06 leave
037,a02-111-07-00 has
037,a02-111-07-01 been
037,a02-111-07-03 and
037,a02-111-07-04 secret
037,a02-111-07-05 plans
037,a02-111-08-00 to
037,a02-111-08-01 deal
037,a02-111-08-02 with
037,a02-111-08-03 the
037,a02-111-08-04 mass
037,a02-111-08-06 rally
037,a02-111-08-07 planned
037,a02-111-09-00 for
037,a02-111-09-01 Sunday
037,a02-111-09-02 in
037,a02-111-09-04 by
037,a02-111-09-05 the
037,a02-111-10-01 of
037,a02-111-10-04 the
037,a02-111-10-06 arms
037,a02-111-11-00 group
037,a02-124-00-01 agreed
037,a02-124-00-02 so
037,a02-124-00-03 far
037,a02-124-00-04 include
037,a02-124-00-09 mass
037,a02-124-01-01 of
037,a02-124-01-02 police
037,a02-124-01-04 special
037,a02-124-02-00 and
037,a02-124-02-03 with
037,a02-124-02-06 posted
037,a02-124-03-00 from
037,a02-124-03-03 to
037,a02-124-03-05 in
037,a02-124-04-00 the
037,a02-124-04-01 area
037,a02-124-04-03 West
037,a02-124-04-04 End
037,a02-124-04-05 Central
037,a02-124-05-00 and
