104,b03-104-00-00 It
104,b03-104-00-01 is
104,b03-104-00-02 true
104,b03-104-00-03 that
104,b03-104-00-04 SIR
104,b03-104-00-05 GRAHAM
104,b03-104-00-06 said
104,b03-104-00-07 there
104,b03-104-00-08 is
104,b03-104-01-00 at
104,b03-104-01-01 the
104,b03-104-01-02 moment
104,b03-104-01-04 an
104,b03-104-01-05 awful
104,b03-104-01-06 mess
104,b03-104-01-07 up
104,b03-104-01-09 in
104,b03-104-02-00 the
104,b03-104-02-02 of
104,b03-104-02-05 This
104,b03-104-03-00 however
104,b03-104-03-02 seems
104,b03-104-03-04 matter
104,b03-104-03-05 of
104,b03-104-03-06 the
104,b03-104-04-00 of
104,b03-104-04-03 The
104,b03-104-04-05 British
104,b03-104-04-06 man
104,b03-104-05-00 and
104,b03-104-05-01 woman
104,b03-104-05-02 is
104,b03-104-05-04 of
104,b03-104-05-05 no
104,b03-104-06-00 Rather
104,b03-104-06-01 than
104,b03-104-06-02 fifty
104,b03-104-06-03 million
104,b03-104-06-04 people
104,b03-104-06-05 having
104,b03-104-07-00 to
104,b03-104-07-01 be
104,b03-104-07-02 put
104,b03-104-07-03 out
104,b03-104-07-04 for
104,b03-104-07-05 the
104,b03-104-07-06 sake
104,b03-104-07-07 of
104,b03-104-07-09 is
104,b03-104-07-10 there
104,b03-104-08-00 any
104,b03-104-08-01 reason
104,b03-104-08-02 why
104,b03-104-08-03 the
104,b03-104-09-00 should
104,b03-104-09-01 not
104,b03-104-09-02 change
104,b03-104-09-03 to
