111,b04-116-00-00 And
111,b04-116-00-01 as
111,b04-116-00-02 the
111,b04-116-00-03 British
111,b04-116-00-05 stepped
111,b04-116-00-06 up
111,b04-116-00-07 the
111,b04-116-00-08 pace
111,b04-116-01-00 of
111,b04-116-01-01 change
111,b04-116-01-03 so
111,b04-116-01-04 the
111,b04-116-01-06 stepped
111,b04-116-01-07 up
111,b04-116-01-08 their
111,b04-116-01-09 demands
111,b04-116-02-00 TODAY
111,b04-116-02-02 in
111,b04-116-02-03 London
111,b04-116-02-05 that
111,b04-116-02-06 rash
111,b04-116-02-07 and
111,b04-116-02-09 policy
111,b04-116-02-10 has
111,b04-116-03-00 caused
111,b04-116-03-02 crisis
111,b04-116-03-05 crisis
111,b04-116-03-06 that
111,b04-116-03-07 never
111,b04-116-03-08 should
111,b04-116-03-09 have
111,b04-116-04-00 No
111,b04-116-04-01 wonder
111,b04-116-04-02 there
111,b04-116-04-03 is
111,b04-116-04-04 doubt
111,b04-116-04-05 and
111,b04-116-04-06 fearful
111,b04-116-05-00 If
111,b04-116-05-01 the
111,b04-116-05-03 now
111,b04-116-05-05 its
111,b04-116-05-06 plan
111,b04-116-05-07 to
111,b04-116-05-08 give
111,b04-116-05-09 the
111,b04-116-06-01 control
111,b04-116-06-02 in
111,b04-116-06-05 it
111,b04-116-06-06 may
111,b04-116-06-07 indeed
111,b04-116-06-08 face
111,b04-116-07-01 from
111,b04-116-07-02 African
111,b04-116-07-04 greedy
111,b04-116-07-05 for
111,b04-116-07-06 power
111,b04-107-00-00 HOW
111,b04-107-00-01 the
111,b04-107-00-03 must
111,b04-107-00-04 repent
111,b04-107-00-05 its
111,b04-107-00-06 haste
111,b04-107-00-07 and
111,b04-107-00-08 folly
111,b04-107-01-00 in
111,b04-107-01-04 months
111,b04-107-01-05 ago
111,b04-107-01-06 this
111,b04-107-02-00 was
111,b04-107-02-03 orderly
111,b04-107-02-05 and
111,b04-107-02-09 within
111,b04-107-02-10 the
111,b04-107-03-00 Federal
111,b04-107-03-02 were
111,b04-107-03-03 getting
111,b04-107-03-06 in
111,b04-107-04-02 Then
111,b04-107-04-04 Iain
111,b04-107-04-05 Macleod
111,b04-107-04-06 became
111,b04-107-05-04 changed
111,b04-107-05-07 were
111,b04-107-06-02 The
111,b04-107-06-06 was
111,b04-107-07-00 rushed
111,b04-107-07-01 out
111,b04-107-07-02 to
111,b04-107-07-07 minor
111,b04-107-07-08 African
111,b04-107-08-01 were
111,b04-107-08-03 into
111,b04-107-08-05 figures
111,b04-121-00-00 But
111,b04-121-00-01 if
111,b04-121-00-02 it
111,b04-121-00-03 fails
111,b04-121-00-04 to
111,b04-121-00-05 modify
111,b04-121-00-06 that
111,b04-121-00-07 plan
111,b04-121-00-09 may
111,b04-121-00-10 well
111,b04-121-01-00 be
111,b04-121-01-01 plunged
111,b04-121-01-02 into
111,b04-121-01-03 chaos
111,b04-121-01-05 like
111,b04-121-01-06 the
111,b04-121-01-07 Congo
111,b04-121-01-09 For
111,b04-121-02-01 and
111,b04-121-02-02 his
111,b04-121-02-04 there
111,b04-121-02-05 is
111,b04-121-02-06 no
111,b04-121-02-07 choice
111,b04-121-02-09 They
111,b04-121-03-00 must
111,b04-121-03-03 against
111,b04-121-03-04 chaos
111,b04-121-03-06 And
111,b04-121-03-07 try
111,b04-121-03-08 to
111,b04-121-04-00 repair
111,b04-121-04-01 the
111,b04-121-04-02 damage
111,b04-121-04-03 they
111,b04-121-04-04 have
111,b04-121-04-05 done
111,b04-121-04-07 WHO
111,b04-121-04-08 can
111,b04-121-04-09 grow
111,b04-121-04-10 the
111,b04-121-05-00 fastest
111,b04-121-05-02 That
111,b04-121-05-03 is
111,b04-121-05-04 the
111,b04-121-05-07 going
111,b04-121-05-08 on
111,b04-121-06-00 among
111,b04-121-06-02 major
111,b04-128-00-00 Top
111,b04-128-00-01 of
111,b04-128-00-02 the
111,b04-128-00-03 table
111,b04-128-00-05 at
111,b04-128-00-06 the
111,b04-128-00-07 moment
111,b04-128-00-09 is
111,b04-128-00-10 the
111,b04-128-01-00 Then
111,b04-128-01-01 comes
111,b04-128-01-05 by
111,b04-128-01-06 iron
111,b04-128-01-07 and
111,b04-128-01-08 steel
111,b04-128-02-00 Even
111,b04-128-02-01 the
111,b04-128-02-02 staid
111,b04-128-02-03 and
111,b04-128-02-04 timid
111,b04-128-02-06 is
111,b04-128-02-07 cheered
111,b04-128-02-08 by
111,b04-128-02-09 the
111,b04-128-03-01 upsurge
111,b04-128-03-02 in
111,b04-128-03-05 It
111,b04-128-03-06 reports
111,b04-128-03-07 that
111,b04-128-03-08 new
111,b04-128-04-00 factory
111,b04-128-04-02 this
111,b04-128-04-03 year
111,b04-128-04-04 is
111,b04-128-04-05 likely
111,b04-128-04-06 to
111,b04-128-04-07 be
111,b04-128-04-09 per
111,b04-128-04-10 cent
111,b04-128-05-00 up
111,b04-128-05-01 on
111,b04-128-05-06 men
111,b04-128-05-07 are
111,b04-128-05-08 right
111,b04-128-05-09 to
111,b04-128-05-10 back
111,b04-128-06-00 their
111,b04-128-06-01 faith
111,b04-128-06-02 with
111,b04-128-06-03 cash
