209,d07-082-00-03 the
209,d07-082-00-04 Mishnah
209,d07-082-00-05 quotes
209,d07-082-00-06 two
209,d07-082-00-07 further
209,d07-082-00-08 proof
209,d07-082-01-00 texts
209,d07-082-01-01 and
209,d07-082-01-02 the
209,d07-082-01-03 Gemara
209,d07-082-01-05 why
209,d07-082-01-06 these
209,d07-082-02-00 too
209,d07-082-02-02 are
209,d07-082-02-05 but
209,d07-082-02-07 careful
209,d07-082-03-00 of
209,d07-082-03-01 that
209,d07-082-03-02 passage
209,d07-082-03-03 makes
209,d07-082-03-04 it
209,d07-082-03-05 clear
209,d07-082-03-06 that
209,d07-082-03-07 these
209,d07-082-03-08 are
209,d07-082-04-00 not
209,d07-082-04-01 quoted
209,d07-082-04-02 here
209,d07-082-04-03 because
209,d07-082-04-04 they
209,d07-082-04-05 are
209,d07-082-04-06 not
209,d07-082-05-01 to
209,d07-082-05-02 prove
209,d07-082-05-03 the
209,d07-082-05-04 point
209,d07-082-05-05 made
209,d07-082-05-06 by
209,d07-082-06-01 Joshua
209,d07-082-06-03 Levi
209,d07-082-06-06 Finally
209,d07-082-06-08 we
209,d07-082-06-09 note
209,d07-082-06-10 that
209,d07-082-07-00 the
209,d07-082-07-01 comment
209,d07-082-07-02 of
209,d07-082-07-03 Rami
209,d07-082-07-04 bar
209,d07-082-07-05 Rabh
209,d07-082-07-06 is
209,d07-082-07-07 quoted
209,d07-085-00-00 From
209,d07-085-00-01 the
209,d07-085-00-02 above
209,d07-085-00-03 it
209,d07-085-00-04 follows
209,d07-085-00-05 that
209,d07-085-00-06 here
209,d07-085-00-08 once
209,d07-085-00-09 again
209,d07-085-01-00 we
209,d07-085-01-01 have
209,d07-085-01-03 good
209,d07-085-01-05 of
209,d07-085-01-06 how
209,d07-085-02-00 sugya
209,d07-085-02-01 has
209,d07-085-02-02 been
209,d07-085-02-04 from
209,d07-085-03-00 already
209,d07-085-03-01 in
209,d07-085-03-02 the
209,d07-085-03-03 hands
209,d07-085-03-04 of
209,d07-085-03-05 the
209,d07-085-04-00 The
209,d07-085-04-01 sugya
209,d07-085-04-02 is
209,d07-085-04-03 built
209,d07-085-04-04 around
209,d07-085-04-05 the
209,d07-085-04-06 saying
209,d07-085-04-07 of
209,d07-085-05-01 Joshua
209,d07-085-05-03 Levi
209,d07-085-05-05 The
209,d07-085-05-06 proof
209,d07-085-05-07 text
209,d07-085-05-08 for
209,d07-085-05-09 the
209,d07-085-06-00 reading
209,d07-085-06-01 of
209,d07-085-06-02 the
209,d07-085-06-03 Book
209,d07-085-06-04 of
209,d07-085-06-05 Esther
209,d07-085-06-06 is
209,d07-085-06-07 quoted
209,d07-085-07-00 with
209,d07-085-07-01 the
209,d07-085-07-02 comment
209,d07-085-07-03 given
209,d07-085-07-04 by
209,d07-085-07-05 Samuel
209,d07-089-00-01 This
209,d07-089-00-02 is
209,d07-089-00-04 to
209,d07-089-00-05 be
209,d07-089-00-07 as
209,d07-089-01-00 known
209,d07-089-01-01 comment
209,d07-089-01-02 on
209,d07-089-01-03 the
209,d07-089-01-04 verse
209,d07-089-01-06 quoted
209,d07-089-01-07 by
209,d07-089-02-00 Samuel
209,d07-089-02-01 in
209,d07-089-02-02 support
209,d07-089-02-03 of
209,d07-089-02-04 his
209,d07-089-02-05 thesis
209,d07-089-02-06 and
209,d07-089-02-07 quoted
209,d07-089-03-00 by
209,d07-089-03-01 the
209,d07-089-03-02 Gemara
209,d07-089-03-03 in
209,d07-089-03-04 support
209,d07-089-03-05 of
209,d07-089-03-07 Joshua
209,d07-089-04-01 thesis
209,d07-089-04-04 The
209,d07-089-04-05 proof
209,d07-089-04-06 text
209,d07-089-04-07 of
209,d07-089-04-09 by
209,d07-089-05-00 the
209,d07-089-05-01 divine
209,d07-089-05-02 Name
209,d07-089-05-03 is
209,d07-089-05-04 taken
209,d07-089-05-05 from
209,d07-089-05-06 the
209,d07-089-05-07 Mishnah
209,d07-089-06-00 There
209,d07-089-06-01 is
209,d07-089-06-02 no
209,d07-089-06-04 to
209,d07-089-06-05 the
209,d07-089-06-06 Mishnah
209,d07-089-06-07 here
209,d07-089-07-00 because
209,d07-089-07-01 the
209,d07-089-07-02 Mishnah
209,d07-089-07-03 deals
209,d07-089-07-04 with
209,d07-089-07-05 the
209,d07-089-08-00 actual
209,d07-089-08-02 of
209,d07-089-08-04 by
209,d07-089-08-05 the
209,d07-089-08-06 divine
209,d07-089-09-00 Name
209,d07-089-09-01 and
209,d07-089-09-02 the
209,d07-089-09-03 Gemara
209,d07-089-09-04 here
209,d07-089-09-05 quotes
209,d07-089-09-06 the
209,d07-089-10-00 texts
209,d07-089-10-01 to
209,d07-089-10-02 support
209,d07-089-10-03 the
209,d07-089-10-04 thesis
209,d07-089-10-05 of
209,d07-089-10-07 Joshua
209,d07-089-10-09 Levi
209,d07-093-00-00 The
209,d07-093-00-02 and
209,d07-093-00-03 answer
209,d07-093-00-04 with
209,d07-093-00-05 regard
209,d07-093-00-06 to
209,d07-093-00-07 the
209,d07-093-01-00 need
209,d07-093-01-01 for
209,d07-093-01-02 the
209,d07-093-01-03 text
209,d07-093-01-04 of
209,d07-093-01-05 the
209,d07-093-01-06 angel
209,d07-093-01-07 are
209,d07-093-01-08 quoted
209,d07-093-02-00 here
209,d07-093-02-01 in
209,d07-093-02-02 the
209,d07-093-02-03 same
209,d07-093-02-04 words
209,d07-093-02-05 in
209,d07-093-02-06 which
209,d07-093-02-07 they
209,d07-093-02-08 are
209,d07-093-03-00 quoted
209,d07-093-03-01 in
209,d07-093-03-02 the
209,d07-093-03-04 on
209,d07-093-03-05 the
209,d07-093-03-06 Mishnah
209,d07-093-04-00 This
209,d07-093-04-01 can
209,d07-093-04-02 either
209,d07-093-04-03 mean
209,d07-093-04-04 that
209,d07-093-04-05 both
209,d07-093-04-06 sugyas
209,d07-093-04-07 are
209,d07-093-05-00 quoting
209,d07-093-05-04 and
209,d07-093-06-00 answer
209,d07-093-06-01 or
209,d07-093-06-02 that
209,d07-093-06-03 our
209,d07-093-06-04 sugya
209,d07-093-06-05 is
209,d07-093-06-06 quoting
209,d07-093-06-07 from
209,d07-093-07-00 the
209,d07-093-07-01 longer
209,d07-093-07-02 sugya
209,d07-093-07-03 which
209,d07-093-07-04 deals
209,d07-093-07-05 with
209,d07-093-07-06 all
209,d07-093-08-00 four
209,d07-093-08-01 texts
209,d07-093-08-02 quoted
209,d07-093-08-03 in
209,d07-093-08-04 the
209,d07-093-08-05 Mishnah
209,d07-096-00-00 Or
209,d07-096-00-01 it
209,d07-096-00-02 is
209,d07-096-00-04 that
209,d07-096-00-05 our
209,d07-096-00-06 sugya
209,d07-096-00-08 the
209,d07-096-01-02 and
209,d07-096-01-03 answer
209,d07-096-01-04 and
209,d07-096-01-05 this
209,d07-096-01-06 is
209,d07-096-01-07 quoted
209,d07-096-02-00 in
209,d07-096-02-01 the
209,d07-096-02-02 other
209,d07-096-02-03 sugya
209,d07-096-02-06 This
209,d07-096-02-07 can
209,d07-096-02-08 be
209,d07-096-02-10 by
209,d07-096-02-11 the
209,d07-096-03-00 use
209,d07-096-03-01 of
209,d07-096-03-02 the
209,d07-096-03-06 Boaz
209,d07-096-03-07 did
209,d07-096-03-08 it
209,d07-096-03-09 of
209,d07-096-03-10 his
209,d07-096-03-11 own
209,d07-096-04-00 accord
209,d07-096-04-01 but
209,d07-096-04-02 there
209,d07-096-04-03 was
209,d07-096-04-04 no
209,d07-096-04-06 of
209,d07-096-04-07 his
209,d07-096-04-08 action
209,d07-096-05-00 in
209,d07-096-05-01 Heaven
209,d07-096-05-03 in
209,d07-096-05-04 both
209,d07-096-05-05 sugyoth
209,d07-096-05-07 Such
209,d07-096-05-08 an
209,d07-096-06-01 appears
209,d07-096-06-02 to
209,d07-096-06-03 have
209,d07-096-06-04 been
209,d07-096-06-05 framed
209,d07-096-06-06 in
209,d07-096-07-01 to
209,d07-096-07-02 the
209,d07-096-07-04 point
209,d07-096-07-05 at
209,d07-096-07-06 issue
209,d07-096-07-07 here
209,d07-096-08-00 whether
209,d07-096-08-01 the
209,d07-096-08-03 Court
209,d07-096-09-00 in
209,d07-096-09-01 the
209,d07-096-09-03 of
209,d07-096-09-04 the
209,d07-096-09-05 human
209,d07-096-09-06 court
209,d07-100-00-00 The
209,d07-100-00-01 proof
209,d07-100-00-02 text
209,d07-100-00-03 of
209,d07-100-00-05 the
209,d07-100-00-06 tithe
209,d07-100-00-07 to
209,d07-100-00-08 the
209,d07-100-00-09 Temple
209,d07-100-01-00 is
209,d07-100-01-01 then
209,d07-100-01-02 quoted
209,d07-100-01-03 and
209,d07-100-01-04 the
209,d07-100-01-06 of
209,d07-100-01-07 the
209,d07-100-02-00 latter
209,d07-100-02-01 part
209,d07-100-02-02 of
209,d07-100-02-03 the
209,d07-100-02-04 verse
209,d07-100-02-05 by
209,d07-100-02-06 Rami
209,d07-100-02-07 bar
209,d07-100-02-08 Rabh
209,d07-100-03-00 is
209,d07-100-03-01 added
209,d07-100-03-03 not
209,d07-100-03-04 because
209,d07-100-03-05 this
209,d07-100-03-06 is
209,d07-100-03-07 at
209,d07-100-03-08 all
209,d07-100-04-00 to
209,d07-100-04-01 the
209,d07-100-04-03 but
209,d07-100-04-04 because
209,d07-100-04-05 it
209,d07-100-04-06 was
209,d07-100-05-03 which
209,d07-100-05-04 had
209,d07-100-06-00 become
209,d07-100-06-01 so
209,d07-100-06-02 well
209,d07-100-06-03 known
209,d07-100-06-04 that
209,d07-100-06-05 it
209,d07-100-06-06 was
209,d07-100-07-01 quoted
209,d07-100-07-03 the
209,d07-100-07-04 verse
209,d07-100-08-00 itself
209,d07-100-08-01 was
209,d07-100-08-02 quoted
209,d07-100-08-04 almost
209,d07-100-08-05 as
209,d07-100-08-06 if
209,d07-100-08-07 it
209,d07-100-08-08 were
209,d07-100-09-00 part
209,d07-100-09-01 of
209,d07-100-09-02 the
209,d07-100-09-03 verse
209,d07-102-00-00 The
209,d07-102-00-01 Gemara
209,d07-102-00-03 with
209,d07-102-00-05 saying
209,d07-102-00-06 of
209,d07-102-00-07 the
209,d07-102-01-01 teacher
209,d07-102-01-04 Eleazar
209,d07-102-02-01 The
209,d07-102-02-02 Holy
209,d07-102-02-03 Spirit
209,d07-102-02-05 itself
209,d07-102-02-06 in
209,d07-102-02-07 three
209,d07-102-02-08 places
209,d07-102-03-00 the
209,d07-102-03-01 court
209,d07-102-03-02 of
209,d07-102-03-03 Shem
209,d07-102-03-05 the
209,d07-102-03-06 court
209,d07-102-03-07 of
209,d07-102-03-08 Samuel
209,d07-102-03-09 of
209,d07-102-03-10 Ramah
209,d07-102-04-00 and
209,d07-102-04-01 the
209,d07-102-04-02 court
209,d07-102-04-03 of
209,d07-102-04-04 Solomon
209,d07-102-04-07 The
209,d07-102-04-08 place
209,d07-102-04-09 of
209,d07-102-04-10 this
209,d07-102-05-00 saying
209,d07-102-05-01 here
209,d07-102-05-02 is
209,d07-102-05-03 obvious
209,d07-102-05-05 it
209,d07-102-05-06 follows
209,d07-102-06-00 on
209,d07-102-06-01 the
209,d07-102-06-02 saying
209,d07-102-06-03 of
209,d07-102-06-05 Joshua
209,d07-102-06-07 Levi
209,d07-102-06-08 which
209,d07-102-07-00 deals
209,d07-102-07-01 with
209,d07-102-07-03 similar
209,d07-102-07-04 theme
