283,f04-083-00-00 So
283,f04-083-00-01 the
283,f04-083-00-02 body
283,f04-083-00-03 of
283,f04-083-00-04 this
283,f04-083-00-05 small
283,f04-083-00-06 girl
283,f04-083-00-07 with
283,f04-083-00-08 the
283,f04-083-00-09 blue
283,f04-083-00-10 eyes
283,f04-083-00-11 and
283,f04-083-01-00 long
283,f04-083-01-01 brown
283,f04-083-01-02 hair
283,f04-083-01-03 in
283,f04-083-01-05 bun
283,f04-083-01-06 at
283,f04-083-01-07 the
283,f04-083-01-08 back
283,f04-083-01-09 of
283,f04-083-01-10 her
283,f04-083-01-11 head
283,f04-083-02-02 mystery
283,f04-083-02-03 until
283,f04-083-02-04 later
283,f04-083-02-05 the
283,f04-083-02-07 day
283,f04-083-03-00 During
283,f04-083-03-01 that
283,f04-083-03-02 time
283,f04-083-03-05 of
283,f04-083-03-06 the
283,f04-083-03-07 girl
283,f04-083-03-08 was
283,f04-083-04-02 and
283,f04-083-04-04 Mr
283,f04-083-04-05 Robert
283,f04-083-04-06 Money
283,f04-083-04-07 came
283,f04-083-04-08 forward
283,f04-083-04-09 to
283,f04-083-05-01 her
283,f04-083-05-02 as
283,f04-083-05-03 his
283,f04-083-05-04 sister
283,f04-083-05-06 Mary
283,f04-083-05-07 Money
283,f04-083-05-09 aged
283,f04-083-06-00 The
283,f04-083-06-01 girl
283,f04-083-06-03 who
283,f04-083-06-04 was
283,f04-083-06-06 as
283,f04-083-06-07 being
283,f04-083-06-09 always
283,f04-083-06-10 bright
283,f04-083-06-11 and
283,f04-083-07-00 jolly
283,f04-083-07-03 had
283,f04-083-07-04 been
283,f04-083-07-07 and
283,f04-083-07-08 lived
283,f04-083-07-09 at
283,f04-083-07-11 Hill
283,f04-083-08-00 Clapham
283,f04-083-08-02 on
283,f04-083-08-03 the
283,f04-083-08-05 of
283,f04-083-08-09 Bridger
283,f04-083-08-11 for
283,f04-083-09-00 whom
283,f04-083-09-01 she
283,f04-083-09-02 worked
283,f04-083-09-03 as
283,f04-087-00-00 On
283,f04-087-00-01 the
283,f04-087-00-02 Sunday
283,f04-087-00-04 the
283,f04-087-00-05 day
283,f04-087-00-06 of
283,f04-087-00-07 her
283,f04-087-00-08 death
283,f04-087-00-10 she
283,f04-087-00-11 had
283,f04-087-00-12 gone
283,f04-087-00-13 out
283,f04-087-00-14 in
283,f04-087-00-15 the
283,f04-087-01-00 evening
283,f04-087-01-01 at
283,f04-087-01-02 about
283,f04-087-01-03 seven
283,f04-087-01-06 telling
283,f04-087-01-07 her
283,f04-087-01-10 Emma
283,f04-087-02-00 Hone
283,f04-087-02-02 that
283,f04-087-02-03 she
283,f04-087-02-04 was
283,f04-087-02-05 going
283,f04-087-02-06 for
283,f04-087-02-08 walk
283,f04-087-02-10 but
283,f04-087-02-11 would
283,f04-087-02-12 not
283,f04-087-02-13 be
283,f04-087-03-00 gone
283,f04-087-03-01 for
283,f04-087-03-02 long
283,f04-087-03-05 to
283,f04-087-03-06 Miss
283,f04-087-03-07 Hone
283,f04-087-03-09 she
283,f04-087-03-10 had
283,f04-087-03-11 not
283,f04-087-03-12 been
283,f04-087-04-02 handbag
283,f04-087-04-04 but
283,f04-087-04-05 she
283,f04-087-04-07 she
283,f04-087-04-08 had
283,f04-087-04-09 had
283,f04-087-04-11 small
283,f04-087-05-00 purse
