030,a02-057-00-00 It
030,a02-057-00-01 alleged
030,a02-057-00-03 Phones
030,a02-057-00-04 were
030,a02-057-00-05 being
030,a02-057-00-06 tapped
030,a02-057-00-07 and
030,a02-057-01-00 going
030,a02-057-01-01 out
030,a02-057-01-02 of
030,a02-057-01-03 action
030,a02-057-01-05 Police
030,a02-057-01-06 were
030,a02-057-02-00 people
030,a02-057-02-02 on
030,a02-057-02-03 no
030,a02-057-02-04 pretext
030,a02-057-02-07 except
030,a02-057-03-00 to
030,a02-057-03-01 pass
030,a02-057-03-02 the
030,a02-057-03-03 time
030,a02-057-03-04 of
030,a02-057-03-05 day
030,a02-057-03-09 had
030,a02-057-04-00 been
030,a02-057-04-01 warned
030,a02-057-04-03 one
030,a02-057-04-04 that
030,a02-057-04-05 his
030,a02-057-05-00 with
030,a02-057-05-01 the
030,a02-057-05-03 was
030,a02-057-05-04 going
030,a02-057-05-05 too
030,a02-057-05-06 far
030,a02-057-05-08 another
030,a02-057-06-00 that
030,a02-057-06-03 was
030,a02-057-07-00 all
030,a02-057-07-01 right
030,a02-057-07-03 but
030,a02-057-07-04 support
030,a02-057-07-05 for
030,a02-057-07-06 the
030,a02-057-08-00 was
030,a02-057-08-01 not
