194,d04-086-00-00 And
194,d04-086-00-01 the
194,d04-086-00-03 had
194,d04-086-00-05 message
194,d04-086-00-06 sealed
194,d04-086-00-07 inside
194,d04-086-00-08 the
194,d04-086-00-09 knots
194,d04-086-01-00 just
194,d04-086-01-01 as
194,d04-086-01-02 there
194,d04-086-01-03 is
194,d04-086-01-05 message
194,d04-086-01-06 sealed
194,d04-086-01-07 in
194,d04-086-01-08 the
194,d04-086-01-09 four
194,d04-086-01-10 emblems
194,d04-086-01-11 which
194,d04-086-02-00 are
194,d04-086-02-01 used
194,d04-086-02-02 on
194,d04-086-02-05 to
194,d04-086-02-06 depict
194,d04-086-02-07 the
194,d04-086-02-09 time
194,d04-086-02-10 of
194,d04-086-02-11 our
194,d04-086-02-12 freedom
194,d04-086-03-00 And
194,d04-086-03-01 they
194,d04-086-03-02 are
194,d04-086-03-06 Matzo
194,d04-086-03-11 Bitter
194,d04-086-03-12 Herbs
194,d04-086-03-18 and
194,d04-086-04-03 kind
194,d04-086-04-04 of
194,d04-086-04-05 fruit
194,d04-086-04-06 mixture
194,d04-086-04-07 in
194,d04-086-04-09 of
194,d04-086-04-10 the
194,d04-086-05-01 of
194,d04-086-05-02 mortar
194,d04-086-05-05 and
194,d04-086-05-09 an
194,d04-086-05-11 to
194,d04-086-05-12 lean
194,d04-086-06-00 back
194,d04-089-00-03 Matzos
194,d04-089-00-04 is
194,d04-089-00-06 bread
194,d04-089-00-09 LECHEM
194,d04-089-00-10 ANJO
194,d04-089-00-11 in
194,d04-089-00-12 Hebrew
194,d04-089-01-00 so
194,d04-089-01-01 are
194,d04-089-01-02 we
194,d04-089-01-04 without
194,d04-089-01-08 and
194,d04-089-01-09 to
194,d04-089-02-00 cure
194,d04-089-02-01 our
194,d04-089-02-02 mental
194,d04-089-02-04 we
194,d04-089-02-05 should
194,d04-089-02-06 be
194,d04-089-02-07 willing
194,d04-089-03-00 to
194,d04-089-03-01 learn
194,d04-089-03-04 is
194,d04-089-03-05 always
194,d04-089-03-06 the
194,d04-089-03-07 most
194,d04-089-03-09 task
194,d04-089-04-01 gives
194,d04-089-04-03 Freedom
194,d04-089-04-04 of
194,d04-089-04-05 Speech
194,d04-089-04-10 Bitter
194,d04-089-04-11 Herbs
194,d04-089-05-01 the
194,d04-089-05-03 that
194,d04-089-05-04 is
194,d04-089-05-05 hurled
194,d04-089-05-06 against
194,d04-089-05-07 us
194,d04-089-06-00 We
194,d04-089-06-01 eat
194,d04-089-06-02 it
194,d04-089-06-04 We
194,d04-089-06-05 accept
194,d04-089-06-06 it
194,d04-089-06-08 to
194,d04-089-06-09 show
194,d04-089-06-10 we
194,d04-089-06-11 have
194,d04-089-07-00 and
194,d04-089-07-01 that
194,d04-089-07-02 God
194,d04-089-07-03 dwells
194,d04-089-07-04 within
194,d04-089-07-05 us
