217,e01-119-00-02 Insert
217,e01-119-00-03 hook
217,e01-119-00-04 through
217,e01-119-00-05 loop
217,e01-119-00-06 and
217,e01-119-00-07 under
217,e01-119-00-08 long
217,e01-119-01-00 thread
217,e01-119-01-02 Catch
217,e01-119-01-03 long
217,e01-119-01-04 end
217,e01-119-01-05 of
217,e01-119-01-06 thread
217,e01-119-02-00 Draw
217,e01-119-02-01 loop
217,e01-119-02-02 through
217,e01-119-02-06 Do
217,e01-119-02-07 not
217,e01-119-02-08 remove
217,e01-119-02-09 hook
217,e01-119-03-00 from
217,e01-119-03-01 thread
217,e01-119-03-03 Pull
217,e01-119-03-04 short
217,e01-119-03-05 end
217,e01-119-03-06 and
217,e01-119-03-07 ball
217,e01-119-03-08 thread
217,e01-119-04-00 in
217,e01-119-04-03 to
217,e01-119-04-04 bring
217,e01-119-04-05 loop
217,e01-119-04-06 close
217,e01-119-04-07 around
217,e01-119-05-00 the
217,e01-119-05-01 end
217,e01-119-05-02 of
217,e01-119-05-03 the
217,e01-119-05-04 hook
217,e01-119-05-06 but
217,e01-119-05-07 not
217,e01-119-05-08 too
217,e01-119-05-09 tight
217,e01-119-06-05 Loop
217,e01-119-06-06 thread
217,e01-119-06-07 round
217,e01-119-06-08 little
217,e01-119-06-09 finger
217,e01-119-07-00 across
217,e01-119-07-01 palm
217,e01-119-07-02 and
217,e01-119-07-03 behind
217,f01-139-00-00 This
217,f01-139-00-01 is
217,f01-139-00-02 what
217,f01-139-00-04 mean
217,f01-139-00-05 by
217,f01-139-00-07 getting
217,f01-139-00-08 things
217,f01-139-00-09 the
217,f01-139-00-10 wrong
217,f01-139-00-11 way
217,f01-139-01-00 round
217,f01-139-01-03 He
217,f01-139-01-04 is
217,f01-139-01-05 far
217,f01-139-01-06 more
217,f01-139-01-07 likely
217,f01-139-01-08 to
217,f01-139-01-09 find
217,f01-139-01-10 out
217,f01-139-01-11 about
217,f01-139-01-12 how
217,f01-139-02-00 his
217,f01-139-02-01 own
217,f01-139-02-02 mind
217,f01-139-02-03 works
217,f01-139-02-04 by
217,f01-139-02-05 looking
217,f01-139-02-06 at
217,f01-139-02-07 other
217,f01-139-03-00 For
217,f01-139-03-02 looking
217,f01-139-03-03 inwards
217,f01-139-03-05 or
217,f01-139-04-00 as
217,f01-139-04-01 it
217,f01-139-04-02 is
217,f01-139-04-03 called
217,f01-139-04-06 is
217,f01-139-04-07 not
217,f01-139-04-09 ruled
217,f01-139-04-10 out
217,f01-139-05-01 most
217,f01-139-05-03 would
217,f01-139-05-04 agree
217,f01-139-05-05 that
217,f01-139-05-06 it
217,f01-139-05-07 is
217,f01-139-06-00 one
217,f01-139-06-01 of
217,f01-139-06-02 the
217,f01-139-06-03 most
217,f01-139-06-05 methods
217,f01-139-06-06 of
217,f01-139-06-07 getting
217,f01-139-07-00 any
217,f01-139-07-01 precise
217,g01-000-00-02 knight
217,g01-000-00-04 Sir
217,g01-000-00-05 John
217,g01-000-00-06 Mercer
217,g01-000-00-08 was
217,g01-000-01-01 in
217,g01-000-01-02 England
217,g01-000-01-04 His
217,g01-000-01-05 son
217,g01-000-01-07 in
217,g01-000-01-08 revenge
217,g01-000-01-10 was
217,g01-000-02-01 English
217,g01-000-02-03 as
217,g01-000-02-04 far
217,g01-000-02-05 away
217,g01-000-02-06 as
217,g01-000-03-00 and
217,g01-000-03-01 doing
217,g01-000-03-02 it
217,g01-000-03-03 to
217,g01-000-03-04 some
217,g01-000-03-05 purpose
217,g01-000-03-07 John
217,g01-000-03-08 Philpot
217,g01-000-04-00 one
217,g01-000-04-01 of
217,g01-000-04-02 that
217,g01-000-04-03 new
217,g01-000-04-04 class
217,g01-000-04-05 of
217,g01-000-05-00 which
217,g01-000-05-01 the
217,g01-000-05-02 city
217,g01-000-05-03 of
217,g01-000-05-04 London
217,g01-000-05-05 was
217,g01-000-05-06 now
217,g01-000-05-09 fitted
217,g01-000-06-01 and
217,g01-000-06-02 manned
217,g01-000-06-04 fleet
217,g01-000-06-05 from
217,g01-000-06-06 his
217,g01-000-06-07 own
217,g01-000-07-02 and
217,g01-000-07-04 the
217,g01-000-07-05 young
217,g01-000-07-06 Mercer
217,g01-000-07-07 in
217,g01-000-08-01 Channel
217,g01-000-08-02 fight
