151,c03-003b-00-00 This
151,c03-003b-00-01 is
151,c03-003b-00-02 not
151,c03-003b-00-04 filmed
151,c03-003b-00-05 play
151,c03-003b-00-07 It
151,c03-003b-00-08 has
151,c03-003b-00-09 been
151,c03-003b-01-01 in
151,c03-003b-01-02 terms
151,c03-003b-01-03 of
151,c03-003b-01-04 the
151,c03-003b-01-05 cinema
151,c03-003b-01-07 and
151,c03-003b-01-08 again
151,c03-003b-01-09 and
151,c03-003b-02-00 again
151,c03-003b-02-01 it
151,c03-003b-02-02 is
151,c03-003b-02-03 the
151,c03-003b-02-04 visual
151,c03-003b-02-06 of
151,c03-003b-02-07 the
151,c03-003b-02-08 story
151,c03-003b-02-10 and
151,c03-003b-03-00 the
151,c03-003b-03-02 of
151,c03-003b-03-03 the
151,c03-003b-03-04 central
151,c03-003b-03-06 to
151,c03-003b-03-07 their
151,c03-003b-04-02 which
151,c03-003b-04-03 bring
151,c03-003b-04-04 the
151,c03-003b-04-05 film
151,c03-003b-04-06 so
151,c03-003b-04-07 vividly
151,c03-003b-04-08 to
151,c03-003b-04-09 life
151,c03-003b-05-00 In
151,c03-003b-05-01 Fanny
151,c03-003b-05-03 which
151,c03-003b-05-04 also
151,c03-003b-05-05 has
151,c03-003b-05-06 its
151,c03-003b-06-00 the
151,c03-003b-06-04 Joshua
151,c03-003b-06-05 Logan
151,c03-003b-06-08 but
151,c03-003b-06-09 failed
151,c03-003b-07-00 to
151,c03-003b-07-01 create
151,c03-003b-07-02 the
151,c03-003b-07-04 of
151,c03-003b-07-06 city
151,c03-021b-00-00 In
151,c03-021b-00-01 Fanny
151,c03-021b-00-02 the
151,c03-021b-00-04 girl
151,c03-021b-00-05 is
151,c03-021b-00-07 by
151,c03-021b-00-08 an
151,c03-021b-00-09 old
151,c03-021b-01-00 man
151,c03-021b-01-02 Here
151,c03-021b-01-03 it
151,c03-021b-01-04 is
151,c03-021b-01-06 young
151,c03-021b-01-10 from
151,c03-021b-02-00 women
151,c03-021b-02-01 but
151,c03-021b-02-02 yet
151,c03-021b-02-03 moved
151,c03-021b-02-04 by
151,c03-021b-02-06 strong
151,c03-021b-02-09 to
151,c03-021b-03-00 the
151,c03-021b-03-01 unborn
151,c03-021b-03-02 child
151,c03-021b-03-03 as
151,c03-021b-03-04 much
151,c03-021b-03-05 as
151,c03-021b-03-06 to
151,c03-021b-03-07 the
151,c03-021b-03-09 mother
151,c03-021b-04-00 who
151,c03-021b-04-01 acts
151,c03-021b-04-02 as
151,c03-021b-04-05 and
151,c03-021b-04-07 to
151,c03-021b-04-08 her
151,c03-021b-04-09 in
151,c03-021b-04-10 her
151,c03-021b-04-11 hour
151,c03-021b-05-00 of
151,c03-021b-05-01 need
151,c03-021b-05-03 He
151,c03-021b-05-04 shares
151,c03-021b-05-05 her
151,c03-021b-05-06 room
151,c03-021b-05-07 and
151,c03-021b-05-08 gives
151,c03-021b-05-09 her
151,c03-021b-05-10 his
151,c03-021b-05-11 forlorn
151,c03-021b-06-00 gift
151,c03-021b-06-01 of
151,c03-021b-06-03 and
151,c03-021b-06-07 you
151,c03-021b-06-08 need
151,c03-021b-07-00 someone
151,c03-021b-07-01 to
151,c03-021b-07-02 love
151,c03-021b-07-03 you
151,c03-021b-07-04 while
151,c03-021b-07-05 you
151,c03-021b-07-06 are
151,c03-021b-07-07 looking
151,c03-021b-07-08 for
151,c03-021b-08-00 someone
151,c03-021b-08-01 to
151,c03-021b-08-02 love
151,c03-081b-00-02 the
151,c03-081b-00-04 has
151,c03-081b-01-01 error
151,c03-081b-01-02 in
151,c03-081b-01-04 Irene
151,c03-081b-01-05 to
151,c03-081b-01-06 speak
151,c03-081b-01-07 for
151,c03-081b-02-00 herself
151,c03-081b-02-02 we
151,c03-081b-02-03 would
151,c03-081b-02-04 be
151,c03-081b-02-06 clearer
151,c03-081b-02-07 in
151,c03-081b-02-08 our
151,c03-081b-03-00 minds
151,c03-081b-03-01 about
151,c03-081b-03-02 her
151,c03-081b-03-03 if
151,c03-081b-03-04 she
151,c03-081b-03-07 flawed
151,c03-081b-03-08 but
151,c03-081b-04-01 enigma
151,c03-081b-04-03 seen
151,c03-081b-04-04 but
151,c03-081b-04-05 not
151,c03-081b-04-06 heard
151,c03-081b-04-08 However
151,c03-081b-05-00 Miss
151,c03-081b-05-01 Pinkie
151,c03-081b-05-03 makes
151,c03-081b-05-04 her
151,c03-081b-05-05 few
151,c03-081b-05-06 brief
151,c03-081b-05-07 scenes
151,c03-081b-06-02 and
151,c03-081b-06-05 Landen
151,c03-081b-06-07 in
151,c03-081b-07-00 the
151,c03-081b-07-01 longest
151,c03-081b-07-02 and
151,c03-081b-07-03 most
151,c03-081b-07-05 role
151,c03-081b-07-07 that
151,c03-081b-07-08 of
151,c03-081b-07-09 the
151,c03-081b-08-02 gives
151,c03-081b-08-05 of
151,c03-081b-08-06 rare
151,c03-081b-09-00 and
151,c03-081b-09-02 power
151,c03-087b-00-00 It
151,c03-087b-00-01 went
151,c03-087b-00-03 perhaps
151,c03-087b-00-05 some
151,c03-087b-00-07 beyond
151,c03-087b-00-08 most
151,c03-087b-01-01 of
151,c03-087b-01-02 its
151,c03-087b-01-03 subject
151,c03-087b-01-04 by
151,c03-087b-01-06 to
151,c03-087b-02-04 which
151,c03-087b-03-00 left
151,c03-087b-03-01 its
151,c03-087b-03-02 central
151,c03-087b-03-04 and
151,c03-087b-03-05 the
151,c03-087b-03-06 world
151,c03-087b-04-00 around
151,c03-087b-04-01 him
151,c03-087b-04-02 in
151,c03-087b-05-00 We
151,c03-087b-05-01 could
151,c03-087b-05-03 perhaps
151,c03-087b-05-05 say
151,c03-087b-05-06 whether
151,c03-087b-05-07 or
151,c03-087b-05-08 not
151,c03-087b-05-09 the
151,c03-087b-05-10 attempt
151,c03-087b-06-01 if
151,c03-087b-06-02 we
151,c03-087b-06-03 had
151,c03-087b-06-05 little
151,c03-087b-06-06 more
151,c03-087b-06-07 faith
151,c03-087b-06-08 in
151,c03-087b-06-09 the
151,c03-087b-07-00 way
151,c03-087b-07-01 in
151,c03-087b-07-02 which
151,c03-087b-07-04 Ferris
151,c03-087b-08-00 his
151,c03-094b-00-01 William
151,c03-094b-00-02 Lucas
151,c03-094b-00-04 Morris
151,c03-094b-00-06 is
151,c03-094b-00-07 always
151,c03-094b-01-01 pushing
151,c03-094b-01-03 Miss
151,c03-094b-01-04 Sheila
151,c03-094b-01-05 Allen
151,c03-094b-01-06 his
151,c03-094b-02-00 wife
151,c03-094b-02-02 always
151,c03-094b-02-03 palely
151,c03-094b-02-07 James
151,c03-094b-02-08 Maxwell
151,c03-094b-03-00 the
151,c03-094b-03-01 editor
151,c03-094b-03-03 always
151,c03-094b-03-05 abashed
151,c03-094b-03-06 by
151,c03-094b-03-07 the
151,c03-094b-04-00 events
151,c03-094b-04-02 and
151,c03-094b-04-04 Aubrey
151,c03-094b-04-07 the
151,c03-094b-05-00 always
151,c03-094b-05-04 they
151,c03-094b-05-05 were
151,c03-094b-05-06 not
151,c03-094b-05-07 asked
151,c03-094b-06-00 to
151,c03-094b-06-02 from
151,c03-094b-06-03 their
151,c03-094b-06-04 set
151,c03-094b-06-05 moods
151,c03-094b-06-06 but
151,c03-094b-06-07 played
151,c03-094b-07-00 with
151,c03-094b-07-01 proper
151,c03-094b-07-03 and
151,c03-094b-07-05 in
151,c03-094b-07-06 the
151,c03-094b-07-07 case
151,c03-094b-07-08 of
151,c03-094b-08-02 with
151,c03-094b-08-03 lavish
151,c03-094b-08-04 and
151,c03-094b-08-06 gaudy
151,c03-094b-09-00 colour
151,c03-016b-00-00 But
151,c03-016b-00-01 there
151,c03-016b-00-02 is
151,c03-016b-00-03 heart
151,c03-016b-00-04 in
151,c03-016b-00-05 the
151,c03-016b-00-06 telling
151,c03-016b-00-08 and
151,c03-016b-00-09 an
151,c03-016b-00-10 intense
151,c03-016b-01-00 realism
151,c03-016b-01-01 in
151,c03-016b-01-02 the
151,c03-016b-01-06 young
151,c03-016b-01-07 girl
151,c03-016b-01-08 lives
151,c03-016b-01-09 in
151,c03-016b-02-01 single
151,c03-016b-02-02 dingy
151,c03-016b-02-03 room
151,c03-016b-02-04 with
151,c03-016b-02-05 her
151,c03-016b-03-01 mother
151,c03-016b-03-03 In
151,c03-016b-03-04 such
151,c03-016b-03-06 she
151,c03-016b-04-00 learns
151,c03-016b-04-01 sex
151,c03-016b-04-02 is
151,c03-016b-04-04 sordid
151,c03-016b-04-06 and
151,c03-016b-04-07 when
151,c03-016b-04-08 she
151,c03-016b-05-01 it
151,c03-016b-05-02 for
151,c03-016b-05-03 the
151,c03-016b-05-04 first
151,c03-016b-05-05 time
151,c03-016b-05-06 herself
151,c03-016b-05-07 it
151,c03-016b-06-00 is
151,c03-016b-06-05 but
151,c03-016b-06-06 half
151,c03-016b-06-07 shyly
151,c03-016b-06-08 and
151,c03-016b-07-00 half
151,c03-016b-07-03 As
151,c03-016b-07-04 is
151,c03-016b-07-05 the
151,c03-016b-07-06 case
151,c03-016b-07-07 in
151,c03-016b-07-08 Fanny
151,c03-016b-07-09 her
151,c03-016b-08-00 first
151,c03-016b-08-01 lover
151,c03-016b-08-02 is
151,c03-016b-08-04 sailor
151,c03-016b-08-05 who
151,c03-016b-08-06 leaves
151,c03-016b-08-07 her
151,c03-016b-08-08 to
151,c03-016b-08-09 bear
151,c03-016b-09-00 his
151,c03-016b-09-01 child
151,c03-016b-09-02 and
151,c03-016b-09-03 sails
151,c03-016b-09-04 away
151,c03-096b-00-00 Only
151,c03-096b-00-03 actions
151,c03-096b-00-07 arose
151,c03-096b-01-01 from
151,c03-096b-01-03 motives
151,c03-096b-01-05 The
151,c03-096b-02-00 rest
151,c03-096b-02-02 one
151,c03-096b-02-03 feels
151,c03-096b-02-05 were
151,c03-096b-02-06 driven
151,c03-096b-02-07 to
151,c03-096b-02-09 action
151,c03-096b-03-00 by
151,c03-096b-03-01 the
151,c03-096b-03-02 author
151,c03-096b-03-03 in
151,c03-096b-03-04 spite
151,c03-096b-03-05 of
151,c03-096b-03-06 the
151,c03-096b-04-00 with
151,c03-096b-04-01 which
151,c03-096b-04-02 he
151,c03-096b-04-03 had
151,c03-096b-04-04 endowed
151,c03-096b-04-05 them
151,c03-096b-04-07 One
151,c03-096b-04-08 hopes
151,c03-096b-05-00 that
151,c03-096b-05-01 he
151,c03-096b-05-02 is
151,c03-096b-05-03 not
151,c03-096b-05-04 asking
151,c03-096b-05-05 us
151,c03-096b-05-06 to
151,c03-096b-05-07 believe
151,c03-096b-05-08 that
151,c03-096b-06-00 because
151,c03-096b-06-01 of
151,c03-096b-06-02 their
151,c03-096b-06-03 odd
151,c03-096b-06-04 accents
151,c03-096b-06-06 they
151,c03-096b-06-07 act
151,c03-096b-06-08 oddly
151,c03-096b-07-00 like
151,c03-096b-07-01 the
151,c03-096b-07-02 queer
151,c03-096b-07-04 of
151,c03-007b-00-00 In
151,c03-007b-00-02 Taste
151,c03-007b-00-03 of
151,c03-007b-00-04 Honey
151,c03-007b-00-07 has
151,c03-007b-00-08 taken
151,c03-007b-01-00 town
151,c03-007b-01-01 in
151,c03-007b-01-02 the
151,c03-007b-01-04 North
151,c03-007b-01-05 of
151,c03-007b-01-06 England
151,c03-007b-01-07 and
151,c03-007b-02-00 has
151,c03-007b-02-01 made
151,c03-007b-02-02 it
151,c03-007b-02-03 live
151,c03-007b-02-05 The
151,c03-007b-02-06 shabby
151,c03-007b-02-07 streets
151,c03-007b-02-08 and
151,c03-007b-02-09 wet
151,c03-007b-03-00 the
151,c03-007b-03-01 school
151,c03-007b-03-04 the
151,c03-007b-03-05 public
151,c03-007b-03-07 and
151,c03-007b-04-00 the
151,c03-007b-04-01 rubbish
151,c03-007b-04-02 strewn
151,c03-007b-04-03 canals
151,c03-007b-04-05 even
151,c03-007b-04-06 the
151,c03-007b-04-07 worn
151,c03-007b-05-01 in
151,c03-007b-05-02 the
151,c03-007b-05-06 sacred
151,c03-007b-05-07 to
151,c03-007b-05-08 the
151,c03-007b-06-00 memory
151,c03-007b-06-01 of
151,c03-007b-06-04 are
151,c03-007b-06-05 seen
151,c03-007b-06-06 as
151,c03-007b-06-07 an
151,c03-007b-06-09 part
151,c03-007b-06-10 of
151,c03-007b-07-00 the
151,c03-007b-07-01 story
151,c03-000b-00-00 The
151,c03-000b-00-01 film
151,c03-000b-00-02 version
151,c03-000b-00-03 of
151,c03-000b-00-04 Miss
151,c03-000b-00-05 Shelagh
151,c03-000b-00-07 play
151,c03-000b-01-00 Taste
151,c03-000b-01-01 of
151,c03-000b-01-02 Honey
151,c03-000b-01-03 opens
151,c03-000b-01-04 at
151,c03-000b-01-05 the
151,c03-000b-01-07 Square
151,c03-000b-01-08 Theatre
151,c03-000b-02-02 It
151,c03-000b-02-03 has
151,c03-000b-02-04 been
151,c03-000b-02-06 and
151,c03-000b-02-08 by
151,c03-000b-03-01 Tony
151,c03-000b-03-04 who
151,c03-000b-03-05 is
151,c03-000b-03-06 also
151,c03-000b-03-08 with
151,c03-000b-04-00 Miss
151,c03-000b-04-01 Delaney
151,c03-000b-04-02 of
151,c03-000b-04-03 the
151,c03-000b-04-04 script
151,c03-000b-04-06 and
151,c03-000b-04-07 the
151,c03-000b-04-08 great
151,c03-000b-05-00 to
151,c03-000b-05-01 be
151,c03-000b-05-02 derived
151,c03-000b-05-03 from
151,c03-000b-05-04 this
151,c03-000b-05-05 unity
151,c03-000b-05-06 of
151,c03-000b-05-08 and
151,c03-000b-05-09 control
151,c03-000b-06-00 are
151,c03-084b-00-01 Bryan
151,c03-084b-00-04 is
151,c03-084b-00-05 quietly
151,c03-084b-01-02 giving
151,c03-084b-01-03 full
151,c03-084b-01-04 value
151,c03-084b-01-05 to
151,c03-084b-01-06 the
151,c03-084b-01-07 formal
151,c03-084b-02-00 of
151,c03-084b-02-02 writing
151,c03-084b-02-03 without
151,c03-084b-03-00 them
151,c03-084b-03-02 Last
151,c03-084b-03-04 play
151,c03-084b-03-05 in
151,c03-084b-03-06 the
151,c03-084b-03-08 Play
151,c03-084b-03-09 of
151,c03-084b-03-10 the
151,c03-084b-04-00 Week
151,c03-084b-04-02 series
151,c03-084b-04-03 on
151,c03-084b-04-07 Then
151,c03-084b-05-00 We
151,c03-084b-05-01 Fall
151,c03-084b-05-03 by
151,c03-084b-05-05 Paul
151,c03-084b-05-06 Ferris
151,c03-084b-05-08 was
151,c03-084b-06-00 on
151,c03-084b-06-01 the
151,c03-084b-06-02 not
151,c03-084b-06-04 theme
151,c03-084b-06-05 of
151,c03-084b-06-06 the
151,c03-084b-07-00 power
151,c03-084b-07-01 of
