088,b01-023-00-00 Seen
088,b01-023-00-01 in
088,b01-023-00-02 this
088,b01-023-00-03 wider
088,b01-023-00-04 picture
088,b01-023-00-07 South
088,b01-023-00-08 Africa
088,b01-023-00-09 that
088,b01-023-00-10 clings
088,b01-023-00-11 to
088,b01-023-01-01 is
088,b01-023-01-03 menace
088,b01-023-01-04 to
088,b01-023-01-05 the
088,b01-023-01-07 and
088,b01-023-02-01 to
088,b01-023-02-02 the
088,b01-023-02-03 whole
088,b01-023-02-04 Western
088,b01-023-02-05 world
088,b01-023-03-01 would
088,b01-023-03-02 be
088,b01-023-03-03 for
088,b01-023-03-04 the
088,b01-023-03-06 to
088,b01-023-03-07 draft
088,b01-023-04-01 set
088,b01-023-04-02 of
088,b01-023-04-05 race
088,b01-023-05-00 And
088,b01-023-05-01 so
088,b01-023-05-02 leave
088,b01-023-05-03 South
088,b01-023-05-04 Africa
088,b01-023-05-05 to
088,b01-023-05-06 make
088,b01-023-05-07 the
088,b01-023-05-08 grade
088,b01-023-06-00 or
088,b01-023-06-01 go
088,b01-023-06-02 out
088,b01-018-00-00 THE
088,b01-018-00-02 is
088,b01-018-00-05 society
088,b01-018-01-00 policy
088,b01-018-01-01 of
088,b01-018-01-02 racial
088,b01-018-01-04 in
088,b01-018-01-05 any
088,b01-018-01-06 of
088,b01-018-01-07 its
088,b01-018-02-00 is
088,b01-018-02-01 surely
088,b01-018-02-02 the
088,b01-018-02-03 one
088,b01-018-02-04 thing
088,b01-018-02-05 that
088,b01-018-02-06 it
088,b01-018-02-07 could
088,b01-018-02-08 not
088,b01-018-02-09 survive
088,b01-018-03-02 say
088,b01-018-03-03 at
088,b01-018-03-04 the
088,b01-018-03-06 table
088,b01-018-03-07 in
088,b01-018-04-00 London
088,b01-018-04-03 at
088,b01-018-04-04 home
088,b01-018-04-05 would
088,b01-018-04-06 regard
088,b01-018-04-07 as
088,b01-018-05-02 which
088,b01-018-05-03 had
088,b01-018-05-04 room
088,b01-018-05-05 for
088,b01-018-05-07 racist
088,b01-018-06-00 South
088,b01-018-06-01 Africa
088,b01-018-06-03 And
088,b01-018-06-04 this
088,b01-018-06-05 is
088,b01-018-06-08 in
088,b01-018-07-00 which
088,b01-018-07-01 five
088,b01-018-07-03 are
088,b01-018-07-05 for
088,b01-018-07-06 every
088,b01-018-07-07 one
088,b01-018-08-00 who
088,b01-018-08-01 is
088,b01-018-08-02 white
088,b01-014-00-00 He
088,b01-014-00-01 holds
088,b01-014-00-02 that
088,b01-014-00-03 more
088,b01-014-00-05 can
088,b01-014-00-06 be
088,b01-014-00-07 put
088,b01-014-00-08 on
088,b01-014-00-09 South
088,b01-014-01-00 Africa
088,b01-014-01-01 while
088,b01-014-01-02 she
088,b01-014-01-03 remains
088,b01-014-01-04 in
088,b01-014-01-05 the
088,b01-014-02-00 than
088,b01-014-02-01 could
088,b01-014-02-02 be
088,b01-014-02-04 were
088,b01-014-02-05 she
088,b01-014-02-06 cut
088,b01-014-02-07 off
088,b01-014-02-08 from
088,b01-014-02-09 it
088,b01-014-03-00 On
088,b01-014-03-01 the
088,b01-014-03-02 other
088,b01-014-03-03 hand
088,b01-014-03-05 those
088,b01-014-03-06 who
088,b01-014-03-07 favour
088,b01-014-04-00 ding
088,b01-014-04-01 African
088,b01-014-04-02 leaders
088,b01-014-04-04 feel
088,b01-014-04-05 that
088,b01-014-04-06 nothing
088,b01-014-04-07 less
088,b01-014-04-08 than
088,b01-014-04-09 the
088,b01-014-05-00 shock
088,b01-014-05-01 of
088,b01-014-05-03 will
088,b01-014-05-04 weaken
088,b01-014-05-05 the
088,b01-014-05-06 grip
088,b01-014-05-07 of
088,b01-014-06-01 and
088,b01-014-06-02 the
088,b01-014-06-05 They
088,b01-014-06-06 point
088,b01-014-06-07 out
088,b01-014-07-00 that
088,b01-014-07-03 refuses
088,b01-014-07-04 to
088,b01-014-08-00 the
088,b01-014-08-02 policy
