243,e04-119-00-00 Again
243,e04-119-00-03 forget
243,e04-119-00-04 to
243,e04-119-00-05 glue
243,e04-119-00-07 Now
243,e04-119-00-08 put
243,e04-119-00-09 on
243,e04-119-00-10 the
243,e04-119-00-11 keel
243,e04-119-00-12 and
243,e04-119-01-00 the
243,e04-119-01-01 rubbing
243,e04-119-01-02 strakes
243,e04-119-01-03 and
243,e04-119-01-04 you
243,e04-119-01-05 are
243,e04-119-01-06 ready
243,e04-119-01-07 to
243,e04-119-01-08 lift
243,e04-119-01-09 the
243,e04-119-01-10 boat
243,e04-119-01-11 off
243,e04-119-02-00 the
243,e04-119-02-01 moulds
243,e04-119-02-03 You
243,e04-119-02-05 want
243,e04-119-02-06 them
243,e04-119-02-07 again
243,e04-119-02-08 for
243,e04-119-02-09 this
243,e04-119-02-10 boat
243,e04-119-02-12 so
243,e04-119-03-00 shift
243,e04-119-03-01 them
243,e04-119-03-02 right
243,e04-119-03-03 out
243,e04-119-03-04 of
243,e04-119-03-05 the
243,e04-119-03-06 way
243,e04-119-03-08 Place
243,e04-119-03-09 the
243,e04-119-03-10 boat
243,e04-119-03-11 right
243,e04-119-03-12 side
243,e04-119-04-00 up
243,e04-119-04-01 on
243,e04-119-04-02 two
243,e04-119-04-03 boxes
243,e04-119-04-04 or
243,e04-119-04-06 of
243,e04-119-04-08 height
243,e04-119-04-09 for
243,e04-119-05-00 working
243,e04-127-00-01 rivet
243,e04-127-00-02 my
243,e04-127-00-05 through
243,e04-127-00-06 the
243,e04-127-00-07 side
243,e04-127-00-08 of
243,e04-127-00-09 the
243,e04-127-00-10 hull
243,e04-127-01-00 with
243,e04-127-01-01 copper
243,e04-127-01-02 nails
243,e04-127-01-03 and
243,e04-127-01-04 roves
243,e04-127-01-06 It
243,e04-127-01-07 greatly
243,e04-127-01-09 the
243,e04-127-02-01 and
243,e04-127-02-02 the
243,e04-127-02-05 Paint
243,e04-127-02-06 with
243,e04-127-02-07 good
243,e04-127-02-08 marine
243,e04-127-02-09 primer
243,e04-127-03-01 and
243,e04-127-03-02 at
243,e04-127-03-03 least
243,e04-127-03-04 one
243,e04-127-03-05 coat
243,e04-127-03-06 of
243,e04-127-03-08 paint
243,e04-127-04-00 WHEN
243,e04-127-04-01 an
243,e04-127-04-03 of
243,e04-127-04-07 are
243,e04-127-04-08 cut
243,e04-127-05-00 into
243,e04-127-05-02 variety
243,e04-127-05-03 of
243,e04-127-05-04 shapes
243,e04-127-05-05 they
243,e04-127-05-06 can
243,e04-127-05-07 be
243,e04-127-05-09 by
243,e04-127-05-10 either
243,e04-127-06-00 making
243,e04-127-06-01 fabric
243,e04-127-06-03 or
243,e04-127-06-04 designs
243,e04-124-00-00 Fix
243,e04-124-00-01 on
243,e04-124-00-02 the
243,e04-124-00-04 and
243,e04-124-00-05 insert
243,e04-124-00-06 the
243,e04-124-00-07 thwarts
243,e04-124-00-09 seats
243,e04-124-01-00 taking
243,e04-124-01-01 care
243,e04-124-01-02 to
243,e04-124-01-04 the
243,e04-124-01-05 sides
243,e04-124-01-06 of
243,e04-124-01-07 the
243,e04-124-01-08 dinghy
243,e04-124-01-09 at
243,e04-124-01-10 the
243,e04-124-01-11 seats
243,e04-124-02-00 with
243,e04-124-02-02 members
243,e04-124-02-03 as
243,e04-124-02-04 shown
243,e04-124-02-05 in
243,e04-124-02-06 the
243,e04-124-02-07 plans
243,e04-124-02-09 Make
243,e04-124-02-10 the
243,e04-124-03-00 four
243,e04-124-03-01 blocks
243,e04-124-03-02 for
243,e04-124-03-03 the
243,e04-124-03-05 and
243,e04-124-03-06 mark
243,e04-124-03-07 their
243,e04-124-04-00 before
243,e04-124-04-02 on
243,e04-124-04-03 the
243,e04-124-04-05 so
243,e04-124-04-06 that
243,e04-124-04-07 you
243,e04-124-04-08 do
243,e04-124-04-09 not
243,e04-124-04-10 put
243,e04-124-05-01 rivet
243,e04-124-05-02 where
243,e04-124-05-03 you
243,e04-124-05-04 will
243,e04-124-05-05 have
243,e04-124-05-06 to
243,e04-124-05-07 cut
243,e04-124-05-08 out
243,e04-124-05-09 the
243,e04-124-05-10 inside
243,e04-124-05-12 gunwale
243,e04-124-06-00 one
243,e04-124-06-01 to
243,e04-124-06-02 fit
243,e04-124-06-03 the
243,e04-124-06-04 block
