619,p03-040-00-01 Hardly
619,p03-040-00-02 likely
619,p03-040-00-04 my
619,p03-040-00-05 sweet
619,p03-040-00-08 surgery
619,p03-040-00-09 goes
619,p03-040-00-10 on
619,p03-040-00-11 for
619,p03-040-01-00 hours
619,p03-040-01-02 If
619,p03-040-01-03 they
619,p03-040-01-04 get
619,p03-040-01-05 in
619,p03-040-01-06 before
619,p03-040-01-09 even
619,p03-040-02-00 though
619,p03-040-02-01 they
619,p03-040-02-04 on
619,p03-040-02-05 one
619,p03-040-02-07 toes
619,p03-040-03-02 got
619,p03-040-03-03 to
619,p03-040-03-04 see
619,p03-040-03-07 If
619,p03-040-03-09 am
619,p03-040-03-10 free
619,p03-040-03-12 though
619,p03-040-04-02 give
619,p03-040-04-03 you
619,p03-040-04-05 ring
619,p03-040-04-13 she
619,p03-040-04-14 had
619,p03-040-05-00 replied
619,p03-040-05-01 readily
619,p03-040-05-03 So
619,p03-040-05-04 how
619,p03-040-05-05 could
619,p03-040-05-06 Nigel
619,p03-040-05-07 have
619,p03-040-06-00 been
619,p03-040-06-01 at
619,p03-040-06-02 the
619,p03-040-06-03 Load
619,p03-040-06-04 of
619,p03-040-06-05 Trouble
619,p03-040-07-00 dancing
619,p03-040-07-01 with
619,p03-040-07-03 blonde
619,p03-040-07-04 at
619,p03-040-07-06 that
619,p03-040-08-00 very
619,p03-040-08-01 evening
