100,b03-025-00-00 But
100,b03-025-00-02 on
100,b03-025-00-03 current
100,b03-025-00-04 points
100,b03-025-00-05 of
100,b03-025-01-00 flict
100,b03-025-01-01 could
100,b03-025-01-02 not
100,b03-025-01-03 go
100,b03-025-01-04 much
100,b03-025-01-05 farther
100,b03-025-01-06 than
100,b03-025-01-08 for
100,b03-025-01-09 example
100,b03-025-01-11 the
100,b03-025-02-00 truism
100,b03-025-02-01 that
100,b03-025-02-03 of
100,b03-025-02-04 menace
100,b03-025-02-05 and
100,b03-025-02-06 mutual
100,b03-025-03-00 cannot
100,b03-025-03-01 be
100,b03-025-03-05 What
100,b03-025-03-06 the
100,b03-025-03-07 council
100,b03-025-03-08 has
100,b03-025-03-09 done
100,b03-025-04-00 and
100,b03-025-04-01 it
100,b03-025-04-02 is
100,b03-025-04-03 an
100,b03-025-04-06 is
100,b03-025-04-07 to
100,b03-025-04-08 make
100,b03-025-05-00 tact
100,b03-025-05-01 across
100,b03-025-05-02 the
100,b03-025-05-05 barrier
100,b03-025-05-06 in
100,b03-025-05-07 what
100,b03-025-06-00 is
100,b03-025-06-01 not
100,b03-025-06-02 yet
100,b03-025-06-04 unitary
100,b03-025-06-05 world
