041,a03-009-00-00 The
041,a03-009-00-01 wish
041,a03-009-00-02 was
041,a03-009-00-05 in
041,a03-009-01-00 on
041,a03-009-01-01 the
041,a03-009-01-03 of
041,a03-009-01-04 the
041,a03-009-01-06 in
041,a03-009-01-08 and
041,a03-009-02-00 in
041,a03-009-02-03 in
041,a03-009-02-06 of
041,a03-009-02-07 the
041,a03-009-02-08 idea
041,a03-009-02-09 of
041,a03-009-02-10 an
041,a03-009-03-03 which
041,a03-009-03-04 would
041,a03-009-04-02 on
041,a03-009-04-03 the
041,a03-009-04-05 and
041,a03-009-05-00 sphere
041,a03-009-05-02 and
041,a03-009-05-03 it
041,a03-009-05-04 is
041,a03-009-05-05 not
041,a03-009-05-07 to
041,a03-009-05-08 see
041,a03-009-05-09 that
041,a03-009-06-00 Tito
041,a03-009-06-01 would
041,a03-009-06-02 like
041,a03-009-06-03 some
041,a03-009-06-04 such
041,a03-009-06-05 idea
041,a03-009-06-07 also
041,a03-009-07-00 to
041,a03-009-07-01 the
041,a03-009-07-02 whole
041,a03-009-07-04 world
