136,c01-066-00-00 The
136,c01-066-00-01 evil
136,c01-066-00-02 that
136,c01-066-00-03 Byron
136,c01-066-00-04 did
136,c01-066-00-06 lived
136,c01-066-00-07 after
136,c01-066-01-00 him
136,c01-066-01-02 and
136,c01-066-01-03 was
136,c01-066-01-04 even
136,c01-066-01-06 by
136,c01-066-01-07 the
136,c01-066-02-02 by
136,c01-066-02-03 almost
136,c01-066-02-04 every
136,c01-066-02-05 person
136,c01-066-03-00 who
136,c01-066-03-01 had
136,c01-066-03-02 been
136,c01-066-03-03 close
136,c01-066-03-04 to
136,c01-066-03-05 him
136,c01-066-03-07 In
136,c01-066-03-08 turning
136,c01-066-03-09 over
136,c01-066-04-00 the
136,c01-066-04-01 bones
136,c01-066-04-02 Doris
136,c01-066-04-03 Langley
136,c01-066-04-04 Moore
136,c01-066-04-05 has
136,c01-066-04-06 brought
136,c01-066-05-00 to
136,c01-066-05-01 light
136,c01-066-05-03 great
136,c01-066-05-04 deal
136,c01-066-05-05 of
136,c01-066-06-01 and
136,c01-066-06-03 vision
136,c01-066-06-04 of
136,c01-066-07-00 making
136,c01-066-07-02 of
136,c01-066-07-03 the
136,c01-066-08-00 classes
136,c01-066-08-01 in
136,c01-066-08-02 the
136,c01-066-08-03 early
136,c01-066-08-05 century
136,c01-066-08-06 which
136,c01-066-09-00 leaves
136,c01-066-09-01 one
136,c01-066-09-03 little
