080,a06-095-00-02 said
080,a06-095-00-03 we
080,a06-095-00-04 could
080,a06-095-00-05 be
080,a06-095-00-06 more
080,a06-095-00-07 help
080,a06-095-01-00 to
080,a06-095-01-01 the
080,a06-095-01-03 through
080,a06-095-01-04 the
080,a06-095-02-01 we
080,a06-095-02-02 would
080,a06-095-02-03 gain
080,a06-095-02-04 in
080,a06-095-02-05 the
080,a06-095-02-06 Common
080,a06-095-03-00 Market
080,a06-095-03-01 than
080,a06-095-03-02 by
080,a06-095-03-05 He
080,a06-095-03-06 paid
080,a06-095-04-00 tribute
080,a06-095-04-01 to
080,a06-095-04-02 the
080,a06-095-04-04 of
080,a06-095-04-05 the
080,a06-095-05-00 Common
080,a06-095-05-01 Market
080,a06-095-05-04 The
080,a06-095-06-01 Common
080,a06-095-06-02 Market
080,a06-095-06-04 has
080,a06-095-06-06 an
080,a06-095-07-00 impetus
080,a06-095-07-01 and
080,a06-095-07-02 an
080,a06-095-07-04 growth
080,a06-095-08-00 to
080,a06-095-08-01 The
080,a06-095-08-02 Six
080,a06-095-08-04 Above
080,a06-095-08-05 all
080,a06-095-08-07 it
080,a06-095-08-08 is
080,a06-095-08-09 an
080,a06-095-08-10 idea
080,a06-095-09-00 which
080,a06-095-09-01 has
080,a06-095-09-02 gripped
080,a06-095-09-04 minds
080,a06-095-10-00 he
080,a06-095-10-01 said
