084,a06-128-00-00 Banks
084,a06-128-00-01 have
084,a06-128-00-02 paid
084,a06-128-00-03 in
084,a06-128-00-05 first
084,a06-128-01-01 of
084,a06-128-01-02 almost
084,a06-128-02-00 in
084,a06-128-02-02 to
084,a06-128-02-03 the
084,a06-128-02-05 appeal
084,a06-128-03-00 About
084,a06-128-03-01 another
084,a06-128-03-03 is
084,a06-128-03-04 due
084,a06-128-04-00 by
084,a06-128-04-04 For
084,a06-128-04-05 nearly
084,a06-128-04-07 year
084,a06-128-05-00 about
084,a06-128-05-02 has
084,a06-128-05-03 been
084,a06-128-05-04 frozen
084,a06-128-06-02 raises
084,a06-128-06-03 the
084,a06-128-06-04 bogy
084,a06-128-06-05 of
084,a06-128-07-00 German
084,a06-128-07-02 in
084,a06-128-07-03 his
084,a06-128-07-04 replies
084,a06-128-07-05 to
084,a06-128-08-00 the
084,a06-128-08-01 West
084,a06-128-08-02 on
084,a06-128-08-03 Berlin
084,a06-128-08-05 And
084,a06-128-08-06 he
084,a06-128-08-07 repeats
084,a06-128-09-00 that
084,a06-128-09-01 the
084,a06-128-09-02 problem
084,a06-128-09-04 must
084,a06-128-09-05 be
084,a06-128-09-06 solved
084,a06-128-10-00 this
084,a06-128-10-01 year
084,a06-119-00-00 Note
084,a06-119-00-02 soared
084,a06-119-00-03 for
084,a06-119-00-04 the
084,a06-119-01-00 sixth
084,a06-119-01-02 week
084,a06-119-01-04 this
084,a06-119-02-00 time
084,a06-119-02-01 by
084,a06-119-02-02 more
084,a06-119-02-03 than
084,a06-119-02-06 last
084,a06-119-03-00 week
084,a06-119-03-02 And
084,a06-119-03-03 that
084,a06-119-03-04 brought
084,a06-119-03-05 the
084,a06-119-03-06 figure
084,a06-119-04-00 to
084,a06-119-04-02 record
084,a06-119-04-05 This
084,a06-119-04-06 was
084,a06-119-05-01 more
084,a06-119-05-02 than
084,a06-119-05-03 the
084,a06-119-06-00 week
084,a06-119-06-01 last
084,a06-119-06-02 year
084,a06-119-06-03 and
084,a06-119-06-05 up
084,a06-119-06-06 on
084,a06-119-07-00 the
084,a06-119-07-02 record
084,a06-119-07-03 set
084,a06-119-07-04 last
084,a06-119-08-00 Now
084,a06-119-08-01 look
084,a06-119-08-02 at
084,a06-119-08-03 the
084,a06-119-08-04 other
084,a06-119-08-05 side
084,a06-119-08-06 of
084,a06-119-08-07 all
084,a06-119-09-00 these
084,a06-119-09-01 coins
