015,a01-063x-00-00 But
015,a01-063x-00-01 he
015,a01-063x-00-02 said
015,a01-063x-00-05 on
015,a01-063x-00-07 higher
015,a01-063x-01-00 level
015,a01-063x-01-01 than
015,a01-063x-01-02 in
015,a01-063x-01-03 the
015,a01-063x-01-04 past
015,a01-063x-01-06 might
015,a01-063x-01-07 be
015,a01-063x-01-08 useful
015,a01-063x-02-00 The
015,a01-063x-02-02 will
015,a01-063x-02-04 discuss
015,a01-063x-02-05 the
015,a01-063x-03-00 problem
015,a01-063x-03-01 with
015,a01-063x-03-05 the
015,a01-063x-03-06 West
015,a01-063x-04-00 German
015,a01-063x-04-01 Foreign
015,a01-063x-04-04 who
015,a01-063x-04-05 is
015,a01-063x-04-06 due
015,a01-063x-04-07 in
015,a01-063x-05-01 next
015,a01-063x-05-02 week
015,a01-063x-05-05 big
015,a01-063x-05-06 slice
015,a01-063x-05-07 of
015,a01-063x-06-02 aid
015,a01-063x-06-04 is
015,a01-063x-06-05 the
015,a01-063x-06-06 early
015,a01-063x-06-07 payment
015,a01-063x-07-00 of
015,a01-063x-07-03 debt
015,a01-063x-07-04 to
015,a01-063x-07-05 America
015,a01-063x-07-07 United
015,a01-063x-08-00 States
015,a01-063x-08-02 quickly
015,a01-063x-08-03 point
015,a01-063x-08-04 out
015,a01-063x-08-05 that
015,a01-063x-09-00 this
015,a01-063x-09-01 is
015,a01-063x-09-02 money
015,a01-063x-09-03 due
015,a01-063x-09-04 to
015,a01-063x-09-05 America
015,a01-063x-09-06 anyway
