639,r02-010-00-00 Between
639,r02-010-00-01 all
639,r02-010-00-02 the
639,r02-010-00-04 parties
639,r02-010-00-06 the
639,r02-010-00-07 final
639,r02-010-01-01 had
639,r02-010-01-02 been
639,r02-010-01-03 delayed
639,r02-010-01-04 long
639,r02-010-01-05 enough
639,r02-010-01-06 for
639,r02-010-02-00 Miss
639,r02-010-02-02 to
639,r02-010-02-03 spend
639,r02-010-02-04 all
639,r02-010-02-05 the
639,r02-010-02-06 money
639,r02-010-02-07 which
639,r02-010-03-00 by
639,r02-010-03-01 rights
639,r02-010-03-02 should
639,r02-010-03-03 have
639,r02-010-03-04 been
639,r02-010-03-06 for
639,r02-010-03-07 her
639,r02-010-03-08 tax
639,r02-010-04-01 one
639,r02-010-04-03 jacket
639,r02-010-05-00 Royce
639,r02-010-05-01 and
639,r02-010-05-03 Sussex
639,r02-010-05-04 manor
639,r02-010-05-05 house
639,r02-010-05-07 all
639,r02-010-06-00 three
639,r02-010-06-01 of
639,r02-010-06-02 which
639,r02-010-06-03 were
639,r02-010-06-04 in
639,r02-010-06-05 her
639,r02-010-06-07 name
639,r02-010-07-00 she
639,r02-010-07-01 now
639,r02-010-07-03 herself
