235,e04-052-00-00 For
235,e04-052-00-03 in
235,e04-052-00-04 Canada
235,e04-052-00-05 we
235,e04-052-00-06 use
235,e04-052-00-08 nails
235,e04-052-01-00 in
235,e04-052-01-01 place
235,e04-052-01-02 of
235,e04-052-01-03 screws
235,e04-052-01-05 We
235,e04-052-01-06 just
235,e04-052-01-07 bend
235,e04-052-01-08 them
235,e04-052-01-09 over
235,e04-052-01-10 and
235,e04-052-01-11 clamp
235,e04-052-02-00 firmly
235,e04-052-02-01 by
235,e04-052-02-02 using
235,e04-052-02-04 hammer
235,e04-052-02-05 on
235,e04-052-02-06 each
235,e04-052-02-07 side
235,e04-052-02-09 Over
235,e04-052-02-10 here
235,e04-052-03-00 always
235,e04-052-03-01 used
235,e04-052-03-02 brass
235,e04-052-03-03 screws
235,e04-052-03-05 which
235,e04-052-03-06 are
235,e04-052-03-07 more
235,e04-052-03-10 The
235,e04-052-03-11 first
235,e04-052-04-00 job
235,e04-052-04-01 is
235,e04-052-04-02 to
235,e04-052-04-03 make
235,e04-052-04-04 your
235,e04-052-04-05 moulds
235,e04-052-04-07 In
235,e04-052-04-10 it
235,e04-052-04-11 quotes
235,e04-052-05-00 but
235,e04-052-05-01 to
235,e04-052-05-02 save
235,e04-052-05-03 money
235,e04-052-05-04 any
235,e04-052-05-05 scrap
235,e04-052-05-06 may
235,e04-052-05-07 be
235,e04-052-05-08 used
235,e04-052-05-10 and
235,e04-052-05-11 if
235,e04-052-05-12 this
235,e04-052-06-00 is
235,e04-052-06-01 nailed
235,e04-052-06-02 and
235,e04-052-06-03 glued
235,e04-052-06-07 it
235,e04-052-06-08 may
235,e04-052-06-09 be
235,e04-052-06-10 marked
235,e04-052-07-00 and
235,e04-052-07-01 cut
235,e04-052-07-02 to
235,e04-052-07-03 shape
235,e04-052-07-04 later
235,e04-043-00-00 Here
235,e04-043-00-01 are
235,e04-043-00-02 the
235,e04-043-00-03 plans
235,e04-043-00-04 of
235,e04-043-00-06 very
235,e04-043-00-08 little
235,e04-043-01-00 rowing
235,e04-043-01-01 dinghy
235,e04-043-01-02 many
235,e04-043-01-03 of
235,e04-043-01-04 which
235,e04-043-01-06 have
235,e04-043-01-07 built
235,e04-043-01-08 and
235,e04-043-02-00 sold
235,e04-043-02-02 It
235,e04-043-02-03 is
235,e04-043-02-06 for
235,e04-043-02-08 in
235,e04-043-03-03 and
235,e04-043-03-05 of
235,e04-043-03-06 weight
235,e04-043-04-00 and
235,e04-043-04-05 by
235,e04-043-04-08 She
235,e04-043-05-00 weighs
235,e04-043-05-01 only
235,e04-043-05-04 but
235,e04-043-05-05 can
235,e04-043-05-06 carry
235,e04-043-05-07 three
235,e04-043-05-08 people
235,e04-043-06-00 and
235,e04-043-06-01 an
235,e04-043-06-03 motor
235,e04-043-06-04 with
235,e04-043-07-00 margin
235,e04-043-07-01 of
