021,a02-000-00-02 has
021,a02-000-00-03 picked
021,a02-000-00-05 strong
021,a02-000-00-07 brains
021,a02-000-00-08 trust
021,a02-000-01-00 team
021,a02-000-01-01 to
021,a02-000-01-03 terms
021,a02-000-01-04 for
021,a02-000-01-05 joining
021,a02-000-01-06 the
021,a02-000-01-07 Common
021,a02-000-01-08 Market
021,a02-000-02-00 And
021,a02-000-02-01 he
021,a02-000-02-02 has
021,a02-000-02-04 plans
021,a02-000-02-05 to
021,a02-000-02-06 visit
021,a02-000-02-08 de
021,a02-000-03-00 Gaulle
021,a02-000-03-01 this
021,a02-000-03-02 month
021,a02-000-03-03 to
021,a02-000-03-04 smooth
021,a02-000-03-05 the
021,a02-000-03-06 way
021,a02-000-03-08 General
021,a02-000-04-00 de
021,a02-000-04-03 welcome
021,a02-000-04-04 last
021,a02-000-04-05 week
021,a02-000-05-00 to
021,a02-000-05-02 moves
021,a02-000-05-03 towards
021,a02-000-05-04 the
021,a02-000-05-05 Six
021,a02-000-05-06 was
021,a02-000-06-00 taken
021,a02-000-06-01 as
021,a02-000-06-04 gesture
021,a02-000-06-05 in
021,a02-000-07-00 but
021,a02-000-07-01 no
021,a02-000-07-02 more
021,a02-000-07-03 than
021,a02-000-07-04 that
