150,c03-000a-00-00 The
150,c03-000a-00-01 film
150,c03-000a-00-02 version
150,c03-000a-00-03 of
150,c03-000a-00-04 Miss
150,c03-000a-00-05 Shelagh
150,c03-000a-01-00 play
150,c03-000a-01-02 Taste
150,c03-000a-01-03 of
150,c03-000a-01-04 Honey
150,c03-000a-01-05 opens
150,c03-000a-01-06 at
150,c03-000a-01-07 the
150,c03-000a-02-00 Square
150,c03-000a-02-01 Theatre
150,c03-000a-02-04 It
150,c03-000a-02-05 has
150,c03-000a-02-06 been
150,c03-000a-03-00 an
150,c03-000a-03-02 by
150,c03-000a-03-04 Tony
150,c03-000a-03-07 who
150,c03-000a-03-08 is
150,c03-000a-03-09 also
150,c03-000a-04-01 with
150,c03-000a-04-02 Miss
150,c03-000a-04-03 Delaney
150,c03-000a-04-04 of
150,c03-000a-04-05 the
150,c03-000a-04-06 script
150,c03-000a-05-00 and
150,c03-000a-05-01 the
150,c03-000a-05-02 great
150,c03-000a-05-04 to
150,c03-000a-05-05 be
150,c03-000a-05-06 derived
150,c03-000a-05-07 from
150,c03-000a-06-00 this
150,c03-000a-06-01 unity
150,c03-000a-06-02 of
150,c03-000a-06-04 and
150,c03-000a-06-05 control
150,c03-000a-06-06 are
150,c03-096a-00-00 Only
150,c03-096a-00-03 actions
150,c03-096a-00-07 arose
150,c03-096a-01-01 from
150,c03-096a-01-03 motives
150,c03-096a-01-05 The
150,c03-096a-01-06 rest
150,c03-096a-02-00 one
150,c03-096a-02-01 feels
150,c03-096a-02-03 were
150,c03-096a-02-04 driven
150,c03-096a-02-05 to
150,c03-096a-02-07 action
150,c03-096a-02-08 by
150,c03-096a-03-00 the
150,c03-096a-03-01 author
150,c03-096a-03-02 in
150,c03-096a-03-03 spite
150,c03-096a-03-04 of
150,c03-096a-03-05 the
150,c03-096a-04-00 with
150,c03-096a-04-01 which
150,c03-096a-04-02 he
150,c03-096a-04-03 had
150,c03-096a-04-04 endowed
150,c03-096a-04-05 them
150,c03-096a-04-07 One
150,c03-096a-05-00 hopes
150,c03-096a-05-01 that
150,c03-096a-05-02 he
150,c03-096a-05-03 is
150,c03-096a-05-04 not
150,c03-096a-05-05 asking
150,c03-096a-05-06 us
150,c03-096a-05-07 to
150,c03-096a-05-08 believe
150,c03-096a-06-00 that
150,c03-096a-06-02 because
150,c03-096a-06-03 of
150,c03-096a-06-04 their
150,c03-096a-06-05 odd
150,c03-096a-06-06 accents
150,c03-096a-06-08 they
150,c03-096a-07-00 act
150,c03-096a-07-01 oddly
150,c03-096a-07-02 like
150,c03-096a-07-03 the
150,c03-096a-07-04 queer
150,c03-096a-07-06 of
150,c03-084a-00-01 Bryan
150,c03-084a-00-04 is
150,c03-084a-00-05 quietly
150,c03-084a-01-02 giving
150,c03-084a-01-03 full
150,c03-084a-01-04 value
150,c03-084a-01-05 to
150,c03-084a-01-06 the
150,c03-084a-01-07 formal
150,c03-084a-02-00 of
150,c03-084a-02-02 writing
150,c03-084a-02-03 without
150,c03-084a-03-00 them
150,c03-084a-03-02 Last
150,c03-084a-03-04 play
150,c03-084a-03-05 in
150,c03-084a-03-06 the
150,c03-084a-03-08 Play
150,c03-084a-03-09 of
150,c03-084a-03-10 the
150,c03-084a-04-00 Week
150,c03-084a-04-02 series
150,c03-084a-04-03 on
150,c03-084a-04-07 Then
150,c03-084a-05-00 We
150,c03-084a-05-01 Fall
150,c03-084a-05-03 by
150,c03-084a-05-05 Paul
150,c03-084a-05-06 Ferris
150,c03-084a-05-08 was
150,c03-084a-06-00 on
150,c03-084a-06-01 the
150,c03-084a-06-02 not
150,c03-084a-06-04 theme
150,c03-084a-06-05 of
150,c03-084a-06-06 the
150,c03-084a-07-00 power
150,c03-084a-07-01 of
150,c03-016a-00-00 But
150,c03-016a-00-01 there
150,c03-016a-00-02 is
150,c03-016a-00-03 heart
150,c03-016a-00-04 in
150,c03-016a-00-05 the
150,c03-016a-00-06 telling
150,c03-016a-00-08 and
150,c03-016a-00-09 an
150,c03-016a-01-00 intense
150,c03-016a-01-01 realism
150,c03-016a-01-02 in
150,c03-016a-01-03 the
150,c03-016a-01-07 young
150,c03-016a-02-00 girl
150,c03-016a-02-01 lives
150,c03-016a-02-02 in
150,c03-016a-02-04 single
150,c03-016a-02-05 dingy
150,c03-016a-02-06 room
150,c03-016a-02-07 with
150,c03-016a-03-00 her
150,c03-016a-03-04 mother
150,c03-016a-03-06 In
150,c03-016a-03-07 such
150,c03-016a-04-01 she
150,c03-016a-04-02 learns
150,c03-016a-04-03 sex
150,c03-016a-04-04 is
150,c03-016a-05-00 sordid
150,c03-016a-05-02 and
150,c03-016a-05-03 when
150,c03-016a-05-04 she
150,c03-016a-05-06 it
150,c03-016a-05-07 for
150,c03-016a-05-08 the
150,c03-016a-06-00 first
150,c03-016a-06-01 time
150,c03-016a-06-02 herself
150,c03-016a-06-03 it
150,c03-016a-06-04 is
150,c03-016a-07-00 but
150,c03-016a-07-01 half
150,c03-016a-07-04 As
150,c03-016a-07-05 is
150,c03-016a-07-06 the
150,c03-016a-07-07 case
150,c03-016a-07-08 in
150,c03-016a-07-09 Fanny
150,c03-016a-08-00 her
150,c03-016a-08-01 first
150,c03-016a-08-02 lover
150,c03-016a-08-03 is
150,c03-016a-08-05 sailor
150,c03-016a-08-06 who
150,c03-016a-08-07 leaves
150,c03-016a-08-08 her
150,c03-016a-09-00 to
150,c03-016a-09-01 bear
150,c03-016a-09-02 his
150,c03-016a-09-03 child
150,c03-016a-09-04 and
150,c03-016a-09-05 sails
150,c03-016a-09-06 away
150,c03-007a-00-00 In
150,c03-007a-00-02 Taste
150,c03-007a-00-03 of
150,c03-007a-00-04 Honey
150,c03-007a-00-07 has
150,c03-007a-01-00 taken
150,c03-007a-01-02 town
150,c03-007a-01-03 in
150,c03-007a-01-04 the
150,c03-007a-01-06 North
150,c03-007a-01-07 of
150,c03-007a-01-08 England
150,c03-007a-02-00 and
150,c03-007a-02-01 has
150,c03-007a-02-02 made
150,c03-007a-02-03 it
150,c03-007a-02-04 live
150,c03-007a-02-06 The
150,c03-007a-02-07 shabby
150,c03-007a-02-08 streets
150,c03-007a-02-09 and
150,c03-007a-03-00 wet
150,c03-007a-03-03 the
150,c03-007a-03-04 school
150,c03-007a-03-07 the
150,c03-007a-04-00 public
150,c03-007a-04-02 and
150,c03-007a-04-03 the
150,c03-007a-04-04 rubbish
150,c03-007a-04-05 strewn
150,c03-007a-04-06 canals
150,c03-007a-05-00 even
150,c03-007a-05-01 the
150,c03-007a-05-02 worn
150,c03-007a-05-04 in
150,c03-007a-05-05 the
150,c03-007a-06-01 sacred
150,c03-007a-06-02 to
150,c03-007a-06-03 the
150,c03-007a-06-04 memory
150,c03-007a-06-05 of
150,c03-007a-06-08 are
150,c03-007a-06-09 seen
150,c03-007a-06-10 as
150,c03-007a-06-11 an
150,c03-007a-07-01 part
150,c03-007a-07-02 of
150,c03-007a-07-03 the
150,c03-007a-07-04 story
150,c03-087a-00-00 It
150,c03-087a-00-01 went
150,c03-087a-00-03 perhaps
150,c03-087a-00-05 some
150,c03-087a-00-07 beyond
150,c03-087a-00-08 most
150,c03-087a-01-01 of
150,c03-087a-01-02 its
150,c03-087a-01-03 subject
150,c03-087a-01-04 by
150,c03-087a-01-06 to
150,c03-087a-02-04 which
150,c03-087a-03-00 left
150,c03-087a-03-01 its
150,c03-087a-03-02 central
150,c03-087a-03-04 and
150,c03-087a-03-05 the
150,c03-087a-03-06 world
150,c03-087a-04-00 around
150,c03-087a-04-01 him
150,c03-087a-04-02 in
150,c03-087a-05-00 We
150,c03-087a-05-01 could
150,c03-087a-05-03 perhaps
150,c03-087a-05-05 say
150,c03-087a-05-06 whether
150,c03-087a-05-07 or
150,c03-087a-05-08 not
150,c03-087a-05-09 the
150,c03-087a-05-10 attempt
150,c03-087a-06-01 if
150,c03-087a-06-02 we
150,c03-087a-06-03 had
150,c03-087a-06-05 little
150,c03-087a-06-06 more
150,c03-087a-06-07 faith
150,c03-087a-06-08 in
150,c03-087a-06-09 the
150,c03-087a-07-00 way
150,c03-087a-07-01 in
150,c03-087a-07-02 which
150,c03-087a-07-04 Ferris
150,c03-087a-07-06 his
150,c03-021a-00-00 In
150,c03-021a-00-01 Fanny
150,c03-021a-00-02 the
150,c03-021a-00-04 girl
150,c03-021a-00-05 is
150,c03-021a-00-07 by
150,c03-021a-01-00 an
150,c03-021a-01-01 old
150,c03-021a-01-02 man
150,c03-021a-01-04 Here
150,c03-021a-01-05 it
150,c03-021a-01-06 is
150,c03-021a-01-08 young
150,c03-021a-02-01 from
150,c03-021a-02-02 women
150,c03-021a-02-03 but
150,c03-021a-02-04 yet
150,c03-021a-02-05 moved
150,c03-021a-02-06 by
150,c03-021a-03-00 strong
150,c03-021a-03-03 to
150,c03-021a-03-04 the
150,c03-021a-03-05 unborn
150,c03-021a-03-06 child
150,c03-021a-04-00 as
150,c03-021a-04-01 much
150,c03-021a-04-02 as
150,c03-021a-04-03 to
150,c03-021a-04-04 the
150,c03-021a-04-06 mother
150,c03-021a-04-08 who
150,c03-021a-04-09 acts
150,c03-021a-05-00 as
150,c03-021a-05-03 and
150,c03-021a-05-05 to
150,c03-021a-05-06 her
150,c03-021a-05-07 in
150,c03-021a-05-08 her
150,c03-021a-06-00 hour
150,c03-021a-06-01 of
150,c03-021a-06-02 need
150,c03-021a-06-04 He
150,c03-021a-06-05 shares
150,c03-021a-06-06 her
150,c03-021a-06-07 room
150,c03-021a-06-08 and
150,c03-021a-06-09 gives
150,c03-021a-07-00 her
150,c03-021a-07-01 his
150,c03-021a-07-02 forlorn
150,c03-021a-07-03 gift
150,c03-021a-07-04 of
150,c03-021a-07-06 and
150,c03-021a-08-00 pathy
150,c03-021a-08-03 you
150,c03-021a-08-04 need
150,c03-021a-08-05 someone
150,c03-021a-08-06 to
150,c03-021a-08-07 love
150,c03-021a-08-08 you
150,c03-021a-08-09 while
150,c03-021a-09-00 you
150,c03-021a-09-01 are
150,c03-021a-09-02 looking
150,c03-021a-09-03 for
150,c03-021a-09-04 someone
150,c03-021a-09-05 to
150,c03-021a-09-06 love
150,c03-081a-00-02 the
150,c03-081a-00-04 has
150,c03-081a-01-01 error
150,c03-081a-01-02 in
150,c03-081a-01-04 Irene
150,c03-081a-01-05 to
150,c03-081a-01-06 speak
150,c03-081a-02-00 for
150,c03-081a-02-01 herself
150,c03-081a-02-03 we
150,c03-081a-02-04 would
150,c03-081a-02-05 be
150,c03-081a-02-07 clearer
150,c03-081a-03-00 in
150,c03-081a-03-01 our
150,c03-081a-03-02 minds
150,c03-081a-03-03 about
150,c03-081a-03-04 her
150,c03-081a-03-05 if
150,c03-081a-03-06 she
150,c03-081a-04-01 flawed
150,c03-081a-04-02 but
150,c03-081a-04-04 enigma
150,c03-081a-04-06 seen
150,c03-081a-04-07 but
150,c03-081a-04-08 not
150,c03-081a-05-00 heard
150,c03-081a-05-02 However
150,c03-081a-05-04 Miss
150,c03-081a-05-05 Pinkie
150,c03-081a-05-07 makes
150,c03-081a-05-08 her
150,c03-081a-06-00 few
150,c03-081a-06-01 brief
150,c03-081a-06-02 scenes
150,c03-081a-06-05 and
150,c03-081a-07-00 Landen
150,c03-081a-07-02 in
150,c03-081a-07-03 the
150,c03-081a-07-04 longest
150,c03-081a-07-05 and
150,c03-081a-07-06 most
150,c03-081a-07-08 role
150,c03-081a-08-00 that
150,c03-081a-08-01 of
150,c03-081a-08-02 the
150,c03-081a-08-05 gives
150,c03-081a-08-08 of
150,c03-081a-09-00 rare
150,c03-081a-09-02 and
150,c03-081a-09-04 power
150,c03-003a-00-00 This
150,c03-003a-00-01 is
150,c03-003a-00-02 not
150,c03-003a-00-04 filmed
150,c03-003a-00-05 play
150,c03-003a-00-07 It
150,c03-003a-00-08 has
150,c03-003a-00-09 been
150,c03-003a-01-02 in
150,c03-003a-01-03 terms
150,c03-003a-01-04 of
150,c03-003a-01-05 the
150,c03-003a-01-06 cinema
150,c03-003a-02-00 and
150,c03-003a-02-01 again
150,c03-003a-02-02 and
150,c03-003a-02-03 again
150,c03-003a-02-04 it
150,c03-003a-02-05 is
150,c03-003a-02-06 the
150,c03-003a-02-07 visual
150,c03-003a-03-00 of
150,c03-003a-03-01 the
150,c03-003a-03-02 story
150,c03-003a-03-04 and
150,c03-003a-03-05 the
150,c03-003a-03-07 of
150,c03-003a-03-08 the
150,c03-003a-03-09 central
150,c03-003a-04-01 to
150,c03-003a-04-02 their
150,c03-003a-04-05 which
150,c03-003a-04-06 bring
150,c03-003a-05-00 the
150,c03-003a-05-01 film
150,c03-003a-05-02 so
150,c03-003a-05-03 vividly
150,c03-003a-05-04 to
150,c03-003a-05-05 life
150,c03-003a-05-07 In
150,c03-003a-05-08 Fanny
150,c03-003a-05-10 which
150,c03-003a-06-00 also
150,c03-003a-06-01 has
150,c03-003a-06-02 its
150,c03-003a-06-06 the
150,c03-003a-07-01 Joshua
150,c03-003a-07-02 Logan
150,c03-003a-07-05 but
150,c03-003a-07-06 failed
150,c03-003a-07-07 to
150,c03-003a-07-08 create
150,c03-003a-08-00 the
150,c03-003a-08-02 of
150,c03-003a-08-04 city
150,c03-094a-00-01 William
150,c03-094a-00-02 Lucas
150,c03-094a-00-04 Morris
150,c03-094a-00-06 is
150,c03-094a-00-07 always
150,c03-094a-01-00 tively
150,c03-094a-01-01 pushing
150,c03-094a-01-03 Miss
150,c03-094a-01-04 Sheila
150,c03-094a-01-05 Allen
150,c03-094a-01-06 his
150,c03-094a-01-07 wife
150,c03-094a-02-00 always
150,c03-094a-02-01 palely
150,c03-094a-02-05 James
150,c03-094a-02-06 Maxwell
150,c03-094a-03-00 the
150,c03-094a-03-01 editor
150,c03-094a-03-03 always
150,c03-094a-03-05 abashed
150,c03-094a-03-06 by
150,c03-094a-03-07 the
150,c03-094a-04-00 events
150,c03-094a-04-02 and
150,c03-094a-04-04 Aubrey
150,c03-094a-04-07 the
150,c03-094a-05-00 law
150,c03-094a-05-02 always
150,c03-094a-05-06 they
150,c03-094a-05-07 were
150,c03-094a-06-00 not
150,c03-094a-06-01 asked
150,c03-094a-06-02 to
150,c03-094a-06-04 from
150,c03-094a-06-05 their
150,c03-094a-06-06 set
150,c03-094a-06-07 moods
150,c03-094a-07-00 but
150,c03-094a-07-01 played
150,c03-094a-07-02 with
150,c03-094a-07-03 proper
150,c03-094a-07-05 and
150,c03-094a-07-07 in
150,c03-094a-08-00 the
150,c03-094a-08-01 case
150,c03-094a-08-02 of
150,c03-094a-08-06 with
150,c03-094a-08-07 lavish
150,c03-094a-08-08 and
150,c03-094a-09-01 gaudy
150,c03-094a-09-02 colour
