178,d01-056-00-00 The
178,d01-056-00-01 most
178,d01-056-00-03 one
178,d01-056-00-04 for
178,d01-056-00-05 the
178,d01-056-00-06 authors
178,d01-056-01-00 has
178,d01-056-01-01 been
178,d01-056-01-02 the
178,d01-056-01-03 text
178,d01-056-01-04 of
178,d01-056-01-06 Souter
178,d01-056-01-08 In
178,d01-056-01-09 this
178,d01-056-02-00 version
178,d01-056-02-01 of
178,d01-056-02-02 the
178,d01-056-02-03 text
178,d01-056-02-04 the
178,d01-056-02-05 Fourth
178,d01-056-02-06 Gospel
178,d01-056-02-07 is
178,d01-056-03-00 printed
178,d01-056-03-01 as
178,d01-056-03-02 just
178,d01-056-03-03 over
178,d01-056-03-06 nouns
178,d01-056-04-00 verbs
178,d01-056-04-02 and
178,d01-056-04-03 other
178,d01-056-04-04 parts
178,d01-056-04-05 of
178,d01-056-04-06 speech
178,d01-056-05-01 times
178,d01-056-05-02 in
178,d01-056-05-03 their
178,d01-056-06-00 forms
178,d01-056-06-02 There
178,d01-056-06-03 are
178,d01-056-06-04 other
178,d01-056-06-05 texts
178,d01-056-06-06 which
178,d01-056-06-07 could
178,d01-056-07-00 have
178,d01-056-07-01 been
178,d01-056-07-02 used
178,d01-056-07-04 and
178,d01-056-07-06 as
178,d01-056-07-07 shown
178,d01-056-07-08 in
178,d01-056-07-09 Table
178,d01-056-08-00 it
178,d01-056-08-01 is
178,d01-056-08-02 not
178,d01-056-08-04 matter
178,d01-056-08-05 of
178,d01-056-08-06 the
178,d01-056-09-00 which
178,d01-056-09-01 text
178,d01-056-09-02 is
178,d01-056-09-03 used
178,d01-060-00-00 At
178,d01-060-00-01 first
178,d01-060-00-02 sight
178,d01-060-00-03 the
178,d01-060-00-05 between
178,d01-060-01-00 Souter
178,d01-060-01-01 and
178,d01-060-01-02 the
178,d01-060-01-03 other
178,d01-060-01-04 texts
178,d01-060-01-05 is
178,d01-060-01-06 rather
178,d01-060-02-00 large
178,d01-060-02-02 But
178,d01-060-02-03 the
178,d01-060-02-04 British
178,d01-060-02-05 text
178,d01-060-03-00 the
178,d01-060-03-04 the
178,d01-060-03-05 Woman
178,d01-060-04-00 taken
178,d01-060-04-01 in
178,d01-060-04-04 and
178,d01-060-04-05 this
178,d01-060-05-00 for
178,d01-060-05-02 words
178,d01-060-05-03 out
178,d01-060-05-04 of
178,d01-060-05-07 which
178,d01-060-05-08 is
178,d01-060-06-00 the
178,d01-060-06-02 between
178,d01-060-06-03 the
178,d01-060-06-05 words
178,d01-060-07-00 of
178,d01-060-07-02 text
178,d01-060-07-03 and
178,d01-060-07-04 the
178,d01-060-07-06 of
178,d01-060-08-00 The
178,d01-060-08-02 or
178,d01-060-08-04 of
178,d01-060-08-05 this
178,d01-060-09-00 is
178,d01-060-09-02 matter
178,d01-060-09-03 of
178,d01-060-09-06 rather
