631,p03-181-00-01 If
631,p03-181-00-03 were
631,p03-181-00-06 girl
631,p03-181-00-07 that
631,p03-181-01-00 what
631,p03-181-01-01 you
631,p03-181-01-03 get
631,p03-181-01-06 she
631,p03-181-01-07 flashed
631,p03-181-01-08 at
631,p03-181-01-09 him
631,p03-181-01-11 and
631,p03-181-02-00 so
631,p03-181-02-01 had
631,p03-181-02-02 left
631,p03-181-02-03 him
631,p03-181-02-05 on
631,p03-181-02-06 her
631,p03-181-02-07 dignity
631,p03-181-02-08 and
631,p03-181-02-09 not
631,p03-181-03-00 seeing
631,p03-181-03-01 the
631,p03-181-03-02 look
631,p03-181-03-03 of
631,p03-181-03-05 and
631,p03-181-04-00 which
631,p03-181-04-01 had
631,p03-181-04-03 her
631,p03-181-04-04 slim
631,p03-181-04-05 young
631,p03-181-04-06 figure
631,p03-181-05-00 out
631,p03-181-05-01 of
631,p03-181-05-02 his
631,p03-181-05-03 sight
631,p03-181-05-06 Mine
631,p03-181-05-09 Nigel
631,p03-181-05-10 Lester
631,p03-181-05-11 had
631,p03-181-06-00 decided
631,p03-181-06-01 with
631,p03-181-06-03 sigh
631,p03-181-06-04 of
631,p03-181-06-07 and
631,p03-181-07-00 then
631,p03-181-07-02 the
631,p03-181-07-03 ring
631,p03-181-07-04 which
631,p03-181-07-05 he
631,p03-181-08-00 from
631,p03-181-08-01 his
631,p03-181-08-02 pocket
631,p03-181-08-05 At
631,p03-181-08-07 price
631,p03-181-08-10 he
631,p03-181-09-00 with
631,p03-181-09-01 some
