525,m02-069-00-00 One
525,m02-069-00-02 if
525,m02-069-00-03 this
525,m02-069-00-04 greater
525,m02-069-00-06 of
525,m02-069-00-07 the
525,m02-069-00-09 cosmos
525,m02-069-00-10 might
525,m02-069-01-00 with
525,m02-069-01-01 time
525,m02-069-01-02 instil
525,m02-069-01-03 the
525,m02-069-01-05 which
525,m02-069-01-07 on
525,m02-069-01-08 Earth
525,m02-069-01-10 nature
525,m02-069-02-01 when
525,m02-069-02-02 one
525,m02-069-02-04 that
525,m02-069-02-05 the
525,m02-069-02-06 rockets
525,m02-069-02-07 over
525,m02-069-02-08 which
525,m02-069-03-00 Board
525,m02-069-03-02 had
525,m02-069-03-03 it
525,m02-069-03-04 in
525,m02-069-03-05 their
525,m02-069-03-06 power
525,m02-069-03-08 to
525,m02-069-03-09 warp
525,m02-069-03-10 the
525,m02-069-04-00 solar
525,m02-069-04-01 system
525,m02-069-04-03 True
525,m02-069-04-04 enough
525,m02-069-04-06 such
525,m02-069-04-08 weapons
525,m02-069-04-09 had
525,m02-069-04-10 not
525,m02-069-04-11 been
525,m02-069-05-00 used
525,m02-069-05-01 in
525,m02-069-05-02 the
525,m02-069-05-03 last
525,m02-069-05-04 few
525,m02-069-05-05 wars
525,m02-069-05-07 but
525,m02-069-05-08 it
525,m02-069-05-09 seemed
525,m02-069-05-10 very
525,m02-069-06-00 that
525,m02-069-06-01 they
525,m02-069-06-02 would
525,m02-069-06-03 be
525,m02-069-06-04 in
525,m02-069-06-05 the
525,m02-069-06-06 next
525,m02-069-06-07 one
525,m02-069-06-09 Moon
525,m02-069-06-10 and
525,m02-069-06-11 her
525,m02-069-07-00 allies
525,m02-069-07-01 being
525,m02-069-07-02 more
525,m02-069-07-04 than
525,m02-069-07-06 to
525,m02-069-07-08 in
525,m02-069-07-09 the
525,m02-069-08-00 weapons
