659,r03-026-00-02 however
659,r03-026-00-04 the
659,r03-026-00-05 fashion
659,r03-026-00-06 for
659,r03-026-01-01 which
659,r03-026-01-03 John
659,r03-026-01-05 had
659,r03-026-02-00 started
659,r03-026-02-01 several
659,r03-026-02-02 decades
659,r03-026-02-03 before
659,r03-026-02-04 had
659,r03-026-02-05 caught
659,r03-026-02-06 on
659,r03-026-03-00 at
659,r03-026-03-01 last
659,r03-026-03-02 and
659,r03-026-03-04 saved
659,r03-026-03-05 the
659,r03-026-03-07 for
659,r03-026-04-00 the
659,r03-026-04-04 who
659,r03-026-04-05 now
659,r03-026-04-06 had
659,r03-026-04-07 plenty
659,r03-026-05-00 of
659,r03-026-05-02 to
659,r03-026-05-03 be
659,r03-026-05-04 coldly
659,r03-026-05-05 elegant
659,r03-026-05-06 in
659,r03-026-05-08 All
659,r03-026-05-09 this
659,r03-026-06-00 Serena
659,r03-026-06-03 and
659,r03-026-06-04 more
659,r03-026-06-06 but
659,r03-026-06-07 in
659,r03-026-06-08 stages
659,r03-026-06-10 For
659,r03-026-06-11 the
659,r03-026-07-00 first
659,r03-026-07-01 thing
659,r03-026-07-02 she
659,r03-026-07-03 did
659,r03-026-07-04 was
659,r03-026-07-05 to
659,r03-026-07-06 make
659,r03-026-07-07 an
659,r03-026-07-08 offer
659,r03-026-08-00 on
659,r03-026-08-02 small
659,r03-026-08-03 pink
659,r03-026-08-05 cottage
659,r03-026-08-07 two
659,r03-026-08-08 beds
659,r03-026-09-00 two
659,r03-026-09-06 and
659,r03-026-10-00 small
659,r03-026-10-01 back
659,r03-026-10-02 yard
659,r03-026-10-04 newly
659,r03-026-10-07 near
659,r03-026-10-08 shops
659,r03-026-10-09 and
659,r03-026-10-10 tube
