522,m02-055-00-00 They
522,m02-055-00-01 had
522,m02-055-00-02 been
522,m02-055-00-03 married
522,m02-055-00-04 for
522,m02-055-00-05 six
522,m02-055-00-06 years
522,m02-055-00-08 but
522,m02-055-00-09 the
522,m02-055-01-00 salary
522,m02-055-01-01 raise
522,m02-055-01-03 on
522,m02-055-01-04 the
522,m02-055-01-06 of
522,m02-055-01-07 which
522,m02-055-01-08 they
522,m02-055-02-00 had
522,m02-055-02-01 done
522,m02-055-02-02 so
522,m02-055-02-04 had
522,m02-055-02-05 not
522,m02-055-02-09 Do
522,m02-055-02-10 you
522,m02-055-03-00 know
522,m02-055-03-03 had
522,m02-055-03-04 to
522,m02-055-03-05 send
522,m02-055-03-06 back
522,m02-055-03-07 our
522,m02-055-03-08 bedroom
522,m02-055-04-01 in
522,m02-055-04-02 the
522,m02-055-04-03 second
522,m02-055-04-04 year
522,m02-055-04-07 she
522,m02-055-04-08 moaned
522,m02-055-04-10 She
522,m02-055-05-00 had
522,m02-055-05-02 in
522,m02-055-05-04 circles
522,m02-055-06-00 friend
522,m02-055-06-01 of
522,m02-055-06-02 hers
522,m02-055-06-03 having
522,m02-055-06-04 married
522,m02-055-06-05 Lester
522,m02-055-06-06 Peron
522,m02-055-07-01 Mocrat
522,m02-055-07-02 Senator
522,m02-055-07-03 with
522,m02-055-07-05 seat
522,m02-055-07-06 on
522,m02-055-07-07 the
522,m02-055-08-04 Rocket
522,m02-055-08-05 Release
522,m02-055-09-00 Board
