341,g06-047j-00-00 This
341,g06-047j-00-02 man
341,g06-047j-00-03 of
341,g06-047j-00-06 whom
341,g06-047j-00-07 Sir
341,g06-047j-01-00 Francis
341,g06-047j-01-01 Burdett
341,g06-047j-01-03 to
341,g06-047j-02-00 year
341,g06-047j-02-01 or
341,g06-047j-02-02 two
341,g06-047j-02-03 later
341,g06-047j-02-04 as
341,g06-047j-02-06 more
341,g06-047j-02-07 like
341,g06-047j-02-09 God
341,g06-047j-03-00 upon
341,g06-047j-03-01 earth
341,g06-047j-03-02 than
341,g06-047j-03-04 human
341,g06-047j-03-05 being
341,g06-047j-03-08 had
341,g06-047j-04-00 an
341,g06-047j-04-02 number
341,g06-047j-04-03 of
341,g06-047j-04-05 among
341,g06-047j-05-01 medical
341,g06-047j-05-02 men
341,g06-047j-05-03 in
341,g06-047j-05-04 the
341,g06-047j-05-05 cities
341,g06-047j-06-00 of
341,g06-047j-06-01 Europe
341,g06-047j-06-03 One
341,g06-047j-06-04 of
341,g06-047j-06-05 these
341,g06-047j-06-06 was
341,g06-047j-06-07 the
341,g06-047j-07-00 Dr
341,g06-047j-07-02 Mauro
341,g06-047j-07-04 whom
341,g06-047j-08-01 in
341,g06-047j-08-02 May
341,g06-037j-00-00 God
341,g06-037j-00-01 grant
341,g06-037j-00-03 however
341,g06-037j-00-05 that
341,g06-037j-00-07 may
341,g06-037j-00-08 be
341,g06-037j-00-10 false
341,g06-037j-01-00 prophet
341,g06-037j-01-02 that
341,g06-037j-01-03 all
341,g06-037j-01-04 may
341,g06-037j-01-05 go
341,g06-037j-01-06 well
341,g06-037j-01-08 Sir
341,g06-037j-01-10 Peel
341,g06-037j-02-00 was
341,g06-037j-02-01 here
341,g06-037j-02-06 but
341,g06-037j-02-07 an
341,g06-037j-02-08 express
341,g06-037j-02-09 took
341,g06-037j-03-00 him
341,g06-037j-03-01 off
341,g06-037j-04-00 While
341,g06-037j-04-01 he
341,g06-037j-04-02 was
341,g06-037j-04-03 in
341,g06-037j-04-04 Naples
341,g06-037j-04-05 there
341,g06-037j-04-06 had
341,g06-037j-04-07 opened
341,g06-037j-05-00 new
341,g06-037j-05-01 chapter
341,g06-037j-05-02 in
341,g06-037j-05-03 the
341,g06-037j-05-04 history
341,g06-037j-05-05 of
341,g06-037j-06-01 search
341,g06-037j-06-02 for
341,g06-037j-06-03 an
341,g06-037j-07-00 of
341,g06-037j-07-01 his
341,g06-037j-07-02 painful
341,g06-037j-07-03 malady
341,g06-037j-07-05 None
341,g06-037j-07-06 of
341,g06-037j-07-07 the
341,g06-037j-08-00 ous
341,g06-037j-08-03 to
341,g06-037j-08-04 which
341,g06-037j-08-05 he
341,g06-037j-08-06 had
341,g06-037j-09-00 been
341,g06-037j-09-02 ever
341,g06-037j-09-03 since
341,g06-037j-09-04 the
341,g06-037j-10-00 had
341,g06-037j-10-01 first
341,g06-037j-10-02 shown
341,g06-037j-10-05 years
341,g06-045j-00-00 In
341,g06-045j-00-01 April
341,g06-045j-00-02 of
341,g06-045j-00-03 that
341,g06-045j-00-04 year
341,g06-045j-00-05 his
341,g06-045j-00-06 first
341,g06-045j-01-02 the
341,g06-045j-01-04 Lord
341,g06-045j-01-07 had
341,g06-045j-02-00 written
341,g06-045j-02-01 to
341,g06-045j-02-02 advise
341,g06-045j-02-04 to
341,g06-045j-02-05 give
341,g06-045j-02-06 the
341,g06-045j-02-07 system
341,g06-045j-03-01 trial
341,g06-045j-03-03 adding
341,g06-045j-03-04 that
341,g06-045j-03-05 it
341,g06-045j-03-06 was
341,g06-045j-03-07 being
341,g06-045j-04-00 with
341,g06-045j-04-02 success
341,g06-045j-04-03 in
341,g06-045j-04-04 France
341,g06-045j-04-05 and
341,g06-045j-05-00 Italy
341,g06-045j-05-02 and
341,g06-045j-05-03 that
341,g06-045j-05-04 he
341,g06-045j-05-05 himself
341,g06-045j-05-06 was
341,g06-045j-05-07 being
341,g06-045j-06-00 treated
341,g06-045j-06-01 under
341,g06-045j-06-03 doctor
341,g06-045j-06-04 who
341,g06-045j-06-05 had
341,g06-045j-06-06 studied
341,g06-045j-07-00 under
341,g06-045j-07-01 its
341,g06-045j-07-02 founder
341,g06-045j-07-04 the
341,g06-045j-07-05 aged
341,g06-045j-07-07 Samuel
341,g06-031j-00-01 What
341,g06-031j-00-04 event
341,g06-031j-00-07 he
341,g06-031j-00-08 wrote
341,g06-031j-00-12 tremble
341,g06-031j-00-14 What
341,g06-031j-01-04 am
341,g06-031j-02-00 but
341,g06-031j-02-02 really
341,g06-031j-02-03 tremble
341,g06-031j-02-04 for
341,g06-031j-02-05 my
341,g06-031j-02-06 country
341,g06-031j-02-09 may
341,g06-031j-03-00 be
341,g06-031j-03-05 cannot
341,g06-031j-03-06 but
341,g06-031j-03-07 fear
341,g06-031j-03-08 that
341,g06-031j-04-00 the
341,g06-031j-04-02 of
341,g06-031j-04-03 the
341,g06-031j-04-04 People
341,g06-031j-04-05 will
341,g06-031j-04-06 be
341,g06-031j-05-00 so
341,g06-031j-05-01 great
341,g06-031j-05-02 at
341,g06-031j-05-03 the
341,g06-031j-05-04 return
341,g06-031j-05-05 of
341,g06-031j-06-00 that
341,g06-031j-06-01 the
341,g06-031j-06-02 Commons
341,g06-031j-06-03 House
341,g06-031j-06-04 upon
341,g06-031j-07-00 which
341,g06-031j-07-01 must
341,g06-031j-07-02 be
341,g06-031j-07-03 had
341,g06-031j-07-05 will
341,g06-031j-07-06 be
341,g06-031j-07-08 mass
341,g06-031j-07-09 of
341,g06-031j-08-03 then
341,g06-031j-08-04 God
341,g06-031j-08-05 knows
341,g06-031j-08-06 what
341,g06-031j-09-00 may
341,g06-031j-09-01 happen
341,g06-018j-00-00 When
341,g06-018j-00-01 the
341,g06-018j-00-02 sailing
341,g06-018j-00-03 season
341,g06-018j-00-04 was
341,g06-018j-00-05 past
341,g06-018j-00-07 he
341,g06-018j-00-08 sent
341,g06-018j-00-09 Pearl
341,g06-018j-01-00 back
341,g06-018j-01-01 to
341,g06-018j-01-02 England
341,g06-018j-01-04 and
341,g06-018j-01-06 to
341,g06-018j-01-07 Rome
341,g06-018j-01-08 for
341,g06-018j-02-00 the
341,g06-018j-02-01 winter
341,g06-018j-02-03 In
341,g06-018j-02-04 late
341,g06-018j-02-07 he
341,g06-018j-02-08 was
341,g06-018j-03-00 as
341,g06-018j-03-01 usual
341,g06-018j-03-04 but
341,g06-018j-03-05 hoped
341,g06-018j-03-07 he
341,g06-018j-03-08 told
341,g06-018j-03-09 Arthur
341,g06-018j-03-12 to
341,g06-018j-03-13 find
341,g06-018j-04-00 this
341,g06-018j-04-01 place
341,g06-018j-04-02 agree
341,g06-018j-04-03 with
341,g06-018j-04-04 me
341,g06-018j-04-05 better
341,g06-018j-04-06 than
341,g06-018j-04-07 Naples
341,g06-018j-05-00 The
341,g06-018j-05-01 journey
341,g06-018j-05-02 has
341,g06-018j-05-03 been
341,g06-018j-05-04 against
341,g06-018j-05-05 me
341,g06-018j-05-07 as
341,g06-018j-05-08 there
341,g06-018j-06-00 has
341,g06-018j-06-01 been
341,g06-018j-06-02 much
341,g06-018j-06-03 rain
341,g06-018j-06-04 and
341,g06-018j-06-05 damp
341,g06-018j-06-07 but
341,g06-018j-06-08 the
341,g06-018j-07-01 is
341,g06-018j-07-02 high
341,g06-018j-07-05 have
341,g06-018j-07-06 not
341,g06-018j-07-07 yet
341,g06-018j-08-00 thought
341,g06-018j-08-01 of
341,g06-018j-08-03 fire
341,g06-026j-00-02 life
341,g06-026j-00-03 truly
341,g06-026j-00-06 It
341,g06-026j-00-07 so
341,g06-026j-00-08 happens
341,g06-026j-00-09 that
341,g06-026j-01-01 have
341,g06-026j-01-02 an
341,g06-026j-01-03 Italian
341,g06-026j-01-04 who
341,g06-026j-01-05 is
341,g06-026j-01-06 perhaps
341,g06-026j-01-07 the
341,g06-026j-01-08 best
341,g06-026j-02-00 Valet
341,g06-026j-02-01 de
341,g06-026j-02-02 Chambre
341,g06-026j-02-03 that
341,g06-026j-02-04 ever
341,g06-026j-02-05 was
341,g06-026j-02-07 But
341,g06-026j-02-08 he
341,g06-026j-03-00 has
341,g06-026j-03-01 not
341,g06-026j-03-02 one
341,g06-026j-03-03 word
341,g06-026j-03-04 of
341,g06-026j-03-05 English
341,g06-026j-03-08 While
341,g06-026j-03-09 he
341,g06-026j-03-10 was
341,g06-026j-04-00 writing
341,g06-026j-04-01 this
341,g06-026j-04-02 letter
341,g06-026j-04-03 he
341,g06-026j-04-04 heard
341,g06-026j-04-05 of
341,g06-026j-04-06 the
341,g06-026j-04-07 fall
341,g06-026j-04-08 of
341,g06-026j-05-00 the
341,g06-026j-05-01 Whigs
341,g06-026j-05-03 and
341,g06-026j-05-04 the
341,g06-026j-05-07 of
341,g06-026j-06-00 the
341,g06-026j-06-02 by
341,g06-026j-06-03 the
341,g06-026j-06-04 Duke
341,g06-026j-06-05 of
341,g06-011j-00-00 By
341,g06-011j-00-01 the
341,g06-011j-00-02 end
341,g06-011j-00-03 of
341,g06-011j-00-04 the
341,g06-011j-00-05 month
341,g06-011j-00-06 he
341,g06-011j-00-07 still
341,g06-011j-00-09 in
341,g06-011j-01-00 Naples
341,g06-011j-01-02 He
341,g06-011j-01-03 told
341,g06-011j-01-05 that
341,g06-011j-01-06 he
341,g06-011j-01-07 enjoyed
341,g06-011j-02-00 it
341,g06-011j-02-01 as
341,g06-011j-02-02 much
341,g06-011j-02-03 as
341,g06-011j-02-04 his
341,g06-011j-02-05 health
341,g06-011j-02-07 him
341,g06-011j-02-08 to
341,g06-011j-03-00 enjoy
341,g06-011j-03-04 The
341,g06-011j-03-05 Pearl
341,g06-011j-03-08 he
341,g06-011j-03-09 wrote
341,g06-011j-03-12 is
341,g06-011j-03-13 arrived
341,g06-011j-04-00 which
341,g06-011j-04-01 is
341,g06-011j-04-03 great
341,g06-011j-04-07 seems
341,g06-011j-05-00 to
341,g06-011j-05-01 be
341,g06-011j-05-02 tired
341,g06-011j-05-04 he
341,g06-011j-05-05 is
341,g06-011j-05-06 going
341,g06-011j-05-07 out
341,g06-011j-05-08 fast
341,g06-011j-05-11 What
341,g06-011j-06-01 gay
341,g06-011j-06-03 lively
341,g06-011j-06-04 people
341,g06-011j-06-06 and
341,g06-011j-06-07 what
341,g06-011j-06-09 busy
341,g06-011j-06-10 town
341,g06-011j-07-00 At
341,g06-011j-07-01 Rome
341,g06-011j-07-03 every
341,g06-011j-07-04 other
341,g06-011j-07-05 man
341,g06-011j-07-06 was
341,g06-011j-07-08 priest
341,g06-011j-08-00 here
341,g06-011j-08-01 the
341,g06-011j-08-02 priest
341,g06-011j-08-03 is
341,g06-011j-08-05 by
341,g06-011j-08-06 the
341,g06-011j-09-00 soldier
341,g06-011j-09-04 change
341,g06-011j-09-05 in
341,g06-011j-09-06 my
341,g06-011j-09-07 eye
341,g06-011j-10-01 as
341,g06-011j-10-02 the
341,g06-011j-10-03 troops
341,g06-011j-10-04 are
341,g06-011j-10-05 very
341,g06-011j-10-06 fine
341,g06-050j-00-01 first
341,g06-050j-00-02 action
341,g06-050j-00-03 was
341,g06-050j-00-04 to
341,g06-050j-00-05 write
341,g06-050j-00-06 to
341,g06-050j-00-07 his
341,g06-050j-00-08 revered
341,g06-050j-01-00 master
341,g06-050j-01-01 at
341,g06-050j-01-04 near
341,g06-050j-01-05 Leipzig
341,g06-050j-01-07 asking
341,g06-050j-01-08 for
341,g06-050j-02-00 advice
341,g06-050j-02-02 In
341,g06-050j-02-03 doing
341,g06-050j-02-04 so
341,g06-050j-02-05 he
341,g06-050j-02-07 his
341,g06-050j-03-00 patient
341,g06-050j-03-01 and
341,g06-050j-03-02 his
341,g06-050j-03-05 He
341,g06-050j-03-06 told
341,g06-050j-04-00 that
341,g06-050j-04-01 he
341,g06-050j-04-02 found
341,g06-050j-04-05 strong
341,g06-050j-05-00 man
341,g06-050j-05-01 with
341,g06-050j-05-03 gentle
341,g06-050j-05-04 and
341,g06-050j-06-01 and
341,g06-050j-06-02 sedate
341,g06-050j-06-04 not
341,g06-050j-06-05 easily
341,g06-050j-07-02 patient
341,g06-050j-07-03 and
341,g06-050j-07-07 but
341,g06-050j-08-00 he
341,g06-050j-08-01 appears
341,g06-050j-08-02 to
341,g06-050j-08-03 despair
341,g06-050j-08-04 of
341,g06-050j-08-05 ever
341,g06-050j-08-06 being
341,g06-050j-09-00 cured
341,g06-042j-00-00 Nor
341,g06-042j-00-01 is
341,g06-042j-00-02 this
341,g06-042j-00-03 to
341,g06-042j-00-04 be
341,g06-042j-00-06 at
341,g06-042j-00-08 for
341,g06-042j-00-09 even
341,g06-042j-00-10 today
341,g06-042j-01-00 in
341,g06-042j-01-01 the
341,g06-042j-01-04 no
341,g06-042j-01-05 cure
341,g06-042j-01-06 has
341,g06-042j-01-07 been
341,g06-042j-01-08 found
341,g06-042j-01-09 for
341,g06-042j-02-00 the
341,g06-042j-02-04 As
341,g06-042j-02-05 early
341,g06-042j-02-06 as
341,g06-042j-02-09 when
341,g06-042j-03-02 himself
341,g06-042j-03-03 to
341,g06-042j-03-04 be
341,g06-042j-03-05 on
341,g06-042j-03-06 the
341,g06-042j-04-00 point
341,g06-042j-04-01 of
341,g06-042j-04-02 death
341,g06-042j-04-04 the
341,g06-042j-04-05 new
341,g06-042j-04-06 German
341,g06-042j-05-00 method
341,g06-042j-05-01 known
341,g06-042j-05-02 as
341,g06-042j-05-04 had
341,g06-042j-05-05 been
341,g06-042j-06-00 brought
341,g06-042j-06-01 to
341,g06-042j-06-02 his
341,g06-042j-06-03 notice
