569,n02-154-00-00 And
569,n02-154-00-01 then
569,n02-154-00-02 she
569,n02-154-00-05 jolt
569,n02-154-00-07 Old
569,n02-154-00-08 Hubert
569,n02-154-01-00 beside
569,n02-154-01-01 her
569,n02-154-01-03 his
569,n02-154-01-05 hat
569,n02-154-01-06 in
569,n02-154-01-07 his
569,n02-154-01-08 hand
569,n02-154-01-10 his
569,n02-154-02-01 mouth
569,n02-154-02-03 in
569,n02-154-02-05 wide
569,n02-154-02-06 grin
569,n02-154-02-08 told
569,n02-154-02-09 her
569,n02-154-03-00 in
569,n02-154-03-01 halting
569,n02-154-03-03 that
569,n02-154-03-06 Piers
569,n02-154-03-08 had
569,n02-154-04-01 right
569,n02-154-04-02 at
569,n02-154-04-03 the
569,n02-154-04-04 start
569,n02-154-04-05 that
569,n02-154-04-08 Beryl
569,n02-154-05-00 would
569,n02-154-05-01 be
569,n02-154-05-03 plenty
569,n02-154-05-05 plenty
569,n02-154-05-06 sad
569,n02-154-05-08 not
569,n02-154-05-09 to
569,n02-154-05-10 be
569,n02-154-05-11 back
569,n02-154-06-00 at
569,n02-154-06-01 the
569,n02-154-06-02 Villa
569,n02-154-06-03 in
569,n02-154-06-04 time
