033,a02-072-00-01 He
033,a02-072-00-02 is
033,a02-072-00-03 not
033,a02-072-00-04 going
033,a02-072-00-05 to
033,a02-072-00-06 agree
033,a02-072-00-07 to
033,a02-072-00-08 be
033,a02-072-00-09 bound
033,a02-072-00-10 over
033,a02-072-00-12 That
033,a02-072-00-13 will
033,a02-072-01-01 mean
033,a02-072-01-02 jail
033,a02-072-01-03 and
033,a02-072-01-05 though
033,a02-072-01-06 frail
033,a02-072-01-08 he
033,a02-072-01-09 is
033,a02-072-01-10 very
033,a02-072-01-11 fit
033,a02-072-01-12 and
033,a02-072-02-00 will
033,a02-072-02-01 take
033,a02-072-02-02 the
033,a02-072-02-03 rigours
033,a02-072-02-04 of
033,a02-072-02-05 prison
033,a02-072-02-06 in
033,a02-072-02-07 his
033,a02-072-02-08 stride
033,a02-072-02-10 He
033,a02-072-03-00 hopes
033,a02-072-03-01 to
033,a02-072-03-02 be
033,a02-072-03-03 allowed
033,a02-072-03-04 to
033,a02-072-03-05 do
033,a02-072-03-06 some
033,a02-072-03-07 writing
033,a02-072-03-10 Back
033,a02-072-03-11 at
033,a02-072-04-00 the
033,a02-072-04-01 Press
033,a02-072-04-05 Clark
033,a02-072-04-06 said
033,a02-072-04-07 two
033,a02-072-05-00 members
033,a02-072-05-01 tried
033,a02-072-05-04 plant
033,a02-072-05-06 call
033,a02-072-05-07 on
033,a02-072-05-08 suspect
033,a02-072-05-09 phone
033,a02-072-05-11 They
033,a02-072-06-03 at
033,a02-072-06-04 Watford
033,a02-072-06-05 at
033,a02-072-06-09 none
033,a02-072-07-00 was
033,a02-072-07-01 planned
033,a02-072-07-02 but
033,a02-072-07-03 police
033,a02-072-07-04 turned
033,a02-072-07-05 up
