310,g03-016-00-01 In
310,g03-016-00-02 this
310,g03-016-00-03 strike
310,g03-016-00-05 as
310,g03-016-00-07 in
310,g03-016-00-08 the
310,g03-016-01-01 in
310,g03-016-01-02 March
310,g03-016-01-03 of
310,g03-016-01-04 that
310,g03-016-01-05 year
310,g03-016-02-00 men
310,g03-016-02-01 were
310,g03-016-02-02 out
310,g03-016-02-07 and
310,g03-016-02-08 solid
310,g03-016-03-00 when
310,g03-016-03-01 only
310,g03-016-03-03 per
310,g03-016-03-04 cent
310,g03-016-03-05 of
310,g03-016-03-06 them
310,g03-016-03-07 stood
310,g03-016-03-08 to
310,g03-016-03-09 gain
310,g03-016-04-01 from
310,g03-016-04-02 the
310,g03-016-04-03 strike
310,g03-016-04-04 and
310,g03-016-04-05 the
310,g03-016-04-06 other
310,g03-016-04-08 per
310,g03-016-05-00 cent
310,g03-016-05-01 made
310,g03-016-05-03 for
310,g03-016-05-04 their
310,g03-016-05-05 fellow
310,g03-016-05-06 men
310,g03-016-06-00 this
310,g03-016-06-02 strike
310,g03-016-06-03 raised
310,g03-016-06-04 the
310,g03-016-06-06 of
310,g03-016-07-00 living
310,g03-016-07-01 wage
310,g03-016-07-02 and
310,g03-016-07-03 showed
310,g03-016-07-04 the
310,g03-016-07-05 worth
310,g03-016-07-06 of
310,g03-016-07-07 the
310,g03-016-08-00 common
310,g03-016-08-01 man
