198,d04-125-00-00 And
198,d04-125-00-01 we
198,d04-125-00-02 answer
198,d04-125-00-04 that
198,d04-125-00-05 the
198,d04-125-00-06 Lord
198,d04-125-00-07 our
198,d04-125-00-08 God
198,d04-125-00-09 gave
198,d04-125-00-10 us
198,d04-125-00-12 four
198,d04-125-01-00 without
198,d04-125-01-01 which
198,d04-125-01-02 Society
198,d04-125-01-03 cannot
198,d04-125-01-04 make
198,d04-125-01-07 And
198,d04-125-01-08 we
198,d04-125-01-09 drink
198,d04-125-02-01 four
198,d04-125-02-02 cups
198,d04-125-02-04 to
198,d04-125-02-05 thank
198,d04-125-02-06 the
198,d04-125-02-07 Lord
198,d04-125-02-08 our
198,d04-125-02-09 God
198,d04-125-02-10 for
198,d04-125-02-11 the
198,d04-125-02-13 four
198,d04-125-03-02 which
198,d04-125-03-03 are
198,d04-125-03-04 Divine
198,d04-125-03-06 There
198,d04-125-03-07 are
198,d04-125-03-08 four
198,d04-125-03-09 ways
198,d04-125-03-10 of
198,d04-125-04-06 will
198,d04-125-04-07 bring
198,d04-125-04-08 you
198,d04-125-04-09 out
198,d04-125-04-10 from
198,d04-125-04-11 under
198,d04-125-04-12 the
198,d04-125-05-00 burdens
198,d04-125-05-01 of
198,d04-125-05-02 Egypt
198,d04-125-05-08 will
198,d04-125-05-09 rid
198,d04-125-05-10 you
198,d04-125-05-11 of
198,d04-125-05-12 their
198,d04-125-05-13 bondage
198,d04-131-00-04 will
198,d04-131-00-05 redeem
198,d04-131-00-06 you
198,d04-131-00-12 will
198,d04-131-00-13 take
198,d04-131-00-14 you
198,d04-131-00-15 to
198,d04-131-00-16 me
198,d04-131-00-17 for
198,d04-131-01-00 people
198,d04-131-01-06 will
198,d04-131-01-07 bring
198,d04-131-01-08 you
198,d04-131-01-09 out
198,d04-131-01-10 from
198,d04-131-01-11 under
198,d04-131-01-12 the
198,d04-131-02-00 burdens
198,d04-131-02-01 of
198,d04-131-02-02 Egypt
198,d04-131-02-04 How
198,d04-131-02-05 was
198,d04-131-02-06 it
198,d04-131-02-07 that
198,d04-131-02-08 Israel
198,d04-131-02-09 was
198,d04-131-03-00 brought
198,d04-131-03-01 out
198,d04-131-03-02 from
198,d04-131-03-03 under
198,d04-131-03-04 the
198,d04-131-03-05 burdens
198,d04-131-03-06 of
198,d04-131-03-07 Egypt
198,d04-131-04-00 Because
198,d04-131-04-02 they
198,d04-131-04-03 kept
198,d04-131-04-04 the
198,d04-131-04-06 and
198,d04-131-04-07 they
198,d04-131-04-08 were
198,d04-131-05-00 eating
198,d04-131-05-01 Matzos
198,d04-131-05-02 in
198,d04-131-05-03 Egypt
198,d04-131-05-04 and
198,d04-131-05-05 the
198,d04-131-05-07 Feast
198,d04-131-05-08 of
198,d04-131-05-09 Matzos
198,d04-131-06-00 was
198,d04-131-06-01 known
198,d04-131-06-02 even
198,d04-131-06-03 to
198,d04-131-06-04 Abraham
198,d04-131-06-05 and
198,d04-131-06-06 Lot
