110,b04-096-00-00 Under
110,b04-096-00-01 the
110,b04-096-00-02 Labour
110,b04-096-00-05 per
110,b04-096-00-06 cent
110,b04-096-00-07 of
110,b04-096-00-08 the
110,b04-096-01-01 income
110,b04-096-01-02 was
110,b04-096-01-03 spent
110,b04-096-01-04 on
110,b04-096-01-05 social
110,b04-096-01-08 The
110,b04-096-02-00 present
110,b04-096-02-01 figure
110,b04-096-02-02 is
110,b04-096-02-04 per
110,b04-096-02-06 There
110,b04-096-02-07 are
110,b04-096-02-08 many
110,b04-096-03-01 targets
110,b04-096-03-02 for
110,b04-096-03-03 the
110,b04-096-03-06 What
110,b04-096-03-08 pity
110,b04-096-04-00 to
110,b04-096-04-01 aim
110,b04-096-04-02 at
110,b04-096-04-03 the
110,b04-096-04-04 wrong
110,b04-096-04-05 one
110,b04-096-04-08 MARCIA
110,b04-096-04-09 POWER
110,b04-096-05-00 whose
110,b04-096-05-01 husband
110,b04-096-05-02 made
110,b04-096-05-03 her
110,b04-096-05-04 clean
110,b04-096-05-05 his
110,b04-096-05-06 uniform
110,b04-096-05-08 wins
110,b04-096-06-01 divorce
110,b04-096-06-03 The
110,b04-096-06-04 judge
110,b04-096-06-05 says
110,b04-096-06-06 she
110,b04-096-06-07 had
110,b04-096-06-08 to
110,b04-096-06-09 act
110,b04-096-06-10 almost
110,b04-096-07-00 as
110,b04-096-07-02 serf
110,b04-103-00-00 Up
110,b04-103-00-01 and
110,b04-103-00-02 down
110,b04-103-00-03 the
110,b04-103-00-04 country
110,b04-103-00-06 will
110,b04-103-00-07 be
110,b04-103-00-08 saying
110,b04-103-01-00 they
110,b04-103-01-01 would
110,b04-103-01-02 never
110,b04-103-01-03 behave
110,b04-103-01-04 like
110,b04-103-01-05 that
110,b04-103-01-07 But
110,b04-103-01-08 do
110,b04-103-01-09 they
110,b04-103-01-10 ever
110,b04-103-02-00 ponder
110,b04-103-02-01 how
110,b04-103-02-02 their
110,b04-103-02-04 tools
110,b04-103-02-05 are
110,b04-103-03-01 to
110,b04-103-03-02 the
110,b04-103-03-03 shed
110,b04-103-03-05 their
110,b04-103-03-06 books
110,b04-103-03-07 tidied
110,b04-103-03-09 and
110,b04-103-03-10 often
110,b04-103-04-00 even
110,b04-103-04-01 their
110,b04-103-04-02 shoes
110,b04-103-04-03 cleaned
110,b04-103-04-05 How
110,b04-103-04-07 if
110,b04-103-04-08 they
110,b04-103-05-00 showed
110,b04-103-05-01 their
110,b04-103-05-03 this
110,b04-103-05-04 morning
110,b04-103-05-05 with
110,b04-103-06-00 box
110,b04-103-06-01 of
110,b04-103-06-03 or
110,b04-103-06-05 bunch
110,b04-103-06-06 of
110,b04-103-06-07 flowers
110,b04-089-00-00 Who
110,b04-089-00-01 are
110,b04-089-00-02 they
110,b04-089-00-04 The
110,b04-089-00-05 trade
110,b04-089-00-06 union
110,b04-089-00-08 of
110,b04-089-00-09 Britain
110,b04-089-01-00 Men
110,b04-089-01-01 who
110,b04-089-01-02 earn
110,b04-089-01-03 only
110,b04-089-01-06 of
110,b04-089-01-07 what
110,b04-089-01-08 their
110,b04-089-02-00 talents
110,b04-089-02-01 and
110,b04-089-02-03 could
110,b04-089-02-04 bring
110,b04-089-02-05 in
110,b04-089-02-06 the
110,b04-089-02-07 open
110,b04-089-03-00 labour
110,b04-089-03-01 market
110,b04-089-03-03 The
110,b04-089-03-04 unions
110,b04-089-03-05 are
110,b04-089-03-07 indeed
110,b04-089-03-08 to
110,b04-089-04-00 find
110,b04-089-04-02 leaders
110,b04-089-04-03 at
110,b04-089-04-05 prices
110,b04-089-04-07 But
110,b04-089-04-08 it
110,b04-089-04-09 is
110,b04-089-05-00 time
110,b04-089-05-01 the
110,b04-089-05-02 members
110,b04-089-05-03 decided
110,b04-089-05-04 to
110,b04-089-05-05 pay
110,b04-089-05-06 up
110,b04-089-05-07 and
110,b04-089-05-08 be
110,b04-089-05-09 good
110,b04-089-06-02 THE
110,b04-089-06-03 Labour
110,b04-089-06-04 Party
110,b04-089-06-05 says
110,b04-089-06-06 that
110,b04-089-06-07 the
110,b04-089-06-08 Tory
110,b04-089-07-01 is
110,b04-089-07-03 the
110,b04-089-07-04 social
110,b04-081-00-00 Why
110,b04-081-00-01 not
110,b04-081-00-02 follow
110,b04-081-00-03 Lord
110,b04-081-00-05 lead
110,b04-081-00-06 today
110,b04-081-01-00 Head
110,b04-081-01-01 for
110,b04-081-01-02 the
110,b04-081-01-03 parks
110,b04-081-01-04 to
110,b04-081-01-05 enjoy
110,b04-081-01-06 the
110,b04-081-01-07 sun
110,b04-081-01-09 Not
110,b04-081-01-10 in
110,b04-081-02-01 foolish
110,b04-081-02-02 cause
110,b04-081-02-04 but
110,b04-081-02-05 in
110,b04-081-02-08 one
110,b04-081-02-10 Good
110,b04-081-02-11 health
110,b04-081-03-00 THIS
110,b04-081-03-01 group
110,b04-081-03-02 of
110,b04-081-03-03 men
110,b04-081-03-05 says
110,b04-081-03-07 report
110,b04-081-03-09 work
110,b04-081-03-10 on
110,b04-081-03-11 average
110,b04-081-04-00 between
110,b04-081-04-02 and
110,b04-081-04-04 hours
110,b04-081-04-06 week
110,b04-081-04-08 They
110,b04-081-04-09 also
110,b04-081-04-10 put
110,b04-081-05-00 in
110,b04-081-05-01 an
110,b04-081-05-02 extra
110,b04-081-05-03 two
110,b04-081-05-04 or
110,b04-081-05-05 three
110,b04-081-05-08 And
110,b04-081-05-09 they
110,b04-081-05-10 never
110,b04-081-06-00 go
110,b04-081-06-01 on
110,b04-081-06-02 strike
