248,e07-105-00-00 Many
248,e07-105-00-01 amateur
248,e07-105-00-03 might
248,e07-105-00-04 improve
248,e07-105-00-05 their
248,e07-105-01-00 results
248,e07-105-01-01 by
248,e07-105-01-02 buying
248,e07-105-01-04 small
248,e07-105-01-06 soil
248,e07-105-02-00 block
248,e07-105-02-01 maker
248,e07-105-02-02 and
248,e07-105-02-03 use
248,e07-105-02-04 the
248,e07-105-02-05 money
248,e07-105-02-06 saved
248,e07-105-02-07 on
248,e07-105-03-00 buying
248,e07-105-03-01 small
248,e07-105-03-02 pots
248,e07-105-03-03 to
248,e07-105-03-04 improve
248,e07-105-03-05 their
248,e07-105-04-00 The
248,e07-105-04-01 various
248,e07-105-04-02 types
248,e07-105-04-03 of
248,e07-105-04-04 small
248,e07-105-04-05 paper
248,e07-105-04-06 pots
248,e07-105-04-07 are
248,e07-105-04-08 very
248,e07-105-05-00 useful
248,e07-105-05-01 for
248,e07-105-05-05 but
248,e07-105-05-06 are
248,e07-105-06-01 to
248,e07-105-06-03 if
248,e07-105-06-04 the
248,e07-105-06-05 plants
248,e07-105-06-06 are
248,e07-105-06-07 in
248,e07-105-06-08 them
248,e07-105-07-00 too
248,e07-105-07-01 long
248,e07-108-00-00 They
248,e07-108-00-01 are
248,e07-108-00-03 quite
248,e07-108-00-04 useful
248,e07-108-00-05 for
248,e07-108-00-06 plants
248,e07-108-00-07 that
248,e07-108-00-08 are
248,e07-108-01-01 to
248,e07-108-01-02 market
248,e07-108-01-03 or
248,e07-108-01-04 direct
248,e07-108-01-05 to
248,e07-108-02-00 their
248,e07-108-02-02 making
248,e07-108-02-03 them
248,e07-108-02-05 to
248,e07-108-02-06 the
248,e07-108-03-02 there
248,e07-108-03-03 is
248,e07-108-03-04 also
248,e07-108-03-06 saving
248,e07-108-04-00 in
248,e07-108-04-02 costs
248,e07-108-04-03 because
248,e07-108-04-04 of
248,e07-108-04-05 their
248,e07-108-05-00 There
248,e07-108-05-01 are
248,e07-108-05-02 many
248,e07-108-05-03 types
248,e07-108-05-04 of
248,e07-108-05-05 plastic
248,e07-108-05-06 pots
248,e07-108-06-00 some
248,e07-108-06-03 some
248,e07-108-06-04 quite
248,e07-108-06-05 cheap
248,e07-108-06-07 some
248,e07-108-06-08 good
248,e07-108-07-00 and
248,e07-108-07-01 others
248,e07-108-07-02 not
248,e07-108-07-03 so
248,e07-108-07-04 good
248,e07-108-07-07 wide
248,e07-108-07-08 range
248,e07-108-07-09 of
248,e07-108-08-00 plants
248,e07-108-08-01 grow
248,e07-108-08-02 quite
248,e07-108-08-03 well
248,e07-108-08-04 in
248,e07-108-08-05 plastic
248,e07-108-08-06 pots
248,e07-108-08-07 and
248,e07-108-09-00 usually
248,e07-108-09-01 need
248,e07-108-09-02 less
248,e07-108-09-03 water
248,e07-108-09-04 than
248,e07-108-09-05 those
248,e07-108-09-06 in
248,e07-108-09-07 clay
248,e07-108-10-00 pots
248,e07-094-00-00 Soil
248,e07-094-00-01 blocks
248,e07-094-00-02 are
248,e07-094-00-04 the
248,e07-094-00-05 oldest
248,e07-094-00-07 to
248,e07-094-00-08 clay
248,e07-094-01-00 pots
248,e07-094-01-01 for
248,e07-094-01-02 plant
248,e07-094-01-03 raising
248,e07-094-01-05 These
248,e07-094-01-06 are
248,e07-094-01-08 blocks
248,e07-094-01-09 of
248,e07-094-02-00 compost
248,e07-094-02-02 made
248,e07-094-02-03 in
248,e07-094-02-06 devised
248,e07-094-02-07 press
248,e07-094-02-08 to
248,e07-094-03-01 roughly
248,e07-094-03-02 the
248,e07-094-03-03 shape
248,e07-094-03-04 and
248,e07-094-03-05 size
248,e07-094-03-06 of
248,e07-094-03-08 pot
248,e07-094-04-00 Usually
248,e07-094-04-02 or
248,e07-094-04-04 in
248,e07-094-04-05 shape
248,e07-094-04-07 they
248,e07-094-05-00 are
248,e07-094-05-01 made
248,e07-094-05-02 of
248,e07-094-05-03 the
248,e07-094-05-04 same
248,e07-094-05-05 compost
248,e07-094-05-06 as
248,e07-094-05-07 would
248,e07-094-05-08 have
248,e07-094-06-00 been
248,e07-094-06-01 used
248,e07-094-06-02 in
248,e07-094-06-04 pot
248,e07-094-06-06 the
248,e07-094-06-08 only
248,e07-094-06-10 being
248,e07-094-07-00 that
248,e07-094-07-01 it
248,e07-094-07-02 is
248,e07-094-07-03 used
248,e07-094-07-04 in
248,e07-094-07-07 moister
248,e07-101-00-00 One
248,e07-101-00-01 big
248,e07-101-00-03 of
248,e07-101-00-04 soil
248,e07-101-00-05 blocks
248,e07-101-00-06 is
248,e07-101-00-07 an
248,e07-101-00-08 obvious
248,e07-101-01-00 one
248,e07-101-01-02 the
248,e07-101-01-03 cost
248,e07-101-01-04 of
248,e07-101-01-06 pot
248,e07-101-01-07 of
248,e07-101-01-08 any
248,e07-101-01-10 is
248,e07-101-01-11 saved
248,e07-101-02-03 the
248,e07-101-02-04 block
248,e07-101-02-05 and
248,e07-101-03-00 it
248,e07-101-03-01 is
248,e07-101-03-02 very
248,e07-101-03-03 little
248,e07-101-03-04 more
248,e07-101-03-05 trouble
248,e07-101-03-06 than
248,e07-101-03-07 normal
248,e07-101-03-08 potting
248,e07-101-04-00 and
248,e07-101-04-03 plant
248,e07-101-04-05 which
248,e07-101-04-07 more
248,e07-101-05-00 easily
248,e07-101-05-02 is
248,e07-101-05-05 The
248,e07-101-05-06 obvious
248,e07-101-06-00 is
248,e07-101-06-01 that
248,e07-101-06-02 soil
248,e07-101-06-03 blocks
248,e07-101-06-04 can
248,e07-101-06-05 only
248,e07-101-06-06 be
248,e07-101-06-07 used
248,e07-101-06-08 for
248,e07-101-07-02 there
248,e07-101-07-03 can
248,e07-101-07-04 be
248,e07-101-07-05 no
248,e07-101-07-07 to
248,e07-101-08-00 larger
248,e07-101-08-01 block
248,e07-101-08-02 when
248,e07-101-08-03 the
248,e07-101-08-04 plant
248,e07-101-08-05 or
248,e07-101-08-07 is
248,e07-101-08-08 ready
248,e07-101-09-00 to
248,e07-101-09-01 be
248,e07-101-09-02 moved
248,e07-101-09-04 it
248,e07-101-09-05 must
248,e07-101-09-06 be
248,e07-101-09-07 planted
248,e07-101-09-08 out
248,e07-101-09-09 or
248,e07-101-10-00 potted
248,e07-098-00-00 Seed
248,e07-098-00-01 is
248,e07-098-00-02 sown
248,e07-098-00-04 or
248,e07-098-00-06 are
248,e07-098-00-07 pricked
248,e07-098-00-08 out
248,e07-098-00-09 into
248,e07-098-00-10 them
248,e07-098-01-00 in
248,e07-098-01-01 the
248,e07-098-01-02 normal
248,e07-098-01-03 way
248,e07-098-01-05 the
248,e07-098-01-06 only
248,e07-098-01-07 real
248,e07-098-02-00 being
248,e07-098-02-01 that
248,e07-098-02-02 more
248,e07-098-02-03 of
248,e07-098-02-04 the
248,e07-098-02-06 is
248,e07-098-02-07 done
248,e07-098-02-08 through
248,e07-098-03-00 rose
248,e07-098-03-01 to
248,e07-098-03-02 avoid
248,e07-098-03-04 the
248,e07-098-03-05 blocks
248,e07-098-03-06 with
248,e07-098-03-08 spout
248,e07-098-04-00 of
248,e07-098-04-01 water
248,e07-098-04-04 plants
248,e07-098-04-05 of
248,e07-098-05-02 marrows
248,e07-098-05-04 melons
248,e07-098-06-00 celery
248,e07-098-06-01 and
248,e07-098-06-02 onions
248,e07-098-06-04 may
248,e07-098-06-05 all
248,e07-098-06-06 be
248,e07-098-06-07 raised
248,e07-098-06-08 in
248,e07-098-06-09 soil
248,e07-098-07-00 blocks
248,e07-098-07-02 so
248,e07-098-07-03 can
248,e07-098-07-04 such
248,e07-098-07-06 plants
248,e07-098-07-07 as
248,e07-098-08-00 dahlias
248,e07-098-08-04 salvias
248,e07-098-08-06 sweet
248,e07-098-08-07 peas
248,e07-098-09-00 lupins
248,e07-098-09-01 and
248,e07-098-09-03 others
